  Log Name: System
  Source: Microsoft-Windows-Ntfs
  Date: 2017-05-30T16:51:52.560
  Event ID: 98
  Task: N/A
  Level: Information
  Opcode: Info
  Keyword: N/A
  User: S-1-5-18
  User Name: NT AUTHORITY\SYSTEM
  Computer: asus
  Description: 
Volume Western Digital Mar 2013 (\Device\HarddiskVolumeShadowCopy3) is healthy.  No action is needed.

Event[1026]:
  Log Name: System
  Source: Microsoft-Windows-Kernel-General
  Date: 2017-05-30T16:52:00.259
  Event ID: 15
  Task: N/A
  Level: Information
  Opcode: Info
  Keyword: N/A
  User: S-1-5-18
  User Name: NT AUTHORITY\SYSTEM
  Computer: asus
  Description: 
Hive \??\GLOBALROOT\Device\HarddiskVolumeShadowCopy3\WINDOWS\System32\config\SYSTEM was reorganized with a starting size of 13217792 bytes and an ending size of 13131776 bytes.

Event[1027]:
  Log Name: System
  Source: Microsoft-Windows-Kernel-General
  Date: 2017-05-30T16:52:00.265
  Event ID: 11
  Task: N/A
  Level: Information
  Opcode: Info
  Keyword: N/A
  User: S-1-5-18
  User Name: NT AUTHORITY\SYSTEM
  Computer: asus
  Description: 
TxR init phase for hive \??\GLOBALROOT\Device\HarddiskVolumeShadowCopy3\WINDOWS\System32\config\SYSTEM (TM: {2B350968-42F3-11E7-81D8-485B391076A8}, RM: {2B350967-42F3-11E7-81D8-485B391076A8}) finished with result=0xC00000A2 (Internal code=7).

Event[1028]:
  Log Name: System
  Source: Microsoft-Windows-Kernel-General
  Date: 2017-05-30T16:52:00.400
  Event ID: 11
  Task: N/A
  Level: Information
  Opcode: Info
  Keyword: N/A
  User: S-1-5-18
  User Name: NT AUTHORITY\SYSTEM
  Computer: asus
  Description: 
TxR init phase for hive \??\GLOBALROOT\Device\HarddiskVolumeShadowCopy3\WINDOWS\System32\config\DRIVERS (TM: {2B35096A-42F3-11E7-81D8-485B391076A8}, RM: {2B350969-42F3-11E7-81D8-485B391076A8}) finished with result=0xC00000A2 (Internal code=7).

Event[1029]:
  Log Name: System
  Source: Microsoft-Windows-Kernel-General
  Date: 2017-05-30T16:52:12.233
  Event ID: 15
  Task: N/A
  Level: Information
  Opcode: Info
  Keyword: N/A
  User: S-1-5-18
  User Name: NT AUTHORITY\SYSTEM
  Computer: asus
  Description: 
Hive \??\Volume{c5631e43-0000-0000-0000-600c00000000}\System Volume Information\SPP\SppCbsHiveStore\{cd42efe1-f6f1-427c-b004-033192c625a4}{F8305222-5A96-4CCD-96DB-D7FE0E6F9434} was reorganized with a starting size of 13217792 bytes and an ending size of 13131776 bytes.

Event[1030]:
  Log Name: System
  Source: Microsoft-Windows-Kernel-General
  Date: 2017-05-30T16:52:12.903
  Event ID: 16
  Task: N/A
  Level: Information
  Opcode: Info
  Keyword: N/A
  User: S-1-5-18
  User Name: NT AUTHORITY\SYSTEM
  Computer: asus
  Description: 
The access history in hive \??\Volume{c5631e43-0000-0000-0000-600c00000000}\System Volume Information\SPP\SppCbsHiveStore\{cd42efe1-f6f1-427c-b004-033192c625a4}{C7BA6E44-C5A4-4389-9FB9-830A8A8DB9B4} was cleared updating 73 keys and creating 8 modified pages.

Event[1031]:
  Log Name: System
  Source: Microsoft-Windows-Kernel-General
  Date: 2017-05-30T16:52:13.185
  Event ID: 16
  Task: N/A
  Level: Information
  Opcode: Info
  Keyword: N/A
  User: S-1-5-18
  User Name: NT AUTHORITY\SYSTEM
  Computer: asus
  Description: 
The access history in hive \??\Volume{c5631e43-0000-0000-0000-600c00000000}\System Volume Information\SPP\SppCbsHiveStore\{cd42efe1-f6f1-427c-b004-033192c625a4}{C68921F6-01AE-40D5-BDF9-114ABD49E54D} was cleared updating 103 keys and creating 6 modified pages.

Event[1032]:
  Log Name: System
  Source: Microsoft-Windows-Kernel-General
  Date: 2017-05-30T16:52:15.162
  Event ID: 15
  Task: N/A
  Level: Information
  Opcode: Info
  Keyword: N/A
  User: S-1-5-18
  User Name: NT AUTHORITY\SYSTEM
  Computer: asus
  Description: 
Hive \??\Volume{c5631e43-0000-0000-0000-600c00000000}\System Volume Information\SPP\SppCbsHiveStore\{cd42efe1-f6f1-427c-b004-033192c625a4}{9EE1D212-D512-4BA5-90D2-292A305E7B3B} was reorganized with a starting size of 11767808 bytes and an ending size of 11771904 bytes.

Event[1033]:
  Log Name: System
  Source: Microsoft-Windows-Kernel-General
  Date: 2017-05-30T16:52:15.494
  Event ID: 16
  Task: N/A
  Level: Information
  Opcode: Info
  Keyword: N/A
  User: S-1-5-18
  User Name: NT AUTHORITY\SYSTEM
  Computer: asus
  Description: 
The access history in hive \??\Volume{c5631e43-0000-0000-0000-600c00000000}\System Volume Information\SPP\SppCbsHiveStore\{cd42efe1-f6f1-427c-b004-033192c625a4}{7B7C7359-44A7-4B92-A640-7E6E49462BCE} was cleared updating 439 keys and creating 45 modified pages.

Event[1034]:
  Log Name: System
  Source: Microsoft-Windows-Kernel-General
  Date: 2017-05-30T16:52:19.385
  Event ID: 15
  Task: N/A
  Level: Information
  Opcode: Info
  Keyword: N/A
  User: S-1-5-18
  User Name: NT AUTHORITY\SYSTEM
  Computer: asus
  Description: 
Hive \??\Volume{c5631e43-0000-0000-0000-600c00000000}\System Volume Information\SPP\SppCbsHiveStore\{cd42efe1-f6f1-427c-b004-033192c625a4}{50AE59CF-8EB7-414B-AD7F-7848D89442AB} was reorganized with a starting size of 80683008 bytes and an ending size of 80203776 bytes.

Event[1035]:
  Log Name: System
  Source: BROWSER
  Date: 2017-05-30T17:09:48.453
  Event ID: 8033
  Task: N/A
  Level: Information
  Opcode: N/A
  Keyword: Classic
  User: N/A
  User Name: N/A
  Computer: asus
  Description: 
The browser has forced an election on network \Device\NetBT_Tcpip_{9BDEC3C0-593A-4153-9F03-5C10C29CCBFE} because a master browser was stopped.

Event[1036]:
  Log Name: System
  Source: Microsoft-Windows-Kernel-Power
  Date: 2017-05-30T17:09:47.939
  Event ID: 42
  Task: N/A
  Level: Information
  Opcode: Info
  Keyword: N/A
  User: N/A
  User Name: N/A
  Computer: asus
  Description: 
The system is entering sleep.

Sleep Reason: System Idle

Event[1037]:
  Log Name: System
  Source: Microsoft-Windows-Kernel-Power
  Date: 2017-05-30T17:09:48.967
  Event ID: 107
  Task: N/A
  Level: Information
  Opcode: Info
  Keyword: N/A
  User: N/A
  User Name: N/A
  Computer: asus
  Description: 
The system has resumed from sleep.

Event[1038]:
  Log Name: System
  Source: Microsoft-Windows-Kernel-General
  Date: 2017-05-30T17:36:54.500
  Event ID: 1
  Task: N/A
  Level: Information
  Opcode: Info
  Keyword: Time
  User: N/A
  User Name: N/A
  Computer: asus
  Description: 
The system time has changed to ?2017?-?05?-?30T15:36:54.500000000Z from ?2017?-?05?-?30T15:09:48.967271300Z.

Change Reason: System time synchronized with the hardware clock.

Event[1039]:
  Log Name: System
  Source: Microsoft-Windows-Power-Troubleshooter
  Date: 2017-05-30T17:37:10.074
  Event ID: 1
  Task: N/A
  Level: Information
  Opcode: Info
  Keyword: N/A
  User: S-1-5-19
  User Name: NT AUTHORITY\LOCAL SERVICE
  Computer: asus
  Description: 
The system has returned from a low power state.

Sleep Time: ?2017?-?05?-?30T15:09:47.251094500Z
Wake Time: ?2017?-?05?-?30T15:36:56.137670400Z

Wake Source: Device -USB Root Hub

Event[1040]:
  Log Name: System
  Source: Microsoft-Windows-DistributedCOM
  Date: 2017-05-30T17:43:54.477
  Event ID: 10016
  Task: N/A
  Level: Error
  Opcode: Info
  Keyword: Classic
  User: S-1-5-18
  User Name: NT AUTHORITY\SYSTEM
  Computer: asus
  Description: 
The application-specific permission settings do not grant Local Activation permission for the COM Server application with CLSID 
{D63B10C5-BB46-4990-A94F-E40B9D520160}
 and APPID 
{9CA88EE3-ACB7-47C8-AFC4-AB702511C276}
 to the user NT AUTHORITY\SYSTEM SID (S-1-5-18) from address LocalHost (Using LRPC) running in the application container Unavailable SID (Unavailable). This security permission can be modified using the Component Services administrative tool.

Event[1041]:
  Log Name: System
  Source: Microsoft-Windows-Time-Service
  Date: 2017-05-30T18:40:50.949
  Event ID: 37
  Task: N/A
  Level: Information
  Opcode: Info
  Keyword: N/A
  User: S-1-5-19
  User Name: NT AUTHORITY\LOCAL SERVICE
  Computer: asus
  Description: 
The time provider NtpClient is currently receiving valid time data from time.windows.com,0x9 (ntp.m|0x9|0.0.0.0:123->51.140.127.197:123).

Event[1042]:
  Log Name: System
  Source: Microsoft-Windows-Time-Service
  Date: 2017-05-30T18:40:50.954
  Event ID: 35
  Task: N/A
  Level: Information
  Opcode: Info
  Keyword: N/A
  User: S-1-5-19
  User Name: NT AUTHORITY\LOCAL SERVICE
  Computer: asus
  Description: 
The time service is now synchronizing the system time with the time source time.windows.com,0x9 (ntp.m|0x9|0.0.0.0:123->51.140.127.197:123).

Event[1043]:
  Log Name: System
  Source: BROWSER
  Date: 2017-05-30T19:04:23.460
  Event ID: 8033
  Task: N/A
  Level: Information
  Opcode: N/A
  Keyword: Classic
  User: N/A
  User Name: N/A
  Computer: asus
  Description: 
The browser has forced an election on network \Device\NetBT_Tcpip_{9BDEC3C0-593A-4153-9F03-5C10C29CCBFE} because a master browser was stopped.

Event[1044]:
  Log Name: System
  Source: Microsoft-Windows-Kernel-General
  Date: 2017-05-30T19:04:22.776
  Event ID: 1
  Task: N/A
  Level: Information
  Opcode: Info
  Keyword: Time
  User: S-1-5-19
  User Name: NT AUTHORITY\LOCAL SERVICE
  Computer: asus
  Description: 
The system time has changed to ?2017?-?05?-?30T17:04:22.776000000Z from ?2017?-?05?-?30T17:04:22.776806000Z.

Change Reason: An application or system component changed the time.

Event[1045]:
  Log Name: System
  Source: Microsoft-Windows-Kernel-Power
  Date: 2017-05-30T19:04:23.178
  Event ID: 42
  Task: N/A
  Level: Information
  Opcode: Info
  Keyword: N/A
  User: N/A
  User Name: N/A
  Computer: asus
  Description: 
The system is entering sleep.

Sleep Reason: System Idle

Event[1046]:
  Log Name: System
  Source: Microsoft-Windows-Kernel-Power
  Date: 2017-05-30T19:04:23.771
  Event ID: 107
  Task: N/A
  Level: Information
  Opcode: Info
  Keyword: N/A
  User: N/A
  User Name: N/A
  Computer: asus
  Description: 
The system has resumed from sleep.

Event[1047]:
  Log Name: System
  Source: Microsoft-Windows-Kernel-General
  Date: 2017-05-31T08:52:23.500
  Event ID: 1
  Task: N/A
  Level: Information
  Opcode: Info
  Keyword: Time
  User: N/A
  User Name: N/A
  Computer: asus
  Description: 
The system time has changed to ?2017?-?05?-?31T06:52:23.500000000Z from ?2017?-?05?-?30T17:04:23.772018700Z.

Change Reason: System time synchronized with the hardware clock.

Event[1048]:
  Log Name: System
  Source: Microsoft-Windows-Time-Service
  Date: 2017-05-31T08:52:25.135
  Event ID: 134
  Task: N/A
  Level: Warning
  Opcode: Info
  Keyword: N/A
  User: S-1-5-19
  User Name: NT AUTHORITY\LOCAL SERVICE
  Computer: asus
  Description: 
NtpClient was unable to set a manual peer to use as a time source because of DNS resolution error on 'time.windows.com,0x9'. NtpClient will try again in 15 minutes and double the reattempt interval thereafter. The error was: No such host is known. (0x80072AF9)

Event[1049]:
  Log Name: System
  Source: Microsoft-Windows-Time-Service
  Date: 2017-05-31T08:52:26.743
  Event ID: 134
  Task: N/A
  Level: Warning
  Opcode: Info
  Keyword: N/A
  User: S-1-5-19
  User Name: NT AUTHORITY\LOCAL SERVICE
  Computer: asus
  Description: 
NtpClient was unable to set a manual peer to use as a time source because of DNS resolution error on 'time.windows.com,0x9'. NtpClient will try again in 15 minutes and double the reattempt interval thereafter. The error was: No such host is known. (0x80072AF9)

Event[1050]:
  Log Name: System
  Source: Microsoft-Windows-Time-Service
  Date: 2017-05-31T08:52:33.176
  Event ID: 37
  Task: N/A
  Level: Information
  Opcode: Info
  Keyword: N/A
  User: S-1-5-19
  User Name: NT AUTHORITY\LOCAL SERVICE
  Computer: asus
  Description: 
The time provider NtpClient is currently receiving valid time data from time.windows.com,0x9 (ntp.m|0x9|0.0.0.0:123->51.140.127.197:123).

Event[1051]:
  Log Name: System
  Source: Microsoft-Windows-DistributedCOM
  Date: 2017-05-31T08:52:35.378
  Event ID: 10016
  Task: N/A
  Level: Error
  Opcode: Info
  Keyword: Classic
  User: S-1-5-18
  User Name: NT AUTHORITY\SYSTEM
  Computer: asus
  Description: 
The application-specific permission settings do not grant Local Activation permission for the COM Server application with CLSID 
{D63B10C5-BB46-4990-A94F-E40B9D520160}
 and APPID 
{9CA88EE3-ACB7-47C8-AFC4-AB702511C276}
 to the user NT AUTHORITY\SYSTEM SID (S-1-5-18) from address LocalHost (Using LRPC) running in the application container Unavailable SID (Unavailable). This security permission can be modified using the Component Services administrative tool.

Event[1052]:
  Log Name: System
  Source: Microsoft-Windows-DNS-Client
  Date: 2017-05-31T08:52:43.038
  Event ID: 1014
  Task: N/A
  Level: Warning
  Opcode: Info
  Keyword: N/A
  User: S-1-5-20
  User Name: NT AUTHORITY\NETWORK SERVICE
  Computer: asus
  Description: 
Name resolution for the name win10.ipv6.microsoft.com. timed out after none of the configured DNS servers responded.

Event[1053]:
  Log Name: System
  Source: Microsoft-Windows-WindowsUpdateClient
  Date: 2017-05-31T08:55:35.684
  Event ID: 44
  Task: Windows Update Agent
  Level: Information
  Opcode: Download
  Keyword: Download,Started
  User: S-1-5-18
  User Name: NT AUTHORITY\SYSTEM
  Computer: asus
  Description: 
Windows Update started downloading an update.

Event[1054]:
  Log Name: System
  Source: Microsoft-Windows-WindowsUpdateClient
  Date: 2017-05-31T08:55:35.684
  Event ID: 44
  Task: Windows Update Agent
  Level: Information
  Opcode: Download
  Keyword: Download,Started
  User: S-1-5-18
  User Name: NT AUTHORITY\SYSTEM
  Computer: asus
  Description: 
Windows Update started downloading an update.

Event[1055]:
  Log Name: System
  Source: Microsoft-Windows-WindowsUpdateClient
  Date: 2017-05-31T08:55:41.050
  Event ID: 44
  Task: Windows Update Agent
  Level: Information
  Opcode: Download
  Keyword: Download,Started
  User: S-1-5-18
  User Name: NT AUTHORITY\SYSTEM
  Computer: asus
  Description: 
Windows Update started downloading an update.

Event[1056]:
  Log Name: System
  Source: Microsoft-Windows-Kernel-General
  Date: 2017-05-31T08:56:09.184
  Event ID: 16
  Task: N/A
  Level: Information
  Opcode: Info
  Keyword: N/A
  User: S-1-5-18
  User Name: NT AUTHORITY\SYSTEM
  Computer: asus
  Description: 
The access history in hive \??\C:\ProgramData\Microsoft\Windows\AppRepository\Packages\Microsoft.WindowsAlarms_10.1705.1452.0_x64__8wekyb3d8bbwe\ActivationStore.dat was cleared updating 0 keys and creating 0 modified pages.

Event[1057]:
  Log Name: System
  Source: Microsoft-Windows-Kernel-General
  Date: 2017-05-31T08:56:09.185
  Event ID: 16
  Task: N/A
  Level: Information
  Opcode: Info
  Keyword: N/A
  User: S-1-5-18
  User Name: NT AUTHORITY\SYSTEM
  Computer: asus
  Description: 
The access history in hive \??\C:\ProgramData\Microsoft\Windows\AppRepository\Packages\TuneIn.TuneInRadio_3.1.3410.0_x64__6bhtb546zcxnj\ActivationStore.dat was cleared updating 0 keys and creating 0 modified pages.

Event[1058]:
  Log Name: System
  Source: Microsoft-Windows-Kernel-General
  Date: 2017-05-31T08:56:15.266
  Event ID: 16
  Task: N/A
  Level: Information
  Opcode: Info
  Keyword: N/A
  User: S-1-5-18
  User Name: NT AUTHORITY\SYSTEM
  Computer: asus
  Description: 
The access history in hive \??\C:\ProgramData\Microsoft\Windows\AppRepository\Packages\TuneIn.TuneInRadio_3.1.3410.0_x64__6bhtb546zcxnj\ActivationStore.dat was cleared updating 0 keys and creating 0 modified pages.

Event[1059]:
  Log Name: System
  Source: Microsoft-Windows-Kernel-General
  Date: 2017-05-31T08:56:16.636
  Event ID: 16
  Task: N/A
  Level: Information
  Opcode: Info
  Keyword: N/A
  User: S-1-5-18
  User Name: NT AUTHORITY\SYSTEM
  Computer: asus
  Description: 
The access history in hive \??\C:\ProgramData\Microsoft\Windows\AppRepository\Packages\Microsoft.WindowsAlarms_10.1705.1452.0_x64__8wekyb3d8bbwe\ActivationStore.dat was cleared updating 0 keys and creating 0 modified pages.

Event[1060]:
  Log Name: System
  Source: Microsoft-Windows-Kernel-General
  Date: 2017-05-31T08:56:18.302
  Event ID: 16
  Task: N/A
  Level: Information
  Opcode: Info
  Keyword: N/A
  User: S-1-5-21-2727687409-414627687-575682064-1001
  User Name: ASUS\dypcdiver
  Computer: asus
  Description: 
The access history in hive \??\C:\Users\dypcdiver\AppData\Local\Packages\TuneIn.TuneInRadio_6bhtb546zcxnj\Settings\settings.dat was cleared updating 3 keys and creating 1 modified pages.

Event[1061]:
  Log Name: System
  Source: Microsoft-Windows-WindowsUpdateClient
  Date: 2017-05-31T08:56:21.544
  Event ID: 43
  Task: Windows Update Agent
  Level: Information
  Opcode: Installation
  Keyword: Installation,Started
  User: S-1-5-18
  User Name: NT AUTHORITY\SYSTEM
  Computer: asus
  Description: 
Installation Started: Windows has started installing the following update: TuneIn Radio

Event[1062]:
  Log Name: System
  Source: Microsoft-Windows-Kernel-General
  Date: 2017-05-31T08:56:24.022
  Event ID: 16
  Task: N/A
  Level: Information
  Opcode: Info
  Keyword: N/A
  User: S-1-5-21-2727687409-414627687-575682064-1001
  User Name: ASUS\dypcdiver
  Computer: asus
  Description: 
The access history in hive \??\C:\Users\dypcdiver\AppData\Local\Packages\Microsoft.WindowsAlarms_8wekyb3d8bbwe\Settings\settings.dat was cleared updating 7 keys and creating 1 modified pages.

Event[1063]:
  Log Name: System
  Source: Microsoft-Windows-WindowsUpdateClient
  Date: 2017-05-31T08:56:27.795
  Event ID: 19
  Task: Windows Update Agent
  Level: Information
  Opcode: Installation
  Keyword: Installation,Success
  User: S-1-5-18
  User Name: NT AUTHORITY\SYSTEM
  Computer: asus
  Description: 
Installation Successful: Windows successfully installed the following update: TuneIn Radio

Event[1064]:
  Log Name: System
  Source: Microsoft-Windows-WindowsUpdateClient
  Date: 2017-05-31T08:56:27.795
  Event ID: 43
  Task: Windows Update Agent
  Level: Information
  Opcode: Installation
  Keyword: Installation,Started
  User: S-1-5-18
  User Name: NT AUTHORITY\SYSTEM
  Computer: asus
  Description: 
Installation Started: Windows has started installing the following update: Windows Alarms & Clock

Event[1065]:
  Log Name: System
  Source: Microsoft-Windows-WindowsUpdateClient
  Date: 2017-05-31T08:56:27.795
  Event ID: 19
  Task: Windows Update Agent
  Level: Information
  Opcode: Installation
  Keyword: Installation,Success
  User: S-1-5-18
  User Name: NT AUTHORITY\SYSTEM
  Computer: asus
  Description: 
Installation Successful: Windows successfully installed the following update: Windows Alarms & Clock

Event[1066]:
  Log Name: System
  Source: Microsoft-Windows-Kernel-General
  Date: 2017-05-31T08:58:04.798
  Event ID: 16
  Task: N/A
  Level: Information
  Opcode: Info
  Keyword: N/A
  User: S-1-5-18
  User Name: NT AUTHORITY\SYSTEM
  Computer: asus
  Description: 
The access history in hive \??\C:\ProgramData\Microsoft\Windows\AppRepository\Packages\Microsoft.MicrosoftOfficeHub_17.8225.5925.0_x64__8wekyb3d8bbwe\ActivationStore.dat was cleared updating 0 keys and creating 0 modified pages.

Event[1067]:
  Log Name: System
  Source: Microsoft-Windows-Kernel-General
  Date: 2017-05-31T08:58:06.029
  Event ID: 16
  Task: N/A
  Level: Information
  Opcode: Info
  Keyword: N/A
  User: S-1-5-21-2727687409-414627687-575682064-1001
  User Name: ASUS\dypcdiver
  Computer: asus
  Description: 
The access history in hive \??\C:\Users\dypcdiver\AppData\Local\Packages\Microsoft.MicrosoftOfficeHub_8wekyb3d8bbwe\Settings\settings.dat was cleared updating 2 keys and creating 1 modified pages.

Event[1068]:
  Log Name: System
  Source: Microsoft-Windows-WindowsUpdateClient
  Date: 2017-05-31T08:58:10.364
  Event ID: 43
  Task: Windows Update Agent
  Level: Information
  Opcode: Installation
  Keyword: Installation,Started
  User: S-1-5-18
  User Name: NT AUTHORITY\SYSTEM
  Computer: asus
  Description: 
Installation Started: Windows has started installing the following update: Get Office

Event[1069]:
  Log Name: System
  Source: Microsoft-Windows-WindowsUpdateClient
  Date: 2017-05-31T08:58:10.364
  Event ID: 19
  Task: Windows Update Agent
  Level: Information
  Opcode: Installation
  Keyword: Installation,Success
  User: S-1-5-18
  User Name: NT AUTHORITY\SYSTEM
  Computer: asus
  Description: 
Installation Successful: Windows successfully installed the following update: Get Office

Event[1070]:
  Log Name: System
  Source: Service Control Manager
  Date: 2017-05-31T09:18:16.157
  Event ID: 7040
  Task: N/A
  Level: Information
  Opcode: N/A
  Keyword: Classic
  User: S-1-5-18
  User Name: NT AUTHORITY\SYSTEM
  Computer: asus
  Description: 
The start type of the Background Intelligent Transfer Service service was changed from demand start to auto start.

Event[1071]:
  Log Name: System
  Source: Service Control Manager
  Date: 2017-05-31T09:20:18.656
  Event ID: 7040
  Task: N/A
  Level: Information
  Opcode: N/A
  Keyword: Classic
  User: S-1-5-18
  User Name: NT AUTHORITY\SYSTEM
  Computer: asus
  Description: 
The start type of the Background Intelligent Transfer Service service was changed from auto start to demand start.

Event[1072]:
  Log Name: System
  Source: EventLog
  Date: 2017-05-31T11:59:59.731
  Event ID: 6013
  Task: N/A
  Level: Information
  Opcode: N/A
  Keyword: Classic
  User: N/A
  User Name: N/A
  Computer: asus
  Description: 
The system uptime is 1367652 seconds.

Event[1073]:
  Log Name: System
  Source: EventLog
  Date: 2017-05-31T12:00:00.734
  Event ID: 6013
  Task: N/A
  Level: Information
  Opcode: N/A
  Keyword: Classic
  User: N/A
  User Name: N/A
  Computer: asus
  Description: 
The system uptime is 1367653 seconds.

Event[1074]:
  Log Name: System
  Source: BROWSER
  Date: 2017-05-31T12:24:46.430
  Event ID: 8033
  Task: N/A
  Level: Information
  Opcode: N/A
  Keyword: Classic
  User: N/A
  User Name: N/A
  Computer: asus
  Description: 
The browser has forced an election on network \Device\NetBT_Tcpip_{9BDEC3C0-593A-4153-9F03-5C10C29CCBFE} because a master browser was stopped.

Event[1075]:
  Log Name: System
  Source: Microsoft-Windows-Kernel-General
  Date: 2017-05-31T12:24:45.708
  Event ID: 1
  Task: N/A
  Level: Information
  Opcode: Info
  Keyword: Time
  User: S-1-5-19
  User Name: NT AUTHORITY\LOCAL SERVICE
  Computer: asus
  Description: 
The system time has changed to ?2017?-?05?-?31T10:24:45.717000000Z from ?2017?-?05?-?31T10:24:45.725439100Z.

Change Reason: An application or system component changed the time.

Event[1076]:
  Log Name: System
  Source: Microsoft-Windows-Kernel-Power
  Date: 2017-05-31T12:24:46.049
  Event ID: 42
  Task: N/A
  Level: Information
  Opcode: Info
  Keyword: N/A
  User: N/A
  User Name: N/A
  Computer: asus
  Description: 
The system is entering sleep.

Sleep Reason: Application API

Event[1077]:
  Log Name: System
  Source: Microsoft-Windows-Kernel-Power
  Date: 2017-05-31T12:24:46.772
  Event ID: 107
  Task: N/A
  Level: Information
  Opcode: Info
  Keyword: N/A
  User: N/A
  User Name: N/A
  Computer: asus
  Description: 
The system has resumed from sleep.

Event[1078]:
  Log Name: System
  Source: Microsoft-Windows-Kernel-General
  Date: 2017-05-31T13:19:10.500
  Event ID: 1
  Task: N/A
  Level: Information
  Opcode: Info
  Keyword: Time
  User: N/A
  User Name: N/A
  Computer: asus
  Description: 
The system time has changed to ?2017?-?05?-?31T11:19:10.500000000Z from ?2017?-?05?-?31T10:24:46.772842500Z.

Change Reason: System time synchronized with the hardware clock.

Event[1079]:
  Log Name: System
  Source: Microsoft-Windows-DistributedCOM
  Date: 2017-05-31T13:19:21.121
  Event ID: 10016
  Task: N/A
  Level: Error
  Opcode: Info
  Keyword: Classic
  User: S-1-5-18
  User Name: NT AUTHORITY\SYSTEM
  Computer: asus
  Description: 
The application-specific permission settings do not grant Local Activation permission for the COM Server application with CLSID 
{D63B10C5-BB46-4990-A94F-E40B9D520160}
 and APPID 
{9CA88EE3-ACB7-47C8-AFC4-AB702511C276}
 to the user NT AUTHORITY\SYSTEM SID (S-1-5-18) from address LocalHost (Using LRPC) running in the application container Unavailable SID (Unavailable). This security permission can be modified using the Component Services administrative tool.

Event[1080]:
  Log Name: System
  Source: Microsoft-Windows-Power-Troubleshooter
  Date: 2017-05-31T13:19:25.858
  Event ID: 1
  Task: N/A
  Level: Information
  Opcode: Info
  Keyword: N/A
  User: S-1-5-19
  User Name: NT AUTHORITY\LOCAL SERVICE
  Computer: asus
  Description: 
The system has returned from a low power state.

Sleep Time: ?2017?-?05?-?31T10:24:45.015695600Z
Wake Time: ?2017?-?05?-?31T11:19:12.130677400Z

Wake Source: Device -USB Root Hub

Event[1081]:
  Log Name: System
  Source: BROWSER
  Date: 2017-05-31T13:53:22.107
  Event ID: 8033
  Task: N/A
  Level: Information
  Opcode: N/A
  Keyword: Classic
  User: N/A
  User Name: N/A
  Computer: asus
  Description: 
The browser has forced an election on network \Device\NetBT_Tcpip_{9BDEC3C0-593A-4153-9F03-5C10C29CCBFE} because a master browser was stopped.

Event[1082]:
  Log Name: System
  Source: Microsoft-Windows-Kernel-Power
  Date: 2017-05-31T13:53:21.706
  Event ID: 42
  Task: N/A
  Level: Information
  Opcode: Info
  Keyword: N/A
  User: N/A
  User Name: N/A
  Computer: asus
  Description: 
The system is entering sleep.

Sleep Reason: Application API

Event[1083]:
  Log Name: System
  Source: Microsoft-Windows-Kernel-Power
  Date: 2017-05-31T13:53:22.875
  Event ID: 107
  Task: N/A
  Level: Information
  Opcode: Info
  Keyword: N/A
  User: N/A
  User Name: N/A
  Computer: asus
  Description: 
The system has resumed from sleep.

Event[1084]:
  Log Name: System
  Source: Microsoft-Windows-Kernel-General
  Date: 2017-06-01T08:15:01.500
  Event ID: 1
  Task: N/A
  Level: Information
  Opcode: Info
  Keyword: Time
  User: N/A
  User Name: N/A
  Computer: asus
  Description: 
The system time has changed to ?2017?-?06?-?01T06:15:01.500000000Z from ?2017?-?05?-?31T11:53:22.875960800Z.

Change Reason: System time synchronized with the hardware clock.

Event[1085]:
  Log Name: System
  Source: Microsoft-Windows-Time-Service
  Date: 2017-06-01T08:15:02.253
  Event ID: 134
  Task: N/A
  Level: Warning
  Opcode: Info
  Keyword: N/A
  User: S-1-5-19
  User Name: NT AUTHORITY\LOCAL SERVICE
  Computer: asus
  Description: 
NtpClient was unable to set a manual peer to use as a time source because of DNS resolution error on 'time.windows.com,0x9'. NtpClient will try again in 15 minutes and double the reattempt interval thereafter. The error was: No such host is known. (0x80072AF9)

Event[1086]:
  Log Name: System
  Source: Microsoft-Windows-Time-Service
  Date: 2017-06-01T08:15:07.332
  Event ID: 134
  Task: N/A
  Level: Warning
  Opcode: Info
  Keyword: N/A
  User: S-1-5-19
  User Name: NT AUTHORITY\LOCAL SERVICE
  Computer: asus
  Description: 
NtpClient was unable to set a manual peer to use as a time source because of DNS resolution error on 'time.windows.com,0x9'. NtpClient will try again in 15 minutes and double the reattempt interval thereafter. The error was: No such host is known. (0x80072AF9)

Event[1087]:
  Log Name: System
  Source: Microsoft-Windows-Time-Service
  Date: 2017-06-01T08:15:17.280
  Event ID: 37
  Task: N/A
  Level: Information
  Opcode: Info
  Keyword: N/A
  User: S-1-5-19
  User Name: NT AUTHORITY\LOCAL SERVICE
  Computer: asus
  Description: 
The time provider NtpClient is currently receiving valid time data from time.windows.com,0x9 (ntp.m|0x9|0.0.0.0:123->51.141.32.51:123).

Event[1088]:
  Log Name: System
  Source: Microsoft-Windows-Time-Service
  Date: 2017-06-01T08:15:18.272
  Event ID: 35
  Task: N/A
  Level: Information
  Opcode: Info
  Keyword: N/A
  User: S-1-5-19
  User Name: NT AUTHORITY\LOCAL SERVICE
  Computer: asus
  Description: 
The time service is now synchronizing the system time with the time source time.windows.com,0x9 (ntp.m|0x9|0.0.0.0:123->51.141.32.51:123).

Event[1089]:
  Log Name: System
  Source: Microsoft-Windows-Power-Troubleshooter
  Date: 2017-06-01T08:15:19.699
  Event ID: 1
  Task: N/A
  Level: Information
  Opcode: Info
  Keyword: N/A
  User: S-1-5-19
  User Name: NT AUTHORITY\LOCAL SERVICE
  Computer: asus
  Description: 
The system has returned from a low power state.

Sleep Time: ?2017?-?05?-?31T11:53:20.908443400Z
Wake Time: ?2017?-?06?-?01T06:15:16.044326200Z

Wake Source: Device -USB Root Hub

Event[1090]:
  Log Name: System
  Source: Microsoft-Windows-DistributedCOM
  Date: 2017-06-01T08:15:23.252
  Event ID: 10016
  Task: N/A
  Level: Error
  Opcode: Info
  Keyword: Classic
  User: S-1-5-18
  User Name: NT AUTHORITY\SYSTEM
  Computer: asus
  Description: 
The application-specific permission settings do not grant Local Activation permission for the COM Server application with CLSID 
{D63B10C5-BB46-4990-A94F-E40B9D520160}
 and APPID 
{9CA88EE3-ACB7-47C8-AFC4-AB702511C276}
 to the user NT AUTHORITY\SYSTEM SID (S-1-5-18) from address LocalHost (Using LRPC) running in the application container Unavailable SID (Unavailable). This security permission can be modified using the Component Services administrative tool.

Event[1091]:
  Log Name: System
  Source: Service Control Manager
  Date: 2017-06-01T08:18:05.472
  Event ID: 7040
  Task: N/A
  Level: Information
  Opcode: N/A
  Keyword: Classic
  User: S-1-5-18
  User Name: NT AUTHORITY\SYSTEM
  Computer: asus
  Description: 
The start type of the Background Intelligent Transfer Service service was changed from demand start to auto start.

Event[1092]:
  Log Name: System
  Source: Service Control Manager
  Date: 2017-06-01T08:18:12.169
  Event ID: 7045
  Task: N/A
  Level: Information
  Opcode: N/A
  Keyword: Classic
  User: S-1-5-21-2727687409-414627687-575682064-1001
  User Name: ASUS\dypcdiver
  Computer: asus
  Description: 
A service was installed in the system.

Service Name:  WinRing0_1_2_0
Service File Name:  C:\Program Files (x86)\Hewlett-Packard\HP Support Framework\Resources\HPActiveHealth\ActiveHealth.sys
Service Type:  kernel mode driver
Service Start Type:  demand start
Service Account:  

Event[1093]:
  Log Name: System
  Source: Microsoft-Windows-WindowsUpdateClient
  Date: 2017-06-01T08:18:26.362
  Event ID: 44
  Task: Windows Update Agent
  Level: Information
  Opcode: Download
  Keyword: Download,Started
  User: S-1-5-18
  User Name: NT AUTHORITY\SYSTEM
  Computer: asus
  Description: 
Windows Update started downloading an update.

Event[1094]:
  Log Name: System
  Source: Microsoft-Windows-WindowsUpdateClient
  Date: 2017-06-01T08:18:26.362
  Event ID: 44
  Task: Windows Update Agent
  Level: Information
  Opcode: Download
  Keyword: Download,Started
  User: S-1-5-18
  User Name: NT AUTHORITY\SYSTEM
  Computer: asus
  Description: 
Windows Update started downloading an update.

Event[1095]:
  Log Name: System
  Source: Microsoft-Windows-Kernel-General
  Date: 2017-06-01T08:19:20.185
  Event ID: 16
  Task: N/A
  Level: Information
  Opcode: Info
  Keyword: N/A
  User: S-1-5-18
  User Name: NT AUTHORITY\SYSTEM
  Computer: asus
  Description: 
The access history in hive \??\C:\ProgramData\Microsoft\Windows\AppRepository\Packages\Microsoft.ZuneMusic_10.17042.14111.0_x64__8wekyb3d8bbwe\ActivationStore.dat was cleared updating 0 keys and creating 0 modified pages.

Event[1096]:
  Log Name: System
  Source: Microsoft-Windows-Kernel-General
  Date: 2017-06-01T08:19:22.275
  Event ID: 16
  Task: N/A
  Level: Information
  Opcode: Info
  Keyword: N/A
  User: S-1-5-18
  User Name: NT AUTHORITY\SYSTEM
  Computer: asus
  Description: 
The access history in hive \??\C:\ProgramData\Microsoft\Windows\AppRepository\Packages\Microsoft.ZuneVideo_10.17042.14211.0_x64__8wekyb3d8bbwe\ActivationStore.dat was cleared updating 0 keys and creating 0 modified pages.

Event[1097]:
  Log Name: System
  Source: Microsoft-Windows-Kernel-General
  Date: 2017-06-01T08:19:25.507
  Event ID: 16
  Task: N/A
  Level: Information
  Opcode: Info
  Keyword: N/A
  User: S-1-5-21-2727687409-414627687-575682064-1001
  User Name: ASUS\dypcdiver
  Computer: asus
  Description: 
The access history in hive \??\C:\Users\dypcdiver\AppData\Local\Packages\Microsoft.ZuneMusic_8wekyb3d8bbwe\Settings\settings.dat was cleared updating 1 keys and creating 1 modified pages.

Event[1098]:
  Log Name: System
  Source: Microsoft-Windows-WindowsUpdateClient
  Date: 2017-06-01T08:19:27.925
  Event ID: 43
  Task: Windows Update Agent
  Level: Information
  Opcode: Installation
  Keyword: Installation,Started
  User: S-1-5-18
  User Name: NT AUTHORITY\SYSTEM
  Computer: asus
  Description: 
Installation Started: Windows has started installing the following update: Groove Music

Event[1099]:
  Log Name: System
  Source: Microsoft-Windows-Kernel-General
  Date: 2017-06-01T08:19:30.484
  Event ID: 16
  Task: N/A
  Level: Information
  Opcode: Info
  Keyword: N/A
  User: S-1-5-21-2727687409-414627687-575682064-1001
  User Name: ASUS\dypcdiver
  Computer: asus
  Description: 
The access history in hive \??\C:\Users\dypcdiver\AppData\Local\Packages\Microsoft.ZuneVideo_8wekyb3d8bbwe\Settings\settings.dat was cleared updating 1 keys and creating 1 modified pages.

Event[1100]:
  Log Name: System
  Source: Microsoft-Windows-WindowsUpdateClient
  Date: 2017-06-01T08:19:34.365
  Event ID: 19
  Task: Windows Update Agent
  Level: Information
  Opcode: Installation
  Keyword: Installation,Success
  User: S-1-5-18
  User Name: NT AUTHORITY\SYSTEM
  Computer: asus
  Description: 
Installation Successful: Windows successfully installed the following update: Groove Music

Event[1101]:
  Log Name: System
  Source: Microsoft-Windows-WindowsUpdateClient
  Date: 2017-06-01T08:19:34.365
  Event ID: 43
  Task: Windows Update Agent
  Level: Information
  Opcode: Installation
  Keyword: Installation,Started
  User: S-1-5-18
  User Name: NT AUTHORITY\SYSTEM
  Computer: asus
  Description: 
Installation Started: Windows has started installing the following update: Movies & TV

Event[1102]:
  Log Name: System
  Source: Microsoft-Windows-WindowsUpdateClient
  Date: 2017-06-01T08:19:34.365
  Event ID: 19
  Task: Windows Update Agent
  Level: Information
  Opcode: Installation
  Keyword: Installation,Success
  User: S-1-5-18
  User Name: NT AUTHORITY\SYSTEM
  Computer: asus
  Description: 
Installation Successful: Windows successfully installed the following update: Movies & TV

Event[1103]:
  Log Name: System
  Source: Service Control Manager
  Date: 2017-06-01T08:20:10.339
  Event ID: 7040
  Task: N/A
  Level: Information
  Opcode: N/A
  Keyword: Classic
  User: S-1-5-18
  User Name: NT AUTHORITY\SYSTEM
  Computer: asus
  Description: 
The start type of the Background Intelligent Transfer Service service was changed from auto start to demand start.

Event[1104]:
  Log Name: System
  Source: BROWSER
  Date: 2017-06-01T08:30:14.223
  Event ID: 8033
  Task: N/A
  Level: Information
  Opcode: N/A
  Keyword: Classic
  User: N/A
  User Name: N/A
  Computer: asus
  Description: 
The browser has forced an election on network \Device\NetBT_Tcpip_{9BDEC3C0-593A-4153-9F03-5C10C29CCBFE} because a master browser was stopped.

Event[1105]:
  Log Name: System
  Source: Microsoft-Windows-Kernel-General
  Date: 2017-06-01T08:30:13.361
  Event ID: 1
  Task: N/A
  Level: Information
  Opcode: Info
  Keyword: Time
  User: S-1-5-19
  User Name: NT AUTHORITY\LOCAL SERVICE
  Computer: asus
  Description: 
The system time has changed to ?2017?-?06?-?01T06:30:13.362000000Z from ?2017?-?06?-?01T06:30:13.364007500Z.

Change Reason: An application or system component changed the time.

Event[1106]:
  Log Name: System
  Source: Microsoft-Windows-Kernel-Power
  Date: 2017-06-01T08:30:13.887
  Event ID: 42
  Task: N/A
  Level: Information
  Opcode: Info
  Keyword: N/A
  User: N/A
  User Name: N/A
  Computer: asus
  Description: 
The system is entering sleep.

Sleep Reason: Application API

Event[1107]:
  Log Name: System
  Source: Microsoft-Windows-Kernel-Power
  Date: 2017-06-01T08:30:14.878
  Event ID: 107
  Task: N/A
  Level: Information
  Opcode: Info
  Keyword: N/A
  User: N/A
  User Name: N/A
  Computer: asus
  Description: 
The system has resumed from sleep.

Event[1108]:
  Log Name: System
  Source: Microsoft-Windows-Kernel-General
  Date: 2017-06-01T11:40:05.500
  Event ID: 1
  Task: N/A
  Level: Information
  Opcode: Info
  Keyword: Time
  User: N/A
  User Name: N/A
  Computer: asus
  Description: 
The system time has changed to ?2017?-?06?-?01T09:40:05.500000000Z from ?2017?-?06?-?01T06:30:14.878823000Z.

Change Reason: System time synchronized with the hardware clock.

Event[1109]:
  Log Name: System
  Source: Microsoft-Windows-Kernel-General
  Date: 2017-06-01T11:40:07.053
  Event ID: 1
  Task: N/A
  Level: Information
  Opcode: Info
  Keyword: Time
  User: N/A
  User Name: N/A
  Computer: asus
  Description: 
The system time has changed to ?2017?-?06?-?01T09:40:07.066000000Z from ?2017?-?06?-?01T09:40:07.079048000Z.

Change Reason: An application or system component changed the time.

Event[1110]:
  Log Name: System
  Source: Microsoft-Windows-DistributedCOM
  Date: 2017-06-01T11:40:19.725
  Event ID: 10016
  Task: N/A
  Level: Error
  Opcode: Info
  Keyword: Classic
  User: S-1-5-18
  User Name: NT AUTHORITY\SYSTEM
  Computer: asus
  Description: 
The application-specific permission settings do not grant Local Activation permission for the COM Server application with CLSID 
{D63B10C5-BB46-4990-A94F-E40B9D520160}
 and APPID 
{9CA88EE3-ACB7-47C8-AFC4-AB702511C276}
 to the user NT AUTHORITY\SYSTEM SID (S-1-5-18) from address LocalHost (Using LRPC) running in the application container Unavailable SID (Unavailable). This security permission can be modified using the Component Services administrative tool.

Event[1111]:
  Log Name: System
  Source: Microsoft-Windows-Power-Troubleshooter
  Date: 2017-06-01T11:40:22.424
  Event ID: 1
  Task: N/A
  Level: Information
  Opcode: Info
  Keyword: N/A
  User: S-1-5-19
  User Name: NT AUTHORITY\LOCAL SERVICE
  Computer: asus
  Description: 
The system has returned from a low power state.

Sleep Time: ?2017?-?06?-?01T06:30:12.609020100Z
Wake Time: ?2017?-?06?-?01T09:40:07.078127700Z

Wake Source: Device -USB Root Hub

Event[1112]:
  Log Name: System
  Source: Service Control Manager
  Date: 2017-06-01T11:43:06.097
  Event ID: 7040
  Task: N/A
  Level: Information
  Opcode: N/A
  Keyword: Classic
  User: S-1-5-18
  User Name: NT AUTHORITY\SYSTEM
  Computer: asus
  Description: 
The start type of the Background Intelligent Transfer Service service was changed from demand start to auto start.

Event[1113]:
  Log Name: System
  Source: Service Control Manager
  Date: 2017-06-01T11:45:21.627
  Event ID: 7040
  Task: N/A
  Level: Information
  Opcode: N/A
  Keyword: Classic
  User: S-1-5-18
  User Name: NT AUTHORITY\SYSTEM
  Computer: asus
  Description: 
The start type of the Background Intelligent Transfer Service service was changed from auto start to demand start.

Event[1114]:
  Log Name: System
  Source: EventLog
  Date: 2017-06-01T12:00:00.082
  Event ID: 6013
  Task: N/A
  Level: Information
  Opcode: N/A
  Keyword: Classic
  User: N/A
  User Name: N/A
  Computer: asus
  Description: 
The system uptime is 1454053 seconds.

Event[1115]:
  Log Name: System
  Source: BROWSER
  Date: 2017-06-01T12:28:59.711
  Event ID: 8033
  Task: N/A
  Level: Information
  Opcode: N/A
  Keyword: Classic
  User: N/A
  User Name: N/A
  Computer: asus
  Description: 
The browser has forced an election on network \Device\NetBT_Tcpip_{9BDEC3C0-593A-4153-9F03-5C10C29CCBFE} because a master browser was stopped.

Event[1116]:
  Log Name: System
  Source: Microsoft-Windows-Kernel-Power
  Date: 2017-06-01T12:28:59.304
  Event ID: 42
  Task: N/A
  Level: Information
  Opcode: Info
  Keyword: N/A
  User: N/A
  User Name: N/A
  Computer: asus
  Description: 
The system is entering sleep.

Sleep Reason: Application API

Event[1117]:
  Log Name: System
  Source: Microsoft-Windows-Kernel-Power
  Date: 2017-06-01T12:29:00.162
  Event ID: 107
  Task: N/A
  Level: Information
  Opcode: Info
  Keyword: N/A
  User: N/A
  User Name: N/A
  Computer: asus
  Description: 
The system has resumed from sleep.

Event[1118]:
  Log Name: System
  Source: Microsoft-Windows-Kernel-General
  Date: 2017-06-01T13:39:48.500
  Event ID: 1
  Task: N/A
  Level: Information
  Opcode: Info
  Keyword: Time
  User: N/A
  User Name: N/A
  Computer: asus
  Description: 
The system time has changed to ?2017?-?06?-?01T11:39:48.500000000Z from ?2017?-?06?-?01T10:29:00.162675200Z.

Change Reason: System time synchronized with the hardware clock.

Event[1119]:
  Log Name: System
  Source: Microsoft-Windows-Power-Troubleshooter
  Date: 2017-06-01T13:40:05.627
  Event ID: 1
  Task: N/A
  Level: Information
  Opcode: Info
  Keyword: N/A
  User: S-1-5-19
  User Name: NT AUTHORITY\LOCAL SERVICE
  Computer: asus
  Description: 
The system has returned from a low power state.

Sleep Time: ?2017?-?06?-?01T10:28:57.616256000Z
Wake Time: ?2017?-?06?-?01T11:39:50.121687300Z

Wake Source: Device -USB Root Hub

Event[1120]:
  Log Name: System
  Source: Microsoft-Windows-DistributedCOM
  Date: 2017-06-01T13:40:11.278
  Event ID: 10016
  Task: N/A
  Level: Error
  Opcode: Info
  Keyword: Classic
  User: S-1-5-18
  User Name: NT AUTHORITY\SYSTEM
  Computer: asus
  Description: 
The application-specific permission settings do not grant Local Activation permission for the COM Server application with CLSID 
{D63B10C5-BB46-4990-A94F-E40B9D520160}
 and APPID 
{9CA88EE3-ACB7-47C8-AFC4-AB702511C276}
 to the user NT AUTHORITY\SYSTEM SID (S-1-5-18) from address LocalHost (Using LRPC) running in the application container Unavailable SID (Unavailable). This security permission can be modified using the Component Services administrative tool.

Event[1121]:
  Log Name: System
  Source: BROWSER
  Date: 2017-06-01T15:12:01.011
  Event ID: 8033
  Task: N/A
  Level: Information
  Opcode: N/A
  Keyword: Classic
  User: N/A
  User Name: N/A
  Computer: asus
  Description: 
The browser has forced an election on network \Device\NetBT_Tcpip_{9BDEC3C0-593A-4153-9F03-5C10C29CCBFE} because a master browser was stopped.

Event[1122]:
  Log Name: System
  Source: Microsoft-Windows-Kernel-Power
  Date: 2017-06-01T15:12:00.655
  Event ID: 42
  Task: N/A
  Level: Information
  Opcode: Info
  Keyword: N/A
  User: N/A
  User Name: N/A
  Computer: asus
  Description: 
The system is entering sleep.

Sleep Reason: Application API

Event[1123]:
  Log Name: System
  Source: Microsoft-Windows-Kernel-Power
  Date: 2017-06-01T15:12:01.523
  Event ID: 107
  Task: N/A
  Level: Information
  Opcode: Info
  Keyword: N/A
  User: N/A
  User Name: N/A
  Computer: asus
  Description: 
The system has resumed from sleep.

Event[1124]:
  Log Name: System
  Source: Microsoft-Windows-Kernel-General
  Date: 2017-06-01T20:06:14.500
  Event ID: 1
  Task: N/A
  Level: Information
  Opcode: Info
  Keyword: Time
  User: N/A
  User Name: N/A
  Computer: asus
  Description: 
The system time has changed to ?2017?-?06?-?01T18:06:14.500000000Z from ?2017?-?06?-?01T13:12:01.523351600Z.

Change Reason: System time synchronized with the hardware clock.

Event[1125]:
  Log Name: System
  Source: Microsoft-Windows-Time-Service
  Date: 2017-06-01T20:06:16.099
  Event ID: 134
  Task: N/A
  Level: Warning
  Opcode: Info
  Keyword: N/A
  User: S-1-5-19
  User Name: NT AUTHORITY\LOCAL SERVICE
  Computer: asus
  Description: 
NtpClient was unable to set a manual peer to use as a time source because of DNS resolution error on 'time.windows.com,0x9'. NtpClient will try again in 15 minutes and double the reattempt interval thereafter. The error was: No such host is known. (0x80072AF9)

Event[1126]:
  Log Name: System
  Source: Microsoft-Windows-Time-Service
  Date: 2017-06-01T20:06:19.577
  Event ID: 37
  Task: N/A
  Level: Information
  Opcode: Info
  Keyword: N/A
  User: S-1-5-19
  User Name: NT AUTHORITY\LOCAL SERVICE
  Computer: asus
  Description: 
The time provider NtpClient is currently receiving valid time data from time.windows.com,0x9 (ntp.m|0x9|0.0.0.0:123->51.140.127.197:123).

Event[1127]:
  Log Name: System
  Source: Microsoft-Windows-Power-Troubleshooter
  Date: 2017-06-01T20:06:28.920
  Event ID: 1
  Task: N/A
  Level: Information
  Opcode: Info
  Keyword: N/A
  User: S-1-5-19
  User Name: NT AUTHORITY\LOCAL SERVICE
  Computer: asus
  Description: 
The system has returned from a low power state.

Sleep Time: ?2017?-?06?-?01T13:11:59.890817800Z
Wake Time: ?2017?-?06?-?01T18:06:16.110131900Z

Wake Source: Device -USB Root Hub

Event[1128]:
  Log Name: System
  Source: Microsoft-Windows-DistributedCOM
  Date: 2017-06-01T20:06:34.357
  Event ID: 10016
  Task: N/A
  Level: Error
  Opcode: Info
  Keyword: Classic
  User: S-1-5-18
  User Name: NT AUTHORITY\SYSTEM
  Computer: asus
  Description: 
The application-specific permission settings do not grant Local Activation permission for the COM Server application with CLSID 
{D63B10C5-BB46-4990-A94F-E40B9D520160}
 and APPID 
{9CA88EE3-ACB7-47C8-AFC4-AB702511C276}
 to the user NT AUTHORITY\SYSTEM SID (S-1-5-18) from address LocalHost (Using LRPC) running in the application container Unavailable SID (Unavailable). This security permission can be modified using the Component Services administrative tool.

Event[1129]:
  Log Name: System
  Source: BROWSER
  Date: 2017-06-01T20:33:23.526
  Event ID: 8033
  Task: N/A
  Level: Information
  Opcode: N/A
  Keyword: Classic
  User: N/A
  User Name: N/A
  Computer: asus
  Description: 
The browser has forced an election on network \Device\NetBT_Tcpip_{9BDEC3C0-593A-4153-9F03-5C10C29CCBFE} because a master browser was stopped.

Event[1130]:
  Log Name: System
  Source: Microsoft-Windows-Kernel-Power
  Date: 2017-06-01T20:33:23.216
  Event ID: 42
  Task: N/A
  Level: Information
  Opcode: Info
  Keyword: N/A
  User: N/A
  User Name: N/A
  Computer: asus
  Description: 
The system is entering sleep.

Sleep Reason: Application API

Event[1131]:
  Log Name: System
  Source: Microsoft-Windows-Kernel-Power
  Date: 2017-06-01T20:33:23.880
  Event ID: 107
  Task: N/A
  Level: Information
  Opcode: Info
  Keyword: N/A
  User: N/A
  User Name: N/A
  Computer: asus
  Description: 
The system has resumed from sleep.

Event[1132]:
  Log Name: System
  Source: Microsoft-Windows-Kernel-General
  Date: 2017-06-02T11:59:12.500
  Event ID: 1
  Task: N/A
  Level: Information
  Opcode: Info
  Keyword: Time
  User: N/A
  User Name: N/A
  Computer: asus
  Description: 
The system time has changed to ?2017?-?06?-?02T09:59:12.500000000Z from ?2017?-?06?-?01T18:33:23.881123600Z.

Change Reason: System time synchronized with the hardware clock.

Event[1133]:
  Log Name: System
  Source: Microsoft-Windows-Time-Service
  Date: 2017-06-02T11:59:15.803
  Event ID: 134
  Task: N/A
  Level: Warning
  Opcode: Info
  Keyword: N/A
  User: S-1-5-19
  User Name: NT AUTHORITY\LOCAL SERVICE
  Computer: asus
  Description: 
NtpClient was unable to set a manual peer to use as a time source because of DNS resolution error on 'time.windows.com,0x9'. NtpClient will try again in 15 minutes and double the reattempt interval thereafter. The error was: No such host is known. (0x80072AF9)

Event[1134]:
  Log Name: System
  Source: Microsoft-Windows-Time-Service
  Date: 2017-06-02T11:59:22.381
  Event ID: 37
  Task: N/A
  Level: Information
  Opcode: Info
  Keyword: N/A
  User: S-1-5-19
  User Name: NT AUTHORITY\LOCAL SERVICE
  Computer: asus
  Description: 
The time provider NtpClient is currently receiving valid time data from time.windows.com,0x9 (ntp.m|0x9|0.0.0.0:123->52.166.120.77:123).

Event[1135]:
  Log Name: System
  Source: Microsoft-Windows-Kernel-General
  Date: 2017-06-02T11:59:25.718
  Event ID: 16
  Task: N/A
  Level: Information
  Opcode: Info
  Keyword: N/A
  User: S-1-5-21-2727687409-414627687-575682064-1001
  User Name: ASUS\dypcdiver
  Computer: asus
  Description: 
The access history in hive \??\C:\Users\dypcdiver\AppData\Local\Packages\microsoft.windowscommunicationsapps_8wekyb3d8bbwe\Settings\settings.dat was cleared updating 59 keys and creating 7 modified pages.

Event[1136]:
  Log Name: System
  Source: Microsoft-Windows-Kernel-General
  Date: 2017-06-02T11:59:27.182
  Event ID: 16
  Task: N/A
  Level: Information
  Opcode: Info
  Keyword: N/A
  User: S-1-5-18
  User Name: NT AUTHORITY\SYSTEM
  Computer: asus
  Description: 
The access history in hive \Device\HarddiskVolume1\Boot\BCD was cleared updating 153 keys and creating 10 modified pages.

Event[1137]:
  Log Name: System
  Source: Microsoft-Windows-Kernel-General
  Date: 2017-06-02T11:59:29.820
  Event ID: 16
  Task: N/A
  Level: Information
  Opcode: Info
  Keyword: N/A
  User: S-1-5-21-2727687409-414627687-575682064-1001
  User Name: ASUS\dypcdiver
  Computer: asus
  Description: 
The access history in hive \??\C:\Users\dypcdiver\AppData\Local\Packages\Microsoft.Windows.ContentDeliveryManager_cw5n1h2txyewy\Settings\settings.dat was cleared updating 209 keys and creating 32 modified pages.

Event[1138]:
  Log Name: System
  Source: EventLog
  Date: 2017-06-02T12:00:00.537
  Event ID: 6013
  Task: N/A
  Level: Information
  Opcode: N/A
  Keyword: Classic
  User: N/A
  User Name: N/A
  Computer: asus
  Description: 
The system uptime is 1540453 seconds.

Event[1139]:
  Log Name: System
  Source: Microsoft-Windows-Kernel-General
  Date: 2017-06-02T12:00:21.775
  Event ID: 16
  Task: N/A
  Level: Information
  Opcode: Info
  Keyword: N/A
  User: S-1-5-21-2727687409-414627687-575682064-1001
  User Name: ASUS\dypcdiver
  Computer: asus
  Description: 
The access history in hive \??\C:\Users\dypcdiver\AppData\Local\Packages\Microsoft.Windows.Photos_8wekyb3d8bbwe\Settings\settings.dat was cleared updating 19 keys and creating 3 modified pages.

Event[1140]:
