  Log Name: System
  Source: Microsoft-Windows-DistributedCOM
  Date: 2017-10-09T02:05:21.822
  Event ID: 10005
  Task: N/A
  Level: Error
  Opcode: Info
  Keyword: Classic
  User: S-1-5-21-4282956347-1596572213-1314336134-1001
  User Name: DESKTOP-G0L88JA\Christian
  Computer: DESKTOP-G0L88JA
  Description: 
DCOM got error "1084" attempting to start the service WSearch with arguments "Nicht verfügbar" in order to run the server:
{B52D54BB-4818-4EB9-AA80-F9EACD371DF8}

Event[1180]:
  Log Name: System
  Source: Microsoft-Windows-DistributedCOM
  Date: 2017-10-09T02:05:21.822
  Event ID: 10005
  Task: N/A
  Level: Error
  Opcode: Info
  Keyword: Classic
  User: S-1-5-21-4282956347-1596572213-1314336134-1001
  User Name: DESKTOP-G0L88JA\Christian
  Computer: DESKTOP-G0L88JA
  Description: 
DCOM got error "1084" attempting to start the service WSearch with arguments "Nicht verfügbar" in order to run the server:
{B52D54BB-4818-4EB9-AA80-F9EACD371DF8}

Event[1181]:
  Log Name: System
  Source: Microsoft-Windows-DistributedCOM
  Date: 2017-10-09T02:05:21.822
  Event ID: 10005
  Task: N/A
  Level: Error
  Opcode: Info
  Keyword: Classic
  User: S-1-5-21-4282956347-1596572213-1314336134-1001
  User Name: DESKTOP-G0L88JA\Christian
  Computer: DESKTOP-G0L88JA
  Description: 
DCOM got error "1084" attempting to start the service WSearch with arguments "Nicht verfügbar" in order to run the server:
{B52D54BB-4818-4EB9-AA80-F9EACD371DF8}

Event[1182]:
  Log Name: System
  Source: Microsoft-Windows-DistributedCOM
  Date: 2017-10-09T02:05:21.822
  Event ID: 10005
  Task: N/A
  Level: Error
  Opcode: Info
  Keyword: Classic
  User: S-1-5-21-4282956347-1596572213-1314336134-1001
  User Name: DESKTOP-G0L88JA\Christian
  Computer: DESKTOP-G0L88JA
  Description: 
DCOM got error "1084" attempting to start the service WSearch with arguments "Nicht verfügbar" in order to run the server:
{B52D54BB-4818-4EB9-AA80-F9EACD371DF8}

Event[1183]:
  Log Name: System
  Source: Microsoft-Windows-DistributedCOM
  Date: 2017-10-09T02:05:21.822
  Event ID: 10005
  Task: N/A
  Level: Error
  Opcode: Info
  Keyword: Classic
  User: S-1-5-21-4282956347-1596572213-1314336134-1001
  User Name: DESKTOP-G0L88JA\Christian
  Computer: DESKTOP-G0L88JA
  Description: 
DCOM got error "1084" attempting to start the service WSearch with arguments "Nicht verfügbar" in order to run the server:
{B52D54BB-4818-4EB9-AA80-F9EACD371DF8}

Event[1184]:
  Log Name: System
  Source: Microsoft-Windows-DistributedCOM
  Date: 2017-10-09T02:05:21.822
  Event ID: 10005
  Task: N/A
  Level: Error
  Opcode: Info
  Keyword: Classic
  User: S-1-5-21-4282956347-1596572213-1314336134-1001
  User Name: DESKTOP-G0L88JA\Christian
  Computer: DESKTOP-G0L88JA
  Description: 
DCOM got error "1084" attempting to start the service WSearch with arguments "Nicht verfügbar" in order to run the server:
{B52D54BB-4818-4EB9-AA80-F9EACD371DF8}

Event[1185]:
  Log Name: System
  Source: Microsoft-Windows-DistributedCOM
  Date: 2017-10-09T02:05:21.822
  Event ID: 10005
  Task: N/A
  Level: Error
  Opcode: Info
  Keyword: Classic
  User: S-1-5-21-4282956347-1596572213-1314336134-1001
  User Name: DESKTOP-G0L88JA\Christian
  Computer: DESKTOP-G0L88JA
  Description: 
DCOM got error "1084" attempting to start the service WSearch with arguments "Nicht verfügbar" in order to run the server:
{B52D54BB-4818-4EB9-AA80-F9EACD371DF8}

Event[1186]:
  Log Name: System
  Source: Microsoft-Windows-DistributedCOM
  Date: 2017-10-09T02:05:21.822
  Event ID: 10005
  Task: N/A
  Level: Error
  Opcode: Info
  Keyword: Classic
  User: S-1-5-21-4282956347-1596572213-1314336134-1001
  User Name: DESKTOP-G0L88JA\Christian
  Computer: DESKTOP-G0L88JA
  Description: 
DCOM got error "1084" attempting to start the service WSearch with arguments "Nicht verfügbar" in order to run the server:
{B52D54BB-4818-4EB9-AA80-F9EACD371DF8}

Event[1187]:
  Log Name: System
  Source: Microsoft-Windows-DistributedCOM
  Date: 2017-10-09T02:05:21.822
  Event ID: 10005
  Task: N/A
  Level: Error
  Opcode: Info
  Keyword: Classic
  User: S-1-5-21-4282956347-1596572213-1314336134-1001
  User Name: DESKTOP-G0L88JA\Christian
  Computer: DESKTOP-G0L88JA
  Description: 
DCOM got error "1084" attempting to start the service WSearch with arguments "Nicht verfügbar" in order to run the server:
{B52D54BB-4818-4EB9-AA80-F9EACD371DF8}

Event[1188]:
  Log Name: System
  Source: Microsoft-Windows-DistributedCOM
  Date: 2017-10-09T02:05:21.822
  Event ID: 10005
  Task: N/A
  Level: Error
  Opcode: Info
  Keyword: Classic
  User: S-1-5-21-4282956347-1596572213-1314336134-1001
  User Name: DESKTOP-G0L88JA\Christian
  Computer: DESKTOP-G0L88JA
  Description: 
DCOM got error "1084" attempting to start the service WSearch with arguments "Nicht verfügbar" in order to run the server:
{B52D54BB-4818-4EB9-AA80-F9EACD371DF8}

Event[1189]:
  Log Name: System
  Source: Microsoft-Windows-DistributedCOM
  Date: 2017-10-09T02:05:21.822
  Event ID: 10005
  Task: N/A
  Level: Error
  Opcode: Info
  Keyword: Classic
  User: S-1-5-21-4282956347-1596572213-1314336134-1001
  User Name: DESKTOP-G0L88JA\Christian
  Computer: DESKTOP-G0L88JA
  Description: 
DCOM got error "1084" attempting to start the service WSearch with arguments "Nicht verfügbar" in order to run the server:
{B52D54BB-4818-4EB9-AA80-F9EACD371DF8}

Event[1190]:
  Log Name: System
  Source: Microsoft-Windows-DistributedCOM
  Date: 2017-10-09T02:05:21.822
  Event ID: 10005
  Task: N/A
  Level: Error
  Opcode: Info
  Keyword: Classic
  User: S-1-5-21-4282956347-1596572213-1314336134-1001
  User Name: DESKTOP-G0L88JA\Christian
  Computer: DESKTOP-G0L88JA
  Description: 
DCOM got error "1084" attempting to start the service WSearch with arguments "Nicht verfügbar" in order to run the server:
{B52D54BB-4818-4EB9-AA80-F9EACD371DF8}

Event[1191]:
  Log Name: System
  Source: Microsoft-Windows-DistributedCOM
  Date: 2017-10-09T02:05:21.822
  Event ID: 10005
  Task: N/A
  Level: Error
  Opcode: Info
  Keyword: Classic
  User: S-1-5-21-4282956347-1596572213-1314336134-1001
  User Name: DESKTOP-G0L88JA\Christian
  Computer: DESKTOP-G0L88JA
  Description: 
DCOM got error "1084" attempting to start the service WSearch with arguments "Nicht verfügbar" in order to run the server:
{B52D54BB-4818-4EB9-AA80-F9EACD371DF8}

Event[1192]:
  Log Name: System
  Source: Microsoft-Windows-DistributedCOM
  Date: 2017-10-09T02:05:25.480
  Event ID: 10005
  Task: N/A
  Level: Error
  Opcode: Info
  Keyword: Classic
  User: S-1-5-21-4282956347-1596572213-1314336134-1001
  User Name: DESKTOP-G0L88JA\Christian
  Computer: DESKTOP-G0L88JA
  Description: 
DCOM got error "1084" attempting to start the service ShellHWDetection with arguments "Nicht verfügbar" in order to run the server:
{DD522ACC-F821-461A-A407-50B198B896DC}

Event[1193]:
  Log Name: System
  Source: Microsoft-Windows-DistributedCOM
  Date: 2017-10-09T02:05:25.480
  Event ID: 10005
  Task: N/A
  Level: Error
  Opcode: Info
  Keyword: Classic
  User: S-1-5-21-4282956347-1596572213-1314336134-1001
  User Name: DESKTOP-G0L88JA\Christian
  Computer: DESKTOP-G0L88JA
  Description: 
DCOM got error "1084" attempting to start the service WSearch with arguments "Nicht verfügbar" in order to run the server:
{B52D54BB-4818-4EB9-AA80-F9EACD371DF8}

Event[1194]:
  Log Name: System
  Source: Microsoft-Windows-DistributedCOM
  Date: 2017-10-09T02:05:25.480
  Event ID: 10005
  Task: N/A
  Level: Error
  Opcode: Info
  Keyword: Classic
  User: S-1-5-21-4282956347-1596572213-1314336134-1001
  User Name: DESKTOP-G0L88JA\Christian
  Computer: DESKTOP-G0L88JA
  Description: 
DCOM got error "1084" attempting to start the service WSearch with arguments "Nicht verfügbar" in order to run the server:
{B52D54BB-4818-4EB9-AA80-F9EACD371DF8}

Event[1195]:
  Log Name: System
  Source: Microsoft-Windows-DistributedCOM
  Date: 2017-10-09T02:05:25.495
  Event ID: 10005
  Task: N/A
  Level: Error
  Opcode: Info
  Keyword: Classic
  User: S-1-5-21-4282956347-1596572213-1314336134-1001
  User Name: DESKTOP-G0L88JA\Christian
  Computer: DESKTOP-G0L88JA
  Description: 
DCOM got error "1084" attempting to start the service WSearch with arguments "Nicht verfügbar" in order to run the server:
{B52D54BB-4818-4EB9-AA80-F9EACD371DF8}

Event[1196]:
  Log Name: System
  Source: Microsoft-Windows-DistributedCOM
  Date: 2017-10-09T02:05:25.495
  Event ID: 10005
  Task: N/A
  Level: Error
  Opcode: Info
  Keyword: Classic
  User: S-1-5-21-4282956347-1596572213-1314336134-1001
  User Name: DESKTOP-G0L88JA\Christian
  Computer: DESKTOP-G0L88JA
  Description: 
DCOM got error "1084" attempting to start the service WSearch with arguments "Nicht verfügbar" in order to run the server:
{B52D54BB-4818-4EB9-AA80-F9EACD371DF8}

Event[1197]:
  Log Name: System
  Source: Microsoft-Windows-DistributedCOM
  Date: 2017-10-09T02:05:25.495
  Event ID: 10005
  Task: N/A
  Level: Error
  Opcode: Info
  Keyword: Classic
  User: S-1-5-21-4282956347-1596572213-1314336134-1001
  User Name: DESKTOP-G0L88JA\Christian
  Computer: DESKTOP-G0L88JA
  Description: 
DCOM got error "1084" attempting to start the service WSearch with arguments "Nicht verfügbar" in order to run the server:
{B52D54BB-4818-4EB9-AA80-F9EACD371DF8}

Event[1198]:
  Log Name: System
  Source: Microsoft-Windows-DistributedCOM
  Date: 2017-10-09T02:05:25.495
  Event ID: 10005
  Task: N/A
  Level: Error
  Opcode: Info
  Keyword: Classic
  User: S-1-5-21-4282956347-1596572213-1314336134-1001
  User Name: DESKTOP-G0L88JA\Christian
  Computer: DESKTOP-G0L88JA
  Description: 
DCOM got error "1084" attempting to start the service WSearch with arguments "Nicht verfügbar" in order to run the server:
{B52D54BB-4818-4EB9-AA80-F9EACD371DF8}

Event[1199]:
  Log Name: System
  Source: Microsoft-Windows-DistributedCOM
  Date: 2017-10-09T02:05:25.495
  Event ID: 10005
  Task: N/A
  Level: Error
  Opcode: Info
  Keyword: Classic
  User: S-1-5-21-4282956347-1596572213-1314336134-1001
  User Name: DESKTOP-G0L88JA\Christian
  Computer: DESKTOP-G0L88JA
  Description: 
DCOM got error "1084" attempting to start the service WSearch with arguments "Nicht verfügbar" in order to run the server:
{B52D54BB-4818-4EB9-AA80-F9EACD371DF8}

Event[1200]:
  Log Name: System
  Source: Microsoft-Windows-DistributedCOM
  Date: 2017-10-09T02:05:25.495
  Event ID: 10005
  Task: N/A
  Level: Error
  Opcode: Info
  Keyword: Classic
  User: S-1-5-21-4282956347-1596572213-1314336134-1001
  User Name: DESKTOP-G0L88JA\Christian
  Computer: DESKTOP-G0L88JA
  Description: 
DCOM got error "1084" attempting to start the service WSearch with arguments "Nicht verfügbar" in order to run the server:
{B52D54BB-4818-4EB9-AA80-F9EACD371DF8}

Event[1201]:
  Log Name: System
  Source: Microsoft-Windows-DistributedCOM
  Date: 2017-10-09T02:05:25.495
  Event ID: 10005
  Task: N/A
  Level: Error
  Opcode: Info
  Keyword: Classic
  User: S-1-5-21-4282956347-1596572213-1314336134-1001
  User Name: DESKTOP-G0L88JA\Christian
  Computer: DESKTOP-G0L88JA
  Description: 
DCOM got error "1084" attempting to start the service WSearch with arguments "Nicht verfügbar" in order to run the server:
{B52D54BB-4818-4EB9-AA80-F9EACD371DF8}

Event[1202]:
  Log Name: System
  Source: Microsoft-Windows-DistributedCOM
  Date: 2017-10-09T02:05:25.495
  Event ID: 10005
  Task: N/A
  Level: Error
  Opcode: Info
  Keyword: Classic
  User: S-1-5-21-4282956347-1596572213-1314336134-1001
  User Name: DESKTOP-G0L88JA\Christian
  Computer: DESKTOP-G0L88JA
  Description: 
DCOM got error "1084" attempting to start the service WSearch with arguments "Nicht verfügbar" in order to run the server:
{B52D54BB-4818-4EB9-AA80-F9EACD371DF8}

Event[1203]:
  Log Name: System
  Source: Microsoft-Windows-DistributedCOM
  Date: 2017-10-09T02:05:25.495
  Event ID: 10005
  Task: N/A
  Level: Error
  Opcode: Info
  Keyword: Classic
  User: S-1-5-21-4282956347-1596572213-1314336134-1001
  User Name: DESKTOP-G0L88JA\Christian
  Computer: DESKTOP-G0L88JA
  Description: 
DCOM got error "1084" attempting to start the service WSearch with arguments "Nicht verfügbar" in order to run the server:
{B52D54BB-4818-4EB9-AA80-F9EACD371DF8}

Event[1204]:
  Log Name: System
  Source: Microsoft-Windows-DistributedCOM
  Date: 2017-10-09T02:05:25.495
  Event ID: 10005
  Task: N/A
  Level: Error
  Opcode: Info
  Keyword: Classic
  User: S-1-5-21-4282956347-1596572213-1314336134-1001
  User Name: DESKTOP-G0L88JA\Christian
  Computer: DESKTOP-G0L88JA
  Description: 
DCOM got error "1084" attempting to start the service WSearch with arguments "Nicht verfügbar" in order to run the server:
{B52D54BB-4818-4EB9-AA80-F9EACD371DF8}

Event[1205]:
  Log Name: System
  Source: Microsoft-Windows-DistributedCOM
  Date: 2017-10-09T02:05:25.495
  Event ID: 10005
  Task: N/A
  Level: Error
  Opcode: Info
  Keyword: Classic
  User: S-1-5-21-4282956347-1596572213-1314336134-1001
  User Name: DESKTOP-G0L88JA\Christian
  Computer: DESKTOP-G0L88JA
  Description: 
DCOM got error "1084" attempting to start the service WSearch with arguments "Nicht verfügbar" in order to run the server:
{B52D54BB-4818-4EB9-AA80-F9EACD371DF8}

Event[1206]:
  Log Name: System
  Source: Microsoft-Windows-DistributedCOM
  Date: 2017-10-09T02:05:25.495
  Event ID: 10005
  Task: N/A
  Level: Error
  Opcode: Info
  Keyword: Classic
  User: S-1-5-21-4282956347-1596572213-1314336134-1001
  User Name: DESKTOP-G0L88JA\Christian
  Computer: DESKTOP-G0L88JA
  Description: 
DCOM got error "1084" attempting to start the service WSearch with arguments "Nicht verfügbar" in order to run the server:
{B52D54BB-4818-4EB9-AA80-F9EACD371DF8}

Event[1207]:
  Log Name: System
  Source: Microsoft-Windows-DistributedCOM
  Date: 2017-10-09T02:05:25.495
  Event ID: 10005
  Task: N/A
  Level: Error
  Opcode: Info
  Keyword: Classic
  User: S-1-5-21-4282956347-1596572213-1314336134-1001
  User Name: DESKTOP-G0L88JA\Christian
  Computer: DESKTOP-G0L88JA
  Description: 
DCOM got error "1084" attempting to start the service WSearch with arguments "Nicht verfügbar" in order to run the server:
{B52D54BB-4818-4EB9-AA80-F9EACD371DF8}

Event[1208]:
  Log Name: System
  Source: Microsoft-Windows-DistributedCOM
  Date: 2017-10-09T02:05:25.495
  Event ID: 10005
  Task: N/A
  Level: Error
  Opcode: Info
  Keyword: Classic
  User: S-1-5-21-4282956347-1596572213-1314336134-1001
  User Name: DESKTOP-G0L88JA\Christian
  Computer: DESKTOP-G0L88JA
  Description: 
DCOM got error "1084" attempting to start the service WSearch with arguments "Nicht verfügbar" in order to run the server:
{B52D54BB-4818-4EB9-AA80-F9EACD371DF8}

Event[1209]:
  Log Name: System
  Source: Microsoft-Windows-DistributedCOM
  Date: 2017-10-09T02:05:25.495
  Event ID: 10005
  Task: N/A
  Level: Error
  Opcode: Info
  Keyword: Classic
  User: S-1-5-21-4282956347-1596572213-1314336134-1001
  User Name: DESKTOP-G0L88JA\Christian
  Computer: DESKTOP-G0L88JA
  Description: 
DCOM got error "1084" attempting to start the service WSearch with arguments "Nicht verfügbar" in order to run the server:
{B52D54BB-4818-4EB9-AA80-F9EACD371DF8}

Event[1210]:
  Log Name: System
  Source: Microsoft-Windows-DistributedCOM
  Date: 2017-10-09T02:05:25.495
  Event ID: 10005
  Task: N/A
  Level: Error
  Opcode: Info
  Keyword: Classic
  User: S-1-5-21-4282956347-1596572213-1314336134-1001
  User Name: DESKTOP-G0L88JA\Christian
  Computer: DESKTOP-G0L88JA
  Description: 
DCOM got error "1084" attempting to start the service WSearch with arguments "Nicht verfügbar" in order to run the server:
{B52D54BB-4818-4EB9-AA80-F9EACD371DF8}

Event[1211]:
  Log Name: System
  Source: Microsoft-Windows-DistributedCOM
  Date: 2017-10-09T02:05:25.495
  Event ID: 10005
  Task: N/A
  Level: Error
  Opcode: Info
  Keyword: Classic
  User: S-1-5-21-4282956347-1596572213-1314336134-1001
  User Name: DESKTOP-G0L88JA\Christian
  Computer: DESKTOP-G0L88JA
  Description: 
DCOM got error "1084" attempting to start the service WSearch with arguments "Nicht verfügbar" in order to run the server:
{B52D54BB-4818-4EB9-AA80-F9EACD371DF8}

Event[1212]:
  Log Name: System
  Source: Microsoft-Windows-DistributedCOM
  Date: 2017-10-09T02:05:25.495
  Event ID: 10005
  Task: N/A
  Level: Error
  Opcode: Info
  Keyword: Classic
  User: S-1-5-21-4282956347-1596572213-1314336134-1001
  User Name: DESKTOP-G0L88JA\Christian
  Computer: DESKTOP-G0L88JA
  Description: 
DCOM got error "1084" attempting to start the service WSearch with arguments "Nicht verfügbar" in order to run the server:
{B52D54BB-4818-4EB9-AA80-F9EACD371DF8}

Event[1213]:
  Log Name: System
  Source: Microsoft-Windows-DistributedCOM
  Date: 2017-10-09T02:05:26.667
  Event ID: 10005
  Task: N/A
  Level: Error
  Opcode: Info
  Keyword: Classic
  User: S-1-5-21-4282956347-1596572213-1314336134-1001
  User Name: DESKTOP-G0L88JA\Christian
  Computer: DESKTOP-G0L88JA
  Description: 
DCOM got error "1084" attempting to start the service ShellHWDetection with arguments "Nicht verfügbar" in order to run the server:
{DD522ACC-F821-461A-A407-50B198B896DC}

Event[1214]:
  Log Name: System
  Source: Microsoft-Windows-DistributedCOM
  Date: 2017-10-09T02:05:26.683
  Event ID: 10005
  Task: N/A
  Level: Error
  Opcode: Info
  Keyword: Classic
  User: S-1-5-21-4282956347-1596572213-1314336134-1001
  User Name: DESKTOP-G0L88JA\Christian
  Computer: DESKTOP-G0L88JA
  Description: 
DCOM got error "1084" attempting to start the service TokenBroker with arguments "Nicht verfügbar" in order to run the server:
Windows.Internal.Security.Authentication.Web.TokenBrokerInternal

Event[1215]:
  Log Name: System
  Source: Microsoft-Windows-DistributedCOM
  Date: 2017-10-09T02:05:26.729
  Event ID: 10005
  Task: N/A
  Level: Error
  Opcode: Info
  Keyword: Classic
  User: S-1-5-21-4282956347-1596572213-1314336134-1001
  User Name: DESKTOP-G0L88JA\Christian
  Computer: DESKTOP-G0L88JA
  Description: 
DCOM got error "1084" attempting to start the service ShellHWDetection with arguments "Nicht verfügbar" in order to run the server:
{DD522ACC-F821-461A-A407-50B198B896DC}

Event[1216]:
  Log Name: System
  Source: Microsoft-Windows-DistributedCOM
  Date: 2017-10-09T02:05:27.089
  Event ID: 10005
  Task: N/A
  Level: Error
  Opcode: Info
  Keyword: Classic
  User: S-1-5-21-4282956347-1596572213-1314336134-1001
  User Name: DESKTOP-G0L88JA\Christian
  Computer: DESKTOP-G0L88JA
  Description: 
DCOM got error "1084" attempting to start the service TokenBroker with arguments "Nicht verfügbar" in order to run the server:
Windows.Internal.Security.Authentication.Web.TokenBrokerInternal

Event[1217]:
  Log Name: System
  Source: Microsoft-Windows-DistributedCOM
  Date: 2017-10-09T02:05:27.245
  Event ID: 10005
  Task: N/A
  Level: Error
  Opcode: Info
  Keyword: Classic
  User: S-1-5-21-4282956347-1596572213-1314336134-1001
  User Name: DESKTOP-G0L88JA\Christian
  Computer: DESKTOP-G0L88JA
  Description: 
DCOM got error "1084" attempting to start the service TokenBroker with arguments "Nicht verfügbar" in order to run the server:
Windows.Internal.Security.Authentication.Web.TokenBrokerInternal

Event[1218]:
  Log Name: System
  Source: Microsoft-Windows-DistributedCOM
  Date: 2017-10-09T02:05:27.261
  Event ID: 10005
  Task: N/A
  Level: Error
  Opcode: Info
  Keyword: Classic
  User: S-1-5-21-4282956347-1596572213-1314336134-1001
  User Name: DESKTOP-G0L88JA\Christian
  Computer: DESKTOP-G0L88JA
  Description: 
DCOM got error "1084" attempting to start the service EventSystem with arguments "Nicht verfügbar" in order to run the server:
{1BE1F766-5536-11D1-B726-00C04FB926AF}

Event[1219]:
  Log Name: System
  Source: EventLog
  Date: 2017-10-09T02:05:30.902
  Event ID: 6006
  Task: N/A
  Level: Information
  Opcode: N/A
  Keyword: Classic
  User: N/A
  User Name: N/A
  Computer: DESKTOP-G0L88JA
  Description: 
The Event log service was stopped.

Event[1220]:
  Log Name: System
  Source: Microsoft-Windows-UserPnp
  Date: 2017-10-09T02:05:30.240
  Event ID: 20003
  Task: N/A
  Level: Information
  Opcode: Info
  Keyword: N/A
  User: S-1-5-18
  User Name: NT-AUTORITÄT\SYSTEM
  Computer: DESKTOP-G0L88JA
  Description: 
Driver Management has concluded the process to add Service HdAudAddService for Device Instance ID HDAUDIO\FUNC_01&VEN_10DE&DEV_0082&SUBSYS_10DE1B06&REV_1001\5&CB5F72B&0&0001 with the following status: 0.

Event[1221]:
  Log Name: System
  Source: Microsoft-Windows-UserPnp
  Date: 2017-10-09T02:05:30.283
  Event ID: 20001
  Task: N/A
  Level: Information
  Opcode: Info
  Keyword: N/A
  User: S-1-5-18
  User Name: NT-AUTORITÄT\SYSTEM
  Computer: DESKTOP-G0L88JA
  Description: 
Driver Management concluded the process to install driver hdaudio.inf_amd64_5e32ca02bc162f1f\hdaudio.inf for Device Instance ID HDAUDIO\FUNC_01&VEN_10DE&DEV_0082&SUBSYS_10DE1B06&REV_1001\5&CB5F72B&0&0001 with the following status: 0x0.

Event[1222]:
  Log Name: System
  Source: User32
  Date: 2017-10-09T02:05:30.277
  Event ID: 1074
  Task: N/A
  Level: Information
  Opcode: N/A
  Keyword: Classic
  User: S-1-5-18
  User Name: NT-AUTORITÄT\SYSTEM
  Computer: DESKTOP-G0L88JA
  Description: 
The process C:\Windows\system32\shutdown.exe (DESKTOP-G0L88JA) has initiated the Neustart of computer DESKTOP-G0L88JA on behalf of user NT-AUTORITÄT\SYSTEM for the following reason: Kein Titel für den Grund
 Reason Code: 0x800000ff
 Shutdown Type: Neustart
 Comment: 

Event[1223]:
  Log Name: System
  Source: Microsoft-Windows-UserPnp
  Date: 2017-10-09T02:05:30.371
  Event ID: 20003
  Task: N/A
  Level: Information
  Opcode: Info
  Keyword: N/A
  User: S-1-5-18
  User Name: NT-AUTORITÄT\SYSTEM
  Computer: DESKTOP-G0L88JA
  Description: 
Driver Management has concluded the process to add Service BasicDisplay for Device Instance ID PCI\VEN_10DE&DEV_1B06&SUBSYS_1B0610DE&REV_A1\4&1C3D25BB&0&0019 with the following status: 0.

Event[1224]:
  Log Name: System
  Source: Microsoft-Windows-UserPnp
  Date: 2017-10-09T02:05:30.385
  Event ID: 20001
  Task: N/A
  Level: Information
  Opcode: Info
  Keyword: N/A
  User: S-1-5-18
  User Name: NT-AUTORITÄT\SYSTEM
  Computer: DESKTOP-G0L88JA
  Description: 
Driver Management concluded the process to install driver display.inf_amd64_d2be6fd24d698e35\display.inf for Device Instance ID PCI\VEN_10DE&DEV_1B06&SUBSYS_1B0610DE&REV_A1\4&1C3D25BB&0&0019 with the following status: 0x0.

Event[1225]:
  Log Name: System
  Source: Microsoft-Windows-DistributedCOM
  Date: 2017-10-09T02:05:30.386
  Event ID: 10005
  Task: N/A
  Level: Error
  Opcode: Info
  Keyword: Classic
  User: S-1-5-21-4282956347-1596572213-1314336134-1001
  User Name: DESKTOP-G0L88JA\Christian
  Computer: DESKTOP-G0L88JA
  Description: 
DCOM got error "1084" attempting to start the service TokenBroker with arguments "Nicht verfügbar" in order to run the server:
Windows.Internal.Security.Authentication.Web.TokenBrokerInternal

Event[1226]:
  Log Name: System
  Source: Microsoft-Windows-DistributedCOM
  Date: 2017-10-09T02:05:30.386
  Event ID: 10005
  Task: N/A
  Level: Error
  Opcode: Info
  Keyword: Classic
  User: S-1-5-21-4282956347-1596572213-1314336134-1001
  User Name: DESKTOP-G0L88JA\Christian
  Computer: DESKTOP-G0L88JA
  Description: 
DCOM got error "1084" attempting to start the service WSearch with arguments "Nicht verfügbar" in order to run the server:
{7D096C5F-AC08-4F1F-BEB7-5C22C517CE39}

Event[1227]:
  Log Name: System
  Source: Microsoft-Windows-DistributedCOM
  Date: 2017-10-09T02:05:30.386
  Event ID: 10005
  Task: N/A
  Level: Error
  Opcode: Info
  Keyword: Classic
  User: S-1-5-21-4282956347-1596572213-1314336134-1001
  User Name: DESKTOP-G0L88JA\Christian
  Computer: DESKTOP-G0L88JA
  Description: 
DCOM got error "1084" attempting to start the service WSearch with arguments "Nicht verfügbar" in order to run the server:
{7D096C5F-AC08-4F1F-BEB7-5C22C517CE39}

Event[1228]:
  Log Name: System
  Source: Microsoft-Windows-Winlogon
  Date: 2017-10-09T02:05:30.854
  Event ID: 7002
  Task: N/A
  Level: Information
  Opcode: Info
  Keyword: N/A
  User: S-1-5-18
  User Name: NT-AUTORITÄT\SYSTEM
  Computer: DESKTOP-G0L88JA
  Description: 
User Logoff Notification for Customer Experience Improvement Program

Event[1229]:
  Log Name: System
  Source: Microsoft-Windows-Dhcp-Client
  Date: 2017-10-09T02:05:30.913
  Event ID: 50104
  Task: Service State Event
  Level: Information
  Opcode: ServiceShutdown
  Keyword: N/A
  User: S-1-5-19
  User Name: NT-AUTORITÄT\Lokaler Dienst
  Computer: DESKTOP-G0L88JA
  Description: 
DHCPv4 client received shutdown notification

Event[1230]:
  Log Name: System
  Source: Microsoft-Windows-Dhcp-Client
  Date: 2017-10-09T02:05:30.913
  Event ID: 50105
  Task: Service State Event
  Level: Information
  Opcode: ServiceShutdown
  Keyword: N/A
  User: S-1-5-19
  User Name: NT-AUTORITÄT\Lokaler Dienst
  Computer: DESKTOP-G0L88JA
  Description: 
DHCPv4 client ProcessDHCPRequestForever received TERMINATE_EVENT

Event[1231]:
  Log Name: System
  Source: Microsoft-Windows-DHCPv6-Client
  Date: 2017-10-09T02:05:30.913
  Event ID: 51047
  Task: Service State Event
  Level: Information
  Opcode: ServiceStop
  Keyword: N/A
  User: S-1-5-19
  User Name: NT-AUTORITÄT\Lokaler Dienst
  Computer: DESKTOP-G0L88JA
  Description: 
DHCPv6 client service is stopped. ShutDown Flag value is 1

Event[1232]:
  Log Name: System
  Source: Microsoft-Windows-DHCPv6-Client
  Date: 2017-10-09T02:05:30.913
  Event ID: 51057
  Task: Service State Event
  Level: Information
  Opcode: ServiceStopWithRefCount
  Keyword: N/A
  User: S-1-5-19
  User Name: NT-AUTORITÄT\Lokaler Dienst
  Computer: DESKTOP-G0L88JA
  Description: 
DHCPv6 client service stop is almost done.DHCP Context Ref count is 1

Event[1233]:
  Log Name: System
  Source: Microsoft-Windows-Dhcp-Client
  Date: 2017-10-09T02:05:30.913
  Event ID: 50106
  Task: Service State Event
  Level: Information
  Opcode: ServiceShutdown
  Keyword: N/A
  User: S-1-5-19
  User Name: NT-AUTORITÄT\Lokaler Dienst
  Computer: DESKTOP-G0L88JA
  Description: 
DHCPv4 is waiting on DHCPv6 service to stop

Event[1234]:
  Log Name: System
  Source: Microsoft-Windows-Dhcp-Client
  Date: 2017-10-09T02:05:30.914
  Event ID: 50037
  Task: Service State Event
  Level: Information
  Opcode: ServiceStop
  Keyword: N/A
  User: S-1-5-19
  User Name: NT-AUTORITÄT\Lokaler Dienst
  Computer: DESKTOP-G0L88JA
  Description: 
DHCPv4 client service is stopped. ShutDown Flag value is 1

Event[1235]:
  Log Name: System
  Source: EventLog
  Date: 2017-10-09T02:05:56.317
  Event ID: 6009
  Task: N/A
  Level: Information
  Opcode: N/A
  Keyword: Classic
  User: N/A
  User Name: N/A
  Computer: DESKTOP-G0L88JA
  Description: 
Microsoft (R) Windows (R) 10.00. 15063  Multiprocessor Free.

Event[1236]:
  Log Name: System
  Source: EventLog
  Date: 2017-10-09T02:05:56.317
  Event ID: 6005
  Task: N/A
  Level: Information
  Opcode: N/A
  Keyword: Classic
  User: N/A
  User Name: N/A
  Computer: DESKTOP-G0L88JA
  Description: 
The Event log service was started.

Event[1237]:
  Log Name: System
  Source: EventLog
  Date: 2017-10-09T02:05:56.317
  Event ID: 6013
  Task: N/A
  Level: Information
  Opcode: N/A
  Keyword: Classic
  User: N/A
  User Name: N/A
  Computer: DESKTOP-G0L88JA
  Description: 
The system uptime is 4 seconds.

Event[1238]:
  Log Name: System
  Source: Microsoft-Windows-Kernel-Power
  Date: 2017-10-09T02:05:31.139
  Event ID: 109
  Task: N/A
  Level: Information
  Opcode: Info
  Keyword: N/A
  User: N/A
  User Name: N/A
  Computer: DESKTOP-G0L88JA
  Description: 
The kernel power manager has initiated a shutdown transition.

Shutdown Reason: Kernel API

Event[1239]:
  Log Name: System
  Source: Microsoft-Windows-Kernel-General
  Date: 2017-10-09T02:05:31.436
  Event ID: 13
  Task: N/A
  Level: Information
  Opcode: Info
  Keyword: N/A
  User: N/A
  User Name: N/A
  Computer: DESKTOP-G0L88JA
  Description: 
The operating system is shutting down at system time ?2017?-?10?-?09T00:05:31.436205700Z.

Event[1240]:
  Log Name: System
  Source: Microsoft-Windows-Kernel-General
  Date: 2017-10-09T02:05:51.722
  Event ID: 12
  Task: N/A
  Level: Information
  Opcode: Info
  Keyword: N/A
  User: S-1-5-18
  User Name: NT-AUTORITÄT\SYSTEM
  Computer: DESKTOP-G0L88JA
  Description: 
The operating system started at system time ?2017?-?10?-?09T00:05:51.497779200Z.

Event[1241]:
  Log Name: System
  Source: Microsoft-Windows-Kernel-Boot
  Date: 2017-10-09T02:05:51.722
  Event ID: 153
  Task: N/A
  Level: Information
  Opcode: Info
  Keyword: N/A
  User: S-1-5-18
  User Name: NT-AUTORITÄT\SYSTEM
  Computer: DESKTOP-G0L88JA
  Description: 
Virtualization-based security (policies: 0) is disabled.

Event[1242]:
  Log Name: System
  Source: Microsoft-Windows-Kernel-Boot
  Date: 2017-10-09T02:05:51.722
  Event ID: 20
  Task: N/A
  Level: Information
  Opcode: Info
  Keyword: N/A
  User: S-1-5-18
  User Name: NT-AUTORITÄT\SYSTEM
  Computer: DESKTOP-G0L88JA
  Description: 
The last shutdown's success status was true. The last boot's success status was true.

Event[1243]:
  Log Name: System
  Source: Microsoft-Windows-Kernel-Boot
  Date: 2017-10-09T02:05:51.722
  Event ID: 27
  Task: N/A
  Level: Information
  Opcode: Info
  Keyword: N/A
  User: S-1-5-18
  User Name: NT-AUTORITÄT\SYSTEM
  Computer: DESKTOP-G0L88JA
  Description: 
The boot type was 0x0.

Event[1244]:
  Log Name: System
  Source: Microsoft-Windows-Kernel-Boot
  Date: 2017-10-09T02:05:51.722
  Event ID: 25
  Task: N/A
  Level: Information
  Opcode: Info
  Keyword: N/A
  User: S-1-5-18
  User Name: NT-AUTORITÄT\SYSTEM
  Computer: DESKTOP-G0L88JA
  Description: 
The boot menu policy was 0x1.

Event[1245]:
  Log Name: System
  Source: Microsoft-Windows-Kernel-Boot
  Date: 2017-10-09T02:05:51.723
  Event ID: 18
  Task: N/A
  Level: Information
  Opcode: Info
  Keyword: N/A
  User: S-1-5-18
  User Name: NT-AUTORITÄT\SYSTEM
  Computer: DESKTOP-G0L88JA
  Description: 
There are 0x1 boot options on this system.

Event[1246]:
  Log Name: System
  Source: Microsoft-Windows-Kernel-Boot
  Date: 2017-10-09T02:05:51.723
  Event ID: 19
  Task: N/A
  Level: Information
  Opcode: Info
  Keyword: N/A
  User: S-1-5-18
  User Name: NT-AUTORITÄT\SYSTEM
  Computer: DESKTOP-G0L88JA
  Description: 
There are 0x1 boot tool options on this system.

Event[1247]:
  Log Name: System
  Source: Microsoft-Windows-Kernel-Boot
  Date: 2017-10-09T02:05:51.723
  Event ID: 17
  Task: N/A
  Level: Information
  Opcode: Info
  Keyword: N/A
  User: S-1-5-18
  User Name: NT-AUTORITÄT\SYSTEM
  Computer: DESKTOP-G0L88JA
  Description: 
The boot manager multi OS selection screen was displayed.

Event[1248]:
  Log Name: System
  Source: Microsoft-Windows-Kernel-Boot
  Date: 2017-10-09T02:05:51.723
  Event ID: 32
  Task: N/A
  Level: Information
  Opcode: Info
  Keyword: N/A
  User: S-1-5-18
  User Name: NT-AUTORITÄT\SYSTEM
  Computer: DESKTOP-G0L88JA
  Description: 
The bootmgr spent 0 ms waiting for user input.

Event[1249]:
  Log Name: System
  Source: Microsoft-Windows-Kernel-Boot
  Date: 2017-10-09T02:05:51.723
  Event ID: 30
  Task: N/A
  Level: Information
  Opcode: Info
  Keyword: N/A
  User: S-1-5-18
  User Name: NT-AUTORITÄT\SYSTEM
  Computer: DESKTOP-G0L88JA
  Description: 
The firmware reported boot metrics.

Event[1250]:
  Log Name: System
  Source: Microsoft-Windows-FilterManager
  Date: 2017-10-09T02:05:52.873
  Event ID: 6
  Task: N/A
  Level: Information
  Opcode: Info
  Keyword: N/A
  User: S-1-5-18
  User Name: NT-AUTORITÄT\SYSTEM
  Computer: DESKTOP-G0L88JA
  Description: 
File System Filter 'FileInfo' (10.0, ?2042?-?06?-?30T16:43:32.000000000Z) has successfully loaded and registered with Filter Manager.

Event[1251]:
  Log Name: System
  Source: Microsoft-Windows-FilterManager
  Date: 2017-10-09T02:05:52.873
  Event ID: 6
  Task: N/A
  Level: Information
  Opcode: Info
  Keyword: N/A
  User: S-1-5-18
  User Name: NT-AUTORITÄT\SYSTEM
  Computer: DESKTOP-G0L88JA
  Description: 
File System Filter 'Wof' (10.0, ?1974?-?03?-?12T00:47:45.000000000Z) has successfully loaded and registered with Filter Manager.

Event[1252]:
  Log Name: System
  Source: Microsoft-Windows-FilterManager
  Date: 2017-10-09T02:05:52.874
  Event ID: 6
  Task: N/A
  Level: Information
  Opcode: Info
  Keyword: N/A
  User: S-1-5-18
  User Name: NT-AUTORITÄT\SYSTEM
  Computer: DESKTOP-G0L88JA
  Description: 
File System Filter 'WdFilter' (10.0, ?2102?-?10?-?04T18:25:01.000000000Z) has successfully loaded and registered with Filter Manager.

Event[1253]:
  Log Name: System
  Source: Microsoft-Windows-Ntfs
  Date: 2017-10-09T02:05:53.069
  Event ID: 98
  Task: N/A
  Level: Information
  Opcode: Info
  Keyword: N/A
  User: S-1-5-18
  User Name: NT-AUTORITÄT\SYSTEM
  Computer: DESKTOP-G0L88JA
  Description: 
Volume C: (\Device\HarddiskVolume6) is healthy.  No action is needed.

Event[1254]:
  Log Name: System
  Source: Microsoft-Windows-FilterManager
  Date: 2017-10-09T02:05:53.118
  Event ID: 6
  Task: N/A
  Level: Information
  Opcode: Info
  Keyword: N/A
  User: S-1-5-18
  User Name: NT-AUTORITÄT\SYSTEM
  Computer: DESKTOP-G0L88JA
  Description: 
File System Filter 'FileCrypt' (10.0, ?2030?-?05?-?28T10:10:59.000000000Z) has successfully loaded and registered with Filter Manager.

Event[1255]:
  Log Name: System
  Source: Microsoft-Windows-FilterManager
  Date: 2017-10-09T02:05:53.166
  Event ID: 6
  Task: N/A
  Level: Information
  Opcode: Info
  Keyword: N/A
  User: S-1-5-18
  User Name: NT-AUTORITÄT\SYSTEM
  Computer: DESKTOP-G0L88JA
  Description: 
File System Filter 'npsvctrig' (10.0, ?2097?-?07?-?25T12:18:05.000000000Z) has successfully loaded and registered with Filter Manager.

Event[1256]:
  Log Name: System
  Source: Microsoft-Windows-Kernel-Power
  Date: 2017-10-09T02:05:53.180
  Event ID: 172
  Task: N/A
  Level: Information
  Opcode: Info
  Keyword: N/A
  User: S-1-5-18
  User Name: NT-AUTORITÄT\SYSTEM
  Computer: DESKTOP-G0L88JA
  Description: 
Connectivity state in standby: Disconnected, Reason: NIC compliance

Event[1257]:
  Log Name: System
  Source: Microsoft-Windows-Ntfs
  Date: 2017-10-09T02:05:53.251
  Event ID: 98
  Task: N/A
  Level: Information
  Opcode: Info
  Keyword: N/A
  User: S-1-5-18
  User Name: NT-AUTORITÄT\SYSTEM
  Computer: DESKTOP-G0L88JA
  Description: 
Volume D: (\Device\HarddiskVolume7) is healthy.  No action is needed.

Event[1258]:
  Log Name: System
  Source: Microsoft-Windows-Kernel-Processor-Power
  Date: 2017-10-09T02:05:53.704
  Event ID: 55
  Task: N/A
  Level: Information
  Opcode: Info
  Keyword: N/A
  User: S-1-5-18
  User Name: NT-AUTORITÄT\SYSTEM
  Computer: DESKTOP-G0L88JA
  Description: 
Processor 0 in group 0 exposes the following power management capabilities:

Idle state type: ACPI Idle (C) States (2 state(s))

Performance state type: ACPI Performance (P) / Throttle (T) States
Nominal Frequency (MHz): 3400
Maximum performance percentage: 100
Minimum performance percentage: 64
Minimum throttle percentage: 64

Event[1259]:
  Log Name: System
  Source: Microsoft-Windows-Kernel-Processor-Power
  Date: 2017-10-09T02:05:53.704
  Event ID: 55
  Task: N/A
  Level: Information
  Opcode: Info
  Keyword: N/A
  User: S-1-5-18
  User Name: NT-AUTORITÄT\SYSTEM
  Computer: DESKTOP-G0L88JA
  Description: 
Processor 1 in group 0 exposes the following power management capabilities:

Idle state type: ACPI Idle (C) States (2 state(s))

Performance state type: ACPI Performance (P) / Throttle (T) States
Nominal Frequency (MHz): 3400
Maximum performance percentage: 100
Minimum performance percentage: 64
Minimum throttle percentage: 64

Event[1260]:
  Log Name: System
  Source: Microsoft-Windows-Kernel-Processor-Power
  Date: 2017-10-09T02:05:53.704
  Event ID: 55
  Task: N/A
  Level: Information
  Opcode: Info
  Keyword: N/A
  User: S-1-5-18
  User Name: NT-AUTORITÄT\SYSTEM
  Computer: DESKTOP-G0L88JA
  Description: 
Processor 2 in group 0 exposes the following power management capabilities:

Idle state type: ACPI Idle (C) States (2 state(s))

Performance state type: ACPI Performance (P) / Throttle (T) States
Nominal Frequency (MHz): 3400
Maximum performance percentage: 100
Minimum performance percentage: 64
Minimum throttle percentage: 64

Event[1261]:
  Log Name: System
  Source: Microsoft-Windows-Kernel-Processor-Power
  Date: 2017-10-09T02:05:53.705
  Event ID: 55
  Task: N/A
  Level: Information
  Opcode: Info
  Keyword: N/A
  User: S-1-5-18
  User Name: NT-AUTORITÄT\SYSTEM
  Computer: DESKTOP-G0L88JA
  Description: 
Processor 3 in group 0 exposes the following power management capabilities:

Idle state type: ACPI Idle (C) States (2 state(s))

Performance state type: ACPI Performance (P) / Throttle (T) States
Nominal Frequency (MHz): 3400
Maximum performance percentage: 100
Minimum performance percentage: 64
Minimum throttle percentage: 64

Event[1262]:
  Log Name: System
  Source: Microsoft-Windows-Kernel-Processor-Power
  Date: 2017-10-09T02:05:53.705
  Event ID: 55
  Task: N/A
  Level: Information
  Opcode: Info
  Keyword: N/A
  User: S-1-5-18
  User Name: NT-AUTORITÄT\SYSTEM
  Computer: DESKTOP-G0L88JA
  Description: 
Processor 4 in group 0 exposes the following power management capabilities:

Idle state type: ACPI Idle (C) States (2 state(s))

Performance state type: ACPI Performance (P) / Throttle (T) States
Nominal Frequency (MHz): 3400
Maximum performance percentage: 100
Minimum performance percentage: 64
Minimum throttle percentage: 64

Event[1263]:
  Log Name: System
  Source: Microsoft-Windows-Kernel-Processor-Power
  Date: 2017-10-09T02:05:53.705
  Event ID: 55
  Task: N/A
  Level: Information
  Opcode: Info
  Keyword: N/A
  User: S-1-5-18
  User Name: NT-AUTORITÄT\SYSTEM
  Computer: DESKTOP-G0L88JA
  Description: 
Processor 5 in group 0 exposes the following power management capabilities:

Idle state type: ACPI Idle (C) States (2 state(s))

Performance state type: ACPI Performance (P) / Throttle (T) States
Nominal Frequency (MHz): 3400
Maximum performance percentage: 100
Minimum performance percentage: 64
Minimum throttle percentage: 64

Event[1264]:
  Log Name: System
  Source: Microsoft-Windows-Kernel-Processor-Power
  Date: 2017-10-09T02:05:53.706
  Event ID: 55
  Task: N/A
  Level: Information
  Opcode: Info
  Keyword: N/A
  User: S-1-5-18
  User Name: NT-AUTORITÄT\SYSTEM
  Computer: DESKTOP-G0L88JA
  Description: 
Processor 6 in group 0 exposes the following power management capabilities:

Idle state type: ACPI Idle (C) States (2 state(s))

Performance state type: ACPI Performance (P) / Throttle (T) States
Nominal Frequency (MHz): 3400
Maximum performance percentage: 100
Minimum performance percentage: 64
Minimum throttle percentage: 64

Event[1265]:
  Log Name: System
  Source: Microsoft-Windows-Kernel-Processor-Power
  Date: 2017-10-09T02:05:53.706
  Event ID: 55
  Task: N/A
  Level: Information
  Opcode: Info
  Keyword: N/A
  User: S-1-5-18
  User Name: NT-AUTORITÄT\SYSTEM
  Computer: DESKTOP-G0L88JA
  Description: 
Processor 7 in group 0 exposes the following power management capabilities:

Idle state type: ACPI Idle (C) States (2 state(s))

Performance state type: ACPI Performance (P) / Throttle (T) States
Nominal Frequency (MHz): 3400
Maximum performance percentage: 100
Minimum performance percentage: 64
Minimum throttle percentage: 64

Event[1266]:
  Log Name: System
  Source: Microsoft-Windows-Kernel-Processor-Power
  Date: 2017-10-09T02:05:53.708
  Event ID: 55
  Task: N/A
  Level: Information
  Opcode: Info
  Keyword: N/A
  User: S-1-5-18
  User Name: NT-AUTORITÄT\SYSTEM
  Computer: DESKTOP-G0L88JA
  Description: 
Processor 8 in group 0 exposes the following power management capabilities:

Idle state type: ACPI Idle (C) States (2 state(s))

Performance state type: ACPI Performance (P) / Throttle (T) States
Nominal Frequency (MHz): 3400
Maximum performance percentage: 100
Minimum performance percentage: 64
Minimum throttle percentage: 64

Event[1267]:
  Log Name: System
  Source: Microsoft-Windows-Kernel-Processor-Power
  Date: 2017-10-09T02:05:53.708
  Event ID: 55
  Task: N/A
  Level: Information
  Opcode: Info
  Keyword: N/A
  User: S-1-5-18
  User Name: NT-AUTORITÄT\SYSTEM
  Computer: DESKTOP-G0L88JA
  Description: 
Processor 9 in group 0 exposes the following power management capabilities:

Idle state type: ACPI Idle (C) States (2 state(s))

Performance state type: ACPI Performance (P) / Throttle (T) States
Nominal Frequency (MHz): 3400
Maximum performance percentage: 100
Minimum performance percentage: 64
Minimum throttle percentage: 64

Event[1268]:
  Log Name: System
  Source: Microsoft-Windows-Kernel-Processor-Power
  Date: 2017-10-09T02:05:53.709
  Event ID: 55
  Task: N/A
  Level: Information
  Opcode: Info
  Keyword: N/A
  User: S-1-5-18
  User Name: NT-AUTORITÄT\SYSTEM
  Computer: DESKTOP-G0L88JA
  Description: 
Processor 10 in group 0 exposes the following power management capabilities:

Idle state type: ACPI Idle (C) States (2 state(s))

Performance state type: ACPI Performance (P) / Throttle (T) States
Nominal Frequency (MHz): 3400
Maximum performance percentage: 100
Minimum performance percentage: 64
Minimum throttle percentage: 64

Event[1269]:
  Log Name: System
  Source: Microsoft-Windows-Kernel-Processor-Power
  Date: 2017-10-09T02:05:53.709
  Event ID: 55
  Task: N/A
  Level: Information
  Opcode: Info
  Keyword: N/A
  User: S-1-5-18
  User Name: NT-AUTORITÄT\SYSTEM
  Computer: DESKTOP-G0L88JA
  Description: 
Processor 11 in group 0 exposes the following power management capabilities:

Idle state type: ACPI Idle (C) States (2 state(s))

Performance state type: ACPI Performance (P) / Throttle (T) States
Nominal Frequency (MHz): 3400
Maximum performance percentage: 100
Minimum performance percentage: 64
Minimum throttle percentage: 64

Event[1270]:
  Log Name: System
  Source: Microsoft-Windows-Kernel-Processor-Power
  Date: 2017-10-09T02:05:53.709
  Event ID: 55
  Task: N/A
  Level: Information
  Opcode: Info
  Keyword: N/A
  User: S-1-5-18
  User Name: NT-AUTORITÄT\SYSTEM
  Computer: DESKTOP-G0L88JA
  Description: 
Processor 12 in group 0 exposes the following power management capabilities:

Idle state type: ACPI Idle (C) States (2 state(s))

Performance state type: ACPI Performance (P) / Throttle (T) States
Nominal Frequency (MHz): 3400
Maximum performance percentage: 100
Minimum performance percentage: 64
Minimum throttle percentage: 64

Event[1271]:
  Log Name: System
  Source: Microsoft-Windows-Kernel-Processor-Power
  Date: 2017-10-09T02:05:53.710
  Event ID: 55
  Task: N/A
  Level: Information
  Opcode: Info
  Keyword: N/A
  User: S-1-5-18
  User Name: NT-AUTORITÄT\SYSTEM
  Computer: DESKTOP-G0L88JA
  Description: 
Processor 13 in group 0 exposes the following power management capabilities:

Idle state type: ACPI Idle (C) States (2 state(s))

Performance state type: ACPI Performance (P) / Throttle (T) States
Nominal Frequency (MHz): 3400
Maximum performance percentage: 100
Minimum performance percentage: 64
Minimum throttle percentage: 64

Event[1272]:
  Log Name: System
  Source: Microsoft-Windows-Kernel-Processor-Power
  Date: 2017-10-09T02:05:53.710
  Event ID: 55
  Task: N/A
  Level: Information
  Opcode: Info
  Keyword: N/A
  User: S-1-5-18
  User Name: NT-AUTORITÄT\SYSTEM
  Computer: DESKTOP-G0L88JA
  Description: 
Processor 14 in group 0 exposes the following power management capabilities:

Idle state type: ACPI Idle (C) States (2 state(s))

Performance state type: ACPI Performance (P) / Throttle (T) States
Nominal Frequency (MHz): 3400
Maximum performance percentage: 100
Minimum performance percentage: 64
Minimum throttle percentage: 64

Event[1273]:
  Log Name: System
  Source: Microsoft-Windows-Kernel-Processor-Power
  Date: 2017-10-09T02:05:53.711
  Event ID: 55
  Task: N/A
  Level: Information
  Opcode: Info
  Keyword: N/A
  User: S-1-5-18
  User Name: NT-AUTORITÄT\SYSTEM
  Computer: DESKTOP-G0L88JA
  Description: 
Processor 15 in group 0 exposes the following power management capabilities:

Idle state type: ACPI Idle (C) States (2 state(s))

Performance state type: ACPI Performance (P) / Throttle (T) States
Nominal Frequency (MHz): 3400
Maximum performance percentage: 100
Minimum performance percentage: 64
Minimum throttle percentage: 64

Event[1274]:
  Log Name: System
  Source: Microsoft-Windows-Ntfs
  Date: 2017-10-09T02:05:53.808
  Event ID: 98
  Task: N/A
  Level: Information
  Opcode: Info
  Keyword: N/A
  User: S-1-5-18
  User Name: NT-AUTORITÄT\SYSTEM
  Computer: DESKTOP-G0L88JA
  Description: 
Volume E: (\Device\HarddiskVolume2) is healthy.  No action is needed.

Event[1275]:
  Log Name: System
  Source: Microsoft-Windows-Ntfs
  Date: 2017-10-09T02:05:53.881
  Event ID: 98
  Task: N/A
  Level: Information
  Opcode: Info
  Keyword: N/A
  User: S-1-5-18
  User Name: NT-AUTORITÄT\SYSTEM
  Computer: DESKTOP-G0L88JA
  Description: 
Volume \\?\Volume{800ef89d-8257-403d-9c5a-7bf08325d54e} (\Device\HarddiskVolume3) is healthy.  No action is needed.

Event[1276]:
  Log Name: System
  Source: Microsoft-Windows-Wininit
  Date: 2017-10-09T02:05:54.635
  Event ID: 14
  Task: N/A
  Level: Information
  Opcode: Info
  Keyword: N/A
  User: S-1-5-18
  User Name: NT-AUTORITÄT\SYSTEM
  Computer: DESKTOP-G0L88JA
  Description: 
Credential Guard (LsaIso.exe) configuration: 0x0, 0

Event[1277]:
  Log Name: System
  Source: Microsoft-Windows-Directory-Services-SAM
  Date: 2017-10-09T02:05:54.757
  Event ID: 16962
  Task: N/A
  Level: Information
  Opcode: Info
  Keyword: N/A
  User: S-1-5-18
  User Name: NT-AUTORITÄT\SYSTEM
  Computer: DESKTOP-G0L88JA
  Description: 
Remote calls to the SAM database are being restricted using the default security descriptor: O:SYG:SYD:(A;;RC;;;BA).
For more information please see http://go.microsoft.com/fwlink/?LinkId=787651.

Event[1278]:
  Log Name: System
  Source: Microsoft-Windows-FilterManager
  Date: 2017-10-09T02:05:56.356
  Event ID: 6
  Task: N/A
  Level: Information
  Opcode: Info
  Keyword: N/A
  User: S-1-5-18
  User Name: NT-AUTORITÄT\SYSTEM
  Computer: DESKTOP-G0L88JA
  Description: 
File System Filter 'wcifs' (10.0, ?2079?-?07?-?15T20:50:57.000000000Z) has successfully loaded and registered with Filter Manager.

Event[1279]:
  Log Name: System
  Source: Microsoft-Windows-Dhcp-Client
  Date: 2017-10-09T02:05:56.357
  Event ID: 50036
  Task: Service State Event
  Level: Information
  Opcode: ServiceStart
  Keyword: N/A
  User: S-1-5-19
  User Name: NT-AUTORITÄT\Lokaler Dienst
  Computer: DESKTOP-G0L88JA
  Description: 
DHCPv4 client service is started

Event[1280]:
  Log Name: System
  Source: Microsoft-Windows-Dhcp-Client
  Date: 2017-10-09T02:05:56.357
  Event ID: 50103
  Task: Service State Event
  Level: Information
  Opcode: ServiceShutdown
  Keyword: N/A
  User: S-1-5-19
  User Name: NT-AUTORITÄT\Lokaler Dienst
  Computer: DESKTOP-G0L88JA
  Description: 
DHCPv4 client registered for shutdown notification

Event[1281]:
  Log Name: System
  Source: Microsoft-Windows-DHCPv6-Client
  Date: 2017-10-09T02:05:56.364
  Event ID: 51046
  Task: Service State Event
  Level: Information
  Opcode: ServiceStart
  Keyword: N/A
  User: S-1-5-19
  User Name: NT-AUTORITÄT\Lokaler Dienst
  Computer: DESKTOP-G0L88JA
  Description: 
DHCPv6 client service is started

Event[1282]:
  Log Name: System
  Source: Microsoft-Windows-FilterManager
  Date: 2017-10-09T02:05:56.375
  Event ID: 6
  Task: N/A
  Level: Information
  Opcode: Info
  Keyword: N/A
  User: S-1-5-18
  User Name: NT-AUTORITÄT\SYSTEM
  Computer: DESKTOP-G0L88JA
  Description: 
File System Filter 'luafv' (10.0, ?2037?-?06?-?08T11:55:59.000000000Z) has successfully loaded and registered with Filter Manager.

Event[1283]:
  Log Name: System
  Source: Service Control Manager
  Date: 2017-10-09T02:05:56.364
  Event ID: 7000
  Task: N/A
  Level: Error
  Opcode: N/A
  Keyword: Classic
  User: N/A
  User Name: N/A
  Computer: DESKTOP-G0L88JA
  Description: 
The CldFlt service failed to start due to the following error: 
The request is not supported.

Event[1284]:
  Log Name: System
  Source: Microsoft-Windows-FilterManager
  Date: 2017-10-09T02:05:56.380
  Event ID: 6
  Task: N/A
  Level: Information
  Opcode: Info
  Keyword: N/A
  User: S-1-5-18
  User Name: NT-AUTORITÄT\SYSTEM
  Computer: DESKTOP-G0L88JA
  Description: 
File System Filter 'storqosflt' (10.0, ?2015?-?12?-?18T05:36:27.000000000Z) has successfully loaded and registered with Filter Manager.

Event[1285]:
  Log Name: System
  Source: Service Control Manager
  Date: 2017-10-09T02:05:56.864
  Event ID: 7026
  Task: N/A
  Level: Information
  Opcode: N/A
  Keyword: Classic
  User: N/A
  User Name: N/A
  Computer: DESKTOP-G0L88JA
  Description: 
The following boot-start or system-start driver(s) did not load: 
dam

Event[1286]:
  Log Name: System
  Source: Microsoft-Windows-Winlogon
  Date: 2017-10-09T02:06:02.779
  Event ID: 7001
  Task: N/A
  Level: Information
  Opcode: Info
  Keyword: N/A
  User: S-1-5-18
  User Name: NT-AUTORITÄT\SYSTEM
  Computer: DESKTOP-G0L88JA
  Description: 
User Logon Notification for Customer Experience Improvement Program

Event[1287]:
  Log Name: System
  Source: Microsoft-Windows-Kernel-General
  Date: 2017-10-09T02:08:02.746
  Event ID: 12
  Task: N/A
  Level: Information
  Opcode: Info
  Keyword: N/A
  User: S-1-5-18
  User Name: NT-AUTORITÄT\SYSTEM
  Computer: DESKTOP-G0L88JA
  Description: 
The operating system started at system time ?2017?-?10?-?09T00:08:02.497583100Z.

Event[1288]:
  Log Name: System
  Source: EventLog
  Date: 2017-10-09T02:08:07.844
  Event ID: 6008
  Task: N/A
  Level: Error
  Opcode: N/A
  Keyword: Classic
  User: N/A
  User Name: N/A
  Computer: DESKTOP-G0L88JA
  Description: 
The previous system shutdown at 02:05:56 on ?09.?10.?2017 was unexpected.

Event[1289]:
