  Log Name: System
  Source: Microsoft-Windows-WMPNSS-Service
  Date: 2017-06-25T21:34:07.219
  Event ID: 14210
  Task: N/A
  Level: Information
  Opcode: N/A
  Keyword: Classic
  User: N/A
  User Name: N/A
  Computer: asus
  Description: 
The monitored folders on media server 'dypcdiver' changed.  Windows Media Player is updating security permissions for any included folders to enable media sharing.

Event[2530]:
  Log Name: System
  Source: Lfsvc
  Date: 2017-06-25T21:43:08.082
  Event ID: 2
  Task: N/A
  Level: Information
  Opcode: Info
  Keyword: Classic
  User: N/A
  User Name: N/A
  Computer: asus
  Description: 
Geolocation positioning has been disabled by the user.

Event[2531]:
  Log Name: System
  Source: BROWSER
  Date: 2017-06-25T21:55:53.818
  Event ID: 8033
  Task: N/A
  Level: Information
  Opcode: N/A
  Keyword: Classic
  User: N/A
  User Name: N/A
  Computer: asus
  Description: 
The browser has forced an election on network \Device\NetBT_Tcpip_{9BDEC3C0-593A-4153-9F03-5C10C29CCBFE} because a master browser was stopped.

Event[2532]:
  Log Name: System
  Source: Microsoft-Windows-DNS-Client
  Date: 2017-06-25T21:56:06.911
  Event ID: 1014
  Task: N/A
  Level: Warning
  Opcode: Info
  Keyword: N/A
  User: S-1-5-20
  User Name: NT AUTHORITY\NETWORK SERVICE
  Computer: asus
  Description: 
Name resolution for the name _ldap._tcp.dc._msdcs.WORKGROUP timed out after none of the configured DNS servers responded.

Event[2533]:
  Log Name: System
  Source: Microsoft-Windows-DNS-Client
  Date: 2017-06-25T21:56:09.836
  Event ID: 1014
  Task: N/A
  Level: Warning
  Opcode: Info
  Keyword: N/A
  User: S-1-5-20
  User Name: NT AUTHORITY\NETWORK SERVICE
  Computer: asus
  Description: 
Name resolution for the name wpad timed out after none of the configured DNS servers responded.

Event[2534]:
  Log Name: System
  Source: Microsoft-Windows-DNS-Client
  Date: 2017-06-25T21:56:12.846
  Event ID: 1014
  Task: N/A
  Level: Warning
  Opcode: Info
  Keyword: N/A
  User: S-1-5-20
  User Name: NT AUTHORITY\NETWORK SERVICE
  Computer: asus
  Description: 
Name resolution for the name wpad timed out after none of the configured DNS servers responded.

Event[2535]:
  Log Name: System
  Source: Microsoft-Windows-DNS-Client
  Date: 2017-06-25T21:56:15.475
  Event ID: 1014
  Task: N/A
  Level: Warning
  Opcode: Info
  Keyword: N/A
  User: S-1-5-20
  User Name: NT AUTHORITY\NETWORK SERVICE
  Computer: asus
  Description: 
Name resolution for the name wpad timed out after none of the configured DNS servers responded.

Event[2536]:
  Log Name: System
  Source: Microsoft-Windows-DNS-Client
  Date: 2017-06-25T21:56:34.488
  Event ID: 1014
  Task: N/A
  Level: Warning
  Opcode: Info
  Keyword: N/A
  User: S-1-5-20
  User Name: NT AUTHORITY\NETWORK SERVICE
  Computer: asus
  Description: 
Name resolution for the name _ldap._tcp.dc._msdcs.WORKGROUP timed out after none of the configured DNS servers responded.

Event[2537]:
  Log Name: System
  Source: Microsoft-Windows-DNS-Client
  Date: 2017-06-25T21:56:35.975
  Event ID: 1014
  Task: N/A
  Level: Warning
  Opcode: Info
  Keyword: N/A
  User: S-1-5-20
  User Name: NT AUTHORITY\NETWORK SERVICE
  Computer: asus
  Description: 
Name resolution for the name wpad timed out after none of the configured DNS servers responded.

Event[2538]:
  Log Name: System
  Source: User32
  Date: 2017-06-25T22:07:17.131
  Event ID: 1074
  Task: N/A
  Level: Information
  Opcode: N/A
  Keyword: Classic
  User: S-1-5-21-2727687409-414627687-575682064-1001
  User Name: ASUS\dypcdiver
  Computer: asus
  Description: 
The process C:\Windows\System32\RuntimeBroker.exe (ASUS) has initiated the power off of computer ASUS on behalf of user ASUS\dypcdiver for the following reason: Other (Unplanned)
 Reason Code: 0x0
 Shut-down Type: power off
 Comment: 

Event[2539]:
  Log Name: System
  Source: Microsoft-Windows-GroupPolicy
  Date: 2017-06-25T22:07:17.728
  Event ID: 1500
  Task: N/A
  Level: Information
  Opcode: Start
  Keyword: N/A
  User: S-1-5-18
  User Name: NT AUTHORITY\SYSTEM
  Computer: asus
  Description: 
The Group Policy settings for the computer were processed successfully. There were no changes detected since the last successful processing of Group Policy.

Event[2540]:
  Log Name: System
  Source: Microsoft-Windows-GroupPolicy
  Date: 2017-06-25T22:07:17.728
  Event ID: 1501
  Task: N/A
  Level: Information
  Opcode: Start
  Keyword: N/A
  User: S-1-5-21-2727687409-414627687-575682064-1001
  User Name: ASUS\dypcdiver
  Computer: asus
  Description: 
The Group Policy settings for the user were processed successfully. There were no changes detected since the last successful processing of Group Policy.

Event[2541]:
  Log Name: System
  Source: Microsoft-Windows-Winlogon
  Date: 2017-06-25T22:07:20.806
  Event ID: 7002
  Task: N/A
  Level: Information
  Opcode: Info
  Keyword: N/A
  User: S-1-5-18
  User Name: NT AUTHORITY\SYSTEM
  Computer: asus
  Description: 
User Log-off Notification for Customer Experience Improvement Program

Event[2542]:
  Log Name: System
  Source: Microsoft-Windows-Kernel-Power
  Date: 2017-06-25T22:07:24.181
  Event ID: 42
  Task: N/A
  Level: Information
  Opcode: Info
  Keyword: N/A
  User: N/A
  User Name: N/A
  Computer: asus
  Description: 
The system is entering sleep.

Sleep Reason: Application API

Event[2543]:
  Log Name: System
  Source: BROWSER
  Date: 2017-06-25T22:07:25.627
  Event ID: 8033
  Task: N/A
  Level: Information
  Opcode: N/A
  Keyword: Classic
  User: N/A
  User Name: N/A
  Computer: asus
  Description: 
The browser has forced an election on network \Device\NetBT_Tcpip_{9BDEC3C0-593A-4153-9F03-5C10C29CCBFE} because a master browser was stopped.

Event[2544]:
  Log Name: System
  Source: Microsoft-Windows-Kernel-Power
  Date: 2017-06-25T22:07:26.332
  Event ID: 107
  Task: N/A
  Level: Information
  Opcode: Info
  Keyword: N/A
  User: N/A
  User Name: N/A
  Computer: asus
  Description: 
The system has resumed from sleep.

Event[2545]:
  Log Name: System
  Source: Microsoft-Windows-Kernel-General
  Date: 2017-06-26T08:31:27.499
  Event ID: 1
  Task: N/A
  Level: Information
  Opcode: Info
  Keyword: Time
  User: N/A
  User Name: N/A
  Computer: asus
  Description: 
The system time has changed to ?2017?-?06?-?26T06:31:27.500000000Z from ?2017?-?06?-?25T20:07:26.333022600Z.

Change Reason: System time synchronized with the hardware clock.

Event[2546]:
  Log Name: System
  Source: Microsoft-Windows-Kernel-Boot
  Date: 2017-06-26T08:31:28.183
  Event ID: 25
  Task: N/A
  Level: Information
  Opcode: Info
  Keyword: N/A
  User: N/A
  User Name: N/A
  Computer: asus
  Description: 
The boot menu policy was 0x1.

Event[2547]:
  Log Name: System
  Source: Microsoft-Windows-Kernel-Boot
  Date: 2017-06-26T08:31:28.183
  Event ID: 27
  Task: N/A
  Level: Information
  Opcode: Info
  Keyword: N/A
  User: N/A
  User Name: N/A
  Computer: asus
  Description: 
The boot type was 0x1.

Event[2548]:
  Log Name: System
  Source: Microsoft-Windows-Kernel-Boot
  Date: 2017-06-26T08:31:28.183
  Event ID: 18
  Task: N/A
  Level: Information
  Opcode: Info
  Keyword: N/A
  User: N/A
  User Name: N/A
  Computer: asus
  Description: 
There are 0x2 boot options on this system.

Event[2549]:
  Log Name: System
  Source: Microsoft-Windows-Kernel-Boot
  Date: 2017-06-26T08:31:28.183
  Event ID: 32
  Task: N/A
  Level: Information
  Opcode: Info
  Keyword: N/A
  User: N/A
  User Name: N/A
  Computer: asus
  Description: 
The bootmgr spent 0 ms waiting for user input.

Event[2550]:
  Log Name: System
  Source: Microsoft-Windows-Power-Troubleshooter
  Date: 2017-06-26T08:31:32.245
  Event ID: 1
  Task: N/A
  Level: Information
  Opcode: Info
  Keyword: N/A
  User: S-1-5-19
  User Name: NT AUTHORITY\LOCAL SERVICE
  Computer: asus
  Description: 
The system has returned from a low power state.

Sleep Time: ?2017?-?06?-?25T20:07:21.340551200Z
Wake Time: ?2017?-?06?-?26T06:31:29.529525800Z

Wake Source: Unknown

Event[2551]:
  Log Name: System
  Source: Microsoft-Windows-Winlogon
  Date: 2017-06-26T08:32:01.390
  Event ID: 7001
  Task: N/A
  Level: Information
  Opcode: Info
  Keyword: N/A
  User: S-1-5-18
  User Name: NT AUTHORITY\SYSTEM
  Computer: asus
  Description: 
User Log-on Notification for Customer Experience Improvement Program

Event[2552]:
  Log Name: System
  Source: Microsoft-Windows-WMPNSS-Service
  Date: 2017-06-26T08:32:16.326
  Event ID: 14210
  Task: N/A
  Level: Information
  Opcode: N/A
  Keyword: Classic
  User: N/A
  User Name: N/A
  Computer: asus
  Description: 
The monitored folders on media server 'dypcdiver' changed.  Windows Media Player is updating security permissions for any included folders to enable media sharing.

Event[2553]:
  Log Name: System
  Source: Service Control Manager
  Date: 2017-06-26T08:34:30.130
  Event ID: 7040
  Task: N/A
  Level: Information
  Opcode: N/A
  Keyword: Classic
  User: S-1-5-18
  User Name: NT AUTHORITY\SYSTEM
  Computer: asus
  Description: 
The start type of the Background Intelligent Transfer Service service was changed from demand start to auto start.

Event[2554]:
  Log Name: System
  Source: Microsoft-Windows-WindowsUpdateClient
  Date: 2017-06-26T08:34:53.544
  Event ID: 44
  Task: Windows Update Agent
  Level: Information
  Opcode: Download
  Keyword: Download,Started
  User: S-1-5-18
  User Name: NT AUTHORITY\SYSTEM
  Computer: asus
  Description: 
Windows Update started downloading an update.

Event[2555]:
  Log Name: System
  Source: Microsoft-Windows-WindowsUpdateClient
  Date: 2017-06-26T08:34:53.544
  Event ID: 44
  Task: Windows Update Agent
  Level: Information
  Opcode: Download
  Keyword: Download,Started
  User: S-1-5-18
  User Name: NT AUTHORITY\SYSTEM
  Computer: asus
  Description: 
Windows Update started downloading an update.

Event[2556]:
  Log Name: System
  Source: Microsoft-Windows-Kernel-General
  Date: 2017-06-26T08:34:56.329
  Event ID: 16
  Task: N/A
  Level: Information
  Opcode: Info
  Keyword: N/A
  User: S-1-5-18
  User Name: NT AUTHORITY\SYSTEM
  Computer: asus
  Description: 
The access history in hive \??\C:\ProgramData\Microsoft\Windows\AppRepository\Packages\Microsoft.Advertising.Xaml_10.1706.1.0_x64__8wekyb3d8bbwe\ActivationStore.dat was cleared updating 0 keys and creating 0 modified pages.

Event[2557]:
  Log Name: System
  Source: Microsoft-Windows-Kernel-General
  Date: 2017-06-26T08:34:58.845
  Event ID: 16
  Task: N/A
  Level: Information
  Opcode: Info
  Keyword: N/A
  User: S-1-5-18
  User Name: NT AUTHORITY\SYSTEM
  Computer: asus
  Description: 
The access history in hive \??\C:\ProgramData\Microsoft\Windows\AppRepository\Packages\Microsoft.Advertising.Xaml_10.1706.1.0_x86__8wekyb3d8bbwe\ActivationStore.dat was cleared updating 0 keys and creating 0 modified pages.

Event[2558]:
  Log Name: System
  Source: Service Control Manager
  Date: 2017-06-26T08:36:33.733
  Event ID: 7040
  Task: N/A
  Level: Information
  Opcode: N/A
  Keyword: Classic
  User: S-1-5-18
  User Name: NT AUTHORITY\SYSTEM
  Computer: asus
  Description: 
The start type of the Background Intelligent Transfer Service service was changed from auto start to demand start.

Event[2559]:
  Log Name: System
  Source: Microsoft-Windows-Time-Service
  Date: 2017-06-26T08:53:02.109
  Event ID: 158
  Task: N/A
  Level: Information
  Opcode: Info
  Keyword: N/A
  User: S-1-5-19
  User Name: NT AUTHORITY\LOCAL SERVICE
  Computer: asus
  Description: 
The time provider 'VMICTimeProvider' has indicated that the current hardware and operating environment is not supported and has stopped. This behavior is expected for VMICTimeProvider on non-HyperV-guest environments. This may be the expected behavior for the current provider in the current operating environment as well.

Event[2560]:
  Log Name: System
  Source: Microsoft-Windows-Time-Service
  Date: 2017-06-26T08:53:03.851
  Event ID: 37
  Task: N/A
  Level: Information
  Opcode: Info
  Keyword: N/A
  User: S-1-5-19
  User Name: NT AUTHORITY\LOCAL SERVICE
  Computer: asus
  Description: 
The time provider NtpClient is currently receiving valid time data from time.windows.com,0x9 (ntp.m|0x9|0.0.0.0:123->51.141.32.51:123).

Event[2561]:
  Log Name: System
  Source: Microsoft-Windows-Time-Service
  Date: 2017-06-26T08:53:18.268
  Event ID: 35
  Task: N/A
  Level: Information
  Opcode: Info
  Keyword: N/A
  User: S-1-5-19
  User Name: NT AUTHORITY\LOCAL SERVICE
  Computer: asus
  Description: 
The time service is now synchronizing the system time with the time source time.windows.com,0x9 (ntp.m|0x9|0.0.0.0:123->51.141.32.51:123).

Event[2562]:
  Log Name: System
  Source: Microsoft-Windows-Kernel-General
  Date: 2017-06-26T08:53:18.269
  Event ID: 1
  Task: N/A
  Level: Information
  Opcode: Info
  Keyword: Time
  User: S-1-5-19
  User Name: NT AUTHORITY\LOCAL SERVICE
  Computer: asus
  Description: 
The system time has changed to ?2017?-?06?-?26T06:53:18.269000000Z from ?2017?-?06?-?26T06:53:18.269225600Z.

Change Reason: An application or system component changed the time.

Event[2563]:
  Log Name: System
  Source: Microsoft-Windows-Kernel-General
  Date: 2017-06-26T08:53:58.669
  Event ID: 16
  Task: N/A
  Level: Information
  Opcode: Info
  Keyword: N/A
  User: S-1-5-18
  User Name: NT AUTHORITY\SYSTEM
  Computer: asus
  Description: 
The access history in hive \??\C:\ProgramData\Microsoft\Provisioning\Microsoft-Desktop-Provisioning-Sequence.dat was cleared updating 0 keys and creating 0 modified pages.

Event[2564]:
  Log Name: System
  Source: Microsoft-Windows-UserModePowerService
  Date: 2017-06-26T08:54:07.429
  Event ID: 22
  Task: N/A
  Level: Information
  Opcode: Info
  Keyword: N/A
  User: S-1-5-18
  User Name: NT AUTHORITY\SYSTEM
  Computer: asus
  Description: 
Reapply power settings upon completion of the provisioning engine's turn 5

Event[2565]:
  Log Name: System
  Source: Microsoft-Windows-Kernel-General
  Date: 2017-06-26T09:10:09.643
  Event ID: 11
  Task: N/A
  Level: Information
  Opcode: Info
  Keyword: N/A
  User: S-1-5-18
  User Name: NT AUTHORITY\SYSTEM
  Computer: asus
  Description: 
TxR init phase for hive \??\GLOBALROOT\Device\HarddiskVolumeShadowCopy5\WINDOWS\System32\config\SYSTEM (TM: {09C9474D-59DD-11E7-B21D-485B391076A8}, RM: {09C9474C-59DD-11E7-B21D-485B391076A8}) finished with result=0xC00000A2 (Internal code=7).

Event[2566]:
  Log Name: System
  Source: Microsoft-Windows-Kernel-General
  Date: 2017-06-26T09:10:09.879
  Event ID: 11
  Task: N/A
  Level: Information
  Opcode: Info
  Keyword: N/A
  User: S-1-5-18
  User Name: NT AUTHORITY\SYSTEM
  Computer: asus
  Description: 
TxR init phase for hive \??\GLOBALROOT\Device\HarddiskVolumeShadowCopy5\WINDOWS\System32\config\DRIVERS (TM: {09C9474F-59DD-11E7-B21D-485B391076A8}, RM: {09C9474E-59DD-11E7-B21D-485B391076A8}) finished with result=0xC00000A2 (Internal code=7).

Event[2567]:
  Log Name: System
  Source: Service Control Manager
  Date: 2017-06-26T09:43:19.293
  Event ID: 7040
  Task: N/A
  Level: Information
  Opcode: N/A
  Keyword: Classic
  User: S-1-5-18
  User Name: NT AUTHORITY\SYSTEM
  Computer: asus
  Description: 
The start type of the Background Intelligent Transfer Service service was changed from demand start to auto start.

Event[2568]:
  Log Name: System
  Source: Service Control Manager
  Date: 2017-06-26T09:46:42.152
  Event ID: 7040
  Task: N/A
  Level: Information
  Opcode: N/A
  Keyword: Classic
  User: S-1-5-18
  User Name: NT AUTHORITY\SYSTEM
  Computer: asus
  Description: 
The start type of the Background Intelligent Transfer Service service was changed from auto start to demand start.

Event[2569]:
  Log Name: System
  Source: Microsoft-Windows-DNS-Client
  Date: 2017-06-26T09:47:54.617
  Event ID: 1014
  Task: N/A
  Level: Warning
  Opcode: Info
  Keyword: N/A
  User: S-1-5-20
  User Name: NT AUTHORITY\NETWORK SERVICE
  Computer: asus
  Description: 
Name resolution for the name ums.adtechus.com timed out after none of the configured DNS servers responded.

Event[2570]:
  Log Name: System
  Source: Microsoft-Windows-Kernel-General
  Date: 2017-06-26T11:29:22.700
  Event ID: 12
  Task: N/A
  Level: Information
  Opcode: Info
  Keyword: N/A
  User: S-1-5-18
  User Name: NT AUTHORITY\SYSTEM
  Computer: asus
  Description: 
The operating system started at system time ?2017?-?06?-?26T09:29:22.487560200Z.

Event[2571]:
  Log Name: System
  Source: EventLog
  Date: 2017-06-26T11:29:52.707
  Event ID: 6008
  Task: N/A
  Level: Error
  Opcode: N/A
  Keyword: Classic
  User: N/A
  User Name: N/A
  Computer: asus
  Description: 
The previous system shutdown at 10:37:06 on ?26/?06/?2017 was unexpected.

Event[2572]:
  Log Name: System
  Source: EventLog
  Date: 2017-06-26T11:29:52.707
  Event ID: 6009
  Task: N/A
  Level: Information
  Opcode: N/A
  Keyword: Classic
  User: N/A
  User Name: N/A
  Computer: asus
  Description: 
Microsoft (R) Windows (R) 10.00. 15063  Multiprocessor Free.

Event[2573]:
  Log Name: System
  Source: EventLog
  Date: 2017-06-26T11:29:52.707
  Event ID: 6005
  Task: N/A
  Level: Information
  Opcode: N/A
  Keyword: Classic
  User: N/A
  User Name: N/A
  Computer: asus
  Description: 
The Event log service was started.

Event[2574]:
  Log Name: System
  Source: EventLog
  Date: 2017-06-26T11:29:52.707
  Event ID: 6013
  Task: N/A
  Level: Information
  Opcode: N/A
  Keyword: Classic
  User: N/A
  User Name: N/A
  Computer: asus
  Description: 
The system uptime is 30 seconds.

Event[2575]:
  Log Name: System
  Source: Microsoft-Windows-Kernel-Boot
  Date: 2017-06-26T11:29:22.700
  Event ID: 153
  Task: N/A
  Level: Information
  Opcode: Info
  Keyword: N/A
  User: S-1-5-18
  User Name: NT AUTHORITY\SYSTEM
  Computer: asus
  Description: 
Virtualization-based security (policies: 0) is disabled.

Event[2576]:
  Log Name: System
  Source: Microsoft-Windows-Kernel-Boot
  Date: 2017-06-26T11:29:22.700
  Event ID: 16
  Task: N/A
  Level: Error
  Opcode: Info
  Keyword: N/A
  User: S-1-5-18
  User Name: NT AUTHORITY\SYSTEM
  Computer: asus
  Description: 
Windows failed to resume from hibernate with error status 0xC0000001.

Event[2577]:
  Log Name: System
  Source: Microsoft-Windows-Kernel-Boot
  Date: 2017-06-26T11:29:22.700
  Event ID: 18
  Task: N/A
  Level: Information
  Opcode: Info
  Keyword: N/A
  User: S-1-5-18
  User Name: NT AUTHORITY\SYSTEM
  Computer: asus
  Description: 
There are 0x2 boot options on this system.

Event[2578]:
  Log Name: System
  Source: Microsoft-Windows-Kernel-Boot
  Date: 2017-06-26T11:29:22.700
  Event ID: 32
  Task: N/A
  Level: Information
  Opcode: Info
  Keyword: N/A
  User: S-1-5-18
  User Name: NT AUTHORITY\SYSTEM
  Computer: asus
  Description: 
The bootmgr spent 0 ms waiting for user input.

Event[2579]:
  Log Name: System
  Source: Microsoft-Windows-Kernel-Boot
  Date: 2017-06-26T11:29:22.700
  Event ID: 20
  Task: N/A
  Level: Information
  Opcode: Info
  Keyword: N/A
  User: S-1-5-18
  User Name: NT AUTHORITY\SYSTEM
  Computer: asus
  Description: 
The last shutdown's success status was false. The last boot's success status was true.

Event[2580]:
  Log Name: System
  Source: Microsoft-Windows-Kernel-Boot
  Date: 2017-06-26T11:29:22.700
  Event ID: 27
  Task: N/A
  Level: Information
  Opcode: Info
  Keyword: N/A
  User: S-1-5-18
  User Name: NT AUTHORITY\SYSTEM
  Computer: asus
  Description: 
The boot type was 0x0.

Event[2581]:
  Log Name: System
  Source: Microsoft-Windows-Kernel-Boot
  Date: 2017-06-26T11:29:22.700
  Event ID: 25
  Task: N/A
  Level: Information
  Opcode: Info
  Keyword: N/A
  User: S-1-5-18
  User Name: NT AUTHORITY\SYSTEM
  Computer: asus
  Description: 
The boot menu policy was 0x1.

Event[2582]:
  Log Name: System
  Source: Microsoft-Windows-Kernel-Boot
  Date: 2017-06-26T11:29:22.700
  Event ID: 18
  Task: N/A
  Level: Information
  Opcode: Info
  Keyword: N/A
  User: S-1-5-18
  User Name: NT AUTHORITY\SYSTEM
  Computer: asus
  Description: 
There are 0x2 boot options on this system.

Event[2583]:
  Log Name: System
  Source: Microsoft-Windows-Kernel-Boot
  Date: 2017-06-26T11:29:22.700
  Event ID: 32
  Task: N/A
  Level: Information
  Opcode: Info
  Keyword: N/A
  User: S-1-5-18
  User Name: NT AUTHORITY\SYSTEM
  Computer: asus
  Description: 
The bootmgr spent 0 ms waiting for user input.

Event[2584]:
  Log Name: System
  Source: Microsoft-Windows-FilterManager
  Date: 2017-06-26T11:29:26.555
  Event ID: 6
  Task: N/A
  Level: Information
  Opcode: Info
  Keyword: N/A
  User: S-1-5-18
  User Name: NT AUTHORITY\SYSTEM
  Computer: asus
  Description: 
File System Filter 'FileInfo' (10.0, ?2042?-?06?-?30T16:43:32.000000000Z) has successfully loaded and registered with Filter Manager.

Event[2585]:
  Log Name: System
  Source: Microsoft-Windows-FilterManager
  Date: 2017-06-26T11:29:26.556
  Event ID: 6
  Task: N/A
  Level: Information
  Opcode: Info
  Keyword: N/A
  User: S-1-5-18
  User Name: NT AUTHORITY\SYSTEM
  Computer: asus
  Description: 
File System Filter 'Wof' (10.0, ?1974?-?03?-?12T00:47:45.000000000Z) has successfully loaded and registered with Filter Manager.

Event[2586]:
  Log Name: System
  Source: Microsoft-Windows-Ntfs
  Date: 2017-06-26T11:29:31.368
  Event ID: 98
  Task: N/A
  Level: Information
  Opcode: Info
  Keyword: N/A
  User: S-1-5-18
  User Name: NT AUTHORITY\SYSTEM
  Computer: asus
  Description: 
Volume C: (\Device\HarddiskVolume2) is healthy.  No action is needed.

Event[2587]:
  Log Name: System
  Source: Microsoft-Windows-FilterManager
  Date: 2017-06-26T11:29:31.672
  Event ID: 6
  Task: N/A
  Level: Information
  Opcode: Info
  Keyword: N/A
  User: S-1-5-18
  User Name: NT AUTHORITY\SYSTEM
  Computer: asus
  Description: 
File System Filter 'FileCrypt' (10.0, ?2030?-?05?-?28T10:10:59.000000000Z) has successfully loaded and registered with Filter Manager.

Event[2588]:
  Log Name: System
  Source: Microsoft-Windows-WMPNSS-Service
  Date: 2017-06-26T11:29:58.255
  Event ID: 14204
  Task: N/A
  Level: Information
  Opcode: N/A
  Keyword: Classic
  User: N/A
  User Name: N/A
  Computer: asus
  Description: 
Service 'WMPNetworkSvc' started.

Event[2589]:
  Log Name: System
  Source: avkmgr
  Date: 2017-06-26T11:29:32.225
  Event ID: 17
  Task: N/A
  Level: Information
  Opcode: N/A
  Keyword: Classic
  User: N/A
  User Name: N/A
  Computer: asus
  Description: 
avkmgr.sys successfully loaded

Event[2590]:
  Log Name: System
  Source: avipbb
  Date: 2017-06-26T11:29:32.350
  Event ID: 17
  Task: N/A
  Level: Information
  Opcode: N/A
  Keyword: Classic
  User: N/A
  User Name: N/A
  Computer: asus
  Description: 
avipbb.sys successfully loaded

Event[2591]:
  Log Name: System
  Source: Microsoft-Windows-FilterManager
  Date: 2017-06-26T11:29:32.361
  Event ID: 6
  Task: N/A
  Level: Information
  Opcode: Info
  Keyword: N/A
  User: S-1-5-18
  User Name: NT AUTHORITY\SYSTEM
  Computer: asus
  Description: 
File System Filter 'npsvctrig' (10.0, ?2097?-?07?-?25T12:18:05.000000000Z) has successfully loaded and registered with Filter Manager.

Event[2592]:
  Log Name: System
  Source: Microsoft-Windows-Kernel-Power
  Date: 2017-06-26T11:29:32.374
  Event ID: 41
  Task: N/A
  Level: Critical
  Opcode: Info
  Keyword: N/A
  User: S-1-5-18
  User Name: NT AUTHORITY\SYSTEM
  Computer: asus
  Description: 
The system has rebooted without cleanly shutting down first. This error could be caused if the system stopped responding, crashed, or lost power unexpectedly.

Event[2593]:
  Log Name: System
  Source: Microsoft-Windows-Kernel-Power
  Date: 2017-06-26T11:29:32.393
  Event ID: 172
  Task: N/A
  Level: Information
  Opcode: Info
  Keyword: N/A
  User: S-1-5-18
  User Name: NT AUTHORITY\SYSTEM
  Computer: asus
  Description: 
Connectivity state in standby: Disconnected, Reason: NIC compliance

Event[2594]:
  Log Name: System
  Source: Microsoft-Windows-Kernel-Power
  Date: 2017-06-26T11:29:32.393
  Event ID: 508
  Task: N/A
  Level: Information
  Opcode: Info
  Keyword: N/A
  User: N/A
  User Name: N/A
  Computer: asus
  Description: 
The system has been constrained to a periodic tick 

Reason: Errata Manager override.

Event[2595]:
  Log Name: System
  Source: Microsoft-Windows-Kernel-Processor-Power
  Date: 2017-06-26T11:29:40.642
  Event ID: 55
  Task: N/A
  Level: Information
  Opcode: Info
  Keyword: N/A
  User: S-1-5-18
  User Name: NT AUTHORITY\SYSTEM
  Computer: asus
  Description: 
Processor 0 in group 0 exposes the following power management capabilities:

Idle state type: ACPI Idle (C) States (2 state(s))

Performance state type: ACPI Performance (P) / Throttle (T) States
Nominal Frequency (MHz): 2801
Maximum performance percentage: 100
Minimum performance percentage: 42
Minimum throttle percentage: 42

Event[2596]:
  Log Name: System
  Source: Microsoft-Windows-Kernel-Processor-Power
  Date: 2017-06-26T11:29:40.642
  Event ID: 55
  Task: N/A
  Level: Information
  Opcode: Info
  Keyword: N/A
  User: S-1-5-18
  User Name: NT AUTHORITY\SYSTEM
  Computer: asus
  Description: 
Processor 1 in group 0 exposes the following power management capabilities:

Idle state type: ACPI Idle (C) States (2 state(s))

Performance state type: ACPI Performance (P) / Throttle (T) States
Nominal Frequency (MHz): 2801
Maximum performance percentage: 100
Minimum performance percentage: 42
Minimum throttle percentage: 42

Event[2597]:
  Log Name: System
  Source: Microsoft-Windows-Kernel-Processor-Power
  Date: 2017-06-26T11:29:40.643
  Event ID: 55
  Task: N/A
  Level: Information
  Opcode: Info
  Keyword: N/A
  User: S-1-5-18
  User Name: NT AUTHORITY\SYSTEM
  Computer: asus
  Description: 
Processor 2 in group 0 exposes the following power management capabilities:

Idle state type: ACPI Idle (C) States (2 state(s))

Performance state type: ACPI Performance (P) / Throttle (T) States
Nominal Frequency (MHz): 2801
Maximum performance percentage: 100
Minimum performance percentage: 42
Minimum throttle percentage: 42

Event[2598]:
  Log Name: System
  Source: Microsoft-Windows-Kernel-Processor-Power
  Date: 2017-06-26T11:29:40.644
  Event ID: 55
  Task: N/A
  Level: Information
  Opcode: Info
  Keyword: N/A
  User: S-1-5-18
  User Name: NT AUTHORITY\SYSTEM
  Computer: asus
  Description: 
Processor 3 in group 0 exposes the following power management capabilities:

Idle state type: ACPI Idle (C) States (2 state(s))

Performance state type: ACPI Performance (P) / Throttle (T) States
Nominal Frequency (MHz): 2801
Maximum performance percentage: 100
Minimum performance percentage: 42
Minimum throttle percentage: 42

Event[2599]:
  Log Name: System
  Source: Microsoft-Windows-WMPNSS-Service
  Date: 2017-06-26T11:29:59.356
  Event ID: 14206
  Task: N/A
  Level: Information
  Opcode: N/A
  Keyword: Classic
  User: N/A
  User Name: N/A
  Computer: asus
  Description: 
Media server 'ASUS: dypcdiver:' was successfully initialised and is sharing media with network media devices.

Event[2600]:
  Log Name: System
  Source: HECIx64
  Date: 2017-06-26T11:29:40.709
  Event ID: 2
  Task: N/A
  Level: Information
  Opcode: N/A
  Keyword: Classic
  User: N/A
  User Name: N/A
  Computer: asus
  Description: 
Intel(R) Management Engine Interface driver has started successfully.

Event[2601]:
  Log Name: System
  Source: Microsoft-Windows-Ntfs
  Date: 2017-06-26T11:29:42.989
  Event ID: 98
  Task: N/A
  Level: Information
  Opcode: Info
  Keyword: N/A
  User: S-1-5-18
  User Name: NT AUTHORITY\SYSTEM
  Computer: asus
  Description: 
Volume D: (\Device\HarddiskVolume4) is healthy.  No action is needed.

Event[2602]:
  Log Name: System
  Source: Microsoft-Windows-Ntfs
  Date: 2017-06-26T11:29:43.217
  Event ID: 98
  Task: N/A
  Level: Information
  Opcode: Info
  Keyword: N/A
  User: S-1-5-18
  User Name: NT AUTHORITY\SYSTEM
  Computer: asus
  Description: 
Volume \\?\Volume{c5631e43-0000-0000-0000-100000000000} (\Device\HarddiskVolume1) is healthy.  No action is needed.

Event[2603]:
  Log Name: System
  Source: Microsoft-Windows-Wininit
  Date: 2017-06-26T11:29:51.232
  Event ID: 14
  Task: N/A
  Level: Information
  Opcode: Info
  Keyword: N/A
  User: S-1-5-18
  User Name: NT AUTHORITY\SYSTEM
  Computer: asus
  Description: 
Credential Guard (LsaIso.exe) configuration: 0x0, 0

Event[2604]:
  Log Name: System
  Source: Microsoft-Windows-Directory-Services-SAM
  Date: 2017-06-26T11:29:51.816
  Event ID: 16962
  Task: N/A
  Level: Information
  Opcode: Info
  Keyword: N/A
  User: S-1-5-18
  User Name: NT AUTHORITY\SYSTEM
  Computer: asus
  Description: 
Remote calls to the SAM database are being restricted using the default security descriptor: O:SYG:SYD:(A;;RC;;;BA).
For more information please see http://go.microsoft.com/fwlink/?LinkId=787651.

Event[2605]:
  Log Name: System
  Source: Microsoft-Windows-FilterManager
  Date: 2017-06-26T11:29:52.282
  Event ID: 6
  Task: N/A
  Level: Information
  Opcode: Info
  Keyword: N/A
  User: S-1-5-18
  User Name: NT AUTHORITY\SYSTEM
  Computer: asus
  Description: 
File System Filter 'wcifs' (10.0, ?2088?-?07?-?29T05:04:59.000000000Z) has successfully loaded and registered with Filter Manager.

Event[2606]:
  Log Name: System
  Source: Microsoft-Windows-FilterManager
  Date: 2017-06-26T11:29:52.293
  Event ID: 6
  Task: N/A
  Level: Information
  Opcode: Info
  Keyword: N/A
  User: S-1-5-18
  User Name: NT AUTHORITY\SYSTEM
  Computer: asus
  Description: 
File System Filter 'luafv' (10.0, ?2037?-?06?-?08T11:55:59.000000000Z) has successfully loaded and registered with Filter Manager.

Event[2607]:
  Log Name: System
  Source: Service Control Manager
  Date: 2017-06-26T11:29:52.285
  Event ID: 7000
  Task: N/A
  Level: Error
  Opcode: N/A
  Keyword: Classic
  User: N/A
  User Name: N/A
  Computer: asus
  Description: 
The CldFlt service failed to start due to the following error: 
The request is not supported.

Event[2608]:
  Log Name: System
  Source: Microsoft-Windows-FilterManager
  Date: 2017-06-26T11:29:52.296
  Event ID: 6
  Task: N/A
  Level: Information
  Opcode: Info
  Keyword: N/A
  User: S-1-5-18
  User Name: NT AUTHORITY\SYSTEM
  Computer: asus
  Description: 
File System Filter 'storqosflt' (10.0, ?2015?-?12?-?18T05:36:27.000000000Z) has successfully loaded and registered with Filter Manager.

Event[2609]:
  Log Name: System
  Source: Microsoft-Windows-FilterManager
  Date: 2017-06-26T11:29:52.300
  Event ID: 6
  Task: N/A
  Level: Information
  Opcode: Info
  Keyword: N/A
  User: S-1-5-18
  User Name: NT AUTHORITY\SYSTEM
  Computer: asus
  Description: 
File System Filter 'avgntflt' (6.3, ?2017?-?05?-?03T13:25:46.000000000Z) has successfully loaded and registered with Filter Manager.

Event[2610]:
  Log Name: System
  Source: avgntflt
  Date: 2017-06-26T11:29:52.285
  Event ID: 17
  Task: N/A
  Level: Information
  Opcode: N/A
  Keyword: Classic
  User: N/A
  User Name: N/A
  Computer: asus
  Description: 
avgntflt.sys successfully loaded

Event[2611]:
  Log Name: System
  Source: Microsoft-Windows-DriverFrameworks-UserMode
  Date: 2017-06-26T11:29:52.306
  Event ID: 10114
  Task: Startup of the UMDF reflector
  Level: Information
  Opcode: Info
  Keyword: N/A
  User: S-1-5-18
  User Name: NT AUTHORITY\SYSTEM
  Computer: asus
  Description: 
WUDFPf (part of UMDF) did not load yet. After it does, Windows will start the device again.

Event[2612]:
  Log Name: System
  Source: Microsoft-Windows-Kernel-PnP
  Date: 2017-06-26T11:29:52.306
  Event ID: 219
  Task: N/A
  Level: Warning
  Opcode: Info
  Keyword: N/A
  User: S-1-5-18
  User Name: NT AUTHORITY\SYSTEM
  Computer: asus
  Description: 
The driver \Driver\WudfRd failed to load for the device SWD\WPDBUSENUM\_??_USBSTOR#Disk&Ven_Generic&Prod_STORAGE_DEVICE&Rev_9744#000000009744&2#{53f56307-b6bf-11d0-94f2-00a0c91efb8b}.

Event[2613]:
  Log Name: System
  Source: Microsoft-Windows-DriverFrameworks-UserMode
  Date: 2017-06-26T11:29:52.307
  Event ID: 10114
  Task: Startup of the UMDF reflector
  Level: Information
  Opcode: Info
  Keyword: N/A
  User: S-1-5-18
  User Name: NT AUTHORITY\SYSTEM
  Computer: asus
  Description: 
WUDFPf (part of UMDF) did not load yet. After it does, Windows will start the device again.

Event[2614]:
  Log Name: System
  Source: Microsoft-Windows-Kernel-PnP
  Date: 2017-06-26T11:29:52.307
  Event ID: 219
  Task: N/A
  Level: Warning
  Opcode: Info
  Keyword: N/A
  User: S-1-5-18
  User Name: NT AUTHORITY\SYSTEM
  Computer: asus
  Description: 
The driver \Driver\WudfRd failed to load for the device SWD\WPDBUSENUM\_??_USBSTOR#Disk&Ven_Generic&Prod_STORAGE_DEVICE&Rev_9744#000000009744&0#{53f56307-b6bf-11d0-94f2-00a0c91efb8b}.

Event[2615]:
  Log Name: System
  Source: Microsoft-Windows-DriverFrameworks-UserMode
  Date: 2017-06-26T11:29:52.309
  Event ID: 10114
  Task: Startup of the UMDF reflector
  Level: Information
  Opcode: Info
  Keyword: N/A
  User: S-1-5-18
  User Name: NT AUTHORITY\SYSTEM
  Computer: asus
  Description: 
WUDFPf (part of UMDF) did not load yet. After it does, Windows will start the device again.

Event[2616]:
  Log Name: System
  Source: Microsoft-Windows-Kernel-PnP
  Date: 2017-06-26T11:29:52.309
  Event ID: 219
  Task: N/A
  Level: Warning
  Opcode: Info
  Keyword: N/A
  User: S-1-5-18
  User Name: NT AUTHORITY\SYSTEM
  Computer: asus
  Description: 
The driver \Driver\WudfRd failed to load for the device SWD\WPDBUSENUM\_??_USBSTOR#Disk&Ven_Generic&Prod_STORAGE_DEVICE&Rev_9744#000000009744&3#{53f56307-b6bf-11d0-94f2-00a0c91efb8b}.

Event[2617]:
  Log Name: System
  Source: Microsoft-Windows-DriverFrameworks-UserMode
  Date: 2017-06-26T11:29:52.311
  Event ID: 10114
  Task: Startup of the UMDF reflector
  Level: Information
  Opcode: Info
  Keyword: N/A
  User: S-1-5-18
  User Name: NT AUTHORITY\SYSTEM
  Computer: asus
  Description: 
WUDFPf (part of UMDF) did not load yet. After it does, Windows will start the device again.

Event[2618]:
  Log Name: System
  Source: Microsoft-Windows-Kernel-PnP
  Date: 2017-06-26T11:29:52.311
  Event ID: 219
  Task: N/A
  Level: Warning
  Opcode: Info
  Keyword: N/A
  User: S-1-5-18
  User Name: NT AUTHORITY\SYSTEM
  Computer: asus
  Description: 
The driver \Driver\WudfRd failed to load for the device SWD\WPDBUSENUM\_??_USBSTOR#Disk&Ven_Generic&Prod_STORAGE_DEVICE&Rev_9744#000000009744&1#{53f56307-b6bf-11d0-94f2-00a0c91efb8b}.

Event[2619]:
  Log Name: System
  Source: Microsoft-Windows-DriverFrameworks-UserMode
  Date: 2017-06-26T11:29:52.312
  Event ID: 10114
  Task: Startup of the UMDF reflector
  Level: Information
  Opcode: Info
  Keyword: N/A
  User: S-1-5-18
  User Name: NT AUTHORITY\SYSTEM
  Computer: asus
  Description: 
WUDFPf (part of UMDF) did not load yet. After it does, Windows will start the device again.

Event[2620]:
  Log Name: System
  Source: Microsoft-Windows-Kernel-PnP
  Date: 2017-06-26T11:29:52.312
  Event ID: 219
  Task: N/A
  Level: Warning
  Opcode: Info
  Keyword: N/A
  User: S-1-5-18
  User Name: NT AUTHORITY\SYSTEM
  Computer: asus
  Description: 
The driver \Driver\WudfRd failed to load for the device SWD\WPDBUSENUM\_??_USBSTOR#Disk&Ven_Generic&Prod_STORAGE_DEVICE&Rev_9744#000000009744&4#{53f56307-b6bf-11d0-94f2-00a0c91efb8b}.

Event[2621]:
  Log Name: System
  Source: Microsoft-Windows-Dhcp-Client
  Date: 2017-06-26T11:29:52.758
  Event ID: 50036
  Task: Service State Event
  Level: Information
  Opcode: ServiceStart
  Keyword: N/A
  User: S-1-5-19
  User Name: NT AUTHORITY\LOCAL SERVICE
  Computer: asus
  Description: 
DHCPv4 client service is started

Event[2622]:
  Log Name: System
  Source: Microsoft-Windows-Dhcp-Client
  Date: 2017-06-26T11:29:52.758
  Event ID: 50103
  Task: Service State Event
  Level: Information
  Opcode: ServiceShutdown
  Keyword: N/A
  User: S-1-5-19
  User Name: NT AUTHORITY\LOCAL SERVICE
  Computer: asus
  Description: 
DHCPv4 client registered for shutdown notification

Event[2623]:
  Log Name: System
  Source: Microsoft-Windows-DHCPv6-Client
  Date: 2017-06-26T11:29:52.766
  Event ID: 51046
  Task: Service State Event
  Level: Information
  Opcode: ServiceStart
  Keyword: N/A
  User: S-1-5-19
  User Name: NT AUTHORITY\LOCAL SERVICE
  Computer: asus
  Description: 
DHCPv6 client service is started

Event[2624]:
  Log Name: System
  Source: Microsoft-Windows-WER-SystemErrorReporting
  Date: 2017-06-26T11:30:12.726
  Event ID: 1001
  Task: N/A
  Level: Error
  Opcode: N/A
  Keyword: Classic
  User: N/A
  User Name: N/A
  Computer: asus
  Description: 
The computer has rebooted from a bugcheck.  The bugcheck was: 0x000000be (0xffff800028c05178, 0x8a00000000800121, 0xffff80002e11eca0, 0x000000000000000b). A dump was saved in: C:\WINDOWS\MEMORY.DMP. Report Id: a9d65da2-01e6-4b20-b74b-8739a03bb5f3.

Event[2625]:
  Log Name: System
  Source: Microsoft-Windows-Winlogon
  Date: 2017-06-26T11:30:13.116
  Event ID: 7001
  Task: N/A
  Level: Information
  Opcode: Info
  Keyword: N/A
  User: S-1-5-18
  User Name: NT AUTHORITY\SYSTEM
  Computer: asus
  Description: 
User Log-on Notification for Customer Experience Improvement Program

Event[2626]:
  Log Name: System
  Source: Microsoft-Windows-WMPNSS-Service
  Date: 2017-06-26T11:30:37.273
  Event ID: 14210
  Task: N/A
  Level: Information
  Opcode: N/A
  Keyword: Classic
  User: N/A
  User Name: N/A
  Computer: asus
  Description: 
The monitored folders on media server 'dypcdiver' changed.  Windows Media Player is updating security permissions for any included folders to enable media sharing.

Event[2627]:
  Log Name: System
  Source: Service Control Manager
  Date: 2017-06-26T11:30:44.148
  Event ID: 7026
  Task: N/A
  Level: Information
  Opcode: N/A
  Keyword: Classic
  User: N/A
  User Name: N/A
  Computer: asus
  Description: 
The following boot-start or system-start driver(s) did not load: 
dam
EhStorClass

