  Log Name: System
  Source: Microsoft-Windows-WindowsUpdateClient
  Date: 2017-06-21T11:10:27.999
  Event ID: 44
  Task: Windows Update Agent
  Level: Information
  Opcode: Download
  Keyword: Download,Started
  User: S-1-5-18
  User Name: NT AUTHORITY\SYSTEM
  Computer: asus
  Description: 
Windows Update started downloading an update.

Event[1622]:
  Log Name: System
  Source: Microsoft-Windows-Kernel-General
  Date: 2017-06-21T11:10:30.002
  Event ID: 16
  Task: N/A
  Level: Information
  Opcode: Info
  Keyword: N/A
  User: S-1-5-18
  User Name: NT AUTHORITY\SYSTEM
  Computer: asus
  Description: 
The access history in hive \??\C:\ProgramData\Microsoft\Windows\AppRepository\Packages\Microsoft.Windows.Photos_2017.18062.12990.0_x64__8wekyb3d8bbwe\ActivationStore.dat was cleared updating 0 keys and creating 0 modified pages.

Event[1623]:
  Log Name: System
  Source: Microsoft-Windows-Kernel-General
  Date: 2017-06-21T11:10:53.064
  Event ID: 16
  Task: N/A
  Level: Information
  Opcode: Info
  Keyword: N/A
  User: S-1-5-18
  User Name: NT AUTHORITY\SYSTEM
  Computer: asus
  Description: 
The access history in hive \??\C:\ProgramData\Microsoft\Windows\AppRepository\Packages\Microsoft.Getstarted_5.10.1441.0_x64__8wekyb3d8bbwe\ActivationStore.dat was cleared updating 0 keys and creating 0 modified pages.

Event[1624]:
  Log Name: System
  Source: Microsoft-Windows-WindowsUpdateClient
  Date: 2017-06-21T11:10:54.469
  Event ID: 43
  Task: Windows Update Agent
  Level: Information
  Opcode: Installation
  Keyword: Installation,Started
  User: S-1-5-18
  User Name: NT AUTHORITY\SYSTEM
  Computer: asus
  Description: 
Installation Started: Windows has started installing the following update: Microsoft Tips

Event[1625]:
  Log Name: System
  Source: Microsoft-Windows-Kernel-General
  Date: 2017-06-21T11:10:55.246
  Event ID: 16
  Task: N/A
  Level: Information
  Opcode: Info
  Keyword: N/A
  User: S-1-5-21-2727687409-414627687-575682064-1001
  User Name: ASUS\dypcdiver
  Computer: asus
  Description: 
The access history in hive \??\C:\Users\dypcdiver\AppData\Local\Packages\Microsoft.Getstarted_8wekyb3d8bbwe\Settings\settings.dat was cleared updating 2 keys and creating 1 modified pages.

Event[1626]:
  Log Name: System
  Source: Microsoft-Windows-WindowsUpdateClient
  Date: 2017-06-21T11:10:57.398
  Event ID: 19
  Task: Windows Update Agent
  Level: Information
  Opcode: Installation
  Keyword: Installation,Success
  User: S-1-5-18
  User Name: NT AUTHORITY\SYSTEM
  Computer: asus
  Description: 
Installation Successful: Windows successfully installed the following update: Microsoft Tips

Event[1627]:
  Log Name: System
  Source: Microsoft-Windows-WindowsUpdateClient
  Date: 2017-06-21T11:11:26.126
  Event ID: 44
  Task: Windows Update Agent
  Level: Information
  Opcode: Download
  Keyword: Download,Started
  User: S-1-5-18
  User Name: NT AUTHORITY\SYSTEM
  Computer: asus
  Description: 
Windows Update started downloading an update.

Event[1628]:
  Log Name: System
  Source: Service Control Manager
  Date: 2017-06-21T11:11:42.565
  Event ID: 7045
  Task: N/A
  Level: Information
  Opcode: N/A
  Keyword: Classic
  User: S-1-5-18
  User Name: NT AUTHORITY\SYSTEM
  Computer: asus
  Description: 
A service was installed in the system.

Service Name:  Avira Service Host
Service File Name:  "C:\Program Files (x86)\Avira\Launcher\Avira.ServiceHost.exe"
Service Type:  user mode service
Service Start Type:  auto start
Service Account:  LocalSystem

Event[1629]:
  Log Name: System
  Source: Microsoft-Windows-Kernel-General
  Date: 2017-06-21T11:12:43.908
  Event ID: 16
  Task: N/A
  Level: Information
  Opcode: Info
  Keyword: N/A
  User: S-1-5-18
  User Name: NT AUTHORITY\SYSTEM
  Computer: asus
  Description: 
The access history in hive \??\C:\ProgramData\Microsoft\Windows\AppRepository\Packages\Microsoft.Windows.Photos_2017.18062.12990.0_x64__8wekyb3d8bbwe\ActivationStore.dat was cleared updating 0 keys and creating 0 modified pages.

Event[1630]:
  Log Name: System
  Source: Microsoft-Windows-WindowsUpdateClient
  Date: 2017-06-21T11:12:53.338
  Event ID: 43
  Task: Windows Update Agent
  Level: Information
  Opcode: Installation
  Keyword: Installation,Started
  User: S-1-5-18
  User Name: NT AUTHORITY\SYSTEM
  Computer: asus
  Description: 
Installation Started: Windows has started installing the following update: Microsoft Photos

Event[1631]:
  Log Name: System
  Source: Microsoft-Windows-Kernel-General
  Date: 2017-06-21T11:12:57.437
  Event ID: 16
  Task: N/A
  Level: Information
  Opcode: Info
  Keyword: N/A
  User: S-1-5-18
  User Name: NT AUTHORITY\SYSTEM
  Computer: asus
  Description: 
The access history in hive \??\C:\ProgramData\Microsoft\Windows\AppRepository\Packages\Microsoft.MicrosoftOfficeHub_17.8312.7601.0_x64__8wekyb3d8bbwe\ActivationStore.dat was cleared updating 0 keys and creating 0 modified pages.

Event[1632]:
  Log Name: System
  Source: Microsoft-Windows-WindowsUpdateClient
  Date: 2017-06-21T11:13:08.937
  Event ID: 19
  Task: Windows Update Agent
  Level: Information
  Opcode: Installation
  Keyword: Installation,Success
  User: S-1-5-18
  User Name: NT AUTHORITY\SYSTEM
  Computer: asus
  Description: 
Installation Successful: Windows successfully installed the following update: Microsoft Photos

Event[1633]:
  Log Name: System
  Source: Microsoft-Windows-WindowsUpdateClient
  Date: 2017-06-21T11:13:09.074
  Event ID: 43
  Task: Windows Update Agent
  Level: Information
  Opcode: Installation
  Keyword: Installation,Started
  User: S-1-5-18
  User Name: NT AUTHORITY\SYSTEM
  Computer: asus
  Description: 
Installation Started: Windows has started installing the following update: Get Office

Event[1634]:
  Log Name: System
  Source: Microsoft-Windows-WindowsUpdateClient
  Date: 2017-06-21T11:13:14.472
  Event ID: 44
  Task: Windows Update Agent
  Level: Information
  Opcode: Download
  Keyword: Download,Started
  User: S-1-5-18
  User Name: NT AUTHORITY\SYSTEM
  Computer: asus
  Description: 
Windows Update started downloading an update.

Event[1635]:
  Log Name: System
  Source: Microsoft-Windows-Kernel-General
  Date: 2017-06-21T11:13:16.356
  Event ID: 16
  Task: N/A
  Level: Information
  Opcode: Info
  Keyword: N/A
  User: S-1-5-21-2727687409-414627687-575682064-1001
  User Name: ASUS\dypcdiver
  Computer: asus
  Description: 
The access history in hive \??\C:\Users\dypcdiver\AppData\Local\Packages\Microsoft.MicrosoftOfficeHub_8wekyb3d8bbwe\Settings\settings.dat was cleared updating 2 keys and creating 1 modified pages.

Event[1636]:
  Log Name: System
  Source: Microsoft-Windows-WindowsUpdateClient
  Date: 2017-06-21T11:13:23.773
  Event ID: 19
  Task: Windows Update Agent
  Level: Information
  Opcode: Installation
  Keyword: Installation,Success
  User: S-1-5-18
  User Name: NT AUTHORITY\SYSTEM
  Computer: asus
  Description: 
Installation Successful: Windows successfully installed the following update: Get Office

Event[1637]:
  Log Name: System
  Source: Microsoft-Windows-WindowsUpdateClient
  Date: 2017-06-21T11:13:29.115
  Event ID: 44
  Task: Windows Update Agent
  Level: Information
  Opcode: Download
  Keyword: Download,Started
  User: S-1-5-18
  User Name: NT AUTHORITY\SYSTEM
  Computer: asus
  Description: 
Windows Update started downloading an update.

Event[1638]:
  Log Name: System
  Source: Microsoft-Windows-Kernel-General
  Date: 2017-06-21T11:13:38.448
  Event ID: 16
  Task: N/A
  Level: Information
  Opcode: Info
  Keyword: N/A
  User: S-1-5-18
  User Name: NT AUTHORITY\SYSTEM
  Computer: asus
  Description: 
The access history in hive \??\c:\users\defaultuser0\ntuser.dat was cleared updating 22 keys and creating 10 modified pages.

Event[1639]:
  Log Name: System
  Source: Microsoft-Windows-Kernel-General
  Date: 2017-06-21T11:13:38.494
  Event ID: 16
  Task: N/A
  Level: Information
  Opcode: Info
  Keyword: N/A
  User: S-1-5-18
  User Name: NT AUTHORITY\SYSTEM
  Computer: asus
  Description: 
The access history in hive \??\c:\users\defaultuser0\AppData\Local\Microsoft\Windows\usrclass.dat was cleared updating 1 keys and creating 1 modified pages.

Event[1640]:
  Log Name: System
  Source: Microsoft-Windows-Kernel-General
  Date: 2017-06-21T11:13:47.765
  Event ID: 16
  Task: N/A
  Level: Information
  Opcode: Info
  Keyword: N/A
  User: S-1-5-18
  User Name: NT AUTHORITY\SYSTEM
  Computer: asus
  Description: 
The access history in hive \??\C:\ProgramData\Microsoft\Windows\AppRepository\Packages\Microsoft.WindowsSoundRecorder_10.1706.1561.0_x64__8wekyb3d8bbwe\ActivationStore.dat was cleared updating 0 keys and creating 0 modified pages.

Event[1641]:
  Log Name: System
  Source: Microsoft-Windows-WindowsUpdateClient
  Date: 2017-06-21T11:13:49.532
  Event ID: 43
  Task: Windows Update Agent
  Level: Information
  Opcode: Installation
  Keyword: Installation,Started
  User: S-1-5-18
  User Name: NT AUTHORITY\SYSTEM
  Computer: asus
  Description: 
Installation Started: Windows has started installing the following update: Windows Voice Recorder

Event[1642]:
  Log Name: System
  Source: Microsoft-Windows-Kernel-General
  Date: 2017-06-21T11:13:50.969
  Event ID: 16
  Task: N/A
  Level: Information
  Opcode: Info
  Keyword: N/A
  User: S-1-5-21-2727687409-414627687-575682064-1001
  User Name: ASUS\dypcdiver
  Computer: asus
  Description: 
The access history in hive \??\C:\Users\dypcdiver\AppData\Local\Packages\Microsoft.WindowsSoundRecorder_8wekyb3d8bbwe\Settings\settings.dat was cleared updating 1 keys and creating 1 modified pages.

Event[1643]:
  Log Name: System
  Source: Microsoft-Windows-WindowsUpdateClient
  Date: 2017-06-21T11:13:55.617
  Event ID: 19
  Task: Windows Update Agent
  Level: Information
  Opcode: Installation
  Keyword: Installation,Success
  User: S-1-5-18
  User Name: NT AUTHORITY\SYSTEM
  Computer: asus
  Description: 
Installation Successful: Windows successfully installed the following update: Windows Voice Recorder

Event[1644]:
  Log Name: System
  Source: Microsoft-Windows-WindowsUpdateClient
  Date: 2017-06-21T11:14:06.749
  Event ID: 19
  Task: Windows Update Agent
  Level: Information
  Opcode: Installation
  Keyword: Installation,Success
  User: S-1-5-18
  User Name: NT AUTHORITY\SYSTEM
  Computer: asus
  Description: 
Installation Successful: Windows successfully installed the following update: Windows Malicious Software Removal Tool for Windows 8, 8.1, 10 and Windows Server 2012, 2012 R2, 2016 x64 Edition - June 2017 (KB890830)

Event[1645]:
  Log Name: System
  Source: Microsoft-Windows-Kernel-General
  Date: 2017-06-21T11:14:23.780
  Event ID: 16
  Task: N/A
  Level: Information
  Opcode: Info
  Keyword: N/A
  User: S-1-5-18
  User Name: NT AUTHORITY\SYSTEM
  Computer: asus
  Description: 
The access history in hive \??\C:\ProgramData\Microsoft\Windows\AppRepository\Packages\Microsoft.WindowsAlarms_10.1706.1531.0_x64__8wekyb3d8bbwe\ActivationStore.dat was cleared updating 0 keys and creating 0 modified pages.

Event[1646]:
  Log Name: System
  Source: Microsoft-Windows-WindowsUpdateClient
  Date: 2017-06-21T11:14:24.824
  Event ID: 43
  Task: Windows Update Agent
  Level: Information
  Opcode: Installation
  Keyword: Installation,Started
  User: S-1-5-18
  User Name: NT AUTHORITY\SYSTEM
  Computer: asus
  Description: 
Installation Started: Windows has started installing the following update: Windows Alarms & Clock

Event[1647]:
  Log Name: System
  Source: Microsoft-Windows-Kernel-General
  Date: 2017-06-21T11:14:25.840
  Event ID: 16
  Task: N/A
  Level: Information
  Opcode: Info
  Keyword: N/A
  User: S-1-5-21-2727687409-414627687-575682064-1001
  User Name: ASUS\dypcdiver
  Computer: asus
  Description: 
The access history in hive \??\C:\Users\dypcdiver\AppData\Local\Packages\Microsoft.WindowsAlarms_8wekyb3d8bbwe\Settings\settings.dat was cleared updating 7 keys and creating 1 modified pages.

Event[1648]:
  Log Name: System
  Source: Microsoft-Windows-WindowsUpdateClient
  Date: 2017-06-21T11:14:28.198
  Event ID: 19
  Task: Windows Update Agent
  Level: Information
  Opcode: Installation
  Keyword: Installation,Success
  User: S-1-5-18
  User Name: NT AUTHORITY\SYSTEM
  Computer: asus
  Description: 
Installation Successful: Windows successfully installed the following update: Windows Alarms & Clock

Event[1649]:
  Log Name: System
  Source: Microsoft-Windows-Kernel-General
  Date: 2017-06-21T11:14:47.686
  Event ID: 16
  Task: N/A
  Level: Information
  Opcode: Info
  Keyword: N/A
  User: S-1-5-18
  User Name: NT AUTHORITY\SYSTEM
  Computer: asus
  Description: 
The access history in hive \??\C:\ProgramData\Microsoft\Windows\AppRepository\Packages\Microsoft.SkypeApp_11.18.614.0_x64__kzf8qxf38zg5c\ActivationStore.dat was cleared updating 0 keys and creating 0 modified pages.

Event[1650]:
  Log Name: System
  Source: Microsoft-Windows-WindowsUpdateClient
  Date: 2017-06-21T11:14:49.763
  Event ID: 43
  Task: Windows Update Agent
  Level: Information
  Opcode: Installation
  Keyword: Installation,Started
  User: S-1-5-18
  User Name: NT AUTHORITY\SYSTEM
  Computer: asus
  Description: 
Installation Started: Windows has started installing the following update: Skype

Event[1651]:
  Log Name: System
  Source: Microsoft-Windows-Kernel-General
  Date: 2017-06-21T11:14:51.021
  Event ID: 16
  Task: N/A
  Level: Information
  Opcode: Info
  Keyword: N/A
  User: S-1-5-21-2727687409-414627687-575682064-1001
  User Name: ASUS\dypcdiver
  Computer: asus
  Description: 
The access history in hive \??\C:\Users\dypcdiver\AppData\Local\Packages\Microsoft.SkypeApp_kzf8qxf38zg5c\Settings\settings.dat was cleared updating 4 keys and creating 1 modified pages.

Event[1652]:
  Log Name: System
  Source: Microsoft-Windows-WindowsUpdateClient
  Date: 2017-06-21T11:14:53.950
  Event ID: 19
  Task: Windows Update Agent
  Level: Information
  Opcode: Installation
  Keyword: Installation,Success
  User: S-1-5-18
  User Name: NT AUTHORITY\SYSTEM
  Computer: asus
  Description: 
Installation Successful: Windows successfully installed the following update: Skype

Event[1653]:
  Log Name: System
  Source: Microsoft-Windows-Kernel-General
  Date: 2017-06-21T11:37:40.471
  Event ID: 16
  Task: N/A
  Level: Information
  Opcode: Info
  Keyword: N/A
  User: S-1-5-18
  User Name: NT AUTHORITY\SYSTEM
  Computer: asus
  Description: 
The access history in hive \SystemRoot\System32\Config\RegBack\SECURITY was cleared updating 88 keys and creating 6 modified pages.

Event[1654]:
  Log Name: System
  Source: Microsoft-Windows-Kernel-General
  Date: 2017-06-21T11:37:49.116
  Event ID: 16
  Task: N/A
  Level: Information
  Opcode: Info
  Keyword: N/A
  User: S-1-5-18
  User Name: NT AUTHORITY\SYSTEM
  Computer: asus
  Description: 
The access history in hive \SystemRoot\System32\Config\RegBack\SOFTWARE was cleared updating 98201 keys and creating 9968 modified pages.

Event[1655]:
  Log Name: System
  Source: Microsoft-Windows-WindowsUpdateClient
  Date: 2017-06-21T11:37:56.493
  Event ID: 43
  Task: Windows Update Agent
  Level: Information
  Opcode: Installation
  Keyword: Installation,Started
  User: S-1-5-18
  User Name: NT AUTHORITY\SYSTEM
  Computer: asus
  Description: 
Installation Started: Windows has started installing the following update: Update for Microsoft Excel 2013 (KB3191940) 64-Bit Edition

Event[1656]:
  Log Name: System
  Source: Microsoft-Windows-WindowsUpdateClient
  Date: 2017-06-21T11:38:36.158
  Event ID: 19
  Task: Windows Update Agent
  Level: Information
  Opcode: Installation
  Keyword: Installation,Success
  User: S-1-5-18
  User Name: NT AUTHORITY\SYSTEM
  Computer: asus
  Description: 
Installation Successful: Windows successfully installed the following update: Update for Microsoft Excel 2013 (KB3191940) 64-Bit Edition

Event[1657]:
  Log Name: System
  Source: Microsoft-Windows-WindowsUpdateClient
  Date: 2017-06-21T11:38:36.265
  Event ID: 43
  Task: Windows Update Agent
  Level: Information
  Opcode: Installation
  Keyword: Installation,Started
  User: S-1-5-18
  User Name: NT AUTHORITY\SYSTEM
  Computer: asus
  Description: 
Installation Started: Windows has started installing the following update: Update for Microsoft PowerPoint 2013 (KB3191935) 64-Bit Edition

Event[1658]:
  Log Name: System
  Source: Microsoft-Windows-WindowsUpdateClient
  Date: 2017-06-21T11:38:56.584
  Event ID: 19
  Task: Windows Update Agent
  Level: Information
  Opcode: Installation
  Keyword: Installation,Success
  User: S-1-5-18
  User Name: NT AUTHORITY\SYSTEM
  Computer: asus
  Description: 
Installation Successful: Windows successfully installed the following update: Update for Microsoft PowerPoint 2013 (KB3191935) 64-Bit Edition

Event[1659]:
  Log Name: System
  Source: Microsoft-Windows-WindowsUpdateClient
  Date: 2017-06-21T11:38:57.634
  Event ID: 43
  Task: Windows Update Agent
  Level: Information
  Opcode: Installation
  Keyword: Installation,Started
  User: S-1-5-18
  User Name: NT AUTHORITY\SYSTEM
  Computer: asus
  Description: 
Installation Started: Windows has started installing the following update: Update for Microsoft Office 2013 (KB3191874) 64-Bit Edition

Event[1660]:
  Log Name: System
  Source: Microsoft-Windows-WindowsUpdateClient
  Date: 2017-06-21T11:40:02.738
  Event ID: 19
  Task: Windows Update Agent
  Level: Information
  Opcode: Installation
  Keyword: Installation,Success
  User: S-1-5-18
  User Name: NT AUTHORITY\SYSTEM
  Computer: asus
  Description: 
Installation Successful: Windows successfully installed the following update: Update for Microsoft Office 2013 (KB3191874) 64-Bit Edition

Event[1661]:
  Log Name: System
  Source: Microsoft-Windows-WindowsUpdateClient
  Date: 2017-06-21T11:40:03.693
  Event ID: 43
  Task: Windows Update Agent
  Level: Information
  Opcode: Installation
  Keyword: Installation,Started
  User: S-1-5-18
  User Name: NT AUTHORITY\SYSTEM
  Computer: asus
  Description: 
Installation Started: Windows has started installing the following update: Update for Microsoft Office 2013 (KB3178709) 64-Bit Edition

Event[1662]:
  Log Name: System
  Source: Microsoft-Windows-WindowsUpdateClient
  Date: 2017-06-21T11:40:19.366
  Event ID: 19
  Task: Windows Update Agent
  Level: Information
  Opcode: Installation
  Keyword: Installation,Success
  User: S-1-5-18
  User Name: NT AUTHORITY\SYSTEM
  Computer: asus
  Description: 
Installation Successful: Windows successfully installed the following update: Update for Microsoft Office 2013 (KB3178709) 64-Bit Edition

Event[1663]:
  Log Name: System
  Source: Microsoft-Windows-WindowsUpdateClient
  Date: 2017-06-21T11:40:19.560
  Event ID: 43
  Task: Windows Update Agent
  Level: Information
  Opcode: Installation
  Keyword: Installation,Started
  User: S-1-5-18
  User Name: NT AUTHORITY\SYSTEM
  Computer: asus
  Description: 
Installation Started: Windows has started installing the following update: Update for Microsoft Office 2013 (KB3172501) 64-Bit Edition

Event[1664]:
  Log Name: System
  Source: Microsoft-Windows-WindowsUpdateClient
  Date: 2017-06-21T11:40:38.757
  Event ID: 19
  Task: Windows Update Agent
  Level: Information
  Opcode: Installation
  Keyword: Installation,Success
  User: S-1-5-18
  User Name: NT AUTHORITY\SYSTEM
  Computer: asus
  Description: 
Installation Successful: Windows successfully installed the following update: Update for Microsoft Office 2013 (KB3172501) 64-Bit Edition

Event[1665]:
  Log Name: System
  Source: Microsoft-Windows-WindowsUpdateClient
  Date: 2017-06-21T11:40:39.148
  Event ID: 43
  Task: Windows Update Agent
  Level: Information
  Opcode: Installation
  Keyword: Installation,Started
  User: S-1-5-18
  User Name: NT AUTHORITY\SYSTEM
  Computer: asus
  Description: 
Installation Started: Windows has started installing the following update: Update for Microsoft Project 2013 (KB3191941) 64-Bit Edition

Event[1666]:
  Log Name: System
  Source: Microsoft-Windows-WindowsUpdateClient
  Date: 2017-06-21T11:40:41.297
  Event ID: 19
  Task: Windows Update Agent
  Level: Information
  Opcode: Installation
  Keyword: Installation,Success
  User: S-1-5-18
  User Name: NT AUTHORITY\SYSTEM
  Computer: asus
  Description: 
Installation Successful: Windows successfully installed the following update: Update for Microsoft Project 2013 (KB3191941) 64-Bit Edition

Event[1667]:
  Log Name: System
  Source: Microsoft-Windows-WindowsUpdateClient
  Date: 2017-06-21T11:40:41.430
  Event ID: 43
  Task: Windows Update Agent
  Level: Information
  Opcode: Installation
  Keyword: Installation,Started
  User: S-1-5-18
  User Name: NT AUTHORITY\SYSTEM
  Computer: asus
  Description: 
Installation Started: Windows has started installing the following update: Update for Microsoft Office 2013 (KB3191872) 64-Bit Edition

Event[1668]:
  Log Name: System
  Source: Microsoft-Windows-WindowsUpdateClient
  Date: 2017-06-21T11:40:57.163
  Event ID: 19
  Task: Windows Update Agent
  Level: Information
  Opcode: Installation
  Keyword: Installation,Success
  User: S-1-5-18
  User Name: NT AUTHORITY\SYSTEM
  Computer: asus
  Description: 
Installation Successful: Windows successfully installed the following update: Update for Microsoft Office 2013 (KB3191872) 64-Bit Edition

Event[1669]:
  Log Name: System
  Source: EventLog
  Date: 2017-06-21T12:00:00.171
  Event ID: 6013
  Task: N/A
  Level: Information
  Opcode: N/A
  Keyword: Classic
  User: N/A
  User Name: N/A
  Computer: asus
  Description: 
The system uptime is 1462659 seconds.

Event[1670]:
  Log Name: System
  Source: Microsoft-Windows-Kernel-General
  Date: 2017-06-21T13:43:05.638
  Event ID: 16
  Task: N/A
  Level: Information
  Opcode: Info
  Keyword: N/A
  User: S-1-5-21-2727687409-414627687-575682064-1001
  User Name: ASUS\dypcdiver
  Computer: asus
  Description: 
The access history in hive \??\C:\Users\dypcdiver\AppData\Local\Packages\Microsoft.LockApp_cw5n1h2txyewy\Settings\settings.dat was cleared updating 3 keys and creating 1 modified pages.

Event[1671]:
  Log Name: System
  Source: Microsoft-Windows-Time-Service
  Date: 2017-06-21T13:43:07.324
  Event ID: 158
  Task: N/A
  Level: Information
  Opcode: Info
  Keyword: N/A
  User: S-1-5-19
  User Name: NT AUTHORITY\LOCAL SERVICE
  Computer: asus
  Description: 
The time provider 'VMICTimeProvider' has indicated that the current hardware and operating environment is not supported and has stopped. This behavior is expected for VMICTimeProvider on non-HyperV-guest environments. This may be the expected behavior for the current provider in the current operating environment as well.

Event[1672]:
  Log Name: System
  Source: Microsoft-Windows-Kernel-General
  Date: 2017-06-21T13:43:07.870
  Event ID: 16
  Task: N/A
  Level: Information
  Opcode: Info
  Keyword: N/A
  User: S-1-5-18
  User Name: NT AUTHORITY\SYSTEM
  Computer: asus
  Description: 
The access history in hive \SystemRoot\System32\Config\RegBack\SYSTEM was cleared updating 15075 keys and creating 1163 modified pages.

Event[1673]:
  Log Name: System
  Source: Microsoft-Windows-Kernel-General
  Date: 2017-06-21T13:43:08.103
  Event ID: 16
  Task: N/A
  Level: Information
  Opcode: Info
  Keyword: N/A
  User: S-1-5-18
  User Name: NT AUTHORITY\SYSTEM
  Computer: asus
  Description: 
The access history in hive \SystemRoot\System32\Config\RegBack\DEFAULT was cleared updating 309 keys and creating 38 modified pages.

Event[1674]:
  Log Name: System
  Source: Microsoft-Windows-Kernel-General
  Date: 2017-06-21T13:43:08.370
  Event ID: 16
  Task: N/A
  Level: Information
  Opcode: Info
  Keyword: N/A
  User: S-1-5-18
  User Name: NT AUTHORITY\SYSTEM
  Computer: asus
  Description: 
The access history in hive \SystemRoot\System32\Config\RegBack\SAM was cleared updating 69 keys and creating 8 modified pages.

Event[1675]:
  Log Name: System
  Source: Microsoft-Windows-Time-Service
  Date: 2017-06-21T13:43:08.967
  Event ID: 37
  Task: N/A
  Level: Information
  Opcode: Info
  Keyword: N/A
  User: S-1-5-19
  User Name: NT AUTHORITY\LOCAL SERVICE
  Computer: asus
  Description: 
The time provider NtpClient is currently receiving valid time data from time.windows.com,0x9 (ntp.m|0x9|0.0.0.0:123->52.166.120.77:123).

Event[1676]:
  Log Name: System
  Source: BROWSER
  Date: 2017-06-21T13:43:18.075
  Event ID: 8033
  Task: N/A
  Level: Information
  Opcode: N/A
  Keyword: Classic
  User: N/A
  User Name: N/A
  Computer: asus
  Description: 
The browser has forced an election on network \Device\NetBT_Tcpip_{9BDEC3C0-593A-4153-9F03-5C10C29CCBFE} because a master browser was stopped.

Event[1677]:
  Log Name: System
  Source: Microsoft-Windows-Kernel-Power
  Date: 2017-06-21T13:43:17.463
  Event ID: 42
  Task: N/A
  Level: Information
  Opcode: Info
  Keyword: N/A
  User: N/A
  User Name: N/A
  Computer: asus
  Description: 
The system is entering sleep.

Sleep Reason: Application API

Event[1678]:
  Log Name: System
  Source: Microsoft-Windows-Kernel-Power
  Date: 2017-06-21T13:43:18.486
  Event ID: 107
  Task: N/A
  Level: Information
  Opcode: Info
  Keyword: N/A
  User: N/A
  User Name: N/A
  Computer: asus
  Description: 
The system has resumed from sleep.

Event[1679]:
  Log Name: System
  Source: Microsoft-Windows-Kernel-General
  Date: 2017-06-21T16:15:04.500
  Event ID: 1
  Task: N/A
  Level: Information
  Opcode: Info
  Keyword: Time
  User: N/A
  User Name: N/A
  Computer: asus
  Description: 
The system time has changed to ?2017?-?06?-?21T14:15:04.500000000Z from ?2017?-?06?-?21T11:43:18.486781500Z.

Change Reason: System time synchronized with the hardware clock.

Event[1680]:
  Log Name: System
  Source: Microsoft-Windows-Time-Service
  Date: 2017-06-21T16:15:05.110
  Event ID: 158
  Task: N/A
  Level: Information
  Opcode: Info
  Keyword: N/A
  User: S-1-5-19
  User Name: NT AUTHORITY\LOCAL SERVICE
  Computer: asus
  Description: 
The time provider 'VMICTimeProvider' has indicated that the current hardware and operating environment is not supported and has stopped. This behavior is expected for VMICTimeProvider on non-HyperV-guest environments. This may be the expected behavior for the current provider in the current operating environment as well.

Event[1681]:
  Log Name: System
  Source: Microsoft-Windows-DistributedCOM
  Date: 2017-06-21T16:15:38.186
  Event ID: 10016
  Task: N/A
  Level: Error
  Opcode: Info
  Keyword: Classic
  User: S-1-5-18
  User Name: NT AUTHORITY\SYSTEM
  Computer: asus
  Description: 
The application-specific permission settings do not grant Local Activation permission for the COM Server application with CLSID 
{D63B10C5-BB46-4990-A94F-E40B9D520160}
 and APPID 
{9CA88EE3-ACB7-47C8-AFC4-AB702511C276}
 to the user NT AUTHORITY\SYSTEM SID (S-1-5-18) from address LocalHost (Using LRPC) running in the application container Unavailable SID (Unavailable). This security permission can be modified using the Component Services administrative tool.

Event[1682]:
  Log Name: System
  Source: Microsoft-Windows-Time-Service
  Date: 2017-06-21T16:32:25.648
  Event ID: 158
  Task: N/A
  Level: Information
  Opcode: Info
  Keyword: N/A
  User: S-1-5-19
  User Name: NT AUTHORITY\LOCAL SERVICE
  Computer: asus
  Description: 
The time provider 'VMICTimeProvider' has indicated that the current hardware and operating environment is not supported and has stopped. This behavior is expected for VMICTimeProvider on non-HyperV-guest environments. This may be the expected behavior for the current provider in the current operating environment as well.

Event[1683]:
  Log Name: System
  Source: Microsoft-Windows-Time-Service
  Date: 2017-06-21T16:49:29.650
  Event ID: 158
  Task: N/A
  Level: Information
  Opcode: Info
  Keyword: N/A
  User: S-1-5-19
  User Name: NT AUTHORITY\LOCAL SERVICE
  Computer: asus
  Description: 
The time provider 'VMICTimeProvider' has indicated that the current hardware and operating environment is not supported and has stopped. This behavior is expected for VMICTimeProvider on non-HyperV-guest environments. This may be the expected behavior for the current provider in the current operating environment as well.

Event[1684]:
  Log Name: System
  Source: Microsoft-Windows-Time-Service
  Date: 2017-06-21T17:06:33.651
  Event ID: 158
  Task: N/A
  Level: Information
  Opcode: Info
  Keyword: N/A
  User: S-1-5-19
  User Name: NT AUTHORITY\LOCAL SERVICE
  Computer: asus
  Description: 
The time provider 'VMICTimeProvider' has indicated that the current hardware and operating environment is not supported and has stopped. This behavior is expected for VMICTimeProvider on non-HyperV-guest environments. This may be the expected behavior for the current provider in the current operating environment as well.

Event[1685]:
  Log Name: System
  Source: Microsoft-Windows-Diagnostics-Networking
  Date: 2017-06-21T17:30:44.829
  Event ID: 4100
  Task: Diagnosis Success
  Level: Information
  Opcode: Info
  Keyword: Core Events
  User: S-1-5-19
  User Name: NT AUTHORITY\LOCAL SERVICE
  Computer: asus
  Description: 
The Network Diagnostics Framework has completed the diagnosis phase of operation, but no network problem was identified.

Event[1686]:
  Log Name: System
  Source: Volsnap
  Date: 2017-06-21T18:39:28.269
  Event ID: 33
  Task: N/A
  Level: Information
  Opcode: N/A
  Keyword: Classic
  User: N/A
  User Name: N/A
  Computer: asus
  Description: 
The oldest shadow copy of volume C: was deleted to keep disk space usage for shadow copies of volume C: below the user defined limit.

Event[1687]:
  Log Name: System
  Source: Microsoft-Windows-Kernel-General
  Date: 2017-06-21T18:46:06.015
  Event ID: 15
  Task: N/A
  Level: Information
  Opcode: Info
  Keyword: N/A
  User: S-1-5-18
  User Name: NT AUTHORITY\SYSTEM
  Computer: asus
  Description: 
Hive \??\GLOBALROOT\Device\HarddiskVolumeShadowCopy5\WINDOWS\System32\config\SYSTEM was reorganized with a starting size of 13561856 bytes and an ending size of 13508608 bytes.

Event[1688]:
  Log Name: System
  Source: Microsoft-Windows-Kernel-General
  Date: 2017-06-21T18:46:06.021
  Event ID: 11
  Task: N/A
  Level: Information
  Opcode: Info
  Keyword: N/A
  User: S-1-5-18
  User Name: NT AUTHORITY\SYSTEM
  Computer: asus
  Description: 
TxR init phase for hive \??\GLOBALROOT\Device\HarddiskVolumeShadowCopy5\WINDOWS\System32\config\SYSTEM (TM: {4BA3D2B8-5662-11E7-B213-485B391076A8}, RM: {4BA3D2B7-5662-11E7-B213-485B391076A8}) finished with result=0xC00000A2 (Internal code=7).

Event[1689]:
  Log Name: System
  Source: Microsoft-Windows-Kernel-General
  Date: 2017-06-21T18:46:06.255
  Event ID: 11
  Task: N/A
  Level: Information
  Opcode: Info
  Keyword: N/A
  User: S-1-5-18
  User Name: NT AUTHORITY\SYSTEM
  Computer: asus
  Description: 
TxR init phase for hive \??\GLOBALROOT\Device\HarddiskVolumeShadowCopy5\WINDOWS\System32\config\DRIVERS (TM: {4BA3D2BA-5662-11E7-B213-485B391076A8}, RM: {4BA3D2B9-5662-11E7-B213-485B391076A8}) finished with result=0xC00000A2 (Internal code=7).

Event[1690]:
  Log Name: System
  Source: Microsoft-Windows-Kernel-General
  Date: 2017-06-21T18:46:20.640
  Event ID: 15
  Task: N/A
  Level: Information
  Opcode: Info
  Keyword: N/A
  User: S-1-5-18
  User Name: NT AUTHORITY\SYSTEM
  Computer: asus
  Description: 
Hive \??\Volume{c5631e43-0000-0000-0000-600c00000000}\System Volume Information\SPP\SppCbsHiveStore\{cd42efe1-f6f1-427c-b004-033192c625a4}{B9B89CA3-E048-459C-AD2A-71F2A19548E2} was reorganized with a starting size of 13561856 bytes and an ending size of 13508608 bytes.

Event[1691]:
  Log Name: System
  Source: Microsoft-Windows-Kernel-General
  Date: 2017-06-21T18:46:21.264
  Event ID: 16
  Task: N/A
  Level: Information
  Opcode: Info
  Keyword: N/A
  User: S-1-5-18
  User Name: NT AUTHORITY\SYSTEM
  Computer: asus
  Description: 
The access history in hive \??\Volume{c5631e43-0000-0000-0000-600c00000000}\System Volume Information\SPP\SppCbsHiveStore\{cd42efe1-f6f1-427c-b004-033192c625a4}{D5D7C883-3073-4C7A-A593-A949964D3FB7} was cleared updating 69 keys and creating 8 modified pages.

Event[1692]:
  Log Name: System
  Source: Microsoft-Windows-Kernel-General
  Date: 2017-06-21T18:46:21.547
  Event ID: 16
  Task: N/A
  Level: Information
  Opcode: Info
  Keyword: N/A
  User: S-1-5-18
  User Name: NT AUTHORITY\SYSTEM
  Computer: asus
  Description: 
The access history in hive \??\Volume{c5631e43-0000-0000-0000-600c00000000}\System Volume Information\SPP\SppCbsHiveStore\{cd42efe1-f6f1-427c-b004-033192c625a4}{4108FE68-851A-40E8-9F43-39438D87ED05} was cleared updating 88 keys and creating 6 modified pages.

Event[1693]:
  Log Name: System
  Source: Microsoft-Windows-Kernel-General
  Date: 2017-06-21T18:46:24.967
  Event ID: 16
  Task: N/A
  Level: Information
  Opcode: Info
  Keyword: N/A
  User: S-1-5-18
  User Name: NT AUTHORITY\SYSTEM
  Computer: asus
  Description: 
The access history in hive \??\Volume{c5631e43-0000-0000-0000-600c00000000}\System Volume Information\SPP\SppCbsHiveStore\{cd42efe1-f6f1-427c-b004-033192c625a4}{F1BC95C5-3FF1-43D9-8459-9ED58297F749} was cleared updating 284 keys and creating 35 modified pages.

Event[1694]:
  Log Name: System
  Source: Microsoft-Windows-Kernel-General
  Date: 2017-06-21T18:46:29.722
  Event ID: 15
  Task: N/A
  Level: Information
  Opcode: Info
  Keyword: N/A
  User: S-1-5-18
  User Name: NT AUTHORITY\SYSTEM
  Computer: asus
  Description: 
Hive \??\Volume{c5631e43-0000-0000-0000-600c00000000}\System Volume Information\SPP\SppCbsHiveStore\{cd42efe1-f6f1-427c-b004-033192c625a4}{6D07CB07-25BF-45F9-9A56-21634FFCA27E} was reorganized with a starting size of 81563648 bytes and an ending size of 81342464 bytes.

Event[1695]:
  Log Name: System
  Source: BROWSER
  Date: 2017-06-21T19:00:24.366
  Event ID: 8033
  Task: N/A
  Level: Information
  Opcode: N/A
  Keyword: Classic
  User: N/A
  User Name: N/A
  Computer: asus
  Description: 
The browser has forced an election on network \Device\NetBT_Tcpip_{9BDEC3C0-593A-4153-9F03-5C10C29CCBFE} because a master browser was stopped.

Event[1696]:
  Log Name: System
  Source: Microsoft-Windows-Kernel-Power
  Date: 2017-06-21T19:00:23.902
  Event ID: 42
  Task: N/A
  Level: Information
  Opcode: Info
  Keyword: N/A
  User: N/A
  User Name: N/A
  Computer: asus
  Description: 
The system is entering sleep.

Sleep Reason: System Idle

Event[1697]:
  Log Name: System
  Source: Microsoft-Windows-Kernel-Power
  Date: 2017-06-21T19:00:24.959
  Event ID: 107
  Task: N/A
  Level: Information
  Opcode: Info
  Keyword: N/A
  User: N/A
  User Name: N/A
  Computer: asus
  Description: 
The system has resumed from sleep.

Event[1698]:
  Log Name: System
  Source: Microsoft-Windows-Kernel-General
  Date: 2017-06-21T19:01:12.500
  Event ID: 1
  Task: N/A
  Level: Information
  Opcode: Info
  Keyword: Time
  User: N/A
  User Name: N/A
  Computer: asus
  Description: 
The system time has changed to ?2017?-?06?-?21T17:01:12.500000000Z from ?2017?-?06?-?21T17:00:24.960062600Z.

Change Reason: System time synchronized with the hardware clock.

Event[1699]:
  Log Name: System
  Source: Microsoft-Windows-DistributedCOM
  Date: 2017-06-21T19:01:26.284
  Event ID: 10016
  Task: N/A
  Level: Error
  Opcode: Info
  Keyword: Classic
  User: S-1-5-18
  User Name: NT AUTHORITY\SYSTEM
  Computer: asus
  Description: 
The application-specific permission settings do not grant Local Activation permission for the COM Server application with CLSID 
{D63B10C5-BB46-4990-A94F-E40B9D520160}
 and APPID 
{9CA88EE3-ACB7-47C8-AFC4-AB702511C276}
 to the user NT AUTHORITY\SYSTEM SID (S-1-5-18) from address LocalHost (Using LRPC) running in the application container Unavailable SID (Unavailable). This security permission can be modified using the Component Services administrative tool.

Event[1700]:
  Log Name: System
  Source: Microsoft-Windows-Power-Troubleshooter
  Date: 2017-06-21T19:01:29.245
  Event ID: 1
  Task: N/A
  Level: Information
  Opcode: Info
  Keyword: N/A
  User: S-1-5-19
  User Name: NT AUTHORITY\LOCAL SERVICE
  Computer: asus
  Description: 
The system has returned from a low power state.

Sleep Time: ?2017?-?06?-?21T17:00:21.766142500Z
Wake Time: ?2017?-?06?-?21T17:01:13.228304500Z

Wake Source: Device -USB Root Hub

Event[1701]:
  Log Name: System
  Source: BROWSER
  Date: 2017-06-21T19:09:56.221
  Event ID: 8033
  Task: N/A
  Level: Information
  Opcode: N/A
  Keyword: Classic
  User: N/A
  User Name: N/A
  Computer: asus
  Description: 
The browser has forced an election on network \Device\NetBT_Tcpip_{9BDEC3C0-593A-4153-9F03-5C10C29CCBFE} because a master browser was stopped.

Event[1702]:
  Log Name: System
  Source: Microsoft-Windows-Kernel-Power
  Date: 2017-06-21T19:09:55.889
  Event ID: 42
  Task: N/A
  Level: Information
  Opcode: Info
  Keyword: N/A
  User: N/A
  User Name: N/A
  Computer: asus
  Description: 
The system is entering sleep.

Sleep Reason: Application API

Event[1703]:
  Log Name: System
  Source: Microsoft-Windows-Kernel-Power
  Date: 2017-06-21T19:09:56.578
  Event ID: 107
  Task: N/A
  Level: Information
  Opcode: Info
  Keyword: N/A
  User: N/A
  User Name: N/A
  Computer: asus
  Description: 
The system has resumed from sleep.

Event[1704]:
  Log Name: System
  Source: Microsoft-Windows-Kernel-General
  Date: 2017-06-21T19:56:39.500
  Event ID: 1
  Task: N/A
  Level: Information
  Opcode: Info
  Keyword: Time
  User: N/A
  User Name: N/A
  Computer: asus
  Description: 
The system time has changed to ?2017?-?06?-?21T17:56:39.500000000Z from ?2017?-?06?-?21T17:09:56.578638000Z.

Change Reason: System time synchronized with the hardware clock.

Event[1705]:
  Log Name: System
  Source: Microsoft-Windows-Power-Troubleshooter
  Date: 2017-06-21T19:56:55.234
  Event ID: 1
  Task: N/A
  Level: Information
  Opcode: Info
  Keyword: N/A
  User: S-1-5-19
  User Name: NT AUTHORITY\LOCAL SERVICE
  Computer: asus
  Description: 
The system has returned from a low power state.

Sleep Time: ?2017?-?06?-?21T17:09:55.009985300Z
Wake Time: ?2017?-?06?-?21T17:56:41.097751900Z

Wake Source: Timer - svchost.exe

Event[1706]:
  Log Name: System
  Source: BROWSER
  Date: 2017-06-21T19:58:52.833
  Event ID: 8033
  Task: N/A
  Level: Information
  Opcode: N/A
  Keyword: Classic
  User: N/A
  User Name: N/A
  Computer: asus
  Description: 
The browser has forced an election on network \Device\NetBT_Tcpip_{9BDEC3C0-593A-4153-9F03-5C10C29CCBFE} because a master browser was stopped.

Event[1707]:
  Log Name: System
  Source: Microsoft-Windows-Kernel-Power
  Date: 2017-06-21T19:58:52.590
  Event ID: 42
  Task: N/A
  Level: Information
  Opcode: Info
  Keyword: N/A
  User: N/A
  User Name: N/A
  Computer: asus
  Description: 
The system is entering sleep.

Sleep Reason: System Idle

Event[1708]:
  Log Name: System
  Source: Microsoft-Windows-Kernel-Power
  Date: 2017-06-21T19:58:53.138
  Event ID: 107
  Task: N/A
  Level: Information
  Opcode: Info
  Keyword: N/A
  User: N/A
  User Name: N/A
  Computer: asus
  Description: 
The system has resumed from sleep.

Event[1709]:
  Log Name: System
  Source: Microsoft-Windows-Kernel-General
  Date: 2017-06-21T20:52:40.500
  Event ID: 1
  Task: N/A
  Level: Information
  Opcode: Info
  Keyword: Time
  User: N/A
  User Name: N/A
  Computer: asus
  Description: 
The system time has changed to ?2017?-?06?-?21T18:52:40.500000000Z from ?2017?-?06?-?21T17:58:53.138192500Z.

Change Reason: System time synchronized with the hardware clock.

Event[1710]:
  Log Name: System
  Source: Microsoft-Windows-Power-Troubleshooter
  Date: 2017-06-21T20:52:54.984
  Event ID: 1
  Task: N/A
  Level: Information
  Opcode: Info
  Keyword: N/A
  User: S-1-5-19
  User Name: NT AUTHORITY\LOCAL SERVICE
  Computer: asus
  Description: 
The system has returned from a low power state.

Sleep Time: ?2017?-?06?-?21T17:58:52.248260100Z
Wake Time: ?2017?-?06?-?21T18:52:41.217274900Z

Wake Source: Timer - svchost.exe

Event[1711]:
  Log Name: System
  Source: Service Control Manager
  Date: 2017-06-21T20:52:57.212
  Event ID: 7040
  Task: N/A
  Level: Information
  Opcode: N/A
  Keyword: Classic
  User: S-1-5-18
  User Name: NT AUTHORITY\SYSTEM
  Computer: asus
  Description: 
The start type of the Background Intelligent Transfer Service service was changed from auto start to demand start.

Event[1712]:
  Log Name: System
  Source: Microsoft-Windows-Time-Service
  Date: 2017-06-21T22:49:17.173
  Event ID: 37
  Task: N/A
  Level: Information
  Opcode: Info
  Keyword: N/A
  User: S-1-5-19
  User Name: NT AUTHORITY\LOCAL SERVICE
  Computer: asus
  Description: 
The time provider NtpClient is currently receiving valid time data from time.windows.com,0x9 (ntp.m|0x9|0.0.0.0:123->52.166.120.77:123).

Event[1713]:
  Log Name: System
  Source: Microsoft-Windows-Kernel-General
  Date: 2017-06-21T22:49:14.706
  Event ID: 1
  Task: N/A
  Level: Information
  Opcode: Info
  Keyword: Time
  User: S-1-5-19
  User Name: NT AUTHORITY\LOCAL SERVICE
  Computer: asus
  Description: 
The system time has changed to ?2017?-?06?-?21T20:49:14.707151200Z from ?2017?-?06?-?21T20:49:17.184701800Z.

Change Reason: An application or system component changed the time.

Event[1714]:
  Log Name: System
  Source: Microsoft-Windows-Time-Service
  Date: 2017-06-21T22:49:14.706
  Event ID: 35
  Task: N/A
  Level: Information
  Opcode: Info
  Keyword: N/A
  User: S-1-5-19
  User Name: NT AUTHORITY\LOCAL SERVICE
  Computer: asus
  Description: 
The time service is now synchronizing the system time with the time source time.windows.com,0x9 (ntp.m|0x9|0.0.0.0:123->52.166.120.77:123).

Event[1715]:
  Log Name: System
  Source: Microsoft-Windows-Kernel-General
  Date: 2017-06-21T22:49:14.705
  Event ID: 1
  Task: N/A
  Level: Information
  Opcode: Info
  Keyword: Time
  User: S-1-5-19
  User Name: NT AUTHORITY\LOCAL SERVICE
  Computer: asus
  Description: 
The system time has changed to ?2017?-?06?-?21T20:49:14.706000000Z from ?2017?-?06?-?21T20:49:14.707607300Z.

Change Reason: An application or system component changed the time.

Event[1716]:
  Log Name: System
  Source: Microsoft-Windows-Kernel-General
  Date: 2017-06-21T22:49:14.703
  Event ID: 1
  Task: N/A
  Level: Information
  Opcode: Info
  Keyword: Time
  User: S-1-5-19
  User Name: NT AUTHORITY\LOCAL SERVICE
  Computer: asus
  Description: 
The system time has changed to ?2017?-?06?-?21T20:49:14.704000000Z from ?2017?-?06?-?21T20:49:14.705751000Z.

Change Reason: An application or system component changed the time.

Event[1717]:
  Log Name: System
  Source: Microsoft-Windows-DistributedCOM
  Date: 2017-06-22T00:13:50.081
  Event ID: 10016
  Task: N/A
  Level: Error
  Opcode: Info
  Keyword: Classic
  User: S-1-5-18
  User Name: NT AUTHORITY\SYSTEM
  Computer: asus
  Description: 
The application-specific permission settings do not grant Local Activation permission for the COM Server application with CLSID 
{D63B10C5-BB46-4990-A94F-E40B9D520160}
 and APPID 
{9CA88EE3-ACB7-47C8-AFC4-AB702511C276}
 to the user NT AUTHORITY\SYSTEM SID (S-1-5-18) from address LocalHost (Using LRPC) running in the application container Unavailable SID (Unavailable). This security permission can be modified using the Component Services administrative tool.

Event[1718]:
  Log Name: System
  Source: User32
  Date: 2017-06-22T00:14:19.149
  Event ID: 1074
  Task: N/A
  Level: Information
  Opcode: N/A
  Keyword: Classic
  User: S-1-5-21-2727687409-414627687-575682064-1001
  User Name: ASUS\dypcdiver
  Computer: asus
  Description: 
The process C:\Windows\System32\RuntimeBroker.exe (ASUS) has initiated the power off of computer ASUS on behalf of user ASUS\dypcdiver for the following reason: Other (Unplanned)
 Reason Code: 0x0
 Shut-down Type: power off
 Comment: 

Event[1719]:
  Log Name: System
  Source: User32
  Date: 2017-06-22T00:15:24.457
  Event ID: 1073
  Task: N/A
  Level: Warning
  Opcode: N/A
  Keyword: Classic
  User: S-1-5-21-2727687409-414627687-575682064-1001
  User Name: ASUS\dypcdiver
  Computer: asus
  Description: 
The attempt by user ASUS\dypcdiver to restart/shutdown computer ASUS failed

Event[1720]:
  Log Name: System
  Source: Microsoft-Windows-GroupPolicy
  Date: 2017-06-22T00:22:42.094
  Event ID: 1501
  Task: N/A
  Level: Information
  Opcode: Start
  Keyword: N/A
  User: S-1-5-21-2727687409-414627687-575682064-1001
  User Name: ASUS\dypcdiver
  Computer: asus
  Description: 
The Group Policy settings for the user were processed successfully. There were no changes detected since the last successful processing of Group Policy.

Event[1721]:
  Log Name: System
  Source: Microsoft-Windows-GroupPolicy
  Date: 2017-06-22T00:22:42.094
  Event ID: 1500
  Task: N/A
  Level: Information
  Opcode: Start
  Keyword: N/A
  User: S-1-5-18
  User Name: NT AUTHORITY\SYSTEM
  Computer: asus
  Description: 
The Group Policy settings for the computer were processed successfully. There were no changes detected since the last successful processing of Group Policy.

Event[1722]:
  Log Name: System
  Source: Microsoft-Windows-Winlogon
  Date: 2017-06-22T00:22:43.940
  Event ID: 7002
  Task: N/A
  Level: Information
  Opcode: Info
  Keyword: N/A
  User: S-1-5-18
  User Name: NT AUTHORITY\SYSTEM
  Computer: asus
  Description: 
User Log-off Notification for Customer Experience Improvement Program

Event[1723]:
  Log Name: System
  Source: EventLog
  Date: 2017-06-22T00:24:17.364
  Event ID: 6006
  Task: N/A
  Level: Information
  Opcode: N/A
  Keyword: Classic
  User: N/A
  User Name: N/A
  Computer: asus
  Description: 
The Event log service was stopped.

Event[1724]:
  Log Name: System
  Source: Microsoft-Windows-Dhcp-Client
  Date: 2017-06-22T00:24:16.728
  Event ID: 50104
  Task: Service State Event
  Level: Information
  Opcode: ServiceShutdown
  Keyword: N/A
  User: S-1-5-19
  User Name: NT AUTHORITY\LOCAL SERVICE
  Computer: asus
  Description: 
DHCPv4 client received shutdown notification

Event[1725]:
  Log Name: System
  Source: Microsoft-Windows-Dhcp-Client
  Date: 2017-06-22T00:24:16.728
  Event ID: 50105
  Task: Service State Event
  Level: Information
  Opcode: ServiceShutdown
  Keyword: N/A
  User: S-1-5-19
  User Name: NT AUTHORITY\LOCAL SERVICE
  Computer: asus
  Description: 
DHCPv4 client ProcessDHCPRequestForever received TERMINATE_EVENT

Event[1726]:
  Log Name: System
  Source: Microsoft-Windows-DHCPv6-Client
  Date: 2017-06-22T00:24:16.756
  Event ID: 51047
  Task: Service State Event
  Level: Information
  Opcode: ServiceStop
  Keyword: N/A
  User: S-1-5-19
  User Name: NT AUTHORITY\LOCAL SERVICE
  Computer: asus
  Description: 
DHCPv6 client service is stopped. ShutDown Flag value is 1

Event[1727]:
  Log Name: System
  Source: Microsoft-Windows-DHCPv6-Client
  Date: 2017-06-22T00:24:16.756
  Event ID: 51057
  Task: Service State Event
  Level: Information
  Opcode: ServiceStopWithRefCount
  Keyword: N/A
  User: S-1-5-19
  User Name: NT AUTHORITY\LOCAL SERVICE
  Computer: asus
  Description: 
DHCPv6 client service stop is almost done.DHCP Context Ref count is 1

Event[1728]:
  Log Name: System
  Source: Microsoft-Windows-DHCPv6-Client
  Date: 2017-06-22T00:24:16.756
  Event ID: 51057
  Task: Service State Event
  Level: Information
  Opcode: ServiceStopWithRefCount
  Keyword: N/A
  User: S-1-5-19
  User Name: NT AUTHORITY\LOCAL SERVICE
  Computer: asus
  Description: 
DHCPv6 client service stop is almost done.DHCP Context Ref count is 1

Event[1729]:
  Log Name: System
  Source: Microsoft-Windows-Dhcp-Client
  Date: 2017-06-22T00:24:16.763
  Event ID: 50106
  Task: Service State Event
  Level: Information
  Opcode: ServiceShutdown
  Keyword: N/A
  User: S-1-5-19
  User Name: NT AUTHORITY\LOCAL SERVICE
  Computer: asus
  Description: 
DHCPv4 is waiting on DHCPv6 service to stop

Event[1730]:
  Log Name: System
  Source: Microsoft-Windows-Dhcp-Client
  Date: 2017-06-22T00:24:17.090
  Event ID: 50037
  Task: Service State Event
  Level: Information
  Opcode: ServiceStop
  Keyword: N/A
  User: S-1-5-19
  User Name: NT AUTHORITY\LOCAL SERVICE
  Computer: asus
  Description: 
DHCPv4 client service is stopped. ShutDown Flag value is 1

Event[1731]:
  Log Name: System
  Source: EventLog
  Date: 2017-06-22T10:29:00.342
  Event ID: 6009
  Task: N/A
  Level: Information
  Opcode: N/A
  Keyword: Classic
  User: N/A
  User Name: N/A
  Computer: asus
  Description: 
Microsoft (R) Windows (R) 10.00. 15063  Multiprocessor Free.

Event[1732]:
  Log Name: System
  Source: EventLog
  Date: 2017-06-22T10:29:00.342
  Event ID: 6005
  Task: N/A
  Level: Information
  Opcode: N/A
  Keyword: Classic
  User: N/A
  User Name: N/A
  Computer: asus
  Description: 
The Event log service was started.

Event[1733]:
  Log Name: System
  Source: EventLog
  Date: 2017-06-22T10:29:00.405
  Event ID: 6013
  Task: N/A
  Level: Information
  Opcode: N/A
  Keyword: Classic
  User: N/A
  User Name: N/A
  Computer: asus
  Description: 
The system uptime is 39 seconds.

Event[1734]:
  Log Name: System
  Source: Microsoft-Windows-Kernel-Power
  Date: 2017-06-22T00:24:21.664
  Event ID: 109
  Task: N/A
  Level: Information
  Opcode: Info
  Keyword: N/A
  User: N/A
  User Name: N/A
  Computer: asus
  Description: 
The kernel power manager has initiated a shutdown transition.

Shutdown Reason: Kernel API

Event[1735]:
  Log Name: System
  Source: Microsoft-Windows-Kernel-Power
  Date: 2017-06-22T00:24:21.664
  Event ID: 109
  Task: N/A
  Level: Information
  Opcode: Info
  Keyword: N/A
  User: N/A
  User Name: N/A
  Computer: asus
  Description: 
The kernel power manager has initiated a shutdown transition.

Shutdown Reason: Kernel API

Event[1736]:
  Log Name: System
  Source: Microsoft-Windows-Kernel-General
  Date: 2017-06-22T00:24:26.844
  Event ID: 13
  Task: N/A
  Level: Information
  Opcode: Info
  Keyword: N/A
  User: N/A
  User Name: N/A
  Computer: asus
  Description: 
The operating system is shutting down at system time ?2017?-?06?-?21T22:24:26.844947000Z.

Event[1737]:
