  Log Name: System
  Source: Microsoft-Windows-Kernel-PnP
  Date: 2017-06-25T13:09:42.860
  Event ID: 219
  Task: N/A
  Level: Warning
  Opcode: Info
  Keyword: N/A
  User: S-1-5-18
  User Name: NT AUTHORITY\SYSTEM
  Computer: asus
  Description: 
The driver \Driver\WudfRd failed to load for the device SWD\WPDBUSENUM\_??_USBSTOR#Disk&Ven_SanDisk&Prod_Cruzer_Mini&Rev_0.1#SNDK2EE004007A400508&0#{53f56307-b6bf-11d0-94f2-00a0c91efb8b}.

Event[2397]:
  Log Name: System
  Source: Microsoft-Windows-DriverFrameworks-UserMode
  Date: 2017-06-25T13:09:42.861
  Event ID: 10114
  Task: Startup of the UMDF reflector
  Level: Information
  Opcode: Info
  Keyword: N/A
  User: S-1-5-18
  User Name: NT AUTHORITY\SYSTEM
  Computer: asus
  Description: 
WUDFSvc (part of UMDF) did not load yet. After it does, Windows will start the device again.

Event[2398]:
  Log Name: System
  Source: Microsoft-Windows-Kernel-PnP
  Date: 2017-06-25T13:09:42.862
  Event ID: 219
  Task: N/A
  Level: Warning
  Opcode: Info
  Keyword: N/A
  User: S-1-5-18
  User Name: NT AUTHORITY\SYSTEM
  Computer: asus
  Description: 
The driver \Driver\WudfRd failed to load for the device SWD\WPDBUSENUM\_??_USBSTOR#Disk&Ven_Generic&Prod_STORAGE_DEVICE&Rev_9744#000000009744&1#{53f56307-b6bf-11d0-94f2-00a0c91efb8b}.

Event[2399]:
  Log Name: System
  Source: Microsoft-Windows-DriverFrameworks-UserMode
  Date: 2017-06-25T13:09:42.863
  Event ID: 10114
  Task: Startup of the UMDF reflector
  Level: Information
  Opcode: Info
  Keyword: N/A
  User: S-1-5-18
  User Name: NT AUTHORITY\SYSTEM
  Computer: asus
  Description: 
WUDFSvc (part of UMDF) did not load yet. After it does, Windows will start the device again.

Event[2400]:
  Log Name: System
  Source: Microsoft-Windows-Kernel-PnP
  Date: 2017-06-25T13:09:42.863
  Event ID: 219
  Task: N/A
  Level: Warning
  Opcode: Info
  Keyword: N/A
  User: S-1-5-18
  User Name: NT AUTHORITY\SYSTEM
  Computer: asus
  Description: 
The driver \Driver\WudfRd failed to load for the device SWD\WPDBUSENUM\_??_USBSTOR#Disk&Ven_Generic&Prod_STORAGE_DEVICE&Rev_9744#000000009744&4#{53f56307-b6bf-11d0-94f2-00a0c91efb8b}.

Event[2401]:
  Log Name: System
  Source: Microsoft-Windows-Dhcp-Client
  Date: 2017-06-25T13:09:43.113
  Event ID: 50036
  Task: Service State Event
  Level: Information
  Opcode: ServiceStart
  Keyword: N/A
  User: S-1-5-19
  User Name: NT AUTHORITY\LOCAL SERVICE
  Computer: asus
  Description: 
DHCPv4 client service is started

Event[2402]:
  Log Name: System
  Source: Microsoft-Windows-Dhcp-Client
  Date: 2017-06-25T13:09:43.113
  Event ID: 50103
  Task: Service State Event
  Level: Information
  Opcode: ServiceShutdown
  Keyword: N/A
  User: S-1-5-19
  User Name: NT AUTHORITY\LOCAL SERVICE
  Computer: asus
  Description: 
DHCPv4 client registered for shutdown notification

Event[2403]:
  Log Name: System
  Source: Microsoft-Windows-DHCPv6-Client
  Date: 2017-06-25T13:09:43.137
  Event ID: 51046
  Task: Service State Event
  Level: Information
  Opcode: ServiceStart
  Keyword: N/A
  User: S-1-5-19
  User Name: NT AUTHORITY\LOCAL SERVICE
  Computer: asus
  Description: 
DHCPv6 client service is started

Event[2404]:
  Log Name: System
  Source: Microsoft-Windows-WMPNSS-Service
  Date: 2017-06-25T13:09:53.109
  Event ID: 14204
  Task: N/A
  Level: Information
  Opcode: N/A
  Keyword: Classic
  User: N/A
  User Name: N/A
  Computer: asus
  Description: 
Service 'WMPNetworkSvc' started.

Event[2405]:
  Log Name: System
  Source: Microsoft-Windows-WMPNSS-Service
  Date: 2017-06-25T13:09:56.701
  Event ID: 14206
  Task: N/A
  Level: Information
  Opcode: N/A
  Keyword: Classic
  User: N/A
  User Name: N/A
  Computer: asus
  Description: 
Media server 'ASUS: dypcdiver:' was successfully initialised and is sharing media with network media devices.

Event[2406]:
  Log Name: System
  Source: Microsoft-Windows-Winlogon
  Date: 2017-06-25T13:10:09.658
  Event ID: 7001
  Task: N/A
  Level: Information
  Opcode: Info
  Keyword: N/A
  User: S-1-5-18
  User Name: NT AUTHORITY\SYSTEM
  Computer: asus
  Description: 
User Log-on Notification for Customer Experience Improvement Program

Event[2407]:
  Log Name: System
  Source: Service Control Manager
  Date: 2017-06-25T13:10:11.017
  Event ID: 7026
  Task: N/A
  Level: Information
  Opcode: N/A
  Keyword: Classic
  User: N/A
  User Name: N/A
  Computer: asus
  Description: 
The following boot-start or system-start driver(s) did not load: 
dam
EhStorClass

Event[2408]:
  Log Name: System
  Source: Microsoft-Windows-WMPNSS-Service
  Date: 2017-06-25T13:10:41.892
  Event ID: 14210
  Task: N/A
  Level: Information
  Opcode: N/A
  Keyword: Classic
  User: N/A
  User Name: N/A
  Computer: asus
  Description: 
The monitored folders on media server 'dypcdiver' changed.  Windows Media Player is updating security permissions for any included folders to enable media sharing.

Event[2409]:
  Log Name: System
  Source: Microsoft-Windows-Kernel-General
  Date: 2017-06-25T14:29:05.701
  Event ID: 12
  Task: N/A
  Level: Information
  Opcode: Info
  Keyword: N/A
  User: S-1-5-18
  User Name: NT AUTHORITY\SYSTEM
  Computer: asus
  Description: 
The operating system started at system time ?2017?-?06?-?25T12:29:05.487586500Z.

Event[2410]:
  Log Name: System
  Source: EventLog
  Date: 2017-06-25T14:29:38.856
  Event ID: 6008
  Task: N/A
  Level: Error
  Opcode: N/A
  Keyword: Classic
  User: N/A
  User Name: N/A
  Computer: asus
  Description: 
The previous system shutdown at 13:09:43 on ?25/?06/?2017 was unexpected.

Event[2411]:
  Log Name: System
  Source: EventLog
  Date: 2017-06-25T14:29:38.856
  Event ID: 6009
  Task: N/A
  Level: Information
  Opcode: N/A
  Keyword: Classic
  User: N/A
  User Name: N/A
  Computer: asus
  Description: 
Microsoft (R) Windows (R) 10.00. 15063  Multiprocessor Free.

Event[2412]:
  Log Name: System
  Source: EventLog
  Date: 2017-06-25T14:29:38.856
  Event ID: 6005
  Task: N/A
  Level: Information
  Opcode: N/A
  Keyword: Classic
  User: N/A
  User Name: N/A
  Computer: asus
  Description: 
The Event log service was started.

Event[2413]:
  Log Name: System
  Source: EventLog
  Date: 2017-06-25T14:29:38.856
  Event ID: 6013
  Task: N/A
  Level: Information
  Opcode: N/A
  Keyword: Classic
  User: N/A
  User Name: N/A
  Computer: asus
  Description: 
The system uptime is 33 seconds.

Event[2414]:
  Log Name: System
  Source: Microsoft-Windows-Kernel-Boot
  Date: 2017-06-25T14:29:05.701
  Event ID: 153
  Task: N/A
  Level: Information
  Opcode: Info
  Keyword: N/A
  User: S-1-5-18
  User Name: NT AUTHORITY\SYSTEM
  Computer: asus
  Description: 
Virtualization-based security (policies: 0) is disabled.

Event[2415]:
  Log Name: System
  Source: Microsoft-Windows-Kernel-Boot
  Date: 2017-06-25T14:29:05.701
  Event ID: 16
  Task: N/A
  Level: Error
  Opcode: Info
  Keyword: N/A
  User: S-1-5-18
  User Name: NT AUTHORITY\SYSTEM
  Computer: asus
  Description: 
Windows failed to resume from hibernate with error status 0xC0000001.

Event[2416]:
  Log Name: System
  Source: Microsoft-Windows-Kernel-Boot
  Date: 2017-06-25T14:29:05.701
  Event ID: 18
  Task: N/A
  Level: Information
  Opcode: Info
  Keyword: N/A
  User: S-1-5-18
  User Name: NT AUTHORITY\SYSTEM
  Computer: asus
  Description: 
There are 0x2 boot options on this system.

Event[2417]:
  Log Name: System
  Source: Microsoft-Windows-Kernel-Boot
  Date: 2017-06-25T14:29:05.701
  Event ID: 32
  Task: N/A
  Level: Information
  Opcode: Info
  Keyword: N/A
  User: S-1-5-18
  User Name: NT AUTHORITY\SYSTEM
  Computer: asus
  Description: 
The bootmgr spent 0 ms waiting for user input.

Event[2418]:
  Log Name: System
  Source: Microsoft-Windows-Kernel-Boot
  Date: 2017-06-25T14:29:05.701
  Event ID: 20
  Task: N/A
  Level: Information
  Opcode: Info
  Keyword: N/A
  User: S-1-5-18
  User Name: NT AUTHORITY\SYSTEM
  Computer: asus
  Description: 
The last shutdown's success status was false. The last boot's success status was true.

Event[2419]:
  Log Name: System
  Source: Microsoft-Windows-Kernel-Boot
  Date: 2017-06-25T14:29:05.701
  Event ID: 27
  Task: N/A
  Level: Information
  Opcode: Info
  Keyword: N/A
  User: S-1-5-18
  User Name: NT AUTHORITY\SYSTEM
  Computer: asus
  Description: 
The boot type was 0x0.

Event[2420]:
  Log Name: System
  Source: Microsoft-Windows-Kernel-Boot
  Date: 2017-06-25T14:29:05.701
  Event ID: 25
  Task: N/A
  Level: Information
  Opcode: Info
  Keyword: N/A
  User: S-1-5-18
  User Name: NT AUTHORITY\SYSTEM
  Computer: asus
  Description: 
The boot menu policy was 0x1.

Event[2421]:
  Log Name: System
  Source: Microsoft-Windows-Kernel-Boot
  Date: 2017-06-25T14:29:05.701
  Event ID: 18
  Task: N/A
  Level: Information
  Opcode: Info
  Keyword: N/A
  User: S-1-5-18
  User Name: NT AUTHORITY\SYSTEM
  Computer: asus
  Description: 
There are 0x2 boot options on this system.

Event[2422]:
  Log Name: System
  Source: Microsoft-Windows-Kernel-Boot
  Date: 2017-06-25T14:29:05.701
  Event ID: 32
  Task: N/A
  Level: Information
  Opcode: Info
  Keyword: N/A
  User: S-1-5-18
  User Name: NT AUTHORITY\SYSTEM
  Computer: asus
  Description: 
The bootmgr spent 0 ms waiting for user input.

Event[2423]:
  Log Name: System
  Source: Microsoft-Windows-FilterManager
  Date: 2017-06-25T14:29:09.571
  Event ID: 6
  Task: N/A
  Level: Information
  Opcode: Info
  Keyword: N/A
  User: S-1-5-18
  User Name: NT AUTHORITY\SYSTEM
  Computer: asus
  Description: 
File System Filter 'FileInfo' (10.0, ?2042?-?06?-?30T16:43:32.000000000Z) has successfully loaded and registered with Filter Manager.

Event[2424]:
  Log Name: System
  Source: Microsoft-Windows-FilterManager
  Date: 2017-06-25T14:29:09.571
  Event ID: 6
  Task: N/A
  Level: Information
  Opcode: Info
  Keyword: N/A
  User: S-1-5-18
  User Name: NT AUTHORITY\SYSTEM
  Computer: asus
  Description: 
File System Filter 'Wof' (10.0, ?1974?-?03?-?12T00:47:45.000000000Z) has successfully loaded and registered with Filter Manager.

Event[2425]:
  Log Name: System
  Source: Microsoft-Windows-Ntfs
  Date: 2017-06-25T14:29:15.042
  Event ID: 98
  Task: N/A
  Level: Information
  Opcode: Info
  Keyword: N/A
  User: S-1-5-18
  User Name: NT AUTHORITY\SYSTEM
  Computer: asus
  Description: 
Volume C: (\Device\HarddiskVolume2) is healthy.  No action is needed.

Event[2426]:
  Log Name: System
  Source: Microsoft-Windows-FilterManager
  Date: 2017-06-25T14:29:15.535
  Event ID: 6
  Task: N/A
  Level: Information
  Opcode: Info
  Keyword: N/A
  User: S-1-5-18
  User Name: NT AUTHORITY\SYSTEM
  Computer: asus
  Description: 
File System Filter 'FileCrypt' (10.0, ?2030?-?05?-?28T10:10:59.000000000Z) has successfully loaded and registered with Filter Manager.

Event[2427]:
  Log Name: System
  Source: avkmgr
  Date: 2017-06-25T14:29:16.381
  Event ID: 17
  Task: N/A
  Level: Information
  Opcode: N/A
  Keyword: Classic
  User: N/A
  User Name: N/A
  Computer: asus
  Description: 
avkmgr.sys successfully loaded

Event[2428]:
  Log Name: System
  Source: avipbb
  Date: 2017-06-25T14:29:16.522
  Event ID: 17
  Task: N/A
  Level: Information
  Opcode: N/A
  Keyword: Classic
  User: N/A
  User Name: N/A
  Computer: asus
  Description: 
avipbb.sys successfully loaded

Event[2429]:
  Log Name: System
  Source: Microsoft-Windows-FilterManager
  Date: 2017-06-25T14:29:16.534
  Event ID: 6
  Task: N/A
  Level: Information
  Opcode: Info
  Keyword: N/A
  User: S-1-5-18
  User Name: NT AUTHORITY\SYSTEM
  Computer: asus
  Description: 
File System Filter 'npsvctrig' (10.0, ?2097?-?07?-?25T12:18:05.000000000Z) has successfully loaded and registered with Filter Manager.

Event[2430]:
  Log Name: System
  Source: Microsoft-Windows-Kernel-Power
  Date: 2017-06-25T14:29:16.556
  Event ID: 41
  Task: N/A
  Level: Critical
  Opcode: Info
  Keyword: N/A
  User: S-1-5-18
  User Name: NT AUTHORITY\SYSTEM
  Computer: asus
  Description: 
The system has rebooted without cleanly shutting down first. This error could be caused if the system stopped responding, crashed, or lost power unexpectedly.

Event[2431]:
  Log Name: System
  Source: Microsoft-Windows-Kernel-Power
  Date: 2017-06-25T14:29:16.572
  Event ID: 172
  Task: N/A
  Level: Information
  Opcode: Info
  Keyword: N/A
  User: S-1-5-18
  User Name: NT AUTHORITY\SYSTEM
  Computer: asus
  Description: 
Connectivity state in standby: Disconnected, Reason: NIC compliance

Event[2432]:
  Log Name: System
  Source: Microsoft-Windows-Kernel-Power
  Date: 2017-06-25T14:29:16.572
  Event ID: 508
  Task: N/A
  Level: Information
  Opcode: Info
  Keyword: N/A
  User: N/A
  User Name: N/A
  Computer: asus
  Description: 
The system has been constrained to a periodic tick 

Reason: Errata Manager override.

Event[2433]:
  Log Name: System
  Source: Microsoft-Windows-Kernel-Processor-Power
  Date: 2017-06-25T14:29:25.571
  Event ID: 55
  Task: N/A
  Level: Information
  Opcode: Info
  Keyword: N/A
  User: S-1-5-18
  User Name: NT AUTHORITY\SYSTEM
  Computer: asus
  Description: 
Processor 0 in group 0 exposes the following power management capabilities:

Idle state type: ACPI Idle (C) States (2 state(s))

Performance state type: ACPI Performance (P) / Throttle (T) States
Nominal Frequency (MHz): 2801
Maximum performance percentage: 100
Minimum performance percentage: 42
Minimum throttle percentage: 42

Event[2434]:
  Log Name: System
  Source: Microsoft-Windows-Kernel-Processor-Power
  Date: 2017-06-25T14:29:25.572
  Event ID: 55
  Task: N/A
  Level: Information
  Opcode: Info
  Keyword: N/A
  User: S-1-5-18
  User Name: NT AUTHORITY\SYSTEM
  Computer: asus
  Description: 
Processor 1 in group 0 exposes the following power management capabilities:

Idle state type: ACPI Idle (C) States (2 state(s))

Performance state type: ACPI Performance (P) / Throttle (T) States
Nominal Frequency (MHz): 2801
Maximum performance percentage: 100
Minimum performance percentage: 42
Minimum throttle percentage: 42

Event[2435]:
  Log Name: System
  Source: Microsoft-Windows-Kernel-Processor-Power
  Date: 2017-06-25T14:29:25.572
  Event ID: 55
  Task: N/A
  Level: Information
  Opcode: Info
  Keyword: N/A
  User: S-1-5-18
  User Name: NT AUTHORITY\SYSTEM
  Computer: asus
  Description: 
Processor 2 in group 0 exposes the following power management capabilities:

Idle state type: ACPI Idle (C) States (2 state(s))

Performance state type: ACPI Performance (P) / Throttle (T) States
Nominal Frequency (MHz): 2801
Maximum performance percentage: 100
Minimum performance percentage: 42
Minimum throttle percentage: 42

Event[2436]:
  Log Name: System
  Source: Microsoft-Windows-Kernel-Processor-Power
  Date: 2017-06-25T14:29:25.573
  Event ID: 55
  Task: N/A
  Level: Information
  Opcode: Info
  Keyword: N/A
  User: S-1-5-18
  User Name: NT AUTHORITY\SYSTEM
  Computer: asus
  Description: 
Processor 3 in group 0 exposes the following power management capabilities:

Idle state type: ACPI Idle (C) States (2 state(s))

Performance state type: ACPI Performance (P) / Throttle (T) States
Nominal Frequency (MHz): 2801
Maximum performance percentage: 100
Minimum performance percentage: 42
Minimum throttle percentage: 42

Event[2437]:
  Log Name: System
  Source: HECIx64
  Date: 2017-06-25T14:29:25.662
  Event ID: 2
  Task: N/A
  Level: Information
  Opcode: N/A
  Keyword: Classic
  User: N/A
  User Name: N/A
  Computer: asus
  Description: 
Intel(R) Management Engine Interface driver has started successfully.

Event[2438]:
  Log Name: System
  Source: Microsoft-Windows-Ntfs
  Date: 2017-06-25T14:29:26.364
  Event ID: 98
  Task: N/A
  Level: Information
  Opcode: Info
  Keyword: N/A
  User: S-1-5-18
  User Name: NT AUTHORITY\SYSTEM
  Computer: asus
  Description: 
Volume D: (\Device\HarddiskVolume4) is healthy.  No action is needed.

Event[2439]:
  Log Name: System
  Source: Microsoft-Windows-Ntfs
  Date: 2017-06-25T14:29:26.717
  Event ID: 98
  Task: N/A
  Level: Information
  Opcode: Info
  Keyword: N/A
  User: S-1-5-18
  User Name: NT AUTHORITY\SYSTEM
  Computer: asus
  Description: 
Volume \\?\Volume{c5631e43-0000-0000-0000-100000000000} (\Device\HarddiskVolume1) is healthy.  No action is needed.

Event[2440]:
  Log Name: System
  Source: Microsoft-Windows-Wininit
  Date: 2017-06-25T14:29:37.840
  Event ID: 14
  Task: N/A
  Level: Information
  Opcode: Info
  Keyword: N/A
  User: S-1-5-18
  User Name: NT AUTHORITY\SYSTEM
  Computer: asus
  Description: 
Credential Guard (LsaIso.exe) configuration: 0x0, 0

Event[2441]:
  Log Name: System
  Source: Microsoft-Windows-Directory-Services-SAM
  Date: 2017-06-25T14:29:38.281
  Event ID: 16962
  Task: N/A
  Level: Information
  Opcode: Info
  Keyword: N/A
  User: S-1-5-18
  User Name: NT AUTHORITY\SYSTEM
  Computer: asus
  Description: 
Remote calls to the SAM database are being restricted using the default security descriptor: O:SYG:SYD:(A;;RC;;;BA).
For more information please see http://go.microsoft.com/fwlink/?LinkId=787651.

Event[2442]:
  Log Name: System
  Source: Microsoft-Windows-FilterManager
  Date: 2017-06-25T14:29:38.770
  Event ID: 6
  Task: N/A
  Level: Information
  Opcode: Info
  Keyword: N/A
  User: S-1-5-18
  User Name: NT AUTHORITY\SYSTEM
  Computer: asus
  Description: 
File System Filter 'wcifs' (10.0, ?2088?-?07?-?29T05:04:59.000000000Z) has successfully loaded and registered with Filter Manager.

Event[2443]:
  Log Name: System
  Source: Microsoft-Windows-FilterManager
  Date: 2017-06-25T14:29:38.794
  Event ID: 6
  Task: N/A
  Level: Information
  Opcode: Info
  Keyword: N/A
  User: S-1-5-18
  User Name: NT AUTHORITY\SYSTEM
  Computer: asus
  Description: 
File System Filter 'luafv' (10.0, ?2037?-?06?-?08T11:55:59.000000000Z) has successfully loaded and registered with Filter Manager.

Event[2444]:
  Log Name: System
  Source: Service Control Manager
  Date: 2017-06-25T14:29:38.794
  Event ID: 7000
  Task: N/A
  Level: Error
  Opcode: N/A
  Keyword: Classic
  User: N/A
  User Name: N/A
  Computer: asus
  Description: 
The CldFlt service failed to start due to the following error: 
The request is not supported.

Event[2445]:
  Log Name: System
  Source: Microsoft-Windows-FilterManager
  Date: 2017-06-25T14:29:38.869
  Event ID: 6
  Task: N/A
  Level: Information
  Opcode: Info
  Keyword: N/A
  User: S-1-5-18
  User Name: NT AUTHORITY\SYSTEM
  Computer: asus
  Description: 
File System Filter 'storqosflt' (10.0, ?2015?-?12?-?18T05:36:27.000000000Z) has successfully loaded and registered with Filter Manager.

Event[2446]:
  Log Name: System
  Source: Microsoft-Windows-DriverFrameworks-UserMode
  Date: 2017-06-25T14:29:38.871
  Event ID: 10114
  Task: Startup of the UMDF reflector
  Level: Information
  Opcode: Info
  Keyword: N/A
  User: S-1-5-18
  User Name: NT AUTHORITY\SYSTEM
  Computer: asus
  Description: 
WUDFPf (part of UMDF) did not load yet. After it does, Windows will start the device again.

Event[2447]:
  Log Name: System
  Source: Microsoft-Windows-Kernel-PnP
  Date: 2017-06-25T14:29:38.871
  Event ID: 219
  Task: N/A
  Level: Warning
  Opcode: Info
  Keyword: N/A
  User: S-1-5-18
  User Name: NT AUTHORITY\SYSTEM
  Computer: asus
  Description: 
The driver \Driver\WudfRd failed to load for the device SWD\WPDBUSENUM\_??_USBSTOR#Disk&Ven_Generic&Prod_STORAGE_DEVICE&Rev_9744#000000009744&2#{53f56307-b6bf-11d0-94f2-00a0c91efb8b}.

Event[2448]:
  Log Name: System
  Source: Microsoft-Windows-FilterManager
  Date: 2017-06-25T14:29:38.873
  Event ID: 6
  Task: N/A
  Level: Information
  Opcode: Info
  Keyword: N/A
  User: S-1-5-18
  User Name: NT AUTHORITY\SYSTEM
  Computer: asus
  Description: 
File System Filter 'avgntflt' (6.3, ?2017?-?05?-?03T13:25:46.000000000Z) has successfully loaded and registered with Filter Manager.

Event[2449]:
  Log Name: System
  Source: avgntflt
  Date: 2017-06-25T14:29:38.873
  Event ID: 17
  Task: N/A
  Level: Information
  Opcode: N/A
  Keyword: Classic
  User: N/A
  User Name: N/A
  Computer: asus
  Description: 
avgntflt.sys successfully loaded

Event[2450]:
  Log Name: System
  Source: Microsoft-Windows-DriverFrameworks-UserMode
  Date: 2017-06-25T14:29:38.873
  Event ID: 10114
  Task: Startup of the UMDF reflector
  Level: Information
  Opcode: Info
  Keyword: N/A
  User: S-1-5-18
  User Name: NT AUTHORITY\SYSTEM
  Computer: asus
  Description: 
WUDFPf (part of UMDF) did not load yet. After it does, Windows will start the device again.

Event[2451]:
  Log Name: System
  Source: Microsoft-Windows-Kernel-PnP
  Date: 2017-06-25T14:29:38.873
  Event ID: 219
  Task: N/A
  Level: Warning
  Opcode: Info
  Keyword: N/A
  User: S-1-5-18
  User Name: NT AUTHORITY\SYSTEM
  Computer: asus
  Description: 
The driver \Driver\WudfRd failed to load for the device SWD\WPDBUSENUM\_??_USBSTOR#Disk&Ven_Generic&Prod_STORAGE_DEVICE&Rev_9744#000000009744&0#{53f56307-b6bf-11d0-94f2-00a0c91efb8b}.

Event[2452]:
  Log Name: System
  Source: Microsoft-Windows-DriverFrameworks-UserMode
  Date: 2017-06-25T14:29:38.875
  Event ID: 10114
  Task: Startup of the UMDF reflector
  Level: Information
  Opcode: Info
  Keyword: N/A
  User: S-1-5-18
  User Name: NT AUTHORITY\SYSTEM
  Computer: asus
  Description: 
WUDFPf (part of UMDF) did not load yet. After it does, Windows will start the device again.

Event[2453]:
  Log Name: System
  Source: Microsoft-Windows-Kernel-PnP
  Date: 2017-06-25T14:29:38.875
  Event ID: 219
  Task: N/A
  Level: Warning
  Opcode: Info
  Keyword: N/A
  User: S-1-5-18
  User Name: NT AUTHORITY\SYSTEM
  Computer: asus
  Description: 
The driver \Driver\WudfRd failed to load for the device SWD\WPDBUSENUM\_??_USBSTOR#Disk&Ven_Generic&Prod_STORAGE_DEVICE&Rev_9744#000000009744&3#{53f56307-b6bf-11d0-94f2-00a0c91efb8b}.

Event[2454]:
  Log Name: System
  Source: Microsoft-Windows-DriverFrameworks-UserMode
  Date: 2017-06-25T14:29:38.877
  Event ID: 10114
  Task: Startup of the UMDF reflector
  Level: Information
  Opcode: Info
  Keyword: N/A
  User: S-1-5-18
  User Name: NT AUTHORITY\SYSTEM
  Computer: asus
  Description: 
WUDFSvc (part of UMDF) did not load yet. After it does, Windows will start the device again.

Event[2455]:
  Log Name: System
  Source: Microsoft-Windows-Kernel-PnP
  Date: 2017-06-25T14:29:38.877
  Event ID: 219
  Task: N/A
  Level: Warning
  Opcode: Info
  Keyword: N/A
  User: S-1-5-18
  User Name: NT AUTHORITY\SYSTEM
  Computer: asus
  Description: 
The driver \Driver\WudfRd failed to load for the device SWD\WPDBUSENUM\_??_USBSTOR#Disk&Ven_SanDisk&Prod_Cruzer_Mini&Rev_0.1#SNDK2EE004007A400508&0#{53f56307-b6bf-11d0-94f2-00a0c91efb8b}.

Event[2456]:
  Log Name: System
  Source: Microsoft-Windows-DriverFrameworks-UserMode
  Date: 2017-06-25T14:29:38.878
  Event ID: 10114
  Task: Startup of the UMDF reflector
  Level: Information
  Opcode: Info
  Keyword: N/A
  User: S-1-5-18
  User Name: NT AUTHORITY\SYSTEM
  Computer: asus
  Description: 
WUDFSvc (part of UMDF) did not load yet. After it does, Windows will start the device again.

Event[2457]:
  Log Name: System
  Source: Microsoft-Windows-Kernel-PnP
  Date: 2017-06-25T14:29:38.878
  Event ID: 219
  Task: N/A
  Level: Warning
  Opcode: Info
  Keyword: N/A
  User: S-1-5-18
  User Name: NT AUTHORITY\SYSTEM
  Computer: asus
  Description: 
The driver \Driver\WudfRd failed to load for the device SWD\WPDBUSENUM\_??_USBSTOR#Disk&Ven_Generic&Prod_STORAGE_DEVICE&Rev_9744#000000009744&1#{53f56307-b6bf-11d0-94f2-00a0c91efb8b}.

Event[2458]:
  Log Name: System
  Source: Microsoft-Windows-DriverFrameworks-UserMode
  Date: 2017-06-25T14:29:38.880
  Event ID: 10114
  Task: Startup of the UMDF reflector
  Level: Information
  Opcode: Info
  Keyword: N/A
  User: S-1-5-18
  User Name: NT AUTHORITY\SYSTEM
  Computer: asus
  Description: 
WUDFSvc (part of UMDF) did not load yet. After it does, Windows will start the device again.

Event[2459]:
  Log Name: System
  Source: Microsoft-Windows-Kernel-PnP
  Date: 2017-06-25T14:29:38.880
  Event ID: 219
  Task: N/A
  Level: Warning
  Opcode: Info
  Keyword: N/A
  User: S-1-5-18
  User Name: NT AUTHORITY\SYSTEM
  Computer: asus
  Description: 
The driver \Driver\WudfRd failed to load for the device SWD\WPDBUSENUM\_??_USBSTOR#Disk&Ven_Generic&Prod_STORAGE_DEVICE&Rev_9744#000000009744&4#{53f56307-b6bf-11d0-94f2-00a0c91efb8b}.

Event[2460]:
  Log Name: System
  Source: Microsoft-Windows-Dhcp-Client
  Date: 2017-06-25T14:29:39.135
  Event ID: 50036
  Task: Service State Event
  Level: Information
  Opcode: ServiceStart
  Keyword: N/A
  User: S-1-5-19
  User Name: NT AUTHORITY\LOCAL SERVICE
  Computer: asus
  Description: 
DHCPv4 client service is started

Event[2461]:
  Log Name: System
  Source: Microsoft-Windows-Dhcp-Client
  Date: 2017-06-25T14:29:39.135
  Event ID: 50103
  Task: Service State Event
  Level: Information
  Opcode: ServiceShutdown
  Keyword: N/A
  User: S-1-5-19
  User Name: NT AUTHORITY\LOCAL SERVICE
  Computer: asus
  Description: 
DHCPv4 client registered for shutdown notification

Event[2462]:
  Log Name: System
  Source: Microsoft-Windows-DHCPv6-Client
  Date: 2017-06-25T14:29:39.169
  Event ID: 51046
  Task: Service State Event
  Level: Information
  Opcode: ServiceStart
  Keyword: N/A
  User: S-1-5-19
  User Name: NT AUTHORITY\LOCAL SERVICE
  Computer: asus
  Description: 
DHCPv6 client service is started

Event[2463]:
  Log Name: System
  Source: Microsoft-Windows-WMPNSS-Service
  Date: 2017-06-25T14:29:49.825
  Event ID: 14204
  Task: N/A
  Level: Information
  Opcode: N/A
  Keyword: Classic
  User: N/A
  User Name: N/A
  Computer: asus
  Description: 
Service 'WMPNetworkSvc' started.

Event[2464]:
  Log Name: System
  Source: Microsoft-Windows-WMPNSS-Service
  Date: 2017-06-25T14:29:54.497
  Event ID: 14206
  Task: N/A
  Level: Information
  Opcode: N/A
  Keyword: Classic
  User: N/A
  User Name: N/A
  Computer: asus
  Description: 
Media server 'ASUS: dypcdiver:' was successfully initialised and is sharing media with network media devices.

Event[2465]:
  Log Name: System
  Source: Microsoft-Windows-Winlogon
  Date: 2017-06-25T14:30:01.250
  Event ID: 7001
  Task: N/A
  Level: Information
  Opcode: Info
  Keyword: N/A
  User: S-1-5-18
  User Name: NT AUTHORITY\SYSTEM
  Computer: asus
  Description: 
User Log-on Notification for Customer Experience Improvement Program

Event[2466]:
  Log Name: System
  Source: Microsoft-Windows-WER-SystemErrorReporting
  Date: 2017-06-25T14:30:02.435
  Event ID: 1001
  Task: N/A
  Level: Error
  Opcode: N/A
  Keyword: Classic
  User: N/A
  User Name: N/A
  Computer: asus
  Description: 
The computer has rebooted from a bugcheck.  The bugcheck was: 0x000000be (0xffffe200ca602178, 0x8a00000000800121, 0xffffe200ce30d2e0, 0x000000000000000b). A dump was saved in: C:\WINDOWS\MEMORY.DMP. Report Id: c6104a4d-7ea8-41bb-9690-a54070bf4061.

Event[2467]:
  Log Name: System
  Source: Microsoft-Windows-WMPNSS-Service
  Date: 2017-06-25T14:30:32.435
  Event ID: 14210
  Task: N/A
  Level: Information
  Opcode: N/A
  Keyword: Classic
  User: N/A
  User Name: N/A
  Computer: asus
  Description: 
The monitored folders on media server 'dypcdiver' changed.  Windows Media Player is updating security permissions for any included folders to enable media sharing.

Event[2468]:
  Log Name: System
  Source: Service Control Manager
  Date: 2017-06-25T14:30:31.481
  Event ID: 7026
  Task: N/A
  Level: Information
  Opcode: N/A
  Keyword: Classic
  User: N/A
  User Name: N/A
  Computer: asus
  Description: 
The following boot-start or system-start driver(s) did not load: 
dam
EhStorClass

Event[2469]:
  Log Name: System
  Source: Lfsvc
  Date: 2017-06-25T14:39:42.316
  Event ID: 2
  Task: N/A
  Level: Information
  Opcode: Info
  Keyword: Classic
  User: N/A
  User Name: N/A
  Computer: asus
  Description: 
Geolocation positioning has been disabled by the user.

Event[2470]:
  Log Name: System
  Source: Microsoft-Windows-Kernel-General
  Date: 2017-06-25T21:32:34.702
  Event ID: 12
  Task: N/A
  Level: Information
  Opcode: Info
  Keyword: N/A
  User: S-1-5-18
  User Name: NT AUTHORITY\SYSTEM
  Computer: asus
  Description: 
The operating system started at system time ?2017?-?06?-?25T19:32:34.487725000Z.

Event[2471]:
  Log Name: System
  Source: EventLog
  Date: 2017-06-25T21:33:04.988
  Event ID: 6008
  Task: N/A
  Level: Error
  Opcode: N/A
  Keyword: Classic
  User: N/A
  User Name: N/A
  Computer: asus
  Description: 
The previous system shutdown at 14:29:38 on ?25/?06/?2017 was unexpected.

Event[2472]:
  Log Name: System
  Source: EventLog
  Date: 2017-06-25T21:33:04.988
  Event ID: 6009
  Task: N/A
  Level: Information
  Opcode: N/A
  Keyword: Classic
  User: N/A
  User Name: N/A
  Computer: asus
  Description: 
Microsoft (R) Windows (R) 10.00. 15063  Multiprocessor Free.

Event[2473]:
  Log Name: System
  Source: EventLog
  Date: 2017-06-25T21:33:04.988
  Event ID: 6005
  Task: N/A
  Level: Information
  Opcode: N/A
  Keyword: Classic
  User: N/A
  User Name: N/A
  Computer: asus
  Description: 
The Event log service was started.

Event[2474]:
  Log Name: System
  Source: EventLog
  Date: 2017-06-25T21:33:04.988
  Event ID: 6013
  Task: N/A
  Level: Information
  Opcode: N/A
  Keyword: Classic
  User: N/A
  User Name: N/A
  Computer: asus
  Description: 
The system uptime is 30 seconds.

Event[2475]:
  Log Name: System
  Source: Microsoft-Windows-Kernel-Boot
  Date: 2017-06-25T21:32:34.702
  Event ID: 153
  Task: N/A
  Level: Information
  Opcode: Info
  Keyword: N/A
  User: S-1-5-18
  User Name: NT AUTHORITY\SYSTEM
  Computer: asus
  Description: 
Virtualization-based security (policies: 0) is disabled.

Event[2476]:
  Log Name: System
  Source: Microsoft-Windows-Kernel-Boot
  Date: 2017-06-25T21:32:34.702
  Event ID: 16
  Task: N/A
  Level: Error
  Opcode: Info
  Keyword: N/A
  User: S-1-5-18
  User Name: NT AUTHORITY\SYSTEM
  Computer: asus
  Description: 
Windows failed to resume from hibernate with error status 0xC0000001.

Event[2477]:
  Log Name: System
  Source: Microsoft-Windows-Kernel-Boot
  Date: 2017-06-25T21:32:34.702
  Event ID: 18
  Task: N/A
  Level: Information
  Opcode: Info
  Keyword: N/A
  User: S-1-5-18
  User Name: NT AUTHORITY\SYSTEM
  Computer: asus
  Description: 
There are 0x2 boot options on this system.

Event[2478]:
  Log Name: System
  Source: Microsoft-Windows-Kernel-Boot
  Date: 2017-06-25T21:32:34.702
  Event ID: 32
  Task: N/A
  Level: Information
  Opcode: Info
  Keyword: N/A
  User: S-1-5-18
  User Name: NT AUTHORITY\SYSTEM
  Computer: asus
  Description: 
The bootmgr spent 0 ms waiting for user input.

Event[2479]:
  Log Name: System
  Source: Microsoft-Windows-Kernel-Boot
  Date: 2017-06-25T21:32:34.702
  Event ID: 20
  Task: N/A
  Level: Information
  Opcode: Info
  Keyword: N/A
  User: S-1-5-18
  User Name: NT AUTHORITY\SYSTEM
  Computer: asus
  Description: 
The last shutdown's success status was false. The last boot's success status was true.

Event[2480]:
  Log Name: System
  Source: Microsoft-Windows-Kernel-Boot
  Date: 2017-06-25T21:32:34.702
  Event ID: 27
  Task: N/A
  Level: Information
  Opcode: Info
  Keyword: N/A
  User: S-1-5-18
  User Name: NT AUTHORITY\SYSTEM
  Computer: asus
  Description: 
The boot type was 0x0.

Event[2481]:
  Log Name: System
  Source: Microsoft-Windows-Kernel-Boot
  Date: 2017-06-25T21:32:34.702
  Event ID: 25
  Task: N/A
  Level: Information
  Opcode: Info
  Keyword: N/A
  User: S-1-5-18
  User Name: NT AUTHORITY\SYSTEM
  Computer: asus
  Description: 
The boot menu policy was 0x1.

Event[2482]:
  Log Name: System
  Source: Microsoft-Windows-Kernel-Boot
  Date: 2017-06-25T21:32:34.702
  Event ID: 18
  Task: N/A
  Level: Information
  Opcode: Info
  Keyword: N/A
  User: S-1-5-18
  User Name: NT AUTHORITY\SYSTEM
  Computer: asus
  Description: 
There are 0x2 boot options on this system.

Event[2483]:
  Log Name: System
  Source: Microsoft-Windows-Kernel-Boot
  Date: 2017-06-25T21:32:34.702
  Event ID: 32
  Task: N/A
  Level: Information
  Opcode: Info
  Keyword: N/A
  User: S-1-5-18
  User Name: NT AUTHORITY\SYSTEM
  Computer: asus
  Description: 
The bootmgr spent 0 ms waiting for user input.

Event[2484]:
  Log Name: System
  Source: Microsoft-Windows-FilterManager
  Date: 2017-06-25T21:32:38.602
  Event ID: 6
  Task: N/A
  Level: Information
  Opcode: Info
  Keyword: N/A
  User: S-1-5-18
  User Name: NT AUTHORITY\SYSTEM
  Computer: asus
  Description: 
File System Filter 'FileInfo' (10.0, ?2042?-?06?-?30T16:43:32.000000000Z) has successfully loaded and registered with Filter Manager.

Event[2485]:
  Log Name: System
  Source: Microsoft-Windows-FilterManager
  Date: 2017-06-25T21:32:38.603
  Event ID: 6
  Task: N/A
  Level: Information
  Opcode: Info
  Keyword: N/A
  User: S-1-5-18
  User Name: NT AUTHORITY\SYSTEM
  Computer: asus
  Description: 
File System Filter 'Wof' (10.0, ?1974?-?03?-?12T00:47:45.000000000Z) has successfully loaded and registered with Filter Manager.

Event[2486]:
  Log Name: System
  Source: Microsoft-Windows-Ntfs
  Date: 2017-06-25T21:32:42.643
  Event ID: 98
  Task: N/A
  Level: Information
  Opcode: Info
  Keyword: N/A
  User: S-1-5-18
  User Name: NT AUTHORITY\SYSTEM
  Computer: asus
  Description: 
Volume C: (\Device\HarddiskVolume2) is healthy.  No action is needed.

Event[2487]:
  Log Name: System
  Source: Microsoft-Windows-FilterManager
  Date: 2017-06-25T21:32:43.502
  Event ID: 6
  Task: N/A
  Level: Information
  Opcode: Info
  Keyword: N/A
  User: S-1-5-18
  User Name: NT AUTHORITY\SYSTEM
  Computer: asus
  Description: 
File System Filter 'FileCrypt' (10.0, ?2030?-?05?-?28T10:10:59.000000000Z) has successfully loaded and registered with Filter Manager.

Event[2488]:
  Log Name: System
  Source: avkmgr
  Date: 2017-06-25T21:32:44.334
  Event ID: 17
  Task: N/A
  Level: Information
  Opcode: N/A
  Keyword: Classic
  User: N/A
  User Name: N/A
  Computer: asus
  Description: 
avkmgr.sys successfully loaded

Event[2489]:
  Log Name: System
  Source: avipbb
  Date: 2017-06-25T21:32:44.459
  Event ID: 17
  Task: N/A
  Level: Information
  Opcode: N/A
  Keyword: Classic
  User: N/A
  User Name: N/A
  Computer: asus
  Description: 
avipbb.sys successfully loaded

Event[2490]:
  Log Name: System
  Source: Microsoft-Windows-FilterManager
  Date: 2017-06-25T21:32:44.471
  Event ID: 6
  Task: N/A
  Level: Information
  Opcode: Info
  Keyword: N/A
  User: S-1-5-18
  User Name: NT AUTHORITY\SYSTEM
  Computer: asus
  Description: 
File System Filter 'npsvctrig' (10.0, ?2097?-?07?-?25T12:18:05.000000000Z) has successfully loaded and registered with Filter Manager.

Event[2491]:
  Log Name: System
  Source: Microsoft-Windows-Kernel-Power
  Date: 2017-06-25T21:32:44.498
  Event ID: 41
  Task: N/A
  Level: Critical
  Opcode: Info
  Keyword: N/A
  User: S-1-5-18
  User Name: NT AUTHORITY\SYSTEM
  Computer: asus
  Description: 
The system has rebooted without cleanly shutting down first. This error could be caused if the system stopped responding, crashed, or lost power unexpectedly.

Event[2492]:
  Log Name: System
  Source: Microsoft-Windows-Kernel-Power
  Date: 2017-06-25T21:32:44.513
  Event ID: 172
  Task: N/A
  Level: Information
  Opcode: Info
  Keyword: N/A
  User: S-1-5-18
  User Name: NT AUTHORITY\SYSTEM
  Computer: asus
  Description: 
Connectivity state in standby: Disconnected, Reason: NIC compliance

Event[2493]:
  Log Name: System
  Source: Microsoft-Windows-Kernel-Power
  Date: 2017-06-25T21:32:44.514
  Event ID: 508
  Task: N/A
  Level: Information
  Opcode: Info
  Keyword: N/A
  User: N/A
  User Name: N/A
  Computer: asus
  Description: 
The system has been constrained to a periodic tick 

Reason: Errata Manager override.

Event[2494]:
  Log Name: System
  Source: Microsoft-Windows-Kernel-Processor-Power
  Date: 2017-06-25T21:32:53.671
  Event ID: 55
  Task: N/A
  Level: Information
  Opcode: Info
  Keyword: N/A
  User: S-1-5-18
  User Name: NT AUTHORITY\SYSTEM
  Computer: asus
  Description: 
Processor 0 in group 0 exposes the following power management capabilities:

Idle state type: ACPI Idle (C) States (2 state(s))

Performance state type: ACPI Performance (P) / Throttle (T) States
Nominal Frequency (MHz): 2801
Maximum performance percentage: 100
Minimum performance percentage: 42
Minimum throttle percentage: 42

Event[2495]:
  Log Name: System
  Source: Microsoft-Windows-Kernel-Processor-Power
  Date: 2017-06-25T21:32:53.672
  Event ID: 55
  Task: N/A
  Level: Information
  Opcode: Info
  Keyword: N/A
  User: S-1-5-18
  User Name: NT AUTHORITY\SYSTEM
  Computer: asus
  Description: 
Processor 1 in group 0 exposes the following power management capabilities:

Idle state type: ACPI Idle (C) States (2 state(s))

Performance state type: ACPI Performance (P) / Throttle (T) States
Nominal Frequency (MHz): 2801
Maximum performance percentage: 100
Minimum performance percentage: 42
Minimum throttle percentage: 42

Event[2496]:
  Log Name: System
  Source: Microsoft-Windows-Kernel-Processor-Power
  Date: 2017-06-25T21:32:53.672
  Event ID: 55
  Task: N/A
  Level: Information
  Opcode: Info
  Keyword: N/A
  User: S-1-5-18
  User Name: NT AUTHORITY\SYSTEM
  Computer: asus
  Description: 
Processor 2 in group 0 exposes the following power management capabilities:

Idle state type: ACPI Idle (C) States (2 state(s))

Performance state type: ACPI Performance (P) / Throttle (T) States
Nominal Frequency (MHz): 2801
Maximum performance percentage: 100
Minimum performance percentage: 42
Minimum throttle percentage: 42

Event[2497]:
  Log Name: System
  Source: Microsoft-Windows-Kernel-Processor-Power
  Date: 2017-06-25T21:32:53.673
  Event ID: 55
  Task: N/A
  Level: Information
  Opcode: Info
  Keyword: N/A
  User: S-1-5-18
  User Name: NT AUTHORITY\SYSTEM
  Computer: asus
  Description: 
Processor 3 in group 0 exposes the following power management capabilities:

Idle state type: ACPI Idle (C) States (2 state(s))

Performance state type: ACPI Performance (P) / Throttle (T) States
Nominal Frequency (MHz): 2801
Maximum performance percentage: 100
Minimum performance percentage: 42
Minimum throttle percentage: 42

Event[2498]:
  Log Name: System
  Source: HECIx64
  Date: 2017-06-25T21:32:53.741
  Event ID: 2
  Task: N/A
  Level: Information
  Opcode: N/A
  Keyword: Classic
  User: N/A
  User Name: N/A
  Computer: asus
  Description: 
Intel(R) Management Engine Interface driver has started successfully.

Event[2499]:
  Log Name: System
  Source: Microsoft-Windows-Ntfs
  Date: 2017-06-25T21:32:54.181
  Event ID: 98
  Task: N/A
  Level: Information
  Opcode: Info
  Keyword: N/A
  User: S-1-5-18
  User Name: NT AUTHORITY\SYSTEM
  Computer: asus
  Description: 
Volume D: (\Device\HarddiskVolume4) is healthy.  No action is needed.

Event[2500]:
  Log Name: System
  Source: Microsoft-Windows-Ntfs
  Date: 2017-06-25T21:32:54.433
  Event ID: 98
  Task: N/A
  Level: Information
  Opcode: Info
  Keyword: N/A
  User: S-1-5-18
  User Name: NT AUTHORITY\SYSTEM
  Computer: asus
  Description: 
Volume \\?\Volume{c5631e43-0000-0000-0000-100000000000} (\Device\HarddiskVolume1) is healthy.  No action is needed.

Event[2501]:
  Log Name: System
  Source: Microsoft-Windows-Wininit
  Date: 2017-06-25T21:33:03.260
  Event ID: 14
  Task: N/A
  Level: Information
  Opcode: Info
  Keyword: N/A
  User: S-1-5-18
  User Name: NT AUTHORITY\SYSTEM
  Computer: asus
  Description: 
Credential Guard (LsaIso.exe) configuration: 0x0, 0

Event[2502]:
  Log Name: System
  Source: Microsoft-Windows-Directory-Services-SAM
  Date: 2017-06-25T21:33:03.822
  Event ID: 16962
  Task: N/A
  Level: Information
  Opcode: Info
  Keyword: N/A
  User: S-1-5-18
  User Name: NT AUTHORITY\SYSTEM
  Computer: asus
  Description: 
Remote calls to the SAM database are being restricted using the default security descriptor: O:SYG:SYD:(A;;RC;;;BA).
For more information please see http://go.microsoft.com/fwlink/?LinkId=787651.

Event[2503]:
  Log Name: System
  Source: Microsoft-Windows-FilterManager
  Date: 2017-06-25T21:33:04.456
  Event ID: 6
  Task: N/A
  Level: Information
  Opcode: Info
  Keyword: N/A
  User: S-1-5-18
  User Name: NT AUTHORITY\SYSTEM
  Computer: asus
  Description: 
File System Filter 'wcifs' (10.0, ?2088?-?07?-?29T05:04:59.000000000Z) has successfully loaded and registered with Filter Manager.

Event[2504]:
  Log Name: System
  Source: Microsoft-Windows-FilterManager
  Date: 2017-06-25T21:33:04.462
  Event ID: 6
  Task: N/A
  Level: Information
  Opcode: Info
  Keyword: N/A
  User: S-1-5-18
  User Name: NT AUTHORITY\SYSTEM
  Computer: asus
  Description: 
File System Filter 'luafv' (10.0, ?2037?-?06?-?08T11:55:59.000000000Z) has successfully loaded and registered with Filter Manager.

Event[2505]:
  Log Name: System
  Source: Service Control Manager
  Date: 2017-06-25T21:33:04.457
  Event ID: 7000
  Task: N/A
  Level: Error
  Opcode: N/A
  Keyword: Classic
  User: N/A
  User Name: N/A
  Computer: asus
  Description: 
The CldFlt service failed to start due to the following error: 
The request is not supported.

Event[2506]:
  Log Name: System
  Source: Microsoft-Windows-FilterManager
  Date: 2017-06-25T21:33:04.525
  Event ID: 6
  Task: N/A
  Level: Information
  Opcode: Info
  Keyword: N/A
  User: S-1-5-18
  User Name: NT AUTHORITY\SYSTEM
  Computer: asus
  Description: 
File System Filter 'storqosflt' (10.0, ?2015?-?12?-?18T05:36:27.000000000Z) has successfully loaded and registered with Filter Manager.

Event[2507]:
  Log Name: System
  Source: Microsoft-Windows-DriverFrameworks-UserMode
  Date: 2017-06-25T21:33:04.528
  Event ID: 10114
  Task: Startup of the UMDF reflector
  Level: Information
  Opcode: Info
  Keyword: N/A
  User: S-1-5-18
  User Name: NT AUTHORITY\SYSTEM
  Computer: asus
  Description: 
WUDFPf (part of UMDF) did not load yet. After it does, Windows will start the device again.

Event[2508]:
  Log Name: System
  Source: Microsoft-Windows-Kernel-PnP
  Date: 2017-06-25T21:33:04.528
  Event ID: 219
  Task: N/A
  Level: Warning
  Opcode: Info
  Keyword: N/A
  User: S-1-5-18
  User Name: NT AUTHORITY\SYSTEM
  Computer: asus
  Description: 
The driver \Driver\WudfRd failed to load for the device SWD\WPDBUSENUM\_??_USBSTOR#Disk&Ven_Generic&Prod_STORAGE_DEVICE&Rev_9744#000000009744&2#{53f56307-b6bf-11d0-94f2-00a0c91efb8b}.

Event[2509]:
  Log Name: System
  Source: Microsoft-Windows-FilterManager
  Date: 2017-06-25T21:33:04.530
  Event ID: 6
  Task: N/A
  Level: Information
  Opcode: Info
  Keyword: N/A
  User: S-1-5-18
  User Name: NT AUTHORITY\SYSTEM
  Computer: asus
  Description: 
File System Filter 'avgntflt' (6.3, ?2017?-?05?-?03T13:25:46.000000000Z) has successfully loaded and registered with Filter Manager.

Event[2510]:
  Log Name: System
  Source: avgntflt
  Date: 2017-06-25T21:33:04.520
  Event ID: 17
  Task: N/A
  Level: Information
  Opcode: N/A
  Keyword: Classic
  User: N/A
  User Name: N/A
  Computer: asus
  Description: 
avgntflt.sys successfully loaded

Event[2511]:
  Log Name: System
  Source: Microsoft-Windows-DriverFrameworks-UserMode
  Date: 2017-06-25T21:33:04.530
  Event ID: 10114
  Task: Startup of the UMDF reflector
  Level: Information
  Opcode: Info
  Keyword: N/A
  User: S-1-5-18
  User Name: NT AUTHORITY\SYSTEM
  Computer: asus
  Description: 
WUDFPf (part of UMDF) did not load yet. After it does, Windows will start the device again.

Event[2512]:
  Log Name: System
  Source: Microsoft-Windows-Kernel-PnP
  Date: 2017-06-25T21:33:04.530
  Event ID: 219
  Task: N/A
  Level: Warning
  Opcode: Info
  Keyword: N/A
  User: S-1-5-18
  User Name: NT AUTHORITY\SYSTEM
  Computer: asus
  Description: 
The driver \Driver\WudfRd failed to load for the device SWD\WPDBUSENUM\_??_USBSTOR#Disk&Ven_Generic&Prod_STORAGE_DEVICE&Rev_9744#000000009744&0#{53f56307-b6bf-11d0-94f2-00a0c91efb8b}.

Event[2513]:
  Log Name: System
  Source: Microsoft-Windows-DriverFrameworks-UserMode
  Date: 2017-06-25T21:33:04.532
  Event ID: 10114
  Task: Startup of the UMDF reflector
  Level: Information
  Opcode: Info
  Keyword: N/A
  User: S-1-5-18
  User Name: NT AUTHORITY\SYSTEM
  Computer: asus
  Description: 
WUDFSvc (part of UMDF) did not load yet. After it does, Windows will start the device again.

Event[2514]:
  Log Name: System
  Source: Microsoft-Windows-Kernel-PnP
  Date: 2017-06-25T21:33:04.532
  Event ID: 219
  Task: N/A
  Level: Warning
  Opcode: Info
  Keyword: N/A
  User: S-1-5-18
  User Name: NT AUTHORITY\SYSTEM
  Computer: asus
  Description: 
The driver \Driver\WudfRd failed to load for the device SWD\WPDBUSENUM\_??_USBSTOR#Disk&Ven_Generic&Prod_STORAGE_DEVICE&Rev_9744#000000009744&3#{53f56307-b6bf-11d0-94f2-00a0c91efb8b}.

Event[2515]:
  Log Name: System
  Source: Microsoft-Windows-DriverFrameworks-UserMode
  Date: 2017-06-25T21:33:04.534
  Event ID: 10114
  Task: Startup of the UMDF reflector
  Level: Information
  Opcode: Info
  Keyword: N/A
  User: S-1-5-18
  User Name: NT AUTHORITY\SYSTEM
  Computer: asus
  Description: 
WUDFSvc (part of UMDF) did not load yet. After it does, Windows will start the device again.

Event[2516]:
  Log Name: System
  Source: Microsoft-Windows-Kernel-PnP
  Date: 2017-06-25T21:33:04.534
  Event ID: 219
  Task: N/A
  Level: Warning
  Opcode: Info
  Keyword: N/A
  User: S-1-5-18
  User Name: NT AUTHORITY\SYSTEM
  Computer: asus
  Description: 
The driver \Driver\WudfRd failed to load for the device SWD\WPDBUSENUM\_??_USBSTOR#Disk&Ven_SanDisk&Prod_Cruzer_Mini&Rev_0.1#SNDK2EE004007A400508&0#{53f56307-b6bf-11d0-94f2-00a0c91efb8b}.

Event[2517]:
  Log Name: System
  Source: Microsoft-Windows-DriverFrameworks-UserMode
  Date: 2017-06-25T21:33:04.535
  Event ID: 10114
  Task: Startup of the UMDF reflector
  Level: Information
  Opcode: Info
  Keyword: N/A
  User: S-1-5-18
  User Name: NT AUTHORITY\SYSTEM
  Computer: asus
  Description: 
WUDFSvc (part of UMDF) did not load yet. After it does, Windows will start the device again.

Event[2518]:
  Log Name: System
  Source: Microsoft-Windows-Kernel-PnP
  Date: 2017-06-25T21:33:04.535
  Event ID: 219
  Task: N/A
  Level: Warning
  Opcode: Info
  Keyword: N/A
  User: S-1-5-18
  User Name: NT AUTHORITY\SYSTEM
  Computer: asus
  Description: 
The driver \Driver\WudfRd failed to load for the device SWD\WPDBUSENUM\_??_USBSTOR#Disk&Ven_Generic&Prod_STORAGE_DEVICE&Rev_9744#000000009744&1#{53f56307-b6bf-11d0-94f2-00a0c91efb8b}.

Event[2519]:
  Log Name: System
  Source: Microsoft-Windows-DriverFrameworks-UserMode
  Date: 2017-06-25T21:33:04.537
  Event ID: 10114
  Task: Startup of the UMDF reflector
  Level: Information
  Opcode: Info
  Keyword: N/A
  User: S-1-5-18
  User Name: NT AUTHORITY\SYSTEM
  Computer: asus
  Description: 
WUDFSvc (part of UMDF) did not load yet. After it does, Windows will start the device again.

Event[2520]:
  Log Name: System
  Source: Microsoft-Windows-Kernel-PnP
  Date: 2017-06-25T21:33:04.537
  Event ID: 219
  Task: N/A
  Level: Warning
  Opcode: Info
  Keyword: N/A
  User: S-1-5-18
  User Name: NT AUTHORITY\SYSTEM
  Computer: asus
  Description: 
The driver \Driver\WudfRd failed to load for the device SWD\WPDBUSENUM\_??_USBSTOR#Disk&Ven_Generic&Prod_STORAGE_DEVICE&Rev_9744#000000009744&4#{53f56307-b6bf-11d0-94f2-00a0c91efb8b}.

Event[2521]:
  Log Name: System
  Source: Microsoft-Windows-Dhcp-Client
  Date: 2017-06-25T21:33:05.122
  Event ID: 50036
  Task: Service State Event
  Level: Information
  Opcode: ServiceStart
  Keyword: N/A
  User: S-1-5-19
  User Name: NT AUTHORITY\LOCAL SERVICE
  Computer: asus
  Description: 
DHCPv4 client service is started

Event[2522]:
  Log Name: System
  Source: Microsoft-Windows-Dhcp-Client
  Date: 2017-06-25T21:33:05.122
  Event ID: 50103
  Task: Service State Event
  Level: Information
  Opcode: ServiceShutdown
  Keyword: N/A
  User: S-1-5-19
  User Name: NT AUTHORITY\LOCAL SERVICE
  Computer: asus
  Description: 
DHCPv4 client registered for shutdown notification

Event[2523]:
  Log Name: System
  Source: Microsoft-Windows-DHCPv6-Client
  Date: 2017-06-25T21:33:05.157
  Event ID: 51046
  Task: Service State Event
  Level: Information
  Opcode: ServiceStart
  Keyword: N/A
  User: S-1-5-19
  User Name: NT AUTHORITY\LOCAL SERVICE
  Computer: asus
  Description: 
DHCPv6 client service is started

Event[2524]:
  Log Name: System
  Source: Microsoft-Windows-WMPNSS-Service
  Date: 2017-06-25T21:33:14.468
  Event ID: 14204
  Task: N/A
  Level: Information
  Opcode: N/A
  Keyword: Classic
  User: N/A
  User Name: N/A
  Computer: asus
  Description: 
Service 'WMPNetworkSvc' started.

Event[2525]:
  Log Name: System
  Source: Microsoft-Windows-WER-SystemErrorReporting
  Date: 2017-06-25T21:33:22.250
  Event ID: 1001
  Task: N/A
  Level: Error
  Opcode: N/A
  Keyword: Classic
  User: N/A
  User Name: N/A
  Computer: asus
  Description: 
The computer has rebooted from a bugcheck.  The bugcheck was: 0x000000be (0xffffa6015e607178, 0x8a00000000800121, 0xffffa6016060dca0, 0x000000000000000b). A dump was saved in: C:\WINDOWS\MEMORY.DMP. Report Id: f200caa5-3e28-434b-9084-536f5ae288e8.

Event[2526]:
  Log Name: System
  Source: Microsoft-Windows-WMPNSS-Service
  Date: 2017-06-25T21:33:25.562
  Event ID: 14206
  Task: N/A
  Level: Information
  Opcode: N/A
  Keyword: Classic
  User: N/A
  User Name: N/A
  Computer: asus
  Description: 
Media server 'ASUS: dypcdiver:' was successfully initialised and is sharing media with network media devices.

Event[2527]:
  Log Name: System
  Source: Microsoft-Windows-Winlogon
  Date: 2017-06-25T21:33:35.746
  Event ID: 7001
  Task: N/A
  Level: Information
  Opcode: Info
  Keyword: N/A
  User: S-1-5-18
  User Name: NT AUTHORITY\SYSTEM
  Computer: asus
  Description: 
User Log-on Notification for Customer Experience Improvement Program

Event[2528]:
  Log Name: System
  Source: Service Control Manager
  Date: 2017-06-25T21:33:53.625
  Event ID: 7026
  Task: N/A
  Level: Information
  Opcode: N/A
  Keyword: Classic
  User: N/A
  User Name: N/A
  Computer: asus
  Description: 
The following boot-start or system-start driver(s) did not load: 
dam
EhStorClass

Event[2529]:
