  Log Name: System
  Source: Microsoft-Windows-Kernel-General
  Date: 2017-10-10T20:29:24.755
  Event ID: 16
  Task: N/A
  Level: Information
  Opcode: Info
  Keyword: N/A
  User: S-1-5-18
  User Name: NT-AUTORITÄT\SYSTEM
  Computer: DESKTOP-G0L88JA
  Description: 
The access history in hive \??\C:\ProgramData\Microsoft\Windows\AppRepository\Packages\Microsoft.MicrosoftEdge_40.15063.674.0_neutral__8wekyb3d8bbwe\ActivationStore.dat was cleared updating 0 keys and creating 0 modified pages.

Event[1752]:
  Log Name: System
  Source: Microsoft-Windows-Kernel-General
  Date: 2017-10-10T20:29:25.221
  Event ID: 16
  Task: N/A
  Level: Information
  Opcode: Info
  Keyword: N/A
  User: S-1-5-18
  User Name: NT-AUTORITÄT\SYSTEM
  Computer: DESKTOP-G0L88JA
  Description: 
The access history in hive \??\C:\ProgramData\Microsoft\Windows\AppRepository\Packages\Microsoft.Windows.ShellExperienceHost_10.0.15063.674_neutral_neutral_cw5n1h2txyewy\ActivationStore.dat was cleared updating 0 keys and creating 0 modified pages.

Event[1753]:
  Log Name: System
  Source: Microsoft-Windows-Kernel-General
  Date: 2017-10-10T20:29:58.595
  Event ID: 16
  Task: N/A
  Level: Information
  Opcode: Info
  Keyword: N/A
  User: S-1-5-21-4282956347-1596572213-1314336134-1001
  User Name: DESKTOP-G0L88JA\Christian
  Computer: DESKTOP-G0L88JA
  Description: 
The access history in hive \??\C:\Users\Christian\AppData\Local\Packages\Microsoft.AccountsControl_cw5n1h2txyewy\Settings\settings.dat was cleared updating 3 keys and creating 1 modified pages.

Event[1754]:
  Log Name: System
  Source: Microsoft-Windows-Kernel-General
  Date: 2017-10-10T20:29:58.947
  Event ID: 16
  Task: N/A
  Level: Information
  Opcode: Info
  Keyword: N/A
  User: S-1-5-21-4282956347-1596572213-1314336134-1001
  User Name: DESKTOP-G0L88JA\Christian
  Computer: DESKTOP-G0L88JA
  Description: 
The access history in hive \??\C:\Users\Christian\AppData\Local\Packages\1527c705-839a-4832-9118-54d4Bd6a0c89_cw5n1h2txyewy\Settings\settings.dat was cleared updating 3 keys and creating 1 modified pages.

Event[1755]:
  Log Name: System
  Source: Microsoft-Windows-Winlogon
  Date: 2017-10-10T20:30:05.270
  Event ID: 7002
  Task: N/A
  Level: Information
  Opcode: Info
  Keyword: N/A
  User: S-1-5-18
  User Name: NT-AUTORITÄT\SYSTEM
  Computer: DESKTOP-G0L88JA
  Description: 
User Logoff Notification for Customer Experience Improvement Program

Event[1756]:
  Log Name: System
  Source: Microsoft-Windows-Winlogon
  Date: 2017-10-10T20:30:11.026
  Event ID: 7001
  Task: N/A
  Level: Information
  Opcode: Info
  Keyword: N/A
  User: S-1-5-18
  User Name: NT-AUTORITÄT\SYSTEM
  Computer: DESKTOP-G0L88JA
  Description: 
User Logon Notification for Customer Experience Improvement Program

