  Log Name: System
  Source: Microsoft-Windows-WindowsUpdateClient
  Date: 2017-05-17T09:15:57.434
  Event ID: 43
  Task: Windows Update Agent
  Level: Information
  Opcode: Installation
  Keyword: Installation,Started
  User: S-1-5-18
  User Name: NT AUTHORITY\SYSTEM
  Computer: asus
  Description: 
Installation Started: Windows has started installing the following update: 3D Builder

Event[558]:
  Log Name: System
  Source: Microsoft-Windows-WindowsUpdateClient
  Date: 2017-05-17T09:15:57.434
  Event ID: 19
  Task: Windows Update Agent
  Level: Information
  Opcode: Installation
  Keyword: Installation,Success
  User: S-1-5-18
  User Name: NT AUTHORITY\SYSTEM
  Computer: asus
  Description: 
Installation Successful: Windows successfully installed the following update: 3D Builder

Event[559]:
  Log Name: System
  Source: Microsoft-Windows-Kernel-General
  Date: 2017-05-17T09:17:11.717
  Event ID: 16
  Task: N/A
  Level: Information
  Opcode: Info
  Keyword: N/A
  User: S-1-5-18
  User Name: NT AUTHORITY\SYSTEM
  Computer: asus
  Description: 
The access history in hive \??\C:\ProgramData\Microsoft\Windows\AppRepository\Packages\Microsoft.Office.OneNote_17.8241.57591.0_x64__8wekyb3d8bbwe\ActivationStore.dat was cleared updating 0 keys and creating 0 modified pages.

Event[560]:
  Log Name: System
  Source: Microsoft-Windows-Kernel-General
  Date: 2017-05-17T09:17:14.415
  Event ID: 16
  Task: N/A
  Level: Information
  Opcode: Info
  Keyword: N/A
  User: S-1-5-21-2727687409-414627687-575682064-1001
  User Name: ASUS\dypcdiver
  Computer: asus
  Description: 
The access history in hive \??\C:\Users\dypcdiver\AppData\Local\Packages\Microsoft.Office.OneNote_8wekyb3d8bbwe\Settings\settings.dat was cleared updating 3 keys and creating 1 modified pages.

Event[561]:
  Log Name: System
  Source: Microsoft-Windows-WindowsUpdateClient
  Date: 2017-05-17T09:17:18.657
  Event ID: 43
  Task: Windows Update Agent
  Level: Information
  Opcode: Installation
  Keyword: Installation,Started
  User: S-1-5-18
  User Name: NT AUTHORITY\SYSTEM
  Computer: asus
  Description: 
Installation Started: Windows has started installing the following update: OneNote

Event[562]:
  Log Name: System
  Source: Microsoft-Windows-WindowsUpdateClient
  Date: 2017-05-17T09:17:18.657
  Event ID: 19
  Task: Windows Update Agent
  Level: Information
  Opcode: Installation
  Keyword: Installation,Success
  User: S-1-5-18
  User Name: NT AUTHORITY\SYSTEM
  Computer: asus
  Description: 
Installation Successful: Windows successfully installed the following update: OneNote

Event[563]:
  Log Name: System
  Source: Service Control Manager
  Date: 2017-05-17T09:18:15.814
  Event ID: 7040
  Task: N/A
  Level: Information
  Opcode: N/A
  Keyword: Classic
  User: S-1-5-18
  User Name: NT AUTHORITY\SYSTEM
  Computer: asus
  Description: 
The start type of the Background Intelligent Transfer Service service was changed from demand start to auto start.

Event[564]:
  Log Name: System
  Source: Microsoft-Windows-Kernel-General
  Date: 2017-05-17T09:19:11.331
  Event ID: 1
  Task: N/A
  Level: Information
  Opcode: Info
  Keyword: Time
  User: S-1-5-19
  User Name: NT AUTHORITY\LOCAL SERVICE
  Computer: asus
  Description: 
The system time has changed to ?2017?-?05?-?17T07:19:11.340000000Z from ?2017?-?05?-?17T07:19:11.349764900Z.

Change Reason: An application or system component changed the time.

Event[565]:
  Log Name: System
  Source: Microsoft-Windows-Kernel-Power
  Date: 2017-05-17T09:19:12.291
  Event ID: 42
  Task: N/A
  Level: Information
  Opcode: Info
  Keyword: N/A
  User: N/A
  User Name: N/A
  Computer: asus
  Description: 
The system is entering sleep.

Sleep Reason: Application API

Event[566]:
  Log Name: System
  Source: BROWSER
  Date: 2017-05-17T09:19:12.626
  Event ID: 8033
  Task: N/A
  Level: Information
  Opcode: N/A
  Keyword: Classic
  User: N/A
  User Name: N/A
  Computer: asus
  Description: 
The browser has forced an election on network \Device\NetBT_Tcpip_{9BDEC3C0-593A-4153-9F03-5C10C29CCBFE} because a master browser was stopped.

Event[567]:
  Log Name: System
  Source: Microsoft-Windows-Kernel-Power
  Date: 2017-05-17T09:19:13.136
  Event ID: 107
  Task: N/A
  Level: Information
  Opcode: Info
  Keyword: N/A
  User: N/A
  User Name: N/A
  Computer: asus
  Description: 
The system has resumed from sleep.

Event[568]:
  Log Name: System
  Source: Microsoft-Windows-Kernel-General
  Date: 2017-05-17T09:49:55.499
  Event ID: 1
  Task: N/A
  Level: Information
  Opcode: Info
  Keyword: Time
  User: N/A
  User Name: N/A
  Computer: asus
  Description: 
The system time has changed to ?2017?-?05?-?17T07:49:55.500000000Z from ?2017?-?05?-?17T07:19:13.137132600Z.

Change Reason: System time synchronized with the hardware clock.

Event[569]:
  Log Name: System
  Source: Microsoft-Windows-Power-Troubleshooter
  Date: 2017-05-17T09:50:12.839
  Event ID: 1
  Task: N/A
  Level: Information
  Opcode: Info
  Keyword: N/A
  User: S-1-5-19
  User Name: NT AUTHORITY\LOCAL SERVICE
  Computer: asus
  Description: 
The system has returned from a low power state.

Sleep Time: ?2017?-?05?-?17T07:19:10.176961900Z
Wake Time: ?2017?-?05?-?17T07:49:57.103666500Z

Wake Source: Device -USB Root Hub

Event[570]:
  Log Name: System
  Source: Microsoft-Windows-DistributedCOM
  Date: 2017-05-17T09:50:16.335
  Event ID: 10016
  Task: N/A
  Level: Error
  Opcode: Info
  Keyword: Classic
  User: S-1-5-18
  User Name: NT AUTHORITY\SYSTEM
  Computer: asus
  Description: 
The application-specific permission settings do not grant Local Activation permission for the COM Server application with CLSID 
{D63B10C5-BB46-4990-A94F-E40B9D520160}
 and APPID 
{9CA88EE3-ACB7-47C8-AFC4-AB702511C276}
 to the user NT AUTHORITY\SYSTEM SID (S-1-5-18) from address LocalHost (Using LRPC) running in the application container Unavailable SID (Unavailable). This security permission can be modified using the Component Services administrative tool.

Event[571]:
  Log Name: System
  Source: Service Control Manager
  Date: 2017-05-17T09:51:00.713
  Event ID: 7040
  Task: N/A
  Level: Information
  Opcode: N/A
  Keyword: Classic
  User: S-1-5-18
  User Name: NT AUTHORITY\SYSTEM
  Computer: asus
  Description: 
The start type of the Background Intelligent Transfer Service service was changed from auto start to demand start.

Event[572]:
  Log Name: System
  Source: BROWSER
  Date: 2017-05-17T10:00:20.900
  Event ID: 8033
  Task: N/A
  Level: Information
  Opcode: N/A
  Keyword: Classic
  User: N/A
  User Name: N/A
  Computer: asus
  Description: 
The browser has forced an election on network \Device\NetBT_Tcpip_{9BDEC3C0-593A-4153-9F03-5C10C29CCBFE} because a master browser was stopped.

Event[573]:
  Log Name: System
  Source: Microsoft-Windows-Kernel-Power
  Date: 2017-05-17T10:00:20.619
  Event ID: 42
  Task: N/A
  Level: Information
  Opcode: Info
  Keyword: N/A
  User: N/A
  User Name: N/A
  Computer: asus
  Description: 
The system is entering sleep.

Sleep Reason: Application API

Event[574]:
  Log Name: System
  Source: Microsoft-Windows-Kernel-Power
  Date: 2017-05-17T10:00:21.453
  Event ID: 107
  Task: N/A
  Level: Information
  Opcode: Info
  Keyword: N/A
  User: N/A
  User Name: N/A
  Computer: asus
  Description: 
The system has resumed from sleep.

Event[575]:
  Log Name: System
  Source: Microsoft-Windows-Kernel-General
  Date: 2017-05-17T14:32:27.499
  Event ID: 1
  Task: N/A
  Level: Information
  Opcode: Info
  Keyword: Time
  User: N/A
  User Name: N/A
  Computer: asus
  Description: 
The system time has changed to ?2017?-?05?-?17T12:32:27.500000000Z from ?2017?-?05?-?17T08:00:21.453893200Z.

Change Reason: System time synchronized with the hardware clock.

Event[576]:
  Log Name: System
  Source: EventLog
  Date: 2017-05-17T14:32:27.895
  Event ID: 6013
  Task: N/A
  Level: Information
  Opcode: N/A
  Keyword: Classic
  User: N/A
  User Name: N/A
  Computer: asus
  Description: 
The system uptime is 167200 seconds.

Event[577]:
  Log Name: System
  Source: Microsoft-Windows-Power-Troubleshooter
  Date: 2017-05-17T14:32:43.455
  Event ID: 1
  Task: N/A
  Level: Information
  Opcode: Info
  Keyword: N/A
  User: S-1-5-19
  User Name: NT AUTHORITY\LOCAL SERVICE
  Computer: asus
  Description: 
The system has returned from a low power state.

Sleep Time: ?2017?-?05?-?17T08:00:19.726659300Z
Wake Time: ?2017?-?05?-?17T12:32:29.080192400Z

Wake Source: Device -USB Root Hub

Event[578]:
  Log Name: System
  Source: Microsoft-Windows-DistributedCOM
  Date: 2017-05-17T14:32:49.474
  Event ID: 10016
  Task: N/A
  Level: Error
  Opcode: Info
  Keyword: Classic
  User: S-1-5-18
  User Name: NT AUTHORITY\SYSTEM
  Computer: asus
  Description: 
The application-specific permission settings do not grant Local Activation permission for the COM Server application with CLSID 
{D63B10C5-BB46-4990-A94F-E40B9D520160}
 and APPID 
{9CA88EE3-ACB7-47C8-AFC4-AB702511C276}
 to the user NT AUTHORITY\SYSTEM SID (S-1-5-18) from address LocalHost (Using LRPC) running in the application container Unavailable SID (Unavailable). This security permission can be modified using the Component Services administrative tool.

Event[579]:
  Log Name: System
  Source: Service Control Manager
  Date: 2017-05-17T16:52:07.440
  Event ID: 7040
  Task: N/A
  Level: Information
  Opcode: N/A
  Keyword: Classic
  User: S-1-5-18
  User Name: NT AUTHORITY\SYSTEM
  Computer: asus
  Description: 
The start type of the Windows Modules Installer service was changed from demand start to auto start.

Event[580]:
  Log Name: System
  Source: Service Control Manager
  Date: 2017-05-17T17:12:56.500
  Event ID: 7040
  Task: N/A
  Level: Information
  Opcode: N/A
  Keyword: Classic
  User: S-1-5-18
  User Name: NT AUTHORITY\SYSTEM
  Computer: asus
  Description: 
The start type of the Windows Modules Installer service was changed from auto start to demand start.

Event[581]:
  Log Name: System
  Source: BROWSER
  Date: 2017-05-17T17:16:43.455
  Event ID: 8033
  Task: N/A
  Level: Information
  Opcode: N/A
  Keyword: Classic
  User: N/A
  User Name: N/A
  Computer: asus
  Description: 
The browser has forced an election on network \Device\NetBT_Tcpip_{9BDEC3C0-593A-4153-9F03-5C10C29CCBFE} because a master browser was stopped.

Event[582]:
  Log Name: System
  Source: Microsoft-Windows-Kernel-Power
  Date: 2017-05-17T17:16:43.128
  Event ID: 42
  Task: N/A
  Level: Information
  Opcode: Info
  Keyword: N/A
  User: N/A
  User Name: N/A
  Computer: asus
  Description: 
The system is entering sleep.

Sleep Reason: System Idle

Event[583]:
  Log Name: System
  Source: Microsoft-Windows-Kernel-Power
  Date: 2017-05-17T17:16:43.808
  Event ID: 107
  Task: N/A
  Level: Information
  Opcode: Info
  Keyword: N/A
  User: N/A
  User Name: N/A
  Computer: asus
  Description: 
The system has resumed from sleep.

Event[584]:
  Log Name: System
  Source: Microsoft-Windows-Kernel-General
  Date: 2017-05-18T10:07:02.500
  Event ID: 1
  Task: N/A
  Level: Information
  Opcode: Info
  Keyword: Time
  User: N/A
  User Name: N/A
  Computer: asus
  Description: 
The system time has changed to ?2017?-?05?-?18T08:07:02.500000000Z from ?2017?-?05?-?17T15:16:43.808989900Z.

Change Reason: System time synchronized with the hardware clock.

Event[585]:
  Log Name: System
  Source: Microsoft-Windows-Time-Service
  Date: 2017-05-18T10:07:03.975
  Event ID: 134
  Task: N/A
  Level: Warning
  Opcode: Info
  Keyword: N/A
  User: S-1-5-19
  User Name: NT AUTHORITY\LOCAL SERVICE
  Computer: asus
  Description: 
NtpClient was unable to set a manual peer to use as a time source because of DNS resolution error on 'time.windows.com,0x9'. NtpClient will try again in 15 minutes and double the reattempt interval thereafter. The error was: No such host is known. (0x80072AF9)

Event[586]:
  Log Name: System
  Source: Microsoft-Windows-Time-Service
  Date: 2017-05-18T10:07:11.138
  Event ID: 134
  Task: N/A
  Level: Warning
  Opcode: Info
  Keyword: N/A
  User: S-1-5-19
  User Name: NT AUTHORITY\LOCAL SERVICE
  Computer: asus
  Description: 
NtpClient was unable to set a manual peer to use as a time source because of DNS resolution error on 'time.windows.com,0x9'. NtpClient will try again in 15 minutes and double the reattempt interval thereafter. The error was: No such host is known. (0x80072AF9)

Event[587]:
  Log Name: System
  Source: Microsoft-Windows-Time-Service
  Date: 2017-05-18T10:07:16.958
  Event ID: 37
  Task: N/A
  Level: Information
  Opcode: Info
  Keyword: N/A
  User: S-1-5-19
  User Name: NT AUTHORITY\LOCAL SERVICE
  Computer: asus
  Description: 
The time provider NtpClient is currently receiving valid time data from time.windows.com,0x9 (ntp.m|0x9|0.0.0.0:123->51.140.127.197:123).

Event[588]:
  Log Name: System
  Source: Microsoft-Windows-Power-Troubleshooter
  Date: 2017-05-18T10:07:17.525
  Event ID: 1
  Task: N/A
  Level: Information
  Opcode: Info
  Keyword: N/A
  User: S-1-5-19
  User Name: NT AUTHORITY\LOCAL SERVICE
  Computer: asus
  Description: 
The system has returned from a low power state.

Sleep Time: ?2017?-?05?-?17T15:16:41.220991200Z
Wake Time: ?2017?-?05?-?18T08:07:04.034730100Z

Wake Source: Device -USB Root Hub

Event[589]:
  Log Name: System
  Source: Service Control Manager
  Date: 2017-05-18T10:10:03.231
  Event ID: 7040
  Task: N/A
  Level: Information
  Opcode: N/A
  Keyword: Classic
  User: S-1-5-18
  User Name: NT AUTHORITY\SYSTEM
  Computer: asus
  Description: 
The start type of the Background Intelligent Transfer Service service was changed from demand start to auto start.

Event[590]:
  Log Name: System
  Source: Microsoft-Windows-WindowsUpdateClient
  Date: 2017-05-18T10:10:22.477
  Event ID: 44
  Task: Windows Update Agent
  Level: Information
  Opcode: Download
  Keyword: Download,Started
  User: S-1-5-18
  User Name: NT AUTHORITY\SYSTEM
  Computer: asus
  Description: 
Windows Update started downloading an update.

Event[591]:
  Log Name: System
  Source: Microsoft-Windows-WindowsUpdateClient
  Date: 2017-05-18T10:10:25.798
  Event ID: 44
  Task: Windows Update Agent
  Level: Information
  Opcode: Download
  Keyword: Download,Started
  User: S-1-5-18
  User Name: NT AUTHORITY\SYSTEM
  Computer: asus
  Description: 
Windows Update started downloading an update.

Event[592]:
  Log Name: System
  Source: Microsoft-Windows-Kernel-General
  Date: 2017-05-18T10:11:05.580
  Event ID: 16
  Task: N/A
  Level: Information
  Opcode: Info
  Keyword: N/A
  User: S-1-5-18
  User Name: NT AUTHORITY\SYSTEM
  Computer: asus
  Description: 
The access history in hive \??\C:\ProgramData\Microsoft\Windows\AppRepository\Packages\AD2F1837.HPPrinterControl_70.1.243.0_x64__v10z8vjag6ke6\ActivationStore.dat was cleared updating 0 keys and creating 0 modified pages.

Event[593]:
  Log Name: System
  Source: Microsoft-Windows-Kernel-General
  Date: 2017-05-18T10:11:07.655
  Event ID: 16
  Task: N/A
  Level: Information
  Opcode: Info
  Keyword: N/A
  User: S-1-5-21-2727687409-414627687-575682064-1001
  User Name: ASUS\dypcdiver
  Computer: asus
  Description: 
The access history in hive \??\C:\Users\dypcdiver\AppData\Local\Packages\AD2F1837.HPPrinterControl_v10z8vjag6ke6\Settings\settings.dat was cleared updating 3 keys and creating 1 modified pages.

Event[594]:
  Log Name: System
  Source: Microsoft-Windows-WindowsUpdateClient
  Date: 2017-05-18T10:11:10.386
  Event ID: 43
  Task: Windows Update Agent
  Level: Information
  Opcode: Installation
  Keyword: Installation,Started
  User: S-1-5-18
  User Name: NT AUTHORITY\SYSTEM
  Computer: asus
  Description: 
Installation Started: Windows has started installing the following update: HP All-in-One Printer Remote

Event[595]:
  Log Name: System
  Source: Microsoft-Windows-WindowsUpdateClient
  Date: 2017-05-18T10:11:15.396
  Event ID: 19
  Task: Windows Update Agent
  Level: Information
  Opcode: Installation
  Keyword: Installation,Success
  User: S-1-5-18
  User Name: NT AUTHORITY\SYSTEM
  Computer: asus
  Description: 
Installation Successful: Windows successfully installed the following update: HP All-in-One Printer Remote

Event[596]:
  Log Name: System
  Source: Microsoft-Windows-Kernel-General
  Date: 2017-05-18T10:11:27.503
  Event ID: 16
  Task: N/A
  Level: Information
  Opcode: Info
  Keyword: N/A
  User: S-1-5-18
  User Name: NT AUTHORITY\SYSTEM
  Computer: asus
  Description: 
The access history in hive \??\C:\ProgramData\Microsoft\Windows\AppRepository\Packages\Microsoft.XboxApp_29.29.17002.0_x64__8wekyb3d8bbwe\ActivationStore.dat was cleared updating 0 keys and creating 0 modified pages.

Event[597]:
  Log Name: System
  Source: Microsoft-Windows-WindowsUpdateClient
  Date: 2017-05-18T10:11:32.990
  Event ID: 43
  Task: Windows Update Agent
  Level: Information
  Opcode: Installation
  Keyword: Installation,Started
  User: S-1-5-18
  User Name: NT AUTHORITY\SYSTEM
  Computer: asus
  Description: 
Installation Started: Windows has started installing the following update: Xbox

Event[598]:
  Log Name: System
  Source: Microsoft-Windows-WindowsUpdateClient
  Date: 2017-05-18T10:11:32.990
  Event ID: 19
  Task: Windows Update Agent
  Level: Information
  Opcode: Installation
  Keyword: Installation,Success
  User: S-1-5-18
  User Name: NT AUTHORITY\SYSTEM
  Computer: asus
  Description: 
Installation Successful: Windows successfully installed the following update: Xbox

Event[599]:
  Log Name: System
  Source: Service Control Manager
  Date: 2017-05-18T10:12:06.717
  Event ID: 7040
  Task: N/A
  Level: Information
  Opcode: N/A
  Keyword: Classic
  User: S-1-5-18
  User Name: NT AUTHORITY\SYSTEM
  Computer: asus
  Description: 
The start type of the Background Intelligent Transfer Service service was changed from auto start to demand start.

Event[600]:
  Log Name: System
  Source: Disk
  Date: 2017-05-18T10:17:32.262
  Event ID: 7
  Task: N/A
  Level: Error
  Opcode: N/A
  Keyword: Classic
  User: N/A
  User Name: N/A
  Computer: asus
  Description: 
The device, \Device\Harddisk3\DR3, has a bad block.

Event[601]:
  Log Name: System
  Source: Disk
  Date: 2017-05-18T10:17:32.262
  Event ID: 7
  Task: N/A
  Level: Error
  Opcode: N/A
  Keyword: Classic
  User: N/A
  User Name: N/A
  Computer: asus
  Description: 
The device, \Device\Harddisk3\DR3, has a bad block.

Event[602]:
  Log Name: System
  Source: Disk
  Date: 2017-05-18T10:17:32.262
  Event ID: 7
  Task: N/A
  Level: Error
  Opcode: N/A
  Keyword: Classic
  User: N/A
  User Name: N/A
  Computer: asus
  Description: 
The device, \Device\Harddisk3\DR3, has a bad block.

Event[603]:
  Log Name: System
  Source: Disk
  Date: 2017-05-18T10:17:32.284
  Event ID: 7
  Task: N/A
  Level: Error
  Opcode: N/A
  Keyword: Classic
  User: N/A
  User Name: N/A
  Computer: asus
  Description: 
The device, \Device\Harddisk3\DR3, has a bad block.

Event[604]:
  Log Name: System
  Source: Disk
  Date: 2017-05-18T10:17:32.284
  Event ID: 7
  Task: N/A
  Level: Error
  Opcode: N/A
  Keyword: Classic
  User: N/A
  User Name: N/A
  Computer: asus
  Description: 
The device, \Device\Harddisk3\DR3, has a bad block.

Event[605]:
  Log Name: System
  Source: Disk
  Date: 2017-05-18T10:17:32.299
  Event ID: 7
  Task: N/A
  Level: Error
  Opcode: N/A
  Keyword: Classic
  User: N/A
  User Name: N/A
  Computer: asus
  Description: 
The device, \Device\Harddisk3\DR3, has a bad block.

Event[606]:
  Log Name: System
  Source: Disk
  Date: 2017-05-18T10:17:32.462
  Event ID: 7
  Task: N/A
  Level: Error
  Opcode: N/A
  Keyword: Classic
  User: N/A
  User Name: N/A
  Computer: asus
  Description: 
The device, \Device\Harddisk3\DR3, has a bad block.

Event[607]:
  Log Name: System
  Source: Application Popup
  Date: 2017-05-18T10:17:32.845
  Event ID: 26
  Task: N/A
  Level: Information
  Opcode: Info
  Keyword: N/A
  User: S-1-5-18
  User Name: NT AUTHORITY\SYSTEM
  Computer: asus
  Description: 
Application pop-up: Windows - Wrong Volume : Exception Processing Message 0xc0000012 Parameters 0x7ffaa1e21728 0x7ffaa1e21728 0x4 0x7ffaa1e21728

Event[608]:
  Log Name: System
  Source: Microsoft-Windows-DistributedCOM
  Date: 2017-05-18T10:17:34.299
  Event ID: 10016
  Task: N/A
  Level: Error
  Opcode: Info
  Keyword: Classic
  User: S-1-5-18
  User Name: NT AUTHORITY\SYSTEM
  Computer: asus
  Description: 
The application-specific permission settings do not grant Local Activation permission for the COM Server application with CLSID 
{D63B10C5-BB46-4990-A94F-E40B9D520160}
 and APPID 
{9CA88EE3-ACB7-47C8-AFC4-AB702511C276}
 to the user NT AUTHORITY\SYSTEM SID (S-1-5-18) from address LocalHost (Using LRPC) running in the application container Unavailable SID (Unavailable). This security permission can be modified using the Component Services administrative tool.

Event[609]:
  Log Name: System
  Source: Microsoft-Windows-DNS-Client
  Date: 2017-05-18T11:55:32.256
  Event ID: 1014
  Task: N/A
  Level: Warning
  Opcode: Info
  Keyword: N/A
  User: S-1-5-20
  User Name: NT AUTHORITY\NETWORK SERVICE
  Computer: asus
  Description: 
Name resolution for the name cms.winlink.org timed out after none of the configured DNS servers responded.

Event[610]:
  Log Name: System
  Source: BROWSER
  Date: 2017-05-18T11:58:42.977
  Event ID: 8033
  Task: N/A
  Level: Information
  Opcode: N/A
  Keyword: Classic
  User: N/A
  User Name: N/A
  Computer: asus
  Description: 
The browser has forced an election on network \Device\NetBT_Tcpip_{9BDEC3C0-593A-4153-9F03-5C10C29CCBFE} because a master browser was stopped.

Event[611]:
  Log Name: System
  Source: Microsoft-Windows-Kernel-Power
  Date: 2017-05-18T11:58:42.658
  Event ID: 42
  Task: N/A
  Level: Information
  Opcode: Info
  Keyword: N/A
  User: N/A
  User Name: N/A
  Computer: asus
  Description: 
The system is entering sleep.

Sleep Reason: Application API

Event[612]:
  Log Name: System
  Source: Microsoft-Windows-Kernel-Power
  Date: 2017-05-18T11:58:43.365
  Event ID: 107
  Task: N/A
  Level: Information
  Opcode: Info
  Keyword: N/A
  User: N/A
  User Name: N/A
  Computer: asus
  Description: 
The system has resumed from sleep.

Event[613]:
  Log Name: System
  Source: Microsoft-Windows-Kernel-General
  Date: 2017-05-18T16:18:11.500
  Event ID: 1
  Task: N/A
  Level: Information
  Opcode: Info
  Keyword: Time
  User: N/A
  User Name: N/A
  Computer: asus
  Description: 
The system time has changed to ?2017?-?05?-?18T14:18:11.500000000Z from ?2017?-?05?-?18T09:58:43.365378500Z.

Change Reason: System time synchronized with the hardware clock.

Event[614]:
  Log Name: System
  Source: EventLog
  Date: 2017-05-18T16:18:11.915
  Event ID: 6013
  Task: N/A
  Level: Information
  Opcode: N/A
  Keyword: Classic
  User: N/A
  User Name: N/A
  Computer: asus
  Description: 
The system uptime is 259944 seconds.

Event[615]:
  Log Name: System
  Source: Service Control Manager
  Date: 2017-05-18T16:18:30.461
  Event ID: 7040
  Task: N/A
  Level: Information
  Opcode: N/A
  Keyword: Classic
  User: S-1-5-18
  User Name: NT AUTHORITY\SYSTEM
  Computer: asus
  Description: 
The start type of the Background Intelligent Transfer Service service was changed from demand start to auto start.

Event[616]:
  Log Name: System
  Source: Service Control Manager
  Date: 2017-05-18T16:20:51.954
  Event ID: 7040
  Task: N/A
  Level: Information
  Opcode: N/A
  Keyword: Classic
  User: S-1-5-18
  User Name: NT AUTHORITY\SYSTEM
  Computer: asus
  Description: 
The start type of the Background Intelligent Transfer Service service was changed from auto start to demand start.

Event[617]:
  Log Name: System
  Source: Microsoft-Windows-DistributedCOM
  Date: 2017-05-18T16:30:45.905
  Event ID: 10016
  Task: N/A
  Level: Error
  Opcode: Info
  Keyword: Classic
  User: S-1-5-18
  User Name: NT AUTHORITY\SYSTEM
  Computer: asus
  Description: 
The application-specific permission settings do not grant Local Activation permission for the COM Server application with CLSID 
{D63B10C5-BB46-4990-A94F-E40B9D520160}
 and APPID 
{9CA88EE3-ACB7-47C8-AFC4-AB702511C276}
 to the user NT AUTHORITY\SYSTEM SID (S-1-5-18) from address LocalHost (Using LRPC) running in the application container Unavailable SID (Unavailable). This security permission can be modified using the Component Services administrative tool.

Event[618]:
  Log Name: System
  Source: Service Control Manager
  Date: 2017-05-18T16:44:29.613
  Event ID: 7040
  Task: N/A
  Level: Information
  Opcode: N/A
  Keyword: Classic
  User: S-1-5-18
  User Name: NT AUTHORITY\SYSTEM
  Computer: asus
  Description: 
The start type of the Background Intelligent Transfer Service service was changed from demand start to auto start.

Event[619]:
  Log Name: System
  Source: Service Control Manager
  Date: 2017-05-18T16:46:38.783
  Event ID: 7040
  Task: N/A
  Level: Information
  Opcode: N/A
  Keyword: Classic
  User: S-1-5-18
  User Name: NT AUTHORITY\SYSTEM
  Computer: asus
  Description: 
The start type of the Background Intelligent Transfer Service service was changed from auto start to demand start.

Event[620]:
  Log Name: System
  Source: Microsoft-Windows-Kernel-General
  Date: 2017-05-18T17:11:10.431
  Event ID: 11
  Task: N/A
  Level: Information
  Opcode: Info
  Keyword: N/A
  User: S-1-5-18
  User Name: NT AUTHORITY\SYSTEM
  Computer: asus
  Description: 
TxR init phase for hive \??\GLOBALROOT\Device\HarddiskVolumeShadowCopy1\WINDOWS\System32\config\SYSTEM (TM: {374D5ECC-3B12-11E7-81D8-485B391076A8}, RM: {374D5ECB-3B12-11E7-81D8-485B391076A8}) finished with result=0xC00000A2 (Internal code=7).

Event[621]:
  Log Name: System
  Source: Microsoft-Windows-Kernel-General
  Date: 2017-05-18T17:11:10.676
  Event ID: 11
  Task: N/A
  Level: Information
  Opcode: Info
  Keyword: N/A
  User: S-1-5-18
  User Name: NT AUTHORITY\SYSTEM
  Computer: asus
  Description: 
TxR init phase for hive \??\GLOBALROOT\Device\HarddiskVolumeShadowCopy1\WINDOWS\System32\config\DRIVERS (TM: {374D5ECE-3B12-11E7-81D8-485B391076A8}, RM: {374D5ECD-3B12-11E7-81D8-485B391076A8}) finished with result=0xC00000A2 (Internal code=7).

Event[622]:
  Log Name: System
  Source: BROWSER
  Date: 2017-05-18T18:50:43.778
  Event ID: 8033
  Task: N/A
  Level: Information
  Opcode: N/A
  Keyword: Classic
  User: N/A
  User Name: N/A
  Computer: asus
  Description: 
The browser has forced an election on network \Device\NetBT_Tcpip_{9BDEC3C0-593A-4153-9F03-5C10C29CCBFE} because a master browser was stopped.

Event[623]:
  Log Name: System
  Source: Microsoft-Windows-Kernel-Power
  Date: 2017-05-18T18:50:43.432
  Event ID: 42
  Task: N/A
  Level: Information
  Opcode: Info
  Keyword: N/A
  User: N/A
  User Name: N/A
  Computer: asus
  Description: 
The system is entering sleep.

Sleep Reason: Application API

Event[624]:
  Log Name: System
  Source: Microsoft-Windows-Kernel-Power
  Date: 2017-05-18T18:50:44.874
  Event ID: 107
  Task: N/A
  Level: Information
  Opcode: Info
  Keyword: N/A
  User: N/A
  User Name: N/A
  Computer: asus
  Description: 
The system has resumed from sleep.

Event[625]:
  Log Name: System
  Source: Microsoft-Windows-Kernel-General
  Date: 2017-05-19T09:43:13.500
  Event ID: 1
  Task: N/A
  Level: Information
  Opcode: Info
  Keyword: Time
  User: N/A
  User Name: N/A
  Computer: asus
  Description: 
The system time has changed to ?2017?-?05?-?19T07:43:13.500000000Z from ?2017?-?05?-?18T16:50:44.874645000Z.

Change Reason: System time synchronized with the hardware clock.

Event[626]:
  Log Name: System
  Source: Microsoft-Windows-Time-Service
  Date: 2017-05-19T09:43:22.150
  Event ID: 134
  Task: N/A
  Level: Warning
  Opcode: Info
  Keyword: N/A
  User: S-1-5-19
  User Name: NT AUTHORITY\LOCAL SERVICE
  Computer: asus
  Description: 
NtpClient was unable to set a manual peer to use as a time source because of DNS resolution error on 'time.windows.com,0x9'. NtpClient will try again in 15 minutes and double the reattempt interval thereafter. The error was: No such host is known. (0x80072AF9)

Event[627]:
  Log Name: System
  Source: Microsoft-Windows-Kernel-General
  Date: 2017-05-19T09:43:27.559
  Event ID: 16
  Task: N/A
  Level: Information
  Opcode: Info
  Keyword: N/A
  User: S-1-5-18
  User Name: NT AUTHORITY\SYSTEM
  Computer: asus
  Description: 
The access history in hive \Device\HarddiskVolume1\Boot\BCD was cleared updating 212 keys and creating 11 modified pages.

Event[628]:
  Log Name: System
  Source: Microsoft-Windows-Power-Troubleshooter
  Date: 2017-05-19T09:43:29.046
  Event ID: 1
  Task: N/A
  Level: Information
  Opcode: Info
  Keyword: N/A
  User: S-1-5-19
  User Name: NT AUTHORITY\LOCAL SERVICE
  Computer: asus
  Description: 
The system has returned from a low power state.

Sleep Time: ?2017?-?05?-?18T16:50:42.315842600Z
Wake Time: ?2017?-?05?-?19T07:43:27.046655500Z

Wake Source: Device -USB Root Hub

Event[629]:
  Log Name: System
  Source: Microsoft-Windows-Kernel-General
  Date: 2017-05-19T09:43:29.901
  Event ID: 16
  Task: N/A
  Level: Information
  Opcode: Info
  Keyword: N/A
  User: S-1-5-21-2727687409-414627687-575682064-1001
  User Name: ASUS\dypcdiver
  Computer: asus
  Description: 
The access history in hive \??\C:\Users\dypcdiver\AppData\Local\Packages\Microsoft.Windows.ContentDeliveryManager_cw5n1h2txyewy\Settings\settings.dat was cleared updating 257 keys and creating 34 modified pages.

Event[630]:
  Log Name: System
  Source: Microsoft-Windows-Time-Service
  Date: 2017-05-19T09:43:30.227
  Event ID: 37
  Task: N/A
  Level: Information
  Opcode: Info
  Keyword: N/A
  User: S-1-5-19
  User Name: NT AUTHORITY\LOCAL SERVICE
  Computer: asus
  Description: 
The time provider NtpClient is currently receiving valid time data from time.windows.com,0x9 (ntp.m|0x9|0.0.0.0:123->52.166.120.77:123).

Event[631]:
  Log Name: System
  Source: Microsoft-Windows-Kernel-General
  Date: 2017-05-19T09:43:33.830
  Event ID: 16
  Task: N/A
  Level: Information
  Opcode: Info
  Keyword: N/A
  User: S-1-5-21-2727687409-414627687-575682064-1001
  User Name: ASUS\dypcdiver
  Computer: asus
  Description: 
The access history in hive \??\C:\Users\dypcdiver\AppData\Local\Packages\microsoft.windowscommunicationsapps_8wekyb3d8bbwe\Settings\settings.dat was cleared updating 93 keys and creating 10 modified pages.

Event[632]:
  Log Name: System
  Source: Microsoft-Windows-DistributedCOM
  Date: 2017-05-19T09:43:35.677
  Event ID: 10016
  Task: N/A
  Level: Error
  Opcode: Info
  Keyword: Classic
  User: S-1-5-18
  User Name: NT AUTHORITY\SYSTEM
  Computer: asus
  Description: 
The application-specific permission settings do not grant Local Activation permission for the COM Server application with CLSID 
{D63B10C5-BB46-4990-A94F-E40B9D520160}
 and APPID 
{9CA88EE3-ACB7-47C8-AFC4-AB702511C276}
 to the user NT AUTHORITY\SYSTEM SID (S-1-5-18) from address LocalHost (Using LRPC) running in the application container Unavailable SID (Unavailable). This security permission can be modified using the Component Services administrative tool.

Event[633]:
  Log Name: System
  Source: Microsoft-Windows-Time-Service
  Date: 2017-05-19T09:43:44.510
  Event ID: 35
  Task: N/A
  Level: Information
  Opcode: Info
  Keyword: N/A
  User: S-1-5-19
  User Name: NT AUTHORITY\LOCAL SERVICE
  Computer: asus
  Description: 
The time service is now synchronizing the system time with the time source time.windows.com,0x9 (ntp.m|0x9|0.0.0.0:123->52.166.120.77:123).

Event[634]:
  Log Name: System
  Source: Service Control Manager
  Date: 2017-05-19T09:46:30.445
  Event ID: 7045
  Task: N/A
  Level: Information
  Opcode: N/A
  Keyword: Classic
  User: S-1-5-21-2727687409-414627687-575682064-1001
  User Name: ASUS\dypcdiver
  Computer: asus
  Description: 
A service was installed in the system.

Service Name:  WinRing0_1_2_0
Service File Name:  C:\Program Files (x86)\Hewlett-Packard\HP Support Framework\Resources\HPActiveHealth\ActiveHealth.sys
Service Type:  kernel mode driver
Service Start Type:  demand start
Service Account:  

Event[635]:
  Log Name: System
  Source: Microsoft-Windows-WindowsUpdateClient
  Date: 2017-05-19T09:46:50.579
  Event ID: 44
  Task: Windows Update Agent
  Level: Information
  Opcode: Download
  Keyword: Download,Started
  User: S-1-5-18
  User Name: NT AUTHORITY\SYSTEM
  Computer: asus
  Description: 
Windows Update started downloading an update.

Event[636]:
  Log Name: System
  Source: Microsoft-Windows-Kernel-General
  Date: 2017-05-19T09:47:03.062
  Event ID: 16
  Task: N/A
  Level: Information
  Opcode: Info
  Keyword: N/A
  User: S-1-5-18
  User Name: NT AUTHORITY\SYSTEM
  Computer: asus
  Description: 
The access history in hive \??\C:\ProgramData\Microsoft\Windows\AppRepository\Packages\Microsoft.Advertising.Xaml_10.1705.4.0_x64__8wekyb3d8bbwe\ActivationStore.dat was cleared updating 0 keys and creating 0 modified pages.

Event[637]:
  Log Name: System
  Source: Microsoft-Windows-Kernel-General
  Date: 2017-05-19T09:47:08.816
  Event ID: 16
  Task: N/A
  Level: Information
  Opcode: Info
  Keyword: N/A
  User: S-1-5-18
  User Name: NT AUTHORITY\SYSTEM
  Computer: asus
  Description: 
The access history in hive \??\C:\ProgramData\Microsoft\Windows\AppRepository\Packages\Microsoft.Advertising.Xaml_10.1705.4.0_x86__8wekyb3d8bbwe\ActivationStore.dat was cleared updating 0 keys and creating 0 modified pages.

Event[638]:
  Log Name: System
  Source: Microsoft-Windows-Kernel-General
  Date: 2017-05-19T10:03:04.441
  Event ID: 1
  Task: N/A
  Level: Information
  Opcode: Info
  Keyword: Time
  User: S-1-5-19
  User Name: NT AUTHORITY\LOCAL SERVICE
  Computer: asus
  Description: 
The system time has changed to ?2017?-?05?-?19T08:03:04.448000000Z from ?2017?-?05?-?19T08:03:04.454278800Z.

Change Reason: An application or system component changed the time.

Event[639]:
  Log Name: System
  Source: Microsoft-Windows-Kernel-Power
  Date: 2017-05-19T10:03:05.223
  Event ID: 42
  Task: N/A
  Level: Information
  Opcode: Info
  Keyword: N/A
  User: N/A
  User Name: N/A
  Computer: asus
  Description: 
The system is entering sleep.

Sleep Reason: Application API

Event[640]:
  Log Name: System
  Source: BROWSER
  Date: 2017-05-19T10:03:05.579
  Event ID: 8033
  Task: N/A
  Level: Information
  Opcode: N/A
  Keyword: Classic
  User: N/A
  User Name: N/A
  Computer: asus
  Description: 
The browser has forced an election on network \Device\NetBT_Tcpip_{9BDEC3C0-593A-4153-9F03-5C10C29CCBFE} because a master browser was stopped.

Event[641]:
  Log Name: System
  Source: Microsoft-Windows-Kernel-Power
  Date: 2017-05-19T10:03:06.213
  Event ID: 107
  Task: N/A
  Level: Information
  Opcode: Info
  Keyword: N/A
  User: N/A
  User Name: N/A
  Computer: asus
  Description: 
The system has resumed from sleep.

Event[642]:
  Log Name: System
  Source: Microsoft-Windows-Kernel-General
  Date: 2017-05-19T10:03:13.500
  Event ID: 1
  Task: N/A
  Level: Information
  Opcode: Info
  Keyword: Time
  User: N/A
  User Name: N/A
  Computer: asus
  Description: 
The system time has changed to ?2017?-?05?-?19T08:03:13.500000000Z from ?2017?-?05?-?19T08:03:06.213995400Z.

Change Reason: System time synchronized with the hardware clock.

Event[643]:
  Log Name: System
  Source: Microsoft-Windows-Power-Troubleshooter
  Date: 2017-05-19T10:03:18.157
  Event ID: 1
  Task: N/A
  Level: Information
  Opcode: Info
  Keyword: N/A
  User: S-1-5-19
  User Name: NT AUTHORITY\LOCAL SERVICE
  Computer: asus
  Description: 
The system has returned from a low power state.

Sleep Time: ?2017?-?05?-?19T08:03:03.993535700Z
Wake Time: ?2017?-?05?-?19T08:03:15.099660100Z

Wake Source: Device -USB Root Hub

Event[644]:
  Log Name: System
  Source: Microsoft-Windows-DistributedCOM
  Date: 2017-05-19T10:03:22.463
  Event ID: 10016
  Task: N/A
  Level: Error
  Opcode: Info
  Keyword: Classic
  User: S-1-5-18
  User Name: NT AUTHORITY\SYSTEM
  Computer: asus
  Description: 
The application-specific permission settings do not grant Local Activation permission for the COM Server application with CLSID 
{D63B10C5-BB46-4990-A94F-E40B9D520160}
 and APPID 
{9CA88EE3-ACB7-47C8-AFC4-AB702511C276}
 to the user NT AUTHORITY\SYSTEM SID (S-1-5-18) from address LocalHost (Using LRPC) running in the application container Unavailable SID (Unavailable). This security permission can be modified using the Component Services administrative tool.

Event[645]:
  Log Name: System
  Source: Microsoft-Windows-Kernel-General
  Date: 2017-05-19T10:10:21.892
  Event ID: 16
  Task: N/A
  Level: Information
  Opcode: Info
  Keyword: N/A
  User: S-1-5-21-2727687409-414627687-575682064-1001
  User Name: ASUS\dypcdiver
  Computer: asus
  Description: 
The access history in hive \??\C:\Users\dypcdiver\AppData\Local\Packages\Microsoft.Windows.Photos_8wekyb3d8bbwe\Settings\settings.dat was cleared updating 17 keys and creating 3 modified pages.

Event[646]:
  Log Name: System
  Source: BROWSER
  Date: 2017-05-19T11:00:36.929
  Event ID: 8033
  Task: N/A
  Level: Information
  Opcode: N/A
  Keyword: Classic
  User: N/A
  User Name: N/A
  Computer: asus
  Description: 
The browser has forced an election on network \Device\NetBT_Tcpip_{9BDEC3C0-593A-4153-9F03-5C10C29CCBFE} because a master browser was stopped.

Event[647]:
  Log Name: System
  Source: Microsoft-Windows-Kernel-Power
  Date: 2017-05-19T11:00:36.609
  Event ID: 42
  Task: N/A
  Level: Information
  Opcode: Info
  Keyword: N/A
  User: N/A
  User Name: N/A
  Computer: asus
  Description: 
The system is entering sleep.

Sleep Reason: Application API

Event[648]:
  Log Name: System
  Source: Microsoft-Windows-Kernel-Power
  Date: 2017-05-19T11:00:37.327
  Event ID: 107
  Task: N/A
  Level: Information
  Opcode: Info
  Keyword: N/A
  User: N/A
  User Name: N/A
  Computer: asus
  Description: 
The system has resumed from sleep.

Event[649]:
  Log Name: System
  Source: Microsoft-Windows-Kernel-General
  Date: 2017-05-19T15:06:13.500
  Event ID: 1
  Task: N/A
  Level: Information
  Opcode: Info
  Keyword: Time
  User: N/A
  User Name: N/A
  Computer: asus
  Description: 
The system time has changed to ?2017?-?05?-?19T13:06:13.500000000Z from ?2017?-?05?-?19T09:00:37.327804400Z.

Change Reason: System time synchronized with the hardware clock.

Event[650]:
  Log Name: System
  Source: EventLog
  Date: 2017-05-19T15:06:13.894
  Event ID: 6013
  Task: N/A
  Level: Information
  Opcode: N/A
  Keyword: Classic
  User: N/A
  User Name: N/A
  Computer: asus
  Description: 
The system uptime is 342026 seconds.

Event[651]:
  Log Name: System
  Source: Microsoft-Windows-DistributedCOM
  Date: 2017-05-19T15:06:25.919
  Event ID: 10016
  Task: N/A
  Level: Error
  Opcode: Info
  Keyword: Classic
  User: S-1-5-18
  User Name: NT AUTHORITY\SYSTEM
  Computer: asus
  Description: 
The application-specific permission settings do not grant Local Activation permission for the COM Server application with CLSID 
{D63B10C5-BB46-4990-A94F-E40B9D520160}
 and APPID 
{9CA88EE3-ACB7-47C8-AFC4-AB702511C276}
 to the user NT AUTHORITY\SYSTEM SID (S-1-5-18) from address LocalHost (Using LRPC) running in the application container Unavailable SID (Unavailable). This security permission can be modified using the Component Services administrative tool.

Event[652]:
  Log Name: System
  Source: Microsoft-Windows-Power-Troubleshooter
  Date: 2017-05-19T15:06:29.349
  Event ID: 1
  Task: N/A
  Level: Information
  Opcode: Info
  Keyword: N/A
  User: S-1-5-19
  User Name: NT AUTHORITY\LOCAL SERVICE
  Computer: asus
  Description: 
The system has returned from a low power state.

Sleep Time: ?2017?-?05?-?19T09:00:35.408461200Z
Wake Time: ?2017?-?05?-?19T13:06:15.082976300Z

Wake Source: Device -USB Root Hub

Event[653]:
  Log Name: System
  Source: Service Control Manager
  Date: 2017-05-19T15:09:13.982
  Event ID: 7040
  Task: N/A
  Level: Information
  Opcode: N/A
  Keyword: Classic
  User: S-1-5-18
  User Name: NT AUTHORITY\SYSTEM
  Computer: asus
  Description: 
The start type of the Background Intelligent Transfer Service service was changed from demand start to auto start.

Event[654]:
  Log Name: System
  Source: Service Control Manager
  Date: 2017-05-19T15:11:17.232
  Event ID: 7040
  Task: N/A
  Level: Information
  Opcode: N/A
  Keyword: Classic
  User: S-1-5-18
  User Name: NT AUTHORITY\SYSTEM
  Computer: asus
  Description: 
The start type of the Background Intelligent Transfer Service service was changed from auto start to demand start.

Event[655]:
  Log Name: System
  Source: Microsoft-Windows-Kernel-General
  Date: 2017-05-19T16:54:46.158
  Event ID: 16
  Task: N/A
  Level: Information
  Opcode: Info
  Keyword: N/A
  User: S-1-5-21-2727687409-414627687-575682064-1001
  User Name: ASUS\dypcdiver
  Computer: asus
  Description: 
The access history in hive \??\C:\Users\dypcdiver\AppData\Local\Packages\Microsoft.Windows.Cortana_cw5n1h2txyewy\Settings\settings.dat was cleared updating 87 keys and creating 12 modified pages.

Event[656]:
  Log Name: System
  Source: BROWSER
  Date: 2017-05-19T17:08:33.233
  Event ID: 8033
  Task: N/A
  Level: Information
  Opcode: N/A
  Keyword: Classic
  User: N/A
  User Name: N/A
  Computer: asus
  Description: 
The browser has forced an election on network \Device\NetBT_Tcpip_{9BDEC3C0-593A-4153-9F03-5C10C29CCBFE} because a master browser was stopped.

Event[657]:
  Log Name: System
  Source: Microsoft-Windows-Kernel-General
  Date: 2017-05-19T17:08:32.692
  Event ID: 16
  Task: N/A
  Level: Information
  Opcode: Info
  Keyword: N/A
  User: N/A
  User Name: N/A
  Computer: asus
  Description: 
The access history in hive \??\C:\Users\dypcdiver\AppData\Local\Packages\Microsoft.LockApp_cw5n1h2txyewy\Settings\settings.dat was cleared updating 5 keys and creating 1 modified pages.

Event[658]:
  Log Name: System
  Source: Microsoft-Windows-Kernel-Power
  Date: 2017-05-19T17:08:32.852
  Event ID: 42
  Task: N/A
  Level: Information
  Opcode: Info
  Keyword: N/A
  User: N/A
  User Name: N/A
  Computer: asus
  Description: 
The system is entering sleep.

Sleep Reason: Application API

Event[659]:
  Log Name: System
  Source: Microsoft-Windows-Kernel-Power
  Date: 2017-05-19T17:08:33.831
  Event ID: 107
  Task: N/A
  Level: Information
  Opcode: Info
  Keyword: N/A
  User: N/A
  User Name: N/A
  Computer: asus
  Description: 
The system has resumed from sleep.

Event[660]:
  Log Name: System
  Source: Microsoft-Windows-Kernel-General
  Date: 2017-05-20T09:31:32.500
  Event ID: 1
  Task: N/A
  Level: Information
  Opcode: Info
  Keyword: Time
  User: N/A
  User Name: N/A
  Computer: asus
  Description: 
The system time has changed to ?2017?-?05?-?20T07:31:32.500000000Z from ?2017?-?05?-?19T15:08:33.831252000Z.

Change Reason: System time synchronized with the hardware clock.

Event[661]:
  Log Name: System
  Source: Microsoft-Windows-Time-Service
  Date: 2017-05-20T09:31:47.126
  Event ID: 37
  Task: N/A
  Level: Information
  Opcode: Info
  Keyword: N/A
  User: S-1-5-19
  User Name: NT AUTHORITY\LOCAL SERVICE
  Computer: asus
  Description: 
The time provider NtpClient is currently receiving valid time data from time.windows.com,0x9 (ntp.m|0x9|0.0.0.0:123->51.141.32.51:123).

Event[662]:
  Log Name: System
  Source: Microsoft-Windows-Power-Troubleshooter
  Date: 2017-05-20T09:31:49.990
  Event ID: 1
  Task: N/A
  Level: Information
  Opcode: Info
  Keyword: N/A
  User: S-1-5-19
  User Name: NT AUTHORITY\LOCAL SERVICE
  Computer: asus
  Description: 
The system has returned from a low power state.

Sleep Time: ?2017?-?05?-?19T15:08:31.863033600Z
Wake Time: ?2017?-?05?-?20T07:31:46.292325100Z

Wake Source: Device -USB Root Hub

Event[663]:
  Log Name: System
  Source: Microsoft-Windows-DistributedCOM
  Date: 2017-05-20T09:31:52.579
  Event ID: 10016
  Task: N/A
  Level: Error
  Opcode: Info
  Keyword: Classic
  User: S-1-5-18
  User Name: NT AUTHORITY\SYSTEM
  Computer: asus
  Description: 
The application-specific permission settings do not grant Local Activation permission for the COM Server application with CLSID 
{D63B10C5-BB46-4990-A94F-E40B9D520160}
 and APPID 
{9CA88EE3-ACB7-47C8-AFC4-AB702511C276}
 to the user NT AUTHORITY\SYSTEM SID (S-1-5-18) from address LocalHost (Using LRPC) running in the application container Unavailable SID (Unavailable). This security permission can be modified using the Component Services administrative tool.

Event[664]:
  Log Name: System
  Source: Service Control Manager
  Date: 2017-05-20T09:34:33.326
  Event ID: 7040
  Task: N/A
  Level: Information
  Opcode: N/A
  Keyword: Classic
  User: S-1-5-18
  User Name: NT AUTHORITY\SYSTEM
  Computer: asus
  Description: 
The start type of the Background Intelligent Transfer Service service was changed from demand start to auto start.

Event[665]:
  Log Name: System
  Source: Microsoft-Windows-WindowsUpdateClient
  Date: 2017-05-20T09:34:54.475
  Event ID: 44
  Task: Windows Update Agent
  Level: Information
  Opcode: Download
  Keyword: Download,Started
  User: S-1-5-18
  User Name: NT AUTHORITY\SYSTEM
  Computer: asus
  Description: 
Windows Update started downloading an update.

Event[666]:
  Log Name: System
  Source: Microsoft-Windows-Kernel-General
  Date: 2017-05-20T09:35:06.459
  Event ID: 16
  Task: N/A
  Level: Information
  Opcode: Info
  Keyword: N/A
  User: S-1-5-18
  User Name: NT AUTHORITY\SYSTEM
  Computer: asus
  Description: 
The access history in hive \??\C:\ProgramData\Microsoft\Windows\AppRepository\Packages\4DF9E0F8.Netflix_6.22.115.0_x64__mcm4njqhnhss8\ActivationStore.dat was cleared updating 0 keys and creating 0 modified pages.

Event[667]:
  Log Name: System
  Source: Microsoft-Windows-Kernel-General
  Date: 2017-05-20T09:35:09.074
  Event ID: 16
  Task: N/A
  Level: Information
  Opcode: Info
  Keyword: N/A
  User: S-1-5-21-2727687409-414627687-575682064-1001
  User Name: ASUS\dypcdiver
  Computer: asus
  Description: 
The access history in hive \??\C:\Users\dypcdiver\AppData\Local\Packages\4DF9E0F8.Netflix_mcm4njqhnhss8\Settings\settings.dat was cleared updating 3 keys and creating 1 modified pages.

Event[668]:
  Log Name: System
  Source: Microsoft-Windows-WindowsUpdateClient
  Date: 2017-05-20T09:35:12.036
  Event ID: 43
  Task: Windows Update Agent
  Level: Information
  Opcode: Installation
  Keyword: Installation,Started
  User: S-1-5-18
  User Name: NT AUTHORITY\SYSTEM
  Computer: asus
  Description: 
Installation Started: Windows has started installing the following update: Netflix

Event[669]:
  Log Name: System
  Source: Microsoft-Windows-WindowsUpdateClient
  Date: 2017-05-20T09:35:17.491
  Event ID: 19
  Task: Windows Update Agent
  Level: Information
  Opcode: Installation
  Keyword: Installation,Success
  User: S-1-5-18
  User Name: NT AUTHORITY\SYSTEM
  Computer: asus
  Description: 
Installation Successful: Windows successfully installed the following update: Netflix

Event[670]:
  Log Name: System
  Source: Service Control Manager
  Date: 2017-05-20T09:38:28.075
  Event ID: 7040
  Task: N/A
  Level: Information
  Opcode: N/A
  Keyword: Classic
  User: S-1-5-18
  User Name: NT AUTHORITY\SYSTEM
  Computer: asus
  Description: 
The start type of the Background Intelligent Transfer Service service was changed from auto start to demand start.

Event[671]:
  Log Name: System
  Source: Service Control Manager
  Date: 2017-05-20T10:11:37.896
  Event ID: 7040
  Task: N/A
  Level: Information
  Opcode: N/A
  Keyword: Classic
  User: S-1-5-18
  User Name: NT AUTHORITY\SYSTEM
  Computer: asus
  Description: 
The start type of the Background Intelligent Transfer Service service was changed from demand start to auto start.

Event[672]:
  Log Name: System
  Source: Service Control Manager
  Date: 2017-05-20T10:14:25.014
  Event ID: 7040
  Task: N/A
  Level: Information
  Opcode: N/A
  Keyword: Classic
  User: S-1-5-18
  User Name: NT AUTHORITY\SYSTEM
  Computer: asus
  Description: 
The start type of the Background Intelligent Transfer Service service was changed from auto start to demand start.

Event[673]:
  Log Name: System
  Source: BROWSER
  Date: 2017-05-20T10:20:56.049
  Event ID: 8033
  Task: N/A
  Level: Information
  Opcode: N/A
  Keyword: Classic
  User: N/A
  User Name: N/A
  Computer: asus
  Description: 
The browser has forced an election on network \Device\NetBT_Tcpip_{9BDEC3C0-593A-4153-9F03-5C10C29CCBFE} because a master browser was stopped.

Event[674]:
  Log Name: System
  Source: EventLog
  Date: 2017-05-21T16:12:47.889
  Event ID: 6013
  Task: N/A
  Level: Information
  Opcode: N/A
  Keyword: Classic
  User: N/A
  User Name: N/A
  Computer: asus
  Description: 
The system uptime is 518820 seconds.

Event[675]:
  Log Name: System
  Source: Microsoft-Windows-Kernel-Power
  Date: 2017-05-20T10:20:55.735
  Event ID: 42
  Task: N/A
  Level: Information
  Opcode: Info
  Keyword: N/A
  User: N/A
  User Name: N/A
  Computer: asus
  Description: 
The system is entering sleep.

Sleep Reason: Application API

Event[676]:
  Log Name: System
  Source: Microsoft-Windows-Kernel-Power
  Date: 2017-05-20T10:20:56.628
  Event ID: 107
  Task: N/A
  Level: Information
  Opcode: Info
  Keyword: N/A
  User: N/A
  User Name: N/A
  Computer: asus
  Description: 
The system has resumed from sleep.

Event[677]:
  Log Name: System
  Source: Microsoft-Windows-Kernel-General
  Date: 2017-05-21T16:12:47.500
  Event ID: 1
  Task: N/A
  Level: Information
  Opcode: Info
  Keyword: Time
  User: N/A
  User Name: N/A
  Computer: asus
  Description: 
The system time has changed to ?2017?-?05?-?21T14:12:47.500000000Z from ?2017?-?05?-?20T08:20:56.628946400Z.

Change Reason: System time synchronized with the hardware clock.

Event[678]:
