  Log Name: System
  Source: Service Control Manager
  Date: 2017-05-23T15:56:42.497
  Event ID: 7040
  Task: N/A
  Level: Information
  Opcode: N/A
  Keyword: Classic
  User: S-1-5-18
  User Name: NT AUTHORITY\SYSTEM
  Computer: asus
  Description: 
The start type of the Background Intelligent Transfer Service service was changed from auto start to demand start.

Event[795]:
  Log Name: System
  Source: Microsoft-Windows-Ntfs
  Date: 2017-05-23T16:27:44.662
  Event ID: 98
  Task: N/A
  Level: Information
  Opcode: Info
  Keyword: N/A
  User: S-1-5-18
  User Name: NT AUTHORITY\SYSTEM
  Computer: asus
  Description: 
Volume Western Digital Mar 2013 (\Device\HarddiskVolumeShadowCopy2) is healthy.  No action is needed.

Event[796]:
  Log Name: System
  Source: Microsoft-Windows-Kernel-General
  Date: 2017-05-23T16:27:53.681
  Event ID: 15
  Task: N/A
  Level: Information
  Opcode: Info
  Keyword: N/A
  User: S-1-5-18
  User Name: NT AUTHORITY\SYSTEM
  Computer: asus
  Description: 
Hive \??\GLOBALROOT\Device\HarddiskVolumeShadowCopy2\WINDOWS\System32\config\SYSTEM was reorganized with a starting size of 13111296 bytes and an ending size of 13090816 bytes.

Event[797]:
  Log Name: System
  Source: Microsoft-Windows-Kernel-General
  Date: 2017-05-23T16:27:53.688
  Event ID: 11
  Task: N/A
  Level: Information
  Opcode: Info
  Keyword: N/A
  User: S-1-5-18
  User Name: NT AUTHORITY\SYSTEM
  Computer: asus
  Description: 
TxR init phase for hive \??\GLOBALROOT\Device\HarddiskVolumeShadowCopy2\WINDOWS\System32\config\SYSTEM (TM: {745E3090-3E46-11E7-81D8-485B391076A8}, RM: {745E308F-3E46-11E7-81D8-485B391076A8}) finished with result=0xC00000A2 (Internal code=7).

Event[798]:
  Log Name: System
  Source: Microsoft-Windows-Kernel-General
  Date: 2017-05-23T16:27:53.847
  Event ID: 11
  Task: N/A
  Level: Information
  Opcode: Info
  Keyword: N/A
  User: S-1-5-18
  User Name: NT AUTHORITY\SYSTEM
  Computer: asus
  Description: 
TxR init phase for hive \??\GLOBALROOT\Device\HarddiskVolumeShadowCopy2\WINDOWS\System32\config\DRIVERS (TM: {745E3092-3E46-11E7-81D8-485B391076A8}, RM: {745E3091-3E46-11E7-81D8-485B391076A8}) finished with result=0xC00000A2 (Internal code=7).

Event[799]:
  Log Name: System
  Source: Microsoft-Windows-Kernel-General
  Date: 2017-05-23T16:28:07.569
  Event ID: 15
  Task: N/A
  Level: Information
  Opcode: Info
  Keyword: N/A
  User: S-1-5-18
  User Name: NT AUTHORITY\SYSTEM
  Computer: asus
  Description: 
Hive \??\Volume{c5631e43-0000-0000-0000-600c00000000}\System Volume Information\SPP\SppCbsHiveStore\{cd42efe1-f6f1-427c-b004-033192c625a4}{4F540C73-BC4D-4D66-8CC4-DFDE933A6CC6} was reorganized with a starting size of 13111296 bytes and an ending size of 13090816 bytes.

Event[800]:
  Log Name: System
  Source: Microsoft-Windows-Kernel-General
  Date: 2017-05-23T16:28:08.180
  Event ID: 16
  Task: N/A
  Level: Information
  Opcode: Info
  Keyword: N/A
  User: S-1-5-18
  User Name: NT AUTHORITY\SYSTEM
  Computer: asus
  Description: 
The access history in hive \??\Volume{c5631e43-0000-0000-0000-600c00000000}\System Volume Information\SPP\SppCbsHiveStore\{cd42efe1-f6f1-427c-b004-033192c625a4}{482A7979-8D58-4F60-96B6-AB0050758272} was cleared updating 73 keys and creating 8 modified pages.

Event[801]:
  Log Name: System
  Source: Microsoft-Windows-Kernel-General
  Date: 2017-05-23T16:28:08.443
  Event ID: 16
  Task: N/A
  Level: Information
  Opcode: Info
  Keyword: N/A
  User: S-1-5-18
  User Name: NT AUTHORITY\SYSTEM
  Computer: asus
  Description: 
The access history in hive \??\Volume{c5631e43-0000-0000-0000-600c00000000}\System Volume Information\SPP\SppCbsHiveStore\{cd42efe1-f6f1-427c-b004-033192c625a4}{9BF31DDB-0F6C-4330-AE49-3DC7166C3C5B} was cleared updating 103 keys and creating 6 modified pages.

Event[802]:
  Log Name: System
  Source: Microsoft-Windows-Kernel-General
  Date: 2017-05-23T16:28:10.400
  Event ID: 15
  Task: N/A
  Level: Information
  Opcode: Info
  Keyword: N/A
  User: S-1-5-18
  User Name: NT AUTHORITY\SYSTEM
  Computer: asus
  Description: 
Hive \??\Volume{c5631e43-0000-0000-0000-600c00000000}\System Volume Information\SPP\SppCbsHiveStore\{cd42efe1-f6f1-427c-b004-033192c625a4}{7999DF70-A8EC-49AD-8A0A-7610A0894A2C} was reorganized with a starting size of 11767808 bytes and an ending size of 11771904 bytes.

Event[803]:
  Log Name: System
  Source: Microsoft-Windows-Kernel-General
  Date: 2017-05-23T16:28:10.653
  Event ID: 16
  Task: N/A
  Level: Information
  Opcode: Info
  Keyword: N/A
  User: S-1-5-18
  User Name: NT AUTHORITY\SYSTEM
  Computer: asus
  Description: 
The access history in hive \??\Volume{c5631e43-0000-0000-0000-600c00000000}\System Volume Information\SPP\SppCbsHiveStore\{cd42efe1-f6f1-427c-b004-033192c625a4}{CC163527-87DB-4CD7-85A6-BC52B2729FCE} was cleared updating 438 keys and creating 45 modified pages.

Event[804]:
  Log Name: System
  Source: Microsoft-Windows-Kernel-General
  Date: 2017-05-23T16:28:14.977
  Event ID: 15
  Task: N/A
  Level: Information
  Opcode: Info
  Keyword: N/A
  User: S-1-5-18
  User Name: NT AUTHORITY\SYSTEM
  Computer: asus
  Description: 
Hive \??\Volume{c5631e43-0000-0000-0000-600c00000000}\System Volume Information\SPP\SppCbsHiveStore\{cd42efe1-f6f1-427c-b004-033192c625a4}{3C850445-01F5-466F-8C8C-EC9F2B0D72CC} was reorganized with a starting size of 80683008 bytes and an ending size of 80179200 bytes.

Event[805]:
  Log Name: System
  Source: BROWSER
  Date: 2017-05-23T17:00:25.878
  Event ID: 8033
  Task: N/A
  Level: Information
  Opcode: N/A
  Keyword: Classic
  User: N/A
  User Name: N/A
  Computer: asus
  Description: 
The browser has forced an election on network \Device\NetBT_Tcpip_{9BDEC3C0-593A-4153-9F03-5C10C29CCBFE} because a master browser was stopped.

Event[806]:
  Log Name: System
  Source: Microsoft-Windows-Kernel-Power
  Date: 2017-05-23T17:00:25.485
  Event ID: 42
  Task: N/A
  Level: Information
  Opcode: Info
  Keyword: N/A
  User: N/A
  User Name: N/A
  Computer: asus
  Description: 
The system is entering sleep.

Sleep Reason: System Idle

Event[807]:
  Log Name: System
  Source: Microsoft-Windows-Kernel-Power
  Date: 2017-05-23T17:00:26.251
  Event ID: 107
  Task: N/A
  Level: Information
  Opcode: Info
  Keyword: N/A
  User: N/A
  User Name: N/A
  Computer: asus
  Description: 
The system has resumed from sleep.

Event[808]:
  Log Name: System
  Source: Microsoft-Windows-Kernel-General
  Date: 2017-05-23T17:08:19.500
  Event ID: 1
  Task: N/A
  Level: Information
  Opcode: Info
  Keyword: Time
  User: N/A
  User Name: N/A
  Computer: asus
  Description: 
The system time has changed to ?2017?-?05?-?23T15:08:19.500000000Z from ?2017?-?05?-?23T15:00:26.251528300Z.

Change Reason: System time synchronized with the hardware clock.

Event[809]:
  Log Name: System
  Source: Microsoft-Windows-DistributedCOM
  Date: 2017-05-23T17:08:32.980
  Event ID: 10016
  Task: N/A
  Level: Error
  Opcode: Info
  Keyword: Classic
  User: S-1-5-18
  User Name: NT AUTHORITY\SYSTEM
  Computer: asus
  Description: 
The application-specific permission settings do not grant Local Activation permission for the COM Server application with CLSID 
{D63B10C5-BB46-4990-A94F-E40B9D520160}
 and APPID 
{9CA88EE3-ACB7-47C8-AFC4-AB702511C276}
 to the user NT AUTHORITY\SYSTEM SID (S-1-5-18) from address LocalHost (Using LRPC) running in the application container Unavailable SID (Unavailable). This security permission can be modified using the Component Services administrative tool.

Event[810]:
  Log Name: System
  Source: BROWSER
  Date: 2017-05-23T17:52:18.969
  Event ID: 8033
  Task: N/A
  Level: Information
  Opcode: N/A
  Keyword: Classic
  User: N/A
  User Name: N/A
  Computer: asus
  Description: 
The browser has forced an election on network \Device\NetBT_Tcpip_{9BDEC3C0-593A-4153-9F03-5C10C29CCBFE} because a master browser was stopped.

Event[811]:
  Log Name: System
  Source: Microsoft-Windows-Kernel-Power
  Date: 2017-05-23T17:52:18.680
  Event ID: 42
  Task: N/A
  Level: Information
  Opcode: Info
  Keyword: N/A
  User: N/A
  User Name: N/A
  Computer: asus
  Description: 
The system is entering sleep.

Sleep Reason: System Idle

Event[812]:
  Log Name: System
  Source: Microsoft-Windows-Kernel-Power
  Date: 2017-05-23T17:52:19.291
  Event ID: 107
  Task: N/A
  Level: Information
  Opcode: Info
  Keyword: N/A
  User: N/A
  User Name: N/A
  Computer: asus
  Description: 
The system has resumed from sleep.

Event[813]:
  Log Name: System
  Source: Microsoft-Windows-Kernel-General
  Date: 2017-05-23T19:33:59.499
  Event ID: 1
  Task: N/A
  Level: Information
  Opcode: Info
  Keyword: Time
  User: N/A
  User Name: N/A
  Computer: asus
  Description: 
The system time has changed to ?2017?-?05?-?23T17:33:59.500000000Z from ?2017?-?05?-?23T15:52:19.292125200Z.

Change Reason: System time synchronized with the hardware clock.

Event[814]:
  Log Name: System
  Source: Microsoft-Windows-Time-Service
  Date: 2017-05-23T19:34:00.256
  Event ID: 134
  Task: N/A
  Level: Warning
  Opcode: Info
  Keyword: N/A
  User: S-1-5-19
  User Name: NT AUTHORITY\LOCAL SERVICE
  Computer: asus
  Description: 
NtpClient was unable to set a manual peer to use as a time source because of DNS resolution error on 'time.windows.com,0x9'. NtpClient will try again in 15 minutes and double the reattempt interval thereafter. The error was: No such host is known. (0x80072AF9)

Event[815]:
  Log Name: System
  Source: Microsoft-Windows-Time-Service
  Date: 2017-05-23T19:34:06.491
  Event ID: 37
  Task: N/A
  Level: Information
  Opcode: Info
  Keyword: N/A
  User: S-1-5-19
  User Name: NT AUTHORITY\LOCAL SERVICE
  Computer: asus
  Description: 
The time provider NtpClient is currently receiving valid time data from time.windows.com,0x9 (ntp.m|0x9|0.0.0.0:123->51.140.127.197:123).

Event[816]:
  Log Name: System
  Source: Microsoft-Windows-Power-Troubleshooter
  Date: 2017-05-23T19:34:15.360
  Event ID: 1
  Task: N/A
  Level: Information
  Opcode: Info
  Keyword: N/A
  User: S-1-5-19
  User Name: NT AUTHORITY\LOCAL SERVICE
  Computer: asus
  Description: 
The system has returned from a low power state.

Sleep Time: ?2017?-?05?-?23T15:52:17.528368600Z
Wake Time: ?2017?-?05?-?23T17:34:00.231090000Z

Wake Source: Device -USB Root Hub

Event[817]:
  Log Name: System
  Source: Microsoft-Windows-WindowsUpdateClient
  Date: 2017-05-23T19:38:04.707
  Event ID: 44
  Task: Windows Update Agent
  Level: Information
  Opcode: Download
  Keyword: Download,Started
  User: S-1-5-18
  User Name: NT AUTHORITY\SYSTEM
  Computer: asus
  Description: 
Windows Update started downloading an update.

Event[818]:
  Log Name: System
  Source: Microsoft-Windows-WindowsUpdateClient
  Date: 2017-05-23T19:38:14.917
  Event ID: 43
  Task: Windows Update Agent
  Level: Information
  Opcode: Installation
  Keyword: Installation,Started
  User: S-1-5-18
  User Name: NT AUTHORITY\SYSTEM
  Computer: asus
  Description: 
Installation Started: Windows has started installing the following update: Windows Malicious Software Removal Tool for Windows 8, 8.1, 10 and Windows Server 2012, 2012 R2, 2016 x64 Edition - May 2017 (KB890830)

Event[819]:
  Log Name: System
  Source: Microsoft-Windows-Kernel-General
  Date: 2017-05-23T19:39:37.122
  Event ID: 16
  Task: N/A
  Level: Information
  Opcode: Info
  Keyword: N/A
  User: S-1-5-18
  User Name: NT AUTHORITY\SYSTEM
  Computer: asus
  Description: 
The access history in hive \??\c:\users\defaultuser0\AppData\Local\Microsoft\Windows\usrclass.dat was cleared updating 337 keys and creating 26 modified pages.

Event[820]:
  Log Name: System
  Source: Microsoft-Windows-WindowsUpdateClient
  Date: 2017-05-23T19:40:00.571
  Event ID: 19
  Task: Windows Update Agent
  Level: Information
  Opcode: Installation
  Keyword: Installation,Success
  User: S-1-5-18
  User Name: NT AUTHORITY\SYSTEM
  Computer: asus
  Description: 
Installation Successful: Windows successfully installed the following update: Windows Malicious Software Removal Tool for Windows 8, 8.1, 10 and Windows Server 2012, 2012 R2, 2016 x64 Edition - May 2017 (KB890830)

Event[821]:
  Log Name: System
  Source: Microsoft-Windows-DistributedCOM
  Date: 2017-05-23T19:58:14.429
  Event ID: 10016
  Task: N/A
  Level: Error
  Opcode: Info
  Keyword: Classic
  User: S-1-5-18
  User Name: NT AUTHORITY\SYSTEM
  Computer: asus
  Description: 
The application-specific permission settings do not grant Local Activation permission for the COM Server application with CLSID 
{D63B10C5-BB46-4990-A94F-E40B9D520160}
 and APPID 
{9CA88EE3-ACB7-47C8-AFC4-AB702511C276}
 to the user NT AUTHORITY\SYSTEM SID (S-1-5-18) from address LocalHost (Using LRPC) running in the application container Unavailable SID (Unavailable). This security permission can be modified using the Component Services administrative tool.

Event[822]:
  Log Name: System
  Source: BROWSER
  Date: 2017-05-23T20:42:30.435
  Event ID: 8033
  Task: N/A
  Level: Information
  Opcode: N/A
  Keyword: Classic
  User: N/A
  User Name: N/A
  Computer: asus
  Description: 
The browser has forced an election on network \Device\NetBT_Tcpip_{9BDEC3C0-593A-4153-9F03-5C10C29CCBFE} because a master browser was stopped.

Event[823]:
  Log Name: System
  Source: Microsoft-Windows-Kernel-Power
  Date: 2017-05-23T20:42:30.038
  Event ID: 42
  Task: N/A
  Level: Information
  Opcode: Info
  Keyword: N/A
  User: N/A
  User Name: N/A
  Computer: asus
  Description: 
The system is entering sleep.

Sleep Reason: Application API

Event[824]:
  Log Name: System
  Source: Microsoft-Windows-Kernel-Power
  Date: 2017-05-23T20:42:31.166
  Event ID: 107
  Task: N/A
  Level: Information
  Opcode: Info
  Keyword: N/A
  User: N/A
  User Name: N/A
  Computer: asus
  Description: 
The system has resumed from sleep.

Event[825]:
  Log Name: System
  Source: Microsoft-Windows-Kernel-General
  Date: 2017-05-23T21:25:30.500
  Event ID: 1
  Task: N/A
  Level: Information
  Opcode: Info
  Keyword: Time
  User: N/A
  User Name: N/A
  Computer: asus
  Description: 
The system time has changed to ?2017?-?05?-?23T19:25:30.500000000Z from ?2017?-?05?-?23T18:42:31.166638300Z.

Change Reason: System time synchronized with the hardware clock.

Event[826]:
  Log Name: System
  Source: Microsoft-Windows-DistributedCOM
  Date: 2017-05-23T21:25:51.704
  Event ID: 10016
  Task: N/A
  Level: Error
  Opcode: Info
  Keyword: Classic
  User: S-1-5-18
  User Name: NT AUTHORITY\SYSTEM
  Computer: asus
  Description: 
The application-specific permission settings do not grant Local Activation permission for the COM Server application with CLSID 
{D63B10C5-BB46-4990-A94F-E40B9D520160}
 and APPID 
{9CA88EE3-ACB7-47C8-AFC4-AB702511C276}
 to the user NT AUTHORITY\SYSTEM SID (S-1-5-18) from address LocalHost (Using LRPC) running in the application container Unavailable SID (Unavailable). This security permission can be modified using the Component Services administrative tool.

Event[827]:
  Log Name: System
  Source: Microsoft-Windows-DNS-Client
  Date: 2017-05-23T21:41:06.804
  Event ID: 1014
  Task: N/A
  Level: Warning
  Opcode: Info
  Keyword: N/A
  User: S-1-5-20
  User Name: NT AUTHORITY\NETWORK SERVICE
  Computer: asus
  Description: 
Name resolution for the name csi.gstatic.com timed out after none of the configured DNS servers responded.

Event[828]:
  Log Name: System
  Source: BROWSER
  Date: 2017-05-23T21:55:18.411
  Event ID: 8033
  Task: N/A
  Level: Information
  Opcode: N/A
  Keyword: Classic
  User: N/A
  User Name: N/A
  Computer: asus
  Description: 
The browser has forced an election on network \Device\NetBT_Tcpip_{9BDEC3C0-593A-4153-9F03-5C10C29CCBFE} because a master browser was stopped.

Event[829]:
  Log Name: System
  Source: Microsoft-Windows-Kernel-Power
  Date: 2017-05-23T21:55:18.068
  Event ID: 42
  Task: N/A
  Level: Information
  Opcode: Info
  Keyword: N/A
  User: N/A
  User Name: N/A
  Computer: asus
  Description: 
The system is entering sleep.

Sleep Reason: Application API

Event[830]:
  Log Name: System
  Source: Microsoft-Windows-Kernel-Power
  Date: 2017-05-23T21:55:19.062
  Event ID: 107
  Task: N/A
  Level: Information
  Opcode: Info
  Keyword: N/A
  User: N/A
  User Name: N/A
  Computer: asus
  Description: 
The system has resumed from sleep.

Event[831]:
  Log Name: System
  Source: Microsoft-Windows-Kernel-General
  Date: 2017-05-24T09:45:10.500
  Event ID: 1
  Task: N/A
  Level: Information
  Opcode: Info
  Keyword: Time
  User: N/A
  User Name: N/A
  Computer: asus
  Description: 
The system time has changed to ?2017?-?05?-?24T07:45:10.500000000Z from ?2017?-?05?-?23T19:55:19.062596300Z.

Change Reason: System time synchronized with the hardware clock.

Event[832]:
  Log Name: System
  Source: Microsoft-Windows-Time-Service
  Date: 2017-05-24T09:45:12.054
  Event ID: 134
  Task: N/A
  Level: Warning
  Opcode: Info
  Keyword: N/A
  User: S-1-5-19
  User Name: NT AUTHORITY\LOCAL SERVICE
  Computer: asus
  Description: 
NtpClient was unable to set a manual peer to use as a time source because of DNS resolution error on 'time.windows.com,0x9'. NtpClient will try again in 15 minutes and double the reattempt interval thereafter. The error was: No such host is known. (0x80072AF9)

Event[833]:
  Log Name: System
  Source: Microsoft-Windows-Time-Service
  Date: 2017-05-24T09:45:15.759
  Event ID: 134
  Task: N/A
  Level: Warning
  Opcode: Info
  Keyword: N/A
  User: S-1-5-19
  User Name: NT AUTHORITY\LOCAL SERVICE
  Computer: asus
  Description: 
NtpClient was unable to set a manual peer to use as a time source because of DNS resolution error on 'time.windows.com,0x9'. NtpClient will try again in 15 minutes and double the reattempt interval thereafter. The error was: No such host is known. (0x80072AF9)

Event[834]:
  Log Name: System
  Source: Microsoft-Windows-Time-Service
  Date: 2017-05-24T09:45:19.912
  Event ID: 37
  Task: N/A
  Level: Information
  Opcode: Info
  Keyword: N/A
  User: S-1-5-19
  User Name: NT AUTHORITY\LOCAL SERVICE
  Computer: asus
  Description: 
The time provider NtpClient is currently receiving valid time data from time.windows.com,0x9 (ntp.m|0x9|0.0.0.0:123->51.141.32.51:123).

Event[835]:
  Log Name: System
  Source: Microsoft-Windows-Power-Troubleshooter
  Date: 2017-05-24T09:45:26.825
  Event ID: 1
  Task: N/A
  Level: Information
  Opcode: Info
  Keyword: N/A
  User: S-1-5-19
  User Name: NT AUTHORITY\LOCAL SERVICE
  Computer: asus
  Description: 
The system has returned from a low power state.

Sleep Time: ?2017?-?05?-?23T19:55:17.331792100Z
Wake Time: ?2017?-?05?-?24T07:45:12.120343800Z

Wake Source: Device -USB Root Hub

Event[836]:
  Log Name: System
  Source: Microsoft-Windows-DNS-Client
  Date: 2017-05-24T09:45:29.000
  Event ID: 1014
  Task: N/A
  Level: Warning
  Opcode: Info
  Keyword: N/A
  User: S-1-5-20
  User Name: NT AUTHORITY\NETWORK SERVICE
  Computer: asus
  Description: 
Name resolution for the name win10.ipv6.microsoft.com. timed out after none of the configured DNS servers responded.

Event[837]:
  Log Name: System
  Source: Microsoft-Windows-DistributedCOM
  Date: 2017-05-24T09:45:32.306
  Event ID: 10016
  Task: N/A
  Level: Error
  Opcode: Info
  Keyword: Classic
  User: S-1-5-18
  User Name: NT AUTHORITY\SYSTEM
  Computer: asus
  Description: 
The application-specific permission settings do not grant Local Activation permission for the COM Server application with CLSID 
{D63B10C5-BB46-4990-A94F-E40B9D520160}
 and APPID 
{9CA88EE3-ACB7-47C8-AFC4-AB702511C276}
 to the user NT AUTHORITY\SYSTEM SID (S-1-5-18) from address LocalHost (Using LRPC) running in the application container Unavailable SID (Unavailable). This security permission can be modified using the Component Services administrative tool.

Event[838]:
  Log Name: System
  Source: Service Control Manager
  Date: 2017-05-24T09:48:12.201
  Event ID: 7040
  Task: N/A
  Level: Information
  Opcode: N/A
  Keyword: Classic
  User: S-1-5-18
  User Name: NT AUTHORITY\SYSTEM
  Computer: asus
  Description: 
The start type of the Background Intelligent Transfer Service service was changed from demand start to auto start.

Event[839]:
  Log Name: System
  Source: Service Control Manager
  Date: 2017-05-24T09:48:16.308
  Event ID: 7045
  Task: N/A
  Level: Information
  Opcode: N/A
  Keyword: Classic
  User: S-1-5-21-2727687409-414627687-575682064-1001
  User Name: ASUS\dypcdiver
  Computer: asus
  Description: 
A service was installed in the system.

Service Name:  WinRing0_1_2_0
Service File Name:  C:\Program Files (x86)\Hewlett-Packard\HP Support Framework\Resources\HPActiveHealth\ActiveHealth.sys
Service Type:  kernel mode driver
Service Start Type:  demand start
Service Account:  

Event[840]:
  Log Name: System
  Source: Service Control Manager
  Date: 2017-05-24T09:50:14.614
  Event ID: 7040
  Task: N/A
  Level: Information
  Opcode: N/A
  Keyword: Classic
  User: S-1-5-18
  User Name: NT AUTHORITY\SYSTEM
  Computer: asus
  Description: 
The start type of the Background Intelligent Transfer Service service was changed from auto start to demand start.

Event[841]:
  Log Name: System
  Source: BROWSER
  Date: 2017-05-24T11:03:18.507
  Event ID: 8033
  Task: N/A
  Level: Information
  Opcode: N/A
  Keyword: Classic
  User: N/A
  User Name: N/A
  Computer: asus
  Description: 
The browser has forced an election on network \Device\NetBT_Tcpip_{9BDEC3C0-593A-4153-9F03-5C10C29CCBFE} because a master browser was stopped.

Event[842]:
  Log Name: System
  Source: Microsoft-Windows-Kernel-General
  Date: 2017-05-24T11:03:17.681
  Event ID: 1
  Task: N/A
  Level: Information
  Opcode: Info
  Keyword: Time
  User: S-1-5-19
  User Name: NT AUTHORITY\LOCAL SERVICE
  Computer: asus
  Description: 
The system time has changed to ?2017?-?05?-?24T09:03:17.685000000Z from ?2017?-?05?-?24T09:03:17.688953000Z.

Change Reason: An application or system component changed the time.

Event[843]:
  Log Name: System
  Source: Microsoft-Windows-Kernel-Power
  Date: 2017-05-24T11:03:18.106
  Event ID: 42
  Task: N/A
  Level: Information
  Opcode: Info
  Keyword: N/A
  User: N/A
  User Name: N/A
  Computer: asus
  Description: 
The system is entering sleep.

Sleep Reason: Application API

Event[844]:
  Log Name: System
  Source: EventLog
  Date: 2017-05-24T18:43:16.895
  Event ID: 6013
  Task: N/A
  Level: Information
  Opcode: N/A
  Keyword: Classic
  User: N/A
  User Name: N/A
  Computer: asus
  Description: 
The system uptime is 787049 seconds.

Event[845]:
  Log Name: System
  Source: Microsoft-Windows-Kernel-Power
  Date: 2017-05-24T11:03:19.055
  Event ID: 107
  Task: N/A
  Level: Information
  Opcode: Info
  Keyword: N/A
  User: N/A
  User Name: N/A
  Computer: asus
  Description: 
The system has resumed from sleep.

Event[846]:
  Log Name: System
  Source: Microsoft-Windows-Kernel-General
  Date: 2017-05-24T18:43:16.500
  Event ID: 1
  Task: N/A
  Level: Information
  Opcode: Info
  Keyword: Time
  User: N/A
  User Name: N/A
  Computer: asus
  Description: 
The system time has changed to ?2017?-?05?-?24T16:43:16.500000000Z from ?2017?-?05?-?24T09:03:19.055871100Z.

Change Reason: System time synchronized with the hardware clock.

Event[847]:
  Log Name: System
  Source: Microsoft-Windows-DistributedCOM
  Date: 2017-05-24T18:43:31.042
  Event ID: 10016
  Task: N/A
  Level: Error
  Opcode: Info
  Keyword: Classic
  User: S-1-5-18
  User Name: NT AUTHORITY\SYSTEM
  Computer: asus
  Description: 
The application-specific permission settings do not grant Local Activation permission for the COM Server application with CLSID 
{D63B10C5-BB46-4990-A94F-E40B9D520160}
 and APPID 
{9CA88EE3-ACB7-47C8-AFC4-AB702511C276}
 to the user NT AUTHORITY\SYSTEM SID (S-1-5-18) from address LocalHost (Using LRPC) running in the application container Unavailable SID (Unavailable). This security permission can be modified using the Component Services administrative tool.

Event[848]:
  Log Name: System
  Source: Microsoft-Windows-Power-Troubleshooter
  Date: 2017-05-24T18:43:34.136
  Event ID: 1
  Task: N/A
  Level: Information
  Opcode: Info
  Keyword: N/A
  User: S-1-5-19
  User Name: NT AUTHORITY\LOCAL SERVICE
  Computer: asus
  Description: 
The system has returned from a low power state.

Sleep Time: ?2017?-?05?-?24T09:03:16.611177100Z
Wake Time: ?2017?-?05?-?24T16:43:17.201480500Z

Wake Source: Device -USB Root Hub

Event[849]:
  Log Name: System
  Source: Microsoft-Windows-Kernel-General
  Date: 2017-05-24T18:43:48.415
  Event ID: 16
  Task: N/A
  Level: Information
  Opcode: Info
  Keyword: N/A
  User: S-1-5-21-2727687409-414627687-575682064-1001
  User Name: ASUS\dypcdiver
  Computer: asus
  Description: 
The access history in hive \??\C:\Users\dypcdiver\AppData\Local\Packages\9E2F88E3.Twitter_wgeqdkkx372wm\Settings\settings.dat was cleared updating 3 keys and creating 1 modified pages.

Event[850]:
  Log Name: System
  Source: Service Control Manager
  Date: 2017-05-24T18:46:17.238
  Event ID: 7040
  Task: N/A
  Level: Information
  Opcode: N/A
  Keyword: Classic
  User: S-1-5-18
  User Name: NT AUTHORITY\SYSTEM
  Computer: asus
  Description: 
The start type of the Background Intelligent Transfer Service service was changed from demand start to auto start.

Event[851]:
  Log Name: System
  Source: Microsoft-Windows-WindowsUpdateClient
  Date: 2017-05-24T18:46:30.754
  Event ID: 44
  Task: Windows Update Agent
  Level: Information
  Opcode: Download
  Keyword: Download,Started
  User: S-1-5-18
  User Name: NT AUTHORITY\SYSTEM
  Computer: asus
  Description: 
Windows Update started downloading an update.

Event[852]:
  Log Name: System
  Source: Service Control Manager
  Date: 2017-05-24T18:48:20.505
  Event ID: 7040
  Task: N/A
  Level: Information
  Opcode: N/A
  Keyword: Classic
  User: S-1-5-18
  User Name: NT AUTHORITY\SYSTEM
  Computer: asus
  Description: 
The start type of the Background Intelligent Transfer Service service was changed from auto start to demand start.

Event[853]:
  Log Name: System
  Source: Microsoft-Windows-Kernel-General
  Date: 2017-05-24T18:49:07.867
  Event ID: 16
  Task: N/A
  Level: Information
  Opcode: Info
  Keyword: N/A
  User: S-1-5-18
  User Name: NT AUTHORITY\SYSTEM
  Computer: asus
  Description: 
The access history in hive \??\C:\ProgramData\Microsoft\Windows\AppRepository\Packages\microsoft.windowscommunicationsapps_17.8218.40507.0_x64__8wekyb3d8bbwe\ActivationStore.dat was cleared updating 0 keys and creating 0 modified pages.

Event[854]:
  Log Name: System
  Source: Microsoft-Windows-WindowsUpdateClient
  Date: 2017-05-24T18:49:15.927
  Event ID: 43
  Task: Windows Update Agent
  Level: Information
  Opcode: Installation
  Keyword: Installation,Started
  User: S-1-5-18
  User Name: NT AUTHORITY\SYSTEM
  Computer: asus
  Description: 
Installation Started: Windows has started installing the following update: Mail and Calendar

Event[855]:
  Log Name: System
  Source: Microsoft-Windows-WindowsUpdateClient
  Date: 2017-05-24T18:49:15.927
  Event ID: 19
  Task: Windows Update Agent
  Level: Information
  Opcode: Installation
  Keyword: Installation,Success
  User: S-1-5-18
  User Name: NT AUTHORITY\SYSTEM
  Computer: asus
  Description: 
Installation Successful: Windows successfully installed the following update: Mail and Calendar

Event[856]:
  Log Name: System
  Source: Microsoft-Windows-Time-Service
  Date: 2017-05-24T18:51:27.977
  Event ID: 37
  Task: N/A
  Level: Information
  Opcode: Info
  Keyword: N/A
  User: S-1-5-19
  User Name: NT AUTHORITY\LOCAL SERVICE
  Computer: asus
  Description: 
The time provider NtpClient is currently receiving valid time data from time.windows.com,0x9 (ntp.m|0x9|0.0.0.0:123->51.141.32.51:123).

Event[857]:
  Log Name: System
  Source: Service Control Manager
  Date: 2017-05-24T18:51:55.030
  Event ID: 7040
  Task: N/A
  Level: Information
  Opcode: N/A
  Keyword: Classic
  User: S-1-5-18
  User Name: NT AUTHORITY\SYSTEM
  Computer: asus
  Description: 
The start type of the Background Intelligent Transfer Service service was changed from demand start to auto start.

Event[858]:
  Log Name: System
  Source: Service Control Manager
  Date: 2017-05-24T18:54:04.423
  Event ID: 7040
  Task: N/A
  Level: Information
  Opcode: N/A
  Keyword: Classic
  User: S-1-5-18
  User Name: NT AUTHORITY\SYSTEM
  Computer: asus
  Description: 
The start type of the Background Intelligent Transfer Service service was changed from auto start to demand start.

Event[859]:
  Log Name: System
  Source: Display
  Date: 2017-05-24T20:03:32.182
  Event ID: 4101
  Task: N/A
  Level: Warning
  Opcode: Info
  Keyword: Classic
  User: N/A
  User Name: N/A
  Computer: asus
  Description: 
Display driver nvlddmkm stopped responding and has successfully recovered.

Event[860]:
  Log Name: System
  Source: Display
  Date: 2017-05-24T20:03:32.229
  Event ID: 4101
  Task: N/A
  Level: Warning
  Opcode: Info
  Keyword: Classic
  User: N/A
  User Name: N/A
  Computer: asus
  Description: 
Display driver nvlddmkm stopped responding and has successfully recovered.

Event[861]:
  Log Name: System
  Source: Microsoft-Windows-DistributedCOM
  Date: 2017-05-24T20:37:49.437
  Event ID: 10016
  Task: N/A
  Level: Error
  Opcode: Info
  Keyword: Classic
  User: S-1-5-18
  User Name: NT AUTHORITY\SYSTEM
  Computer: asus
  Description: 
The application-specific permission settings do not grant Local Activation permission for the COM Server application with CLSID 
{D63B10C5-BB46-4990-A94F-E40B9D520160}
 and APPID 
{9CA88EE3-ACB7-47C8-AFC4-AB702511C276}
 to the user NT AUTHORITY\SYSTEM SID (S-1-5-18) from address LocalHost (Using LRPC) running in the application container Unavailable SID (Unavailable). This security permission can be modified using the Component Services administrative tool.

Event[862]:
  Log Name: System
  Source: Microsoft-Windows-DistributedCOM
  Date: 2017-05-24T20:38:40.610
  Event ID: 10016
  Task: N/A
  Level: Error
  Opcode: Info
  Keyword: Classic
  User: S-1-5-18
  User Name: NT AUTHORITY\SYSTEM
  Computer: asus
  Description: 
The application-specific permission settings do not grant Local Activation permission for the COM Server application with CLSID 
{D63B10C5-BB46-4990-A94F-E40B9D520160}
 and APPID 
{9CA88EE3-ACB7-47C8-AFC4-AB702511C276}
 to the user NT AUTHORITY\SYSTEM SID (S-1-5-18) from address LocalHost (Using LRPC) running in the application container Unavailable SID (Unavailable). This security permission can be modified using the Component Services administrative tool.

Event[863]:
  Log Name: System
  Source: Microsoft-Windows-Kernel-General
  Date: 2017-05-24T20:56:13.609
  Event ID: 1
  Task: N/A
  Level: Information
  Opcode: Info
  Keyword: Time
  User: S-1-5-19
  User Name: NT AUTHORITY\LOCAL SERVICE
  Computer: asus
  Description: 
The system time has changed to ?2017?-?05?-?24T18:56:13.622000000Z from ?2017?-?05?-?24T18:56:13.635154500Z.

Change Reason: An application or system component changed the time.

Event[864]:
  Log Name: System
  Source: BROWSER
  Date: 2017-05-24T20:56:16.088
  Event ID: 8033
  Task: N/A
  Level: Information
  Opcode: N/A
  Keyword: Classic
  User: N/A
  User Name: N/A
  Computer: asus
  Description: 
The browser has forced an election on network \Device\NetBT_Tcpip_{9BDEC3C0-593A-4153-9F03-5C10C29CCBFE} because a master browser was stopped.

Event[865]:
  Log Name: System
  Source: Microsoft-Windows-Kernel-Power
  Date: 2017-05-24T20:56:15.652
  Event ID: 42
  Task: N/A
  Level: Information
  Opcode: Info
  Keyword: N/A
  User: N/A
  User Name: N/A
  Computer: asus
  Description: 
The system is entering sleep.

Sleep Reason: Application API

Event[866]:
  Log Name: System
  Source: Microsoft-Windows-Kernel-Power
  Date: 2017-05-24T20:56:16.850
  Event ID: 107
  Task: N/A
  Level: Information
  Opcode: Info
  Keyword: N/A
  User: N/A
  User Name: N/A
  Computer: asus
  Description: 
The system has resumed from sleep.

Event[867]:
  Log Name: System
  Source: Microsoft-Windows-Kernel-General
  Date: 2017-05-25T09:13:51.500
  Event ID: 1
  Task: N/A
  Level: Information
  Opcode: Info
  Keyword: Time
  User: N/A
  User Name: N/A
  Computer: asus
  Description: 
The system time has changed to ?2017?-?05?-?25T07:13:51.500000000Z from ?2017?-?05?-?24T18:56:16.850199900Z.

Change Reason: System time synchronized with the hardware clock.

Event[868]:
  Log Name: System
  Source: Microsoft-Windows-Time-Service
  Date: 2017-05-25T09:13:52.229
  Event ID: 134
  Task: N/A
  Level: Warning
  Opcode: Info
  Keyword: N/A
  User: S-1-5-19
  User Name: NT AUTHORITY\LOCAL SERVICE
  Computer: asus
  Description: 
NtpClient was unable to set a manual peer to use as a time source because of DNS resolution error on 'time.windows.com,0x9'. NtpClient will try again in 15 minutes and double the reattempt interval thereafter. The error was: No such host is known. (0x80072AF9)

Event[869]:
  Log Name: System
  Source: Microsoft-Windows-Time-Service
  Date: 2017-05-25T09:13:56.841
  Event ID: 134
  Task: N/A
  Level: Warning
  Opcode: Info
  Keyword: N/A
  User: S-1-5-19
  User Name: NT AUTHORITY\LOCAL SERVICE
  Computer: asus
  Description: 
NtpClient was unable to set a manual peer to use as a time source because of DNS resolution error on 'time.windows.com,0x9'. NtpClient will try again in 15 minutes and double the reattempt interval thereafter. The error was: No such host is known. (0x80072AF9)

Event[870]:
  Log Name: System
  Source: Microsoft-Windows-DistributedCOM
  Date: 2017-05-25T09:13:59.982
  Event ID: 10016
  Task: N/A
  Level: Error
  Opcode: Info
  Keyword: Classic
  User: S-1-5-18
  User Name: NT AUTHORITY\SYSTEM
  Computer: asus
  Description: 
The application-specific permission settings do not grant Local Activation permission for the COM Server application with CLSID 
{D63B10C5-BB46-4990-A94F-E40B9D520160}
 and APPID 
{9CA88EE3-ACB7-47C8-AFC4-AB702511C276}
 to the user NT AUTHORITY\SYSTEM SID (S-1-5-18) from address LocalHost (Using LRPC) running in the application container Unavailable SID (Unavailable). This security permission can be modified using the Component Services administrative tool.

Event[871]:
  Log Name: System
  Source: Microsoft-Windows-Time-Service
  Date: 2017-05-25T09:14:01.709
  Event ID: 37
  Task: N/A
  Level: Information
  Opcode: Info
  Keyword: N/A
  User: S-1-5-19
  User Name: NT AUTHORITY\LOCAL SERVICE
  Computer: asus
  Description: 
The time provider NtpClient is currently receiving valid time data from time.windows.com,0x9 (ntp.m|0x9|0.0.0.0:123->51.141.32.51:123).

Event[872]:
  Log Name: System
  Source: Microsoft-Windows-Power-Troubleshooter
  Date: 2017-05-25T09:14:06.577
  Event ID: 1
  Task: N/A
  Level: Information
  Opcode: Info
  Keyword: N/A
  User: S-1-5-19
  User Name: NT AUTHORITY\LOCAL SERVICE
  Computer: asus
  Description: 
The system has returned from a low power state.

Sleep Time: ?2017?-?05?-?24T18:56:11.822688300Z
Wake Time: ?2017?-?05?-?25T07:13:52.225414700Z

Wake Source: Device -USB Root Hub

Event[873]:
  Log Name: System
  Source: Service Control Manager
  Date: 2017-05-25T09:14:10.513
  Event ID: 7040
  Task: N/A
  Level: Information
  Opcode: N/A
  Keyword: Classic
  User: S-1-5-18
  User Name: NT AUTHORITY\SYSTEM
  Computer: asus
  Description: 
The start type of the Background Intelligent Transfer Service service was changed from demand start to auto start.

Event[874]:
  Log Name: System
  Source: Service Control Manager
  Date: 2017-05-25T09:16:22.410
  Event ID: 7040
  Task: N/A
  Level: Information
  Opcode: N/A
  Keyword: Classic
  User: S-1-5-18
  User Name: NT AUTHORITY\SYSTEM
  Computer: asus
  Description: 
The start type of the Background Intelligent Transfer Service service was changed from auto start to demand start.

Event[875]:
  Log Name: System
  Source: Service Control Manager
  Date: 2017-05-25T10:21:13.125
  Event ID: 7040
  Task: N/A
  Level: Information
  Opcode: N/A
  Keyword: Classic
  User: S-1-5-18
  User Name: NT AUTHORITY\SYSTEM
  Computer: asus
  Description: 
The start type of the Background Intelligent Transfer Service service was changed from demand start to auto start.

Event[876]:
  Log Name: System
  Source: Service Control Manager
  Date: 2017-05-25T10:23:16.558
  Event ID: 7040
  Task: N/A
  Level: Information
  Opcode: N/A
  Keyword: Classic
  User: S-1-5-18
  User Name: NT AUTHORITY\SYSTEM
  Computer: asus
  Description: 
The start type of the Background Intelligent Transfer Service service was changed from auto start to demand start.

Event[877]:
  Log Name: System
  Source: BROWSER
  Date: 2017-05-25T10:34:43.679
  Event ID: 8033
  Task: N/A
  Level: Information
  Opcode: N/A
  Keyword: Classic
  User: N/A
  User Name: N/A
  Computer: asus
  Description: 
The browser has forced an election on network \Device\NetBT_Tcpip_{9BDEC3C0-593A-4153-9F03-5C10C29CCBFE} because a master browser was stopped.

Event[878]:
  Log Name: System
  Source: Microsoft-Windows-Kernel-General
  Date: 2017-05-25T10:34:43.049
  Event ID: 1
  Task: N/A
  Level: Information
  Opcode: Info
  Keyword: Time
  User: S-1-5-19
  User Name: NT AUTHORITY\LOCAL SERVICE
  Computer: asus
  Description: 
The system time has changed to ?2017?-?05?-?25T08:34:43.054000000Z from ?2017?-?05?-?25T08:34:43.058615700Z.

Change Reason: An application or system component changed the time.

Event[879]:
  Log Name: System
  Source: Microsoft-Windows-Kernel-Power
  Date: 2017-05-25T10:34:43.299
  Event ID: 42
  Task: N/A
  Level: Information
  Opcode: Info
  Keyword: N/A
  User: N/A
  User Name: N/A
  Computer: asus
  Description: 
The system is entering sleep.

Sleep Reason: Application API

Event[880]:
  Log Name: System
  Source: EventLog
  Date: 2017-05-25T12:16:25.895
  Event ID: 6013
  Task: N/A
  Level: Information
  Opcode: N/A
  Keyword: Classic
  User: N/A
  User Name: N/A
  Computer: asus
  Description: 
The system uptime is 850238 seconds.

Event[881]:
  Log Name: System
  Source: Microsoft-Windows-Kernel-Power
  Date: 2017-05-25T10:34:44.469
  Event ID: 107
  Task: N/A
  Level: Information
  Opcode: Info
  Keyword: N/A
  User: N/A
  User Name: N/A
  Computer: asus
  Description: 
The system has resumed from sleep.

Event[882]:
  Log Name: System
  Source: Microsoft-Windows-Kernel-General
  Date: 2017-05-25T12:16:25.500
  Event ID: 1
  Task: N/A
  Level: Information
  Opcode: Info
  Keyword: Time
  User: N/A
  User Name: N/A
  Computer: asus
  Description: 
The system time has changed to ?2017?-?05?-?25T10:16:25.500000000Z from ?2017?-?05?-?25T08:34:44.469377300Z.

Change Reason: System time synchronized with the hardware clock.

Event[883]:
  Log Name: System
  Source: Microsoft-Windows-DistributedCOM
  Date: 2017-05-25T12:16:36.723
  Event ID: 10016
  Task: N/A
  Level: Error
  Opcode: Info
  Keyword: Classic
  User: S-1-5-18
  User Name: NT AUTHORITY\SYSTEM
  Computer: asus
  Description: 
The application-specific permission settings do not grant Local Activation permission for the COM Server application with CLSID 
{D63B10C5-BB46-4990-A94F-E40B9D520160}
 and APPID 
{9CA88EE3-ACB7-47C8-AFC4-AB702511C276}
 to the user NT AUTHORITY\SYSTEM SID (S-1-5-18) from address LocalHost (Using LRPC) running in the application container Unavailable SID (Unavailable). This security permission can be modified using the Component Services administrative tool.

Event[884]:
  Log Name: System
  Source: Microsoft-Windows-Power-Troubleshooter
  Date: 2017-05-25T12:16:42.398
  Event ID: 1
  Task: N/A
  Level: Information
  Opcode: Info
  Keyword: N/A
  User: S-1-5-19
  User Name: NT AUTHORITY\LOCAL SERVICE
  Computer: asus
  Description: 
The system has returned from a low power state.

Sleep Time: ?2017?-?05?-?25T08:34:40.478775800Z
Wake Time: ?2017?-?05?-?25T10:16:26.201541000Z

Wake Source: Device -USB Root Hub

Event[885]:
  Log Name: System
  Source: Service Control Manager
  Date: 2017-05-25T12:44:00.636
  Event ID: 7045
  Task: N/A
  Level: Information
  Opcode: N/A
  Keyword: Classic
  User: S-1-5-21-2727687409-414627687-575682064-1001
  User Name: ASUS\dypcdiver
  Computer: asus
  Description: 
A service was installed in the system.

Service Name:  Mozilla Maintenance Service
Service File Name:  "C:\Program Files (x86)\Mozilla Maintenance Service\maintenanceservice.exe"
Service Type:  user mode service
Service Start Type:  demand start
Service Account:  LocalSystem

Event[886]:
  Log Name: System
  Source: BROWSER
  Date: 2017-05-25T13:55:22.742
  Event ID: 8033
  Task: N/A
  Level: Information
  Opcode: N/A
  Keyword: Classic
  User: N/A
  User Name: N/A
  Computer: asus
  Description: 
The browser has forced an election on network \Device\NetBT_Tcpip_{9BDEC3C0-593A-4153-9F03-5C10C29CCBFE} because a master browser was stopped.

Event[887]:
  Log Name: System
  Source: Microsoft-Windows-Kernel-Power
  Date: 2017-05-25T13:55:22.384
  Event ID: 42
  Task: N/A
  Level: Information
  Opcode: Info
  Keyword: N/A
  User: N/A
  User Name: N/A
  Computer: asus
  Description: 
The system is entering sleep.

Sleep Reason: Application API

Event[888]:
  Log Name: System
  Source: Microsoft-Windows-Kernel-Power
  Date: 2017-05-25T13:55:23.327
  Event ID: 107
  Task: N/A
  Level: Information
  Opcode: Info
  Keyword: N/A
  User: N/A
  User Name: N/A
  Computer: asus
  Description: 
The system has resumed from sleep.

Event[889]:
  Log Name: System
  Source: Microsoft-Windows-Kernel-General
  Date: 2017-05-26T09:58:27.500
  Event ID: 1
  Task: N/A
  Level: Information
  Opcode: Info
  Keyword: Time
  User: N/A
  User Name: N/A
  Computer: asus
  Description: 
The system time has changed to ?2017?-?05?-?26T07:58:27.500000000Z from ?2017?-?05?-?25T11:55:23.327906800Z.

Change Reason: System time synchronized with the hardware clock.

Event[890]:
  Log Name: System
  Source: Microsoft-Windows-Time-Service
  Date: 2017-05-26T09:58:31.214
  Event ID: 134
  Task: N/A
  Level: Warning
  Opcode: Info
  Keyword: N/A
  User: S-1-5-19
  User Name: NT AUTHORITY\LOCAL SERVICE
  Computer: asus
  Description: 
NtpClient was unable to set a manual peer to use as a time source because of DNS resolution error on 'time.windows.com,0x9'. NtpClient will try again in 15 minutes and double the reattempt interval thereafter. The error was: No such host is known. (0x80072AF9)

Event[891]:
  Log Name: System
  Source: Microsoft-Windows-Time-Service
  Date: 2017-05-26T09:58:32.716
  Event ID: 134
  Task: N/A
  Level: Warning
  Opcode: Info
  Keyword: N/A
  User: S-1-5-19
  User Name: NT AUTHORITY\LOCAL SERVICE
  Computer: asus
  Description: 
NtpClient was unable to set a manual peer to use as a time source because of DNS resolution error on 'time.windows.com,0x9'. NtpClient will try again in 15 minutes and double the reattempt interval thereafter. The error was: No such host is known. (0x80072AF9)

Event[892]:
  Log Name: System
  Source: Microsoft-Windows-Time-Service
  Date: 2017-05-26T09:58:36.309
  Event ID: 37
  Task: N/A
  Level: Information
  Opcode: Info
  Keyword: N/A
  User: S-1-5-19
  User Name: NT AUTHORITY\LOCAL SERVICE
  Computer: asus
  Description: 
The time provider NtpClient is currently receiving valid time data from time.windows.com,0x9 (ntp.m|0x9|0.0.0.0:123->51.141.32.51:123).

Event[893]:
  Log Name: System
  Source: Microsoft-Windows-Kernel-General
  Date: 2017-05-26T09:58:41.738
  Event ID: 16
  Task: N/A
  Level: Information
  Opcode: Info
  Keyword: N/A
  User: S-1-5-18
  User Name: NT AUTHORITY\SYSTEM
  Computer: asus
  Description: 
The access history in hive \Device\HarddiskVolume1\Boot\BCD was cleared updating 77 keys and creating 11 modified pages.

Event[894]:
  Log Name: System
  Source: Microsoft-Windows-Power-Troubleshooter
  Date: 2017-05-26T09:58:43.453
  Event ID: 1
  Task: N/A
  Level: Information
  Opcode: Info
  Keyword: N/A
  User: S-1-5-19
  User Name: NT AUTHORITY\LOCAL SERVICE
  Computer: asus
  Description: 
The system has returned from a low power state.

Sleep Time: ?2017?-?05?-?25T11:55:21.560199600Z
Wake Time: ?2017?-?05?-?26T07:58:28.248550800Z

Wake Source: Device -USB Root Hub

Event[895]:
  Log Name: System
  Source: Microsoft-Windows-Kernel-General
  Date: 2017-05-26T09:58:47.183
  Event ID: 16
  Task: N/A
  Level: Information
  Opcode: Info
  Keyword: N/A
  User: S-1-5-21-2727687409-414627687-575682064-1001
  User Name: ASUS\dypcdiver
  Computer: asus
  Description: 
The access history in hive \??\C:\Users\dypcdiver\AppData\Local\Packages\Microsoft.Windows.ContentDeliveryManager_cw5n1h2txyewy\Settings\settings.dat was cleared updating 224 keys and creating 32 modified pages.

Event[896]:
  Log Name: System
  Source: Microsoft-Windows-Kernel-General
  Date: 2017-05-26T09:58:49.042
  Event ID: 16
  Task: N/A
  Level: Information
  Opcode: Info
  Keyword: N/A
  User: S-1-5-21-2727687409-414627687-575682064-1001
  User Name: ASUS\dypcdiver
  Computer: asus
  Description: 
The access history in hive \??\C:\Users\dypcdiver\AppData\Local\Packages\microsoft.windowscommunicationsapps_8wekyb3d8bbwe\Settings\settings.dat was cleared updating 66 keys and creating 8 modified pages.

Event[897]:
  Log Name: System
  Source: Microsoft-Windows-DistributedCOM
  Date: 2017-05-26T09:59:28.413
  Event ID: 10016
  Task: N/A
  Level: Error
  Opcode: Info
  Keyword: Classic
  User: S-1-5-18
  User Name: NT AUTHORITY\SYSTEM
  Computer: asus
  Description: 
The application-specific permission settings do not grant Local Activation permission for the COM Server application with CLSID 
{D63B10C5-BB46-4990-A94F-E40B9D520160}
 and APPID 
{9CA88EE3-ACB7-47C8-AFC4-AB702511C276}
 to the user NT AUTHORITY\SYSTEM SID (S-1-5-18) from address LocalHost (Using LRPC) running in the application container Unavailable SID (Unavailable). This security permission can be modified using the Component Services administrative tool.

Event[898]:
  Log Name: System
  Source: Service Control Manager
  Date: 2017-05-26T10:01:29.561
  Event ID: 7040
  Task: N/A
  Level: Information
  Opcode: N/A
  Keyword: Classic
  User: S-1-5-18
  User Name: NT AUTHORITY\SYSTEM
  Computer: asus
  Description: 
The start type of the Background Intelligent Transfer Service service was changed from demand start to auto start.

Event[899]:
  Log Name: System
  Source: Service Control Manager
  Date: 2017-05-26T10:01:33.283
  Event ID: 7045
  Task: N/A
  Level: Information
  Opcode: N/A
  Keyword: Classic
  User: S-1-5-21-2727687409-414627687-575682064-1001
  User Name: ASUS\dypcdiver
  Computer: asus
  Description: 
A service was installed in the system.

Service Name:  WinRing0_1_2_0
Service File Name:  C:\Program Files (x86)\Hewlett-Packard\HP Support Framework\Resources\HPActiveHealth\ActiveHealth.sys
Service Type:  kernel mode driver
Service Start Type:  demand start
Service Account:  

Event[900]:
  Log Name: System
  Source: Microsoft-Windows-WindowsUpdateClient
  Date: 2017-05-26T10:01:48.374
  Event ID: 44
  Task: Windows Update Agent
  Level: Information
  Opcode: Download
  Keyword: Download,Started
  User: S-1-5-18
  User Name: NT AUTHORITY\SYSTEM
  Computer: asus
  Description: 
Windows Update started downloading an update.

Event[901]:
  Log Name: System
  Source: Microsoft-Windows-WindowsUpdateClient
  Date: 2017-05-26T10:01:48.374
  Event ID: 44
  Task: Windows Update Agent
  Level: Information
  Opcode: Download
  Keyword: Download,Started
  User: S-1-5-18
  User Name: NT AUTHORITY\SYSTEM
  Computer: asus
  Description: 
Windows Update started downloading an update.

Event[902]:
  Log Name: System
  Source: Microsoft-Windows-WindowsUpdateClient
  Date: 2017-05-26T10:01:48.374
  Event ID: 44
  Task: Windows Update Agent
  Level: Information
  Opcode: Download
  Keyword: Download,Started
  User: S-1-5-18
  User Name: NT AUTHORITY\SYSTEM
  Computer: asus
  Description: 
Windows Update started downloading an update.

Event[903]:
  Log Name: System
  Source: Microsoft-Windows-Kernel-General
  Date: 2017-05-26T10:03:00.702
  Event ID: 16
  Task: N/A
  Level: Information
  Opcode: Info
  Keyword: N/A
  User: S-1-5-18
  User Name: NT AUTHORITY\SYSTEM
  Computer: asus
  Description: 
The access history in hive \??\C:\ProgramData\Microsoft\Windows\AppRepository\Packages\Microsoft.XboxApp_29.29.24001.0_x64__8wekyb3d8bbwe\ActivationStore.dat was cleared updating 0 keys and creating 0 modified pages.

Event[904]:
  Log Name: System
  Source: Microsoft-Windows-Kernel-General
  Date: 2017-05-26T10:03:04.401
  Event ID: 16
  Task: N/A
  Level: Information
  Opcode: Info
  Keyword: N/A
  User: S-1-5-18
  User Name: NT AUTHORITY\SYSTEM
  Computer: asus
  Description: 
The access history in hive \??\C:\ProgramData\Microsoft\Windows\AppRepository\Packages\Microsoft.WindowsMaps_5.1705.1391.0_x64__8wekyb3d8bbwe\ActivationStore.dat was cleared updating 0 keys and creating 0 modified pages.

Event[905]:
  Log Name: System
  Source: Microsoft-Windows-Kernel-General
  Date: 2017-05-26T10:03:07.115
  Event ID: 16
  Task: N/A
  Level: Information
  Opcode: Info
  Keyword: N/A
  User: S-1-5-18
  User Name: NT AUTHORITY\SYSTEM
  Computer: asus
  Description: 
The access history in hive \??\C:\ProgramData\Microsoft\Windows\AppRepository\Packages\Microsoft.XboxApp_29.29.24001.0_x64__8wekyb3d8bbwe\ActivationStore.dat was cleared updating 0 keys and creating 0 modified pages.

Event[906]:
  Log Name: System
  Source: Microsoft-Windows-Kernel-General
  Date: 2017-05-26T10:03:10.259
  Event ID: 16
  Task: N/A
  Level: Information
  Opcode: Info
  Keyword: N/A
  User: S-1-5-21-2727687409-414627687-575682064-1001
  User Name: ASUS\dypcdiver
  Computer: asus
  Description: 
The access history in hive \??\C:\Users\dypcdiver\AppData\Local\Packages\Microsoft.XboxApp_8wekyb3d8bbwe\Settings\settings.dat was cleared updating 2 keys and creating 1 modified pages.

Event[907]:
