  Log Name: System
  Source: Microsoft-Windows-Wininit
  Date: 2017-06-04T13:42:57.708
  Event ID: 14
  Task: N/A
  Level: Information
  Opcode: Info
  Keyword: N/A
  User: S-1-5-18
  User Name: NT AUTHORITY\SYSTEM
  Computer: asus
  Description: 
Credential Guard (LsaIso.exe) configuration: 0x0, 0

Event[1265]:
  Log Name: System
  Source: Microsoft-Windows-Kernel-General
  Date: 2017-06-04T13:42:57.818
  Event ID: 16
  Task: N/A
  Level: Information
  Opcode: Info
  Keyword: N/A
  User: S-1-5-18
  User Name: NT AUTHORITY\SYSTEM
  Computer: asus
  Description: 
The access history in hive \SystemRoot\System32\Config\SECURITY was cleared updating 103 keys and creating 6 modified pages.

Event[1266]:
  Log Name: System
  Source: Microsoft-Windows-Directory-Services-SAM
  Date: 2017-06-04T13:42:58.655
  Event ID: 16962
  Task: N/A
  Level: Information
  Opcode: Info
  Keyword: N/A
  User: S-1-5-18
  User Name: NT AUTHORITY\SYSTEM
  Computer: asus
  Description: 
Remote calls to the SAM database are being restricted using the default security descriptor: O:SYG:SYD:(A;;RC;;;BA).
For more information please see http://go.microsoft.com/fwlink/?LinkId=787651.

Event[1267]:
  Log Name: System
  Source: Microsoft-Windows-Kernel-General
  Date: 2017-06-04T13:42:58.656
  Event ID: 16
  Task: N/A
  Level: Information
  Opcode: Info
  Keyword: N/A
  User: S-1-5-18
  User Name: NT AUTHORITY\SYSTEM
  Computer: asus
  Description: 
The access history in hive \SystemRoot\System32\Config\SAM was cleared updating 73 keys and creating 8 modified pages.

Event[1268]:
  Log Name: System
  Source: Microsoft-Windows-Kernel-General
  Date: 2017-06-04T13:42:58.987
  Event ID: 16
  Task: N/A
  Level: Information
  Opcode: Info
  Keyword: N/A
  User: S-1-5-18
  User Name: NT AUTHORITY\SYSTEM
  Computer: asus
  Description: 
The access history in hive \??\C:\WINDOWS\ServiceProfiles\NetworkService\NTUSER.DAT was cleared updating 651 keys and creating 34 modified pages.

Event[1269]:
  Log Name: System
  Source: Microsoft-Windows-Kernel-General
  Date: 2017-06-04T13:42:59.768
  Event ID: 16
  Task: N/A
  Level: Information
  Opcode: Info
  Keyword: N/A
  User: S-1-5-18
  User Name: NT AUTHORITY\SYSTEM
  Computer: asus
  Description: 
The access history in hive \??\C:\WINDOWS\ServiceProfiles\LocalService\NTUSER.DAT was cleared updating 620 keys and creating 35 modified pages.

Event[1270]:
  Log Name: System
  Source: Microsoft-Windows-Kernel-General
  Date: 2017-06-04T13:42:59.784
  Event ID: 16
  Task: N/A
  Level: Information
  Opcode: Info
  Keyword: N/A
  User: S-1-5-18
  User Name: NT AUTHORITY\SYSTEM
  Computer: asus
  Description: 
The access history in hive \SystemRoot\System32\Config\BBI was cleared updating 1346 keys and creating 251 modified pages.

Event[1271]:
  Log Name: System
  Source: Microsoft-Windows-FilterManager
  Date: 2017-06-04T13:42:59.960
  Event ID: 6
  Task: N/A
  Level: Information
  Opcode: Info
  Keyword: N/A
  User: S-1-5-18
  User Name: NT AUTHORITY\SYSTEM
  Computer: asus
  Description: 
File System Filter 'wcifs' (10.0, ?2088?-?07?-?29T05:04:59.000000000Z) has successfully loaded and registered with Filter Manager.

Event[1272]:
  Log Name: System
  Source: Microsoft-Windows-Kernel-General
  Date: 2017-06-04T13:43:00.720
  Event ID: 16
  Task: N/A
  Level: Information
  Opcode: Info
  Keyword: N/A
  User: S-1-5-18
  User Name: NT AUTHORITY\SYSTEM
  Computer: asus
  Description: 
The access history in hive \SystemRoot\System32\Config\bbimigrate\BBI was cleared updating 180 keys and creating 39 modified pages.

Event[1273]:
  Log Name: System
  Source: Microsoft-Windows-FilterManager
  Date: 2017-06-04T13:43:00.740
  Event ID: 6
  Task: N/A
  Level: Information
  Opcode: Info
  Keyword: N/A
  User: S-1-5-18
  User Name: NT AUTHORITY\SYSTEM
  Computer: asus
  Description: 
File System Filter 'luafv' (10.0, ?2037?-?06?-?08T11:55:59.000000000Z) has successfully loaded and registered with Filter Manager.

Event[1274]:
  Log Name: System
  Source: Service Control Manager
  Date: 2017-06-04T13:43:00.748
  Event ID: 7000
  Task: N/A
  Level: Error
  Opcode: N/A
  Keyword: Classic
  User: N/A
  User Name: N/A
  Computer: asus
  Description: 
The CldFlt service failed to start due to the following error: 
The request is not supported.

Event[1275]:
  Log Name: System
  Source: Microsoft-Windows-FilterManager
  Date: 2017-06-04T13:43:00.950
  Event ID: 6
  Task: N/A
  Level: Information
  Opcode: Info
  Keyword: N/A
  User: S-1-5-18
  User Name: NT AUTHORITY\SYSTEM
  Computer: asus
  Description: 
File System Filter 'storqosflt' (10.0, ?2015?-?12?-?18T05:36:27.000000000Z) has successfully loaded and registered with Filter Manager.

Event[1276]:
  Log Name: System
  Source: Microsoft-Windows-FilterManager
  Date: 2017-06-04T13:43:01.051
  Event ID: 6
  Task: N/A
  Level: Information
  Opcode: Info
  Keyword: N/A
  User: S-1-5-18
  User Name: NT AUTHORITY\SYSTEM
  Computer: asus
  Description: 
File System Filter 'avgntflt' (6.3, ?2016?-?12?-?16T17:52:04.000000000Z) has successfully loaded and registered with Filter Manager.

Event[1277]:
  Log Name: System
  Source: avgntflt
  Date: 2017-06-04T13:43:01.045
  Event ID: 17
  Task: N/A
  Level: Information
  Opcode: N/A
  Keyword: Classic
  User: N/A
  User Name: N/A
  Computer: asus
  Description: 
avgntflt.sys successfully loaded

Event[1278]:
  Log Name: System
  Source: Microsoft-Windows-DriverFrameworks-UserMode
  Date: 2017-06-04T13:43:01.086
  Event ID: 10114
  Task: Startup of the UMDF reflector
  Level: Information
  Opcode: Info
  Keyword: N/A
  User: S-1-5-18
  User Name: NT AUTHORITY\SYSTEM
  Computer: asus
  Description: 
WUDFPf (part of UMDF) did not load yet. After it does, Windows will start the device again.

Event[1279]:
  Log Name: System
  Source: Microsoft-Windows-Kernel-PnP
  Date: 2017-06-04T13:43:01.086
  Event ID: 219
  Task: N/A
  Level: Warning
  Opcode: Info
  Keyword: N/A
  User: S-1-5-18
  User Name: NT AUTHORITY\SYSTEM
  Computer: asus
  Description: 
The driver \Driver\WudfRd failed to load for the device SWD\WPDBUSENUM\_??_USBSTOR#Disk&Ven_Generic&Prod_STORAGE_DEVICE&Rev_9744#000000009744&2#{53f56307-b6bf-11d0-94f2-00a0c91efb8b}.

Event[1280]:
  Log Name: System
  Source: Microsoft-Windows-DriverFrameworks-UserMode
  Date: 2017-06-04T13:43:01.176
  Event ID: 10114
  Task: Startup of the UMDF reflector
  Level: Information
  Opcode: Info
  Keyword: N/A
  User: S-1-5-18
  User Name: NT AUTHORITY\SYSTEM
  Computer: asus
  Description: 
WUDFSvc (part of UMDF) did not load yet. After it does, Windows will start the device again.

Event[1281]:
  Log Name: System
  Source: Microsoft-Windows-Kernel-PnP
  Date: 2017-06-04T13:43:01.176
  Event ID: 219
  Task: N/A
  Level: Warning
  Opcode: Info
  Keyword: N/A
  User: S-1-5-18
  User Name: NT AUTHORITY\SYSTEM
  Computer: asus
  Description: 
The driver \Driver\WudfRd failed to load for the device SWD\WPDBUSENUM\_??_USBSTOR#Disk&Ven_Generic&Prod_STORAGE_DEVICE&Rev_9744#000000009744&0#{53f56307-b6bf-11d0-94f2-00a0c91efb8b}.

Event[1282]:
  Log Name: System
  Source: Microsoft-Windows-DriverFrameworks-UserMode
  Date: 2017-06-04T13:43:01.178
  Event ID: 10114
  Task: Startup of the UMDF reflector
  Level: Information
  Opcode: Info
  Keyword: N/A
  User: S-1-5-18
  User Name: NT AUTHORITY\SYSTEM
  Computer: asus
  Description: 
WUDFSvc (part of UMDF) did not load yet. After it does, Windows will start the device again.

Event[1283]:
  Log Name: System
  Source: Microsoft-Windows-Kernel-PnP
  Date: 2017-06-04T13:43:01.178
  Event ID: 219
  Task: N/A
  Level: Warning
  Opcode: Info
  Keyword: N/A
  User: S-1-5-18
  User Name: NT AUTHORITY\SYSTEM
  Computer: asus
  Description: 
The driver \Driver\WudfRd failed to load for the device SWD\WPDBUSENUM\_??_USBSTOR#Disk&Ven_Generic&Prod_STORAGE_DEVICE&Rev_9744#000000009744&3#{53f56307-b6bf-11d0-94f2-00a0c91efb8b}.

Event[1284]:
  Log Name: System
  Source: Microsoft-Windows-DriverFrameworks-UserMode
  Date: 2017-06-04T13:43:01.179
  Event ID: 10114
  Task: Startup of the UMDF reflector
  Level: Information
  Opcode: Info
  Keyword: N/A
  User: S-1-5-18
  User Name: NT AUTHORITY\SYSTEM
  Computer: asus
  Description: 
WUDFSvc (part of UMDF) did not load yet. After it does, Windows will start the device again.

Event[1285]:
  Log Name: System
  Source: Microsoft-Windows-Kernel-PnP
  Date: 2017-06-04T13:43:01.179
  Event ID: 219
  Task: N/A
  Level: Warning
  Opcode: Info
  Keyword: N/A
  User: S-1-5-18
  User Name: NT AUTHORITY\SYSTEM
  Computer: asus
  Description: 
The driver \Driver\WudfRd failed to load for the device SWD\WPDBUSENUM\_??_USBSTOR#Disk&Ven_Generic&Prod_STORAGE_DEVICE&Rev_9744#000000009744&1#{53f56307-b6bf-11d0-94f2-00a0c91efb8b}.

Event[1286]:
  Log Name: System
  Source: Microsoft-Windows-DriverFrameworks-UserMode
  Date: 2017-06-04T13:43:01.180
  Event ID: 10114
  Task: Startup of the UMDF reflector
  Level: Information
  Opcode: Info
  Keyword: N/A
  User: S-1-5-18
  User Name: NT AUTHORITY\SYSTEM
  Computer: asus
  Description: 
WUDFSvc (part of UMDF) did not load yet. After it does, Windows will start the device again.

Event[1287]:
  Log Name: System
  Source: Microsoft-Windows-Kernel-PnP
  Date: 2017-06-04T13:43:01.181
  Event ID: 219
  Task: N/A
  Level: Warning
  Opcode: Info
  Keyword: N/A
  User: S-1-5-18
  User Name: NT AUTHORITY\SYSTEM
  Computer: asus
  Description: 
The driver \Driver\WudfRd failed to load for the device SWD\WPDBUSENUM\_??_USBSTOR#Disk&Ven_Generic&Prod_STORAGE_DEVICE&Rev_9744#000000009744&4#{53f56307-b6bf-11d0-94f2-00a0c91efb8b}.

Event[1288]:
  Log Name: System
  Source: Microsoft-Windows-Dhcp-Client
  Date: 2017-06-04T13:43:02.590
  Event ID: 50036
  Task: Service State Event
  Level: Information
  Opcode: ServiceStart
  Keyword: N/A
  User: S-1-5-19
  User Name: NT AUTHORITY\LOCAL SERVICE
  Computer: asus
  Description: 
DHCPv4 client service is started

Event[1289]:
  Log Name: System
  Source: Microsoft-Windows-Dhcp-Client
  Date: 2017-06-04T13:43:02.627
  Event ID: 50103
  Task: Service State Event
  Level: Information
  Opcode: ServiceShutdown
  Keyword: N/A
  User: S-1-5-19
  User Name: NT AUTHORITY\LOCAL SERVICE
  Computer: asus
  Description: 
DHCPv4 client registered for shutdown notification

Event[1290]:
  Log Name: System
  Source: Microsoft-Windows-DHCPv6-Client
  Date: 2017-06-04T13:43:02.931
  Event ID: 51046
  Task: Service State Event
  Level: Information
  Opcode: ServiceStart
  Keyword: N/A
  User: S-1-5-19
  User Name: NT AUTHORITY\LOCAL SERVICE
  Computer: asus
  Description: 
DHCPv6 client service is started

Event[1291]:
  Log Name: System
  Source: Microsoft-Windows-WMPNSS-Service
  Date: 2017-06-04T13:43:32.027
  Event ID: 14204
  Task: N/A
  Level: Information
  Opcode: N/A
  Keyword: Classic
  User: N/A
  User Name: N/A
  Computer: asus
  Description: 
Service 'WMPNetworkSvc' started.

Event[1292]:
  Log Name: System
  Source: Microsoft-Windows-Kernel-General
  Date: 2017-06-04T13:43:37.323
  Event ID: 16
  Task: N/A
  Level: Information
  Opcode: Info
  Keyword: N/A
  User: S-1-5-18
  User Name: NT AUTHORITY\SYSTEM
  Computer: asus
  Description: 
The access history in hive \??\C:\WINDOWS\AppCompat\Programs\Amcache.hve was cleared updating 3794 keys and creating 806 modified pages.

Event[1293]:
  Log Name: System
  Source: Microsoft-Windows-WMPNSS-Service
  Date: 2017-06-04T13:43:48.625
  Event ID: 14206
  Task: N/A
  Level: Information
  Opcode: N/A
  Keyword: Classic
  User: N/A
  User Name: N/A
  Computer: asus
  Description: 
Media server 'ASUS: dypcdiver:' was successfully initialised and is sharing media with network media devices.

Event[1294]:
  Log Name: System
  Source: Service Control Manager
  Date: 2017-06-04T13:44:06.437
  Event ID: 7026
  Task: N/A
  Level: Information
  Opcode: N/A
  Keyword: Classic
  User: N/A
  User Name: N/A
  Computer: asus
  Description: 
The following boot-start or system-start driver(s) did not load: 
dam
EhStorClass

Event[1295]:
  Log Name: System
  Source: Microsoft-Windows-Kernel-General
  Date: 2017-06-04T13:44:09.422
  Event ID: 16
  Task: N/A
  Level: Information
  Opcode: Info
  Keyword: N/A
  User: S-1-5-18
  User Name: NT AUTHORITY\SYSTEM
  Computer: asus
  Description: 
The access history in hive \??\C:\Users\defaultuser0\NTUSER.DAT was cleared updating 826 keys and creating 58 modified pages.

Event[1296]:
  Log Name: System
  Source: Microsoft-Windows-Kernel-General
  Date: 2017-06-04T13:44:09.600
  Event ID: 16
  Task: N/A
  Level: Information
  Opcode: Info
  Keyword: N/A
  User: S-1-5-18
  User Name: NT AUTHORITY\SYSTEM
  Computer: asus
  Description: 
The access history in hive \??\C:\Users\dypcdiver\NTUSER.DAT was cleared updating 6167 keys and creating 455 modified pages.

Event[1297]:
  Log Name: System
  Source: Microsoft-Windows-Kernel-General
  Date: 2017-06-04T13:44:09.746
  Event ID: 16
  Task: N/A
  Level: Information
  Opcode: Info
  Keyword: N/A
  User: S-1-5-18
  User Name: NT AUTHORITY\SYSTEM
  Computer: asus
  Description: 
The access history in hive \??\C:\Users\Default\NTUSER.DAT was cleared updating 628 keys and creating 41 modified pages.

Event[1298]:
  Log Name: System
  Source: Microsoft-Windows-GroupPolicy
  Date: 2017-06-04T13:44:19.564
  Event ID: 1502
  Task: N/A
  Level: Information
  Opcode: Start
  Keyword: N/A
  User: S-1-5-18
  User Name: NT AUTHORITY\SYSTEM
  Computer: asus
  Description: 
The Group Policy settings for the computer were processed successfully. New settings from 1 Group Policy objects were detected and applied.

Event[1299]:
  Log Name: System
  Source: Lfsvc
  Date: 2017-06-04T13:44:27.047
  Event ID: 2
  Task: N/A
  Level: Information
  Opcode: Info
  Keyword: Classic
  User: N/A
  User Name: N/A
  Computer: asus
  Description: 
Geolocation positioning has been disabled by the user.

Event[1300]:
  Log Name: System
  Source: Microsoft-Windows-WindowsUpdateClient
  Date: 2017-06-04T13:44:35.590
  Event ID: 19
  Task: Windows Update Agent
  Level: Information
  Opcode: Installation
  Keyword: Installation,Success
  User: S-1-5-18
  User Name: NT AUTHORITY\SYSTEM
  Computer: asus
  Description: 
Installation Successful: Windows successfully installed the following update: 2017-05 Cumulative Update for Windows 10 Version 1703 for x64-based Systems (KB4020102)

Event[1301]:
  Log Name: System
  Source: BROWSER
  Date: 2017-06-04T14:13:36.350
  Event ID: 8033
  Task: N/A
  Level: Information
  Opcode: N/A
  Keyword: Classic
  User: N/A
  User Name: N/A
  Computer: asus
  Description: 
The browser has forced an election on network \Device\NetBT_Tcpip_{9BDEC3C0-593A-4153-9F03-5C10C29CCBFE} because a master browser was stopped.

Event[1302]:
  Log Name: System
  Source: Microsoft-Windows-Kernel-Power
  Date: 2017-06-04T14:13:36.148
  Event ID: 42
  Task: N/A
  Level: Information
  Opcode: Info
  Keyword: N/A
  User: N/A
  User Name: N/A
  Computer: asus
  Description: 
The system is entering sleep.

Sleep Reason: System Idle

Event[1303]:
  Log Name: System
  Source: Microsoft-Windows-Kernel-Power
  Date: 2017-06-04T14:13:36.712
  Event ID: 107
  Task: N/A
  Level: Information
  Opcode: Info
  Keyword: N/A
  User: N/A
  User Name: N/A
  Computer: asus
  Description: 
The system has resumed from sleep.

Event[1304]:
  Log Name: System
  Source: Microsoft-Windows-Kernel-General
  Date: 2017-06-04T17:22:08.500
  Event ID: 1
  Task: N/A
  Level: Information
  Opcode: Info
  Keyword: Time
  User: N/A
  User Name: N/A
  Computer: asus
  Description: 
The system time has changed to ?2017?-?06?-?04T15:22:08.500000000Z from ?2017?-?06?-?04T12:13:36.712627700Z.

Change Reason: System time synchronized with the hardware clock.

Event[1305]:
  Log Name: System
  Source: Microsoft-Windows-Power-Troubleshooter
  Date: 2017-06-04T17:22:22.560
  Event ID: 1
  Task: N/A
  Level: Information
  Opcode: Info
  Keyword: N/A
  User: S-1-5-19
  User Name: NT AUTHORITY\LOCAL SERVICE
  Computer: asus
  Description: 
The system has returned from a low power state.

Sleep Time: ?2017?-?06?-?04T12:13:30.612175600Z
Wake Time: ?2017?-?06?-?04T15:22:09.149485400Z

Wake Source: Timer - svchost.exe

Event[1306]:
  Log Name: System
  Source: BROWSER
  Date: 2017-06-04T17:24:33.189
  Event ID: 8033
  Task: N/A
  Level: Information
  Opcode: N/A
  Keyword: Classic
  User: N/A
  User Name: N/A
  Computer: asus
  Description: 
The browser has forced an election on network \Device\NetBT_Tcpip_{9BDEC3C0-593A-4153-9F03-5C10C29CCBFE} because a master browser was stopped.

Event[1307]:
  Log Name: System
  Source: Microsoft-Windows-Kernel-Power
  Date: 2017-06-04T17:24:33.049
  Event ID: 42
  Task: N/A
  Level: Information
  Opcode: Info
  Keyword: N/A
  User: N/A
  User Name: N/A
  Computer: asus
  Description: 
The system is entering sleep.

Sleep Reason: System Idle

Event[1308]:
  Log Name: System
  Source: Microsoft-Windows-Kernel-Power
  Date: 2017-06-04T17:24:33.447
  Event ID: 107
  Task: N/A
  Level: Information
  Opcode: Info
  Keyword: N/A
  User: N/A
  User Name: N/A
  Computer: asus
  Description: 
The system has resumed from sleep.

Event[1309]:
  Log Name: System
  Source: Microsoft-Windows-Kernel-General
  Date: 2017-06-04T19:27:50.500
  Event ID: 1
  Task: N/A
  Level: Information
  Opcode: Info
  Keyword: Time
  User: N/A
  User Name: N/A
  Computer: asus
  Description: 
The system time has changed to ?2017?-?06?-?04T17:27:50.500000000Z from ?2017?-?06?-?04T15:24:33.447046600Z.

Change Reason: System time synchronized with the hardware clock.

Event[1310]:
  Log Name: System
  Source: Microsoft-Windows-Winlogon
  Date: 2017-06-04T19:28:04.176
  Event ID: 7001
  Task: N/A
  Level: Information
  Opcode: Info
  Keyword: N/A
  User: S-1-5-18
  User Name: NT AUTHORITY\SYSTEM
  Computer: asus
  Description: 
User Log-on Notification for Customer Experience Improvement Program

Event[1311]:
  Log Name: System
  Source: Microsoft-Windows-Kernel-General
  Date: 2017-06-04T19:28:04.830
  Event ID: 16
  Task: N/A
  Level: Information
  Opcode: Info
  Keyword: N/A
  User: S-1-5-18
  User Name: NT AUTHORITY\SYSTEM
  Computer: asus
  Description: 
The access history in hive \??\C:\Users\dypcdiver\AppData\Local\Microsoft\Windows\UsrClass.dat was cleared updating 8340 keys and creating 835 modified pages.

Event[1312]:
  Log Name: System
  Source: Microsoft-Windows-Power-Troubleshooter
  Date: 2017-06-04T19:28:04.916
  Event ID: 1
  Task: N/A
  Level: Information
  Opcode: Info
  Keyword: N/A
  User: S-1-5-19
  User Name: NT AUTHORITY\LOCAL SERVICE
  Computer: asus
  Description: 
The system has returned from a low power state.

Sleep Time: ?2017?-?06?-?04T15:24:32.399723900Z
Wake Time: ?2017?-?06?-?04T17:27:51.151579500Z

Wake Source: Device -USB Root Hub

Event[1313]:
  Log Name: System
  Source: Microsoft-Windows-WMPNSS-Service
  Date: 2017-06-04T19:28:11.479
  Event ID: 14210
  Task: N/A
  Level: Information
  Opcode: N/A
  Keyword: Classic
  User: N/A
  User Name: N/A
  Computer: asus
  Description: 
The monitored folders on media server 'dypcdiver' changed.  Windows Media Player is updating security permissions for any included folders to enable media sharing.

Event[1314]:
  Log Name: System
  Source: Microsoft-Windows-Kernel-General
  Date: 2017-06-04T19:28:11.661
  Event ID: 16
  Task: N/A
  Level: Information
  Opcode: Info
  Keyword: N/A
  User: S-1-5-18
  User Name: NT AUTHORITY\SYSTEM
  Computer: asus
  Description: 
The access history in hive \??\C:\ProgramData\Microsoft\Windows\AppRepository\Packages\Microsoft.Windows.ShellExperienceHost_10.0.15063.332_neutral_neutral_cw5n1h2txyewy\ActivationStore.dat was cleared updating 0 keys and creating 0 modified pages.

Event[1315]:
  Log Name: System
  Source: Microsoft-Windows-Kernel-General
  Date: 2017-06-04T19:28:12.281
  Event ID: 16
  Task: N/A
  Level: Information
  Opcode: Info
  Keyword: N/A
  User: S-1-5-21-2727687409-414627687-575682064-1001
  User Name: ASUS\dypcdiver
  Computer: asus
  Description: 
The access history in hive \??\C:\Users\dypcdiver\AppData\Local\Packages\Microsoft.Windows.ShellExperienceHost_cw5n1h2txyewy\Settings\settings.dat was cleared updating 4 keys and creating 1 modified pages.

Event[1316]:
  Log Name: System
  Source: Microsoft-Windows-Kernel-General
  Date: 2017-06-04T19:28:19.063
  Event ID: 16
  Task: N/A
  Level: Information
  Opcode: Info
  Keyword: N/A
  User: S-1-5-21-2727687409-414627687-575682064-1001
  User Name: ASUS\dypcdiver
  Computer: asus
  Description: 
The access history in hive \??\C:\Users\dypcdiver\AppData\Local\Packages\Microsoft.Windows.Cortana_cw5n1h2txyewy\Settings\settings.dat was cleared updating 38 keys and creating 10 modified pages.

Event[1317]:
  Log Name: System
  Source: Microsoft-Windows-WMPNSS-Service
  Date: 2017-06-04T19:28:38.042
  Event ID: 14210
  Task: N/A
  Level: Information
  Opcode: N/A
  Keyword: Classic
  User: N/A
  User Name: N/A
  Computer: asus
  Description: 
The monitored folders on media server 'dypcdiver' changed.  Windows Media Player is updating security permissions for any included folders to enable media sharing.

Event[1318]:
  Log Name: System
  Source: Microsoft-Windows-Kernel-General
  Date: 2017-06-04T19:28:46.185
  Event ID: 16
  Task: N/A
  Level: Information
  Opcode: Info
  Keyword: N/A
  User: S-1-5-21-2727687409-414627687-575682064-1001
  User Name: ASUS\dypcdiver
  Computer: asus
  Description: 
The access history in hive \??\C:\Users\dypcdiver\AppData\Local\Packages\Microsoft.SkypeApp_kzf8qxf38zg5c\Settings\settings.dat was cleared updating 3 keys and creating 1 modified pages.

Event[1319]:
  Log Name: System
  Source: Microsoft-Windows-WMPNSS-Service
  Date: 2017-06-04T19:28:54.464
  Event ID: 14210
  Task: N/A
  Level: Information
  Opcode: N/A
  Keyword: Classic
  User: N/A
  User Name: N/A
  Computer: asus
  Description: 
The monitored folders on media server 'dypcdiver' changed.  Windows Media Player is updating security permissions for any included folders to enable media sharing.

Event[1320]:
  Log Name: System
  Source: Microsoft-Windows-Kernel-General
  Date: 2017-06-04T19:29:20.349
  Event ID: 16
  Task: N/A
  Level: Information
  Opcode: Info
  Keyword: N/A
  User: S-1-5-21-2727687409-414627687-575682064-1001
  User Name: ASUS\dypcdiver
  Computer: asus
  Description: 
The access history in hive \??\C:\Users\dypcdiver\AppData\Local\Packages\9E2F88E3.Twitter_wgeqdkkx372wm\Settings\settings.dat was cleared updating 3 keys and creating 1 modified pages.

Event[1321]:
  Log Name: System
  Source: BROWSER
  Date: 2017-06-04T19:49:01.637
  Event ID: 8033
  Task: N/A
  Level: Information
  Opcode: N/A
  Keyword: Classic
  User: N/A
  User Name: N/A
  Computer: asus
  Description: 
The browser has forced an election on network \Device\NetBT_Tcpip_{9BDEC3C0-593A-4153-9F03-5C10C29CCBFE} because a master browser was stopped.

Event[1322]:
  Log Name: System
  Source: Microsoft-Windows-Kernel-Power
  Date: 2017-06-04T19:49:01.237
  Event ID: 42
  Task: N/A
  Level: Information
  Opcode: Info
  Keyword: N/A
  User: N/A
  User Name: N/A
  Computer: asus
  Description: 
The system is entering sleep.

Sleep Reason: Application API

Event[1323]:
  Log Name: System
  Source: Microsoft-Windows-Kernel-Power
  Date: 2017-06-04T19:49:02.001
  Event ID: 107
  Task: N/A
  Level: Information
  Opcode: Info
  Keyword: N/A
  User: N/A
  User Name: N/A
  Computer: asus
  Description: 
The system has resumed from sleep.

Event[1324]:
  Log Name: System
  Source: Microsoft-Windows-Kernel-General
  Date: 2017-06-05T07:50:03.500
  Event ID: 1
  Task: N/A
  Level: Information
  Opcode: Info
  Keyword: Time
  User: N/A
  User Name: N/A
  Computer: asus
  Description: 
The system time has changed to ?2017?-?06?-?05T05:50:03.500000000Z from ?2017?-?06?-?04T17:49:02.001137600Z.

Change Reason: System time synchronized with the hardware clock.

Event[1325]:
  Log Name: System
  Source: Microsoft-Windows-DistributedCOM
  Date: 2017-06-05T07:50:16.945
  Event ID: 10016
  Task: N/A
  Level: Error
  Opcode: Info
  Keyword: Classic
  User: S-1-5-18
  User Name: NT AUTHORITY\SYSTEM
  Computer: asus
  Description: 
The application-specific permission settings do not grant Local Activation permission for the COM Server application with CLSID 
{D63B10C5-BB46-4990-A94F-E40B9D520160}
 and APPID 
{9CA88EE3-ACB7-47C8-AFC4-AB702511C276}
 to the user NT AUTHORITY\SYSTEM SID (S-1-5-18) from address LocalHost (Using LRPC) running in the application container Unavailable SID (Unavailable). This security permission can be modified using the Component Services administrative tool.

Event[1326]:
  Log Name: System
  Source: Microsoft-Windows-DNS-Client
  Date: 2017-06-05T07:50:21.836
  Event ID: 1014
  Task: N/A
  Level: Warning
  Opcode: Info
  Keyword: N/A
  User: S-1-5-20
  User Name: NT AUTHORITY\NETWORK SERVICE
  Computer: asus
  Description: 
Name resolution for the name win10.ipv6.microsoft.com. timed out after none of the configured DNS servers responded.

Event[1327]:
  Log Name: System
  Source: Service Control Manager
  Date: 2017-06-05T07:53:11.080
  Event ID: 7045
  Task: N/A
  Level: Information
  Opcode: N/A
  Keyword: Classic
  User: S-1-5-21-2727687409-414627687-575682064-1001
  User Name: ASUS\dypcdiver
  Computer: asus
  Description: 
A service was installed in the system.

Service Name:  WinRing0_1_2_0
Service File Name:  C:\Program Files (x86)\Hewlett-Packard\HP Support Framework\Resources\HPActiveHealth\ActiveHealth.sys
Service Type:  kernel mode driver
Service Start Type:  demand start
Service Account:  

Event[1328]:
  Log Name: System
  Source: BROWSER
  Date: 2017-06-05T08:57:30.755
  Event ID: 8033
  Task: N/A
  Level: Information
  Opcode: N/A
  Keyword: Classic
  User: N/A
  User Name: N/A
  Computer: asus
  Description: 
The browser has forced an election on network \Device\NetBT_Tcpip_{9BDEC3C0-593A-4153-9F03-5C10C29CCBFE} because a master browser was stopped.

Event[1329]:
  Log Name: System
  Source: Microsoft-Windows-Time-Service
  Date: 2017-06-05T08:57:29.805
  Event ID: 158
  Task: N/A
  Level: Information
  Opcode: Info
  Keyword: N/A
  User: S-1-5-19
  User Name: NT AUTHORITY\LOCAL SERVICE
  Computer: asus
  Description: 
The time provider 'VMICTimeProvider' has indicated that the current hardware and operating environment is not supported and has stopped. This behavior is expected for VMICTimeProvider on non-HyperV-guest environments. This may be the expected behavior for the current provider in the current operating environment as well.

Event[1330]:
  Log Name: System
  Source: Microsoft-Windows-Kernel-Power
  Date: 2017-06-05T08:57:30.446
  Event ID: 42
  Task: N/A
  Level: Information
  Opcode: Info
  Keyword: N/A
  User: N/A
  User Name: N/A
  Computer: asus
  Description: 
The system is entering sleep.

Sleep Reason: Application API

Event[1331]:
  Log Name: System
  Source: Microsoft-Windows-Kernel-Power
  Date: 2017-06-05T08:57:31.262
  Event ID: 107
  Task: N/A
  Level: Information
  Opcode: Info
  Keyword: N/A
  User: N/A
  User Name: N/A
  Computer: asus
  Description: 
The system has resumed from sleep.

Event[1332]:
  Log Name: System
  Source: Microsoft-Windows-Kernel-General
  Date: 2017-06-05T09:14:03.500
  Event ID: 1
  Task: N/A
  Level: Information
  Opcode: Info
  Keyword: Time
  User: N/A
  User Name: N/A
  Computer: asus
  Description: 
The system time has changed to ?2017?-?06?-?05T07:14:03.500000000Z from ?2017?-?06?-?05T06:57:31.262967200Z.

Change Reason: System time synchronized with the hardware clock.

Event[1333]:
  Log Name: System
  Source: Microsoft-Windows-Time-Service
  Date: 2017-06-05T09:14:04.152
  Event ID: 134
  Task: N/A
  Level: Warning
  Opcode: Info
  Keyword: N/A
  User: S-1-5-19
  User Name: NT AUTHORITY\LOCAL SERVICE
  Computer: asus
  Description: 
NtpClient was unable to set a manual peer to use as a time source because of DNS resolution error on 'time.windows.com,0x9'. NtpClient will try again in 15 minutes and double the reattempt interval thereafter. The error was: No such host is known. (0x80072AF9)

Event[1334]:
  Log Name: System
  Source: Microsoft-Windows-Time-Service
  Date: 2017-06-05T09:14:04.159
  Event ID: 158
  Task: N/A
  Level: Information
  Opcode: Info
  Keyword: N/A
  User: S-1-5-19
  User Name: NT AUTHORITY\LOCAL SERVICE
  Computer: asus
  Description: 
The time provider 'VMICTimeProvider' has indicated that the current hardware and operating environment is not supported and has stopped. This behavior is expected for VMICTimeProvider on non-HyperV-guest environments. This may be the expected behavior for the current provider in the current operating environment as well.

Event[1335]:
  Log Name: System
  Source: Microsoft-Windows-Time-Service
  Date: 2017-06-05T09:14:08.544
  Event ID: 37
  Task: N/A
  Level: Information
  Opcode: Info
  Keyword: N/A
  User: S-1-5-19
  User Name: NT AUTHORITY\LOCAL SERVICE
  Computer: asus
  Description: 
The time provider NtpClient is currently receiving valid time data from time.windows.com,0x9 (ntp.m|0x9|0.0.0.0:123->51.141.32.51:123).

Event[1336]:
  Log Name: System
  Source: Microsoft-Windows-DistributedCOM
  Date: 2017-06-05T09:14:12.155
  Event ID: 10016
  Task: N/A
  Level: Error
  Opcode: Info
  Keyword: Classic
  User: S-1-5-18
  User Name: NT AUTHORITY\SYSTEM
  Computer: asus
  Description: 
The application-specific permission settings do not grant Local Activation permission for the COM Server application with CLSID 
{D63B10C5-BB46-4990-A94F-E40B9D520160}
 and APPID 
{9CA88EE3-ACB7-47C8-AFC4-AB702511C276}
 to the user NT AUTHORITY\SYSTEM SID (S-1-5-18) from address LocalHost (Using LRPC) running in the application container Unavailable SID (Unavailable). This security permission can be modified using the Component Services administrative tool.

Event[1337]:
  Log Name: System
  Source: Microsoft-Windows-Power-Troubleshooter
  Date: 2017-06-05T09:14:21.179
  Event ID: 1
  Task: N/A
  Level: Information
  Opcode: Info
  Keyword: N/A
  User: S-1-5-19
  User Name: NT AUTHORITY\LOCAL SERVICE
  Computer: asus
  Description: 
The system has returned from a low power state.

Sleep Time: ?2017?-?06?-?05T06:57:27.566308600Z
Wake Time: ?2017?-?06?-?05T07:14:04.217681800Z

Wake Source: Device -USB Root Hub

Event[1338]:
  Log Name: System
  Source: Microsoft-Windows-Time-Service
  Date: 2017-06-05T09:31:24.205
  Event ID: 158
  Task: N/A
  Level: Information
  Opcode: Info
  Keyword: N/A
  User: S-1-5-19
  User Name: NT AUTHORITY\LOCAL SERVICE
  Computer: asus
  Description: 
The time provider 'VMICTimeProvider' has indicated that the current hardware and operating environment is not supported and has stopped. This behavior is expected for VMICTimeProvider on non-HyperV-guest environments. This may be the expected behavior for the current provider in the current operating environment as well.

Event[1339]:
  Log Name: System
  Source: Microsoft-Windows-Time-Service
  Date: 2017-06-05T09:48:28.207
  Event ID: 158
  Task: N/A
  Level: Information
  Opcode: Info
  Keyword: N/A
  User: S-1-5-19
  User Name: NT AUTHORITY\LOCAL SERVICE
  Computer: asus
  Description: 
The time provider 'VMICTimeProvider' has indicated that the current hardware and operating environment is not supported and has stopped. This behavior is expected for VMICTimeProvider on non-HyperV-guest environments. This may be the expected behavior for the current provider in the current operating environment as well.

Event[1340]:
  Log Name: System
  Source: Microsoft-Windows-Time-Service
  Date: 2017-06-05T10:05:32.207
  Event ID: 158
  Task: N/A
  Level: Information
  Opcode: Info
  Keyword: N/A
  User: S-1-5-19
  User Name: NT AUTHORITY\LOCAL SERVICE
  Computer: asus
  Description: 
The time provider 'VMICTimeProvider' has indicated that the current hardware and operating environment is not supported and has stopped. This behavior is expected for VMICTimeProvider on non-HyperV-guest environments. This may be the expected behavior for the current provider in the current operating environment as well.

Event[1341]:
  Log Name: System
  Source: Microsoft-Windows-DNS-Client
  Date: 2017-06-05T10:05:59.870
  Event ID: 1014
  Task: N/A
  Level: Warning
  Opcode: Info
  Keyword: N/A
  User: S-1-5-20
  User Name: NT AUTHORITY\NETWORK SERVICE
  Computer: asus
  Description: 
Name resolution for the name d.tnt.com timed out after none of the configured DNS servers responded.

Event[1342]:
  Log Name: System
  Source: Service Control Manager
  Date: 2017-06-05T11:17:34.626
  Event ID: 7040
  Task: N/A
  Level: Information
  Opcode: N/A
  Keyword: Classic
  User: S-1-5-18
  User Name: NT AUTHORITY\SYSTEM
  Computer: asus
  Description: 
The start type of the Windows Modules Installer service was changed from demand start to auto start.

Event[1343]:
  Log Name: System
  Source: Microsoft-Windows-Kernel-General
  Date: 2017-06-05T11:17:39.732
  Event ID: 15
  Task: N/A
  Level: Information
  Opcode: Info
  Keyword: N/A
  User: S-1-5-18
  User Name: NT AUTHORITY\SYSTEM
  Computer: asus
  Description: 
Hive \??\C:\WINDOWS\System32\SMI\Store\Machine\SCHEMA.DAT was reorganized with a starting size of 12378112 bytes and an ending size of 11776000 bytes.

Event[1344]:
  Log Name: System
  Source: Microsoft-Windows-Kernel-General
  Date: 2017-06-05T11:19:50.676
  Event ID: 16
  Task: N/A
  Level: Information
  Opcode: Info
  Keyword: N/A
  User: S-1-5-21-2727687409-414627687-575682064-1001
  User Name: ASUS\dypcdiver
  Computer: asus
  Description: 
The access history in hive \??\C:\Users\dypcdiver\AppData\Local\Packages\Microsoft.WindowsCalculator_8wekyb3d8bbwe\Settings\settings.dat was cleared updating 2 keys and creating 1 modified pages.

Event[1345]:
  Log Name: System
  Source: Service Control Manager
  Date: 2017-06-05T11:38:34.842
  Event ID: 7040
  Task: N/A
  Level: Information
  Opcode: N/A
  Keyword: Classic
  User: S-1-5-18
  User Name: NT AUTHORITY\SYSTEM
  Computer: asus
  Description: 
The start type of the Windows Modules Installer service was changed from auto start to demand start.

Event[1346]:
  Log Name: System
  Source: Microsoft-Windows-Kernel-General
  Date: 2017-06-05T11:45:50.673
  Event ID: 15
  Task: N/A
  Level: Information
  Opcode: Info
  Keyword: N/A
  User: S-1-5-18
  User Name: NT AUTHORITY\SYSTEM
  Computer: asus
  Description: 
Hive \??\GLOBALROOT\Device\HarddiskVolumeShadowCopy4\WINDOWS\System32\config\SYSTEM was reorganized with a starting size of 13217792 bytes and an ending size of 13135872 bytes.

Event[1347]:
  Log Name: System
  Source: Microsoft-Windows-Kernel-General
  Date: 2017-06-05T11:45:50.678
  Event ID: 11
  Task: N/A
  Level: Information
  Opcode: Info
  Keyword: N/A
  User: S-1-5-18
  User Name: NT AUTHORITY\SYSTEM
  Computer: asus
  Description: 
TxR init phase for hive \??\GLOBALROOT\Device\HarddiskVolumeShadowCopy4\WINDOWS\System32\config\SYSTEM (TM: {DE41DA07-491A-11E7-B213-485B391076A8}, RM: {DE41DA06-491A-11E7-B213-485B391076A8}) finished with result=0xC00000A2 (Internal code=7).

Event[1348]:
  Log Name: System
  Source: Microsoft-Windows-Kernel-General
  Date: 2017-06-05T11:45:50.935
  Event ID: 11
  Task: N/A
  Level: Information
  Opcode: Info
  Keyword: N/A
  User: S-1-5-18
  User Name: NT AUTHORITY\SYSTEM
  Computer: asus
  Description: 
TxR init phase for hive \??\GLOBALROOT\Device\HarddiskVolumeShadowCopy4\WINDOWS\System32\config\DRIVERS (TM: {DE41DA09-491A-11E7-B213-485B391076A8}, RM: {DE41DA08-491A-11E7-B213-485B391076A8}) finished with result=0xC00000A2 (Internal code=7).

Event[1349]:
  Log Name: System
  Source: Microsoft-Windows-Kernel-General
  Date: 2017-06-05T11:46:05.663
  Event ID: 15
  Task: N/A
  Level: Information
  Opcode: Info
  Keyword: N/A
  User: S-1-5-18
  User Name: NT AUTHORITY\SYSTEM
  Computer: asus
  Description: 
Hive \??\Volume{c5631e43-0000-0000-0000-600c00000000}\System Volume Information\SPP\SppCbsHiveStore\{cd42efe1-f6f1-427c-b004-033192c625a4}{BA054A78-DC04-4C62-BF15-5023FD6C997C} was reorganized with a starting size of 13217792 bytes and an ending size of 13135872 bytes.

Event[1350]:
  Log Name: System
  Source: Microsoft-Windows-Kernel-General
  Date: 2017-06-05T11:46:06.254
  Event ID: 16
  Task: N/A
  Level: Information
  Opcode: Info
  Keyword: N/A
  User: S-1-5-18
  User Name: NT AUTHORITY\SYSTEM
  Computer: asus
  Description: 
The access history in hive \??\Volume{c5631e43-0000-0000-0000-600c00000000}\System Volume Information\SPP\SppCbsHiveStore\{cd42efe1-f6f1-427c-b004-033192c625a4}{7F3A7CBE-2404-496F-893D-9C5718FD0AC2} was cleared updating 73 keys and creating 8 modified pages.

Event[1351]:
  Log Name: System
  Source: Microsoft-Windows-Kernel-General
  Date: 2017-06-05T11:46:06.585
  Event ID: 16
  Task: N/A
  Level: Information
  Opcode: Info
  Keyword: N/A
  User: S-1-5-18
  User Name: NT AUTHORITY\SYSTEM
  Computer: asus
  Description: 
The access history in hive \??\Volume{c5631e43-0000-0000-0000-600c00000000}\System Volume Information\SPP\SppCbsHiveStore\{cd42efe1-f6f1-427c-b004-033192c625a4}{F2BE59A3-87A7-4B36-8A5D-1C907BD91E77} was cleared updating 103 keys and creating 6 modified pages.

Event[1352]:
  Log Name: System
  Source: Microsoft-Windows-Kernel-General
  Date: 2017-06-05T11:46:09.587
  Event ID: 15
  Task: N/A
  Level: Information
  Opcode: Info
  Keyword: N/A
  User: S-1-5-18
  User Name: NT AUTHORITY\SYSTEM
  Computer: asus
  Description: 
Hive \??\Volume{c5631e43-0000-0000-0000-600c00000000}\System Volume Information\SPP\SppCbsHiveStore\{cd42efe1-f6f1-427c-b004-033192c625a4}{F4094302-4819-4AE7-8F7C-AB8CA4DADE42} was reorganized with a starting size of 11767808 bytes and an ending size of 11771904 bytes.

Event[1353]:
  Log Name: System
  Source: Microsoft-Windows-Kernel-General
  Date: 2017-06-05T11:46:09.930
  Event ID: 16
  Task: N/A
  Level: Information
  Opcode: Info
  Keyword: N/A
  User: S-1-5-18
  User Name: NT AUTHORITY\SYSTEM
  Computer: asus
  Description: 
The access history in hive \??\Volume{c5631e43-0000-0000-0000-600c00000000}\System Volume Information\SPP\SppCbsHiveStore\{cd42efe1-f6f1-427c-b004-033192c625a4}{EADD0B03-CD21-40F4-9262-446943F86783} was cleared updating 444 keys and creating 46 modified pages.

Event[1354]:
  Log Name: System
  Source: Microsoft-Windows-Kernel-General
  Date: 2017-06-05T11:46:14.388
  Event ID: 15
  Task: N/A
  Level: Information
  Opcode: Info
  Keyword: N/A
  User: S-1-5-18
  User Name: NT AUTHORITY\SYSTEM
  Computer: asus
  Description: 
Hive \??\Volume{c5631e43-0000-0000-0000-600c00000000}\System Volume Information\SPP\SppCbsHiveStore\{cd42efe1-f6f1-427c-b004-033192c625a4}{282045FD-8386-4DC3-8755-E6C4D5659463} was reorganized with a starting size of 80834560 bytes and an ending size of 80805888 bytes.

Event[1355]:
  Log Name: System
  Source: EventLog
  Date: 2017-06-05T12:00:00.536
  Event ID: 6013
  Task: N/A
  Level: Information
  Opcode: N/A
  Keyword: Classic
  User: N/A
  User Name: N/A
  Computer: asus
  Description: 
The system uptime is 80260 seconds.

Event[1356]:
  Log Name: System
  Source: BROWSER
  Date: 2017-06-05T13:04:26.302
  Event ID: 8033
  Task: N/A
  Level: Information
  Opcode: N/A
  Keyword: Classic
  User: N/A
  User Name: N/A
  Computer: asus
  Description: 
The browser has forced an election on network \Device\NetBT_Tcpip_{9BDEC3C0-593A-4153-9F03-5C10C29CCBFE} because a master browser was stopped.

Event[1357]:
  Log Name: System
  Source: Microsoft-Windows-Kernel-Power
  Date: 2017-06-05T13:04:25.808
  Event ID: 42
  Task: N/A
  Level: Information
  Opcode: Info
  Keyword: N/A
  User: N/A
  User Name: N/A
  Computer: asus
  Description: 
The system is entering sleep.

Sleep Reason: System Idle

Event[1358]:
  Log Name: System
  Source: Microsoft-Windows-Kernel-Power
  Date: 2017-06-05T13:04:26.815
  Event ID: 107
  Task: N/A
  Level: Information
  Opcode: Info
  Keyword: N/A
  User: N/A
  User Name: N/A
  Computer: asus
  Description: 
The system has resumed from sleep.

Event[1359]:
  Log Name: System
  Source: Microsoft-Windows-Kernel-General
  Date: 2017-06-05T13:20:17.500
  Event ID: 1
  Task: N/A
  Level: Information
  Opcode: Info
  Keyword: Time
  User: N/A
  User Name: N/A
  Computer: asus
  Description: 
The system time has changed to ?2017?-?06?-?05T11:20:17.500000000Z from ?2017?-?06?-?05T11:04:26.815973200Z.

Change Reason: System time synchronized with the hardware clock.

Event[1360]:
  Log Name: System
  Source: Microsoft-Windows-Power-Troubleshooter
  Date: 2017-06-05T13:20:32.086
  Event ID: 1
  Task: N/A
  Level: Information
  Opcode: Info
  Keyword: N/A
  User: S-1-5-19
  User Name: NT AUTHORITY\LOCAL SERVICE
  Computer: asus
  Description: 
The system has returned from a low power state.

Sleep Time: ?2017?-?06?-?05T11:04:23.208013500Z
Wake Time: ?2017?-?06?-?05T11:20:18.225742700Z

Wake Source: Device -USB Root Hub

Event[1361]:
  Log Name: System
  Source: Microsoft-Windows-DistributedCOM
  Date: 2017-06-05T13:20:33.348
  Event ID: 10016
  Task: N/A
  Level: Error
  Opcode: Info
  Keyword: Classic
  User: S-1-5-18
  User Name: NT AUTHORITY\SYSTEM
  Computer: asus
  Description: 
The application-specific permission settings do not grant Local Activation permission for the COM Server application with CLSID 
{D63B10C5-BB46-4990-A94F-E40B9D520160}
 and APPID 
{9CA88EE3-ACB7-47C8-AFC4-AB702511C276}
 to the user NT AUTHORITY\SYSTEM SID (S-1-5-18) from address LocalHost (Using LRPC) running in the application container Unavailable SID (Unavailable). This security permission can be modified using the Component Services administrative tool.

Event[1362]:
  Log Name: System
  Source: Microsoft-Windows-DNS-Client
  Date: 2017-06-05T14:04:35.724
  Event ID: 1014
  Task: N/A
  Level: Warning
  Opcode: Info
  Keyword: N/A
  User: S-1-5-20
  User Name: NT AUTHORITY\NETWORK SERVICE
  Computer: asus
  Description: 
Name resolution for the name www.msftconnecttest.com timed out after none of the configured DNS servers responded.

Event[1363]:
  Log Name: System
  Source: BROWSER
  Date: 2017-06-05T14:26:37.089
  Event ID: 8033
  Task: N/A
  Level: Information
  Opcode: N/A
  Keyword: Classic
  User: N/A
  User Name: N/A
  Computer: asus
  Description: 
The browser has forced an election on network \Device\NetBT_Tcpip_{9BDEC3C0-593A-4153-9F03-5C10C29CCBFE} because a master browser was stopped.

Event[1364]:
  Log Name: System
  Source: Microsoft-Windows-Kernel-Power
  Date: 2017-06-05T14:26:36.705
  Event ID: 42
  Task: N/A
  Level: Information
  Opcode: Info
  Keyword: N/A
  User: N/A
  User Name: N/A
  Computer: asus
  Description: 
The system is entering sleep.

Sleep Reason: Application API

Event[1365]:
  Log Name: System
  Source: Microsoft-Windows-Kernel-Power
  Date: 2017-06-05T14:26:37.785
  Event ID: 107
  Task: N/A
  Level: Information
  Opcode: Info
  Keyword: N/A
  User: N/A
  User Name: N/A
  Computer: asus
  Description: 
The system has resumed from sleep.

Event[1366]:
  Log Name: System
  Source: Microsoft-Windows-Kernel-General
  Date: 2017-06-05T14:59:01.500
  Event ID: 1
  Task: N/A
  Level: Information
  Opcode: Info
  Keyword: Time
  User: N/A
  User Name: N/A
  Computer: asus
  Description: 
The system time has changed to ?2017?-?06?-?05T12:59:01.500000000Z from ?2017?-?06?-?05T12:26:37.785486100Z.

Change Reason: System time synchronized with the hardware clock.

Event[1367]:
  Log Name: System
  Source: Microsoft-Windows-Power-Troubleshooter
  Date: 2017-06-05T14:59:16.741
  Event ID: 1
  Task: N/A
  Level: Information
  Opcode: Info
  Keyword: N/A
  User: S-1-5-19
  User Name: NT AUTHORITY\LOCAL SERVICE
  Computer: asus
  Description: 
The system has returned from a low power state.

Sleep Time: ?2017?-?06?-?05T12:26:35.405140900Z
Wake Time: ?2017?-?06?-?05T12:59:03.105613700Z

Wake Source: Device -USB Root Hub

Event[1368]:
  Log Name: System
  Source: Microsoft-Windows-DistributedCOM
  Date: 2017-06-05T14:59:21.429
  Event ID: 10016
  Task: N/A
  Level: Error
  Opcode: Info
  Keyword: Classic
  User: S-1-5-18
  User Name: NT AUTHORITY\SYSTEM
  Computer: asus
  Description: 
The application-specific permission settings do not grant Local Activation permission for the COM Server application with CLSID 
{D63B10C5-BB46-4990-A94F-E40B9D520160}
 and APPID 
{9CA88EE3-ACB7-47C8-AFC4-AB702511C276}
 to the user NT AUTHORITY\SYSTEM SID (S-1-5-18) from address LocalHost (Using LRPC) running in the application container Unavailable SID (Unavailable). This security permission can be modified using the Component Services administrative tool.

Event[1369]:
  Log Name: System
  Source: BROWSER
  Date: 2017-06-05T15:41:13.521
  Event ID: 8033
  Task: N/A
  Level: Information
  Opcode: N/A
  Keyword: Classic
  User: N/A
  User Name: N/A
  Computer: asus
  Description: 
The browser has forced an election on network \Device\NetBT_Tcpip_{9BDEC3C0-593A-4153-9F03-5C10C29CCBFE} because a master browser was stopped.

Event[1370]:
  Log Name: System
  Source: Microsoft-Windows-Kernel-Power
  Date: 2017-06-05T15:41:13.155
  Event ID: 42
  Task: N/A
  Level: Information
  Opcode: Info
  Keyword: N/A
  User: N/A
  User Name: N/A
  Computer: asus
  Description: 
The system is entering sleep.

Sleep Reason: Application API

Event[1371]:
  Log Name: System
  Source: Microsoft-Windows-Kernel-Power
  Date: 2017-06-05T15:41:14.347
  Event ID: 107
  Task: N/A
  Level: Information
  Opcode: Info
  Keyword: N/A
  User: N/A
  User Name: N/A
  Computer: asus
  Description: 
The system has resumed from sleep.

Event[1372]:
  Log Name: System
  Source: Microsoft-Windows-Kernel-General
  Date: 2017-06-05T17:38:21.496
  Event ID: 1
  Task: N/A
  Level: Information
  Opcode: Info
  Keyword: Time
  User: N/A
  User Name: N/A
  Computer: asus
  Description: 
The system time has changed to ?2017?-?06?-?05T15:38:21.500000000Z from ?2017?-?06?-?05T13:41:14.351439300Z.

Change Reason: System time synchronized with the hardware clock.

Event[1373]:
  Log Name: System
  Source: Microsoft-Windows-Power-Troubleshooter
  Date: 2017-06-05T17:38:36.543
  Event ID: 1
  Task: N/A
  Level: Information
  Opcode: Info
  Keyword: N/A
  User: S-1-5-19
  User Name: NT AUTHORITY\LOCAL SERVICE
  Computer: asus
  Description: 
The system has returned from a low power state.

Sleep Time: ?2017?-?06?-?05T13:41:12.424899900Z
Wake Time: ?2017?-?06?-?05T15:38:22.361533800Z

Wake Source: Device -USB Root Hub

Event[1374]:
  Log Name: System
  Source: Microsoft-Windows-DistributedCOM
  Date: 2017-06-05T17:39:13.504
  Event ID: 10016
  Task: N/A
  Level: Error
  Opcode: Info
  Keyword: Classic
  User: S-1-5-18
  User Name: NT AUTHORITY\SYSTEM
  Computer: asus
  Description: 
The application-specific permission settings do not grant Local Activation permission for the COM Server application with CLSID 
{D63B10C5-BB46-4990-A94F-E40B9D520160}
 and APPID 
{9CA88EE3-ACB7-47C8-AFC4-AB702511C276}
 to the user NT AUTHORITY\SYSTEM SID (S-1-5-18) from address LocalHost (Using LRPC) running in the application container Unavailable SID (Unavailable). This security permission can be modified using the Component Services administrative tool.

Event[1375]:
  Log Name: System
  Source: Microsoft-Windows-Kernel-General
  Date: 2017-06-05T17:39:19.234
  Event ID: 16
  Task: N/A
  Level: Information
  Opcode: Info
  Keyword: N/A
  User: S-1-5-21-2727687409-414627687-575682064-1001
  User Name: ASUS\dypcdiver
  Computer: asus
  Description: 
The access history in hive \??\C:\Users\dypcdiver\AppData\Local\Packages\Microsoft.MicrosoftEdge_8wekyb3d8bbwe\Settings\settings.dat was cleared updating 3 keys and creating 1 modified pages.

Event[1376]:
  Log Name: System
  Source: Service Control Manager
  Date: 2017-06-05T17:43:25.360
  Event ID: 7040
  Task: N/A
  Level: Information
  Opcode: N/A
  Keyword: Classic
  User: S-1-5-18
  User Name: NT AUTHORITY\SYSTEM
  Computer: asus
  Description: 
The start type of the Background Intelligent Transfer Service service was changed from demand start to auto start.

Event[1377]:
  Log Name: System
  Source: Microsoft-Windows-Time-Service
  Date: 2017-06-05T18:20:16.601
  Event ID: 37
  Task: N/A
  Level: Information
  Opcode: Info
  Keyword: N/A
  User: S-1-5-19
  User Name: NT AUTHORITY\LOCAL SERVICE
  Computer: asus
  Description: 
The time provider NtpClient is currently receiving valid time data from time.windows.com,0x9 (ntp.m|0x9|0.0.0.0:123->51.141.32.51:123).

Event[1378]:
  Log Name: System
  Source: Microsoft-Windows-Time-Service
  Date: 2017-06-05T18:20:16.603
  Event ID: 35
  Task: N/A
  Level: Information
  Opcode: Info
  Keyword: N/A
  User: S-1-5-19
  User Name: NT AUTHORITY\LOCAL SERVICE
  Computer: asus
  Description: 
The time service is now synchronizing the system time with the time source time.windows.com,0x9 (ntp.m|0x9|0.0.0.0:123->51.141.32.51:123).

Event[1379]:
  Log Name: System
  Source: Microsoft-Windows-Kernel-General
  Date: 2017-06-05T18:20:16.602
  Event ID: 1
  Task: N/A
  Level: Information
  Opcode: Info
  Keyword: Time
  User: S-1-5-19
  User Name: NT AUTHORITY\LOCAL SERVICE
  Computer: asus
  Description: 
The system time has changed to ?2017?-?06?-?05T16:20:16.603000000Z from ?2017?-?06?-?05T16:20:16.604204700Z.

Change Reason: An application or system component changed the time.

Event[1380]:
  Log Name: System
  Source: Microsoft-Windows-Time-Service
  Date: 2017-06-05T18:21:14.315
  Event ID: 158
  Task: N/A
  Level: Information
  Opcode: Info
  Keyword: N/A
  User: S-1-5-19
  User Name: NT AUTHORITY\LOCAL SERVICE
  Computer: asus
  Description: 
The time provider 'VMICTimeProvider' has indicated that the current hardware and operating environment is not supported and has stopped. This behavior is expected for VMICTimeProvider on non-HyperV-guest environments. This may be the expected behavior for the current provider in the current operating environment as well.

Event[1381]:
