  Log Name: System
  Source: Service Control Manager
  Date: 2017-05-15T16:04:46.506
  Event ID: 7045
  Task: N/A
  Level: Information
  Opcode: N/A
  Keyword: Classic
  User: S-1-5-18
  User Name: NT AUTHORITY\SYSTEM
  Computer: asus
  Description: 
A service was installed in the system.

Service Name:  SAMSUNG Mobile USB Device Management Serial Port(DEVGURU Ver.)
Service File Name:  \SystemRoot\System32\drivers\ssuddmgr.sys
Service Type:  kernel mode driver
Service Start Type:  demand start
Service Account:  

Event[221]:
  Log Name: System
  Source: Service Control Manager
  Date: 2017-05-15T16:04:46.506
  Event ID: 7045
  Task: N/A
  Level: Information
  Opcode: N/A
  Keyword: Classic
  User: S-1-5-18
  User Name: NT AUTHORITY\SYSTEM
  Computer: asus
  Description: 
A service was installed in the system.

Service Name:  avipbb
Service File Name:  \SystemRoot\system32\DRIVERS\avipbb.sys
Service Type:  kernel mode driver
Service Start Type:  system start
Service Account:  

Event[222]:
  Log Name: System
  Source: Service Control Manager
  Date: 2017-05-15T16:04:46.506
  Event ID: 7045
  Task: N/A
  Level: Information
  Opcode: N/A
  Keyword: Classic
  User: S-1-5-18
  User Name: NT AUTHORITY\SYSTEM
  Computer: asus
  Description: 
A service was installed in the system.

Service Name:  SAMSUNG WMC Composite Device driver (WDM)
Service File Name:  \SystemRoot\System32\drivers\sssdbus.sys
Service Type:  kernel mode driver
Service Start Type:  demand start
Service Account:  

Event[223]:
  Log Name: System
  Source: Service Control Manager
  Date: 2017-05-15T16:04:46.506
  Event ID: 7045
  Task: N/A
  Level: Information
  Opcode: N/A
  Keyword: Classic
  User: S-1-5-18
  User Name: NT AUTHORITY\SYSTEM
  Computer: asus
  Description: 
A service was installed in the system.

Service Name:  SAMSUNG Mobile Modem Diagnostic Serial Port V2 (WDM)
Service File Name:  \SystemRoot\System32\drivers\ssceserd.sys
Service Type:  kernel mode driver
Service Start Type:  demand start
Service Account:  

Event[224]:
  Log Name: System
  Source: Service Control Manager
  Date: 2017-05-15T16:04:46.506
  Event ID: 7045
  Task: N/A
  Level: Information
  Opcode: N/A
  Keyword: Classic
  User: S-1-5-18
  User Name: NT AUTHORITY\SYSTEM
  Computer: asus
  Description: 
A service was installed in the system.

Service Name:  NVIDIA Stereoscopic 3D USB driver
Service File Name:  \SystemRoot\System32\drivers\nvstusb.sys
Service Type:  kernel mode driver
Service Start Type:  demand start
Service Account:  

Event[225]:
  Log Name: System
  Source: Service Control Manager
  Date: 2017-05-15T16:04:46.506
  Event ID: 7045
  Task: N/A
  Level: Information
  Opcode: N/A
  Keyword: Classic
  User: S-1-5-18
  User Name: NT AUTHORITY\SYSTEM
  Computer: asus
  Description: 
A service was installed in the system.

Service Name:  avusbflt
Service File Name:  \SystemRoot\System32\Drivers\avusbflt.sys
Service Type:  kernel mode driver
Service Start Type:  boot start
Service Account:  

Event[226]:
  Log Name: System
  Source: Service Control Manager
  Date: 2017-05-15T16:04:46.506
  Event ID: 7045
  Task: N/A
  Level: Information
  Opcode: N/A
  Keyword: Classic
  User: S-1-5-18
  User Name: NT AUTHORITY\SYSTEM
  Computer: asus
  Description: 
A service was installed in the system.

Service Name:  UsbserFilt
Service File Name:  \SystemRoot\System32\drivers\usbser_lowerfltjx64.sys
Service Type:  kernel mode driver
Service Start Type:  demand start
Service Account:  

Event[227]:
  Log Name: System
  Source: Service Control Manager
  Date: 2017-05-15T16:04:46.506
  Event ID: 7045
  Task: N/A
  Level: Information
  Opcode: N/A
  Keyword: Classic
  User: S-1-5-18
  User Name: NT AUTHORITY\SYSTEM
  Computer: asus
  Description: 
A service was installed in the system.

Service Name:  SAMSUNG USB Mobile Logging Driver
Service File Name:  \SystemRoot\System32\drivers\ss_bserd.sys
Service Type:  kernel mode driver
Service Start Type:  demand start
Service Account:  

Event[228]:
  Log Name: System
  Source: Service Control Manager
  Date: 2017-05-15T16:04:46.506
  Event ID: 7045
  Task: N/A
  Level: Information
  Opcode: N/A
  Keyword: Classic
  User: S-1-5-18
  User Name: NT AUTHORITY\SYSTEM
  Computer: asus
  Description: 
A service was installed in the system.

Service Name:  avkmgr
Service File Name:  \SystemRoot\system32\DRIVERS\avkmgr.sys
Service Type:  kernel mode driver
Service Start Type:  system start
Service Account:  

Event[229]:
  Log Name: System
  Source: User32
  Date: 2017-05-15T16:05:14.037
  Event ID: 1074
  Task: N/A
  Level: Information
  Opcode: N/A
  Keyword: Classic
  User: S-1-5-18
  User Name: NT AUTHORITY\SYSTEM
  Computer: asus
  Description: 
The process C:\WINDOWS\system32\winlogon.exe (ASUS) has initiated the restart of computer ASUS on behalf of user NT AUTHORITY\SYSTEM for the following reason: Operating System: Upgrade (Planned)
 Reason Code: 0x80020003
 Shut-down Type: restart
 Comment: 

Event[230]:
  Log Name: System
  Source: Microsoft-Windows-Dhcp-Client
  Date: 2017-05-15T16:05:14.932
  Event ID: 50104
  Task: Service State Event
  Level: Information
  Opcode: ServiceShutdown
  Keyword: N/A
  User: S-1-5-19
  User Name: NT AUTHORITY\LOCAL SERVICE
  Computer: asus
  Description: 
DHCPv4 client received shutdown notification

Event[231]:
  Log Name: System
  Source: Microsoft-Windows-Dhcp-Client
  Date: 2017-05-15T16:05:14.932
  Event ID: 50105
  Task: Service State Event
  Level: Information
  Opcode: ServiceShutdown
  Keyword: N/A
  User: S-1-5-19
  User Name: NT AUTHORITY\LOCAL SERVICE
  Computer: asus
  Description: 
DHCPv4 client ProcessDHCPRequestForever received TERMINATE_EVENT

Event[232]:
  Log Name: System
  Source: Microsoft-Windows-Dhcp-Client
  Date: 2017-05-15T16:05:14.937
  Event ID: 50106
  Task: Service State Event
  Level: Information
  Opcode: ServiceShutdown
  Keyword: N/A
  User: S-1-5-19
  User Name: NT AUTHORITY\LOCAL SERVICE
  Computer: asus
  Description: 
DHCPv4 is waiting on DHCPv6 service to stop

Event[233]:
  Log Name: System
  Source: Microsoft-Windows-DHCPv6-Client
  Date: 2017-05-15T16:05:14.937
  Event ID: 51047
  Task: Service State Event
  Level: Information
  Opcode: ServiceStop
  Keyword: N/A
  User: S-1-5-19
  User Name: NT AUTHORITY\LOCAL SERVICE
  Computer: asus
  Description: 
DHCPv6 client service is stopped. ShutDown Flag value is 1

Event[234]:
  Log Name: System
  Source: Microsoft-Windows-DHCPv6-Client
  Date: 2017-05-15T16:05:14.937
  Event ID: 51057
  Task: Service State Event
  Level: Information
  Opcode: ServiceStopWithRefCount
  Keyword: N/A
  User: S-1-5-19
  User Name: NT AUTHORITY\LOCAL SERVICE
  Computer: asus
  Description: 
DHCPv6 client service stop is almost done.DHCP Context Ref count is 1

Event[235]:
  Log Name: System
  Source: Microsoft-Windows-Dhcp-Client
  Date: 2017-05-15T16:05:14.937
  Event ID: 50037
  Task: Service State Event
  Level: Information
  Opcode: ServiceStop
  Keyword: N/A
  User: S-1-5-19
  User Name: NT AUTHORITY\LOCAL SERVICE
  Computer: asus
  Description: 
DHCPv4 client service is stopped. ShutDown Flag value is 1

Event[236]:
  Log Name: System
  Source: EventLog
  Date: 2017-05-15T16:05:15.303
  Event ID: 6006
  Task: N/A
  Level: Information
  Opcode: N/A
  Keyword: Classic
  User: N/A
  User Name: N/A
  Computer: asus
  Description: 
The Event log service was stopped.

Event[237]:
  Log Name: System
  Source: Microsoft-Windows-Kernel-Power
  Date: 2017-05-15T16:05:16.559
  Event ID: 109
  Task: N/A
  Level: Information
  Opcode: Info
  Keyword: N/A
  User: N/A
  User Name: N/A
  Computer: asus
  Description: 
The kernel power manager has initiated a shutdown transition.

Shutdown Reason: Kernel API

Event[238]:
  Log Name: System
  Source: EventLog
  Date: 2017-05-15T16:06:29.695
  Event ID: 6009
  Task: N/A
  Level: Information
  Opcode: N/A
  Keyword: Classic
  User: N/A
  User Name: N/A
  Computer: asus
  Description: 
Microsoft (R) Windows (R) 10.00. 15063  Multiprocessor Free.

Event[239]:
  Log Name: System
  Source: EventLog
  Date: 2017-05-15T16:06:29.695
  Event ID: 6005
  Task: N/A
  Level: Information
  Opcode: N/A
  Keyword: Classic
  User: N/A
  User Name: N/A
  Computer: asus
  Description: 
The Event log service was started.

Event[240]:
  Log Name: System
  Source: EventLog
  Date: 2017-05-15T16:06:29.898
  Event ID: 6013
  Task: N/A
  Level: Information
  Opcode: N/A
  Keyword: Classic
  User: N/A
  User Name: N/A
  Computer: asus
  Description: 
The system uptime is 42 seconds.

Event[241]:
  Log Name: System
  Source: Microsoft-Windows-Kernel-General
  Date: 2017-05-15T16:05:20.159
  Event ID: 13
  Task: N/A
  Level: Information
  Opcode: Info
  Keyword: N/A
  User: N/A
  User Name: N/A
  Computer: asus
  Description: 
The operating system is shutting down at system time ?2017?-?05?-?15T14:05:20.159840600Z.

Event[242]:
  Log Name: System
  Source: Microsoft-Windows-Kernel-General
  Date: 2017-05-15T16:05:47.894
  Event ID: 12
  Task: N/A
  Level: Information
  Opcode: Info
  Keyword: N/A
  User: S-1-5-18
  User Name: NT AUTHORITY\SYSTEM
  Computer: asus
  Description: 
The operating system started at system time ?2017?-?05?-?15T14:05:47.487532600Z.

Event[243]:
  Log Name: System
  Source: Microsoft-Windows-Kernel-Boot
  Date: 2017-05-15T16:05:47.894
  Event ID: 153
  Task: N/A
  Level: Information
  Opcode: Info
  Keyword: N/A
  User: S-1-5-18
  User Name: NT AUTHORITY\SYSTEM
  Computer: asus
  Description: 
Virtualization-based security (policies: 0) is disabled.

Event[244]:
  Log Name: System
  Source: Microsoft-Windows-Kernel-Boot
  Date: 2017-05-15T16:05:47.894
  Event ID: 20
  Task: N/A
  Level: Information
  Opcode: Info
  Keyword: N/A
  User: S-1-5-18
  User Name: NT AUTHORITY\SYSTEM
  Computer: asus
  Description: 
The last shutdown's success status was true. The last boot's success status was true.

Event[245]:
  Log Name: System
  Source: Microsoft-Windows-Kernel-Boot
  Date: 2017-05-15T16:05:47.894
  Event ID: 27
  Task: N/A
  Level: Information
  Opcode: Info
  Keyword: N/A
  User: S-1-5-18
  User Name: NT AUTHORITY\SYSTEM
  Computer: asus
  Description: 
The boot type was 0x0.

Event[246]:
  Log Name: System
  Source: Microsoft-Windows-Kernel-Boot
  Date: 2017-05-15T16:05:47.894
  Event ID: 25
  Task: N/A
  Level: Information
  Opcode: Info
  Keyword: N/A
  User: S-1-5-18
  User Name: NT AUTHORITY\SYSTEM
  Computer: asus
  Description: 
The boot menu policy was 0x1.

Event[247]:
  Log Name: System
  Source: Microsoft-Windows-Kernel-Boot
  Date: 2017-05-15T16:05:47.894
  Event ID: 26
  Task: N/A
  Level: Information
  Opcode: Info
  Keyword: N/A
  User: S-1-5-18
  User Name: NT AUTHORITY\SYSTEM
  Computer: asus
  Description: 
A one-time boot sequence was used during this boot.

Event[248]:
  Log Name: System
  Source: Microsoft-Windows-Kernel-Boot
  Date: 2017-05-15T16:05:47.894
  Event ID: 32
  Task: N/A
  Level: Information
  Opcode: Info
  Keyword: N/A
  User: S-1-5-18
  User Name: NT AUTHORITY\SYSTEM
  Computer: asus
  Description: 
The bootmgr spent 0 ms waiting for user input.

Event[249]:
  Log Name: System
  Source: Microsoft-Windows-FilterManager
  Date: 2017-05-15T16:05:51.743
  Event ID: 6
  Task: N/A
  Level: Information
  Opcode: Info
  Keyword: N/A
  User: S-1-5-18
  User Name: NT AUTHORITY\SYSTEM
  Computer: asus
  Description: 
File System Filter 'FileInfo' (10.0, ?2042?-?06?-?30T16:43:32.000000000Z) has successfully loaded and registered with Filter Manager.

Event[250]:
  Log Name: System
  Source: Microsoft-Windows-FilterManager
  Date: 2017-05-15T16:05:51.743
  Event ID: 6
  Task: N/A
  Level: Information
  Opcode: Info
  Keyword: N/A
  User: S-1-5-18
  User Name: NT AUTHORITY\SYSTEM
  Computer: asus
  Description: 
File System Filter 'Wof' (10.0, ?1974?-?03?-?12T00:47:45.000000000Z) has successfully loaded and registered with Filter Manager.

Event[251]:
  Log Name: System
  Source: Microsoft-Windows-Ntfs
  Date: 2017-05-15T16:05:53.269
  Event ID: 98
  Task: N/A
  Level: Information
  Opcode: Info
  Keyword: N/A
  User: S-1-5-18
  User Name: NT AUTHORITY\SYSTEM
  Computer: asus
  Description: 
Volume C: (\Device\HarddiskVolume2) is healthy.  No action is needed.

Event[252]:
  Log Name: System
  Source: Microsoft-Windows-FilterManager
  Date: 2017-05-15T16:05:53.967
  Event ID: 6
  Task: N/A
  Level: Information
  Opcode: Info
  Keyword: N/A
  User: S-1-5-18
  User Name: NT AUTHORITY\SYSTEM
  Computer: asus
  Description: 
File System Filter 'FileCrypt' (10.0, ?2030?-?05?-?28T10:10:59.000000000Z) has successfully loaded and registered with Filter Manager.

Event[253]:
  Log Name: System
  Source: Microsoft-Windows-FilterManager
  Date: 2017-05-15T16:05:54.686
  Event ID: 6
  Task: N/A
  Level: Information
  Opcode: Info
  Keyword: N/A
  User: S-1-5-18
  User Name: NT AUTHORITY\SYSTEM
  Computer: asus
  Description: 
File System Filter 'npsvctrig' (10.0, ?2097?-?07?-?25T12:18:05.000000000Z) has successfully loaded and registered with Filter Manager.

Event[254]:
  Log Name: System
  Source: avkmgr
  Date: 2017-05-15T16:05:54.756
  Event ID: 17
  Task: N/A
  Level: Information
  Opcode: N/A
  Keyword: Classic
  User: N/A
  User Name: N/A
  Computer: asus
  Description: 
avkmgr.sys successfully loaded

Event[255]:
  Log Name: System
  Source: avipbb
  Date: 2017-05-15T16:05:54.896
  Event ID: 17
  Task: N/A
  Level: Information
  Opcode: N/A
  Keyword: Classic
  User: N/A
  User Name: N/A
  Computer: asus
  Description: 
avipbb.sys successfully loaded

Event[256]:
  Log Name: System
  Source: Microsoft-Windows-Kernel-Power
  Date: 2017-05-15T16:05:55.132
  Event ID: 172
  Task: N/A
  Level: Information
  Opcode: Info
  Keyword: N/A
  User: S-1-5-18
  User Name: NT AUTHORITY\SYSTEM
  Computer: asus
  Description: 
Connectivity state in standby: Disconnected, Reason: NIC compliance

Event[257]:
  Log Name: System
  Source: Microsoft-Windows-Kernel-Power
  Date: 2017-05-15T16:05:55.132
  Event ID: 508
  Task: N/A
  Level: Information
  Opcode: Info
  Keyword: N/A
  User: N/A
  User Name: N/A
  Computer: asus
  Description: 
The system has been constrained to a periodic tick 

Reason: Errata Manager override.

Event[258]:
  Log Name: System
  Source: Microsoft-Windows-Ntfs
  Date: 2017-05-15T16:05:55.947
  Event ID: 98
  Task: N/A
  Level: Information
  Opcode: Info
  Keyword: N/A
  User: S-1-5-18
  User Name: NT AUTHORITY\SYSTEM
  Computer: asus
  Description: 
Volume D: (\Device\HarddiskVolume4) is healthy.  No action is needed.

Event[259]:
  Log Name: System
  Source: Microsoft-Windows-Ntfs
  Date: 2017-05-15T16:05:56.757
  Event ID: 98
  Task: N/A
  Level: Information
  Opcode: Info
  Keyword: N/A
  User: S-1-5-18
  User Name: NT AUTHORITY\SYSTEM
  Computer: asus
  Description: 
Volume \\?\Volume{c5631e43-0000-0000-0000-100000000000} (\Device\HarddiskVolume1) is healthy.  No action is needed.

Event[260]:
  Log Name: System
  Source: Microsoft-Windows-Kernel-Processor-Power
  Date: 2017-05-15T16:05:57.934
  Event ID: 55
  Task: N/A
  Level: Information
  Opcode: Info
  Keyword: N/A
  User: S-1-5-18
  User Name: NT AUTHORITY\SYSTEM
  Computer: asus
  Description: 
Processor 0 in group 0 exposes the following power management capabilities:

Idle state type: ACPI Idle (C) States (2 state(s))

Performance state type: ACPI Performance (P) / Throttle (T) States
Nominal Frequency (MHz): 2801
Maximum performance percentage: 100
Minimum performance percentage: 42
Minimum throttle percentage: 42

Event[261]:
  Log Name: System
  Source: Microsoft-Windows-Kernel-Processor-Power
  Date: 2017-05-15T16:05:57.935
  Event ID: 55
  Task: N/A
  Level: Information
  Opcode: Info
  Keyword: N/A
  User: S-1-5-18
  User Name: NT AUTHORITY\SYSTEM
  Computer: asus
  Description: 
Processor 1 in group 0 exposes the following power management capabilities:

Idle state type: ACPI Idle (C) States (2 state(s))

Performance state type: ACPI Performance (P) / Throttle (T) States
Nominal Frequency (MHz): 2801
Maximum performance percentage: 100
Minimum performance percentage: 42
Minimum throttle percentage: 42

Event[262]:
  Log Name: System
  Source: Microsoft-Windows-Kernel-Processor-Power
  Date: 2017-05-15T16:05:57.935
  Event ID: 55
  Task: N/A
  Level: Information
  Opcode: Info
  Keyword: N/A
  User: S-1-5-18
  User Name: NT AUTHORITY\SYSTEM
  Computer: asus
  Description: 
Processor 2 in group 0 exposes the following power management capabilities:

Idle state type: ACPI Idle (C) States (2 state(s))

Performance state type: ACPI Performance (P) / Throttle (T) States
Nominal Frequency (MHz): 2801
Maximum performance percentage: 100
Minimum performance percentage: 42
Minimum throttle percentage: 42

Event[263]:
  Log Name: System
  Source: Microsoft-Windows-Kernel-Processor-Power
  Date: 2017-05-15T16:05:57.936
  Event ID: 55
  Task: N/A
  Level: Information
  Opcode: Info
  Keyword: N/A
  User: S-1-5-18
  User Name: NT AUTHORITY\SYSTEM
  Computer: asus
  Description: 
Processor 3 in group 0 exposes the following power management capabilities:

Idle state type: ACPI Idle (C) States (2 state(s))

Performance state type: ACPI Performance (P) / Throttle (T) States
Nominal Frequency (MHz): 2801
Maximum performance percentage: 100
Minimum performance percentage: 42
Minimum throttle percentage: 42

Event[264]:
  Log Name: System
  Source: HECIx64
  Date: 2017-05-15T16:05:58.006
  Event ID: 2
  Task: N/A
  Level: Information
  Opcode: N/A
  Keyword: Classic
  User: N/A
  User Name: N/A
  Computer: asus
  Description: 
Intel(R) Management Engine Interface driver has started successfully.

Event[265]:
  Log Name: System
  Source: Microsoft-Windows-Wininit
  Date: 2017-05-15T16:06:05.753
  Event ID: 14
  Task: N/A
  Level: Information
  Opcode: Info
  Keyword: N/A
  User: S-1-5-18
  User Name: NT AUTHORITY\SYSTEM
  Computer: asus
  Description: 
Credential Guard (LsaIso.exe) configuration: 0x0, 0

Event[266]:
  Log Name: System
  Source: Microsoft-Windows-Directory-Services-SAM
  Date: 2017-05-15T16:06:07.002
  Event ID: 16962
  Task: N/A
  Level: Information
  Opcode: Info
  Keyword: N/A
  User: S-1-5-18
  User Name: NT AUTHORITY\SYSTEM
  Computer: asus
  Description: 
Remote calls to the SAM database are being restricted using the default security descriptor: O:SYG:SYD:(A;;RC;;;BA).
For more information please see http://go.microsoft.com/fwlink/?LinkId=787651.

Event[267]:
  Log Name: System
  Source: Microsoft-Windows-FilterManager
  Date: 2017-05-15T16:06:28.329
  Event ID: 6
  Task: N/A
  Level: Information
  Opcode: Info
  Keyword: N/A
  User: S-1-5-18
  User Name: NT AUTHORITY\SYSTEM
  Computer: asus
  Description: 
File System Filter 'wcifs' (10.0, ?2088?-?07?-?29T05:04:59.000000000Z) has successfully loaded and registered with Filter Manager.

Event[268]:
  Log Name: System
  Source: Microsoft-Windows-DriverFrameworks-UserMode
  Date: 2017-05-15T16:06:28.765
  Event ID: 10114
  Task: Startup of the UMDF reflector
  Level: Information
  Opcode: Info
  Keyword: N/A
  User: S-1-5-18
  User Name: NT AUTHORITY\SYSTEM
  Computer: asus
  Description: 
WUDFPf (part of UMDF) did not load yet. After it does, Windows will start the device again.

Event[269]:
  Log Name: System
  Source: Microsoft-Windows-Kernel-PnP
  Date: 2017-05-15T16:06:28.765
  Event ID: 219
  Task: N/A
  Level: Warning
  Opcode: Info
  Keyword: N/A
  User: S-1-5-18
  User Name: NT AUTHORITY\SYSTEM
  Computer: asus
  Description: 
The driver \Driver\WudfRd failed to load for the device SWD\WPDBUSENUM\_??_USBSTOR#Disk&Ven_Generic&Prod_STORAGE_DEVICE&Rev_9744#000000009744&2#{53f56307-b6bf-11d0-94f2-00a0c91efb8b}.

Event[270]:
  Log Name: System
  Source: Microsoft-Windows-DriverFrameworks-UserMode
  Date: 2017-05-15T16:06:28.840
  Event ID: 10114
  Task: Startup of the UMDF reflector
  Level: Information
  Opcode: Info
  Keyword: N/A
  User: S-1-5-18
  User Name: NT AUTHORITY\SYSTEM
  Computer: asus
  Description: 
WUDFSvc (part of UMDF) did not load yet. After it does, Windows will start the device again.

Event[271]:
  Log Name: System
  Source: Microsoft-Windows-Kernel-PnP
  Date: 2017-05-15T16:06:28.840
  Event ID: 219
  Task: N/A
  Level: Warning
  Opcode: Info
  Keyword: N/A
  User: S-1-5-18
  User Name: NT AUTHORITY\SYSTEM
  Computer: asus
  Description: 
The driver \Driver\WudfRd failed to load for the device SWD\WPDBUSENUM\_??_USBSTOR#Disk&Ven_Generic&Prod_STORAGE_DEVICE&Rev_9744#000000009744&0#{53f56307-b6bf-11d0-94f2-00a0c91efb8b}.

Event[272]:
  Log Name: System
  Source: Microsoft-Windows-DriverFrameworks-UserMode
  Date: 2017-05-15T16:06:28.842
  Event ID: 10114
  Task: Startup of the UMDF reflector
  Level: Information
  Opcode: Info
  Keyword: N/A
  User: S-1-5-18
  User Name: NT AUTHORITY\SYSTEM
  Computer: asus
  Description: 
WUDFSvc (part of UMDF) did not load yet. After it does, Windows will start the device again.

Event[273]:
  Log Name: System
  Source: Microsoft-Windows-Kernel-PnP
  Date: 2017-05-15T16:06:28.842
  Event ID: 219
  Task: N/A
  Level: Warning
  Opcode: Info
  Keyword: N/A
  User: S-1-5-18
  User Name: NT AUTHORITY\SYSTEM
  Computer: asus
  Description: 
The driver \Driver\WudfRd failed to load for the device SWD\WPDBUSENUM\_??_USBSTOR#Disk&Ven_Generic&Prod_STORAGE_DEVICE&Rev_9744#000000009744&3#{53f56307-b6bf-11d0-94f2-00a0c91efb8b}.

Event[274]:
  Log Name: System
  Source: Microsoft-Windows-DriverFrameworks-UserMode
  Date: 2017-05-15T16:06:28.843
  Event ID: 10114
  Task: Startup of the UMDF reflector
  Level: Information
  Opcode: Info
  Keyword: N/A
  User: S-1-5-18
  User Name: NT AUTHORITY\SYSTEM
  Computer: asus
  Description: 
WUDFSvc (part of UMDF) did not load yet. After it does, Windows will start the device again.

Event[275]:
  Log Name: System
  Source: Microsoft-Windows-Kernel-PnP
  Date: 2017-05-15T16:06:28.843
  Event ID: 219
  Task: N/A
  Level: Warning
  Opcode: Info
  Keyword: N/A
  User: S-1-5-18
  User Name: NT AUTHORITY\SYSTEM
  Computer: asus
  Description: 
The driver \Driver\WudfRd failed to load for the device SWD\WPDBUSENUM\_??_USBSTOR#Disk&Ven_Generic&Prod_STORAGE_DEVICE&Rev_9744#000000009744&1#{53f56307-b6bf-11d0-94f2-00a0c91efb8b}.

Event[276]:
  Log Name: System
  Source: Microsoft-Windows-DriverFrameworks-UserMode
  Date: 2017-05-15T16:06:28.844
  Event ID: 10114
  Task: Startup of the UMDF reflector
  Level: Information
  Opcode: Info
  Keyword: N/A
  User: S-1-5-18
  User Name: NT AUTHORITY\SYSTEM
  Computer: asus
  Description: 
WUDFSvc (part of UMDF) did not load yet. After it does, Windows will start the device again.

Event[277]:
  Log Name: System
  Source: Microsoft-Windows-Kernel-PnP
  Date: 2017-05-15T16:06:28.844
  Event ID: 219
  Task: N/A
  Level: Warning
  Opcode: Info
  Keyword: N/A
  User: S-1-5-18
  User Name: NT AUTHORITY\SYSTEM
  Computer: asus
  Description: 
The driver \Driver\WudfRd failed to load for the device SWD\WPDBUSENUM\_??_USBSTOR#Disk&Ven_Generic&Prod_STORAGE_DEVICE&Rev_9744#000000009744&4#{53f56307-b6bf-11d0-94f2-00a0c91efb8b}.

Event[278]:
  Log Name: System
  Source: Microsoft-Windows-FilterManager
  Date: 2017-05-15T16:06:29.935
  Event ID: 6
  Task: N/A
  Level: Information
  Opcode: Info
  Keyword: N/A
  User: S-1-5-18
  User Name: NT AUTHORITY\SYSTEM
  Computer: asus
  Description: 
File System Filter 'luafv' (10.0, ?2037?-?06?-?08T11:55:59.000000000Z) has successfully loaded and registered with Filter Manager.

Event[279]:
  Log Name: System
  Source: Service Control Manager
  Date: 2017-05-15T16:06:30.101
  Event ID: 7000
  Task: N/A
  Level: Error
  Opcode: N/A
  Keyword: Classic
  User: N/A
  User Name: N/A
  Computer: asus
  Description: 
The CldFlt service failed to start due to the following error: 
The request is not supported.

Event[280]:
  Log Name: System
  Source: Microsoft-Windows-FilterManager
  Date: 2017-05-15T16:06:30.377
  Event ID: 6
  Task: N/A
  Level: Information
  Opcode: Info
  Keyword: N/A
  User: S-1-5-18
  User Name: NT AUTHORITY\SYSTEM
  Computer: asus
  Description: 
File System Filter 'storqosflt' (10.0, ?2015?-?12?-?18T05:36:27.000000000Z) has successfully loaded and registered with Filter Manager.

Event[281]:
  Log Name: System
  Source: Microsoft-Windows-FilterManager
  Date: 2017-05-15T16:06:30.479
  Event ID: 6
  Task: N/A
  Level: Information
  Opcode: Info
  Keyword: N/A
  User: S-1-5-18
  User Name: NT AUTHORITY\SYSTEM
  Computer: asus
  Description: 
File System Filter 'avgntflt' (6.3, ?2016?-?12?-?16T17:52:04.000000000Z) has successfully loaded and registered with Filter Manager.

Event[282]:
  Log Name: System
  Source: avgntflt
  Date: 2017-05-15T16:06:30.476
  Event ID: 17
  Task: N/A
  Level: Information
  Opcode: N/A
  Keyword: Classic
  User: N/A
  User Name: N/A
  Computer: asus
  Description: 
avgntflt.sys successfully loaded

Event[283]:
  Log Name: System
  Source: Microsoft-Windows-Eventlog
  Date: 2017-05-15T16:06:30.761
  Event ID: 22
  Task: Service startup
  Level: Error
  Opcode: Info
  Keyword: Service availability
  User: S-1-5-19
  User Name: NT AUTHORITY\LOCAL SERVICE
  Computer: asus
  Description: 
The event logging service encountered an error while initializing publishing resources for channel DebugChannel. If channel type is Analytic or Debug, then this could mean there was an error initializing logging resources as well.

Event[284]:
  Log Name: System
  Source: Microsoft-Windows-Dhcp-Client
  Date: 2017-05-15T16:06:30.762
  Event ID: 50036
  Task: Service State Event
  Level: Information
  Opcode: ServiceStart
  Keyword: N/A
  User: S-1-5-19
  User Name: NT AUTHORITY\LOCAL SERVICE
  Computer: asus
  Description: 
DHCPv4 client service is started

Event[285]:
  Log Name: System
  Source: Microsoft-Windows-Dhcp-Client
  Date: 2017-05-15T16:06:30.788
  Event ID: 50103
  Task: Service State Event
  Level: Information
  Opcode: ServiceShutdown
  Keyword: N/A
  User: S-1-5-19
  User Name: NT AUTHORITY\LOCAL SERVICE
  Computer: asus
  Description: 
DHCPv4 client registered for shutdown notification

Event[286]:
  Log Name: System
  Source: Microsoft-Windows-Eventlog
  Date: 2017-05-15T16:06:31.408
  Event ID: 22
  Task: Service startup
  Level: Error
  Opcode: Info
  Keyword: Service availability
  User: S-1-5-19
  User Name: NT AUTHORITY\LOCAL SERVICE
  Computer: asus
  Description: 
The event logging service encountered an error while initializing publishing resources for channel Microsoft-RMS-MSIPC/Debug. If channel type is Analytic or Debug, then this could mean there was an error initializing logging resources as well.

Event[287]:
  Log Name: System
  Source: Microsoft-Windows-DHCPv6-Client
  Date: 2017-05-15T16:06:31.480
  Event ID: 51046
  Task: Service State Event
  Level: Information
  Opcode: ServiceStart
  Keyword: N/A
  User: S-1-5-19
  User Name: NT AUTHORITY\LOCAL SERVICE
  Computer: asus
  Description: 
DHCPv6 client service is started

Event[288]:
  Log Name: System
  Source: Service Control Manager
  Date: 2017-05-15T16:06:53.363
  Event ID: 7045
  Task: N/A
  Level: Information
  Opcode: N/A
  Keyword: Classic
  User: S-1-5-18
  User Name: NT AUTHORITY\SYSTEM
  Computer: asus
  Description: 
A service was installed in the system.

Service Name:  WSD Print Support
Service File Name:  \SystemRoot\System32\drivers\WSDPrint.sys
Service Type:  kernel mode driver
Service Start Type:  demand start
Service Account:  

Event[289]:
  Log Name: System
  Source: Microsoft-Windows-UserPnp
  Date: 2017-05-15T16:06:54.392
  Event ID: 20001
  Task: N/A
  Level: Information
  Opcode: Info
  Keyword: N/A
  User: S-1-5-18
  User Name: NT AUTHORITY\SYSTEM
  Computer: asus
  Description: 
Driver Management concluded the process to install driver wsdprint.inf_amd64_3f5d0d49cfee1d0a\wsdprint.inf for Device Instance ID SWD\DAFWSDPROVIDER\URN:UUID:1C852A4D-B800-1F08-ABCD-EC9A748E0A70/HTTP://1C852A4D-B800-1F08-ABCD-EC9A748E0A70/PRINTSERVICE with the following status: 0x0.

Event[290]:
  Log Name: System
  Source: Server
  Date: 2017-05-15T16:07:11.504
  Event ID: 2511
  Task: N/A
  Level: Warning
  Opcode: N/A
  Keyword: Classic
  User: N/A
  User Name: N/A
  Computer: asus
  Description: 
The server service was unable to recreate the share Scanned Items because the directory C:\Users\dypcdiver\Documents\Scanned Items no longer exists.  Please run "net share Scanned Items /delete" to delete the share, or recreate the directory C:\Users\dypcdiver\Documents\Scanned Items.

Event[291]:
  Log Name: System
  Source: Service Control Manager
  Date: 2017-05-15T16:07:13.254
  Event ID: 7045
  Task: N/A
  Level: Information
  Opcode: N/A
  Keyword: Classic
  User: S-1-5-18
  User Name: NT AUTHORITY\SYSTEM
  Computer: asus
  Description: 
A service was installed in the system.

Service Name:  Microsoft Tunnel Miniport Adapter Driver
Service File Name:  \SystemRoot\System32\drivers\tunnel.sys
Service Type:  kernel mode driver
Service Start Type:  demand start
Service Account:  

Event[292]:
  Log Name: System
  Source: Microsoft-Windows-UserPnp
  Date: 2017-05-15T16:07:14.049
  Event ID: 20001
  Task: N/A
  Level: Information
  Opcode: Info
  Keyword: N/A
  User: S-1-5-18
  User Name: NT AUTHORITY\SYSTEM
  Computer: asus
  Description: 
Driver Management concluded the process to install driver nettun.inf_amd64_837305602f93b1b9\nettun.inf for Device Instance ID SWD\IP_TUNNEL_VBUS\TEREDO_TUNNEL_DEVICE with the following status: 0x0.

Event[293]:
  Log Name: System
  Source: Microsoft-Windows-Kernel-General
  Date: 2017-05-15T16:07:31.689
  Event ID: 1
  Task: N/A
  Level: Information
  Opcode: Info
  Keyword: Time
  User: S-1-5-18
  User Name: NT AUTHORITY\SYSTEM
  Computer: asus
  Description: 
The system time has changed to ?2017?-?05?-?15T14:07:31.699000000Z from ?2017?-?05?-?15T14:07:32.232526800Z.

Change Reason: An application or system component changed the time.

Event[294]:
  Log Name: System
  Source: Microsoft-Windows-Time-Service
  Date: 2017-05-15T16:07:32.587
  Event ID: 158
  Task: N/A
  Level: Information
  Opcode: Info
  Keyword: N/A
  User: S-1-5-19
  User Name: NT AUTHORITY\LOCAL SERVICE
  Computer: asus
  Description: 
The time provider 'VMICTimeProvider' has indicated that the current hardware and operating environment is not supported and has stopped. This behavior is expected for VMICTimeProvider on non-HyperV-guest environments. This may be the expected behavior for the current provider in the current operating environment as well.

Event[295]:
  Log Name: System
  Source: Microsoft-Windows-Time-Service
  Date: 2017-05-15T16:07:34.264
  Event ID: 37
  Task: N/A
  Level: Information
  Opcode: Info
  Keyword: N/A
  User: S-1-5-19
  User Name: NT AUTHORITY\LOCAL SERVICE
  Computer: asus
  Description: 
The time provider NtpClient is currently receiving valid time data from time.windows.com,0x9 (ntp.m|0x9|0.0.0.0:123->52.166.120.77:123).

Event[296]:
  Log Name: System
  Source: Microsoft-Windows-Time-Service
  Date: 2017-05-15T16:07:48.681
  Event ID: 35
  Task: N/A
  Level: Information
  Opcode: Info
  Keyword: N/A
  User: S-1-5-19
  User Name: NT AUTHORITY\LOCAL SERVICE
  Computer: asus
  Description: 
The time service is now synchronizing the system time with the time source time.windows.com,0x9 (ntp.m|0x9|0.0.0.0:123->52.166.120.77:123).

Event[297]:
  Log Name: System
  Source: Service Control Manager
  Date: 2017-05-15T16:07:49.008
  Event ID: 7040
  Task: N/A
  Level: Information
  Opcode: N/A
  Keyword: Classic
  User: S-1-5-18
  User Name: NT AUTHORITY\SYSTEM
  Computer: asus
  Description: 
The start type of the BITS service was changed from demand start to auto start.

Event[298]:
  Log Name: System
  Source: Service Control Manager
  Date: 2017-05-15T16:07:52.227
  Event ID: 7026
  Task: N/A
  Level: Information
  Opcode: N/A
  Keyword: Classic
  User: N/A
  User Name: N/A
  Computer: asus
  Description: 
The following boot-start or system-start driver(s) did not load: 
dam
EhStorClass

Event[299]:
  Log Name: System
  Source: Service Control Manager
  Date: 2017-05-15T16:08:45.899
  Event ID: 7040
  Task: N/A
  Level: Information
  Opcode: N/A
  Keyword: Classic
  User: S-1-5-18
  User Name: NT AUTHORITY\SYSTEM
  Computer: asus
  Description: 
The start type of the Distributed Transaction Coordinator service was changed from demand start to auto start.

Event[300]:
  Log Name: System
  Source: Service Control Manager
  Date: 2017-05-15T16:08:49.289
  Event ID: 7040
  Task: N/A
  Level: Information
  Opcode: N/A
  Keyword: Classic
  User: S-1-5-18
  User Name: NT AUTHORITY\SYSTEM
  Computer: asus
  Description: 
The start type of the Distributed Transaction Coordinator service was changed from auto start to demand start.

Event[301]:
  Log Name: System
  Source: Microsoft-Windows-UserPnp
  Date: 2017-05-15T16:10:01.892
  Event ID: 20001
  Task: N/A
  Level: Information
  Opcode: Info
  Keyword: N/A
  User: S-1-5-18
  User Name: NT AUTHORITY\SYSTEM
  Computer: asus
  Description: 
Driver Management concluded the process to install driver hpvpl09.inf_amd64_6d04c3df7858e88c\hpvpl09.inf for Device Instance ID SWD\PRINTENUM\WSD-987509C4-DD3D-4FA3-95A3-CDF67E206243.003D with the following status: 0x0.

Event[302]:
  Log Name: System
  Source: Service Control Manager
  Date: 2017-05-15T16:11:19.821
  Event ID: 7040
  Task: N/A
  Level: Information
  Opcode: N/A
  Keyword: Classic
  User: S-1-5-18
  User Name: NT AUTHORITY\SYSTEM
  Computer: asus
  Description: 
The start type of the Task Scheduler service was changed from disabled to demand start.

Event[303]:
  Log Name: System
  Source: Service Control Manager
  Date: 2017-05-15T16:11:22.477
  Event ID: 7040
  Task: N/A
  Level: Information
  Opcode: N/A
  Keyword: Classic
  User: S-1-5-18
  User Name: NT AUTHORITY\SYSTEM
  Computer: asus
  Description: 
The start type of the Task Scheduler service was changed from demand start to disabled.

Event[304]:
  Log Name: System
  Source: Service Control Manager
  Date: 2017-05-15T16:11:23.321
  Event ID: 7040
  Task: N/A
  Level: Information
  Opcode: N/A
  Keyword: Classic
  User: S-1-5-18
  User Name: NT AUTHORITY\SYSTEM
  Computer: asus
  Description: 
The start type of the Distributed Transaction Coordinator service was changed from demand start to auto start.

Event[305]:
  Log Name: System
  Source: Service Control Manager
  Date: 2017-05-15T16:11:38.555
  Event ID: 7040
  Task: N/A
  Level: Information
  Opcode: N/A
  Keyword: Classic
  User: S-1-5-18
  User Name: NT AUTHORITY\SYSTEM
  Computer: asus
  Description: 
The start type of the Distributed Transaction Coordinator service was changed from auto start to demand start.

Event[306]:
  Log Name: System
  Source: Microsoft-Windows-Kernel-General
  Date: 2017-05-15T16:11:44.609
  Event ID: 16
  Task: N/A
  Level: Information
  Opcode: Info
  Keyword: N/A
  User: S-1-5-18
  User Name: NT AUTHORITY\SYSTEM
  Computer: asus
  Description: 
The access history in hive \??\C:\ProgramData\Microsoft\Windows\AppRepository\Packages\1527c705-839a-4832-9118-54d4Bd6a0c89_10.0.15063.296_neutral_neutral_cw5n1h2txyewy\ActivationStore.dat was cleared updating 0 keys and creating 0 modified pages.

Event[307]:
  Log Name: System
  Source: Microsoft-Windows-Kernel-General
  Date: 2017-05-15T16:11:45.782
  Event ID: 16
  Task: N/A
  Level: Information
  Opcode: Info
  Keyword: N/A
  User: S-1-5-18
  User Name: NT AUTHORITY\SYSTEM
  Computer: asus
  Description: 
The access history in hive \??\C:\ProgramData\Microsoft\Windows\AppRepository\Packages\c5e2524a-ea46-4f67-841f-6a9465d9d515_10.0.15063.0_neutral_neutral_cw5n1h2txyewy\ActivationStore.dat was cleared updating 0 keys and creating 0 modified pages.

Event[308]:
  Log Name: System
  Source: Microsoft-Windows-Kernel-General
  Date: 2017-05-15T16:11:46.338
  Event ID: 16
  Task: N/A
  Level: Information
  Opcode: Info
  Keyword: N/A
  User: S-1-5-18
  User Name: NT AUTHORITY\SYSTEM
  Computer: asus
  Description: 
The access history in hive \??\C:\ProgramData\Microsoft\Windows\AppRepository\Packages\CortanaListenUIApp_10.0.15063.0_neutral__cw5n1h2txyewy\ActivationStore.dat was cleared updating 0 keys and creating 0 modified pages.

Event[309]:
  Log Name: System
  Source: Microsoft-Windows-Kernel-General
  Date: 2017-05-15T16:11:46.852
  Event ID: 16
  Task: N/A
  Level: Information
  Opcode: Info
  Keyword: N/A
  User: S-1-5-18
  User Name: NT AUTHORITY\SYSTEM
  Computer: asus
  Description: 
The access history in hive \??\C:\ProgramData\Microsoft\Windows\AppRepository\Packages\DesktopLearning_1000.15063.0.0_neutral__cw5n1h2txyewy\ActivationStore.dat was cleared updating 0 keys and creating 0 modified pages.

Event[310]:
  Log Name: System
  Source: Microsoft-Windows-Kernel-General
  Date: 2017-05-15T16:11:47.306
  Event ID: 16
  Task: N/A
  Level: Information
  Opcode: Info
  Keyword: N/A
  User: S-1-5-18
  User Name: NT AUTHORITY\SYSTEM
  Computer: asus
  Description: 
The access history in hive \??\C:\ProgramData\Microsoft\Windows\AppRepository\Packages\DesktopView_1000.15063.0.0_neutral_neutral_cw5n1h2txyewy\ActivationStore.dat was cleared updating 0 keys and creating 0 modified pages.

Event[311]:
  Log Name: System
  Source: Microsoft-Windows-Kernel-General
  Date: 2017-05-15T16:11:47.822
  Event ID: 16
  Task: N/A
  Level: Information
  Opcode: Info
  Keyword: N/A
  User: S-1-5-18
  User Name: NT AUTHORITY\SYSTEM
  Computer: asus
  Description: 
The access history in hive \??\C:\ProgramData\Microsoft\Windows\AppRepository\Packages\E2A4F912-2574-4A75-9BB0-0D023378592B_10.0.15063.296_neutral_neutral_cw5n1h2txyewy\ActivationStore.dat was cleared updating 0 keys and creating 0 modified pages.

Event[312]:
  Log Name: System
  Source: Microsoft-Windows-Kernel-General
  Date: 2017-05-15T16:11:48.310
  Event ID: 16
  Task: N/A
  Level: Information
  Opcode: Info
  Keyword: N/A
  User: S-1-5-18
  User Name: NT AUTHORITY\SYSTEM
  Computer: asus
  Description: 
The access history in hive \??\C:\ProgramData\Microsoft\Windows\AppRepository\Packages\EnvironmentsApp_10.0.15063.0_neutral__cw5n1h2txyewy\ActivationStore.dat was cleared updating 0 keys and creating 0 modified pages.

Event[313]:
  Log Name: System
  Source: Microsoft-Windows-Kernel-General
  Date: 2017-05-15T16:11:48.823
  Event ID: 16
  Task: N/A
  Level: Information
  Opcode: Info
  Keyword: N/A
  User: S-1-5-18
  User Name: NT AUTHORITY\SYSTEM
  Computer: asus
  Description: 
The access history in hive \??\C:\ProgramData\Microsoft\Windows\AppRepository\Packages\HoloCamera_1.0.0.5_neutral__cw5n1h2txyewy\ActivationStore.dat was cleared updating 0 keys and creating 0 modified pages.

Event[314]:
  Log Name: System
  Source: Microsoft-Windows-Kernel-General
  Date: 2017-05-15T16:11:49.456
  Event ID: 16
  Task: N/A
  Level: Information
  Opcode: Info
  Keyword: N/A
  User: S-1-5-18
  User Name: NT AUTHORITY\SYSTEM
  Computer: asus
  Description: 
The access history in hive \??\C:\ProgramData\Microsoft\Windows\AppRepository\Packages\HoloItemPlayerApp_1.0.0.2_neutral__cw5n1h2txyewy\ActivationStore.dat was cleared updating 0 keys and creating 0 modified pages.

Event[315]:
  Log Name: System
  Source: Microsoft-Windows-Kernel-General
  Date: 2017-05-15T16:11:50.059
  Event ID: 16
  Task: N/A
  Level: Information
  Opcode: Info
  Keyword: N/A
  User: S-1-5-18
  User Name: NT AUTHORITY\SYSTEM
  Computer: asus
  Description: 
The access history in hive \??\C:\ProgramData\Microsoft\Windows\AppRepository\Packages\HoloShell_10.0.15063.0_neutral__cw5n1h2txyewy\ActivationStore.dat was cleared updating 0 keys and creating 0 modified pages.

Event[316]:
  Log Name: System
  Source: Microsoft-Windows-Kernel-General
  Date: 2017-05-15T16:11:50.637
  Event ID: 16
  Task: N/A
  Level: Information
  Opcode: Info
  Keyword: N/A
  User: S-1-5-18
  User Name: NT AUTHORITY\SYSTEM
  Computer: asus
  Description: 
The access history in hive \??\C:\ProgramData\Microsoft\Windows\AppRepository\Packages\Microsoft.AAD.BrokerPlugin_1000.15063.0.0_neutral_neutral_cw5n1h2txyewy\ActivationStore.dat was cleared updating 0 keys and creating 0 modified pages.

Event[317]:
  Log Name: System
  Source: Microsoft-Windows-Kernel-General
  Date: 2017-05-15T16:11:51.202
  Event ID: 16
  Task: N/A
  Level: Information
  Opcode: Info
  Keyword: N/A
  User: S-1-5-18
  User Name: NT AUTHORITY\SYSTEM
  Computer: asus
  Description: 
The access history in hive \??\C:\ProgramData\Microsoft\Windows\AppRepository\Packages\Microsoft.AccountsControl_10.0.15063.296_neutral__cw5n1h2txyewy\ActivationStore.dat was cleared updating 0 keys and creating 0 modified pages.

Event[318]:
  Log Name: System
  Source: Microsoft-Windows-Kernel-General
  Date: 2017-05-15T16:11:51.858
  Event ID: 16
  Task: N/A
  Level: Information
  Opcode: Info
  Keyword: N/A
  User: S-1-5-18
  User Name: NT AUTHORITY\SYSTEM
  Computer: asus
  Description: 
The access history in hive \??\C:\ProgramData\Microsoft\Windows\AppRepository\Packages\Microsoft.BioEnrollment_10.0.15063.0_neutral__cw5n1h2txyewy\ActivationStore.dat was cleared updating 0 keys and creating 0 modified pages.

Event[319]:
  Log Name: System
  Source: Microsoft-Windows-Kernel-General
  Date: 2017-05-15T16:11:52.423
  Event ID: 16
  Task: N/A
  Level: Information
  Opcode: Info
  Keyword: N/A
  User: S-1-5-18
  User Name: NT AUTHORITY\SYSTEM
  Computer: asus
  Description: 
The access history in hive \??\C:\ProgramData\Microsoft\Windows\AppRepository\Packages\Microsoft.CredDialogHost_10.0.15063.0_neutral__cw5n1h2txyewy\ActivationStore.dat was cleared updating 0 keys and creating 0 modified pages.

Event[320]:
  Log Name: System
  Source: Microsoft-Windows-Kernel-General
  Date: 2017-05-15T16:11:52.884
  Event ID: 16
  Task: N/A
  Level: Information
  Opcode: Info
  Keyword: N/A
  User: S-1-5-18
  User Name: NT AUTHORITY\SYSTEM
  Computer: asus
  Description: 
The access history in hive \??\C:\ProgramData\Microsoft\Windows\AppRepository\Packages\Microsoft.LockApp_10.0.15063.0_neutral__cw5n1h2txyewy\ActivationStore.dat was cleared updating 0 keys and creating 0 modified pages.

Event[321]:
  Log Name: System
  Source: Microsoft-Windows-Kernel-General
  Date: 2017-05-15T16:11:53.448
  Event ID: 16
  Task: N/A
  Level: Information
  Opcode: Info
  Keyword: N/A
  User: S-1-5-18
  User Name: NT AUTHORITY\SYSTEM
  Computer: asus
  Description: 
The access history in hive \??\C:\ProgramData\Microsoft\Windows\AppRepository\Packages\Microsoft.MicrosoftEdge_40.15063.0.0_neutral__8wekyb3d8bbwe\ActivationStore.dat was cleared updating 0 keys and creating 0 modified pages.

Event[322]:
  Log Name: System
  Source: Microsoft-Windows-Kernel-General
  Date: 2017-05-15T16:11:54.006
  Event ID: 16
  Task: N/A
  Level: Information
  Opcode: Info
  Keyword: N/A
  User: S-1-5-18
  User Name: NT AUTHORITY\SYSTEM
  Computer: asus
  Description: 
The access history in hive \??\C:\ProgramData\Microsoft\Windows\AppRepository\Packages\Microsoft.PPIProjection_10.0.15063.0_neutral_neutral_cw5n1h2txyewy\ActivationStore.dat was cleared updating 0 keys and creating 0 modified pages.

Event[323]:
  Log Name: System
  Source: Microsoft-Windows-Kernel-General
  Date: 2017-05-15T16:11:54.531
  Event ID: 16
  Task: N/A
  Level: Information
  Opcode: Info
  Keyword: N/A
  User: S-1-5-18
  User Name: NT AUTHORITY\SYSTEM
  Computer: asus
  Description: 
The access history in hive \??\C:\ProgramData\Microsoft\Windows\AppRepository\Packages\Microsoft.Windows.Apprep.ChxApp_1000.15063.0.0_neutral_neutral_cw5n1h2txyewy\ActivationStore.dat was cleared updating 0 keys and creating 0 modified pages.

Event[324]:
  Log Name: System
  Source: Microsoft-Windows-Kernel-General
  Date: 2017-05-15T16:11:55.031
  Event ID: 16
  Task: N/A
  Level: Information
  Opcode: Info
  Keyword: N/A
  User: S-1-5-18
  User Name: NT AUTHORITY\SYSTEM
  Computer: asus
  Description: 
The access history in hive \??\C:\ProgramData\Microsoft\Windows\AppRepository\Packages\Microsoft.Windows.AssignedAccessLockApp_1000.15063.0.0_neutral_neutral_cw5n1h2txyewy\ActivationStore.dat was cleared updating 0 keys and creating 0 modified pages.

Event[325]:
  Log Name: System
  Source: Microsoft-Windows-Kernel-General
  Date: 2017-05-15T16:11:55.535
  Event ID: 16
  Task: N/A
  Level: Information
  Opcode: Info
  Keyword: N/A
  User: S-1-5-18
  User Name: NT AUTHORITY\SYSTEM
  Computer: asus
  Description: 
The access history in hive \??\C:\ProgramData\Microsoft\Windows\AppRepository\Packages\Microsoft.Windows.CloudExperienceHost_10.0.15063.0_neutral_neutral_cw5n1h2txyewy\ActivationStore.dat was cleared updating 0 keys and creating 0 modified pages.

Event[326]:
  Log Name: System
  Source: Microsoft-Windows-Kernel-General
  Date: 2017-05-15T16:11:56.109
  Event ID: 16
  Task: N/A
  Level: Information
  Opcode: Info
  Keyword: N/A
  User: S-1-5-18
  User Name: NT AUTHORITY\SYSTEM
  Computer: asus
  Description: 
The access history in hive \??\C:\ProgramData\Microsoft\Windows\AppRepository\Packages\Microsoft.Windows.ContentDeliveryManager_10.0.15063.0_neutral_neutral_cw5n1h2txyewy\ActivationStore.dat was cleared updating 0 keys and creating 0 modified pages.

Event[327]:
  Log Name: System
  Source: Microsoft-Windows-Kernel-General
  Date: 2017-05-15T16:11:57.105
  Event ID: 16
  Task: N/A
  Level: Information
  Opcode: Info
  Keyword: N/A
  User: S-1-5-18
  User Name: NT AUTHORITY\SYSTEM
  Computer: asus
  Description: 
The access history in hive \??\C:\ProgramData\Microsoft\Windows\AppRepository\Packages\Microsoft.Windows.Cortana_1.8.12.15063_neutral_neutral_cw5n1h2txyewy\ActivationStore.dat was cleared updating 0 keys and creating 0 modified pages.

Event[328]:
  Log Name: System
  Source: Microsoft-Windows-Kernel-General
  Date: 2017-05-15T16:11:57.666
  Event ID: 16
  Task: N/A
  Level: Information
  Opcode: Info
  Keyword: N/A
  User: S-1-5-18
  User Name: NT AUTHORITY\SYSTEM
  Computer: asus
  Description: 
The access history in hive \??\C:\ProgramData\Microsoft\Windows\AppRepository\Packages\Microsoft.Windows.HolographicFirstRun_10.0.15063.0_neutral_neutral_cw5n1h2txyewy\ActivationStore.dat was cleared updating 0 keys and creating 0 modified pages.

Event[329]:
  Log Name: System
  Source: Microsoft-Windows-Kernel-General
  Date: 2017-05-15T16:11:58.131
  Event ID: 16
  Task: N/A
  Level: Information
  Opcode: Info
  Keyword: N/A
  User: S-1-5-18
  User Name: NT AUTHORITY\SYSTEM
  Computer: asus
  Description: 
The access history in hive \??\C:\ProgramData\Microsoft\Windows\AppRepository\Packages\Microsoft.Windows.ModalSharePickerHost_1000.15063.0.0_neutral_neutral_cw5n1h2txyewy\ActivationStore.dat was cleared updating 0 keys and creating 0 modified pages.

Event[330]:
  Log Name: System
  Source: Microsoft-Windows-Kernel-General
  Date: 2017-05-15T16:11:58.632
  Event ID: 16
  Task: N/A
  Level: Information
  Opcode: Info
  Keyword: N/A
  User: S-1-5-18
  User Name: NT AUTHORITY\SYSTEM
  Computer: asus
  Description: 
The access history in hive \??\C:\ProgramData\Microsoft\Windows\AppRepository\Packages\Microsoft.Windows.OOBENetworkCaptivePortal_10.0.15063.0_neutral__cw5n1h2txyewy\ActivationStore.dat was cleared updating 0 keys and creating 0 modified pages.

Event[331]:
  Log Name: System
  Source: Microsoft-Windows-Kernel-General
  Date: 2017-05-15T16:11:59.106
  Event ID: 16
  Task: N/A
  Level: Information
  Opcode: Info
  Keyword: N/A
  User: S-1-5-18
  User Name: NT AUTHORITY\SYSTEM
  Computer: asus
  Description: 
The access history in hive \??\C:\ProgramData\Microsoft\Windows\AppRepository\Packages\Microsoft.Windows.OOBENetworkConnectionFlow_10.0.15063.0_neutral__cw5n1h2txyewy\ActivationStore.dat was cleared updating 0 keys and creating 0 modified pages.

Event[332]:
  Log Name: System
  Source: Microsoft-Windows-Kernel-General
  Date: 2017-05-15T16:11:59.567
  Event ID: 16
  Task: N/A
  Level: Information
  Opcode: Info
  Keyword: N/A
  User: S-1-5-18
  User Name: NT AUTHORITY\SYSTEM
  Computer: asus
  Description: 
The access history in hive \??\C:\ProgramData\Microsoft\Windows\AppRepository\Packages\Microsoft.Windows.ParentalControls_1000.15063.0.0_neutral_neutral_cw5n1h2txyewy\ActivationStore.dat was cleared updating 0 keys and creating 0 modified pages.

Event[333]:
  Log Name: System
  Source: Microsoft-Windows-Kernel-General
  Date: 2017-05-15T16:12:00.167
  Event ID: 16
  Task: N/A
  Level: Information
  Opcode: Info
  Keyword: N/A
  User: S-1-5-18
  User Name: NT AUTHORITY\SYSTEM
  Computer: asus
  Description: 
The access history in hive \??\C:\ProgramData\Microsoft\Windows\AppRepository\Packages\Microsoft.Windows.SecHealthUI_10.0.15063.0_neutral__cw5n1h2txyewy\ActivationStore.dat was cleared updating 0 keys and creating 0 modified pages.

Event[334]:
  Log Name: System
  Source: Microsoft-Windows-Kernel-General
  Date: 2017-05-15T16:12:00.742
  Event ID: 16
  Task: N/A
  Level: Information
  Opcode: Info
  Keyword: N/A
  User: S-1-5-18
  User Name: NT AUTHORITY\SYSTEM
  Computer: asus
  Description: 
The access history in hive \??\C:\ProgramData\Microsoft\Windows\AppRepository\Packages\Microsoft.Windows.SecureAssessmentBrowser_10.0.15063.0_neutral_neutral_cw5n1h2txyewy\ActivationStore.dat was cleared updating 0 keys and creating 0 modified pages.

Event[335]:
  Log Name: System
  Source: Microsoft-Windows-Kernel-General
  Date: 2017-05-15T16:12:01.282
  Event ID: 16
  Task: N/A
  Level: Information
  Opcode: Info
  Keyword: N/A
  User: S-1-5-18
  User Name: NT AUTHORITY\SYSTEM
  Computer: asus
  Description: 
The access history in hive \??\C:\ProgramData\Microsoft\Windows\AppRepository\Packages\Microsoft.Windows.ShellExperienceHost_10.0.15063.296_neutral_neutral_cw5n1h2txyewy\ActivationStore.dat was cleared updating 0 keys and creating 0 modified pages.

Event[336]:
