Event[0]:
  Log Name: System
  Source: EventLog
  Date: 2017-10-09T01:17:58.351
  Event ID: 6009
  Task: N/A
  Level: Information
  Opcode: N/A
  Keyword: Classic
  User: N/A
  User Name: N/A
  Computer: WIN-FMKOBU77TFV
  Description: 
Microsoft (R) Windows (R) 10.00. 15063  Multiprocessor Free.

Event[1]:
  Log Name: System
  Source: EventLog
  Date: 2017-10-09T01:17:58.351
  Event ID: 6005
  Task: N/A
  Level: Information
  Opcode: N/A
  Keyword: Classic
  User: N/A
  User Name: N/A
  Computer: WIN-FMKOBU77TFV
  Description: 
The Event log service was started.

Event[2]:
  Log Name: System
  Source: Microsoft-Windows-Kernel-General
  Date: 2017-10-09T01:17:47.519
  Event ID: 12
  Task: N/A
  Level: Information
  Opcode: Info
  Keyword: N/A
  User: S-1-5-18
  User Name: NT-AUTORITÄT\SYSTEM
  Computer: WIN-FMKOBU77TFV
  Description: 
The operating system started at system time ?2017?-?10?-?08T23:17:47.488414700Z.

Event[3]:
  Log Name: System
  Source: Microsoft-Windows-Kernel-Boot
  Date: 2017-10-09T01:17:47.519
  Event ID: 153
  Task: N/A
  Level: Information
  Opcode: Info
  Keyword: N/A
  User: S-1-5-18
  User Name: NT-AUTORITÄT\SYSTEM
  Computer: WIN-FMKOBU77TFV
  Description: 
Virtualization-based security (policies: 0) is disabled.

Event[4]:
  Log Name: System
  Source: Microsoft-Windows-Kernel-Boot
  Date: 2017-10-09T01:17:47.520
  Event ID: 18
  Task: N/A
  Level: Information
  Opcode: Info
  Keyword: N/A
  User: S-1-5-18
  User Name: NT-AUTORITÄT\SYSTEM
  Computer: WIN-FMKOBU77TFV
  Description: 
There are 0x1 boot options on this system.

Event[5]:
  Log Name: System
  Source: Microsoft-Windows-Kernel-Boot
  Date: 2017-10-09T01:17:47.520
  Event ID: 19
  Task: N/A
  Level: Information
  Opcode: Info
  Keyword: N/A
  User: S-1-5-18
  User Name: NT-AUTORITÄT\SYSTEM
  Computer: WIN-FMKOBU77TFV
  Description: 
There are 0x1 boot tool options on this system.

Event[6]:
  Log Name: System
  Source: Microsoft-Windows-Kernel-Boot
  Date: 2017-10-09T01:17:47.520
  Event ID: 17
  Task: N/A
  Level: Information
  Opcode: Info
  Keyword: N/A
  User: S-1-5-18
  User Name: NT-AUTORITÄT\SYSTEM
  Computer: WIN-FMKOBU77TFV
  Description: 
The boot manager multi OS selection screen was displayed.

Event[7]:
  Log Name: System
  Source: Microsoft-Windows-Kernel-Boot
  Date: 2017-10-09T01:17:47.520
  Event ID: 32
  Task: N/A
  Level: Information
  Opcode: Info
  Keyword: N/A
  User: S-1-5-18
  User Name: NT-AUTORITÄT\SYSTEM
  Computer: WIN-FMKOBU77TFV
  Description: 
The bootmgr spent 0 ms waiting for user input.

Event[8]:
  Log Name: System
  Source: Microsoft-Windows-Kernel-Boot
  Date: 2017-10-09T01:17:47.520
  Event ID: 27
  Task: N/A
  Level: Information
  Opcode: Info
  Keyword: N/A
  User: S-1-5-18
  User Name: NT-AUTORITÄT\SYSTEM
  Computer: WIN-FMKOBU77TFV
  Description: 
The boot type was 0x0.

Event[9]:
  Log Name: System
  Source: Microsoft-Windows-Kernel-Boot
  Date: 2017-10-09T01:17:47.520
  Event ID: 25
  Task: N/A
  Level: Information
  Opcode: Info
  Keyword: N/A
  User: S-1-5-18
  User Name: NT-AUTORITÄT\SYSTEM
  Computer: WIN-FMKOBU77TFV
  Description: 
The boot menu policy was 0x1.

Event[10]:
  Log Name: System
  Source: Microsoft-Windows-Kernel-Boot
  Date: 2017-10-09T01:17:47.520
  Event ID: 30
  Task: N/A
  Level: Information
  Opcode: Info
  Keyword: N/A
  User: S-1-5-18
  User Name: NT-AUTORITÄT\SYSTEM
  Computer: WIN-FMKOBU77TFV
  Description: 
The firmware reported boot metrics.

Event[11]:
  Log Name: System
  Source: Microsoft-Windows-FilterManager
  Date: 2017-10-09T01:17:48.730
  Event ID: 6
  Task: N/A
  Level: Information
  Opcode: Info
  Keyword: N/A
  User: S-1-5-18
  User Name: NT-AUTORITÄT\SYSTEM
  Computer: WIN-FMKOBU77TFV
  Description: 
File System Filter 'FileInfo' (10.0, ?2042?-?06?-?30T16:43:32.000000000Z) has successfully loaded and registered with Filter Manager.

Event[12]:
  Log Name: System
  Source: Microsoft-Windows-FilterManager
  Date: 2017-10-09T01:17:48.731
  Event ID: 6
  Task: N/A
  Level: Information
  Opcode: Info
  Keyword: N/A
  User: S-1-5-18
  User Name: NT-AUTORITÄT\SYSTEM
  Computer: WIN-FMKOBU77TFV
  Description: 
File System Filter 'Wof' (10.0, ?1974?-?03?-?12T00:47:45.000000000Z) has successfully loaded and registered with Filter Manager.

Event[13]:
  Log Name: System
  Source: Microsoft-Windows-FilterManager
  Date: 2017-10-09T01:17:48.731
  Event ID: 6
  Task: N/A
  Level: Information
  Opcode: Info
  Keyword: N/A
  User: S-1-5-18
  User Name: NT-AUTORITÄT\SYSTEM
  Computer: WIN-FMKOBU77TFV
  Description: 
File System Filter 'WdFilter' (10.0, ?2102?-?10?-?04T18:25:01.000000000Z) has successfully loaded and registered with Filter Manager.

Event[14]:
  Log Name: System
  Source: Microsoft-Windows-Ntfs
  Date: 2017-10-09T01:17:49.158
  Event ID: 98
  Task: N/A
  Level: Information
  Opcode: Info
  Keyword: N/A
  User: S-1-5-18
  User Name: NT-AUTORITÄT\SYSTEM
  Computer: WIN-FMKOBU77TFV
  Description: 
Volume C: (\Device\HarddiskVolume4) is healthy.  No action is needed.

Event[15]:
  Log Name: System
  Source: Microsoft-Windows-FilterManager
  Date: 2017-10-09T01:17:49.186
  Event ID: 6
  Task: N/A
  Level: Information
  Opcode: Info
  Keyword: N/A
  User: S-1-5-18
  User Name: NT-AUTORITÄT\SYSTEM
  Computer: WIN-FMKOBU77TFV
  Description: 
File System Filter 'FileCrypt' (10.0, ?2030?-?05?-?28T10:10:59.000000000Z) has successfully loaded and registered with Filter Manager.

Event[16]:
  Log Name: System
  Source: Microsoft-Windows-FilterManager
  Date: 2017-10-09T01:17:49.260
  Event ID: 6
  Task: N/A
  Level: Information
  Opcode: Info
  Keyword: N/A
  User: S-1-5-18
  User Name: NT-AUTORITÄT\SYSTEM
  Computer: WIN-FMKOBU77TFV
  Description: 
File System Filter 'npsvctrig' (10.0, ?2097?-?07?-?25T12:18:05.000000000Z) has successfully loaded and registered with Filter Manager.

Event[17]:
  Log Name: System
  Source: Microsoft-Windows-Kernel-Power
  Date: 2017-10-09T01:17:49.340
  Event ID: 172
  Task: N/A
  Level: Information
  Opcode: Info
  Keyword: N/A
  User: S-1-5-18
  User Name: NT-AUTORITÄT\SYSTEM
  Computer: WIN-FMKOBU77TFV
  Description: 
Connectivity state in standby: Disconnected, Reason: NIC compliance

Event[18]:
  Log Name: System
  Source: Serial
  Date: 2017-10-09T01:17:49.467
  Event ID: 2
  Task: N/A
  Level: Information
  Opcode: N/A
  Keyword: Classic
  User: N/A
  User Name: N/A
  Computer: WIN-FMKOBU77TFV
  Description: 
While validating that \Device\Serial0 was really a serial port, a fifo was detected. The fifo will be used.

Event[19]:
  Log Name: System
  Source: Microsoft-Windows-Kernel-Processor-Power
  Date: 2017-10-09T01:17:49.469
  Event ID: 55
  Task: N/A
  Level: Information
  Opcode: Info
  Keyword: N/A
  User: S-1-5-18
  User Name: NT-AUTORITÄT\SYSTEM
  Computer: WIN-FMKOBU77TFV
  Description: 
Processor 0 in group 0 exposes the following power management capabilities:

Idle state type: ACPI Idle (C) States (2 state(s))

Performance state type: ACPI Performance (P) / Throttle (T) States
Nominal Frequency (MHz): 3400
Maximum performance percentage: 100
Minimum performance percentage: 64
Minimum throttle percentage: 64

Event[20]:
  Log Name: System
  Source: Microsoft-Windows-Kernel-Processor-Power
  Date: 2017-10-09T01:17:49.470
  Event ID: 55
  Task: N/A
  Level: Information
  Opcode: Info
  Keyword: N/A
  User: S-1-5-18
  User Name: NT-AUTORITÄT\SYSTEM
  Computer: WIN-FMKOBU77TFV
  Description: 
Processor 1 in group 0 exposes the following power management capabilities:

Idle state type: ACPI Idle (C) States (2 state(s))

Performance state type: ACPI Performance (P) / Throttle (T) States
Nominal Frequency (MHz): 3400
Maximum performance percentage: 100
Minimum performance percentage: 64
Minimum throttle percentage: 64

Event[21]:
  Log Name: System
  Source: Microsoft-Windows-Kernel-Processor-Power
  Date: 2017-10-09T01:17:49.470
  Event ID: 55
  Task: N/A
  Level: Information
  Opcode: Info
  Keyword: N/A
  User: S-1-5-18
  User Name: NT-AUTORITÄT\SYSTEM
  Computer: WIN-FMKOBU77TFV
  Description: 
Processor 2 in group 0 exposes the following power management capabilities:

Idle state type: ACPI Idle (C) States (2 state(s))

Performance state type: ACPI Performance (P) / Throttle (T) States
Nominal Frequency (MHz): 3400
Maximum performance percentage: 100
Minimum performance percentage: 64
Minimum throttle percentage: 64

Event[22]:
  Log Name: System
  Source: Microsoft-Windows-Kernel-Processor-Power
  Date: 2017-10-09T01:17:49.471
  Event ID: 55
  Task: N/A
  Level: Information
  Opcode: Info
  Keyword: N/A
  User: S-1-5-18
  User Name: NT-AUTORITÄT\SYSTEM
  Computer: WIN-FMKOBU77TFV
  Description: 
Processor 3 in group 0 exposes the following power management capabilities:

Idle state type: ACPI Idle (C) States (2 state(s))

Performance state type: ACPI Performance (P) / Throttle (T) States
Nominal Frequency (MHz): 3400
Maximum performance percentage: 100
Minimum performance percentage: 64
Minimum throttle percentage: 64

Event[23]:
  Log Name: System
  Source: Microsoft-Windows-Kernel-Processor-Power
  Date: 2017-10-09T01:17:49.471
  Event ID: 55
  Task: N/A
  Level: Information
  Opcode: Info
  Keyword: N/A
  User: S-1-5-18
  User Name: NT-AUTORITÄT\SYSTEM
  Computer: WIN-FMKOBU77TFV
  Description: 
Processor 4 in group 0 exposes the following power management capabilities:

Idle state type: ACPI Idle (C) States (2 state(s))

Performance state type: ACPI Performance (P) / Throttle (T) States
Nominal Frequency (MHz): 3400
Maximum performance percentage: 100
Minimum performance percentage: 64
Minimum throttle percentage: 64

Event[24]:
  Log Name: System
  Source: Microsoft-Windows-Kernel-Processor-Power
  Date: 2017-10-09T01:17:49.472
  Event ID: 55
  Task: N/A
  Level: Information
  Opcode: Info
  Keyword: N/A
  User: S-1-5-18
  User Name: NT-AUTORITÄT\SYSTEM
  Computer: WIN-FMKOBU77TFV
  Description: 
Processor 5 in group 0 exposes the following power management capabilities:

Idle state type: ACPI Idle (C) States (2 state(s))

Performance state type: ACPI Performance (P) / Throttle (T) States
Nominal Frequency (MHz): 3400
Maximum performance percentage: 100
Minimum performance percentage: 64
Minimum throttle percentage: 64

Event[25]:
  Log Name: System
  Source: Microsoft-Windows-Kernel-Processor-Power
  Date: 2017-10-09T01:17:49.472
  Event ID: 55
  Task: N/A
  Level: Information
  Opcode: Info
  Keyword: N/A
  User: S-1-5-18
  User Name: NT-AUTORITÄT\SYSTEM
  Computer: WIN-FMKOBU77TFV
  Description: 
Processor 6 in group 0 exposes the following power management capabilities:

Idle state type: ACPI Idle (C) States (2 state(s))

Performance state type: ACPI Performance (P) / Throttle (T) States
Nominal Frequency (MHz): 3400
Maximum performance percentage: 100
Minimum performance percentage: 64
Minimum throttle percentage: 64

Event[26]:
  Log Name: System
  Source: Microsoft-Windows-Kernel-Processor-Power
  Date: 2017-10-09T01:17:49.473
  Event ID: 55
  Task: N/A
  Level: Information
  Opcode: Info
  Keyword: N/A
  User: S-1-5-18
  User Name: NT-AUTORITÄT\SYSTEM
  Computer: WIN-FMKOBU77TFV
  Description: 
Processor 7 in group 0 exposes the following power management capabilities:

Idle state type: ACPI Idle (C) States (2 state(s))

Performance state type: ACPI Performance (P) / Throttle (T) States
Nominal Frequency (MHz): 3400
Maximum performance percentage: 100
Minimum performance percentage: 64
Minimum throttle percentage: 64

Event[27]:
  Log Name: System
  Source: Microsoft-Windows-Kernel-Processor-Power
  Date: 2017-10-09T01:17:49.473
  Event ID: 55
  Task: N/A
  Level: Information
  Opcode: Info
  Keyword: N/A
  User: S-1-5-18
  User Name: NT-AUTORITÄT\SYSTEM
  Computer: WIN-FMKOBU77TFV
  Description: 
Processor 8 in group 0 exposes the following power management capabilities:

Idle state type: ACPI Idle (C) States (2 state(s))

Performance state type: ACPI Performance (P) / Throttle (T) States
Nominal Frequency (MHz): 3400
Maximum performance percentage: 100
Minimum performance percentage: 64
Minimum throttle percentage: 64

Event[28]:
  Log Name: System
  Source: Microsoft-Windows-Kernel-Processor-Power
  Date: 2017-10-09T01:17:49.474
  Event ID: 55
  Task: N/A
  Level: Information
  Opcode: Info
  Keyword: N/A
  User: S-1-5-18
  User Name: NT-AUTORITÄT\SYSTEM
  Computer: WIN-FMKOBU77TFV
  Description: 
Processor 9 in group 0 exposes the following power management capabilities:

Idle state type: ACPI Idle (C) States (2 state(s))

Performance state type: ACPI Performance (P) / Throttle (T) States
Nominal Frequency (MHz): 3400
Maximum performance percentage: 100
Minimum performance percentage: 64
Minimum throttle percentage: 64

Event[29]:
  Log Name: System
  Source: Microsoft-Windows-Kernel-Processor-Power
  Date: 2017-10-09T01:17:49.474
  Event ID: 55
  Task: N/A
  Level: Information
  Opcode: Info
  Keyword: N/A
  User: S-1-5-18
  User Name: NT-AUTORITÄT\SYSTEM
  Computer: WIN-FMKOBU77TFV
  Description: 
Processor 10 in group 0 exposes the following power management capabilities:

Idle state type: ACPI Idle (C) States (2 state(s))

Performance state type: ACPI Performance (P) / Throttle (T) States
Nominal Frequency (MHz): 3400
Maximum performance percentage: 100
Minimum performance percentage: 64
Minimum throttle percentage: 64

Event[30]:
  Log Name: System
  Source: Microsoft-Windows-Kernel-Processor-Power
  Date: 2017-10-09T01:17:49.475
  Event ID: 55
  Task: N/A
  Level: Information
  Opcode: Info
  Keyword: N/A
  User: S-1-5-18
  User Name: NT-AUTORITÄT\SYSTEM
  Computer: WIN-FMKOBU77TFV
  Description: 
Processor 11 in group 0 exposes the following power management capabilities:

Idle state type: ACPI Idle (C) States (2 state(s))

Performance state type: ACPI Performance (P) / Throttle (T) States
Nominal Frequency (MHz): 3400
Maximum performance percentage: 100
Minimum performance percentage: 64
Minimum throttle percentage: 64

Event[31]:
  Log Name: System
  Source: Microsoft-Windows-Kernel-Processor-Power
  Date: 2017-10-09T01:17:49.475
  Event ID: 55
  Task: N/A
  Level: Information
  Opcode: Info
  Keyword: N/A
  User: S-1-5-18
  User Name: NT-AUTORITÄT\SYSTEM
  Computer: WIN-FMKOBU77TFV
  Description: 
Processor 12 in group 0 exposes the following power management capabilities:

Idle state type: ACPI Idle (C) States (2 state(s))

Performance state type: ACPI Performance (P) / Throttle (T) States
Nominal Frequency (MHz): 3400
Maximum performance percentage: 100
Minimum performance percentage: 64
Minimum throttle percentage: 64

Event[32]:
  Log Name: System
  Source: Microsoft-Windows-Kernel-Processor-Power
  Date: 2017-10-09T01:17:49.476
  Event ID: 55
  Task: N/A
  Level: Information
  Opcode: Info
  Keyword: N/A
  User: S-1-5-18
  User Name: NT-AUTORITÄT\SYSTEM
  Computer: WIN-FMKOBU77TFV
  Description: 
Processor 13 in group 0 exposes the following power management capabilities:

Idle state type: ACPI Idle (C) States (2 state(s))

Performance state type: ACPI Performance (P) / Throttle (T) States
Nominal Frequency (MHz): 3400
Maximum performance percentage: 100
Minimum performance percentage: 64
Minimum throttle percentage: 64

Event[33]:
  Log Name: System
  Source: Microsoft-Windows-Kernel-Processor-Power
  Date: 2017-10-09T01:17:49.476
  Event ID: 55
  Task: N/A
  Level: Information
  Opcode: Info
  Keyword: N/A
  User: S-1-5-18
  User Name: NT-AUTORITÄT\SYSTEM
  Computer: WIN-FMKOBU77TFV
  Description: 
Processor 14 in group 0 exposes the following power management capabilities:

Idle state type: ACPI Idle (C) States (2 state(s))

Performance state type: ACPI Performance (P) / Throttle (T) States
Nominal Frequency (MHz): 3400
Maximum performance percentage: 100
Minimum performance percentage: 64
Minimum throttle percentage: 64

Event[34]:
  Log Name: System
  Source: Microsoft-Windows-Kernel-Processor-Power
  Date: 2017-10-09T01:17:49.477
  Event ID: 55
  Task: N/A
  Level: Information
  Opcode: Info
  Keyword: N/A
  User: S-1-5-18
  User Name: NT-AUTORITÄT\SYSTEM
  Computer: WIN-FMKOBU77TFV
  Description: 
Processor 15 in group 0 exposes the following power management capabilities:

Idle state type: ACPI Idle (C) States (2 state(s))

Performance state type: ACPI Performance (P) / Throttle (T) States
Nominal Frequency (MHz): 3400
Maximum performance percentage: 100
Minimum performance percentage: 64
Minimum throttle percentage: 64

Event[35]:
  Log Name: System
  Source: Microsoft-Windows-Ntfs
  Date: 2017-10-09T01:17:50.225
  Event ID: 98
  Task: N/A
  Level: Information
  Opcode: Info
  Keyword: N/A
  User: S-1-5-18
  User Name: NT-AUTORITÄT\SYSTEM
  Computer: WIN-FMKOBU77TFV
  Description: 
Volume \\?\Volume{800ef89d-8257-403d-9c5a-7bf08325d54e} (\Device\HarddiskVolume1) is healthy.  No action is needed.

Event[36]:
  Log Name: System
  Source: Microsoft-Windows-Kernel-General
  Date: 2017-10-09T01:17:50.282
  Event ID: 16
  Task: N/A
  Level: Information
  Opcode: Info
  Keyword: N/A
  User: S-1-5-18
  User Name: NT-AUTORITÄT\SYSTEM
  Computer: WIN-FMKOBU77TFV
  Description: 
The access history in hive \SystemRoot\System32\config\DRIVERS was cleared updating 1 keys and creating 1 modified pages.

Event[37]:
  Log Name: System
  Source: Microsoft-Windows-Kernel-General
  Date: 2017-10-09T01:17:50.683
  Event ID: 16
  Task: N/A
  Level: Information
  Opcode: Info
  Keyword: N/A
  User: S-1-5-18
  User Name: NT-AUTORITÄT\SYSTEM
  Computer: WIN-FMKOBU77TFV
  Description: 
The access history in hive \SystemRoot\System32\Config\SOFTWARE was cleared updating 215818 keys and creating 14086 modified pages.

Event[38]:
  Log Name: System
  Source: Microsoft-Windows-Kernel-General
  Date: 2017-10-09T01:17:50.692
  Event ID: 16
  Task: N/A
  Level: Information
  Opcode: Info
  Keyword: N/A
  User: S-1-5-18
  User Name: NT-AUTORITÄT\SYSTEM
  Computer: WIN-FMKOBU77TFV
  Description: 
The access history in hive \SystemRoot\System32\Config\DEFAULT was cleared updating 70 keys and creating 6 modified pages.

Event[39]:
  Log Name: System
  Source: Microsoft-Windows-Wininit
  Date: 2017-10-09T01:17:51.710
  Event ID: 14
  Task: N/A
  Level: Information
  Opcode: Info
  Keyword: N/A
  User: S-1-5-18
  User Name: NT-AUTORITÄT\SYSTEM
  Computer: WIN-FMKOBU77TFV
  Description: 
Credential Guard (LsaIso.exe) configuration: 0x0, 0

Event[40]:
  Log Name: System
  Source: Microsoft-Windows-Kernel-General
  Date: 2017-10-09T01:17:51.735
  Event ID: 16
  Task: N/A
  Level: Information
  Opcode: Info
  Keyword: N/A
  User: S-1-5-18
  User Name: NT-AUTORITÄT\SYSTEM
  Computer: WIN-FMKOBU77TFV
  Description: 
The access history in hive \SystemRoot\System32\Config\SECURITY was cleared updating 1 keys and creating 1 modified pages.

Event[41]:
  Log Name: System
  Source: Microsoft-Windows-Directory-Services-SAM
  Date: 2017-10-09T01:17:51.901
  Event ID: 16962
  Task: N/A
  Level: Information
  Opcode: Info
  Keyword: N/A
  User: S-1-5-18
  User Name: NT-AUTORITÄT\SYSTEM
  Computer: WIN-FMKOBU77TFV
  Description: 
Remote calls to the SAM database are being restricted using the default security descriptor: O:SYG:SYD:(A;;RC;;;BA).
For more information please see http://go.microsoft.com/fwlink/?LinkId=787651.

Event[42]:
  Log Name: System
  Source: Microsoft-Windows-Kernel-General
  Date: 2017-10-09T01:17:51.902
  Event ID: 16
  Task: N/A
  Level: Information
  Opcode: Info
  Keyword: N/A
  User: S-1-5-18
  User Name: NT-AUTORITÄT\SYSTEM
  Computer: WIN-FMKOBU77TFV
  Description: 
The access history in hive \SystemRoot\System32\Config\SAM was cleared updating 1 keys and creating 1 modified pages.

Event[43]:
  Log Name: System
  Source: Microsoft-Windows-Kernel-General
  Date: 2017-10-09T01:17:52.044
  Event ID: 16
  Task: N/A
  Level: Information
  Opcode: Info
  Keyword: N/A
  User: S-1-5-18
  User Name: NT-AUTORITÄT\SYSTEM
  Computer: WIN-FMKOBU77TFV
  Description: 
The access history in hive \??\C:\Windows\ServiceProfiles\NetworkService\NTUSER.DAT was cleared updating 593 keys and creating 34 modified pages.

Event[44]:
  Log Name: System
  Source: Microsoft-Windows-Kernel-General
  Date: 2017-10-09T01:17:52.547
  Event ID: 16
  Task: N/A
  Level: Information
  Opcode: Info
  Keyword: N/A
  User: S-1-5-18
  User Name: NT-AUTORITÄT\SYSTEM
  Computer: WIN-FMKOBU77TFV
  Description: 
The access history in hive \??\C:\Windows\ServiceProfiles\LocalService\NTUSER.DAT was cleared updating 593 keys and creating 34 modified pages.

Event[45]:
  Log Name: System
  Source: Microsoft-Windows-Kernel-General
  Date: 2017-10-09T01:17:58.295
  Event ID: 16
  Task: N/A
  Level: Information
  Opcode: Info
  Keyword: N/A
  User: S-1-5-18
  User Name: NT-AUTORITÄT\SYSTEM
  Computer: WIN-FMKOBU77TFV
  Description: 
The access history in hive \SystemRoot\System32\Config\BBI was cleared updating 1 keys and creating 1 modified pages.

Event[46]:
  Log Name: System
  Source: Microsoft-Windows-FilterManager
  Date: 2017-10-09T01:17:58.351
  Event ID: 6
  Task: N/A
  Level: Information
  Opcode: Info
  Keyword: N/A
  User: S-1-5-18
  User Name: NT-AUTORITÄT\SYSTEM
  Computer: WIN-FMKOBU77TFV
  Description: 
File System Filter 'wcifs' (10.0, ?2001?-?02?-?14T05:10:20.000000000Z) has successfully loaded and registered with Filter Manager.

Event[47]:
  Log Name: System
  Source: Microsoft-Windows-FilterManager
  Date: 2017-10-09T01:17:58.364
  Event ID: 6
  Task: N/A
  Level: Information
  Opcode: Info
  Keyword: N/A
  User: S-1-5-18
  User Name: NT-AUTORITÄT\SYSTEM
  Computer: WIN-FMKOBU77TFV
  Description: 
File System Filter 'luafv' (10.0, ?2037?-?06?-?08T11:55:59.000000000Z) has successfully loaded and registered with Filter Manager.

Event[48]:
  Log Name: System
  Source: Service Control Manager
  Date: 2017-10-09T01:17:58.351
  Event ID: 7000
  Task: N/A
  Level: Error
  Opcode: N/A
  Keyword: Classic
  User: N/A
  User Name: N/A
  Computer: WIN-FMKOBU77TFV
  Description: 
The CldFlt service failed to start due to the following error: 
The request is not supported.

Event[49]:
  Log Name: System
  Source: Microsoft-Windows-FilterManager
  Date: 2017-10-09T01:17:58.369
  Event ID: 6
  Task: N/A
  Level: Information
  Opcode: Info
  Keyword: N/A
  User: S-1-5-18
  User Name: NT-AUTORITÄT\SYSTEM
  Computer: WIN-FMKOBU77TFV
  Description: 
File System Filter 'storqosflt' (10.0, ?2015?-?12?-?18T05:36:27.000000000Z) has successfully loaded and registered with Filter Manager.

Event[50]:
  Log Name: System
  Source: Microsoft-Windows-Dhcp-Client
  Date: 2017-10-09T01:17:58.406
  Event ID: 50036
  Task: Service State Event
  Level: Information
  Opcode: ServiceStart
  Keyword: N/A
  User: S-1-5-19
  User Name: NT-AUTORITÄT\Lokaler Dienst
  Computer: WIN-FMKOBU77TFV
  Description: 
DHCPv4 client service is started

Event[51]:
  Log Name: System
  Source: Microsoft-Windows-Dhcp-Client
  Date: 2017-10-09T01:17:58.407
  Event ID: 50103
  Task: Service State Event
  Level: Information
  Opcode: ServiceShutdown
  Keyword: N/A
  User: S-1-5-19
  User Name: NT-AUTORITÄT\Lokaler Dienst
  Computer: WIN-FMKOBU77TFV
  Description: 
DHCPv4 client registered for shutdown notification

Event[52]:
  Log Name: System
  Source: Microsoft-Windows-DHCPv6-Client
  Date: 2017-10-09T01:17:58.413
  Event ID: 51046
  Task: Service State Event
  Level: Information
  Opcode: ServiceStart
  Keyword: N/A
  User: S-1-5-19
  User Name: NT-AUTORITÄT\Lokaler Dienst
  Computer: WIN-FMKOBU77TFV
  Description: 
DHCPv6 client service is started

Event[53]:
  Log Name: System
  Source: Service Control Manager
  Date: 2017-10-09T01:17:58.507
  Event ID: 7023
  Task: N/A
  Level: Error
  Opcode: N/A
  Keyword: Classic
  User: N/A
  User Name: N/A
  Computer: WIN-FMKOBU77TFV
  Description: 
The Spooler service terminated with the following error: 
Ran out of memory

Event[54]:
  Log Name: System
  Source: Microsoft-Windows-Kernel-General
  Date: 2017-10-09T01:17:58.663
  Event ID: 16
  Task: N/A
  Level: Information
  Opcode: Info
  Keyword: N/A
  User: S-1-5-18
  User Name: NT-AUTORITÄT\SYSTEM
  Computer: WIN-FMKOBU77TFV
  Description: 
The access history in hive \??\C:\Windows\AppCompat\Programs\Amcache.hve was cleared updating 0 keys and creating 0 modified pages.

Event[55]:
  Log Name: System
  Source: Service Control Manager
  Date: 2017-10-09T01:17:58.710
  Event ID: 7023
  Task: N/A
  Level: Error
  Opcode: N/A
  Keyword: Classic
  User: N/A
  User Name: N/A
  Computer: WIN-FMKOBU77TFV
  Description: 
The iphlpsvc service terminated with the following error: 
The service cannot be started, either because it is disabled or because it has no enabled devices associated with it.

Event[56]:
  Log Name: System
  Source: Service Control Manager
  Date: 2017-10-09T01:17:58.913
  Event ID: 7026
  Task: N/A
  Level: Information
  Opcode: N/A
  Keyword: Classic
  User: N/A
  User Name: N/A
  Computer: WIN-FMKOBU77TFV
  Description: 
The following boot-start or system-start driver(s) did not load: 
dam
EhStorClass

Event[57]:
  Log Name: System
  Source: Microsoft-Windows-UserPnp
  Date: 2017-10-09T01:17:59.089
  Event ID: 20003
  Task: N/A
  Level: Information
  Opcode: Info
  Keyword: N/A
  User: S-1-5-18
  User Name: NT-AUTORITÄT\SYSTEM
  Computer: WIN-FMKOBU77TFV
  Description: 
Driver Management has concluded the process to add Service Serial for Device Instance ID ACPI\PNP0501\0 with the following status: 0.

Event[58]:
  Log Name: System
  Source: Microsoft-Windows-UserPnp
  Date: 2017-10-09T01:17:59.090
  Event ID: 20003
  Task: N/A
  Level: Information
  Opcode: Info
  Keyword: N/A
  User: S-1-5-18
  User Name: NT-AUTORITÄT\SYSTEM
  Computer: WIN-FMKOBU77TFV
  Description: 
Driver Management has concluded the process to add Service Serenum for Device Instance ID ACPI\PNP0501\0 with the following status: 0.

Event[59]:
  Log Name: System
  Source: Microsoft-Windows-UserPnp
  Date: 2017-10-09T01:17:59.121
  Event ID: 20001
  Task: N/A
  Level: Information
  Opcode: Info
  Keyword: N/A
  User: S-1-5-18
  User Name: NT-AUTORITÄT\SYSTEM
  Computer: WIN-FMKOBU77TFV
  Description: 
Driver Management concluded the process to install driver msports.inf_amd64_05d977a8d9cb7c99\msports.inf for Device Instance ID ACPI\PNP0501\0 with the following status: 0x0.

Event[60]:
  Log Name: System
  Source: Workstation
  Date: 2017-10-09T01:17:59.835
  Event ID: 3261
  Task: N/A
  Level: Information
  Opcode: Info
  Keyword: Classic
  User: N/A
  User Name: N/A
  Computer: WIN-FMKOBU77TFV
  Description: 
This computer has been successfully joined to workgroup 'WORKGROUP'.

Event[61]:
  Log Name: System
  Source: Microsoft-Windows-WPDClassInstaller
  Date: 2017-10-09T01:18:00.226
  Event ID: 24576
  Task: Driver Installation
  Level: Information
  Opcode: N/A
  Keyword: Classic
  User: N/A
  User Name: N/A
  Computer: WIN-FMKOBU77TFV
  Description: 
Drivers were successfully installed for device WPD Device.

Event[62]:
  Log Name: System
  Source: Microsoft-Windows-WPDClassInstaller
  Date: 2017-10-09T01:18:00.288
  Event ID: 24577
  Task: Driver Post-Install Configuration
  Level: Information
  Opcode: N/A
  Keyword: Classic
  User: N/A
  User Name: N/A
  Computer: WIN-FMKOBU77TFV
  Description: 
Media player and imaging program compatibility layers were successfully registered for device %1. Layer bits %2 were requested, layer bits %3 were registered.

Event[63]:
  Log Name: System
  Source: Microsoft-Windows-WPDClassInstaller
  Date: 2017-10-09T01:18:00.288
  Event ID: 24579
  Task: Driver Post-Install Configuration
  Level: Information
  Opcode: N/A
  Keyword: Classic
  User: N/A
  User Name: N/A
  Computer: WIN-FMKOBU77TFV
  Description: 
Autoplay registration was skipped for device %1.

Event[64]:
  Log Name: System
  Source: Service Control Manager
  Date: 2017-10-09T01:17:59.632
  Event ID: 7045
  Task: N/A
  Level: Information
  Opcode: N/A
  Keyword: Classic
  User: S-1-5-18
  User Name: NT-AUTORITÄT\SYSTEM
  Computer: WIN-FMKOBU77TFV
  Description: 
A service was installed in the system.

Service Name:  Microsoft 1.1 UAA-Funktionstreiber für High Definition Audio-Dienst
Service File Name:  \SystemRoot\system32\DRIVERS\HdAudio.sys
Service Type:  Kernelmodustreiber
Service Start Type:  Manuell starten
Service Account:  

Event[65]:
  Log Name: System
  Source: Microsoft-Windows-UserPnp
  Date: 2017-10-09T01:17:59.638
  Event ID: 20003
  Task: N/A
  Level: Information
  Opcode: Info
  Keyword: N/A
  User: S-1-5-18
  User Name: NT-AUTORITÄT\SYSTEM
  Computer: WIN-FMKOBU77TFV
  Description: 
Driver Management has concluded the process to add Service HdAudAddService for Device Instance ID HDAUDIO\FUNC_01&VEN_10DE&DEV_0082&SUBSYS_10DE1B06&REV_1001\5&CB5F72B&0&0001 with the following status: 0.

Event[66]:
  Log Name: System
  Source: Microsoft-Windows-Kernel-General
  Date: 2017-10-09T01:17:59.853
  Event ID: 16
  Task: N/A
  Level: Information
  Opcode: Info
  Keyword: N/A
  User: S-1-5-18
  User Name: NT-AUTORITÄT\SYSTEM
  Computer: WIN-FMKOBU77TFV
  Description: 
The access history in hive \??\C:\Users\Default\NTUSER.dat was cleared updating 593 keys and creating 34 modified pages.

Event[67]:
  Log Name: System
  Source: Microsoft-Windows-UserPnp
  Date: 2017-10-09T01:17:59.903
  Event ID: 20001
  Task: N/A
  Level: Information
  Opcode: Info
  Keyword: N/A
  User: S-1-5-18
  User Name: NT-AUTORITÄT\SYSTEM
  Computer: WIN-FMKOBU77TFV
  Description: 
Driver Management concluded the process to install driver hdaudio.inf_amd64_bafd539d04140276\hdaudio.inf for Device Instance ID HDAUDIO\FUNC_01&VEN_10DE&DEV_0082&SUBSYS_10DE1B06&REV_1001\5&CB5F72B&0&0001 with the following status: 0x0.

Event[68]:
  Log Name: System
  Source: Microsoft-Windows-DriverFrameworks-UserMode
  Date: 2017-10-09T01:17:59.949
  Event ID: 10000
  Task: Installation or update of device drivers.
  Level: Information
  Opcode: Start
  Keyword: N/A
  User: S-1-5-18
  User Name: NT-AUTORITÄT\SYSTEM
  Computer: WIN-FMKOBU77TFV
  Description: 
A driver package which uses user-mode driver framework version 2.21.0 is being installed on device SWD\WPDBUSENUM\{475E5551-AC87-11E7-8F42-806E6F6E6963}#0000000000100000.

Event[69]:
  Log Name: System
  Source: Microsoft-Windows-DriverFrameworks-UserMode
  Date: 2017-10-09T01:17:59.951
  Event ID: 10001
  Task: Installation or update of device drivers.
  Level: Information
  Opcode: Info
  Keyword: N/A
  User: S-1-5-18
  User Name: NT-AUTORITÄT\SYSTEM
  Computer: WIN-FMKOBU77TFV
  Description: 
The UMDF service WpdFs (CLSID {112DE495-AC4C-46F8-B663-6A4266C53313}) was installed.  It requires framework version 2.21.0 or higher.

Event[70]:
  Log Name: System
  Source: Microsoft-Windows-DriverFrameworks-UserMode
  Date: 2017-10-09T01:18:00.117
  Event ID: 10100
  Task: Installation or update of device drivers.
  Level: Information
  Opcode: Stop
  Keyword: N/A
  User: S-1-5-18
  User Name: NT-AUTORITÄT\SYSTEM
  Computer: WIN-FMKOBU77TFV
  Description: 
The driver package installation has succeeded.

Event[71]:
  Log Name: System
  Source: Service Control Manager
  Date: 2017-10-09T01:18:00.116
  Event ID: 7045
  Task: N/A
  Level: Information
  Opcode: N/A
  Keyword: Classic
  User: S-1-5-18
  User Name: NT-AUTORITÄT\SYSTEM
  Computer: WIN-FMKOBU77TFV
  Description: 
A service was installed in the system.

Service Name:  WUDFWpdFs
Service File Name:  \SystemRoot\system32\DRIVERS\WUDFRd.sys
Service Type:  Kernelmodustreiber
Service Start Type:  Manuell starten
Service Account:  

Event[72]:
  Log Name: System
  Source: Microsoft-Windows-UserPnp
  Date: 2017-10-09T01:18:00.124
  Event ID: 20003
  Task: N/A
  Level: Information
  Opcode: Info
  Keyword: N/A
  User: S-1-5-18
  User Name: NT-AUTORITÄT\SYSTEM
  Computer: WIN-FMKOBU77TFV
  Description: 
Driver Management has concluded the process to add Service WUDFWpdFs for Device Instance ID SWD\WPDBUSENUM\{475E5551-AC87-11E7-8F42-806E6F6E6963}#0000000000100000 with the following status: 0.

Event[73]:
  Log Name: System
  Source: Microsoft-Windows-UserPnp
  Date: 2017-10-09T01:18:00.305
  Event ID: 20001
  Task: N/A
  Level: Information
  Opcode: Info
  Keyword: N/A
  User: S-1-5-18
  User Name: NT-AUTORITÄT\SYSTEM
  Computer: WIN-FMKOBU77TFV
  Description: 
Driver Management concluded the process to install driver wpdfs.inf_amd64_e898714e5623f0fe\wpdfs.inf for Device Instance ID SWD\WPDBUSENUM\{475E5551-AC87-11E7-8F42-806E6F6E6963}#0000000000100000 with the following status: 0x0.

Event[74]:
  Log Name: System
  Source: Microsoft-Windows-UserPnp
  Date: 2017-10-09T01:18:00.438
  Event ID: 20003
  Task: N/A
  Level: Information
  Opcode: Info
  Keyword: N/A
  User: S-1-5-18
  User Name: NT-AUTORITÄT\SYSTEM
  Computer: WIN-FMKOBU77TFV
  Description: 
Driver Management has concluded the process to add Service HdAudAddService for Device Instance ID HDAUDIO\FUNC_01&VEN_10EC&DEV_0892&SUBSYS_1462FA33&REV_1003\5&6F18D33&0&0001 with the following status: 0.

Event[75]:
  Log Name: System
  Source: Microsoft-Windows-UserPnp
  Date: 2017-10-09T01:18:00.516
  Event ID: 20001
  Task: N/A
  Level: Information
  Opcode: Info
  Keyword: N/A
  User: S-1-5-18
  User Name: NT-AUTORITÄT\SYSTEM
  Computer: WIN-FMKOBU77TFV
  Description: 
Driver Management concluded the process to install driver hdaudio.inf_amd64_bafd539d04140276\hdaudio.inf for Device Instance ID HDAUDIO\FUNC_01&VEN_10EC&DEV_0892&SUBSYS_1462FA33&REV_1003\5&6F18D33&0&0001 with the following status: 0x0.

Event[76]:
  Log Name: System
  Source: Microsoft-Windows-UserPnp
  Date: 2017-10-09T01:18:00.609
  Event ID: 20003
  Task: N/A
  Level: Information
  Opcode: Info
  Keyword: N/A
  User: S-1-5-18
  User Name: NT-AUTORITÄT\SYSTEM
  Computer: WIN-FMKOBU77TFV
  Description: 
Driver Management has concluded the process to add Service Parport for Device Instance ID ACPI\PNP0400\0 with the following status: 0.

Event[77]:
  Log Name: System
  Source: Microsoft-Windows-UserPnp
  Date: 2017-10-09T01:18:00.826
  Event ID: 20001
  Task: N/A
  Level: Information
  Opcode: Info
  Keyword: N/A
  User: S-1-5-18
  User Name: NT-AUTORITÄT\SYSTEM
  Computer: WIN-FMKOBU77TFV
  Description: 
Driver Management concluded the process to install driver msports.inf_amd64_05d977a8d9cb7c99\msports.inf for Device Instance ID ACPI\PNP0400\0 with the following status: 0x0.

Event[78]:
  Log Name: System
  Source: Microsoft-Windows-UserPnp
  Date: 2017-10-09T01:18:00.943
  Event ID: 20003
  Task: N/A
  Level: Information
  Opcode: Info
  Keyword: N/A
  User: S-1-5-18
  User Name: NT-AUTORITÄT\SYSTEM
  Computer: WIN-FMKOBU77TFV
  Description: 
Driver Management has concluded the process to add Service BasicDisplay for Device Instance ID PCI\VEN_10DE&DEV_1B06&SUBSYS_1B0610DE&REV_A1\4&1C3D25BB&0&0019 with the following status: 0.

Event[79]:
  Log Name: System
  Source: Microsoft-Windows-UserPnp
  Date: 2017-10-09T01:18:00.991
  Event ID: 20001
  Task: N/A
  Level: Information
  Opcode: Info
  Keyword: N/A
  User: S-1-5-18
  User Name: NT-AUTORITÄT\SYSTEM
  Computer: WIN-FMKOBU77TFV
  Description: 
Driver Management concluded the process to install driver display.inf_amd64_d2be6fd24d698e35\display.inf for Device Instance ID PCI\VEN_10DE&DEV_1B06&SUBSYS_1B0610DE&REV_A1\4&1C3D25BB&0&0019 with the following status: 0x0.

Event[80]:
  Log Name: System
  Source: Service Control Manager
  Date: 2017-10-09T01:18:01.226
  Event ID: 7045
  Task: N/A
  Level: Information
  Opcode: N/A
  Keyword: Classic
  User: S-1-5-18
  User Name: NT-AUTORITÄT\SYSTEM
  Computer: WIN-FMKOBU77TFV
  Description: 
A service was installed in the system.

Service Name:  Realtek RT640 NT-Treiber
Service File Name:  \SystemRoot\System32\drivers\rt640x64.sys
Service Type:  Kernelmodustreiber
Service Start Type:  Manuell starten
Service Account:  

Event[81]:
  Log Name: System
  Source: Microsoft-Windows-UserPnp
  Date: 2017-10-09T01:18:01.322
  Event ID: 20001
  Task: N/A
  Level: Information
  Opcode: Info
  Keyword: N/A
  User: S-1-5-18
  User Name: NT-AUTORITÄT\SYSTEM
  Computer: WIN-FMKOBU77TFV
  Description: 
Driver Management concluded the process to install driver rt640x64.inf_amd64_98de0ddb0966f29b\rt640x64.inf for Device Instance ID PCI\VEN_10EC&DEV_8168&SUBSYS_7A331462&REV_15\01000000684CE00000 with the following status: 0x0.

Event[82]:
  Log Name: System
  Source: Service Control Manager
  Date: 2017-10-09T01:18:01.429
  Event ID: 7045
  Task: N/A
  Level: Information
  Opcode: N/A
  Keyword: Classic
  User: S-1-5-18
  User Name: NT-AUTORITÄT\SYSTEM
  Computer: WIN-FMKOBU77TFV
  Description: 
A service was installed in the system.

Service Name:  Microsoft Trusted Audio Drivers
Service File Name:  \SystemRoot\system32\DRIVERS\drmkaud.sys
Service Type:  Kernelmodustreiber
Service Start Type:  Manuell starten
Service Account:  

Event[83]:
  Log Name: System
  Source: Microsoft-Windows-UserPnp
  Date: 2017-10-09T01:18:01.433
  Event ID: 20003
  Task: N/A
  Level: Information
  Opcode: Info
  Keyword: N/A
  User: S-1-5-18
  User Name: NT-AUTORITÄT\SYSTEM
  Computer: WIN-FMKOBU77TFV
  Description: 
Driver Management has concluded the process to add Service drmkaud for Device Instance ID SW\{EEC12DB6-AD9C-4168-8658-B03DAEF417FE}\{ABD61E00-9350-47E2-A632-4438B90C6641} with the following status: 0.

Event[84]:
  Log Name: System
  Source: Microsoft-Windows-UserPnp
  Date: 2017-10-09T01:18:01.460
  Event ID: 20001
  Task: N/A
  Level: Information
  Opcode: Info
  Keyword: N/A
  User: S-1-5-18
  User Name: NT-AUTORITÄT\SYSTEM
  Computer: WIN-FMKOBU77TFV
  Description: 
Driver Management concluded the process to install driver wdmaudio.inf_amd64_b51edb2b9055d904\wdmaudio.inf for Device Instance ID SW\{EEC12DB6-AD9C-4168-8658-B03DAEF417FE}\{ABD61E00-9350-47E2-A632-4438B90C6641} with the following status: 0x0.

Event[85]:
  Log Name: System
  Source: Service Control Manager
  Date: 2017-10-09T01:18:01.476
  Event ID: 7045
  Task: N/A
  Level: Information
  Opcode: N/A
  Keyword: Classic
  User: S-1-5-18
  User Name: NT-AUTORITÄT\SYSTEM
  Computer: WIN-FMKOBU77TFV
  Description: 
A service was installed in the system.

Service Name:  Microsoft Proxy für Streaming Quality Manager
Service File Name:  \SystemRoot\system32\DRIVERS\MSPQM.sys
Service Type:  Kernelmodustreiber
Service Start Type:  Manuell starten
Service Account:  

Event[86]:
  Log Name: System
  Source: Microsoft-Windows-UserPnp
  Date: 2017-10-09T01:18:01.483
  Event ID: 20003
  Task: N/A
  Level: Information
  Opcode: Info
  Keyword: N/A
  User: S-1-5-18
  User Name: NT-AUTORITÄT\SYSTEM
  Computer: WIN-FMKOBU77TFV
  Description: 
Driver Management has concluded the process to add Service MSPQM for Device Instance ID SW\{DDF4358E-BB2C-11D0-A42F-00A0C9223196}\{97EBAACB-95BD-11D0-A3EA-00A0C9223196} with the following status: 0.

Event[87]:
  Log Name: System
  Source: Microsoft-Windows-UserPnp
  Date: 2017-10-09T01:18:01.502
  Event ID: 20001
  Task: N/A
  Level: Information
  Opcode: Info
  Keyword: N/A
  User: S-1-5-18
  User Name: NT-AUTORITÄT\SYSTEM
  Computer: WIN-FMKOBU77TFV
  Description: 
Driver Management concluded the process to install driver ksfilter.inf_amd64_08c08773131a73d4\ksfilter.inf for Device Instance ID SW\{DDF4358E-BB2C-11D0-A42F-00A0C9223196}\{97EBAACB-95BD-11D0-A3EA-00A0C9223196} with the following status: 0x0.

Event[88]:
  Log Name: System
  Source: Service Control Manager
  Date: 2017-10-09T01:18:01.523
  Event ID: 7045
  Task: N/A
  Level: Information
  Opcode: N/A
  Keyword: Classic
  User: S-1-5-18
  User Name: NT-AUTORITÄT\SYSTEM
  Computer: WIN-FMKOBU77TFV
  Description: 
A service was installed in the system.

Service Name:  Microsoft Proxy für Streaming Clock
Service File Name:  \SystemRoot\system32\DRIVERS\MSPCLOCK.sys
Service Type:  Kernelmodustreiber
Service Start Type:  Manuell starten
Service Account:  

Event[89]:
  Log Name: System
  Source: Microsoft-Windows-UserPnp
  Date: 2017-10-09T01:18:01.586
  Event ID: 20003
  Task: N/A
  Level: Information
  Opcode: Info
  Keyword: N/A
  User: S-1-5-18
  User Name: NT-AUTORITÄT\SYSTEM
  Computer: WIN-FMKOBU77TFV
  Description: 
Driver Management has concluded the process to add Service MSPCLOCK for Device Instance ID SW\{97EBAACC-95BD-11D0-A3EA-00A0C9223196}\{53172480-4791-11D0-A5D6-28DB04C10000} with the following status: 0.

Event[90]:
  Log Name: System
  Source: Microsoft-Windows-UserPnp
  Date: 2017-10-09T01:18:01.605
  Event ID: 20001
  Task: N/A
  Level: Information
  Opcode: Info
  Keyword: N/A
  User: S-1-5-18
  User Name: NT-AUTORITÄT\SYSTEM
  Computer: WIN-FMKOBU77TFV
  Description: 
Driver Management concluded the process to install driver ksfilter.inf_amd64_08c08773131a73d4\ksfilter.inf for Device Instance ID SW\{97EBAACC-95BD-11D0-A3EA-00A0C9223196}\{53172480-4791-11D0-A5D6-28DB04C10000} with the following status: 0x0.

Event[91]:
  Log Name: System
  Source: Service Control Manager
  Date: 2017-10-09T01:18:01.617
  Event ID: 7045
  Task: N/A
  Level: Information
  Opcode: N/A
  Keyword: Classic
  User: S-1-5-18
  User Name: NT-AUTORITÄT\SYSTEM
  Computer: WIN-FMKOBU77TFV
  Description: 
A service was installed in the system.

Service Name:  Proxy für Microsoft Streaming Service
Service File Name:  \SystemRoot\system32\DRIVERS\MSKSSRV.sys
Service Type:  Kernelmodustreiber
Service Start Type:  Manuell starten
Service Account:  

Event[92]:
  Log Name: System
  Source: Microsoft-Windows-UserPnp
  Date: 2017-10-09T01:18:01.627
  Event ID: 20003
  Task: N/A
  Level: Information
  Opcode: Info
  Keyword: N/A
  User: S-1-5-18
  User Name: NT-AUTORITÄT\SYSTEM
  Computer: WIN-FMKOBU77TFV
  Description: 
Driver Management has concluded the process to add Service MSKSSRV for Device Instance ID SW\{96E080C7-143C-11D1-B40F-00A0C9223196}\{3C0D501A-140B-11D1-B40F-00A0C9223196} with the following status: 0.

Event[93]:
  Log Name: System
  Source: Microsoft-Windows-UserPnp
  Date: 2017-10-09T01:18:01.646
  Event ID: 20001
  Task: N/A
  Level: Information
  Opcode: Info
  Keyword: N/A
  User: S-1-5-18
  User Name: NT-AUTORITÄT\SYSTEM
  Computer: WIN-FMKOBU77TFV
  Description: 
Driver Management concluded the process to install driver ksfilter.inf_amd64_08c08773131a73d4\ksfilter.inf for Device Instance ID SW\{96E080C7-143C-11D1-B40F-00A0C9223196}\{3C0D501A-140B-11D1-B40F-00A0C9223196} with the following status: 0x0.

Event[94]:
  Log Name: System
  Source: Service Control Manager
  Date: 2017-10-09T01:18:01.726
  Event ID: 7045
  Task: N/A
  Level: Information
  Opcode: N/A
  Keyword: Classic
  User: S-1-5-18
  User Name: NT-AUTORITÄT\SYSTEM
  Computer: WIN-FMKOBU77TFV
  Description: 
A service was installed in the system.

Service Name:  Microsoft Streaming Tee/Sink-to-Sink-Konvertierung
Service File Name:  \SystemRoot\system32\DRIVERS\MSTEE.sys
Service Type:  Kernelmodustreiber
Service Start Type:  Manuell starten
Service Account:  

Event[95]:
  Log Name: System
  Source: Microsoft-Windows-UserPnp
  Date: 2017-10-09T01:18:01.732
  Event ID: 20003
  Task: N/A
  Level: Information
  Opcode: Info
  Keyword: N/A
  User: S-1-5-18
  User Name: NT-AUTORITÄT\SYSTEM
  Computer: WIN-FMKOBU77TFV
  Description: 
Driver Management has concluded the process to add Service MSTEE for Device Instance ID SW\{CFD669F1-9BC2-11D0-8299-0000F822FE8A}\{0A4252A0-7E70-11D0-A5D6-28DB04C10000} with the following status: 0.

Event[96]:
  Log Name: System
  Source: Microsoft-Windows-UserPnp
  Date: 2017-10-09T01:18:01.752
  Event ID: 20001
  Task: N/A
  Level: Information
  Opcode: Info
  Keyword: N/A
  User: S-1-5-18
  User Name: NT-AUTORITÄT\SYSTEM
  Computer: WIN-FMKOBU77TFV
  Description: 
Driver Management concluded the process to install driver ksfilter.inf_amd64_08c08773131a73d4\ksfilter.inf for Device Instance ID SW\{CFD669F1-9BC2-11D0-8299-0000F822FE8A}\{0A4252A0-7E70-11D0-A5D6-28DB04C10000} with the following status: 0x0.

Event[97]:
  Log Name: System
  Source: Microsoft-Windows-UserPnp
  Date: 2017-10-09T01:18:01.774
  Event ID: 20003
  Task: N/A
  Level: Information
  Opcode: Info
  Keyword: N/A
  User: S-1-5-18
  User Name: NT-AUTORITÄT\SYSTEM
  Computer: WIN-FMKOBU77TFV
  Description: 
Driver Management has concluded the process to add Service MSTEE for Device Instance ID SW\{CFD669F1-9BC2-11D0-8299-0000F822FE8A}\{CF1DDA2C-9743-11D0-A3EE-00A0C9223196} with the following status: 0.

Event[98]:
  Log Name: System
  Source: Microsoft-Windows-UserPnp
  Date: 2017-10-09T01:18:01.799
  Event ID: 20001
  Task: N/A
  Level: Information
  Opcode: Info
  Keyword: N/A
  User: S-1-5-18
  User Name: NT-AUTORITÄT\SYSTEM
  Computer: WIN-FMKOBU77TFV
  Description: 
Driver Management concluded the process to install driver ksfilter.inf_amd64_08c08773131a73d4\ksfilter.inf for Device Instance ID SW\{CFD669F1-9BC2-11D0-8299-0000F822FE8A}\{CF1DDA2C-9743-11D0-A3EE-00A0C9223196} with the following status: 0x0.

Event[99]:
  Log Name: System
  Source: Microsoft-Windows-Kernel-General
  Date: 2017-10-09T01:18:02.663
  Event ID: 16
  Task: N/A
  Level: Information
  Opcode: Info
  Keyword: N/A
  User: S-1-5-18
  User Name: NT-AUTORITÄT\SYSTEM
  Computer: WIN-FMKOBU77TFV
  Description: 
The access history in hive \??\C:\ProgramData\Microsoft\Windows\AppRepository\Packages\1527c705-839a-4832-9118-54d4Bd6a0c89_10.0.15063.0_neutral_neutral_cw5n1h2txyewy\ActivationStore.dat was cleared updating 0 keys and creating 0 modified pages.

Event[100]:
  Log Name: System
  Source: Microsoft-Windows-Kernel-General
  Date: 2017-10-09T01:18:02.754
  Event ID: 16
  Task: N/A
  Level: Information
  Opcode: Info
  Keyword: N/A
  User: S-1-5-18
  User Name: NT-AUTORITÄT\SYSTEM
  Computer: WIN-FMKOBU77TFV
  Description: 
The access history in hive \??\C:\Windows\system32\Config\Elam was cleared updating 1 keys and creating 1 modified pages.

Event[101]:
  Log Name: System
  Source: Microsoft-Windows-Kernel-General
  Date: 2017-10-09T01:18:02.775
  Event ID: 16
  Task: N/A
  Level: Information
  Opcode: Info
  Keyword: N/A
  User: S-1-5-18
  User Name: NT-AUTORITÄT\SYSTEM
  Computer: WIN-FMKOBU77TFV
  Description: 
The access history in hive \??\C:\ProgramData\Microsoft\Windows\AppRepository\Packages\c5e2524a-ea46-4f67-841f-6a9465d9d515_10.0.15063.0_neutral_neutral_cw5n1h2txyewy\ActivationStore.dat was cleared updating 0 keys and creating 0 modified pages.

Event[102]:
  Log Name: System
  Source: Microsoft-Windows-Kernel-General
  Date: 2017-10-09T01:18:02.879
  Event ID: 16
  Task: N/A
  Level: Information
  Opcode: Info
  Keyword: N/A
  User: S-1-5-18
  User Name: NT-AUTORITÄT\SYSTEM
  Computer: WIN-FMKOBU77TFV
  Description: 
The access history in hive \??\C:\ProgramData\Microsoft\Windows\AppRepository\Packages\CortanaListenUIApp_10.0.15063.0_neutral__cw5n1h2txyewy\ActivationStore.dat was cleared updating 0 keys and creating 0 modified pages.

Event[103]:
  Log Name: System
  Source: Microsoft-Windows-Kernel-General
  Date: 2017-10-09T01:18:02.971
  Event ID: 16
  Task: N/A
  Level: Information
  Opcode: Info
  Keyword: N/A
  User: S-1-5-18
  User Name: NT-AUTORITÄT\SYSTEM
  Computer: WIN-FMKOBU77TFV
  Description: 
The access history in hive \??\C:\ProgramData\Microsoft\Windows\AppRepository\Packages\DesktopLearning_1000.15063.0.0_neutral__cw5n1h2txyewy\ActivationStore.dat was cleared updating 0 keys and creating 0 modified pages.

Event[104]:
  Log Name: System
  Source: Microsoft-Windows-Kernel-General
  Date: 2017-10-09T01:18:03.058
  Event ID: 16
  Task: N/A
  Level: Information
  Opcode: Info
  Keyword: N/A
  User: S-1-5-18
  User Name: NT-AUTORITÄT\SYSTEM
  Computer: WIN-FMKOBU77TFV
  Description: 
The access history in hive \??\C:\ProgramData\Microsoft\Windows\AppRepository\Packages\DesktopView_1000.15063.0.0_neutral_neutral_cw5n1h2txyewy\ActivationStore.dat was cleared updating 0 keys and creating 0 modified pages.

Event[105]:
  Log Name: System
  Source: Microsoft-Windows-Kernel-General
  Date: 2017-10-09T01:18:03.155
  Event ID: 16
  Task: N/A
  Level: Information
  Opcode: Info
  Keyword: N/A
  User: S-1-5-18
  User Name: NT-AUTORITÄT\SYSTEM
  Computer: WIN-FMKOBU77TFV
  Description: 
The access history in hive \??\C:\ProgramData\Microsoft\Windows\AppRepository\Packages\E2A4F912-2574-4A75-9BB0-0D023378592B_10.0.15063.0_neutral_neutral_cw5n1h2txyewy\ActivationStore.dat was cleared updating 0 keys and creating 0 modified pages.

Event[106]:
  Log Name: System
  Source: Microsoft-Windows-Kernel-General
  Date: 2017-10-09T01:18:03.260
  Event ID: 16
  Task: N/A
  Level: Information
  Opcode: Info
  Keyword: N/A
  User: S-1-5-18
  User Name: NT-AUTORITÄT\SYSTEM
  Computer: WIN-FMKOBU77TFV
  Description: 
The access history in hive \??\C:\ProgramData\Microsoft\Windows\AppRepository\Packages\EnvironmentsApp_10.0.15063.0_neutral__cw5n1h2txyewy\ActivationStore.dat was cleared updating 0 keys and creating 0 modified pages.

Event[107]:
  Log Name: System
  Source: Microsoft-Windows-Kernel-General
  Date: 2017-10-09T01:18:03.375
  Event ID: 16
  Task: N/A
  Level: Information
  Opcode: Info
  Keyword: N/A
  User: S-1-5-18
  User Name: NT-AUTORITÄT\SYSTEM
  Computer: WIN-FMKOBU77TFV
  Description: 
The access history in hive \??\C:\ProgramData\Microsoft\Windows\AppRepository\Packages\HoloCamera_1.0.0.5_neutral__cw5n1h2txyewy\ActivationStore.dat was cleared updating 0 keys and creating 0 modified pages.

Event[108]:
  Log Name: System
  Source: Microsoft-Windows-Kernel-General
  Date: 2017-10-09T01:18:03.484
  Event ID: 16
  Task: N/A
  Level: Information
  Opcode: Info
  Keyword: N/A
  User: S-1-5-18
  User Name: NT-AUTORITÄT\SYSTEM
  Computer: WIN-FMKOBU77TFV
  Description: 
The access history in hive \??\C:\ProgramData\Microsoft\Windows\AppRepository\Packages\HoloItemPlayerApp_1.0.0.2_neutral__cw5n1h2txyewy\ActivationStore.dat was cleared updating 0 keys and creating 0 modified pages.

Event[109]:
