  Log Name: System
  Source: Microsoft-Windows-Kernel-General
  Date: 2017-06-22T10:28:20.939
  Event ID: 12
  Task: N/A
  Level: Information
  Opcode: Info
  Keyword: N/A
  User: S-1-5-18
  User Name: NT AUTHORITY\SYSTEM
  Computer: asus
  Description: 
The operating system started at system time ?2017?-?06?-?22T08:28:20.487816200Z.

Event[1738]:
  Log Name: System
  Source: Microsoft-Windows-Kernel-Boot
  Date: 2017-06-22T10:28:20.939
  Event ID: 153
  Task: N/A
  Level: Information
  Opcode: Info
  Keyword: N/A
  User: S-1-5-18
  User Name: NT AUTHORITY\SYSTEM
  Computer: asus
  Description: 
Virtualization-based security (policies: 0) is disabled.

Event[1739]:
  Log Name: System
  Source: Microsoft-Windows-Kernel-Boot
  Date: 2017-06-22T10:28:20.939
  Event ID: 20
  Task: N/A
  Level: Information
  Opcode: Info
  Keyword: N/A
  User: S-1-5-18
  User Name: NT AUTHORITY\SYSTEM
  Computer: asus
  Description: 
The last shutdown's success status was true. The last boot's success status was true.

Event[1740]:
  Log Name: System
  Source: Microsoft-Windows-Kernel-Boot
  Date: 2017-06-22T10:28:20.939
  Event ID: 27
  Task: N/A
  Level: Information
  Opcode: Info
  Keyword: N/A
  User: S-1-5-18
  User Name: NT AUTHORITY\SYSTEM
  Computer: asus
  Description: 
The boot type was 0x0.

Event[1741]:
  Log Name: System
  Source: Microsoft-Windows-Kernel-Boot
  Date: 2017-06-22T10:28:20.939
  Event ID: 25
  Task: N/A
  Level: Information
  Opcode: Info
  Keyword: N/A
  User: S-1-5-18
  User Name: NT AUTHORITY\SYSTEM
  Computer: asus
  Description: 
The boot menu policy was 0x1.

Event[1742]:
  Log Name: System
  Source: Microsoft-Windows-Kernel-Boot
  Date: 2017-06-22T10:28:20.939
  Event ID: 18
  Task: N/A
  Level: Information
  Opcode: Info
  Keyword: N/A
  User: S-1-5-18
  User Name: NT AUTHORITY\SYSTEM
  Computer: asus
  Description: 
There are 0x2 boot options on this system.

Event[1743]:
  Log Name: System
  Source: Microsoft-Windows-Kernel-Boot
  Date: 2017-06-22T10:28:20.939
  Event ID: 32
  Task: N/A
  Level: Information
  Opcode: Info
  Keyword: N/A
  User: S-1-5-18
  User Name: NT AUTHORITY\SYSTEM
  Computer: asus
  Description: 
The bootmgr spent 0 ms waiting for user input.

Event[1744]:
  Log Name: System
  Source: Microsoft-Windows-FilterManager
  Date: 2017-06-22T10:28:24.790
  Event ID: 6
  Task: N/A
  Level: Information
  Opcode: Info
  Keyword: N/A
  User: S-1-5-18
  User Name: NT AUTHORITY\SYSTEM
  Computer: asus
  Description: 
File System Filter 'FileInfo' (10.0, ?2042?-?06?-?30T16:43:32.000000000Z) has successfully loaded and registered with Filter Manager.

Event[1745]:
  Log Name: System
  Source: Microsoft-Windows-FilterManager
  Date: 2017-06-22T10:28:24.791
  Event ID: 6
  Task: N/A
  Level: Information
  Opcode: Info
  Keyword: N/A
  User: S-1-5-18
  User Name: NT AUTHORITY\SYSTEM
  Computer: asus
  Description: 
File System Filter 'Wof' (10.0, ?1974?-?03?-?12T00:47:45.000000000Z) has successfully loaded and registered with Filter Manager.

Event[1746]:
  Log Name: System
  Source: Microsoft-Windows-Ntfs
  Date: 2017-06-22T10:28:28.553
  Event ID: 98
  Task: N/A
  Level: Information
  Opcode: Info
  Keyword: N/A
  User: S-1-5-18
  User Name: NT AUTHORITY\SYSTEM
  Computer: asus
  Description: 
Volume C: (\Device\HarddiskVolume2) is healthy.  No action is needed.

Event[1747]:
  Log Name: System
  Source: Microsoft-Windows-FilterManager
  Date: 2017-06-22T10:28:29.941
  Event ID: 6
  Task: N/A
  Level: Information
  Opcode: Info
  Keyword: N/A
  User: S-1-5-18
  User Name: NT AUTHORITY\SYSTEM
  Computer: asus
  Description: 
File System Filter 'FileCrypt' (10.0, ?2030?-?05?-?28T10:10:59.000000000Z) has successfully loaded and registered with Filter Manager.

Event[1748]:
  Log Name: System
  Source: avkmgr
  Date: 2017-06-22T10:28:30.788
  Event ID: 17
  Task: N/A
  Level: Information
  Opcode: N/A
  Keyword: Classic
  User: N/A
  User Name: N/A
  Computer: asus
  Description: 
avkmgr.sys successfully loaded

Event[1749]:
  Log Name: System
  Source: avipbb
  Date: 2017-06-22T10:28:30.913
  Event ID: 17
  Task: N/A
  Level: Information
  Opcode: N/A
  Keyword: Classic
  User: N/A
  User Name: N/A
  Computer: asus
  Description: 
avipbb.sys successfully loaded

Event[1750]:
  Log Name: System
  Source: Microsoft-Windows-FilterManager
  Date: 2017-06-22T10:28:30.925
  Event ID: 6
  Task: N/A
  Level: Information
  Opcode: Info
  Keyword: N/A
  User: S-1-5-18
  User Name: NT AUTHORITY\SYSTEM
  Computer: asus
  Description: 
File System Filter 'npsvctrig' (10.0, ?2097?-?07?-?25T12:18:05.000000000Z) has successfully loaded and registered with Filter Manager.

Event[1751]:
  Log Name: System
  Source: Microsoft-Windows-Kernel-Power
  Date: 2017-06-22T10:28:31.131
  Event ID: 172
  Task: N/A
  Level: Information
  Opcode: Info
  Keyword: N/A
  User: S-1-5-18
  User Name: NT AUTHORITY\SYSTEM
  Computer: asus
  Description: 
Connectivity state in standby: Disconnected, Reason: NIC compliance

Event[1752]:
  Log Name: System
  Source: Microsoft-Windows-Kernel-Power
  Date: 2017-06-22T10:28:31.131
  Event ID: 508
  Task: N/A
  Level: Information
  Opcode: Info
  Keyword: N/A
  User: N/A
  User Name: N/A
  Computer: asus
  Description: 
The system has been constrained to a periodic tick 

Reason: Errata Manager override.

Event[1753]:
  Log Name: System
  Source: Microsoft-Windows-Ntfs
  Date: 2017-06-22T10:28:31.680
  Event ID: 98
  Task: N/A
  Level: Information
  Opcode: Info
  Keyword: N/A
  User: S-1-5-18
  User Name: NT AUTHORITY\SYSTEM
  Computer: asus
  Description: 
Volume D: (\Device\HarddiskVolume4) is healthy.  No action is needed.

Event[1754]:
  Log Name: System
  Source: Microsoft-Windows-Kernel-Processor-Power
  Date: 2017-06-22T10:28:32.186
  Event ID: 55
  Task: N/A
  Level: Information
  Opcode: Info
  Keyword: N/A
  User: S-1-5-18
  User Name: NT AUTHORITY\SYSTEM
  Computer: asus
  Description: 
Processor 0 in group 0 exposes the following power management capabilities:

Idle state type: ACPI Idle (C) States (2 state(s))

Performance state type: ACPI Performance (P) / Throttle (T) States
Nominal Frequency (MHz): 2801
Maximum performance percentage: 100
Minimum performance percentage: 42
Minimum throttle percentage: 42

Event[1755]:
  Log Name: System
  Source: Microsoft-Windows-Kernel-Processor-Power
  Date: 2017-06-22T10:28:32.186
  Event ID: 55
  Task: N/A
  Level: Information
  Opcode: Info
  Keyword: N/A
  User: S-1-5-18
  User Name: NT AUTHORITY\SYSTEM
  Computer: asus
  Description: 
Processor 1 in group 0 exposes the following power management capabilities:

Idle state type: ACPI Idle (C) States (2 state(s))

Performance state type: ACPI Performance (P) / Throttle (T) States
Nominal Frequency (MHz): 2801
Maximum performance percentage: 100
Minimum performance percentage: 42
Minimum throttle percentage: 42

Event[1756]:
  Log Name: System
  Source: Microsoft-Windows-Kernel-Processor-Power
  Date: 2017-06-22T10:28:32.187
  Event ID: 55
  Task: N/A
  Level: Information
  Opcode: Info
  Keyword: N/A
  User: S-1-5-18
  User Name: NT AUTHORITY\SYSTEM
  Computer: asus
  Description: 
Processor 2 in group 0 exposes the following power management capabilities:

Idle state type: ACPI Idle (C) States (2 state(s))

Performance state type: ACPI Performance (P) / Throttle (T) States
Nominal Frequency (MHz): 2801
Maximum performance percentage: 100
Minimum performance percentage: 42
Minimum throttle percentage: 42

Event[1757]:
  Log Name: System
  Source: Microsoft-Windows-Kernel-Processor-Power
  Date: 2017-06-22T10:28:32.187
  Event ID: 55
  Task: N/A
  Level: Information
  Opcode: Info
  Keyword: N/A
  User: S-1-5-18
  User Name: NT AUTHORITY\SYSTEM
  Computer: asus
  Description: 
Processor 3 in group 0 exposes the following power management capabilities:

Idle state type: ACPI Idle (C) States (2 state(s))

Performance state type: ACPI Performance (P) / Throttle (T) States
Nominal Frequency (MHz): 2801
Maximum performance percentage: 100
Minimum performance percentage: 42
Minimum throttle percentage: 42

Event[1758]:
  Log Name: System
  Source: Microsoft-Windows-Ntfs
  Date: 2017-06-22T10:28:32.200
  Event ID: 98
  Task: N/A
  Level: Information
  Opcode: Info
  Keyword: N/A
  User: S-1-5-18
  User Name: NT AUTHORITY\SYSTEM
  Computer: asus
  Description: 
Volume \\?\Volume{c5631e43-0000-0000-0000-100000000000} (\Device\HarddiskVolume1) is healthy.  No action is needed.

Event[1759]:
  Log Name: System
  Source: HECIx64
  Date: 2017-06-22T10:28:32.256
  Event ID: 2
  Task: N/A
  Level: Information
  Opcode: N/A
  Keyword: Classic
  User: N/A
  User Name: N/A
  Computer: asus
  Description: 
Intel(R) Management Engine Interface driver has started successfully.

Event[1760]:
  Log Name: System
  Source: Microsoft-Windows-Kernel-General
  Date: 2017-06-22T10:28:35.816
  Event ID: 15
  Task: N/A
  Level: Information
  Opcode: Info
  Keyword: N/A
  User: S-1-5-18
  User Name: NT AUTHORITY\SYSTEM
  Computer: asus
  Description: 
Hive \SystemRoot\System32\Config\SOFTWARE was reorganized with a starting size of 82034688 bytes and an ending size of 81993728 bytes.

Event[1761]:
  Log Name: System
  Source: Microsoft-Windows-Kernel-General
  Date: 2017-06-22T10:28:36.043
  Event ID: 16
  Task: N/A
  Level: Information
  Opcode: Info
  Keyword: N/A
  User: S-1-5-18
  User Name: NT AUTHORITY\SYSTEM
  Computer: asus
  Description: 
The access history in hive \SystemRoot\System32\Config\DEFAULT was cleared updating 309 keys and creating 38 modified pages.

Event[1762]:
  Log Name: System
  Source: Microsoft-Windows-Kernel-General
  Date: 2017-06-22T10:28:52.995
  Event ID: 16
  Task: N/A
  Level: Information
  Opcode: Info
  Keyword: N/A
  User: S-1-5-18
  User Name: NT AUTHORITY\SYSTEM
  Computer: asus
  Description: 
The access history in hive \??\Volume{c5631e43-0000-0000-0000-600c00000000}\Boot\BCD was cleared updating 3 keys and creating 1 modified pages.

Event[1763]:
  Log Name: System
  Source: Microsoft-Windows-Kernel-General
  Date: 2017-06-22T10:28:52.996
  Event ID: 16
  Task: N/A
  Level: Information
  Opcode: Info
  Keyword: N/A
  User: S-1-5-18
  User Name: NT AUTHORITY\SYSTEM
  Computer: asus
  Description: 
The access history in hive \??\Volume{c5631e43-0000-0000-0000-600c00000000}\Boot\BCD was cleared updating 3 keys and creating 1 modified pages.

Event[1764]:
  Log Name: System
  Source: Microsoft-Windows-Kernel-General
  Date: 2017-06-22T10:28:52.997
  Event ID: 16
  Task: N/A
  Level: Information
  Opcode: Info
  Keyword: N/A
  User: S-1-5-18
  User Name: NT AUTHORITY\SYSTEM
  Computer: asus
  Description: 
The access history in hive \??\Volume{c5631e43-0000-0000-0000-600c00000000}\Boot\BCD was cleared updating 3 keys and creating 1 modified pages.

Event[1765]:
  Log Name: System
  Source: Microsoft-Windows-Wininit
  Date: 2017-06-22T10:28:59.185
  Event ID: 14
  Task: N/A
  Level: Information
  Opcode: Info
  Keyword: N/A
  User: S-1-5-18
  User Name: NT AUTHORITY\SYSTEM
  Computer: asus
  Description: 
Credential Guard (LsaIso.exe) configuration: 0x0, 0

Event[1766]:
  Log Name: System
  Source: Microsoft-Windows-Kernel-General
  Date: 2017-06-22T10:28:59.214
  Event ID: 16
  Task: N/A
  Level: Information
  Opcode: Info
  Keyword: N/A
  User: S-1-5-18
  User Name: NT AUTHORITY\SYSTEM
  Computer: asus
  Description: 
The access history in hive \SystemRoot\System32\Config\SECURITY was cleared updating 88 keys and creating 6 modified pages.

Event[1767]:
  Log Name: System
  Source: Microsoft-Windows-Directory-Services-SAM
  Date: 2017-06-22T10:28:59.746
  Event ID: 16962
  Task: N/A
  Level: Information
  Opcode: Info
  Keyword: N/A
  User: S-1-5-18
  User Name: NT AUTHORITY\SYSTEM
  Computer: asus
  Description: 
Remote calls to the SAM database are being restricted using the default security descriptor: O:SYG:SYD:(A;;RC;;;BA).
For more information please see http://go.microsoft.com/fwlink/?LinkId=787651.

Event[1768]:
  Log Name: System
  Source: Microsoft-Windows-Kernel-General
  Date: 2017-06-22T10:28:59.746
  Event ID: 16
  Task: N/A
  Level: Information
  Opcode: Info
  Keyword: N/A
  User: S-1-5-18
  User Name: NT AUTHORITY\SYSTEM
  Computer: asus
  Description: 
The access history in hive \SystemRoot\System32\Config\SAM was cleared updating 69 keys and creating 8 modified pages.

Event[1769]:
  Log Name: System
  Source: Microsoft-Windows-Kernel-General
  Date: 2017-06-22T10:28:59.944
  Event ID: 16
  Task: N/A
  Level: Information
  Opcode: Info
  Keyword: N/A
  User: S-1-5-18
  User Name: NT AUTHORITY\SYSTEM
  Computer: asus
  Description: 
The access history in hive \??\C:\WINDOWS\ServiceProfiles\NetworkService\NTUSER.DAT was cleared updating 96 keys and creating 16 modified pages.

Event[1770]:
  Log Name: System
  Source: Microsoft-Windows-Kernel-General
  Date: 2017-06-22T10:29:00.233
  Event ID: 16
  Task: N/A
  Level: Information
  Opcode: Info
  Keyword: N/A
  User: S-1-5-18
  User Name: NT AUTHORITY\SYSTEM
  Computer: asus
  Description: 
The access history in hive \SystemRoot\System32\Config\BBI was cleared updating 573 keys and creating 128 modified pages.

Event[1771]:
  Log Name: System
  Source: Microsoft-Windows-Kernel-General
  Date: 2017-06-22T10:29:00.236
  Event ID: 16
  Task: N/A
  Level: Information
  Opcode: Info
  Keyword: N/A
  User: S-1-5-18
  User Name: NT AUTHORITY\SYSTEM
  Computer: asus
  Description: 
The access history in hive \??\C:\WINDOWS\ServiceProfiles\LocalService\NTUSER.DAT was cleared updating 66 keys and creating 17 modified pages.

Event[1772]:
  Log Name: System
  Source: Microsoft-Windows-FilterManager
  Date: 2017-06-22T10:29:00.324
  Event ID: 6
  Task: N/A
  Level: Information
  Opcode: Info
  Keyword: N/A
  User: S-1-5-18
  User Name: NT AUTHORITY\SYSTEM
  Computer: asus
  Description: 
File System Filter 'wcifs' (10.0, ?2088?-?07?-?29T05:04:59.000000000Z) has successfully loaded and registered with Filter Manager.

Event[1773]:
  Log Name: System
  Source: Microsoft-Windows-FilterManager
  Date: 2017-06-22T10:29:00.334
  Event ID: 6
  Task: N/A
  Level: Information
  Opcode: Info
  Keyword: N/A
  User: S-1-5-18
  User Name: NT AUTHORITY\SYSTEM
  Computer: asus
  Description: 
File System Filter 'luafv' (10.0, ?2037?-?06?-?08T11:55:59.000000000Z) has successfully loaded and registered with Filter Manager.

Event[1774]:
  Log Name: System
  Source: Service Control Manager
  Date: 2017-06-22T10:29:00.358
  Event ID: 7000
  Task: N/A
  Level: Error
  Opcode: N/A
  Keyword: Classic
  User: N/A
  User Name: N/A
  Computer: asus
  Description: 
The CldFlt service failed to start due to the following error: 
The request is not supported.

Event[1775]:
  Log Name: System
  Source: Microsoft-Windows-DriverFrameworks-UserMode
  Date: 2017-06-22T10:29:00.374
  Event ID: 10114
  Task: Startup of the UMDF reflector
  Level: Information
  Opcode: Info
  Keyword: N/A
  User: S-1-5-18
  User Name: NT AUTHORITY\SYSTEM
  Computer: asus
  Description: 
WUDFPf (part of UMDF) did not load yet. After it does, Windows will start the device again.

Event[1776]:
  Log Name: System
  Source: Microsoft-Windows-Kernel-PnP
  Date: 2017-06-22T10:29:00.374
  Event ID: 219
  Task: N/A
  Level: Warning
  Opcode: Info
  Keyword: N/A
  User: S-1-5-18
  User Name: NT AUTHORITY\SYSTEM
  Computer: asus
  Description: 
The driver \Driver\WudfRd failed to load for the device SWD\WPDBUSENUM\_??_USBSTOR#Disk&Ven_Generic&Prod_STORAGE_DEVICE&Rev_9744#000000009744&2#{53f56307-b6bf-11d0-94f2-00a0c91efb8b}.

Event[1777]:
  Log Name: System
  Source: Microsoft-Windows-DriverFrameworks-UserMode
  Date: 2017-06-22T10:29:00.404
  Event ID: 10114
  Task: Startup of the UMDF reflector
  Level: Information
  Opcode: Info
  Keyword: N/A
  User: S-1-5-18
  User Name: NT AUTHORITY\SYSTEM
  Computer: asus
  Description: 
WUDFPf (part of UMDF) did not load yet. After it does, Windows will start the device again.

Event[1778]:
  Log Name: System
  Source: Microsoft-Windows-Kernel-PnP
  Date: 2017-06-22T10:29:00.404
  Event ID: 219
  Task: N/A
  Level: Warning
  Opcode: Info
  Keyword: N/A
  User: S-1-5-18
  User Name: NT AUTHORITY\SYSTEM
  Computer: asus
  Description: 
The driver \Driver\WudfRd failed to load for the device SWD\WPDBUSENUM\_??_USBSTOR#Disk&Ven_Generic&Prod_STORAGE_DEVICE&Rev_9744#000000009744&0#{53f56307-b6bf-11d0-94f2-00a0c91efb8b}.

Event[1779]:
  Log Name: System
  Source: Microsoft-Windows-FilterManager
  Date: 2017-06-22T10:29:00.404
  Event ID: 6
  Task: N/A
  Level: Information
  Opcode: Info
  Keyword: N/A
  User: S-1-5-18
  User Name: NT AUTHORITY\SYSTEM
  Computer: asus
  Description: 
File System Filter 'storqosflt' (10.0, ?2015?-?12?-?18T05:36:27.000000000Z) has successfully loaded and registered with Filter Manager.

Event[1780]:
  Log Name: System
  Source: Microsoft-Windows-DriverFrameworks-UserMode
  Date: 2017-06-22T10:29:00.406
  Event ID: 10114
  Task: Startup of the UMDF reflector
  Level: Information
  Opcode: Info
  Keyword: N/A
  User: S-1-5-18
  User Name: NT AUTHORITY\SYSTEM
  Computer: asus
  Description: 
WUDFSvc (part of UMDF) did not load yet. After it does, Windows will start the device again.

Event[1781]:
  Log Name: System
  Source: Microsoft-Windows-Kernel-PnP
  Date: 2017-06-22T10:29:00.406
  Event ID: 219
  Task: N/A
  Level: Warning
  Opcode: Info
  Keyword: N/A
  User: S-1-5-18
  User Name: NT AUTHORITY\SYSTEM
  Computer: asus
  Description: 
The driver \Driver\WudfRd failed to load for the device SWD\WPDBUSENUM\_??_USBSTOR#Disk&Ven_Generic&Prod_STORAGE_DEVICE&Rev_9744#000000009744&3#{53f56307-b6bf-11d0-94f2-00a0c91efb8b}.

Event[1782]:
  Log Name: System
  Source: Microsoft-Windows-DriverFrameworks-UserMode
  Date: 2017-06-22T10:29:00.408
  Event ID: 10114
  Task: Startup of the UMDF reflector
  Level: Information
  Opcode: Info
  Keyword: N/A
  User: S-1-5-18
  User Name: NT AUTHORITY\SYSTEM
  Computer: asus
  Description: 
WUDFSvc (part of UMDF) did not load yet. After it does, Windows will start the device again.

Event[1783]:
  Log Name: System
  Source: Microsoft-Windows-Kernel-PnP
  Date: 2017-06-22T10:29:00.408
  Event ID: 219
  Task: N/A
  Level: Warning
  Opcode: Info
  Keyword: N/A
  User: S-1-5-18
  User Name: NT AUTHORITY\SYSTEM
  Computer: asus
  Description: 
The driver \Driver\WudfRd failed to load for the device SWD\WPDBUSENUM\_??_USBSTOR#Disk&Ven_Generic&Prod_STORAGE_DEVICE&Rev_9744#000000009744&1#{53f56307-b6bf-11d0-94f2-00a0c91efb8b}.

Event[1784]:
  Log Name: System
  Source: Microsoft-Windows-DriverFrameworks-UserMode
  Date: 2017-06-22T10:29:00.409
  Event ID: 10114
  Task: Startup of the UMDF reflector
  Level: Information
  Opcode: Info
  Keyword: N/A
  User: S-1-5-18
  User Name: NT AUTHORITY\SYSTEM
  Computer: asus
  Description: 
WUDFSvc (part of UMDF) did not load yet. After it does, Windows will start the device again.

Event[1785]:
  Log Name: System
  Source: Microsoft-Windows-Kernel-PnP
  Date: 2017-06-22T10:29:00.409
  Event ID: 219
  Task: N/A
  Level: Warning
  Opcode: Info
  Keyword: N/A
  User: S-1-5-18
  User Name: NT AUTHORITY\SYSTEM
  Computer: asus
  Description: 
The driver \Driver\WudfRd failed to load for the device SWD\WPDBUSENUM\_??_USBSTOR#Disk&Ven_Generic&Prod_STORAGE_DEVICE&Rev_9744#000000009744&4#{53f56307-b6bf-11d0-94f2-00a0c91efb8b}.

Event[1786]:
  Log Name: System
  Source: Microsoft-Windows-Dhcp-Client
  Date: 2017-06-22T10:29:00.456
  Event ID: 50036
  Task: Service State Event
  Level: Information
  Opcode: ServiceStart
  Keyword: N/A
  User: S-1-5-19
  User Name: NT AUTHORITY\LOCAL SERVICE
  Computer: asus
  Description: 
DHCPv4 client service is started

Event[1787]:
  Log Name: System
  Source: Microsoft-Windows-Dhcp-Client
  Date: 2017-06-22T10:29:00.456
  Event ID: 50103
  Task: Service State Event
  Level: Information
  Opcode: ServiceShutdown
  Keyword: N/A
  User: S-1-5-19
  User Name: NT AUTHORITY\LOCAL SERVICE
  Computer: asus
  Description: 
DHCPv4 client registered for shutdown notification

Event[1788]:
  Log Name: System
  Source: Microsoft-Windows-DHCPv6-Client
  Date: 2017-06-22T10:29:00.462
  Event ID: 51046
  Task: Service State Event
  Level: Information
  Opcode: ServiceStart
  Keyword: N/A
  User: S-1-5-19
  User Name: NT AUTHORITY\LOCAL SERVICE
  Computer: asus
  Description: 
DHCPv6 client service is started

Event[1789]:
  Log Name: System
  Source: Microsoft-Windows-FilterManager
  Date: 2017-06-22T10:29:00.476
  Event ID: 6
  Task: N/A
  Level: Information
  Opcode: Info
  Keyword: N/A
  User: S-1-5-18
  User Name: NT AUTHORITY\SYSTEM
  Computer: asus
  Description: 
File System Filter 'avgntflt' (6.3, ?2017?-?05?-?03T13:25:46.000000000Z) has successfully loaded and registered with Filter Manager.

Event[1790]:
  Log Name: System
  Source: avgntflt
  Date: 2017-06-22T10:29:00.467
  Event ID: 17
  Task: N/A
  Level: Information
  Opcode: N/A
  Keyword: Classic
  User: N/A
  User Name: N/A
  Computer: asus
  Description: 
avgntflt.sys successfully loaded

Event[1791]:
  Log Name: System
  Source: Microsoft-Windows-Kernel-General
  Date: 2017-06-22T10:29:00.630
  Event ID: 16
  Task: N/A
  Level: Information
  Opcode: Info
  Keyword: N/A
  User: S-1-5-18
  User Name: NT AUTHORITY\SYSTEM
  Computer: asus
  Description: 
The access history in hive \SystemRoot\System32\Config\bbimigrate\BBI was cleared updating 1 keys and creating 1 modified pages.

Event[1792]:
  Log Name: System
  Source: Microsoft-Windows-WMPNSS-Service
  Date: 2017-06-22T10:29:17.150
  Event ID: 14204
  Task: N/A
  Level: Information
  Opcode: N/A
  Keyword: Classic
  User: N/A
  User Name: N/A
  Computer: asus
  Description: 
Service 'WMPNetworkSvc' started.

Event[1793]:
  Log Name: System
  Source: Microsoft-Windows-Kernel-General
  Date: 2017-06-22T10:29:20.735
  Event ID: 16
  Task: N/A
  Level: Information
  Opcode: Info
  Keyword: N/A
  User: S-1-5-18
  User Name: NT AUTHORITY\SYSTEM
  Computer: asus
  Description: 
The access history in hive \??\C:\WINDOWS\AppCompat\Programs\Amcache.hve was cleared updating 3901 keys and creating 827 modified pages.

Event[1794]:
  Log Name: System
  Source: Microsoft-Windows-WMPNSS-Service
  Date: 2017-06-22T10:29:26.603
  Event ID: 14206
  Task: N/A
  Level: Information
  Opcode: N/A
  Keyword: Classic
  User: N/A
  User Name: N/A
  Computer: asus
  Description: 
Media server 'ASUS: dypcdiver:' was successfully initialised and is sharing media with network media devices.

Event[1795]:
  Log Name: System
  Source: Service Control Manager
  Date: 2017-06-22T10:29:46.509
  Event ID: 7026
  Task: N/A
  Level: Information
  Opcode: N/A
  Keyword: Classic
  User: N/A
  User Name: N/A
  Computer: asus
  Description: 
The following boot-start or system-start driver(s) did not load: 
dam
EhStorClass

Event[1796]:
  Log Name: System
  Source: Microsoft-Windows-Kernel-General
  Date: 2017-06-22T10:29:49.574
  Event ID: 16
  Task: N/A
  Level: Information
  Opcode: Info
  Keyword: N/A
  User: S-1-5-18
  User Name: NT AUTHORITY\SYSTEM
  Computer: asus
  Description: 
The access history in hive \??\C:\Users\dypcdiver\NTUSER.DAT was cleared updating 3112 keys and creating 375 modified pages.

Event[1797]:
  Log Name: System
  Source: Microsoft-Windows-Kernel-General
  Date: 2017-06-22T10:29:49.641
  Event ID: 16
  Task: N/A
  Level: Information
  Opcode: Info
  Keyword: N/A
  User: S-1-5-18
  User Name: NT AUTHORITY\SYSTEM
  Computer: asus
  Description: 
The access history in hive \??\C:\Users\Default\NTUSER.DAT was cleared updating 21 keys and creating 9 modified pages.

Event[1798]:
  Log Name: System
  Source: Microsoft-Windows-WindowsUpdateClient
  Date: 2017-06-22T10:30:44.075
  Event ID: 19
  Task: Windows Update Agent
  Level: Information
  Opcode: Installation
  Keyword: Installation,Success
  User: S-1-5-18
  User Name: NT AUTHORITY\SYSTEM
  Computer: asus
  Description: 
Installation Successful: Windows successfully installed the following update: 2017-06 Cumulative Update for Windows 10 Version 1703 for x64-based Systems (KB4022725)

Event[1799]:
  Log Name: System
  Source: Microsoft-Windows-Winlogon
  Date: 2017-06-22T10:30:46.744
  Event ID: 7001
  Task: N/A
  Level: Information
  Opcode: Info
  Keyword: N/A
  User: S-1-5-18
  User Name: NT AUTHORITY\SYSTEM
  Computer: asus
  Description: 
User Log-on Notification for Customer Experience Improvement Program

Event[1800]:
  Log Name: System
  Source: Microsoft-Windows-Kernel-General
  Date: 2017-06-22T10:30:46.956
  Event ID: 16
  Task: N/A
  Level: Information
  Opcode: Info
  Keyword: N/A
  User: S-1-5-18
  User Name: NT AUTHORITY\SYSTEM
  Computer: asus
  Description: 
The access history in hive \??\C:\Users\dypcdiver\AppData\Local\Microsoft\Windows\UsrClass.dat was cleared updating 4978 keys and creating 687 modified pages.

Event[1801]:
  Log Name: System
  Source: Microsoft-Windows-WMPNSS-Service
  Date: 2017-06-22T10:30:57.306
  Event ID: 14210
  Task: N/A
  Level: Information
  Opcode: N/A
  Keyword: Classic
  User: N/A
  User Name: N/A
  Computer: asus
  Description: 
The monitored folders on media server 'dypcdiver' changed.  Windows Media Player is updating security permissions for any included folders to enable media sharing.

Event[1802]:
  Log Name: System
  Source: Microsoft-Windows-Kernel-General
  Date: 2017-06-22T10:30:58.376
  Event ID: 16
  Task: N/A
  Level: Information
  Opcode: Info
  Keyword: N/A
  User: S-1-5-21-2727687409-414627687-575682064-1001
  User Name: ASUS\dypcdiver
  Computer: asus
  Description: 
The access history in hive \??\C:\Users\dypcdiver\AppData\Local\Packages\Microsoft.Windows.Cortana_cw5n1h2txyewy\Settings\settings.dat was cleared updating 38 keys and creating 10 modified pages.

Event[1803]:
  Log Name: System
  Source: Microsoft-Windows-WMPNSS-Service
  Date: 2017-06-22T10:31:16.650
  Event ID: 14210
  Task: N/A
  Level: Information
  Opcode: N/A
  Keyword: Classic
  User: N/A
  User Name: N/A
  Computer: asus
  Description: 
The monitored folders on media server 'dypcdiver' changed.  Windows Media Player is updating security permissions for any included folders to enable media sharing.

Event[1804]:
  Log Name: System
  Source: Microsoft-Windows-Kernel-General
  Date: 2017-06-22T10:31:34.309
  Event ID: 16
  Task: N/A
  Level: Information
  Opcode: Info
  Keyword: N/A
  User: S-1-5-21-2727687409-414627687-575682064-1001
  User Name: ASUS\dypcdiver
  Computer: asus
  Description: 
The access history in hive \??\C:\Users\dypcdiver\AppData\Local\Packages\Microsoft.Windows.ShellExperienceHost_cw5n1h2txyewy\Settings\settings.dat was cleared updating 4 keys and creating 2 modified pages.

Event[1805]:
  Log Name: System
  Source: Microsoft-Windows-WMPNSS-Service
  Date: 2017-06-22T10:31:46.260
  Event ID: 14210
  Task: N/A
  Level: Information
  Opcode: N/A
  Keyword: Classic
  User: N/A
  User Name: N/A
  Computer: asus
  Description: 
The monitored folders on media server 'dypcdiver' changed.  Windows Media Player is updating security permissions for any included folders to enable media sharing.

Event[1806]:
  Log Name: System
  Source: Service Control Manager
  Date: 2017-06-22T10:32:15.221
  Event ID: 7040
  Task: N/A
  Level: Information
  Opcode: N/A
  Keyword: Classic
  User: S-1-5-18
  User Name: NT AUTHORITY\SYSTEM
  Computer: asus
  Description: 
The start type of the Background Intelligent Transfer Service service was changed from demand start to auto start.

Event[1807]:
  Log Name: System
  Source: Service Control Manager
  Date: 2017-06-22T10:34:39.410
  Event ID: 7040
  Task: N/A
  Level: Information
  Opcode: N/A
  Keyword: Classic
  User: S-1-5-18
  User Name: NT AUTHORITY\SYSTEM
  Computer: asus
  Description: 
The start type of the Background Intelligent Transfer Service service was changed from auto start to demand start.

Event[1808]:
  Log Name: System
  Source: Service Control Manager
  Date: 2017-06-22T10:35:27.823
  Event ID: 7040
  Task: N/A
  Level: Information
  Opcode: N/A
  Keyword: Classic
  User: S-1-5-18
  User Name: NT AUTHORITY\SYSTEM
  Computer: asus
  Description: 
The start type of the Background Intelligent Transfer Service service was changed from demand start to auto start.

Event[1809]:
  Log Name: System
  Source: Service Control Manager
  Date: 2017-06-22T10:36:25.372
  Event ID: 7045
  Task: N/A
  Level: Information
  Opcode: N/A
  Keyword: Classic
  User: S-1-5-21-2727687409-414627687-575682064-1001
  User Name: ASUS\dypcdiver
  Computer: asus
  Description: 
A service was installed in the system.

Service Name:  WinRing0_1_2_0
Service File Name:  C:\Program Files (x86)\Hewlett-Packard\HP Support Framework\Resources\HPActiveHealth\ActiveHealth.sys
Service Type:  kernel mode driver
Service Start Type:  demand start
Service Account:  

Event[1810]:
  Log Name: System
  Source: Microsoft-Windows-WindowsUpdateClient
  Date: 2017-06-22T10:36:53.054
  Event ID: 44
  Task: Windows Update Agent
  Level: Information
  Opcode: Download
  Keyword: Download,Started
  User: S-1-5-18
  User Name: NT AUTHORITY\SYSTEM
  Computer: asus
  Description: 
Windows Update started downloading an update.

Event[1811]:
  Log Name: System
  Source: Microsoft-Windows-Kernel-General
  Date: 2017-06-22T10:37:45.341
  Event ID: 16
  Task: N/A
  Level: Information
  Opcode: Info
  Keyword: N/A
  User: S-1-5-18
  User Name: NT AUTHORITY\SYSTEM
  Computer: asus
  Description: 
The access history in hive \??\C:\ProgramData\Microsoft\Windows\AppRepository\Packages\Microsoft.WindowsStore_11705.1001.21.0_x64__8wekyb3d8bbwe\ActivationStore.dat was cleared updating 0 keys and creating 0 modified pages.

Event[1812]:
  Log Name: System
  Source: Microsoft-Windows-Kernel-General
  Date: 2017-06-22T10:37:54.393
  Event ID: 16
  Task: N/A
  Level: Information
  Opcode: Info
  Keyword: N/A
  User: S-1-5-21-2727687409-414627687-575682064-1001
  User Name: ASUS\dypcdiver
  Computer: asus
  Description: 
The access history in hive \??\C:\Users\dypcdiver\AppData\Local\Packages\Microsoft.WindowsStore_8wekyb3d8bbwe\Settings\settings.dat was cleared updating 9 keys and creating 1 modified pages.

Event[1813]:
  Log Name: System
  Source: Microsoft-Windows-WindowsUpdateClient
  Date: 2017-06-22T10:37:56.555
  Event ID: 43
  Task: Windows Update Agent
  Level: Information
  Opcode: Installation
  Keyword: Installation,Started
  User: S-1-5-18
  User Name: NT AUTHORITY\SYSTEM
  Computer: asus
  Description: 
Installation Started: Windows has started installing the following update: Store

Event[1814]:
  Log Name: System
  Source: Service Control Manager
  Date: 2017-06-22T10:38:44.791
  Event ID: 7040
  Task: N/A
  Level: Information
  Opcode: N/A
  Keyword: Classic
  User: S-1-5-18
  User Name: NT AUTHORITY\SYSTEM
  Computer: asus
  Description: 
The start type of the Background Intelligent Transfer Service service was changed from auto start to demand start.

Event[1815]:
  Log Name: System
  Source: Microsoft-Windows-WindowsUpdateClient
  Date: 2017-06-22T10:39:06.845
  Event ID: 19
  Task: Windows Update Agent
  Level: Information
  Opcode: Installation
  Keyword: Installation,Success
  User: S-1-5-18
  User Name: NT AUTHORITY\SYSTEM
  Computer: asus
  Description: 
Installation Successful: Windows successfully installed the following update: Store

Event[1816]:
  Log Name: System
  Source: Lfsvc
  Date: 2017-06-22T10:39:11.261
  Event ID: 2
  Task: N/A
  Level: Information
  Opcode: Info
  Keyword: Classic
  User: N/A
  User Name: N/A
  Computer: asus
  Description: 
Geolocation positioning has been disabled by the user.

Event[1817]:
  Log Name: System
  Source: Microsoft-Windows-Kernel-General
  Date: 2017-06-22T13:25:16.698
  Event ID: 12
  Task: N/A
  Level: Information
  Opcode: Info
  Keyword: N/A
  User: S-1-5-18
  User Name: NT AUTHORITY\SYSTEM
  Computer: asus
  Description: 
The operating system started at system time ?2017?-?06?-?22T11:25:16.487789500Z.

Event[1818]:
  Log Name: System
  Source: EventLog
  Date: 2017-06-22T13:25:48.226
  Event ID: 6008
  Task: N/A
  Level: Error
  Opcode: N/A
  Keyword: Classic
  User: N/A
  User Name: N/A
  Computer: asus
  Description: 
The previous system shutdown at 11:09:00 on ?22/?06/?2017 was unexpected.

Event[1819]:
  Log Name: System
  Source: EventLog
  Date: 2017-06-22T13:25:48.226
  Event ID: 6009
  Task: N/A
  Level: Information
  Opcode: N/A
  Keyword: Classic
  User: N/A
  User Name: N/A
  Computer: asus
  Description: 
Microsoft (R) Windows (R) 10.00. 15063  Multiprocessor Free.

Event[1820]:
  Log Name: System
  Source: EventLog
  Date: 2017-06-22T13:25:48.226
  Event ID: 6005
  Task: N/A
  Level: Information
  Opcode: N/A
  Keyword: Classic
  User: N/A
  User Name: N/A
  Computer: asus
  Description: 
The Event log service was started.

Event[1821]:
  Log Name: System
  Source: EventLog
  Date: 2017-06-22T13:25:48.226
  Event ID: 6013
  Task: N/A
  Level: Information
  Opcode: N/A
  Keyword: Classic
  User: N/A
  User Name: N/A
  Computer: asus
  Description: 
The system uptime is 31 seconds.

Event[1822]:
  Log Name: System
  Source: Microsoft-Windows-Kernel-Boot
  Date: 2017-06-22T13:25:16.698
  Event ID: 153
  Task: N/A
  Level: Information
  Opcode: Info
  Keyword: N/A
  User: S-1-5-18
  User Name: NT AUTHORITY\SYSTEM
  Computer: asus
  Description: 
Virtualization-based security (policies: 0) is disabled.

Event[1823]:
  Log Name: System
  Source: Microsoft-Windows-Kernel-Boot
  Date: 2017-06-22T13:25:16.698
  Event ID: 16
  Task: N/A
  Level: Error
  Opcode: Info
  Keyword: N/A
  User: S-1-5-18
  User Name: NT AUTHORITY\SYSTEM
  Computer: asus
  Description: 
Windows failed to resume from hibernate with error status 0xC0000001.

Event[1824]:
  Log Name: System
  Source: Microsoft-Windows-Kernel-Boot
  Date: 2017-06-22T13:25:16.698
  Event ID: 18
  Task: N/A
  Level: Information
  Opcode: Info
  Keyword: N/A
  User: S-1-5-18
  User Name: NT AUTHORITY\SYSTEM
  Computer: asus
  Description: 
There are 0x2 boot options on this system.

Event[1825]:
  Log Name: System
  Source: Microsoft-Windows-Kernel-Boot
  Date: 2017-06-22T13:25:16.698
  Event ID: 32
  Task: N/A
  Level: Information
  Opcode: Info
  Keyword: N/A
  User: S-1-5-18
  User Name: NT AUTHORITY\SYSTEM
  Computer: asus
  Description: 
The bootmgr spent 0 ms waiting for user input.

Event[1826]:
  Log Name: System
  Source: Microsoft-Windows-Kernel-Boot
  Date: 2017-06-22T13:25:16.699
  Event ID: 20
  Task: N/A
  Level: Information
  Opcode: Info
  Keyword: N/A
  User: S-1-5-18
  User Name: NT AUTHORITY\SYSTEM
  Computer: asus
  Description: 
The last shutdown's success status was false. The last boot's success status was true.

Event[1827]:
  Log Name: System
  Source: Microsoft-Windows-Kernel-Boot
  Date: 2017-06-22T13:25:16.699
  Event ID: 27
  Task: N/A
  Level: Information
  Opcode: Info
  Keyword: N/A
  User: S-1-5-18
  User Name: NT AUTHORITY\SYSTEM
  Computer: asus
  Description: 
The boot type was 0x0.

Event[1828]:
  Log Name: System
  Source: Microsoft-Windows-Kernel-Boot
  Date: 2017-06-22T13:25:16.699
  Event ID: 25
  Task: N/A
  Level: Information
  Opcode: Info
  Keyword: N/A
  User: S-1-5-18
  User Name: NT AUTHORITY\SYSTEM
  Computer: asus
  Description: 
The boot menu policy was 0x1.

Event[1829]:
  Log Name: System
  Source: Microsoft-Windows-Kernel-Boot
  Date: 2017-06-22T13:25:16.699
  Event ID: 18
  Task: N/A
  Level: Information
  Opcode: Info
  Keyword: N/A
  User: S-1-5-18
  User Name: NT AUTHORITY\SYSTEM
  Computer: asus
  Description: 
There are 0x2 boot options on this system.

Event[1830]:
  Log Name: System
  Source: Microsoft-Windows-Kernel-Boot
  Date: 2017-06-22T13:25:16.699
  Event ID: 32
  Task: N/A
  Level: Information
  Opcode: Info
  Keyword: N/A
  User: S-1-5-18
  User Name: NT AUTHORITY\SYSTEM
  Computer: asus
  Description: 
The bootmgr spent 0 ms waiting for user input.

Event[1831]:
  Log Name: System
  Source: Microsoft-Windows-FilterManager
  Date: 2017-06-22T13:25:20.571
  Event ID: 6
  Task: N/A
  Level: Information
  Opcode: Info
  Keyword: N/A
  User: S-1-5-18
  User Name: NT AUTHORITY\SYSTEM
  Computer: asus
  Description: 
File System Filter 'FileInfo' (10.0, ?2042?-?06?-?30T16:43:32.000000000Z) has successfully loaded and registered with Filter Manager.

Event[1832]:
  Log Name: System
  Source: Microsoft-Windows-FilterManager
  Date: 2017-06-22T13:25:20.572
  Event ID: 6
  Task: N/A
  Level: Information
  Opcode: Info
  Keyword: N/A
  User: S-1-5-18
  User Name: NT AUTHORITY\SYSTEM
  Computer: asus
  Description: 
File System Filter 'Wof' (10.0, ?1974?-?03?-?12T00:47:45.000000000Z) has successfully loaded and registered with Filter Manager.

Event[1833]:
  Log Name: System
  Source: Microsoft-Windows-Ntfs
  Date: 2017-06-22T13:25:27.866
  Event ID: 98
  Task: N/A
  Level: Information
  Opcode: Info
  Keyword: N/A
  User: S-1-5-18
  User Name: NT AUTHORITY\SYSTEM
  Computer: asus
  Description: 
Volume C: (\Device\HarddiskVolume2) is healthy.  No action is needed.

Event[1834]:
  Log Name: System
  Source: Microsoft-Windows-FilterManager
  Date: 2017-06-22T13:25:28.612
  Event ID: 6
  Task: N/A
  Level: Information
  Opcode: Info
  Keyword: N/A
  User: S-1-5-18
  User Name: NT AUTHORITY\SYSTEM
  Computer: asus
  Description: 
File System Filter 'FileCrypt' (10.0, ?2030?-?05?-?28T10:10:59.000000000Z) has successfully loaded and registered with Filter Manager.

Event[1835]:
  Log Name: System
  Source: avkmgr
  Date: 2017-06-22T13:25:29.397
  Event ID: 17
  Task: N/A
  Level: Information
  Opcode: N/A
  Keyword: Classic
  User: N/A
  User Name: N/A
  Computer: asus
  Description: 
avkmgr.sys successfully loaded

Event[1836]:
  Log Name: System
  Source: avipbb
  Date: 2017-06-22T13:25:29.522
  Event ID: 17
  Task: N/A
  Level: Information
  Opcode: N/A
  Keyword: Classic
  User: N/A
  User Name: N/A
  Computer: asus
  Description: 
avipbb.sys successfully loaded

Event[1837]:
  Log Name: System
  Source: Microsoft-Windows-FilterManager
  Date: 2017-06-22T13:25:29.590
  Event ID: 6
  Task: N/A
  Level: Information
  Opcode: Info
  Keyword: N/A
  User: S-1-5-18
  User Name: NT AUTHORITY\SYSTEM
  Computer: asus
  Description: 
File System Filter 'npsvctrig' (10.0, ?2097?-?07?-?25T12:18:05.000000000Z) has successfully loaded and registered with Filter Manager.

Event[1838]:
  Log Name: System
  Source: Microsoft-Windows-Kernel-Power
  Date: 2017-06-22T13:25:29.694
  Event ID: 41
  Task: N/A
  Level: Critical
  Opcode: Info
  Keyword: N/A
  User: S-1-5-18
  User Name: NT AUTHORITY\SYSTEM
  Computer: asus
  Description: 
The system has rebooted without cleanly shutting down first. This error could be caused if the system stopped responding, crashed, or lost power unexpectedly.

Event[1839]:
  Log Name: System
  Source: Microsoft-Windows-Kernel-Power
  Date: 2017-06-22T13:25:29.725
  Event ID: 172
  Task: N/A
  Level: Information
  Opcode: Info
  Keyword: N/A
  User: S-1-5-18
  User Name: NT AUTHORITY\SYSTEM
  Computer: asus
  Description: 
Connectivity state in standby: Disconnected, Reason: NIC compliance

Event[1840]:
  Log Name: System
  Source: Microsoft-Windows-Kernel-Power
  Date: 2017-06-22T13:25:29.725
  Event ID: 508
  Task: N/A
  Level: Information
  Opcode: Info
  Keyword: N/A
  User: N/A
  User Name: N/A
  Computer: asus
  Description: 
The system has been constrained to a periodic tick 

Reason: Errata Manager override.

Event[1841]:
  Log Name: System
  Source: Microsoft-Windows-Kernel-Processor-Power
  Date: 2017-06-22T13:25:30.266
  Event ID: 55
  Task: N/A
  Level: Information
  Opcode: Info
  Keyword: N/A
  User: S-1-5-18
  User Name: NT AUTHORITY\SYSTEM
  Computer: asus
  Description: 
Processor 0 in group 0 exposes the following power management capabilities:

Idle state type: ACPI Idle (C) States (2 state(s))

Performance state type: ACPI Performance (P) / Throttle (T) States
Nominal Frequency (MHz): 2801
Maximum performance percentage: 100
Minimum performance percentage: 42
Minimum throttle percentage: 42

Event[1842]:
  Log Name: System
  Source: Microsoft-Windows-Kernel-Processor-Power
  Date: 2017-06-22T13:25:30.267
  Event ID: 55
  Task: N/A
  Level: Information
  Opcode: Info
  Keyword: N/A
  User: S-1-5-18
  User Name: NT AUTHORITY\SYSTEM
  Computer: asus
  Description: 
Processor 1 in group 0 exposes the following power management capabilities:

Idle state type: ACPI Idle (C) States (2 state(s))

Performance state type: ACPI Performance (P) / Throttle (T) States
Nominal Frequency (MHz): 2801
Maximum performance percentage: 100
Minimum performance percentage: 42
Minimum throttle percentage: 42

Event[1843]:
  Log Name: System
  Source: Microsoft-Windows-Kernel-Processor-Power
  Date: 2017-06-22T13:25:30.267
  Event ID: 55
  Task: N/A
  Level: Information
  Opcode: Info
  Keyword: N/A
  User: S-1-5-18
  User Name: NT AUTHORITY\SYSTEM
  Computer: asus
  Description: 
Processor 2 in group 0 exposes the following power management capabilities:

Idle state type: ACPI Idle (C) States (2 state(s))

Performance state type: ACPI Performance (P) / Throttle (T) States
Nominal Frequency (MHz): 2801
Maximum performance percentage: 100
Minimum performance percentage: 42
Minimum throttle percentage: 42

Event[1844]:
  Log Name: System
  Source: Microsoft-Windows-Kernel-Processor-Power
  Date: 2017-06-22T13:25:30.268
  Event ID: 55
  Task: N/A
  Level: Information
  Opcode: Info
  Keyword: N/A
  User: S-1-5-18
  User Name: NT AUTHORITY\SYSTEM
  Computer: asus
  Description: 
Processor 3 in group 0 exposes the following power management capabilities:

Idle state type: ACPI Idle (C) States (2 state(s))

Performance state type: ACPI Performance (P) / Throttle (T) States
Nominal Frequency (MHz): 2801
Maximum performance percentage: 100
Minimum performance percentage: 42
Minimum throttle percentage: 42

Event[1845]:
  Log Name: System
  Source: HECIx64
  Date: 2017-06-22T13:25:30.335
  Event ID: 2
  Task: N/A
  Level: Information
  Opcode: N/A
  Keyword: Classic
  User: N/A
  User Name: N/A
  Computer: asus
  Description: 
Intel(R) Management Engine Interface driver has started successfully.

Event[1846]:
  Log Name: System
  Source: Microsoft-Windows-Ntfs
  Date: 2017-06-22T13:25:33.039
  Event ID: 98
  Task: N/A
  Level: Information
  Opcode: Info
  Keyword: N/A
  User: S-1-5-18
  User Name: NT AUTHORITY\SYSTEM
  Computer: asus
  Description: 
Volume D: (\Device\HarddiskVolume4) is healthy.  No action is needed.

Event[1847]:
  Log Name: System
  Source: Microsoft-Windows-Ntfs
  Date: 2017-06-22T13:25:33.374
  Event ID: 98
  Task: N/A
  Level: Information
  Opcode: Info
  Keyword: N/A
  User: S-1-5-18
  User Name: NT AUTHORITY\SYSTEM
  Computer: asus
  Description: 
Volume \\?\Volume{c5631e43-0000-0000-0000-100000000000} (\Device\HarddiskVolume1) is healthy.  No action is needed.

Event[1848]:
  Log Name: System
  Source: Microsoft-Windows-Wininit
  Date: 2017-06-22T13:25:46.531
  Event ID: 14
  Task: N/A
  Level: Information
  Opcode: Info
  Keyword: N/A
  User: S-1-5-18
  User Name: NT AUTHORITY\SYSTEM
  Computer: asus
  Description: 
Credential Guard (LsaIso.exe) configuration: 0x0, 0

Event[1849]:
  Log Name: System
  Source: Microsoft-Windows-Directory-Services-SAM
  Date: 2017-06-22T13:25:46.799
  Event ID: 16962
  Task: N/A
  Level: Information
  Opcode: Info
  Keyword: N/A
  User: S-1-5-18
  User Name: NT AUTHORITY\SYSTEM
  Computer: asus
  Description: 
Remote calls to the SAM database are being restricted using the default security descriptor: O:SYG:SYD:(A;;RC;;;BA).
For more information please see http://go.microsoft.com/fwlink/?LinkId=787651.

Event[1850]:
  Log Name: System
  Source: Microsoft-Windows-FilterManager
  Date: 2017-06-22T13:25:47.639
  Event ID: 6
  Task: N/A
  Level: Information
  Opcode: Info
  Keyword: N/A
  User: S-1-5-18
  User Name: NT AUTHORITY\SYSTEM
  Computer: asus
  Description: 
File System Filter 'wcifs' (10.0, ?2088?-?07?-?29T05:04:59.000000000Z) has successfully loaded and registered with Filter Manager.

Event[1851]:
  Log Name: System
  Source: Microsoft-Windows-DriverFrameworks-UserMode
  Date: 2017-06-22T13:25:47.641
  Event ID: 10114
  Task: Startup of the UMDF reflector
  Level: Information
  Opcode: Info
  Keyword: N/A
  User: S-1-5-18
  User Name: NT AUTHORITY\SYSTEM
  Computer: asus
  Description: 
WUDFPf (part of UMDF) did not load yet. After it does, Windows will start the device again.

Event[1852]:
  Log Name: System
  Source: Microsoft-Windows-Kernel-PnP
  Date: 2017-06-22T13:25:47.642
  Event ID: 219
  Task: N/A
  Level: Warning
  Opcode: Info
  Keyword: N/A
  User: S-1-5-18
  User Name: NT AUTHORITY\SYSTEM
  Computer: asus
  Description: 
The driver \Driver\WudfRd failed to load for the device SWD\WPDBUSENUM\_??_USBSTOR#Disk&Ven_Generic&Prod_STORAGE_DEVICE&Rev_9744#000000009744&2#{53f56307-b6bf-11d0-94f2-00a0c91efb8b}.

Event[1853]:
  Log Name: System
  Source: Microsoft-Windows-DriverFrameworks-UserMode
  Date: 2017-06-22T13:25:47.644
  Event ID: 10114
  Task: Startup of the UMDF reflector
  Level: Information
  Opcode: Info
  Keyword: N/A
  User: S-1-5-18
  User Name: NT AUTHORITY\SYSTEM
  Computer: asus
  Description: 
WUDFSvc (part of UMDF) did not load yet. After it does, Windows will start the device again.

Event[1854]:
  Log Name: System
  Source: Microsoft-Windows-Kernel-PnP
  Date: 2017-06-22T13:25:47.644
  Event ID: 219
  Task: N/A
  Level: Warning
  Opcode: Info
  Keyword: N/A
  User: S-1-5-18
  User Name: NT AUTHORITY\SYSTEM
  Computer: asus
  Description: 
The driver \Driver\WudfRd failed to load for the device SWD\WPDBUSENUM\_??_USBSTOR#Disk&Ven_Generic&Prod_STORAGE_DEVICE&Rev_9744#000000009744&0#{53f56307-b6bf-11d0-94f2-00a0c91efb8b}.

Event[1855]:
  Log Name: System
  Source: Microsoft-Windows-DriverFrameworks-UserMode
  Date: 2017-06-22T13:25:47.646
  Event ID: 10114
  Task: Startup of the UMDF reflector
  Level: Information
  Opcode: Info
  Keyword: N/A
  User: S-1-5-18
  User Name: NT AUTHORITY\SYSTEM
  Computer: asus
  Description: 
WUDFSvc (part of UMDF) did not load yet. After it does, Windows will start the device again.

Event[1856]:
  Log Name: System
  Source: Microsoft-Windows-Kernel-PnP
  Date: 2017-06-22T13:25:47.646
  Event ID: 219
  Task: N/A
  Level: Warning
  Opcode: Info
  Keyword: N/A
  User: S-1-5-18
  User Name: NT AUTHORITY\SYSTEM
  Computer: asus
  Description: 
The driver \Driver\WudfRd failed to load for the device SWD\WPDBUSENUM\_??_USBSTOR#Disk&Ven_Generic&Prod_STORAGE_DEVICE&Rev_9744#000000009744&3#{53f56307-b6bf-11d0-94f2-00a0c91efb8b}.

Event[1857]:
  Log Name: System
  Source: Microsoft-Windows-FilterManager
  Date: 2017-06-22T13:25:47.646
  Event ID: 6
  Task: N/A
  Level: Information
  Opcode: Info
  Keyword: N/A
  User: S-1-5-18
  User Name: NT AUTHORITY\SYSTEM
  Computer: asus
  Description: 
File System Filter 'luafv' (10.0, ?2037?-?06?-?08T11:55:59.000000000Z) has successfully loaded and registered with Filter Manager.

Event[1858]:
  Log Name: System
  Source: Service Control Manager
  Date: 2017-06-22T13:25:47.726
  Event ID: 7000
  Task: N/A
  Level: Error
  Opcode: N/A
  Keyword: Classic
  User: N/A
  User Name: N/A
  Computer: asus
  Description: 
The CldFlt service failed to start due to the following error: 
The request is not supported.

Event[1859]:
  Log Name: System
  Source: Microsoft-Windows-FilterManager
  Date: 2017-06-22T13:25:47.778
  Event ID: 6
  Task: N/A
  Level: Information
  Opcode: Info
  Keyword: N/A
  User: S-1-5-18
  User Name: NT AUTHORITY\SYSTEM
  Computer: asus
  Description: 
File System Filter 'storqosflt' (10.0, ?2015?-?12?-?18T05:36:27.000000000Z) has successfully loaded and registered with Filter Manager.

Event[1860]:
  Log Name: System
  Source: Microsoft-Windows-FilterManager
  Date: 2017-06-22T13:25:47.829
  Event ID: 6
  Task: N/A
  Level: Information
  Opcode: Info
  Keyword: N/A
  User: S-1-5-18
  User Name: NT AUTHORITY\SYSTEM
  Computer: asus
  Description: 
File System Filter 'avgntflt' (6.3, ?2017?-?05?-?03T13:25:46.000000000Z) has successfully loaded and registered with Filter Manager.

Event[1861]:
  Log Name: System
  Source: avgntflt
  Date: 2017-06-22T13:25:47.819
  Event ID: 17
  Task: N/A
  Level: Information
  Opcode: N/A
  Keyword: Classic
  User: N/A
  User Name: N/A
  Computer: asus
  Description: 
avgntflt.sys successfully loaded

Event[1862]:
  Log Name: System
  Source: Microsoft-Windows-Dhcp-Client
  Date: 2017-06-22T13:25:48.270
  Event ID: 50036
  Task: Service State Event
  Level: Information
  Opcode: ServiceStart
  Keyword: N/A
  User: S-1-5-19
  User Name: NT AUTHORITY\LOCAL SERVICE
  Computer: asus
  Description: 
DHCPv4 client service is started

Event[1863]:
  Log Name: System
  Source: Microsoft-Windows-Dhcp-Client
  Date: 2017-06-22T13:25:48.270
  Event ID: 50103
  Task: Service State Event
  Level: Information
  Opcode: ServiceShutdown
  Keyword: N/A
  User: S-1-5-19
  User Name: NT AUTHORITY\LOCAL SERVICE
  Computer: asus
  Description: 
DHCPv4 client registered for shutdown notification

Event[1864]:
  Log Name: System
  Source: Microsoft-Windows-DHCPv6-Client
  Date: 2017-06-22T13:25:48.274
  Event ID: 51046
  Task: Service State Event
  Level: Information
  Opcode: ServiceStart
  Keyword: N/A
  User: S-1-5-19
  User Name: NT AUTHORITY\LOCAL SERVICE
  Computer: asus
  Description: 
DHCPv6 client service is started

Event[1865]:
  Log Name: System
  Source: Microsoft-Windows-WER-SystemErrorReporting
  Date: 2017-06-22T13:26:14.621
  Event ID: 1001
  Task: N/A
  Level: Error
  Opcode: N/A
  Keyword: Classic
  User: N/A
  User Name: N/A
  Computer: asus
  Description: 
The computer has rebooted from a bugcheck.  The bugcheck was: 0x000000be (0xffffb18103e06178, 0x8a00000000800121, 0xffffb18106346200, 0x000000000000000b). A dump was saved in: C:\WINDOWS\MEMORY.DMP. Report Id: 80742796-77f0-4222-9ee2-23dd1130c60b.

Event[1866]:
