  Log Name: System
  Source: Microsoft-Windows-Kernel-General
  Date: 2017-10-10T19:58:35.882
  Event ID: 16
  Task: N/A
  Level: Information
  Opcode: Info
  Keyword: N/A
  User: S-1-5-18
  User Name: NT-AUTORITÄT\SYSTEM
  Computer: DESKTOP-G0L88JA
  Description: 
The access history in hive \??\C:\ProgramData\Microsoft\Windows\AppRepository\Packages\Microsoft.WindowsMaps_5.1706.2001.0_x64__8wekyb3d8bbwe\ActivationStore.dat was cleared updating 0 keys and creating 0 modified pages.

Event[1634]:
  Log Name: System
  Source: Microsoft-Windows-WindowsUpdateClient
  Date: 2017-10-10T19:58:36.424
  Event ID: 43
  Task: Windows Update Agent
  Level: Information
  Opcode: Installation
  Keyword: Installation,Started
  User: S-1-5-18
  User Name: NT-AUTORITÄT\SYSTEM
  Computer: DESKTOP-G0L88JA
  Description: 
Installation Started: Windows has started installing the following update: 9WZDNCRDTBVB-Microsoft.WindowsMaps

Event[1635]:
  Log Name: System
  Source: Microsoft-Windows-WindowsUpdateClient
  Date: 2017-10-10T19:58:38.300
  Event ID: 19
  Task: Windows Update Agent
  Level: Information
  Opcode: Installation
  Keyword: Installation,Success
  User: S-1-5-18
  User Name: NT-AUTORITÄT\SYSTEM
  Computer: DESKTOP-G0L88JA
  Description: 
Installation Successful: Windows successfully installed the following update: 9WZDNCRDTBVB-Microsoft.WindowsMaps

Event[1636]:
  Log Name: System
  Source: Microsoft-Windows-Kernel-General
  Date: 2017-10-10T19:58:38.695
  Event ID: 16
  Task: N/A
  Level: Information
  Opcode: Info
  Keyword: N/A
  User: S-1-5-18
  User Name: NT-AUTORITÄT\SYSTEM
  Computer: DESKTOP-G0L88JA
  Description: 
The access history in hive \??\C:\ProgramData\Microsoft\Windows\AppRepository\Packages\Microsoft.WindowsSoundRecorder_10.1709.2703.0_x64__8wekyb3d8bbwe\ActivationStore.dat was cleared updating 0 keys and creating 0 modified pages.

Event[1637]:
  Log Name: System
  Source: Microsoft-Windows-WindowsUpdateClient
  Date: 2017-10-10T19:58:42.922
  Event ID: 44
  Task: Windows Update Agent
  Level: Information
  Opcode: Download
  Keyword: Download,Started
  User: S-1-5-18
  User Name: NT-AUTORITÄT\SYSTEM
  Computer: DESKTOP-G0L88JA
  Description: 
Windows Update started downloading an update.

Event[1638]:
  Log Name: System
  Source: Microsoft-Windows-Kernel-General
  Date: 2017-10-10T19:58:45.214
  Event ID: 16
  Task: N/A
  Level: Information
  Opcode: Info
  Keyword: N/A
  User: S-1-5-18
  User Name: NT-AUTORITÄT\SYSTEM
  Computer: DESKTOP-G0L88JA
  Description: 
The access history in hive \??\C:\ProgramData\Microsoft\Windows\AppRepository\Packages\Microsoft.XboxApp_33.33.15001.0_x64__8wekyb3d8bbwe\ActivationStore.dat was cleared updating 0 keys and creating 0 modified pages.

Event[1639]:
  Log Name: System
  Source: Microsoft-Windows-WindowsUpdateClient
  Date: 2017-10-10T19:58:45.604
  Event ID: 43
  Task: Windows Update Agent
  Level: Information
  Opcode: Installation
  Keyword: Installation,Started
  User: S-1-5-18
  User Name: NT-AUTORITÄT\SYSTEM
  Computer: DESKTOP-G0L88JA
  Description: 
Installation Started: Windows has started installing the following update: 9WZDNCRFJBD8-Microsoft.XboxApp

Event[1640]:
  Log Name: System
  Source: Microsoft-Windows-WindowsUpdateClient
  Date: 2017-10-10T19:58:47.350
  Event ID: 19
  Task: Windows Update Agent
  Level: Information
  Opcode: Installation
  Keyword: Installation,Success
  User: S-1-5-18
  User Name: NT-AUTORITÄT\SYSTEM
  Computer: DESKTOP-G0L88JA
  Description: 
Installation Successful: Windows successfully installed the following update: 9WZDNCRFJBD8-Microsoft.XboxApp

Event[1641]:
  Log Name: System
  Source: Microsoft-Windows-WindowsUpdateClient
  Date: 2017-10-10T19:58:47.426
  Event ID: 43
  Task: Windows Update Agent
  Level: Information
  Opcode: Installation
  Keyword: Installation,Started
  User: S-1-5-18
  User Name: NT-AUTORITÄT\SYSTEM
  Computer: DESKTOP-G0L88JA
  Description: 
Installation Started: Windows has started installing the following update: 9WZDNCRFHWKN-Microsoft.WindowsSoundRecorder

Event[1642]:
  Log Name: System
  Source: Microsoft-Windows-WindowsUpdateClient
  Date: 2017-10-10T19:58:49.455
  Event ID: 44
  Task: Windows Update Agent
  Level: Information
  Opcode: Download
  Keyword: Download,Started
  User: S-1-5-18
  User Name: NT-AUTORITÄT\SYSTEM
  Computer: DESKTOP-G0L88JA
  Description: 
Windows Update started downloading an update.

Event[1643]:
  Log Name: System
  Source: Microsoft-Windows-WindowsUpdateClient
  Date: 2017-10-10T19:58:49.455
  Event ID: 19
  Task: Windows Update Agent
  Level: Information
  Opcode: Installation
  Keyword: Installation,Success
  User: S-1-5-18
  User Name: NT-AUTORITÄT\SYSTEM
  Computer: DESKTOP-G0L88JA
  Description: 
Installation Successful: Windows successfully installed the following update: 9WZDNCRFHWKN-Microsoft.WindowsSoundRecorder

Event[1644]:
  Log Name: System
  Source: Microsoft-Windows-WindowsUpdateClient
  Date: 2017-10-10T19:58:54.303
  Event ID: 44
  Task: Windows Update Agent
  Level: Information
  Opcode: Download
  Keyword: Download,Started
  User: S-1-5-18
  User Name: NT-AUTORITÄT\SYSTEM
  Computer: DESKTOP-G0L88JA
  Description: 
Windows Update started downloading an update.

Event[1645]:
  Log Name: System
  Source: Microsoft-Windows-Kernel-General
  Date: 2017-10-10T19:58:58.486
  Event ID: 16
  Task: N/A
  Level: Information
  Opcode: Info
  Keyword: N/A
  User: S-1-5-18
  User Name: NT-AUTORITÄT\SYSTEM
  Computer: DESKTOP-G0L88JA
  Description: 
The access history in hive \??\C:\ProgramData\Microsoft\Windows\AppRepository\Packages\Microsoft.WindowsCalculator_10.1709.2703.0_x64__8wekyb3d8bbwe\ActivationStore.dat was cleared updating 0 keys and creating 0 modified pages.

Event[1646]:
  Log Name: System
  Source: Microsoft-Windows-WindowsUpdateClient
  Date: 2017-10-10T19:58:58.863
  Event ID: 43
  Task: Windows Update Agent
  Level: Information
  Opcode: Installation
  Keyword: Installation,Started
  User: S-1-5-18
  User Name: NT-AUTORITÄT\SYSTEM
  Computer: DESKTOP-G0L88JA
  Description: 
Installation Started: Windows has started installing the following update: 9WZDNCRFHVN5-Microsoft.WindowsCalculator

Event[1647]:
  Log Name: System
  Source: Microsoft-Windows-WindowsUpdateClient
  Date: 2017-10-10T19:58:59.864
  Event ID: 19
  Task: Windows Update Agent
  Level: Information
  Opcode: Installation
  Keyword: Installation,Success
  User: S-1-5-18
  User Name: NT-AUTORITÄT\SYSTEM
  Computer: DESKTOP-G0L88JA
  Description: 
Installation Successful: Windows successfully installed the following update: 9WZDNCRFHVN5-Microsoft.WindowsCalculator

Event[1648]:
  Log Name: System
  Source: Microsoft-Windows-WindowsUpdateClient
  Date: 2017-10-10T19:59:05.564
  Event ID: 44
  Task: Windows Update Agent
  Level: Information
  Opcode: Download
  Keyword: Download,Started
  User: S-1-5-18
  User Name: NT-AUTORITÄT\SYSTEM
  Computer: DESKTOP-G0L88JA
  Description: 
Windows Update started downloading an update.

Event[1649]:
  Log Name: System
  Source: Microsoft-Windows-WindowsUpdateClient
  Date: 2017-10-10T19:59:27.972
  Event ID: 44
  Task: Windows Update Agent
  Level: Information
  Opcode: Download
  Keyword: Download,Started
  User: S-1-5-18
  User Name: NT-AUTORITÄT\SYSTEM
  Computer: DESKTOP-G0L88JA
  Description: 
Windows Update started downloading an update.

Event[1650]:
  Log Name: System
  Source: Microsoft-Windows-WindowsUpdateClient
  Date: 2017-10-10T19:59:27.972
  Event ID: 44
  Task: Windows Update Agent
  Level: Information
  Opcode: Download
  Keyword: Download,Started
  User: S-1-5-18
  User Name: NT-AUTORITÄT\SYSTEM
  Computer: DESKTOP-G0L88JA
  Description: 
Windows Update started downloading an update.

Event[1651]:
  Log Name: System
  Source: Microsoft-Windows-WindowsUpdateClient
  Date: 2017-10-10T19:59:27.972
  Event ID: 44
  Task: Windows Update Agent
  Level: Information
  Opcode: Download
  Keyword: Download,Started
  User: S-1-5-18
  User Name: NT-AUTORITÄT\SYSTEM
  Computer: DESKTOP-G0L88JA
  Description: 
Windows Update started downloading an update.

Event[1652]:
  Log Name: System
  Source: Microsoft-Windows-WindowsUpdateClient
  Date: 2017-10-10T19:59:27.972
  Event ID: 19
  Task: Windows Update Agent
  Level: Information
  Opcode: Installation
  Keyword: Installation,Success
  User: S-1-5-18
  User Name: NT-AUTORITÄT\SYSTEM
  Computer: DESKTOP-G0L88JA
  Description: 
Installation Successful: Windows successfully installed the following update: English LanguagePack - Windows 10 Version 1703 for x64-based Systems - (KB4016509) [en-US_LP]

Event[1653]:
  Log Name: System
  Source: User32
  Date: 2017-10-10T19:59:32.345
  Event ID: 1074
  Task: N/A
  Level: Information
  Opcode: N/A
  Keyword: Classic
  User: S-1-5-21-4282956347-1596572213-1314336134-1001
  User Name: DESKTOP-G0L88JA\Christian
  Computer: DESKTOP-G0L88JA
  Description: 
The process lpkinstall.exe has initiated the Neustart of computer DESKTOP-G0L88JA on behalf of user DESKTOP-G0L88JA\Christian for the following reason: Betriebssystem: Wiederherstellung (geplant)
 Reason Code: 0x80020002
 Shutdown Type: Neustart
 Comment: 

Event[1654]:
  Log Name: System
  Source: Microsoft-Windows-DistributedCOM
  Date: 2017-10-10T19:59:33.646
  Event ID: 10010
  Task: N/A
  Level: Error
  Opcode: Info
  Keyword: Classic
  User: S-1-5-21-4282956347-1596572213-1314336134-1001
  User Name: DESKTOP-G0L88JA\Christian
  Computer: DESKTOP-G0L88JA
  Description: 
The server {9BA05972-F6A8-11CF-A442-00A0C90A8F39} did not register with DCOM within the required timeout.

Event[1655]:
  Log Name: System
  Source: User32
  Date: 2017-10-10T19:59:33.740
  Event ID: 1074
  Task: N/A
  Level: Information
  Opcode: N/A
  Keyword: Classic
  User: S-1-5-18
  User Name: NT-AUTORITÄT\SYSTEM
  Computer: DESKTOP-G0L88JA
  Description: 
The process C:\Windows\system32\winlogon.exe (DESKTOP-G0L88JA) has initiated the Neustart of computer DESKTOP-G0L88JA on behalf of user NT-AUTORITÄT\SYSTEM for the following reason: Kein Titel für den Grund
 Reason Code: 0x500ff
 Shutdown Type: Neustart
 Comment: 

Event[1656]:
  Log Name: System
  Source: Microsoft-Windows-Winlogon
  Date: 2017-10-10T19:59:33.748
  Event ID: 7002
  Task: N/A
  Level: Information
  Opcode: Info
  Keyword: N/A
  User: S-1-5-18
  User Name: NT-AUTORITÄT\SYSTEM
  Computer: DESKTOP-G0L88JA
  Description: 
User Logoff Notification for Customer Experience Improvement Program

Event[1657]:
  Log Name: System
  Source: Service Control Manager
  Date: 2017-10-10T20:00:03.745
  Event ID: 7011
  Task: N/A
  Level: Error
  Opcode: N/A
  Keyword: Classic
  User: N/A
  User Name: N/A
  Computer: DESKTOP-G0L88JA
  Description: 
A timeout (30000 milliseconds) was reached while waiting for a transaction response from the Appinfo service.

Event[1658]:
  Log Name: System
  Source: Microsoft-Windows-Kernel-General
  Date: 2017-10-10T20:00:13.278
  Event ID: 16
  Task: N/A
  Level: Information
  Opcode: Info
  Keyword: N/A
  User: S-1-5-18
  User Name: NT-AUTORITÄT\SYSTEM
  Computer: DESKTOP-G0L88JA
  Description: 
The access history in hive \??\C:\ProgramData\Microsoft\Windows\AppRepository\Packages\Microsoft.ZuneMusic_10.17083.18321.0_x64__8wekyb3d8bbwe\ActivationStore.dat was cleared updating 0 keys and creating 0 modified pages.

Event[1659]:
  Log Name: System
  Source: EventLog
  Date: 2017-10-10T20:00:16.919
  Event ID: 6006
  Task: N/A
  Level: Information
  Opcode: N/A
  Keyword: Classic
  User: N/A
  User Name: N/A
  Computer: DESKTOP-G0L88JA
  Description: 
The Event log service was stopped.

Event[1660]:
  Log Name: System
  Source: Microsoft-Windows-Dhcp-Client
  Date: 2017-10-10T20:00:16.918
  Event ID: 50104
  Task: Service State Event
  Level: Information
  Opcode: ServiceShutdown
  Keyword: N/A
  User: S-1-5-19
  User Name: NT-AUTORITÄT\Lokaler Dienst
  Computer: DESKTOP-G0L88JA
  Description: 
DHCPv4 client received shutdown notification

Event[1661]:
  Log Name: System
  Source: Microsoft-Windows-Dhcp-Client
  Date: 2017-10-10T20:00:16.919
  Event ID: 50105
  Task: Service State Event
  Level: Information
  Opcode: ServiceShutdown
  Keyword: N/A
  User: S-1-5-19
  User Name: NT-AUTORITÄT\Lokaler Dienst
  Computer: DESKTOP-G0L88JA
  Description: 
DHCPv4 client ProcessDHCPRequestForever received TERMINATE_EVENT

Event[1662]:
  Log Name: System
  Source: Microsoft-Windows-Dhcp-Client
  Date: 2017-10-10T20:00:16.922
  Event ID: 50106
  Task: Service State Event
  Level: Information
  Opcode: ServiceShutdown
  Keyword: N/A
  User: S-1-5-19
  User Name: NT-AUTORITÄT\Lokaler Dienst
  Computer: DESKTOP-G0L88JA
  Description: 
DHCPv4 is waiting on DHCPv6 service to stop

Event[1663]:
  Log Name: System
  Source: Microsoft-Windows-DHCPv6-Client
  Date: 2017-10-10T20:00:16.922
  Event ID: 51047
  Task: Service State Event
  Level: Information
  Opcode: ServiceStop
  Keyword: N/A
  User: S-1-5-19
  User Name: NT-AUTORITÄT\Lokaler Dienst
  Computer: DESKTOP-G0L88JA
  Description: 
DHCPv6 client service is stopped. ShutDown Flag value is 1

Event[1664]:
  Log Name: System
  Source: Microsoft-Windows-DHCPv6-Client
  Date: 2017-10-10T20:00:16.922
  Event ID: 51057
  Task: Service State Event
  Level: Information
  Opcode: ServiceStopWithRefCount
  Keyword: N/A
  User: S-1-5-19
  User Name: NT-AUTORITÄT\Lokaler Dienst
  Computer: DESKTOP-G0L88JA
  Description: 
DHCPv6 client service stop is almost done.DHCP Context Ref count is 1

Event[1665]:
  Log Name: System
  Source: Microsoft-Windows-DHCPv6-Client
  Date: 2017-10-10T20:00:16.922
  Event ID: 51057
  Task: Service State Event
  Level: Information
  Opcode: ServiceStopWithRefCount
  Keyword: N/A
  User: S-1-5-19
  User Name: NT-AUTORITÄT\Lokaler Dienst
  Computer: DESKTOP-G0L88JA
  Description: 
DHCPv6 client service stop is almost done.DHCP Context Ref count is 1

Event[1666]:
  Log Name: System
  Source: Microsoft-Windows-Dhcp-Client
  Date: 2017-10-10T20:00:16.922
  Event ID: 50037
  Task: Service State Event
  Level: Information
  Opcode: ServiceStop
  Keyword: N/A
  User: S-1-5-19
  User Name: NT-AUTORITÄT\Lokaler Dienst
  Computer: DESKTOP-G0L88JA
  Description: 
DHCPv4 client service is stopped. ShutDown Flag value is 1

Event[1667]:
  Log Name: System
  Source: EventLog
  Date: 2017-10-10T20:00:54.699
  Event ID: 6009
  Task: N/A
  Level: Information
  Opcode: N/A
  Keyword: Classic
  User: N/A
  User Name: N/A
  Computer: DESKTOP-G0L88JA
  Description: 
Microsoft (R) Windows (R) 10.00. 15063  Multiprocessor Free.

Event[1668]:
  Log Name: System
  Source: EventLog
  Date: 2017-10-10T20:00:54.699
  Event ID: 6005
  Task: N/A
  Level: Information
  Opcode: N/A
  Keyword: Classic
  User: N/A
  User Name: N/A
  Computer: DESKTOP-G0L88JA
  Description: 
The Event log service was started.

Event[1669]:
  Log Name: System
  Source: EventLog
  Date: 2017-10-10T20:00:54.699
  Event ID: 6013
  Task: N/A
  Level: Information
  Opcode: N/A
  Keyword: Classic
  User: N/A
  User Name: N/A
  Computer: DESKTOP-G0L88JA
  Description: 
The system uptime is 5 seconds.

Event[1670]:
  Log Name: System
  Source: Microsoft-Windows-Kernel-Power
  Date: 2017-10-10T20:00:21.893
  Event ID: 109
  Task: N/A
  Level: Information
  Opcode: Info
  Keyword: N/A
  User: N/A
  User Name: N/A
  Computer: DESKTOP-G0L88JA
  Description: 
The kernel power manager has initiated a shutdown transition.

Shutdown Reason: Kernel API

Event[1671]:
  Log Name: System
  Source: Microsoft-Windows-Kernel-General
  Date: 2017-10-10T20:00:23.120
  Event ID: 13
  Task: N/A
  Level: Information
  Opcode: Info
  Keyword: N/A
  User: N/A
  User Name: N/A
  Computer: DESKTOP-G0L88JA
  Description: 
The operating system is shutting down at system time ?2017?-?10?-?10T18:00:23.120137400Z.

Event[1672]:
  Log Name: System
  Source: Microsoft-Windows-Kernel-General
  Date: 2017-10-10T20:00:49.755
  Event ID: 12
  Task: N/A
  Level: Information
  Opcode: Info
  Keyword: N/A
  User: S-1-5-18
  User Name: NT-AUTORITÄT\SYSTEM
  Computer: DESKTOP-G0L88JA
  Description: 
The operating system started at system time ?2017?-?10?-?10T18:00:49.497437000Z.

Event[1673]:
  Log Name: System
  Source: Microsoft-Windows-Kernel-Boot
  Date: 2017-10-10T20:00:49.755
  Event ID: 153
  Task: N/A
  Level: Information
  Opcode: Info
  Keyword: N/A
  User: S-1-5-18
  User Name: NT-AUTORITÄT\SYSTEM
  Computer: DESKTOP-G0L88JA
  Description: 
Virtualization-based security (policies: 0) is disabled.

Event[1674]:
  Log Name: System
  Source: Microsoft-Windows-Kernel-Boot
  Date: 2017-10-10T20:00:49.755
  Event ID: 20
  Task: N/A
  Level: Information
  Opcode: Info
  Keyword: N/A
  User: S-1-5-18
  User Name: NT-AUTORITÄT\SYSTEM
  Computer: DESKTOP-G0L88JA
  Description: 
The last shutdown's success status was true. The last boot's success status was true.

Event[1675]:
  Log Name: System
  Source: Microsoft-Windows-Kernel-Boot
  Date: 2017-10-10T20:00:49.755
  Event ID: 27
  Task: N/A
  Level: Information
  Opcode: Info
  Keyword: N/A
  User: S-1-5-18
  User Name: NT-AUTORITÄT\SYSTEM
  Computer: DESKTOP-G0L88JA
  Description: 
The boot type was 0x0.

Event[1676]:
  Log Name: System
  Source: Microsoft-Windows-Kernel-Boot
  Date: 2017-10-10T20:00:49.755
  Event ID: 25
  Task: N/A
  Level: Information
  Opcode: Info
  Keyword: N/A
  User: S-1-5-18
  User Name: NT-AUTORITÄT\SYSTEM
  Computer: DESKTOP-G0L88JA
  Description: 
The boot menu policy was 0x1.

Event[1677]:
  Log Name: System
  Source: Microsoft-Windows-Kernel-Boot
  Date: 2017-10-10T20:00:49.755
  Event ID: 18
  Task: N/A
  Level: Information
  Opcode: Info
  Keyword: N/A
  User: S-1-5-18
  User Name: NT-AUTORITÄT\SYSTEM
  Computer: DESKTOP-G0L88JA
  Description: 
There are 0x1 boot options on this system.

Event[1678]:
  Log Name: System
  Source: Microsoft-Windows-Kernel-Boot
  Date: 2017-10-10T20:00:49.755
  Event ID: 19
  Task: N/A
  Level: Information
  Opcode: Info
  Keyword: N/A
  User: S-1-5-18
  User Name: NT-AUTORITÄT\SYSTEM
  Computer: DESKTOP-G0L88JA
  Description: 
There are 0x1 boot tool options on this system.

Event[1679]:
  Log Name: System
  Source: Microsoft-Windows-Kernel-Boot
  Date: 2017-10-10T20:00:49.755
  Event ID: 17
  Task: N/A
  Level: Information
  Opcode: Info
  Keyword: N/A
  User: S-1-5-18
  User Name: NT-AUTORITÄT\SYSTEM
  Computer: DESKTOP-G0L88JA
  Description: 
The boot manager multi OS selection screen was displayed.

Event[1680]:
  Log Name: System
  Source: Microsoft-Windows-Kernel-Boot
  Date: 2017-10-10T20:00:49.755
  Event ID: 32
  Task: N/A
  Level: Information
  Opcode: Info
  Keyword: N/A
  User: S-1-5-18
  User Name: NT-AUTORITÄT\SYSTEM
  Computer: DESKTOP-G0L88JA
  Description: 
The bootmgr spent 0 ms waiting for user input.

Event[1681]:
  Log Name: System
  Source: Microsoft-Windows-Kernel-Boot
  Date: 2017-10-10T20:00:49.755
  Event ID: 30
  Task: N/A
  Level: Information
  Opcode: Info
  Keyword: N/A
  User: S-1-5-18
  User Name: NT-AUTORITÄT\SYSTEM
  Computer: DESKTOP-G0L88JA
  Description: 
The firmware reported boot metrics.

Event[1682]:
  Log Name: System
  Source: Microsoft-Windows-FilterManager
  Date: 2017-10-10T20:00:51.028
  Event ID: 6
  Task: N/A
  Level: Information
  Opcode: Info
  Keyword: N/A
  User: S-1-5-18
  User Name: NT-AUTORITÄT\SYSTEM
  Computer: DESKTOP-G0L88JA
  Description: 
File System Filter 'FileInfo' (10.0, ?2042?-?06?-?30T16:43:32.000000000Z) has successfully loaded and registered with Filter Manager.

Event[1683]:
  Log Name: System
  Source: Microsoft-Windows-FilterManager
  Date: 2017-10-10T20:00:51.029
  Event ID: 6
  Task: N/A
  Level: Information
  Opcode: Info
  Keyword: N/A
  User: S-1-5-18
  User Name: NT-AUTORITÄT\SYSTEM
  Computer: DESKTOP-G0L88JA
  Description: 
File System Filter 'Wof' (10.0, ?1974?-?03?-?12T00:47:45.000000000Z) has successfully loaded and registered with Filter Manager.

Event[1684]:
  Log Name: System
  Source: Microsoft-Windows-FilterManager
  Date: 2017-10-10T20:00:51.029
  Event ID: 6
  Task: N/A
  Level: Information
  Opcode: Info
  Keyword: N/A
  User: S-1-5-18
  User Name: NT-AUTORITÄT\SYSTEM
  Computer: DESKTOP-G0L88JA
  Description: 
File System Filter 'WdFilter' (10.0, ?2102?-?10?-?04T18:25:01.000000000Z) has successfully loaded and registered with Filter Manager.

Event[1685]:
  Log Name: System
  Source: Microsoft-Windows-Ntfs
  Date: 2017-10-10T20:00:51.341
  Event ID: 98
  Task: N/A
  Level: Information
  Opcode: Info
  Keyword: N/A
  User: S-1-5-18
  User Name: NT-AUTORITÄT\SYSTEM
  Computer: DESKTOP-G0L88JA
  Description: 
Volume C: (\Device\HarddiskVolume6) is healthy.  No action is needed.

Event[1686]:
  Log Name: System
  Source: Microsoft-Windows-FilterManager
  Date: 2017-10-10T20:00:51.402
  Event ID: 6
  Task: N/A
  Level: Information
  Opcode: Info
  Keyword: N/A
  User: S-1-5-18
  User Name: NT-AUTORITÄT\SYSTEM
  Computer: DESKTOP-G0L88JA
  Description: 
File System Filter 'FileCrypt' (10.0, ?2030?-?05?-?28T10:10:59.000000000Z) has successfully loaded and registered with Filter Manager.

Event[1687]:
  Log Name: System
  Source: Microsoft-Windows-FilterManager
  Date: 2017-10-10T20:00:51.446
  Event ID: 6
  Task: N/A
  Level: Information
  Opcode: Info
  Keyword: N/A
  User: S-1-5-18
  User Name: NT-AUTORITÄT\SYSTEM
  Computer: DESKTOP-G0L88JA
  Description: 
File System Filter 'npsvctrig' (10.0, ?2097?-?07?-?25T12:18:05.000000000Z) has successfully loaded and registered with Filter Manager.

Event[1688]:
  Log Name: System
  Source: Microsoft-Windows-Kernel-Power
  Date: 2017-10-10T20:00:51.464
  Event ID: 172
  Task: N/A
  Level: Information
  Opcode: Info
  Keyword: N/A
  User: S-1-5-18
  User Name: NT-AUTORITÄT\SYSTEM
  Computer: DESKTOP-G0L88JA
  Description: 
Connectivity state in standby: Disconnected, Reason: NIC compliance

Event[1689]:
  Log Name: System
  Source: Microsoft-Windows-Ntfs
  Date: 2017-10-10T20:00:51.566
  Event ID: 98
  Task: N/A
  Level: Information
  Opcode: Info
  Keyword: N/A
  User: S-1-5-18
  User Name: NT-AUTORITÄT\SYSTEM
  Computer: DESKTOP-G0L88JA
  Description: 
Volume D: (\Device\HarddiskVolume7) is healthy.  No action is needed.

Event[1690]:
  Log Name: System
  Source: Microsoft-Windows-Kernel-Processor-Power
  Date: 2017-10-10T20:00:52.076
  Event ID: 55
  Task: N/A
  Level: Information
  Opcode: Info
  Keyword: N/A
  User: S-1-5-18
  User Name: NT-AUTORITÄT\SYSTEM
  Computer: DESKTOP-G0L88JA
  Description: 
Processor 0 in group 0 exposes the following power management capabilities:

Idle state type: ACPI Idle (C) States (2 state(s))

Performance state type: ACPI Performance (P) / Throttle (T) States
Nominal Frequency (MHz): 3400
Maximum performance percentage: 100
Minimum performance percentage: 64
Minimum throttle percentage: 64

Event[1691]:
  Log Name: System
  Source: Microsoft-Windows-Kernel-Processor-Power
  Date: 2017-10-10T20:00:52.076
  Event ID: 55
  Task: N/A
  Level: Information
  Opcode: Info
  Keyword: N/A
  User: S-1-5-18
  User Name: NT-AUTORITÄT\SYSTEM
  Computer: DESKTOP-G0L88JA
  Description: 
Processor 1 in group 0 exposes the following power management capabilities:

Idle state type: ACPI Idle (C) States (2 state(s))

Performance state type: ACPI Performance (P) / Throttle (T) States
Nominal Frequency (MHz): 3400
Maximum performance percentage: 100
Minimum performance percentage: 64
Minimum throttle percentage: 64

Event[1692]:
  Log Name: System
  Source: Microsoft-Windows-Kernel-Processor-Power
  Date: 2017-10-10T20:00:52.076
  Event ID: 55
  Task: N/A
  Level: Information
  Opcode: Info
  Keyword: N/A
  User: S-1-5-18
  User Name: NT-AUTORITÄT\SYSTEM
  Computer: DESKTOP-G0L88JA
  Description: 
Processor 2 in group 0 exposes the following power management capabilities:

Idle state type: ACPI Idle (C) States (2 state(s))

Performance state type: ACPI Performance (P) / Throttle (T) States
Nominal Frequency (MHz): 3400
Maximum performance percentage: 100
Minimum performance percentage: 64
Minimum throttle percentage: 64

Event[1693]:
  Log Name: System
  Source: Microsoft-Windows-Kernel-Processor-Power
  Date: 2017-10-10T20:00:52.077
  Event ID: 55
  Task: N/A
  Level: Information
  Opcode: Info
  Keyword: N/A
  User: S-1-5-18
  User Name: NT-AUTORITÄT\SYSTEM
  Computer: DESKTOP-G0L88JA
  Description: 
Processor 3 in group 0 exposes the following power management capabilities:

Idle state type: ACPI Idle (C) States (2 state(s))

Performance state type: ACPI Performance (P) / Throttle (T) States
Nominal Frequency (MHz): 3400
Maximum performance percentage: 100
Minimum performance percentage: 64
Minimum throttle percentage: 64

Event[1694]:
  Log Name: System
  Source: Microsoft-Windows-Kernel-Processor-Power
  Date: 2017-10-10T20:00:52.077
  Event ID: 55
  Task: N/A
  Level: Information
  Opcode: Info
  Keyword: N/A
  User: S-1-5-18
  User Name: NT-AUTORITÄT\SYSTEM
  Computer: DESKTOP-G0L88JA
  Description: 
Processor 4 in group 0 exposes the following power management capabilities:

Idle state type: ACPI Idle (C) States (2 state(s))

Performance state type: ACPI Performance (P) / Throttle (T) States
Nominal Frequency (MHz): 3400
Maximum performance percentage: 100
Minimum performance percentage: 64
Minimum throttle percentage: 64

Event[1695]:
  Log Name: System
  Source: Microsoft-Windows-Kernel-Processor-Power
  Date: 2017-10-10T20:00:52.077
  Event ID: 55
  Task: N/A
  Level: Information
  Opcode: Info
  Keyword: N/A
  User: S-1-5-18
  User Name: NT-AUTORITÄT\SYSTEM
  Computer: DESKTOP-G0L88JA
  Description: 
Processor 5 in group 0 exposes the following power management capabilities:

Idle state type: ACPI Idle (C) States (2 state(s))

Performance state type: ACPI Performance (P) / Throttle (T) States
Nominal Frequency (MHz): 3400
Maximum performance percentage: 100
Minimum performance percentage: 64
Minimum throttle percentage: 64

Event[1696]:
  Log Name: System
  Source: Microsoft-Windows-Kernel-Processor-Power
  Date: 2017-10-10T20:00:52.078
  Event ID: 55
  Task: N/A
  Level: Information
  Opcode: Info
  Keyword: N/A
  User: S-1-5-18
  User Name: NT-AUTORITÄT\SYSTEM
  Computer: DESKTOP-G0L88JA
  Description: 
Processor 6 in group 0 exposes the following power management capabilities:

Idle state type: ACPI Idle (C) States (2 state(s))

Performance state type: ACPI Performance (P) / Throttle (T) States
Nominal Frequency (MHz): 3400
Maximum performance percentage: 100
Minimum performance percentage: 64
Minimum throttle percentage: 64

Event[1697]:
  Log Name: System
  Source: Microsoft-Windows-Kernel-Processor-Power
  Date: 2017-10-10T20:00:52.078
  Event ID: 55
  Task: N/A
  Level: Information
  Opcode: Info
  Keyword: N/A
  User: S-1-5-18
  User Name: NT-AUTORITÄT\SYSTEM
  Computer: DESKTOP-G0L88JA
  Description: 
Processor 7 in group 0 exposes the following power management capabilities:

Idle state type: ACPI Idle (C) States (2 state(s))

Performance state type: ACPI Performance (P) / Throttle (T) States
Nominal Frequency (MHz): 3400
Maximum performance percentage: 100
Minimum performance percentage: 64
Minimum throttle percentage: 64

Event[1698]:
  Log Name: System
  Source: Microsoft-Windows-Kernel-Processor-Power
  Date: 2017-10-10T20:00:52.079
  Event ID: 55
  Task: N/A
  Level: Information
  Opcode: Info
  Keyword: N/A
  User: S-1-5-18
  User Name: NT-AUTORITÄT\SYSTEM
  Computer: DESKTOP-G0L88JA
  Description: 
Processor 8 in group 0 exposes the following power management capabilities:

Idle state type: ACPI Idle (C) States (2 state(s))

Performance state type: ACPI Performance (P) / Throttle (T) States
Nominal Frequency (MHz): 3400
Maximum performance percentage: 100
Minimum performance percentage: 64
Minimum throttle percentage: 64

Event[1699]:
  Log Name: System
  Source: Microsoft-Windows-Kernel-Processor-Power
  Date: 2017-10-10T20:00:52.079
  Event ID: 55
  Task: N/A
  Level: Information
  Opcode: Info
  Keyword: N/A
  User: S-1-5-18
  User Name: NT-AUTORITÄT\SYSTEM
  Computer: DESKTOP-G0L88JA
  Description: 
Processor 9 in group 0 exposes the following power management capabilities:

Idle state type: ACPI Idle (C) States (2 state(s))

Performance state type: ACPI Performance (P) / Throttle (T) States
Nominal Frequency (MHz): 3400
Maximum performance percentage: 100
Minimum performance percentage: 64
Minimum throttle percentage: 64

Event[1700]:
  Log Name: System
  Source: Microsoft-Windows-Kernel-Processor-Power
  Date: 2017-10-10T20:00:52.079
  Event ID: 55
  Task: N/A
  Level: Information
  Opcode: Info
  Keyword: N/A
  User: S-1-5-18
  User Name: NT-AUTORITÄT\SYSTEM
  Computer: DESKTOP-G0L88JA
  Description: 
Processor 10 in group 0 exposes the following power management capabilities:

Idle state type: ACPI Idle (C) States (2 state(s))

Performance state type: ACPI Performance (P) / Throttle (T) States
Nominal Frequency (MHz): 3400
Maximum performance percentage: 100
Minimum performance percentage: 64
Minimum throttle percentage: 64

Event[1701]:
  Log Name: System
  Source: Microsoft-Windows-Kernel-Processor-Power
  Date: 2017-10-10T20:00:52.080
  Event ID: 55
  Task: N/A
  Level: Information
  Opcode: Info
  Keyword: N/A
  User: S-1-5-18
  User Name: NT-AUTORITÄT\SYSTEM
  Computer: DESKTOP-G0L88JA
  Description: 
Processor 11 in group 0 exposes the following power management capabilities:

Idle state type: ACPI Idle (C) States (2 state(s))

Performance state type: ACPI Performance (P) / Throttle (T) States
Nominal Frequency (MHz): 3400
Maximum performance percentage: 100
Minimum performance percentage: 64
Minimum throttle percentage: 64

Event[1702]:
  Log Name: System
  Source: Microsoft-Windows-Kernel-Processor-Power
  Date: 2017-10-10T20:00:52.080
  Event ID: 55
  Task: N/A
  Level: Information
  Opcode: Info
  Keyword: N/A
  User: S-1-5-18
  User Name: NT-AUTORITÄT\SYSTEM
  Computer: DESKTOP-G0L88JA
  Description: 
Processor 12 in group 0 exposes the following power management capabilities:

Idle state type: ACPI Idle (C) States (2 state(s))

Performance state type: ACPI Performance (P) / Throttle (T) States
Nominal Frequency (MHz): 3400
Maximum performance percentage: 100
Minimum performance percentage: 64
Minimum throttle percentage: 64

Event[1703]:
  Log Name: System
  Source: Microsoft-Windows-Kernel-Processor-Power
  Date: 2017-10-10T20:00:52.080
  Event ID: 55
  Task: N/A
  Level: Information
  Opcode: Info
  Keyword: N/A
  User: S-1-5-18
  User Name: NT-AUTORITÄT\SYSTEM
  Computer: DESKTOP-G0L88JA
  Description: 
Processor 13 in group 0 exposes the following power management capabilities:

Idle state type: ACPI Idle (C) States (2 state(s))

Performance state type: ACPI Performance (P) / Throttle (T) States
Nominal Frequency (MHz): 3400
Maximum performance percentage: 100
Minimum performance percentage: 64
Minimum throttle percentage: 64

Event[1704]:
  Log Name: System
  Source: Microsoft-Windows-Kernel-Processor-Power
  Date: 2017-10-10T20:00:52.081
  Event ID: 55
  Task: N/A
  Level: Information
  Opcode: Info
  Keyword: N/A
  User: S-1-5-18
  User Name: NT-AUTORITÄT\SYSTEM
  Computer: DESKTOP-G0L88JA
  Description: 
Processor 14 in group 0 exposes the following power management capabilities:

Idle state type: ACPI Idle (C) States (2 state(s))

Performance state type: ACPI Performance (P) / Throttle (T) States
Nominal Frequency (MHz): 3400
Maximum performance percentage: 100
Minimum performance percentage: 64
Minimum throttle percentage: 64

Event[1705]:
  Log Name: System
  Source: Microsoft-Windows-Kernel-Processor-Power
  Date: 2017-10-10T20:00:52.081
  Event ID: 55
  Task: N/A
  Level: Information
  Opcode: Info
  Keyword: N/A
  User: S-1-5-18
  User Name: NT-AUTORITÄT\SYSTEM
  Computer: DESKTOP-G0L88JA
  Description: 
Processor 15 in group 0 exposes the following power management capabilities:

Idle state type: ACPI Idle (C) States (2 state(s))

Performance state type: ACPI Performance (P) / Throttle (T) States
Nominal Frequency (MHz): 3400
Maximum performance percentage: 100
Minimum performance percentage: 64
Minimum throttle percentage: 64

Event[1706]:
  Log Name: System
  Source: Microsoft-Windows-Ntfs
  Date: 2017-10-10T20:00:52.124
  Event ID: 98
  Task: N/A
  Level: Information
  Opcode: Info
  Keyword: N/A
  User: S-1-5-18
  User Name: NT-AUTORITÄT\SYSTEM
  Computer: DESKTOP-G0L88JA
  Description: 
Volume E: (\Device\HarddiskVolume2) is healthy.  No action is needed.

Event[1707]:
  Log Name: System
  Source: Microsoft-Windows-Ntfs
  Date: 2017-10-10T20:00:52.204
  Event ID: 98
  Task: N/A
  Level: Information
  Opcode: Info
  Keyword: N/A
  User: S-1-5-18
  User Name: NT-AUTORITÄT\SYSTEM
  Computer: DESKTOP-G0L88JA
  Description: 
Volume \\?\Volume{800ef89d-8257-403d-9c5a-7bf08325d54e} (\Device\HarddiskVolume3) is healthy.  No action is needed.

Event[1708]:
  Log Name: System
  Source: Microsoft-Windows-Wininit
  Date: 2017-10-10T20:00:54.228
  Event ID: 14
  Task: N/A
  Level: Information
  Opcode: Info
  Keyword: N/A
  User: S-1-5-18
  User Name: NT-AUTORITÄT\SYSTEM
  Computer: DESKTOP-G0L88JA
  Description: 
Credential Guard (LsaIso.exe) configuration: 0x0, 0

Event[1709]:
  Log Name: System
  Source: Microsoft-Windows-Directory-Services-SAM
  Date: 2017-10-10T20:00:54.357
  Event ID: 16962
  Task: N/A
  Level: Information
  Opcode: Info
  Keyword: N/A
  User: S-1-5-18
  User Name: NT-AUTORITÄT\SYSTEM
  Computer: DESKTOP-G0L88JA
  Description: 
Remote calls to the SAM database are being restricted using the default security descriptor: O:SYG:SYD:(A;;RC;;;BA).
For more information please see http://go.microsoft.com/fwlink/?LinkId=787651.

Event[1710]:
  Log Name: System
  Source: Microsoft-Windows-FilterManager
  Date: 2017-10-10T20:00:54.669
  Event ID: 6
  Task: N/A
  Level: Information
  Opcode: Info
  Keyword: N/A
  User: S-1-5-18
  User Name: NT-AUTORITÄT\SYSTEM
  Computer: DESKTOP-G0L88JA
  Description: 
File System Filter 'wcifs' (10.0, ?2079?-?07?-?15T20:50:57.000000000Z) has successfully loaded and registered with Filter Manager.

Event[1711]:
  Log Name: System
  Source: Microsoft-Windows-FilterManager
  Date: 2017-10-10T20:00:54.731
  Event ID: 6
  Task: N/A
  Level: Information
  Opcode: Info
  Keyword: N/A
  User: S-1-5-18
  User Name: NT-AUTORITÄT\SYSTEM
  Computer: DESKTOP-G0L88JA
  Description: 
File System Filter 'luafv' (10.0, ?2037?-?06?-?08T11:55:59.000000000Z) has successfully loaded and registered with Filter Manager.

Event[1712]:
  Log Name: System
  Source: Service Control Manager
  Date: 2017-10-10T20:00:54.730
  Event ID: 7000
  Task: N/A
  Level: Error
  Opcode: N/A
  Keyword: Classic
  User: N/A
  User Name: N/A
  Computer: DESKTOP-G0L88JA
  Description: 
The CldFlt service failed to start due to the following error: 
The request is not supported.

Event[1713]:
  Log Name: System
  Source: Microsoft-Windows-FilterManager
  Date: 2017-10-10T20:00:54.737
  Event ID: 6
  Task: N/A
  Level: Information
  Opcode: Info
  Keyword: N/A
  User: S-1-5-18
  User Name: NT-AUTORITÄT\SYSTEM
  Computer: DESKTOP-G0L88JA
  Description: 
File System Filter 'storqosflt' (10.0, ?2015?-?12?-?18T05:36:27.000000000Z) has successfully loaded and registered with Filter Manager.

Event[1714]:
  Log Name: System
  Source: Microsoft-Windows-Dhcp-Client
  Date: 2017-10-10T20:00:54.759
  Event ID: 50036
  Task: Service State Event
  Level: Information
  Opcode: ServiceStart
  Keyword: N/A
  User: S-1-5-19
  User Name: NT-AUTORITÄT\Lokaler Dienst
  Computer: DESKTOP-G0L88JA
  Description: 
DHCPv4 client service is started

Event[1715]:
  Log Name: System
  Source: Microsoft-Windows-Dhcp-Client
  Date: 2017-10-10T20:00:54.762
  Event ID: 50103
  Task: Service State Event
  Level: Information
  Opcode: ServiceShutdown
  Keyword: N/A
  User: S-1-5-19
  User Name: NT-AUTORITÄT\Lokaler Dienst
  Computer: DESKTOP-G0L88JA
  Description: 
DHCPv4 client registered for shutdown notification

Event[1716]:
  Log Name: System
  Source: Microsoft-Windows-DHCPv6-Client
  Date: 2017-10-10T20:00:54.780
  Event ID: 51046
  Task: Service State Event
  Level: Information
  Opcode: ServiceStart
  Keyword: N/A
  User: S-1-5-19
  User Name: NT-AUTORITÄT\Lokaler Dienst
  Computer: DESKTOP-G0L88JA
  Description: 
DHCPv6 client service is started

Event[1717]:
  Log Name: System
  Source: Service Control Manager
  Date: 2017-10-10T20:00:55.434
  Event ID: 7026
  Task: N/A
  Level: Information
  Opcode: N/A
  Keyword: Classic
  User: N/A
  User Name: N/A
  Computer: DESKTOP-G0L88JA
  Description: 
The following boot-start or system-start driver(s) did not load: 
dam

Event[1718]:
  Log Name: System
  Source: Microsoft-Windows-WindowsUpdateClient
  Date: 2017-10-10T20:04:01.700
  Event ID: 19
  Task: Windows Update Agent
  Level: Information
  Opcode: Installation
  Keyword: Installation,Success
  User: S-1-5-18
  User Name: NT-AUTORITÄT\SYSTEM
  Computer: DESKTOP-G0L88JA
  Description: 
Installation Successful: Windows successfully installed the following update: 2017-10 Kumulatives Update für Windows 10 Version 1703 für x64-basierte Systeme (KB4041676)

Event[1719]:
  Log Name: System
  Source: Microsoft-Windows-WindowsUpdateClient
  Date: 2017-10-10T20:04:48.728
  Event ID: 44
  Task: Windows Update Agent
  Level: Information
  Opcode: Download
  Keyword: Download,Started
  User: S-1-5-18
  User Name: NT-AUTORITÄT\SYSTEM
  Computer: DESKTOP-G0L88JA
  Description: 
Windows Update started downloading an update.

Event[1720]:
  Log Name: System
  Source: Microsoft-Windows-WindowsUpdateClient
  Date: 2017-10-10T20:05:13.598
  Event ID: 43
  Task: Windows Update Agent
  Level: Information
  Opcode: Installation
  Keyword: Installation,Started
  User: S-1-5-18
  User Name: NT-AUTORITÄT\SYSTEM
  Computer: DESKTOP-G0L88JA
  Description: 
Installation Started: Windows has started installing the following update: Definitionsupdate für Windows Defender  KB2267602 (Definition 1.253.571.0)

Event[1721]:
  Log Name: System
  Source: Microsoft-Windows-WindowsUpdateClient
  Date: 2017-10-10T20:05:19.260
  Event ID: 19
  Task: Windows Update Agent
  Level: Information
  Opcode: Installation
  Keyword: Installation,Success
  User: S-1-5-18
  User Name: NT-AUTORITÄT\SYSTEM
  Computer: DESKTOP-G0L88JA
  Description: 
Installation Successful: Windows successfully installed the following update: Definitionsupdate für Windows Defender  KB2267602 (Definition 1.253.571.0)

Event[1722]:
  Log Name: System
  Source: Microsoft-Windows-WindowsUpdateClient
  Date: 2017-10-10T20:05:19.260
  Event ID: 44
  Task: Windows Update Agent
  Level: Information
  Opcode: Download
  Keyword: Download,Started
  User: S-1-5-18
  User Name: NT-AUTORITÄT\SYSTEM
  Computer: DESKTOP-G0L88JA
  Description: 
Windows Update started downloading an update.

Event[1723]:
  Log Name: System
  Source: Lfsvc
  Date: 2017-10-10T20:10:55.609
  Event ID: 2
  Task: N/A
  Level: Information
  Opcode: Info
  Keyword: Classic
  User: N/A
  User Name: N/A
  Computer: DESKTOP-G0L88JA
  Description: 
Geolocation positioning has been disabled by the user.

Event[1724]:
  Log Name: System
  Source: Service Control Manager
  Date: 2017-10-10T20:12:02.750
  Event ID: 7045
  Task: N/A
  Level: Information
  Opcode: N/A
  Keyword: Classic
  User: S-1-5-18
  User Name: NT-AUTORITÄT\SYSTEM
  Computer: DESKTOP-G0L88JA
  Description: 
A service was installed in the system.

Service Name:  MpKsl57cf166a
Service File Name:  C:\ProgramData\Microsoft\Windows Defender\Definition Updates\{7365F7D2-D418-4982-9F61-4E13B7E7EDF7}\MpKsl57cf166a.sys
Service Type:  Kernelmodustreiber
Service Start Type:  Systemstart
Service Account:  

Event[1725]:
  Log Name: System
  Source: Service Control Manager
  Date: 2017-10-10T20:12:49.175
  Event ID: 7040
  Task: N/A
  Level: Information
  Opcode: N/A
  Keyword: Classic
  User: S-1-5-18
  User Name: NT-AUTORITÄT\SYSTEM
  Computer: DESKTOP-G0L88JA
  Description: 
The start type of the Windows Modules Installer service was changed from Manuell starten to Automatisch starten.

Event[1726]:
  Log Name: System
  Source: Microsoft-Windows-Time-Service
  Date: 2017-10-10T20:13:28.340
  Event ID: 158
  Task: N/A
  Level: Information
  Opcode: Info
  Keyword: N/A
  User: S-1-5-19
  User Name: NT-AUTORITÄT\Lokaler Dienst
  Computer: DESKTOP-G0L88JA
  Description: 
The time provider 'VMICTimeProvider' has indicated that the current hardware and operating environment is not supported and has stopped. This behavior is expected for VMICTimeProvider on non-HyperV-guest environments. This may be the expected behavior for the current provider in the current operating environment as well.

Event[1727]:
  Log Name: System
  Source: Microsoft-Windows-Time-Service
  Date: 2017-10-10T20:13:30.238
  Event ID: 37
  Task: N/A
  Level: Information
  Opcode: Info
  Keyword: N/A
  User: S-1-5-19
  User Name: NT-AUTORITÄT\Lokaler Dienst
  Computer: DESKTOP-G0L88JA
  Description: 
The time provider NtpClient is currently receiving valid time data from time.windows.com,0x9 (ntp.m|0x9|0.0.0.0:123->51.141.32.51:123).

Event[1728]:
  Log Name: System
  Source: Microsoft-Windows-Kernel-General
  Date: 2017-10-10T20:13:41.997
  Event ID: 1
  Task: N/A
  Level: Information
  Opcode: Info
  Keyword: Time
  User: S-1-5-19
  User Name: NT-AUTORITÄT\Lokaler Dienst
  Computer: DESKTOP-G0L88JA
  Description: 
The system time has changed to ?2017?-?10?-?10T18:13:41.997076500Z from ?2017?-?10?-?10T18:13:44.367420900Z.

Change Reason: An application or system component changed the time.

Event[1729]:
  Log Name: System
  Source: Microsoft-Windows-Time-Service
  Date: 2017-10-10T20:13:41.997
  Event ID: 35
  Task: N/A
  Level: Information
  Opcode: Info
  Keyword: N/A
  User: S-1-5-19
  User Name: NT-AUTORITÄT\Lokaler Dienst
  Computer: DESKTOP-G0L88JA
  Description: 
The time service is now synchronizing the system time with the time source time.windows.com,0x9 (ntp.m|0x9|0.0.0.0:123->51.141.32.51:123).

Event[1730]:
  Log Name: System
  Source: Microsoft-Windows-Kernel-General
  Date: 2017-10-10T20:13:41.995
  Event ID: 1
  Task: N/A
  Level: Information
  Opcode: Info
  Keyword: Time
  User: S-1-5-19
  User Name: NT-AUTORITÄT\Lokaler Dienst
  Computer: DESKTOP-G0L88JA
  Description: 
The system time has changed to ?2017?-?10?-?10T18:13:41.996000000Z from ?2017?-?10?-?10T18:13:41.997437900Z.

Change Reason: An application or system component changed the time.

Event[1731]:
  Log Name: System
  Source: Microsoft-Windows-Kernel-General
  Date: 2017-10-10T20:13:41.994
  Event ID: 1
  Task: N/A
  Level: Information
  Opcode: Info
  Keyword: Time
  User: S-1-5-19
  User Name: NT-AUTORITÄT\Lokaler Dienst
  Computer: DESKTOP-G0L88JA
  Description: 
The system time has changed to ?2017?-?10?-?10T18:13:41.995000000Z from ?2017?-?10?-?10T18:13:41.995880400Z.

Change Reason: An application or system component changed the time.

Event[1732]:
  Log Name: System
  Source: Service Control Manager
  Date: 2017-10-10T20:14:03.182
  Event ID: 7040
  Task: N/A
  Level: Information
  Opcode: N/A
  Keyword: Classic
  User: S-1-5-18
  User Name: NT-AUTORITÄT\SYSTEM
  Computer: DESKTOP-G0L88JA
  Description: 
The start type of the Windows Modules Installer service was changed from Automatisch starten to Manuell starten.

Event[1733]:
  Log Name: System
  Source: Service Control Manager
  Date: 2017-10-10T20:14:21.840
  Event ID: 7040
  Task: N/A
  Level: Information
  Opcode: N/A
  Keyword: Classic
  User: S-1-5-18
  User Name: NT-AUTORITÄT\SYSTEM
  Computer: DESKTOP-G0L88JA
  Description: 
The start type of the Windows Modules Installer service was changed from Manuell starten to Automatisch starten.

Event[1734]:
  Log Name: System
  Source: Service Control Manager
  Date: 2017-10-10T20:14:22.731
  Event ID: 7040
  Task: N/A
  Level: Information
  Opcode: N/A
  Keyword: Classic
  User: S-1-5-18
  User Name: NT-AUTORITÄT\SYSTEM
  Computer: DESKTOP-G0L88JA
  Description: 
The start type of the Windows Modules Installer service was changed from Automatisch starten to Manuell starten.

Event[1735]:
  Log Name: System
  Source: Microsoft-Windows-WindowsUpdateClient
  Date: 2017-10-10T20:14:29.450
  Event ID: 44
  Task: Windows Update Agent
  Level: Information
  Opcode: Download
  Keyword: Download,Started
  User: S-1-5-18
  User Name: NT-AUTORITÄT\SYSTEM
  Computer: DESKTOP-G0L88JA
  Description: 
Windows Update started downloading an update.

Event[1736]:
  Log Name: System
  Source: Service Control Manager
  Date: 2017-10-10T20:14:30.497
  Event ID: 7040
  Task: N/A
  Level: Information
  Opcode: N/A
  Keyword: Classic
  User: S-1-5-18
  User Name: NT-AUTORITÄT\SYSTEM
  Computer: DESKTOP-G0L88JA
  Description: 
The start type of the Windows Modules Installer service was changed from Manuell starten to Automatisch starten.

Event[1737]:
  Log Name: System
  Source: Service Control Manager
  Date: 2017-10-10T20:14:31.450
  Event ID: 7040
  Task: N/A
  Level: Information
  Opcode: N/A
  Keyword: Classic
  User: S-1-5-18
  User Name: NT-AUTORITÄT\SYSTEM
  Computer: DESKTOP-G0L88JA
  Description: 
The start type of the Windows Modules Installer service was changed from Automatisch starten to Manuell starten.

Event[1738]:
  Log Name: System
  Source: User32
  Date: 2017-10-10T20:28:38.619
  Event ID: 1074
  Task: N/A
  Level: Information
  Opcode: N/A
  Keyword: Classic
  User: S-1-5-18
  User Name: NT-AUTORITÄT\SYSTEM
  Computer: DESKTOP-G0L88JA
  Description: 
The process C:\Windows\system32\winlogon.exe (DESKTOP-G0L88JA) has initiated the Ausschalten of computer DESKTOP-G0L88JA on behalf of user NT-AUTORITÄT\SYSTEM for the following reason: Kein Titel für den Grund
 Reason Code: 0x500ff
 Shutdown Type: Ausschalten
 Comment: 

Event[1739]:
  Log Name: System
  Source: Microsoft-Windows-Kernel-Power
  Date: 2017-10-10T20:28:40.343
  Event ID: 42
  Task: N/A
  Level: Information
  Opcode: Info
  Keyword: N/A
  User: N/A
  User Name: N/A
  Computer: DESKTOP-G0L88JA
  Description: 
The system is entering sleep.

Sleep Reason: Application API

Event[1740]:
  Log Name: System
  Source: Microsoft-Windows-Kernel-Power
  Date: 2017-10-10T20:28:41.962
  Event ID: 107
  Task: N/A
  Level: Information
  Opcode: Info
  Keyword: N/A
  User: N/A
  User Name: N/A
  Computer: DESKTOP-G0L88JA
  Description: 
The system has resumed from sleep.

Event[1741]:
  Log Name: System
  Source: Microsoft-Windows-Kernel-General
  Date: 2017-10-10T20:29:05.499
  Event ID: 1
  Task: N/A
  Level: Information
  Opcode: Info
  Keyword: Time
  User: N/A
  User Name: N/A
  Computer: DESKTOP-G0L88JA
  Description: 
The system time has changed to ?2017?-?10?-?10T18:29:05.500000000Z from ?2017?-?10?-?10T18:28:41.962967100Z.

Change Reason: System time synchronized with the hardware clock.

Event[1742]:
  Log Name: System
  Source: Microsoft-Windows-Kernel-Boot
  Date: 2017-10-10T20:29:06.489
  Event ID: 30
  Task: N/A
  Level: Information
  Opcode: Info
  Keyword: N/A
  User: N/A
  User Name: N/A
  Computer: DESKTOP-G0L88JA
  Description: 
The firmware reported boot metrics.

Event[1743]:
  Log Name: System
  Source: Microsoft-Windows-Kernel-Boot
  Date: 2017-10-10T20:29:06.489
  Event ID: 18
  Task: N/A
  Level: Information
  Opcode: Info
  Keyword: N/A
  User: N/A
  User Name: N/A
  Computer: DESKTOP-G0L88JA
  Description: 
There are 0x1 boot options on this system.

Event[1744]:
  Log Name: System
  Source: Microsoft-Windows-Kernel-Boot
  Date: 2017-10-10T20:29:06.489
  Event ID: 32
  Task: N/A
  Level: Information
  Opcode: Info
  Keyword: N/A
  User: N/A
  User Name: N/A
  Computer: DESKTOP-G0L88JA
  Description: 
The bootmgr spent 0 ms waiting for user input.

Event[1745]:
  Log Name: System
  Source: Microsoft-Windows-Kernel-Boot
  Date: 2017-10-10T20:29:06.489
  Event ID: 25
  Task: N/A
  Level: Information
  Opcode: Info
  Keyword: N/A
  User: N/A
  User Name: N/A
  Computer: DESKTOP-G0L88JA
  Description: 
The boot menu policy was 0x1.

Event[1746]:
  Log Name: System
  Source: Microsoft-Windows-Kernel-Boot
  Date: 2017-10-10T20:29:06.489
  Event ID: 27
  Task: N/A
  Level: Information
  Opcode: Info
  Keyword: N/A
  User: N/A
  User Name: N/A
  Computer: DESKTOP-G0L88JA
  Description: 
The boot type was 0x1.

Event[1747]:
  Log Name: System
  Source: Microsoft-Windows-Power-Troubleshooter
  Date: 2017-10-10T20:29:08.482
  Event ID: 1
  Task: N/A
  Level: Information
  Opcode: Info
  Keyword: N/A
  User: S-1-5-19
  User Name: NT-AUTORITÄT\Lokaler Dienst
  Computer: DESKTOP-G0L88JA
  Description: 
The system has returned from a low power state.

Sleep Time: ?2017?-?10?-?10T18:28:39.713655900Z
Wake Time: ?2017?-?10?-?10T18:29:06.676438500Z

Wake Source: Unknown

Event[1748]:
  Log Name: System
  Source: Microsoft-Windows-Winlogon
  Date: 2017-10-10T20:29:22.821
  Event ID: 7001
  Task: N/A
  Level: Information
  Opcode: Info
  Keyword: N/A
  User: S-1-5-18
  User Name: NT-AUTORITÄT\SYSTEM
  Computer: DESKTOP-G0L88JA
  Description: 
User Logon Notification for Customer Experience Improvement Program

Event[1749]:
  Log Name: System
  Source: Microsoft-Windows-Kernel-General
  Date: 2017-10-10T20:29:23.801
  Event ID: 16
  Task: N/A
  Level: Information
  Opcode: Info
  Keyword: N/A
  User: S-1-5-18
  User Name: NT-AUTORITÄT\SYSTEM
  Computer: DESKTOP-G0L88JA
  Description: 
The access history in hive \??\C:\ProgramData\Microsoft\Windows\AppRepository\Packages\1527c705-839a-4832-9118-54d4Bd6a0c89_10.0.15063.674_neutral_neutral_cw5n1h2txyewy\ActivationStore.dat was cleared updating 0 keys and creating 0 modified pages.

Event[1750]:
  Log Name: System
  Source: Microsoft-Windows-Kernel-General
  Date: 2017-10-10T20:29:24.510
  Event ID: 16
  Task: N/A
  Level: Information
  Opcode: Info
  Keyword: N/A
  User: S-1-5-18
  User Name: NT-AUTORITÄT\SYSTEM
  Computer: DESKTOP-G0L88JA
  Description: 
The access history in hive \??\C:\ProgramData\Microsoft\Windows\AppRepository\Packages\Microsoft.AccountsControl_10.0.15063.674_neutral__cw5n1h2txyewy\ActivationStore.dat was cleared updating 0 keys and creating 0 modified pages.

Event[1751]:
