  Log Name: System
  Source: Microsoft-Windows-Winlogon
  Date: 2017-06-22T13:26:40.598
  Event ID: 7001
  Task: N/A
  Level: Information
  Opcode: Info
  Keyword: N/A
  User: S-1-5-18
  User Name: NT AUTHORITY\SYSTEM
  Computer: asus
  Description: 
User Log-on Notification for Customer Experience Improvement Program

Event[1867]:
  Log Name: System
  Source: Microsoft-Windows-WMPNSS-Service
  Date: 2017-06-22T13:26:50.871
  Event ID: 14204
  Task: N/A
  Level: Information
  Opcode: N/A
  Keyword: Classic
  User: N/A
  User Name: N/A
  Computer: asus
  Description: 
Service 'WMPNetworkSvc' started.

Event[1868]:
  Log Name: System
  Source: Service Control Manager
  Date: 2017-06-22T13:26:55.465
  Event ID: 7026
  Task: N/A
  Level: Information
  Opcode: N/A
  Keyword: Classic
  User: N/A
  User Name: N/A
  Computer: asus
  Description: 
The following boot-start or system-start driver(s) did not load: 
dam
EhStorClass

Event[1869]:
  Log Name: System
  Source: Microsoft-Windows-WMPNSS-Service
  Date: 2017-06-22T13:27:56.262
  Event ID: 14206
  Task: N/A
  Level: Information
  Opcode: N/A
  Keyword: Classic
  User: N/A
  User Name: N/A
  Computer: asus
  Description: 
Media server 'ASUS: dypcdiver:' was successfully initialised and is sharing media with network media devices.

Event[1870]:
  Log Name: System
  Source: Service Control Manager
  Date: 2017-06-22T13:28:12.590
  Event ID: 7022
  Task: N/A
  Level: Error
  Opcode: N/A
  Keyword: Classic
  User: N/A
  User Name: N/A
  Computer: asus
  Description: 
The Avira Real-Time Protection service did not respond on starting. 

Event[1871]:
  Log Name: System
  Source: Service Control Manager
  Date: 2017-06-22T13:28:12.590
  Event ID: 7022
  Task: N/A
  Level: Error
  Opcode: N/A
  Keyword: Classic
  User: N/A
  User Name: N/A
  Computer: asus
  Description: 
The Avira Real-Time Protection service did not respond on starting. 

Event[1872]:
  Log Name: System
  Source: Service Control Manager
  Date: 2017-06-22T13:28:12.699
  Event ID: 7001
  Task: N/A
  Level: Error
  Opcode: N/A
  Keyword: Classic
  User: N/A
  User Name: N/A
  Computer: asus
  Description: 
The Avira Web Protection service depends on the Avira Real-Time Protection service which failed to start because of the following error: 
After starting, the service hung in a start-pending state.

Event[1873]:
  Log Name: System
  Source: Service Control Manager
  Date: 2017-06-22T13:28:12.699
  Event ID: 7001
  Task: N/A
  Level: Error
  Opcode: N/A
  Keyword: Classic
  User: N/A
  User Name: N/A
  Computer: asus
  Description: 
The Avira Mail Protection service depends on the Avira Real-Time Protection service which failed to start because of the following error: 
After starting, the service hung in a start-pending state.

Event[1874]:
  Log Name: System
  Source: Service Control Manager
  Date: 2017-06-22T13:28:20.856
  Event ID: 7011
  Task: N/A
  Level: Error
  Opcode: N/A
  Keyword: Classic
  User: N/A
  User Name: N/A
  Computer: asus
  Description: 
A timeout (30000 milliseconds) was reached while waiting for a transaction response from the FDResPub service.

Event[1875]:
  Log Name: System
  Source: Service Control Manager
  Date: 2017-06-22T13:28:46.669
  Event ID: 7031
  Task: N/A
  Level: Error
  Opcode: N/A
  Keyword: Classic
  User: N/A
  User Name: N/A
  Computer: asus
  Description: 
The Avira Scheduler service terminated unexpectedly. It has done this 1 time(s). The following corrective action will be taken in 0 milliseconds: Restart the service.

Event[1876]:
  Log Name: System
  Source: Microsoft-Windows-WMPNSS-Service
  Date: 2017-06-22T13:28:53.194
  Event ID: 14210
  Task: N/A
  Level: Information
  Opcode: N/A
  Keyword: Classic
  User: N/A
  User Name: N/A
  Computer: asus
  Description: 
The monitored folders on media server 'dypcdiver' changed.  Windows Media Player is updating security permissions for any included folders to enable media sharing.

Event[1877]:
  Log Name: System
  Source: Service Control Manager
  Date: 2017-06-22T13:29:28.290
  Event ID: 7040
  Task: N/A
  Level: Information
  Opcode: N/A
  Keyword: Classic
  User: S-1-5-18
  User Name: NT AUTHORITY\SYSTEM
  Computer: asus
  Description: 
The start type of the Background Intelligent Transfer Service service was changed from demand start to auto start.

Event[1878]:
  Log Name: System
  Source: Microsoft-Windows-Kernel-General
  Date: 2017-06-22T13:29:43.263
  Event ID: 16
  Task: N/A
  Level: Information
  Opcode: Info
  Keyword: N/A
  User: S-1-5-21-2727687409-414627687-575682064-1001
  User Name: ASUS\dypcdiver
  Computer: asus
  Description: 
The access history in hive \??\C:\Users\dypcdiver\AppData\Local\Packages\9E2F88E3.Twitter_wgeqdkkx372wm\Settings\settings.dat was cleared updating 3 keys and creating 0 modified pages.

Event[1879]:
  Log Name: System
  Source: Service Control Manager
  Date: 2017-06-22T13:31:31.057
  Event ID: 7040
  Task: N/A
  Level: Information
  Opcode: N/A
  Keyword: Classic
  User: S-1-5-18
  User Name: NT AUTHORITY\SYSTEM
  Computer: asus
  Description: 
The start type of the Background Intelligent Transfer Service service was changed from auto start to demand start.

Event[1880]:
  Log Name: System
  Source: Lfsvc
  Date: 2017-06-22T13:36:08.174
  Event ID: 2
  Task: N/A
  Level: Information
  Opcode: Info
  Keyword: Classic
  User: N/A
  User Name: N/A
  Computer: asus
  Description: 
Geolocation positioning has been disabled by the user.

Event[1881]:
  Log Name: System
  Source: Microsoft-Windows-Kernel-General
  Date: 2017-06-23T04:43:52.698
  Event ID: 12
  Task: N/A
  Level: Information
  Opcode: Info
  Keyword: N/A
  User: S-1-5-18
  User Name: NT AUTHORITY\SYSTEM
  Computer: asus
  Description: 
The operating system started at system time ?2017?-?06?-?23T02:43:52.487682400Z.

Event[1882]:
  Log Name: System
  Source: EventLog
  Date: 2017-06-23T04:44:25.593
  Event ID: 6008
  Task: N/A
  Level: Error
  Opcode: N/A
  Keyword: Classic
  User: N/A
  User Name: N/A
  Computer: asus
  Description: 
The previous system shutdown at 14:45:48 on ?22/?06/?2017 was unexpected.

Event[1883]:
  Log Name: System
  Source: EventLog
  Date: 2017-06-23T04:44:25.593
  Event ID: 6009
  Task: N/A
  Level: Information
  Opcode: N/A
  Keyword: Classic
  User: N/A
  User Name: N/A
  Computer: asus
  Description: 
Microsoft (R) Windows (R) 10.00. 15063  Multiprocessor Free.

Event[1884]:
  Log Name: System
  Source: EventLog
  Date: 2017-06-23T04:44:25.593
  Event ID: 6005
  Task: N/A
  Level: Information
  Opcode: N/A
  Keyword: Classic
  User: N/A
  User Name: N/A
  Computer: asus
  Description: 
The Event log service was started.

Event[1885]:
  Log Name: System
  Source: EventLog
  Date: 2017-06-23T04:44:25.594
  Event ID: 6013
  Task: N/A
  Level: Information
  Opcode: N/A
  Keyword: Classic
  User: N/A
  User Name: N/A
  Computer: asus
  Description: 
The system uptime is 33 seconds.

Event[1886]:
  Log Name: System
  Source: Microsoft-Windows-Kernel-Boot
  Date: 2017-06-23T04:43:52.698
  Event ID: 153
  Task: N/A
  Level: Information
  Opcode: Info
  Keyword: N/A
  User: S-1-5-18
  User Name: NT AUTHORITY\SYSTEM
  Computer: asus
  Description: 
Virtualization-based security (policies: 0) is disabled.

Event[1887]:
  Log Name: System
  Source: Microsoft-Windows-Kernel-Boot
  Date: 2017-06-23T04:43:52.698
  Event ID: 16
  Task: N/A
  Level: Error
  Opcode: Info
  Keyword: N/A
  User: S-1-5-18
  User Name: NT AUTHORITY\SYSTEM
  Computer: asus
  Description: 
Windows failed to resume from hibernate with error status 0xC0000001.

Event[1888]:
  Log Name: System
  Source: Microsoft-Windows-Kernel-Boot
  Date: 2017-06-23T04:43:52.698
  Event ID: 18
  Task: N/A
  Level: Information
  Opcode: Info
  Keyword: N/A
  User: S-1-5-18
  User Name: NT AUTHORITY\SYSTEM
  Computer: asus
  Description: 
There are 0x2 boot options on this system.

Event[1889]:
  Log Name: System
  Source: Microsoft-Windows-Kernel-Boot
  Date: 2017-06-23T04:43:52.698
  Event ID: 32
  Task: N/A
  Level: Information
  Opcode: Info
  Keyword: N/A
  User: S-1-5-18
  User Name: NT AUTHORITY\SYSTEM
  Computer: asus
  Description: 
The bootmgr spent 0 ms waiting for user input.

Event[1890]:
  Log Name: System
  Source: Microsoft-Windows-Kernel-Boot
  Date: 2017-06-23T04:43:52.698
  Event ID: 20
  Task: N/A
  Level: Information
  Opcode: Info
  Keyword: N/A
  User: S-1-5-18
  User Name: NT AUTHORITY\SYSTEM
  Computer: asus
  Description: 
The last shutdown's success status was false. The last boot's success status was true.

Event[1891]:
  Log Name: System
  Source: Microsoft-Windows-Kernel-Boot
  Date: 2017-06-23T04:43:52.698
  Event ID: 27
  Task: N/A
  Level: Information
  Opcode: Info
  Keyword: N/A
  User: S-1-5-18
  User Name: NT AUTHORITY\SYSTEM
  Computer: asus
  Description: 
The boot type was 0x0.

Event[1892]:
  Log Name: System
  Source: Microsoft-Windows-Kernel-Boot
  Date: 2017-06-23T04:43:52.698
  Event ID: 25
  Task: N/A
  Level: Information
  Opcode: Info
  Keyword: N/A
  User: S-1-5-18
  User Name: NT AUTHORITY\SYSTEM
  Computer: asus
  Description: 
The boot menu policy was 0x1.

Event[1893]:
  Log Name: System
  Source: Microsoft-Windows-Kernel-Boot
  Date: 2017-06-23T04:43:52.698
  Event ID: 18
  Task: N/A
  Level: Information
  Opcode: Info
  Keyword: N/A
  User: S-1-5-18
  User Name: NT AUTHORITY\SYSTEM
  Computer: asus
  Description: 
There are 0x2 boot options on this system.

Event[1894]:
  Log Name: System
  Source: Microsoft-Windows-Kernel-Boot
  Date: 2017-06-23T04:43:52.698
  Event ID: 32
  Task: N/A
  Level: Information
  Opcode: Info
  Keyword: N/A
  User: S-1-5-18
  User Name: NT AUTHORITY\SYSTEM
  Computer: asus
  Description: 
The bootmgr spent 0 ms waiting for user input.

Event[1895]:
  Log Name: System
  Source: Microsoft-Windows-FilterManager
  Date: 2017-06-23T04:43:56.555
  Event ID: 6
  Task: N/A
  Level: Information
  Opcode: Info
  Keyword: N/A
  User: S-1-5-18
  User Name: NT AUTHORITY\SYSTEM
  Computer: asus
  Description: 
File System Filter 'FileInfo' (10.0, ?2042?-?06?-?30T16:43:32.000000000Z) has successfully loaded and registered with Filter Manager.

Event[1896]:
  Log Name: System
  Source: Microsoft-Windows-FilterManager
  Date: 2017-06-23T04:43:56.556
  Event ID: 6
  Task: N/A
  Level: Information
  Opcode: Info
  Keyword: N/A
  User: S-1-5-18
  User Name: NT AUTHORITY\SYSTEM
  Computer: asus
  Description: 
File System Filter 'Wof' (10.0, ?1974?-?03?-?12T00:47:45.000000000Z) has successfully loaded and registered with Filter Manager.

Event[1897]:
  Log Name: System
  Source: Microsoft-Windows-Ntfs
  Date: 2017-06-23T04:44:06.721
  Event ID: 98
  Task: N/A
  Level: Information
  Opcode: Info
  Keyword: N/A
  User: S-1-5-18
  User Name: NT AUTHORITY\SYSTEM
  Computer: asus
  Description: 
Volume C: (\Device\HarddiskVolume2) is healthy.  No action is needed.

Event[1898]:
  Log Name: System
  Source: Microsoft-Windows-FilterManager
  Date: 2017-06-23T04:44:06.935
  Event ID: 6
  Task: N/A
  Level: Information
  Opcode: Info
  Keyword: N/A
  User: S-1-5-18
  User Name: NT AUTHORITY\SYSTEM
  Computer: asus
  Description: 
File System Filter 'FileCrypt' (10.0, ?2030?-?05?-?28T10:10:59.000000000Z) has successfully loaded and registered with Filter Manager.

Event[1899]:
  Log Name: System
  Source: avkmgr
  Date: 2017-06-23T04:44:07.006
  Event ID: 17
  Task: N/A
  Level: Information
  Opcode: N/A
  Keyword: Classic
  User: N/A
  User Name: N/A
  Computer: asus
  Description: 
avkmgr.sys successfully loaded

Event[1900]:
  Log Name: System
  Source: avipbb
  Date: 2017-06-23T04:44:07.131
  Event ID: 17
  Task: N/A
  Level: Information
  Opcode: N/A
  Keyword: Classic
  User: N/A
  User Name: N/A
  Computer: asus
  Description: 
avipbb.sys successfully loaded

Event[1901]:
  Log Name: System
  Source: Microsoft-Windows-FilterManager
  Date: 2017-06-23T04:44:07.144
  Event ID: 6
  Task: N/A
  Level: Information
  Opcode: Info
  Keyword: N/A
  User: S-1-5-18
  User Name: NT AUTHORITY\SYSTEM
  Computer: asus
  Description: 
File System Filter 'npsvctrig' (10.0, ?2097?-?07?-?25T12:18:05.000000000Z) has successfully loaded and registered with Filter Manager.

Event[1902]:
  Log Name: System
  Source: Microsoft-Windows-Kernel-Power
  Date: 2017-06-23T04:44:07.158
  Event ID: 41
  Task: N/A
  Level: Critical
  Opcode: Info
  Keyword: N/A
  User: S-1-5-18
  User Name: NT AUTHORITY\SYSTEM
  Computer: asus
  Description: 
The system has rebooted without cleanly shutting down first. This error could be caused if the system stopped responding, crashed, or lost power unexpectedly.

Event[1903]:
  Log Name: System
  Source: Microsoft-Windows-Kernel-Power
  Date: 2017-06-23T04:44:07.291
  Event ID: 172
  Task: N/A
  Level: Information
  Opcode: Info
  Keyword: N/A
  User: S-1-5-18
  User Name: NT AUTHORITY\SYSTEM
  Computer: asus
  Description: 
Connectivity state in standby: Disconnected, Reason: NIC compliance

Event[1904]:
  Log Name: System
  Source: Microsoft-Windows-Kernel-Power
  Date: 2017-06-23T04:44:07.291
  Event ID: 508
  Task: N/A
  Level: Information
  Opcode: Info
  Keyword: N/A
  User: N/A
  User Name: N/A
  Computer: asus
  Description: 
The system has been constrained to a periodic tick 

Reason: Errata Manager override.

Event[1905]:
  Log Name: System
  Source: Microsoft-Windows-Kernel-Processor-Power
  Date: 2017-06-23T04:44:07.451
  Event ID: 55
  Task: N/A
  Level: Information
  Opcode: Info
  Keyword: N/A
  User: S-1-5-18
  User Name: NT AUTHORITY\SYSTEM
  Computer: asus
  Description: 
Processor 0 in group 0 exposes the following power management capabilities:

Idle state type: ACPI Idle (C) States (2 state(s))

Performance state type: ACPI Performance (P) / Throttle (T) States
Nominal Frequency (MHz): 2801
Maximum performance percentage: 100
Minimum performance percentage: 42
Minimum throttle percentage: 42

Event[1906]:
  Log Name: System
  Source: Microsoft-Windows-Kernel-Processor-Power
  Date: 2017-06-23T04:44:07.452
  Event ID: 55
  Task: N/A
  Level: Information
  Opcode: Info
  Keyword: N/A
  User: S-1-5-18
  User Name: NT AUTHORITY\SYSTEM
  Computer: asus
  Description: 
Processor 1 in group 0 exposes the following power management capabilities:

Idle state type: ACPI Idle (C) States (2 state(s))

Performance state type: ACPI Performance (P) / Throttle (T) States
Nominal Frequency (MHz): 2801
Maximum performance percentage: 100
Minimum performance percentage: 42
Minimum throttle percentage: 42

Event[1907]:
  Log Name: System
  Source: Microsoft-Windows-Kernel-Processor-Power
  Date: 2017-06-23T04:44:07.452
  Event ID: 55
  Task: N/A
  Level: Information
  Opcode: Info
  Keyword: N/A
  User: S-1-5-18
  User Name: NT AUTHORITY\SYSTEM
  Computer: asus
  Description: 
Processor 2 in group 0 exposes the following power management capabilities:

Idle state type: ACPI Idle (C) States (2 state(s))

Performance state type: ACPI Performance (P) / Throttle (T) States
Nominal Frequency (MHz): 2801
Maximum performance percentage: 100
Minimum performance percentage: 42
Minimum throttle percentage: 42

Event[1908]:
  Log Name: System
  Source: Microsoft-Windows-Kernel-Processor-Power
  Date: 2017-06-23T04:44:07.453
  Event ID: 55
  Task: N/A
  Level: Information
  Opcode: Info
  Keyword: N/A
  User: S-1-5-18
  User Name: NT AUTHORITY\SYSTEM
  Computer: asus
  Description: 
Processor 3 in group 0 exposes the following power management capabilities:

Idle state type: ACPI Idle (C) States (2 state(s))

Performance state type: ACPI Performance (P) / Throttle (T) States
Nominal Frequency (MHz): 2801
Maximum performance percentage: 100
Minimum performance percentage: 42
Minimum throttle percentage: 42

Event[1909]:
  Log Name: System
  Source: HECIx64
  Date: 2017-06-23T04:44:07.522
  Event ID: 2
  Task: N/A
  Level: Information
  Opcode: N/A
  Keyword: Classic
  User: N/A
  User Name: N/A
  Computer: asus
  Description: 
Intel(R) Management Engine Interface driver has started successfully.

Event[1910]:
  Log Name: System
  Source: Microsoft-Windows-Ntfs
  Date: 2017-06-23T04:44:10.705
  Event ID: 98
  Task: N/A
  Level: Information
  Opcode: Info
  Keyword: N/A
  User: S-1-5-18
  User Name: NT AUTHORITY\SYSTEM
  Computer: asus
  Description: 
Volume D: (\Device\HarddiskVolume4) is healthy.  No action is needed.

Event[1911]:
  Log Name: System
  Source: Microsoft-Windows-Ntfs
  Date: 2017-06-23T04:44:11.021
  Event ID: 98
  Task: N/A
  Level: Information
  Opcode: Info
  Keyword: N/A
  User: S-1-5-18
  User Name: NT AUTHORITY\SYSTEM
  Computer: asus
  Description: 
Volume \\?\Volume{c5631e43-0000-0000-0000-100000000000} (\Device\HarddiskVolume1) is healthy.  No action is needed.

Event[1912]:
  Log Name: System
  Source: Microsoft-Windows-Wininit
  Date: 2017-06-23T04:44:22.631
  Event ID: 14
  Task: N/A
  Level: Information
  Opcode: Info
  Keyword: N/A
  User: S-1-5-18
  User Name: NT AUTHORITY\SYSTEM
  Computer: asus
  Description: 
Credential Guard (LsaIso.exe) configuration: 0x0, 0

Event[1913]:
  Log Name: System
  Source: Microsoft-Windows-Directory-Services-SAM
  Date: 2017-06-23T04:44:23.036
  Event ID: 16962
  Task: N/A
  Level: Information
  Opcode: Info
  Keyword: N/A
  User: S-1-5-18
  User Name: NT AUTHORITY\SYSTEM
  Computer: asus
  Description: 
Remote calls to the SAM database are being restricted using the default security descriptor: O:SYG:SYD:(A;;RC;;;BA).
For more information please see http://go.microsoft.com/fwlink/?LinkId=787651.

Event[1914]:
  Log Name: System
  Source: Microsoft-Windows-FilterManager
  Date: 2017-06-23T04:44:24.786
  Event ID: 6
  Task: N/A
  Level: Information
  Opcode: Info
  Keyword: N/A
  User: S-1-5-18
  User Name: NT AUTHORITY\SYSTEM
  Computer: asus
  Description: 
File System Filter 'wcifs' (10.0, ?2088?-?07?-?29T05:04:59.000000000Z) has successfully loaded and registered with Filter Manager.

Event[1915]:
  Log Name: System
  Source: Microsoft-Windows-FilterManager
  Date: 2017-06-23T04:44:24.793
  Event ID: 6
  Task: N/A
  Level: Information
  Opcode: Info
  Keyword: N/A
  User: S-1-5-18
  User Name: NT AUTHORITY\SYSTEM
  Computer: asus
  Description: 
File System Filter 'luafv' (10.0, ?2037?-?06?-?08T11:55:59.000000000Z) has successfully loaded and registered with Filter Manager.

Event[1916]:
  Log Name: System
  Source: Service Control Manager
  Date: 2017-06-23T04:44:24.785
  Event ID: 7000
  Task: N/A
  Level: Error
  Opcode: N/A
  Keyword: Classic
  User: N/A
  User Name: N/A
  Computer: asus
  Description: 
The CldFlt service failed to start due to the following error: 
The request is not supported.

Event[1917]:
  Log Name: System
  Source: Microsoft-Windows-FilterManager
  Date: 2017-06-23T04:44:24.796
  Event ID: 6
  Task: N/A
  Level: Information
  Opcode: Info
  Keyword: N/A
  User: S-1-5-18
  User Name: NT AUTHORITY\SYSTEM
  Computer: asus
  Description: 
File System Filter 'storqosflt' (10.0, ?2015?-?12?-?18T05:36:27.000000000Z) has successfully loaded and registered with Filter Manager.

Event[1918]:
  Log Name: System
  Source: Microsoft-Windows-FilterManager
  Date: 2017-06-23T04:44:24.800
  Event ID: 6
  Task: N/A
  Level: Information
  Opcode: Info
  Keyword: N/A
  User: S-1-5-18
  User Name: NT AUTHORITY\SYSTEM
  Computer: asus
  Description: 
File System Filter 'avgntflt' (6.3, ?2017?-?05?-?03T13:25:46.000000000Z) has successfully loaded and registered with Filter Manager.

Event[1919]:
  Log Name: System
  Source: avgntflt
  Date: 2017-06-23T04:44:24.785
  Event ID: 17
  Task: N/A
  Level: Information
  Opcode: N/A
  Keyword: Classic
  User: N/A
  User Name: N/A
  Computer: asus
  Description: 
avgntflt.sys successfully loaded

Event[1920]:
  Log Name: System
  Source: Microsoft-Windows-DriverFrameworks-UserMode
  Date: 2017-06-23T04:44:24.802
  Event ID: 10114
  Task: Startup of the UMDF reflector
  Level: Information
  Opcode: Info
  Keyword: N/A
  User: S-1-5-18
  User Name: NT AUTHORITY\SYSTEM
  Computer: asus
  Description: 
WUDFPf (part of UMDF) did not load yet. After it does, Windows will start the device again.

Event[1921]:
  Log Name: System
  Source: Microsoft-Windows-Kernel-PnP
  Date: 2017-06-23T04:44:24.802
  Event ID: 219
  Task: N/A
  Level: Warning
  Opcode: Info
  Keyword: N/A
  User: S-1-5-18
  User Name: NT AUTHORITY\SYSTEM
  Computer: asus
  Description: 
The driver \Driver\WudfRd failed to load for the device SWD\WPDBUSENUM\_??_USBSTOR#Disk&Ven_Generic&Prod_STORAGE_DEVICE&Rev_9744#000000009744&2#{53f56307-b6bf-11d0-94f2-00a0c91efb8b}.

Event[1922]:
  Log Name: System
  Source: Microsoft-Windows-DriverFrameworks-UserMode
  Date: 2017-06-23T04:44:24.805
  Event ID: 10114
  Task: Startup of the UMDF reflector
  Level: Information
  Opcode: Info
  Keyword: N/A
  User: S-1-5-18
  User Name: NT AUTHORITY\SYSTEM
  Computer: asus
  Description: 
WUDFSvc (part of UMDF) did not load yet. After it does, Windows will start the device again.

Event[1923]:
  Log Name: System
  Source: Microsoft-Windows-Kernel-PnP
  Date: 2017-06-23T04:44:24.805
  Event ID: 219
  Task: N/A
  Level: Warning
  Opcode: Info
  Keyword: N/A
  User: S-1-5-18
  User Name: NT AUTHORITY\SYSTEM
  Computer: asus
  Description: 
The driver \Driver\WudfRd failed to load for the device SWD\WPDBUSENUM\_??_USBSTOR#Disk&Ven_Generic&Prod_STORAGE_DEVICE&Rev_9744#000000009744&0#{53f56307-b6bf-11d0-94f2-00a0c91efb8b}.

Event[1924]:
  Log Name: System
  Source: Microsoft-Windows-DriverFrameworks-UserMode
  Date: 2017-06-23T04:44:24.806
  Event ID: 10114
  Task: Startup of the UMDF reflector
  Level: Information
  Opcode: Info
  Keyword: N/A
  User: S-1-5-18
  User Name: NT AUTHORITY\SYSTEM
  Computer: asus
  Description: 
WUDFSvc (part of UMDF) did not load yet. After it does, Windows will start the device again.

Event[1925]:
  Log Name: System
  Source: Microsoft-Windows-Kernel-PnP
  Date: 2017-06-23T04:44:24.806
  Event ID: 219
  Task: N/A
  Level: Warning
  Opcode: Info
  Keyword: N/A
  User: S-1-5-18
  User Name: NT AUTHORITY\SYSTEM
  Computer: asus
  Description: 
The driver \Driver\WudfRd failed to load for the device SWD\WPDBUSENUM\_??_USBSTOR#Disk&Ven_Generic&Prod_STORAGE_DEVICE&Rev_9744#000000009744&3#{53f56307-b6bf-11d0-94f2-00a0c91efb8b}.

Event[1926]:
  Log Name: System
  Source: Microsoft-Windows-DriverFrameworks-UserMode
  Date: 2017-06-23T04:44:24.808
  Event ID: 10114
  Task: Startup of the UMDF reflector
  Level: Information
  Opcode: Info
  Keyword: N/A
  User: S-1-5-18
  User Name: NT AUTHORITY\SYSTEM
  Computer: asus
  Description: 
WUDFSvc (part of UMDF) did not load yet. After it does, Windows will start the device again.

Event[1927]:
  Log Name: System
  Source: Microsoft-Windows-Kernel-PnP
  Date: 2017-06-23T04:44:24.808
  Event ID: 219
  Task: N/A
  Level: Warning
  Opcode: Info
  Keyword: N/A
  User: S-1-5-18
  User Name: NT AUTHORITY\SYSTEM
  Computer: asus
  Description: 
The driver \Driver\WudfRd failed to load for the device SWD\WPDBUSENUM\_??_USBSTOR#Disk&Ven_Generic&Prod_STORAGE_DEVICE&Rev_9744#000000009744&1#{53f56307-b6bf-11d0-94f2-00a0c91efb8b}.

Event[1928]:
  Log Name: System
  Source: Microsoft-Windows-DriverFrameworks-UserMode
  Date: 2017-06-23T04:44:24.809
  Event ID: 10114
  Task: Startup of the UMDF reflector
  Level: Information
  Opcode: Info
  Keyword: N/A
  User: S-1-5-18
  User Name: NT AUTHORITY\SYSTEM
  Computer: asus
  Description: 
WUDFSvc (part of UMDF) did not load yet. After it does, Windows will start the device again.

Event[1929]:
  Log Name: System
  Source: Microsoft-Windows-Kernel-PnP
  Date: 2017-06-23T04:44:24.809
  Event ID: 219
  Task: N/A
  Level: Warning
  Opcode: Info
  Keyword: N/A
  User: S-1-5-18
  User Name: NT AUTHORITY\SYSTEM
  Computer: asus
  Description: 
The driver \Driver\WudfRd failed to load for the device SWD\WPDBUSENUM\_??_USBSTOR#Disk&Ven_Generic&Prod_STORAGE_DEVICE&Rev_9744#000000009744&4#{53f56307-b6bf-11d0-94f2-00a0c91efb8b}.

Event[1930]:
  Log Name: System
  Source: Microsoft-Windows-Dhcp-Client
  Date: 2017-06-23T04:44:25.685
  Event ID: 50036
  Task: Service State Event
  Level: Information
  Opcode: ServiceStart
  Keyword: N/A
  User: S-1-5-19
  User Name: NT AUTHORITY\LOCAL SERVICE
  Computer: asus
  Description: 
DHCPv4 client service is started

Event[1931]:
  Log Name: System
  Source: Microsoft-Windows-Dhcp-Client
  Date: 2017-06-23T04:44:25.685
  Event ID: 50103
  Task: Service State Event
  Level: Information
  Opcode: ServiceShutdown
  Keyword: N/A
  User: S-1-5-19
  User Name: NT AUTHORITY\LOCAL SERVICE
  Computer: asus
  Description: 
DHCPv4 client registered for shutdown notification

Event[1932]:
  Log Name: System
  Source: Microsoft-Windows-DHCPv6-Client
  Date: 2017-06-23T04:44:25.695
  Event ID: 51046
  Task: Service State Event
  Level: Information
  Opcode: ServiceStart
  Keyword: N/A
  User: S-1-5-19
  User Name: NT AUTHORITY\LOCAL SERVICE
  Computer: asus
  Description: 
DHCPv6 client service is started

Event[1933]:
  Log Name: System
  Source: Microsoft-Windows-WER-SystemErrorReporting
  Date: 2017-06-23T04:44:40.038
  Event ID: 1001
  Task: N/A
  Level: Error
  Opcode: N/A
  Keyword: Classic
  User: N/A
  User Name: N/A
  Computer: asus
  Description: 
The computer has rebooted from a bugcheck.  The bugcheck was: 0x000000be (0xffff9681aee06178, 0x8a00000000800121, 0xffff9681b2cc82e0, 0x000000000000000b). A dump was saved in: C:\WINDOWS\MEMORY.DMP. Report Id: e5108ff5-661c-4092-9c16-f7c810caec03.

Event[1934]:
  Log Name: System
  Source: Microsoft-Windows-WMPNSS-Service
  Date: 2017-06-23T04:44:57.397
  Event ID: 14204
  Task: N/A
  Level: Information
  Opcode: N/A
  Keyword: Classic
  User: N/A
  User Name: N/A
  Computer: asus
  Description: 
Service 'WMPNetworkSvc' started.

Event[1935]:
  Log Name: System
  Source: Service Control Manager
  Date: 2017-06-23T04:44:59.350
  Event ID: 7009
  Task: N/A
  Level: Error
  Opcode: N/A
  Keyword: Classic
  User: N/A
  User Name: N/A
  Computer: asus
  Description: 
A timeout was reached (30000 milliseconds) while waiting for the Avira.ServiceHost service to connect.

Event[1936]:
  Log Name: System
  Source: Microsoft-Windows-WMPNSS-Service
  Date: 2017-06-23T04:45:04.522
  Event ID: 14206
  Task: N/A
  Level: Information
  Opcode: N/A
  Keyword: Classic
  User: N/A
  User Name: N/A
  Computer: asus
  Description: 
Media server 'ASUS: dypcdiver:' was successfully initialised and is sharing media with network media devices.

Event[1937]:
  Log Name: System
  Source: Service Control Manager
  Date: 2017-06-23T04:45:19.350
  Event ID: 7026
  Task: N/A
  Level: Information
  Opcode: N/A
  Keyword: Classic
  User: N/A
  User Name: N/A
  Computer: asus
  Description: 
The following boot-start or system-start driver(s) did not load: 
dam
EhStorClass

Event[1938]:
  Log Name: System
  Source: Lfsvc
  Date: 2017-06-23T04:54:29.961
  Event ID: 2
  Task: N/A
  Level: Information
  Opcode: Info
  Keyword: Classic
  User: N/A
  User Name: N/A
  Computer: asus
  Description: 
Geolocation positioning has been disabled by the user.

Event[1939]:
  Log Name: System
  Source: Microsoft-Windows-Time-Service
  Date: 2017-06-23T04:56:10.025
  Event ID: 158
  Task: N/A
  Level: Information
  Opcode: Info
  Keyword: N/A
  User: S-1-5-19
  User Name: NT AUTHORITY\LOCAL SERVICE
  Computer: asus
  Description: 
The time provider 'VMICTimeProvider' has indicated that the current hardware and operating environment is not supported and has stopped. This behavior is expected for VMICTimeProvider on non-HyperV-guest environments. This may be the expected behavior for the current provider in the current operating environment as well.

Event[1940]:
  Log Name: System
  Source: Microsoft-Windows-Time-Service
  Date: 2017-06-23T04:56:11.732
  Event ID: 37
  Task: N/A
  Level: Information
  Opcode: Info
  Keyword: N/A
  User: S-1-5-19
  User Name: NT AUTHORITY\LOCAL SERVICE
  Computer: asus
  Description: 
The time provider NtpClient is currently receiving valid time data from time.windows.com,0x9 (ntp.m|0x9|0.0.0.0:123->52.166.120.77:123).

Event[1941]:
  Log Name: System
  Source: Microsoft-Windows-Time-Service
  Date: 2017-06-23T04:56:26.134
  Event ID: 35
  Task: N/A
  Level: Information
  Opcode: Info
  Keyword: N/A
  User: S-1-5-19
  User Name: NT AUTHORITY\LOCAL SERVICE
  Computer: asus
  Description: 
The time service is now synchronizing the system time with the time source time.windows.com,0x9 (ntp.m|0x9|0.0.0.0:123->52.166.120.77:123).

Event[1942]:
  Log Name: System
  Source: Microsoft-Windows-Kernel-General
  Date: 2017-06-23T04:56:26.129
  Event ID: 1
  Task: N/A
  Level: Information
  Opcode: Info
  Keyword: Time
  User: S-1-5-19
  User Name: NT AUTHORITY\LOCAL SERVICE
  Computer: asus
  Description: 
The system time has changed to ?2017?-?06?-?23T02:56:26.134000000Z from ?2017?-?06?-?23T02:56:26.138589500Z.

Change Reason: An application or system component changed the time.

Event[1943]:
  Log Name: System
  Source: Microsoft-Windows-Kernel-General
  Date: 2017-06-23T10:29:48.698
  Event ID: 12
  Task: N/A
  Level: Information
  Opcode: Info
  Keyword: N/A
  User: S-1-5-18
  User Name: NT AUTHORITY\SYSTEM
  Computer: asus
  Description: 
The operating system started at system time ?2017?-?06?-?23T08:29:48.487758900Z.

Event[1944]:
  Log Name: System
  Source: EventLog
  Date: 2017-06-23T10:30:20.616
  Event ID: 6008
  Task: N/A
  Level: Error
  Opcode: N/A
  Keyword: Classic
  User: N/A
  User Name: N/A
  Computer: asus
  Description: 
The previous system shutdown at 04:44:25 on ?23/?06/?2017 was unexpected.

Event[1945]:
  Log Name: System
  Source: EventLog
  Date: 2017-06-23T10:30:20.616
  Event ID: 6009
  Task: N/A
  Level: Information
  Opcode: N/A
  Keyword: Classic
  User: N/A
  User Name: N/A
  Computer: asus
  Description: 
Microsoft (R) Windows (R) 10.00. 15063  Multiprocessor Free.

Event[1946]:
  Log Name: System
  Source: EventLog
  Date: 2017-06-23T10:30:20.616
  Event ID: 6005
  Task: N/A
  Level: Information
  Opcode: N/A
  Keyword: Classic
  User: N/A
  User Name: N/A
  Computer: asus
  Description: 
The Event log service was started.

Event[1947]:
  Log Name: System
  Source: EventLog
  Date: 2017-06-23T10:30:20.616
  Event ID: 6013
  Task: N/A
  Level: Information
  Opcode: N/A
  Keyword: Classic
  User: N/A
  User Name: N/A
  Computer: asus
  Description: 
The system uptime is 32 seconds.

Event[1948]:
  Log Name: System
  Source: Microsoft-Windows-Kernel-Boot
  Date: 2017-06-23T10:29:48.698
  Event ID: 153
  Task: N/A
  Level: Information
  Opcode: Info
  Keyword: N/A
  User: S-1-5-18
  User Name: NT AUTHORITY\SYSTEM
  Computer: asus
  Description: 
Virtualization-based security (policies: 0) is disabled.

Event[1949]:
  Log Name: System
  Source: Microsoft-Windows-Kernel-Boot
  Date: 2017-06-23T10:29:48.698
  Event ID: 16
  Task: N/A
  Level: Error
  Opcode: Info
  Keyword: N/A
  User: S-1-5-18
  User Name: NT AUTHORITY\SYSTEM
  Computer: asus
  Description: 
Windows failed to resume from hibernate with error status 0xC0000001.

Event[1950]:
  Log Name: System
  Source: Microsoft-Windows-Kernel-Boot
  Date: 2017-06-23T10:29:48.698
  Event ID: 18
  Task: N/A
  Level: Information
  Opcode: Info
  Keyword: N/A
  User: S-1-5-18
  User Name: NT AUTHORITY\SYSTEM
  Computer: asus
  Description: 
There are 0x2 boot options on this system.

Event[1951]:
  Log Name: System
  Source: Microsoft-Windows-Kernel-Boot
  Date: 2017-06-23T10:29:48.698
  Event ID: 32
  Task: N/A
  Level: Information
  Opcode: Info
  Keyword: N/A
  User: S-1-5-18
  User Name: NT AUTHORITY\SYSTEM
  Computer: asus
  Description: 
The bootmgr spent 0 ms waiting for user input.

Event[1952]:
  Log Name: System
  Source: Microsoft-Windows-Kernel-Boot
  Date: 2017-06-23T10:29:48.698
  Event ID: 20
  Task: N/A
  Level: Information
  Opcode: Info
  Keyword: N/A
  User: S-1-5-18
  User Name: NT AUTHORITY\SYSTEM
  Computer: asus
  Description: 
The last shutdown's success status was false. The last boot's success status was true.

Event[1953]:
  Log Name: System
  Source: Microsoft-Windows-Kernel-Boot
  Date: 2017-06-23T10:29:48.698
  Event ID: 27
  Task: N/A
  Level: Information
  Opcode: Info
  Keyword: N/A
  User: S-1-5-18
  User Name: NT AUTHORITY\SYSTEM
  Computer: asus
  Description: 
The boot type was 0x0.

Event[1954]:
  Log Name: System
  Source: Microsoft-Windows-Kernel-Boot
  Date: 2017-06-23T10:29:48.698
  Event ID: 25
  Task: N/A
  Level: Information
  Opcode: Info
  Keyword: N/A
  User: S-1-5-18
  User Name: NT AUTHORITY\SYSTEM
  Computer: asus
  Description: 
The boot menu policy was 0x1.

Event[1955]:
  Log Name: System
  Source: Microsoft-Windows-Kernel-Boot
  Date: 2017-06-23T10:29:48.698
  Event ID: 18
  Task: N/A
  Level: Information
  Opcode: Info
  Keyword: N/A
  User: S-1-5-18
  User Name: NT AUTHORITY\SYSTEM
  Computer: asus
  Description: 
There are 0x2 boot options on this system.

Event[1956]:
  Log Name: System
  Source: Microsoft-Windows-Kernel-Boot
  Date: 2017-06-23T10:29:48.698
  Event ID: 32
  Task: N/A
  Level: Information
  Opcode: Info
  Keyword: N/A
  User: S-1-5-18
  User Name: NT AUTHORITY\SYSTEM
  Computer: asus
  Description: 
The bootmgr spent 0 ms waiting for user input.

Event[1957]:
  Log Name: System
  Source: Microsoft-Windows-FilterManager
  Date: 2017-06-23T10:29:52.556
  Event ID: 6
  Task: N/A
  Level: Information
  Opcode: Info
  Keyword: N/A
  User: S-1-5-18
  User Name: NT AUTHORITY\SYSTEM
  Computer: asus
  Description: 
File System Filter 'FileInfo' (10.0, ?2042?-?06?-?30T16:43:32.000000000Z) has successfully loaded and registered with Filter Manager.

Event[1958]:
  Log Name: System
  Source: Microsoft-Windows-FilterManager
  Date: 2017-06-23T10:29:52.556
  Event ID: 6
  Task: N/A
  Level: Information
  Opcode: Info
  Keyword: N/A
  User: S-1-5-18
  User Name: NT AUTHORITY\SYSTEM
  Computer: asus
  Description: 
File System Filter 'Wof' (10.0, ?1974?-?03?-?12T00:47:45.000000000Z) has successfully loaded and registered with Filter Manager.

Event[1959]:
  Log Name: System
  Source: Microsoft-Windows-WMPNSS-Service
  Date: 2017-06-23T10:30:32.168
  Event ID: 14204
  Task: N/A
  Level: Information
  Opcode: N/A
  Keyword: Classic
  User: N/A
  User Name: N/A
  Computer: asus
  Description: 
Service 'WMPNetworkSvc' started.

Event[1960]:
  Log Name: System
  Source: Microsoft-Windows-Ntfs
  Date: 2017-06-23T10:29:58.665
  Event ID: 98
  Task: N/A
  Level: Information
  Opcode: Info
  Keyword: N/A
  User: S-1-5-18
  User Name: NT AUTHORITY\SYSTEM
  Computer: asus
  Description: 
Volume C: (\Device\HarddiskVolume2) is healthy.  No action is needed.

Event[1961]:
  Log Name: System
  Source: Microsoft-Windows-FilterManager
  Date: 2017-06-23T10:29:58.828
  Event ID: 6
  Task: N/A
  Level: Information
  Opcode: Info
  Keyword: N/A
  User: S-1-5-18
  User Name: NT AUTHORITY\SYSTEM
  Computer: asus
  Description: 
File System Filter 'FileCrypt' (10.0, ?2030?-?05?-?28T10:10:59.000000000Z) has successfully loaded and registered with Filter Manager.

Event[1962]:
  Log Name: System
  Source: avkmgr
  Date: 2017-06-23T10:29:58.897
  Event ID: 17
  Task: N/A
  Level: Information
  Opcode: N/A
  Keyword: Classic
  User: N/A
  User Name: N/A
  Computer: asus
  Description: 
avkmgr.sys successfully loaded

Event[1963]:
  Log Name: System
  Source: avipbb
  Date: 2017-06-23T10:29:59.022
  Event ID: 17
  Task: N/A
  Level: Information
  Opcode: N/A
  Keyword: Classic
  User: N/A
  User Name: N/A
  Computer: asus
  Description: 
avipbb.sys successfully loaded

Event[1964]:
  Log Name: System
  Source: Microsoft-Windows-FilterManager
  Date: 2017-06-23T10:29:59.034
  Event ID: 6
  Task: N/A
  Level: Information
  Opcode: Info
  Keyword: N/A
  User: S-1-5-18
  User Name: NT AUTHORITY\SYSTEM
  Computer: asus
  Description: 
File System Filter 'npsvctrig' (10.0, ?2097?-?07?-?25T12:18:05.000000000Z) has successfully loaded and registered with Filter Manager.

Event[1965]:
  Log Name: System
  Source: Microsoft-Windows-Kernel-Power
  Date: 2017-06-23T10:29:59.048
  Event ID: 41
  Task: N/A
  Level: Critical
  Opcode: Info
  Keyword: N/A
  User: S-1-5-18
  User Name: NT AUTHORITY\SYSTEM
  Computer: asus
  Description: 
The system has rebooted without cleanly shutting down first. This error could be caused if the system stopped responding, crashed, or lost power unexpectedly.

Event[1966]:
  Log Name: System
  Source: Microsoft-Windows-Kernel-Power
  Date: 2017-06-23T10:29:59.184
  Event ID: 172
  Task: N/A
  Level: Information
  Opcode: Info
  Keyword: N/A
  User: S-1-5-18
  User Name: NT AUTHORITY\SYSTEM
  Computer: asus
  Description: 
Connectivity state in standby: Disconnected, Reason: NIC compliance

Event[1967]:
  Log Name: System
  Source: Microsoft-Windows-Kernel-Power
  Date: 2017-06-23T10:29:59.184
  Event ID: 508
  Task: N/A
  Level: Information
  Opcode: Info
  Keyword: N/A
  User: N/A
  User Name: N/A
  Computer: asus
  Description: 
The system has been constrained to a periodic tick 

Reason: Errata Manager override.

Event[1968]:
  Log Name: System
  Source: Microsoft-Windows-Kernel-Processor-Power
  Date: 2017-06-23T10:29:59.344
  Event ID: 55
  Task: N/A
  Level: Information
  Opcode: Info
  Keyword: N/A
  User: S-1-5-18
  User Name: NT AUTHORITY\SYSTEM
  Computer: asus
  Description: 
Processor 0 in group 0 exposes the following power management capabilities:

Idle state type: ACPI Idle (C) States (2 state(s))

Performance state type: ACPI Performance (P) / Throttle (T) States
Nominal Frequency (MHz): 2801
Maximum performance percentage: 100
Minimum performance percentage: 42
Minimum throttle percentage: 42

Event[1969]:
  Log Name: System
  Source: Microsoft-Windows-Kernel-Processor-Power
  Date: 2017-06-23T10:29:59.345
  Event ID: 55
  Task: N/A
  Level: Information
  Opcode: Info
  Keyword: N/A
  User: S-1-5-18
  User Name: NT AUTHORITY\SYSTEM
  Computer: asus
  Description: 
Processor 1 in group 0 exposes the following power management capabilities:

Idle state type: ACPI Idle (C) States (2 state(s))

Performance state type: ACPI Performance (P) / Throttle (T) States
Nominal Frequency (MHz): 2801
Maximum performance percentage: 100
Minimum performance percentage: 42
Minimum throttle percentage: 42

Event[1970]:
  Log Name: System
  Source: Microsoft-Windows-Kernel-Processor-Power
  Date: 2017-06-23T10:29:59.345
  Event ID: 55
  Task: N/A
  Level: Information
  Opcode: Info
  Keyword: N/A
  User: S-1-5-18
  User Name: NT AUTHORITY\SYSTEM
  Computer: asus
  Description: 
Processor 2 in group 0 exposes the following power management capabilities:

Idle state type: ACPI Idle (C) States (2 state(s))

Performance state type: ACPI Performance (P) / Throttle (T) States
Nominal Frequency (MHz): 2801
Maximum performance percentage: 100
Minimum performance percentage: 42
Minimum throttle percentage: 42

Event[1971]:
  Log Name: System
  Source: Microsoft-Windows-Kernel-Processor-Power
  Date: 2017-06-23T10:29:59.346
  Event ID: 55
  Task: N/A
  Level: Information
  Opcode: Info
  Keyword: N/A
  User: S-1-5-18
  User Name: NT AUTHORITY\SYSTEM
  Computer: asus
  Description: 
Processor 3 in group 0 exposes the following power management capabilities:

Idle state type: ACPI Idle (C) States (2 state(s))

Performance state type: ACPI Performance (P) / Throttle (T) States
Nominal Frequency (MHz): 2801
Maximum performance percentage: 100
Minimum performance percentage: 42
Minimum throttle percentage: 42

Event[1972]:
  Log Name: System
  Source: HECIx64
  Date: 2017-06-23T10:29:59.413
  Event ID: 2
  Task: N/A
  Level: Information
  Opcode: N/A
  Keyword: Classic
  User: N/A
  User Name: N/A
  Computer: asus
  Description: 
Intel(R) Management Engine Interface driver has started successfully.

Event[1973]:
  Log Name: System
  Source: Microsoft-Windows-Ntfs
  Date: 2017-06-23T10:30:08.256
  Event ID: 98
  Task: N/A
  Level: Information
  Opcode: Info
  Keyword: N/A
  User: S-1-5-18
  User Name: NT AUTHORITY\SYSTEM
  Computer: asus
  Description: 
Volume D: (\Device\HarddiskVolume4) is healthy.  No action is needed.

Event[1974]:
  Log Name: System
  Source: Microsoft-Windows-Ntfs
  Date: 2017-06-23T10:30:08.455
  Event ID: 98
  Task: N/A
  Level: Information
  Opcode: Info
  Keyword: N/A
  User: S-1-5-18
  User Name: NT AUTHORITY\SYSTEM
  Computer: asus
  Description: 
Volume \\?\Volume{c5631e43-0000-0000-0000-100000000000} (\Device\HarddiskVolume1) is healthy.  No action is needed.

Event[1975]:
  Log Name: System
  Source: Microsoft-Windows-Wininit
  Date: 2017-06-23T10:30:19.299
  Event ID: 14
  Task: N/A
  Level: Information
  Opcode: Info
  Keyword: N/A
  User: S-1-5-18
  User Name: NT AUTHORITY\SYSTEM
  Computer: asus
  Description: 
Credential Guard (LsaIso.exe) configuration: 0x0, 0

Event[1976]:
  Log Name: System
  Source: Microsoft-Windows-Directory-Services-SAM
  Date: 2017-06-23T10:30:19.570
  Event ID: 16962
  Task: N/A
  Level: Information
  Opcode: Info
  Keyword: N/A
  User: S-1-5-18
  User Name: NT AUTHORITY\SYSTEM
  Computer: asus
  Description: 
Remote calls to the SAM database are being restricted using the default security descriptor: O:SYG:SYD:(A;;RC;;;BA).
For more information please see http://go.microsoft.com/fwlink/?LinkId=787651.

Event[1977]:
  Log Name: System
  Source: Microsoft-Windows-FilterManager
  Date: 2017-06-23T10:30:20.117
  Event ID: 6
  Task: N/A
  Level: Information
  Opcode: Info
  Keyword: N/A
  User: S-1-5-18
  User Name: NT AUTHORITY\SYSTEM
  Computer: asus
  Description: 
File System Filter 'wcifs' (10.0, ?2088?-?07?-?29T05:04:59.000000000Z) has successfully loaded and registered with Filter Manager.

Event[1978]:
  Log Name: System
  Source: Microsoft-Windows-FilterManager
  Date: 2017-06-23T10:30:20.124
  Event ID: 6
  Task: N/A
  Level: Information
  Opcode: Info
  Keyword: N/A
  User: S-1-5-18
  User Name: NT AUTHORITY\SYSTEM
  Computer: asus
  Description: 
File System Filter 'luafv' (10.0, ?2037?-?06?-?08T11:55:59.000000000Z) has successfully loaded and registered with Filter Manager.

Event[1979]:
  Log Name: System
  Source: Service Control Manager
  Date: 2017-06-23T10:30:20.116
  Event ID: 7000
  Task: N/A
  Level: Error
  Opcode: N/A
  Keyword: Classic
  User: N/A
  User Name: N/A
  Computer: asus
  Description: 
The CldFlt service failed to start due to the following error: 
The request is not supported.

Event[1980]:
  Log Name: System
  Source: Microsoft-Windows-FilterManager
  Date: 2017-06-23T10:30:20.127
  Event ID: 6
  Task: N/A
  Level: Information
  Opcode: Info
  Keyword: N/A
  User: S-1-5-18
  User Name: NT AUTHORITY\SYSTEM
  Computer: asus
  Description: 
File System Filter 'storqosflt' (10.0, ?2015?-?12?-?18T05:36:27.000000000Z) has successfully loaded and registered with Filter Manager.

Event[1981]:
  Log Name: System
  Source: Microsoft-Windows-FilterManager
  Date: 2017-06-23T10:30:20.131
  Event ID: 6
  Task: N/A
  Level: Information
  Opcode: Info
  Keyword: N/A
  User: S-1-5-18
  User Name: NT AUTHORITY\SYSTEM
  Computer: asus
  Description: 
File System Filter 'avgntflt' (6.3, ?2017?-?05?-?03T13:25:46.000000000Z) has successfully loaded and registered with Filter Manager.

Event[1982]:
  Log Name: System
  Source: avgntflt
  Date: 2017-06-23T10:30:20.116
  Event ID: 17
  Task: N/A
  Level: Information
  Opcode: N/A
  Keyword: Classic
  User: N/A
  User Name: N/A
  Computer: asus
  Description: 
avgntflt.sys successfully loaded

Event[1983]:
  Log Name: System
  Source: Microsoft-Windows-DriverFrameworks-UserMode
  Date: 2017-06-23T10:30:20.135
  Event ID: 10114
  Task: Startup of the UMDF reflector
  Level: Information
  Opcode: Info
  Keyword: N/A
  User: S-1-5-18
  User Name: NT AUTHORITY\SYSTEM
  Computer: asus
  Description: 
WUDFPf (part of UMDF) did not load yet. After it does, Windows will start the device again.

Event[1984]:
  Log Name: System
  Source: Microsoft-Windows-Kernel-PnP
  Date: 2017-06-23T10:30:20.135
  Event ID: 219
  Task: N/A
  Level: Warning
  Opcode: Info
  Keyword: N/A
  User: S-1-5-18
  User Name: NT AUTHORITY\SYSTEM
  Computer: asus
  Description: 
The driver \Driver\WudfRd failed to load for the device SWD\WPDBUSENUM\_??_USBSTOR#Disk&Ven_Generic&Prod_STORAGE_DEVICE&Rev_9744#000000009744&2#{53f56307-b6bf-11d0-94f2-00a0c91efb8b}.

Event[1985]:
  Log Name: System
  Source: Microsoft-Windows-DriverFrameworks-UserMode
  Date: 2017-06-23T10:30:20.137
  Event ID: 10114
  Task: Startup of the UMDF reflector
  Level: Information
  Opcode: Info
  Keyword: N/A
  User: S-1-5-18
  User Name: NT AUTHORITY\SYSTEM
  Computer: asus
  Description: 
WUDFPf (part of UMDF) did not load yet. After it does, Windows will start the device again.

Event[1986]:
  Log Name: System
  Source: Microsoft-Windows-Kernel-PnP
  Date: 2017-06-23T10:30:20.137
  Event ID: 219
  Task: N/A
  Level: Warning
  Opcode: Info
  Keyword: N/A
  User: S-1-5-18
  User Name: NT AUTHORITY\SYSTEM
  Computer: asus
  Description: 
The driver \Driver\WudfRd failed to load for the device SWD\WPDBUSENUM\_??_USBSTOR#Disk&Ven_Generic&Prod_STORAGE_DEVICE&Rev_9744#000000009744&0#{53f56307-b6bf-11d0-94f2-00a0c91efb8b}.

Event[1987]:
  Log Name: System
  Source: Microsoft-Windows-DriverFrameworks-UserMode
  Date: 2017-06-23T10:30:20.138
  Event ID: 10114
  Task: Startup of the UMDF reflector
  Level: Information
  Opcode: Info
  Keyword: N/A
  User: S-1-5-18
  User Name: NT AUTHORITY\SYSTEM
  Computer: asus
  Description: 
WUDFPf (part of UMDF) did not load yet. After it does, Windows will start the device again.

Event[1988]:
  Log Name: System
  Source: Microsoft-Windows-Kernel-PnP
  Date: 2017-06-23T10:30:20.138
  Event ID: 219
  Task: N/A
  Level: Warning
  Opcode: Info
  Keyword: N/A
  User: S-1-5-18
  User Name: NT AUTHORITY\SYSTEM
  Computer: asus
  Description: 
The driver \Driver\WudfRd failed to load for the device SWD\WPDBUSENUM\_??_USBSTOR#Disk&Ven_Generic&Prod_STORAGE_DEVICE&Rev_9744#000000009744&3#{53f56307-b6bf-11d0-94f2-00a0c91efb8b}.

Event[1989]:
  Log Name: System
  Source: Microsoft-Windows-DriverFrameworks-UserMode
  Date: 2017-06-23T10:30:20.141
  Event ID: 10114
  Task: Startup of the UMDF reflector
  Level: Information
  Opcode: Info
  Keyword: N/A
  User: S-1-5-18
  User Name: NT AUTHORITY\SYSTEM
  Computer: asus
  Description: 
WUDFSvc (part of UMDF) did not load yet. After it does, Windows will start the device again.

Event[1990]:
  Log Name: System
  Source: Microsoft-Windows-Kernel-PnP
  Date: 2017-06-23T10:30:20.141
  Event ID: 219
  Task: N/A
  Level: Warning
  Opcode: Info
  Keyword: N/A
  User: S-1-5-18
  User Name: NT AUTHORITY\SYSTEM
  Computer: asus
  Description: 
The driver \Driver\WudfRd failed to load for the device SWD\WPDBUSENUM\_??_USBSTOR#Disk&Ven_Generic&Prod_STORAGE_DEVICE&Rev_9744#000000009744&1#{53f56307-b6bf-11d0-94f2-00a0c91efb8b}.

Event[1991]:
  Log Name: System
  Source: Microsoft-Windows-DriverFrameworks-UserMode
  Date: 2017-06-23T10:30:20.143
  Event ID: 10114
  Task: Startup of the UMDF reflector
  Level: Information
  Opcode: Info
  Keyword: N/A
  User: S-1-5-18
  User Name: NT AUTHORITY\SYSTEM
  Computer: asus
  Description: 
WUDFSvc (part of UMDF) did not load yet. After it does, Windows will start the device again.

Event[1992]:
  Log Name: System
  Source: Microsoft-Windows-Kernel-PnP
  Date: 2017-06-23T10:30:20.143
  Event ID: 219
  Task: N/A
  Level: Warning
  Opcode: Info
  Keyword: N/A
  User: S-1-5-18
  User Name: NT AUTHORITY\SYSTEM
  Computer: asus
  Description: 
The driver \Driver\WudfRd failed to load for the device SWD\WPDBUSENUM\_??_USBSTOR#Disk&Ven_Generic&Prod_STORAGE_DEVICE&Rev_9744#000000009744&4#{53f56307-b6bf-11d0-94f2-00a0c91efb8b}.

Event[1993]:
  Log Name: System
  Source: Microsoft-Windows-Dhcp-Client
  Date: 2017-06-23T10:30:20.772
  Event ID: 50036
  Task: Service State Event
  Level: Information
  Opcode: ServiceStart
  Keyword: N/A
  User: S-1-5-19
  User Name: NT AUTHORITY\LOCAL SERVICE
  Computer: asus
  Description: 
DHCPv4 client service is started

Event[1994]:
  Log Name: System
  Source: Microsoft-Windows-Dhcp-Client
  Date: 2017-06-23T10:30:20.772
  Event ID: 50103
  Task: Service State Event
  Level: Information
  Opcode: ServiceShutdown
  Keyword: N/A
  User: S-1-5-19
  User Name: NT AUTHORITY\LOCAL SERVICE
  Computer: asus
  Description: 
DHCPv4 client registered for shutdown notification

Event[1995]:
  Log Name: System
  Source: Microsoft-Windows-DHCPv6-Client
  Date: 2017-06-23T10:30:20.784
  Event ID: 51046
  Task: Service State Event
  Level: Information
  Opcode: ServiceStart
  Keyword: N/A
  User: S-1-5-19
  User Name: NT AUTHORITY\LOCAL SERVICE
  Computer: asus
  Description: 
DHCPv6 client service is started

Event[1996]:
  Log Name: System
  Source: Microsoft-Windows-WER-SystemErrorReporting
  Date: 2017-06-23T10:31:10.096
  Event ID: 1001
  Task: N/A
  Level: Error
  Opcode: N/A
  Keyword: Classic
  User: N/A
  User Name: N/A
  Computer: asus
  Description: 
The computer has rebooted from a bugcheck.  The bugcheck was: 0x000000be (0xffff95009ba02178, 0x8a00000000800121, 0xffff95009d7a8130, 0x000000000000000b). A dump was saved in: C:\WINDOWS\MEMORY.DMP. Report Id: bdb06a00-d09c-49a8-8c7f-37376696df8a.

Event[1997]:
  Log Name: System
  Source: Service Control Manager
  Date: 2017-06-23T10:31:16.580
  Event ID: 7026
  Task: N/A
  Level: Information
  Opcode: N/A
  Keyword: Classic
  User: N/A
  User Name: N/A
  Computer: asus
  Description: 
The following boot-start or system-start driver(s) did not load: 
dam
EhStorClass

Event[1998]:
  Log Name: System
  Source: Microsoft-Windows-WMPNSS-Service
  Date: 2017-06-23T10:31:18.643
  Event ID: 14206
  Task: N/A
  Level: Information
  Opcode: N/A
  Keyword: Classic
  User: N/A
  User Name: N/A
  Computer: asus
  Description: 
Media server 'ASUS: dypcdiver:' was successfully initialised and is sharing media with network media devices.

Event[1999]:
