  Log Name: System
  Source: Microsoft-Windows-Kernel-Processor-Power
  Date: 2017-10-09T01:19:12.501
  Event ID: 55
  Task: N/A
  Level: Information
  Opcode: Info
  Keyword: N/A
  User: S-1-5-18
  User Name: NT-AUTORITÄT\SYSTEM
  Computer: DESKTOP-G0L88JA
  Description: 
Processor 9 in group 0 exposes the following power management capabilities:

Idle state type: ACPI Idle (C) States (2 state(s))

Performance state type: ACPI Performance (P) / Throttle (T) States
Nominal Frequency (MHz): 3400
Maximum performance percentage: 100
Minimum performance percentage: 64
Minimum throttle percentage: 64

Event[218]:
  Log Name: System
  Source: Microsoft-Windows-Kernel-Processor-Power
  Date: 2017-10-09T01:19:12.501
  Event ID: 55
  Task: N/A
  Level: Information
  Opcode: Info
  Keyword: N/A
  User: S-1-5-18
  User Name: NT-AUTORITÄT\SYSTEM
  Computer: DESKTOP-G0L88JA
  Description: 
Processor 10 in group 0 exposes the following power management capabilities:

Idle state type: ACPI Idle (C) States (2 state(s))

Performance state type: ACPI Performance (P) / Throttle (T) States
Nominal Frequency (MHz): 3400
Maximum performance percentage: 100
Minimum performance percentage: 64
Minimum throttle percentage: 64

Event[219]:
  Log Name: System
  Source: Microsoft-Windows-Kernel-Processor-Power
  Date: 2017-10-09T01:19:12.501
  Event ID: 55
  Task: N/A
  Level: Information
  Opcode: Info
  Keyword: N/A
  User: S-1-5-18
  User Name: NT-AUTORITÄT\SYSTEM
  Computer: DESKTOP-G0L88JA
  Description: 
Processor 11 in group 0 exposes the following power management capabilities:

Idle state type: ACPI Idle (C) States (2 state(s))

Performance state type: ACPI Performance (P) / Throttle (T) States
Nominal Frequency (MHz): 3400
Maximum performance percentage: 100
Minimum performance percentage: 64
Minimum throttle percentage: 64

Event[220]:
  Log Name: System
  Source: Microsoft-Windows-Kernel-Processor-Power
  Date: 2017-10-09T01:19:12.502
  Event ID: 55
  Task: N/A
  Level: Information
  Opcode: Info
  Keyword: N/A
  User: S-1-5-18
  User Name: NT-AUTORITÄT\SYSTEM
  Computer: DESKTOP-G0L88JA
  Description: 
Processor 12 in group 0 exposes the following power management capabilities:

Idle state type: ACPI Idle (C) States (2 state(s))

Performance state type: ACPI Performance (P) / Throttle (T) States
Nominal Frequency (MHz): 3400
Maximum performance percentage: 100
Minimum performance percentage: 64
Minimum throttle percentage: 64

Event[221]:
  Log Name: System
  Source: Microsoft-Windows-Kernel-Processor-Power
  Date: 2017-10-09T01:19:12.502
  Event ID: 55
  Task: N/A
  Level: Information
  Opcode: Info
  Keyword: N/A
  User: S-1-5-18
  User Name: NT-AUTORITÄT\SYSTEM
  Computer: DESKTOP-G0L88JA
  Description: 
Processor 13 in group 0 exposes the following power management capabilities:

Idle state type: ACPI Idle (C) States (2 state(s))

Performance state type: ACPI Performance (P) / Throttle (T) States
Nominal Frequency (MHz): 3400
Maximum performance percentage: 100
Minimum performance percentage: 64
Minimum throttle percentage: 64

Event[222]:
  Log Name: System
  Source: Microsoft-Windows-Kernel-Processor-Power
  Date: 2017-10-09T01:19:12.503
  Event ID: 55
  Task: N/A
  Level: Information
  Opcode: Info
  Keyword: N/A
  User: S-1-5-18
  User Name: NT-AUTORITÄT\SYSTEM
  Computer: DESKTOP-G0L88JA
  Description: 
Processor 14 in group 0 exposes the following power management capabilities:

Idle state type: ACPI Idle (C) States (2 state(s))

Performance state type: ACPI Performance (P) / Throttle (T) States
Nominal Frequency (MHz): 3400
Maximum performance percentage: 100
Minimum performance percentage: 64
Minimum throttle percentage: 64

Event[223]:
  Log Name: System
  Source: Microsoft-Windows-Kernel-Processor-Power
  Date: 2017-10-09T01:19:12.503
  Event ID: 55
  Task: N/A
  Level: Information
  Opcode: Info
  Keyword: N/A
  User: S-1-5-18
  User Name: NT-AUTORITÄT\SYSTEM
  Computer: DESKTOP-G0L88JA
  Description: 
Processor 15 in group 0 exposes the following power management capabilities:

Idle state type: ACPI Idle (C) States (2 state(s))

Performance state type: ACPI Performance (P) / Throttle (T) States
Nominal Frequency (MHz): 3400
Maximum performance percentage: 100
Minimum performance percentage: 64
Minimum throttle percentage: 64

Event[224]:
  Log Name: System
  Source: Microsoft-Windows-Wininit
  Date: 2017-10-09T01:19:13.055
  Event ID: 14
  Task: N/A
  Level: Information
  Opcode: Info
  Keyword: N/A
  User: S-1-5-18
  User Name: NT-AUTORITÄT\SYSTEM
  Computer: DESKTOP-G0L88JA
  Description: 
Credential Guard (LsaIso.exe) configuration: 0x0, 0

Event[225]:
  Log Name: System
  Source: Microsoft-Windows-Directory-Services-SAM
  Date: 2017-10-09T01:19:13.197
  Event ID: 16962
  Task: N/A
  Level: Information
  Opcode: Info
  Keyword: N/A
  User: S-1-5-18
  User Name: NT-AUTORITÄT\SYSTEM
  Computer: DESKTOP-G0L88JA
  Description: 
Remote calls to the SAM database are being restricted using the default security descriptor: O:SYG:SYD:(A;;RC;;;BA).
For more information please see http://go.microsoft.com/fwlink/?LinkId=787651.

Event[226]:
  Log Name: System
  Source: Microsoft-Windows-Time-Service
  Date: 2017-10-09T01:19:20.925
  Event ID: 158
  Task: N/A
  Level: Information
  Opcode: Info
  Keyword: N/A
  User: S-1-5-19
  User Name: NT-AUTORITÄT\Lokaler Dienst
  Computer: DESKTOP-G0L88JA
  Description: 
The time provider 'VMICTimeProvider' has indicated that the current hardware and operating environment is not supported and has stopped. This behavior is expected for VMICTimeProvider on non-HyperV-guest environments. This may be the expected behavior for the current provider in the current operating environment as well.

Event[227]:
  Log Name: System
  Source: Microsoft-Windows-Dhcp-Client
  Date: 2017-10-09T01:19:20.957
  Event ID: 50036
  Task: Service State Event
  Level: Information
  Opcode: ServiceStart
  Keyword: N/A
  User: S-1-5-19
  User Name: NT-AUTORITÄT\Lokaler Dienst
  Computer: DESKTOP-G0L88JA
  Description: 
DHCPv4 client service is started

Event[228]:
  Log Name: System
  Source: Microsoft-Windows-Dhcp-Client
  Date: 2017-10-09T01:19:20.957
  Event ID: 50103
  Task: Service State Event
  Level: Information
  Opcode: ServiceShutdown
  Keyword: N/A
  User: S-1-5-19
  User Name: NT-AUTORITÄT\Lokaler Dienst
  Computer: DESKTOP-G0L88JA
  Description: 
DHCPv4 client registered for shutdown notification

Event[229]:
  Log Name: System
  Source: Microsoft-Windows-DHCPv6-Client
  Date: 2017-10-09T01:19:20.967
  Event ID: 51046
  Task: Service State Event
  Level: Information
  Opcode: ServiceStart
  Keyword: N/A
  User: S-1-5-19
  User Name: NT-AUTORITÄT\Lokaler Dienst
  Computer: DESKTOP-G0L88JA
  Description: 
DHCPv6 client service is started

Event[230]:
  Log Name: System
  Source: Microsoft-Windows-FilterManager
  Date: 2017-10-09T01:19:21.056
  Event ID: 6
  Task: N/A
  Level: Information
  Opcode: Info
  Keyword: N/A
  User: S-1-5-18
  User Name: NT-AUTORITÄT\SYSTEM
  Computer: DESKTOP-G0L88JA
  Description: 
File System Filter 'wcifs' (10.0, ?2001?-?02?-?14T05:10:20.000000000Z) has successfully loaded and registered with Filter Manager.

Event[231]:
  Log Name: System
  Source: Microsoft-Windows-DriverFrameworks-UserMode
  Date: 2017-10-09T01:19:21.076
  Event ID: 10114
  Task: Startup of the UMDF reflector
  Level: Information
  Opcode: Info
  Keyword: N/A
  User: S-1-5-18
  User Name: NT-AUTORITÄT\SYSTEM
  Computer: DESKTOP-G0L88JA
  Description: 
WUDFPf (part of UMDF) did not load yet. After it does, Windows will start the device again.

Event[232]:
  Log Name: System
  Source: Microsoft-Windows-Kernel-PnP
  Date: 2017-10-09T01:19:21.076
  Event ID: 219
  Task: N/A
  Level: Warning
  Opcode: Info
  Keyword: N/A
  User: S-1-5-18
  User Name: NT-AUTORITÄT\SYSTEM
  Computer: DESKTOP-G0L88JA
  Description: 
The driver \Driver\WudfRd failed to load for the device SWD\WPDBUSENUM\{475e5551-ac87-11e7-8f42-806e6f6e6963}#0000000000100000.

Event[233]:
  Log Name: System
  Source: Microsoft-Windows-FilterManager
  Date: 2017-10-09T01:19:21.086
  Event ID: 6
  Task: N/A
  Level: Information
  Opcode: Info
  Keyword: N/A
  User: S-1-5-18
  User Name: NT-AUTORITÄT\SYSTEM
  Computer: DESKTOP-G0L88JA
  Description: 
File System Filter 'luafv' (10.0, ?2037?-?06?-?08T11:55:59.000000000Z) has successfully loaded and registered with Filter Manager.

Event[234]:
  Log Name: System
  Source: Service Control Manager
  Date: 2017-10-09T01:19:21.082
  Event ID: 7000
  Task: N/A
  Level: Error
  Opcode: N/A
  Keyword: Classic
  User: N/A
  User Name: N/A
  Computer: DESKTOP-G0L88JA
  Description: 
The CldFlt service failed to start due to the following error: 
The request is not supported.

Event[235]:
  Log Name: System
  Source: Microsoft-Windows-FilterManager
  Date: 2017-10-09T01:19:21.094
  Event ID: 6
  Task: N/A
  Level: Information
  Opcode: Info
  Keyword: N/A
  User: S-1-5-18
  User Name: NT-AUTORITÄT\SYSTEM
  Computer: DESKTOP-G0L88JA
  Description: 
File System Filter 'storqosflt' (10.0, ?2015?-?12?-?18T05:36:27.000000000Z) has successfully loaded and registered with Filter Manager.

Event[236]:
  Log Name: System
  Source: Service Control Manager
  Date: 2017-10-09T01:19:21.801
  Event ID: 7026
  Task: N/A
  Level: Information
  Opcode: N/A
  Keyword: Classic
  User: N/A
  User Name: N/A
  Computer: DESKTOP-G0L88JA
  Description: 
The following boot-start or system-start driver(s) did not load: 
dam
EhStorClass

Event[237]:
  Log Name: System
  Source: Microsoft-Windows-Time-Service
  Date: 2017-10-09T01:19:22.288
  Event ID: 37
  Task: N/A
  Level: Information
  Opcode: Info
  Keyword: N/A
  User: S-1-5-19
  User Name: NT-AUTORITÄT\Lokaler Dienst
  Computer: DESKTOP-G0L88JA
  Description: 
The time provider NtpClient is currently receiving valid time data from time.windows.com,0x9 (ntp.m|0x9|0.0.0.0:123->13.79.239.69:123).

Event[238]:
  Log Name: System
  Source: Microsoft-Windows-Time-Service
  Date: 2017-10-09T01:19:22.309
  Event ID: 35
  Task: N/A
  Level: Information
  Opcode: Info
  Keyword: N/A
  User: S-1-5-19
  User Name: NT-AUTORITÄT\Lokaler Dienst
  Computer: DESKTOP-G0L88JA
  Description: 
The time service is now synchronizing the system time with the time source time.windows.com,0x9 (ntp.m|0x9|0.0.0.0:123->13.79.239.69:123).

Event[239]:
  Log Name: System
  Source: Microsoft-Windows-Kernel-General
  Date: 2017-10-09T01:19:23.022
  Event ID: 1
  Task: N/A
  Level: Information
  Opcode: Info
  Keyword: Time
  User: S-1-5-18
  User Name: NT-AUTORITÄT\SYSTEM
  Computer: DESKTOP-G0L88JA
  Description: 
The system time has changed to ?2017?-?10?-?08T23:19:23.020345200Z from ?2017?-?10?-?08T23:19:23.020345200Z.

Change Reason: System time adjusted to the new time zone.

Event[240]:
  Log Name: System
  Source: Microsoft-Windows-Kernel-General
  Date: 2017-10-09T01:19:23.542
  Event ID: 1
  Task: N/A
  Level: Information
  Opcode: Info
  Keyword: Time
  User: S-1-5-19
  User Name: NT-AUTORITÄT\Lokaler Dienst
  Computer: DESKTOP-G0L88JA
  Description: 
The system time has changed to ?2017?-?10?-?08T23:19:23.551000000Z from ?2017?-?10?-?08T23:19:23.560638400Z.

Change Reason: An application or system component changed the time.

Event[241]:
  Log Name: System
  Source: Service Control Manager
  Date: 2017-10-09T01:19:24.892
  Event ID: 7045
  Task: N/A
  Level: Information
  Opcode: N/A
  Keyword: Classic
  User: S-1-5-18
  User Name: NT-AUTORITÄT\SYSTEM
  Computer: DESKTOP-G0L88JA
  Description: 
A service was installed in the system.

Service Name:  Microsoft-Tunnelminiport-Adaptertreiber
Service File Name:  \SystemRoot\System32\drivers\tunnel.sys
Service Type:  Kernelmodustreiber
Service Start Type:  Manuell starten
Service Account:  

Event[242]:
  Log Name: System
  Source: Microsoft-Windows-UserPnp
  Date: 2017-10-09T01:19:24.922
  Event ID: 20001
  Task: N/A
  Level: Information
  Opcode: Info
  Keyword: N/A
  User: S-1-5-18
  User Name: NT-AUTORITÄT\SYSTEM
  Computer: DESKTOP-G0L88JA
  Description: 
Driver Management concluded the process to install driver nettun.inf_amd64_837305602f93b1b9\nettun.inf for Device Instance ID SWD\IP_TUNNEL_VBUS\TEREDO_TUNNEL_DEVICE with the following status: 0x0.

Event[243]:
  Log Name: System
  Source: Microsoft-Windows-GroupPolicy
  Date: 2017-10-09T01:19:25.021
  Event ID: 1500
  Task: N/A
  Level: Information
  Opcode: Start
  Keyword: N/A
  User: S-1-5-18
  User Name: NT-AUTORITÄT\SYSTEM
  Computer: DESKTOP-G0L88JA
  Description: 
The Group Policy settings for the computer were processed successfully. There were no changes detected since the last successful processing of Group Policy.

Event[244]:
  Log Name: System
  Source: Microsoft-Windows-Winlogon
  Date: 2017-10-09T01:19:25.196
  Event ID: 7001
  Task: N/A
  Level: Information
  Opcode: Info
  Keyword: N/A
  User: S-1-5-18
  User Name: NT-AUTORITÄT\SYSTEM
  Computer: DESKTOP-G0L88JA
  Description: 
User Logon Notification for Customer Experience Improvement Program

Event[245]:
  Log Name: System
  Source: Microsoft-Windows-GroupPolicy
  Date: 2017-10-09T01:19:25.312
  Event ID: 1501
  Task: N/A
  Level: Information
  Opcode: Start
  Keyword: N/A
  User: S-1-5-21-4282956347-1596572213-1314336134-1000
  User Name: N/A
  Computer: DESKTOP-G0L88JA
  Description: 
The Group Policy settings for the user were processed successfully. There were no changes detected since the last successful processing of Group Policy.

Event[246]:
  Log Name: System
  Source: Lfsvc
  Date: 2017-10-09T01:19:27.996
  Event ID: 1
  Task: N/A
  Level: Information
  Opcode: Info
  Keyword: Classic
  User: N/A
  User Name: N/A
  Computer: DESKTOP-G0L88JA
  Description: 
Geolocation positioning is enabled.

Event[247]:
  Log Name: System
  Source: Microsoft-Windows-Kernel-General
  Date: 2017-10-09T01:19:27.064
  Event ID: 16
  Task: N/A
  Level: Information
  Opcode: Info
  Keyword: N/A
  User: S-1-5-21-4282956347-1596572213-1314336134-1000
  User Name: N/A
  Computer: DESKTOP-G0L88JA
  Description: 
The access history in hive \??\C:\Users\defaultuser0\AppData\Local\Packages\Microsoft.Windows.CloudExperienceHost_cw5n1h2txyewy\Settings\settings.dat was cleared updating 3 keys and creating 1 modified pages.

Event[248]:
  Log Name: System
  Source: Microsoft-Windows-Kernel-General
  Date: 2017-10-09T01:19:27.160
  Event ID: 16
  Task: N/A
  Level: Information
  Opcode: Info
  Keyword: N/A
  User: S-1-5-21-4282956347-1596572213-1314336134-1000
  User Name: N/A
  Computer: DESKTOP-G0L88JA
  Description: 
The access history in hive \??\C:\Users\defaultuser0\AppData\Local\Packages\Microsoft.Windows.ContentDeliveryManager_cw5n1h2txyewy\Settings\settings.dat was cleared updating 3 keys and creating 1 modified pages.

Event[249]:
  Log Name: System
  Source: Microsoft-Windows-TPM-WMI
  Date: 2017-10-09T01:19:27.320
  Event ID: 1281
  Task: N/A
  Level: Information
  Opcode: Info
  Keyword: N/A
  User: S-1-5-18
  User Name: NT-AUTORITÄT\SYSTEM
  Computer: DESKTOP-G0L88JA
  Description: 
This event triggers the TBS device identifier generation.

Event[250]:
  Log Name: System
  Source: Microsoft-Windows-TPM-WMI
  Date: 2017-10-09T01:19:27.983
  Event ID: 1282
  Task: N/A
  Level: Information
  Opcode: Info
  Keyword: N/A
  User: S-1-5-18
  User Name: NT-AUTORITÄT\SYSTEM
  Computer: DESKTOP-G0L88JA
  Description: 
The TBS device identifier has been generated.

Event[251]:
  Log Name: System
  Source: Microsoft-Windows-DistributedCOM
  Date: 2017-10-09T01:19:34.335
  Event ID: 10016
  Task: N/A
  Level: Error
  Opcode: Info
  Keyword: Classic
  User: S-1-5-18
  User Name: NT-AUTORITÄT\SYSTEM
  Computer: DESKTOP-G0L88JA
  Description: 
The Anwendungsspezifisch permission settings do not grant Lokal Aktivierung permission for the COM Server application with CLSID 
{D63B10C5-BB46-4990-A94F-E40B9D520160}
 and APPID 
{9CA88EE3-ACB7-47C8-AFC4-AB702511C276}
 to the user NT-AUTORITÄT\SYSTEM SID (S-1-5-18) from address LocalHost (unter Verwendung von LRPC) running in the application container Nicht verfügbar SID (Nicht verfügbar). This security permission can be modified using the Component Services administrative tool.

Event[252]:
  Log Name: System
  Source: Microsoft-Windows-Kernel-General
  Date: 2017-10-09T01:19:44.756
  Event ID: 16
  Task: N/A
  Level: Information
  Opcode: Info
  Keyword: N/A
  User: S-1-5-21-4282956347-1596572213-1314336134-1000
  User Name: N/A
  Computer: DESKTOP-G0L88JA
  Description: 
The access history in hive \??\C:\ProgramData\Microsoft\Provisioning\Microsoft-Desktop-Provisioning-Sequence.dat was cleared updating 0 keys and creating 0 modified pages.

Event[253]:
  Log Name: System
  Source: Service Control Manager
  Date: 2017-10-09T01:19:47.221
  Event ID: 7045
  Task: N/A
  Level: Information
  Opcode: N/A
  Keyword: Classic
  User: S-1-5-18
  User Name: NT-AUTORITÄT\SYSTEM
  Computer: DESKTOP-G0L88JA
  Description: 
A service was installed in the system.

Service Name:  Printer Extensions and Notifications
Service File Name:  %SystemRoot%\system32\svchost.exe -k print
Service Type:  Benutzermodusdienst
Service Start Type:  Manuell starten
Service Account:  LocalSystem

Event[254]:
  Log Name: System
  Source: Service Control Manager
  Date: 2017-10-09T01:19:47.221
  Event ID: 7030
  Task: N/A
  Level: Error
  Opcode: N/A
  Keyword: Classic
  User: N/A
  User Name: N/A
  Computer: DESKTOP-G0L88JA
  Description: 
The Printer Extensions and Notifications service is marked as an interactive service.  However, the system is configured to not allow interactive services.  This service may not function properly.

Event[255]:
  Log Name: System
  Source: Service Control Manager
  Date: 2017-10-09T01:19:51.877
  Event ID: 7040
  Task: N/A
  Level: Information
  Opcode: N/A
  Keyword: Classic
  User: S-1-5-18
  User Name: NT-AUTORITÄT\SYSTEM
  Computer: DESKTOP-G0L88JA
  Description: 
The start type of the Windows Modules Installer service was changed from Manuell starten to Automatisch starten.

Event[256]:
  Log Name: System
  Source: Microsoft-Windows-Kernel-General
  Date: 2017-10-09T01:19:52.008
  Event ID: 16
  Task: N/A
  Level: Information
  Opcode: Info
  Keyword: N/A
  User: S-1-5-18
  User Name: NT-AUTORITÄT\SYSTEM
  Computer: DESKTOP-G0L88JA
  Description: 
The access history in hive \??\C:\Windows\System32\SMI\Store\Machine\SCHEMA.DAT was cleared updating 1 keys and creating 1 modified pages.

Event[257]:
  Log Name: System
  Source: Service Control Manager
  Date: 2017-10-09T01:19:52.096
  Event ID: 7040
  Task: N/A
  Level: Information
  Opcode: N/A
  Keyword: Classic
  User: S-1-5-18
  User Name: NT-AUTORITÄT\SYSTEM
  Computer: DESKTOP-G0L88JA
  Description: 
The start type of the Windows Modules Installer service was changed from Automatisch starten to Manuell starten.

Event[258]:
  Log Name: System
  Source: Microsoft-Windows-WindowsUpdateClient
  Date: 2017-10-09T01:19:54.067
  Event ID: 44
  Task: Windows Update Agent
  Level: Information
  Opcode: Download
  Keyword: Download,Started
  User: S-1-5-18
  User Name: NT-AUTORITÄT\SYSTEM
  Computer: DESKTOP-G0L88JA
  Description: 
Windows Update started downloading an update.

Event[259]:
  Log Name: System
  Source: Service Control Manager
  Date: 2017-10-09T01:19:55.441
  Event ID: 7040
  Task: N/A
  Level: Information
  Opcode: N/A
  Keyword: Classic
  User: S-1-5-18
  User Name: NT-AUTORITÄT\SYSTEM
  Computer: DESKTOP-G0L88JA
  Description: 
The start type of the Windows Modules Installer service was changed from Manuell starten to Automatisch starten.

Event[260]:
  Log Name: System
  Source: Service Control Manager
  Date: 2017-10-09T01:19:55.644
  Event ID: 7040
  Task: N/A
  Level: Information
  Opcode: N/A
  Keyword: Classic
  User: S-1-5-18
  User Name: NT-AUTORITÄT\SYSTEM
  Computer: DESKTOP-G0L88JA
  Description: 
The start type of the Windows Modules Installer service was changed from Automatisch starten to Manuell starten.

Event[261]:
  Log Name: System
  Source: Microsoft-Windows-WindowsUpdateClient
  Date: 2017-10-09T01:20:00.363
  Event ID: 43
  Task: Windows Update Agent
  Level: Information
  Opcode: Installation
  Keyword: Installation,Started
  User: S-1-5-18
  User Name: NT-AUTORITÄT\SYSTEM
  Computer: DESKTOP-G0L88JA
  Description: 
Installation Started: Windows has started installing the following update: 2017-07 Update für Windows 10 Version 1703 für x64-basierte Systeme (KB4035543)

Event[262]:
  Log Name: System
  Source: Microsoft-Windows-WindowsUpdateClient
  Date: 2017-10-09T01:20:00.363
  Event ID: 19
  Task: Windows Update Agent
  Level: Information
  Opcode: Installation
  Keyword: Installation,Success
  User: S-1-5-18
  User Name: NT-AUTORITÄT\SYSTEM
  Computer: DESKTOP-G0L88JA
  Description: 
Installation Successful: Windows successfully installed the following update: 2017-07 Update für Windows 10 Version 1703 für x64-basierte Systeme (KB4035543)

Event[263]:
  Log Name: System
  Source: Microsoft-Windows-UserPnp
  Date: 2017-10-09T01:20:58.320
  Event ID: 20001
  Task: N/A
  Level: Information
  Opcode: Info
  Keyword: N/A
  User: S-1-5-18
  User Name: NT-AUTORITÄT\SYSTEM
  Computer: DESKTOP-G0L88JA
  Description: 
Driver Management concluded the process to install driver amdpcidev.inf_amd64_3d37e7aefe9c9931\amdpcidev.inf for Device Instance ID PCI\VEN_1022&DEV_1455&SUBSYS_14551022&REV_00\4&2B9CC193&0&0041 with the following status: 0x0.

Event[264]:
  Log Name: System
  Source: Service Control Manager
  Date: 2017-10-09T01:20:58.982
  Event ID: 7045
  Task: N/A
  Level: Information
  Opcode: N/A
  Keyword: Classic
  User: S-1-5-18
  User Name: NT-AUTORITÄT\SYSTEM
  Computer: DESKTOP-G0L88JA
  Description: 
A service was installed in the system.

Service Name:  AMD GPIO Client Driver
Service File Name:  \SystemRoot\System32\drivers\amdgpio2.sys
Service Type:  Kernelmodustreiber
Service Start Type:  Manuell starten
Service Account:  

Event[265]:
  Log Name: System
  Source: Microsoft-Windows-UserPnp
  Date: 2017-10-09T01:20:59.028
  Event ID: 20001
  Task: N/A
  Level: Information
  Opcode: Info
  Keyword: N/A
  User: S-1-5-18
  User Name: NT-AUTORITÄT\SYSTEM
  Computer: DESKTOP-G0L88JA
  Description: 
Driver Management concluded the process to install driver amdgpio2.inf_amd64_6a8e32d4e62f6296\amdgpio2.inf for Device Instance ID ACPI\AMDI0030\0 with the following status: 0x0.

Event[266]:
  Log Name: System
  Source: Microsoft-Windows-WindowsUpdateClient
  Date: 2017-10-09T01:20:59.445
  Event ID: 44
  Task: Windows Update Agent
  Level: Information
  Opcode: Download
  Keyword: Download,Started
  User: S-1-5-18
  User Name: NT-AUTORITÄT\SYSTEM
  Computer: DESKTOP-G0L88JA
  Description: 
Windows Update started downloading an update.

Event[267]:
  Log Name: System
  Source: Microsoft-Windows-WindowsUpdateClient
  Date: 2017-10-09T01:20:59.445
  Event ID: 43
  Task: Windows Update Agent
  Level: Information
  Opcode: Installation
  Keyword: Installation,Started
  User: S-1-5-18
  User Name: NT-AUTORITÄT\SYSTEM
  Computer: DESKTOP-G0L88JA
  Description: 
Installation Started: Windows has started installing the following update: Advanced Micro Devices, Inc - System - 8/26/2016 12:00:00 AM - 1.0.0.12

Event[268]:
  Log Name: System
  Source: Microsoft-Windows-WindowsUpdateClient
  Date: 2017-10-09T01:20:59.445
  Event ID: 19
  Task: Windows Update Agent
  Level: Information
  Opcode: Installation
  Keyword: Installation,Success
  User: S-1-5-18
  User Name: NT-AUTORITÄT\SYSTEM
  Computer: DESKTOP-G0L88JA
  Description: 
Installation Successful: Windows successfully installed the following update: Advanced Micro Devices, Inc - System - 8/26/2016 12:00:00 AM - 1.0.0.12

Event[269]:
  Log Name: System
  Source: Microsoft-Windows-WindowsUpdateClient
  Date: 2017-10-09T01:20:59.445
  Event ID: 44
  Task: Windows Update Agent
  Level: Information
  Opcode: Download
  Keyword: Download,Started
  User: S-1-5-18
  User Name: NT-AUTORITÄT\SYSTEM
  Computer: DESKTOP-G0L88JA
  Description: 
Windows Update started downloading an update.

Event[270]:
  Log Name: System
  Source: Microsoft-Windows-WindowsUpdateClient
  Date: 2017-10-09T01:20:59.445
  Event ID: 43
  Task: Windows Update Agent
  Level: Information
  Opcode: Installation
  Keyword: Installation,Started
  User: S-1-5-18
  User Name: NT-AUTORITÄT\SYSTEM
  Computer: DESKTOP-G0L88JA
  Description: 
Installation Started: Windows has started installing the following update: Advanced Micro Devices, Inc driver update for AMD GPIO Controller

Event[271]:
  Log Name: System
  Source: Microsoft-Windows-WindowsUpdateClient
  Date: 2017-10-09T01:20:59.445
  Event ID: 19
  Task: Windows Update Agent
  Level: Information
  Opcode: Installation
  Keyword: Installation,Success
  User: S-1-5-18
  User Name: NT-AUTORITÄT\SYSTEM
  Computer: DESKTOP-G0L88JA
  Description: 
Installation Successful: Windows successfully installed the following update: Advanced Micro Devices, Inc driver update for AMD GPIO Controller

Event[272]:
  Log Name: System
  Source: Microsoft-Windows-WindowsUpdateClient
  Date: 2017-10-09T01:20:59.445
  Event ID: 44
  Task: Windows Update Agent
  Level: Information
  Opcode: Download
  Keyword: Download,Started
  User: S-1-5-18
  User Name: NT-AUTORITÄT\SYSTEM
  Computer: DESKTOP-G0L88JA
  Description: 
Windows Update started downloading an update.

Event[273]:
  Log Name: System
  Source: Microsoft-Windows-UserPnp
  Date: 2017-10-09T01:21:00.171
  Event ID: 20001
  Task: N/A
  Level: Information
  Opcode: Info
  Keyword: N/A
  User: S-1-5-18
  User Name: NT-AUTORITÄT\SYSTEM
  Computer: DESKTOP-G0L88JA
  Description: 
Driver Management concluded the process to install driver smbusamd.inf_amd64_a1f6e32f30c39b3d\smbusamd.inf for Device Instance ID PCI\VEN_1022&DEV_790B&SUBSYS_7A331462&REV_59\3&11583659&0&A0 with the following status: 0x0.

Event[274]:
  Log Name: System
  Source: Microsoft-Windows-UserPnp
  Date: 2017-10-09T01:21:00.423
  Event ID: 20001
  Task: N/A
  Level: Information
  Opcode: Info
  Keyword: N/A
  User: S-1-5-18
  User Name: NT-AUTORITÄT\SYSTEM
  Computer: DESKTOP-G0L88JA
  Description: 
Driver Management concluded the process to install driver smbusamd.inf_amd64_246caabd058be11f\smbusamd.inf for Device Instance ID PCI\VEN_1022&DEV_790B&SUBSYS_7A331462&REV_59\3&11583659&0&A0 with the following status: 0x0.

Event[275]:
  Log Name: System
  Source: Microsoft-Windows-WindowsUpdateClient
  Date: 2017-10-09T01:21:01.150
  Event ID: 44
  Task: Windows Update Agent
  Level: Information
  Opcode: Download
  Keyword: Download,Started
  User: S-1-5-18
  User Name: NT-AUTORITÄT\SYSTEM
  Computer: DESKTOP-G0L88JA
  Description: 
Windows Update started downloading an update.

Event[276]:
  Log Name: System
  Source: Microsoft-Windows-WindowsUpdateClient
  Date: 2017-10-09T01:21:01.150
  Event ID: 43
  Task: Windows Update Agent
  Level: Information
  Opcode: Installation
  Keyword: Installation,Started
  User: S-1-5-18
  User Name: NT-AUTORITÄT\SYSTEM
  Computer: DESKTOP-G0L88JA
  Description: 
Installation Started: Windows has started installing the following update: Advanced Micro Devices, Inc driver update for AMD SMBus

Event[277]:
  Log Name: System
  Source: Microsoft-Windows-WindowsUpdateClient
  Date: 2017-10-09T01:21:01.150
  Event ID: 19
  Task: Windows Update Agent
  Level: Information
  Opcode: Installation
  Keyword: Installation,Success
  User: S-1-5-18
  User Name: NT-AUTORITÄT\SYSTEM
  Computer: DESKTOP-G0L88JA
  Description: 
Installation Successful: Windows successfully installed the following update: Advanced Micro Devices, Inc driver update for AMD SMBus

Event[278]:
  Log Name: System
  Source: Microsoft-Windows-WindowsUpdateClient
  Date: 2017-10-09T01:21:01.150
  Event ID: 43
  Task: Windows Update Agent
  Level: Information
  Opcode: Installation
  Keyword: Installation,Started
  User: S-1-5-18
  User Name: NT-AUTORITÄT\SYSTEM
  Computer: DESKTOP-G0L88JA
  Description: 
Installation Started: Windows has started installing the following update: Advanced Micro Devices, Inc - System - 8/30/2017 12:00:00 AM - 5.12.0.38

Event[279]:
  Log Name: System
  Source: Microsoft-Windows-WindowsUpdateClient
  Date: 2017-10-09T01:21:01.150
  Event ID: 19
  Task: Windows Update Agent
  Level: Information
  Opcode: Installation
  Keyword: Installation,Success
  User: S-1-5-18
  User Name: NT-AUTORITÄT\SYSTEM
  Computer: DESKTOP-G0L88JA
  Description: 
Installation Successful: Windows successfully installed the following update: Advanced Micro Devices, Inc - System - 8/30/2017 12:00:00 AM - 5.12.0.38

Event[280]:
  Log Name: System
  Source: Microsoft-Windows-WindowsUpdateClient
  Date: 2017-10-09T01:21:01.150
  Event ID: 44
  Task: Windows Update Agent
  Level: Information
  Opcode: Download
  Keyword: Download,Started
  User: S-1-5-18
  User Name: NT-AUTORITÄT\SYSTEM
  Computer: DESKTOP-G0L88JA
  Description: 
Windows Update started downloading an update.

Event[281]:
  Log Name: System
  Source: Microsoft-Windows-WindowsUpdateClient
  Date: 2017-10-09T01:21:01.150
  Event ID: 44
  Task: Windows Update Agent
  Level: Information
  Opcode: Download
  Keyword: Download,Started
  User: S-1-5-18
  User Name: NT-AUTORITÄT\SYSTEM
  Computer: DESKTOP-G0L88JA
  Description: 
Windows Update started downloading an update.

Event[282]:
  Log Name: System
  Source: Service Control Manager
  Date: 2017-10-09T01:21:01.436
  Event ID: 7045
  Task: N/A
  Level: Information
  Opcode: N/A
  Keyword: Classic
  User: S-1-5-18
  User Name: NT-AUTORITÄT\SYSTEM
  Computer: DESKTOP-G0L88JA
  Description: 
A service was installed in the system.

Service Name:  AMD GPIO Client Driver
Service File Name:  \SystemRoot\System32\drivers\amdgpio3.sys
Service Type:  Kernelmodustreiber
Service Start Type:  Manuell starten
Service Account:  

Event[283]:
  Log Name: System
  Source: Microsoft-Windows-UserPnp
  Date: 2017-10-09T01:21:01.464
  Event ID: 20001
  Task: N/A
  Level: Information
  Opcode: Info
  Keyword: N/A
  User: S-1-5-18
  User Name: NT-AUTORITÄT\SYSTEM
  Computer: DESKTOP-G0L88JA
  Description: 
Driver Management concluded the process to install driver amdgpio3.inf_amd64_65627f59f532d84f\amdgpio3.inf for Device Instance ID ACPI\AMDIF030\0 with the following status: 0x0.

Event[284]:
  Log Name: System
  Source: Microsoft-Windows-UserPnp
  Date: 2017-10-09T01:21:01.736
  Event ID: 20001
  Task: N/A
  Level: Information
  Opcode: Info
  Keyword: N/A
  User: S-1-5-18
  User Name: NT-AUTORITÄT\SYSTEM
  Computer: DESKTOP-G0L88JA
  Description: 
Driver Management concluded the process to install driver amdgpio3.inf_amd64_f03ace476a8fec30\amdgpio3.inf for Device Instance ID ACPI\AMDIF030\0 with the following status: 0x0.

Event[285]:
  Log Name: System
  Source: Service Control Manager
  Date: 2017-10-09T01:21:04.141
  Event ID: 7045
  Task: N/A
  Level: Information
  Opcode: N/A
  Keyword: Classic
  User: S-1-5-18
  User Name: NT-AUTORITÄT\SYSTEM
  Computer: DESKTOP-G0L88JA
  Description: 
A service was installed in the system.

Service Name:  AMD PSP Service
Service File Name:  \SystemRoot\system32\DRIVERS\amdpsp.sys
Service Type:  Kernelmodustreiber
Service Start Type:  Systemstart
Service Account:  

Event[286]:
  Log Name: System
  Source: Microsoft-Windows-UserPnp
  Date: 2017-10-09T01:21:04.154
  Event ID: 20003
  Task: N/A
  Level: Information
  Opcode: Info
  Keyword: N/A
  User: S-1-5-18
  User Name: NT-AUTORITÄT\SYSTEM
  Computer: DESKTOP-G0L88JA
  Description: 
Driver Management has concluded the process to add Service amdpsp for Device Instance ID PCI\VEN_1022&DEV_1456&SUBSYS_14561022&REV_00\4&C93BEE2&0&0239 with the following status: 0.

Event[287]:
  Log Name: System
  Source: Service Control Manager
  Date: 2017-10-09T01:21:04.141
  Event ID: 7045
  Task: N/A
  Level: Information
  Opcode: N/A
  Keyword: Classic
  User: S-1-5-18
  User Name: NT-AUTORITÄT\SYSTEM
  Computer: DESKTOP-G0L88JA
  Description: 
A service was installed in the system.

Service Name:  AMD Kernel Mode CSP Service
Service File Name:  \SystemRoot\system32\DRIVERS\amdkmcsp.sys
Service Type:  Kernelmodustreiber
Service Start Type:  Manuell starten
Service Account:  

Event[288]:
  Log Name: System
  Source: Microsoft-Windows-UserPnp
  Date: 2017-10-09T01:21:04.155
  Event ID: 20003
  Task: N/A
  Level: Information
  Opcode: Info
  Keyword: N/A
  User: S-1-5-18
  User Name: NT-AUTORITÄT\SYSTEM
  Computer: DESKTOP-G0L88JA
  Description: 
Driver Management has concluded the process to add Service amdkmcsp for Device Instance ID PCI\VEN_1022&DEV_1456&SUBSYS_14561022&REV_00\4&C93BEE2&0&0239 with the following status: 0.

Event[289]:
  Log Name: System
  Source: Microsoft-Windows-UserPnp
  Date: 2017-10-09T01:21:04.226
  Event ID: 20001
  Task: N/A
  Level: Information
  Opcode: Info
  Keyword: N/A
  User: S-1-5-18
  User Name: NT-AUTORITÄT\SYSTEM
  Computer: DESKTOP-G0L88JA
  Description: 
Driver Management concluded the process to install driver amdpsp.inf_amd64_2c8bb141af1bb3b0\amdpsp.inf for Device Instance ID PCI\VEN_1022&DEV_1456&SUBSYS_14561022&REV_00\4&C93BEE2&0&0239 with the following status: 0x0.

Event[290]:
  Log Name: System
  Source: Microsoft-Windows-WindowsUpdateClient
  Date: 2017-10-09T01:21:06.268
  Event ID: 43
  Task: Windows Update Agent
  Level: Information
  Opcode: Installation
  Keyword: Installation,Started
  User: S-1-5-18
  User Name: NT-AUTORITÄT\SYSTEM
  Computer: DESKTOP-G0L88JA
  Description: 
Installation Started: Windows has started installing the following update: Advanced Micro Devices, Inc. - System - 3/14/2016 12:00:00 AM - 2.0.1.0

Event[291]:
  Log Name: System
  Source: Microsoft-Windows-WindowsUpdateClient
  Date: 2017-10-09T01:21:06.268
  Event ID: 19
  Task: Windows Update Agent
  Level: Information
  Opcode: Installation
  Keyword: Installation,Success
  User: S-1-5-18
  User Name: NT-AUTORITÄT\SYSTEM
  Computer: DESKTOP-G0L88JA
  Description: 
Installation Successful: Windows successfully installed the following update: Advanced Micro Devices, Inc. - System - 3/14/2016 12:00:00 AM - 2.0.1.0

Event[292]:
  Log Name: System
  Source: Microsoft-Windows-WindowsUpdateClient
  Date: 2017-10-09T01:21:06.268
  Event ID: 43
  Task: Windows Update Agent
  Level: Information
  Opcode: Installation
  Keyword: Installation,Started
  User: S-1-5-18
  User Name: NT-AUTORITÄT\SYSTEM
  Computer: DESKTOP-G0L88JA
  Description: 
Installation Started: Windows has started installing the following update: Advanced Micro Devices, Inc. - System - 8/29/2017 12:00:00 AM - 2.0.1.0

Event[293]:
  Log Name: System
  Source: Microsoft-Windows-WindowsUpdateClient
  Date: 2017-10-09T01:21:06.268
  Event ID: 19
  Task: Windows Update Agent
  Level: Information
  Opcode: Installation
  Keyword: Installation,Success
  User: S-1-5-18
  User Name: NT-AUTORITÄT\SYSTEM
  Computer: DESKTOP-G0L88JA
  Description: 
Installation Successful: Windows successfully installed the following update: Advanced Micro Devices, Inc. - System - 8/29/2017 12:00:00 AM - 2.0.1.0

Event[294]:
  Log Name: System
  Source: Microsoft-Windows-WindowsUpdateClient
  Date: 2017-10-09T01:21:06.268
  Event ID: 44
  Task: Windows Update Agent
  Level: Information
  Opcode: Download
  Keyword: Download,Started
  User: S-1-5-18
  User Name: NT-AUTORITÄT\SYSTEM
  Computer: DESKTOP-G0L88JA
  Description: 
Windows Update started downloading an update.

Event[295]:
  Log Name: System
  Source: Microsoft-Windows-WindowsUpdateClient
  Date: 2017-10-09T01:21:06.268
  Event ID: 43
  Task: Windows Update Agent
  Level: Information
  Opcode: Installation
  Keyword: Installation,Started
  User: S-1-5-18
  User Name: NT-AUTORITÄT\SYSTEM
  Computer: DESKTOP-G0L88JA
  Description: 
Installation Started: Windows has started installing the following update: Advanced Micro Devices Inc. - SecurityDevices - 6/2/2017 12:00:00 AM - 4.4.0.0

Event[296]:
  Log Name: System
  Source: Microsoft-Windows-WindowsUpdateClient
  Date: 2017-10-09T01:21:06.268
  Event ID: 19
  Task: Windows Update Agent
  Level: Information
  Opcode: Installation
  Keyword: Installation,Success
  User: S-1-5-18
  User Name: NT-AUTORITÄT\SYSTEM
  Computer: DESKTOP-G0L88JA
  Description: 
Installation Successful: Windows successfully installed the following update: Advanced Micro Devices Inc. - SecurityDevices - 6/2/2017 12:00:00 AM - 4.4.0.0

Event[297]:
  Log Name: System
  Source: Service Control Manager
  Date: 2017-10-09T01:21:10.524
  Event ID: 7040
  Task: N/A
  Level: Information
  Opcode: N/A
  Keyword: Classic
  User: S-1-5-18
  User Name: NT-AUTORITÄT\SYSTEM
  Computer: DESKTOP-G0L88JA
  Description: 
The start type of the Intelligenter Hintergrundübertragungsdienst service was changed from Manuell starten to Automatisch starten.

Event[298]:
  Log Name: System
  Source: Microsoft-Windows-Winlogon
  Date: 2017-10-09T01:22:19.215
  Event ID: 7002
  Task: N/A
  Level: Information
  Opcode: Info
  Keyword: N/A
  User: S-1-5-18
  User Name: NT-AUTORITÄT\SYSTEM
  Computer: DESKTOP-G0L88JA
  Description: 
User Logoff Notification for Customer Experience Improvement Program

Event[299]:
  Log Name: System
  Source: Microsoft-Windows-Winlogon
  Date: 2017-10-09T01:22:19.938
  Event ID: 7001
  Task: N/A
  Level: Information
  Opcode: Info
  Keyword: N/A
  User: S-1-5-18
  User Name: NT-AUTORITÄT\SYSTEM
  Computer: DESKTOP-G0L88JA
  Description: 
User Logon Notification for Customer Experience Improvement Program

Event[300]:
  Log Name: System
  Source: Microsoft-Windows-GroupPolicy
  Date: 2017-10-09T01:22:20.041
  Event ID: 1501
  Task: N/A
  Level: Information
  Opcode: Start
  Keyword: N/A
  User: S-1-5-21-4282956347-1596572213-1314336134-1001
  User Name: DESKTOP-G0L88JA\Christian
  Computer: DESKTOP-G0L88JA
  Description: 
The Group Policy settings for the user were processed successfully. There were no changes detected since the last successful processing of Group Policy.

Event[301]:
  Log Name: System
  Source: Microsoft-Windows-Kernel-General
  Date: 2017-10-09T01:22:21.596
  Event ID: 16
  Task: N/A
  Level: Information
  Opcode: Info
  Keyword: N/A
  User: S-1-5-21-4282956347-1596572213-1314336134-1001
  User Name: DESKTOP-G0L88JA\Christian
  Computer: DESKTOP-G0L88JA
  Description: 
The access history in hive \??\C:\Users\Christian\AppData\Local\Packages\Microsoft.Windows.ContentDeliveryManager_cw5n1h2txyewy\Settings\settings.dat was cleared updating 3 keys and creating 1 modified pages.

Event[302]:
  Log Name: System
  Source: Microsoft-Windows-Kernel-General
  Date: 2017-10-09T01:22:22.657
  Event ID: 16
  Task: N/A
  Level: Information
  Opcode: Info
  Keyword: N/A
  User: S-1-5-21-4282956347-1596572213-1314336134-1001
  User Name: DESKTOP-G0L88JA\Christian
  Computer: DESKTOP-G0L88JA
  Description: 
The access history in hive \??\C:\Users\Christian\AppData\Local\Packages\Microsoft.Windows.Cortana_cw5n1h2txyewy\Settings\settings.dat was cleared updating 3 keys and creating 1 modified pages.

Event[303]:
  Log Name: System
  Source: Microsoft-Windows-Kernel-General
  Date: 2017-10-09T01:22:22.700
  Event ID: 16
  Task: N/A
  Level: Information
  Opcode: Info
  Keyword: N/A
  User: S-1-5-21-4282956347-1596572213-1314336134-1001
  User Name: DESKTOP-G0L88JA\Christian
  Computer: DESKTOP-G0L88JA
  Description: 
The access history in hive \??\C:\Users\Christian\AppData\Local\Packages\Microsoft.Windows.ShellExperienceHost_cw5n1h2txyewy\Settings\settings.dat was cleared updating 3 keys and creating 1 modified pages.

Event[304]:
  Log Name: System
  Source: Microsoft-Windows-UserPnp
  Date: 2017-10-09T01:23:10.154
  Event ID: 20001
  Task: N/A
  Level: Information
  Opcode: Info
  Keyword: N/A
  User: S-1-5-18
  User Name: NT-AUTORITÄT\SYSTEM
  Computer: DESKTOP-G0L88JA
  Description: 
Driver Management concluded the process to install driver amdpcidev.inf_amd64_3d37e7aefe9c9931\amdpcidev.inf for Device Instance ID PCI\VEN_1022&DEV_145A&SUBSYS_145A1022&REV_00\4&C93BEE2&0&0039 with the following status: 0x0.

Event[305]:
  Log Name: System
  Source: Microsoft-Windows-WindowsUpdateClient
  Date: 2017-10-09T01:23:14.839
  Event ID: 44
  Task: Windows Update Agent
  Level: Information
  Opcode: Download
  Keyword: Download,Started
  User: S-1-5-18
  User Name: NT-AUTORITÄT\SYSTEM
  Computer: DESKTOP-G0L88JA
  Description: 
Windows Update started downloading an update.

Event[306]:
  Log Name: System
  Source: Microsoft-Windows-WindowsUpdateClient
  Date: 2017-10-09T01:23:14.839
  Event ID: 43
  Task: Windows Update Agent
  Level: Information
  Opcode: Installation
  Keyword: Installation,Started
  User: S-1-5-18
  User Name: NT-AUTORITÄT\SYSTEM
  Computer: DESKTOP-G0L88JA
  Description: 
Installation Started: Windows has started installing the following update: Advanced Micro Devices, Inc - System - 8/26/2016 12:00:00 AM - 1.0.0.12

Event[307]:
  Log Name: System
  Source: Microsoft-Windows-WindowsUpdateClient
  Date: 2017-10-09T01:23:14.839
  Event ID: 19
  Task: Windows Update Agent
  Level: Information
  Opcode: Installation
  Keyword: Installation,Success
  User: S-1-5-18
  User Name: NT-AUTORITÄT\SYSTEM
  Computer: DESKTOP-G0L88JA
  Description: 
Installation Successful: Windows successfully installed the following update: Advanced Micro Devices, Inc - System - 8/26/2016 12:00:00 AM - 1.0.0.12

Event[308]:
  Log Name: System
  Source: Microsoft-Windows-WindowsUpdateClient
  Date: 2017-10-09T01:23:14.839
  Event ID: 44
  Task: Windows Update Agent
  Level: Information
  Opcode: Download
  Keyword: Download,Started
  User: S-1-5-18
  User Name: NT-AUTORITÄT\SYSTEM
  Computer: DESKTOP-G0L88JA
  Description: 
Windows Update started downloading an update.

Event[309]:
  Log Name: System
  Source: Microsoft-Windows-Kernel-General
  Date: 2017-10-09T01:23:25.694
  Event ID: 16
  Task: N/A
  Level: Information
  Opcode: Info
  Keyword: N/A
  User: S-1-5-21-4282956347-1596572213-1314336134-1001
  User Name: DESKTOP-G0L88JA\Christian
  Computer: DESKTOP-G0L88JA
  Description: 
The access history in hive \??\C:\Users\Christian\AppData\Local\Packages\Microsoft.AAD.BrokerPlugin_cw5n1h2txyewy\Settings\settings.dat was cleared updating 3 keys and creating 1 modified pages.

Event[310]:
  Log Name: System
  Source: Microsoft-Windows-Kernel-General
  Date: 2017-10-09T01:23:25.787
  Event ID: 16
  Task: N/A
  Level: Information
  Opcode: Info
  Keyword: N/A
  User: S-1-5-21-4282956347-1596572213-1314336134-1001
  User Name: DESKTOP-G0L88JA\Christian
  Computer: DESKTOP-G0L88JA
  Description: 
The access history in hive \??\C:\Users\Christian\AppData\Local\Packages\Microsoft.MicrosoftEdge_8wekyb3d8bbwe\Settings\settings.dat was cleared updating 3 keys and creating 1 modified pages.

Event[311]:
  Log Name: System
  Source: Microsoft-Windows-Kernel-General
  Date: 2017-10-09T01:23:25.826
  Event ID: 16
  Task: N/A
  Level: Information
  Opcode: Info
  Keyword: N/A
  User: S-1-5-21-4282956347-1596572213-1314336134-1001
  User Name: DESKTOP-G0L88JA\Christian
  Computer: DESKTOP-G0L88JA
  Description: 
The access history in hive \??\C:\Users\Christian\AppData\Local\Packages\Microsoft.Windows.CloudExperienceHost_cw5n1h2txyewy\Settings\settings.dat was cleared updating 3 keys and creating 1 modified pages.

Event[312]:
  Log Name: System
  Source: Microsoft-Windows-Kernel-General
  Date: 2017-10-09T01:23:25.872
  Event ID: 16
  Task: N/A
  Level: Information
  Opcode: Info
  Keyword: N/A
  User: S-1-5-21-4282956347-1596572213-1314336134-1001
  User Name: DESKTOP-G0L88JA\Christian
  Computer: DESKTOP-G0L88JA
  Description: 
The access history in hive \??\C:\Users\Christian\AppData\Local\Packages\Microsoft.Windows.Photos_8wekyb3d8bbwe\Settings\settings.dat was cleared updating 3 keys and creating 1 modified pages.

Event[313]:
  Log Name: System
  Source: Microsoft-Windows-Kernel-General
  Date: 2017-10-09T01:23:25.903
  Event ID: 16
  Task: N/A
  Level: Information
  Opcode: Info
  Keyword: N/A
  User: S-1-5-21-4282956347-1596572213-1314336134-1001
  User Name: DESKTOP-G0L88JA\Christian
  Computer: DESKTOP-G0L88JA
  Description: 
The access history in hive \??\C:\Users\Christian\AppData\Local\Packages\Microsoft.WindowsCamera_8wekyb3d8bbwe\Settings\settings.dat was cleared updating 3 keys and creating 1 modified pages.

Event[314]:
  Log Name: System
  Source: Microsoft-Windows-Kernel-General
  Date: 2017-10-09T01:23:25.925
  Event ID: 16
  Task: N/A
  Level: Information
  Opcode: Info
  Keyword: N/A
  User: S-1-5-21-4282956347-1596572213-1314336134-1001
  User Name: DESKTOP-G0L88JA\Christian
  Computer: DESKTOP-G0L88JA
  Description: 
The access history in hive \??\C:\Users\Christian\AppData\Local\Packages\microsoft.windowscommunicationsapps_8wekyb3d8bbwe\Settings\settings.dat was cleared updating 3 keys and creating 1 modified pages.

Event[315]:
  Log Name: System
  Source: Microsoft-Windows-Kernel-General
  Date: 2017-10-09T01:23:25.971
  Event ID: 16
  Task: N/A
  Level: Information
  Opcode: Info
  Keyword: N/A
  User: S-1-5-21-4282956347-1596572213-1314336134-1001
  User Name: DESKTOP-G0L88JA\Christian
  Computer: DESKTOP-G0L88JA
  Description: 
The access history in hive \??\C:\Users\Christian\AppData\Local\Packages\Microsoft.WindowsStore_8wekyb3d8bbwe\Settings\settings.dat was cleared updating 3 keys and creating 1 modified pages.

Event[316]:
  Log Name: System
  Source: Microsoft-Windows-Kernel-General
  Date: 2017-10-09T01:23:26.004
  Event ID: 16
  Task: N/A
  Level: Information
  Opcode: Info
  Keyword: N/A
  User: S-1-5-21-4282956347-1596572213-1314336134-1001
  User Name: DESKTOP-G0L88JA\Christian
  Computer: DESKTOP-G0L88JA
  Description: 
The access history in hive \??\C:\Users\Christian\AppData\Local\Packages\Microsoft.XboxIdentityProvider_8wekyb3d8bbwe\Settings\settings.dat was cleared updating 3 keys and creating 1 modified pages.

Event[317]:
  Log Name: System
  Source: Microsoft-Windows-Kernel-General
  Date: 2017-10-09T01:23:26.041
  Event ID: 16
  Task: N/A
  Level: Information
  Opcode: Info
  Keyword: N/A
  User: S-1-5-21-4282956347-1596572213-1314336134-1001
  User Name: DESKTOP-G0L88JA\Christian
  Computer: DESKTOP-G0L88JA
  Description: 
The access history in hive \??\C:\Users\Christian\AppData\Local\Packages\windows.immersivecontrolpanel_cw5n1h2txyewy\Settings\settings.dat was cleared updating 3 keys and creating 1 modified pages.

Event[318]:
  Log Name: System
  Source: Service Control Manager
  Date: 2017-10-09T01:23:31.107
  Event ID: 7040
  Task: N/A
  Level: Information
  Opcode: N/A
  Keyword: Classic
  User: S-1-5-18
  User Name: NT-AUTORITÄT\SYSTEM
  Computer: DESKTOP-G0L88JA
  Description: 
The start type of the Intelligenter Hintergrundübertragungsdienst service was changed from Automatisch starten to Manuell starten.

Event[319]:
  Log Name: System
  Source: Service Control Manager
  Date: 2017-10-09T01:23:41.752
  Event ID: 7040
  Task: N/A
  Level: Information
  Opcode: N/A
  Keyword: Classic
  User: S-1-5-18
  User Name: NT-AUTORITÄT\SYSTEM
  Computer: DESKTOP-G0L88JA
  Description: 
The start type of the Intelligenter Hintergrundübertragungsdienst service was changed from Manuell starten to Automatisch starten.

Event[320]:
  Log Name: System
  Source: Microsoft-Windows-WindowsUpdateClient
  Date: 2017-10-09T01:24:30.239
  Event ID: 44
  Task: Windows Update Agent
  Level: Information
  Opcode: Download
  Keyword: Download,Started
  User: S-1-5-18
  User Name: NT-AUTORITÄT\SYSTEM
  Computer: DESKTOP-G0L88JA
  Description: 
Windows Update started downloading an update.

Event[321]:
  Log Name: System
  Source: Microsoft-Windows-WindowsUpdateClient
  Date: 2017-10-09T01:24:30.239
  Event ID: 44
  Task: Windows Update Agent
  Level: Information
  Opcode: Download
  Keyword: Download,Started
  User: S-1-5-18
  User Name: NT-AUTORITÄT\SYSTEM
  Computer: DESKTOP-G0L88JA
  Description: 
Windows Update started downloading an update.

Event[322]:
  Log Name: System
  Source: Microsoft-Windows-WindowsUpdateClient
  Date: 2017-10-09T01:24:30.239
  Event ID: 44
  Task: Windows Update Agent
  Level: Information
  Opcode: Download
  Keyword: Download,Started
  User: S-1-5-18
  User Name: NT-AUTORITÄT\SYSTEM
  Computer: DESKTOP-G0L88JA
  Description: 
Windows Update started downloading an update.

Event[323]:
  Log Name: System
  Source: Microsoft-Windows-WindowsUpdateClient
  Date: 2017-10-09T01:24:30.239
  Event ID: 44
  Task: Windows Update Agent
  Level: Information
  Opcode: Download
  Keyword: Download,Started
  User: S-1-5-18
  User Name: NT-AUTORITÄT\SYSTEM
  Computer: DESKTOP-G0L88JA
  Description: 
Windows Update started downloading an update.

Event[324]:
  Log Name: System
  Source: Microsoft-Windows-WindowsUpdateClient
  Date: 2017-10-09T01:24:30.239
  Event ID: 44
  Task: Windows Update Agent
  Level: Information
  Opcode: Download
  Keyword: Download,Started
  User: S-1-5-18
  User Name: NT-AUTORITÄT\SYSTEM
  Computer: DESKTOP-G0L88JA
  Description: 
Windows Update started downloading an update.

Event[325]:
  Log Name: System
  Source: Service Control Manager
  Date: 2017-10-09T01:24:33.170
  Event ID: 7040
  Task: N/A
  Level: Information
  Opcode: N/A
  Keyword: Classic
  User: S-1-5-18
  User Name: NT-AUTORITÄT\SYSTEM
  Computer: DESKTOP-G0L88JA
  Description: 
The start type of the Windows Modules Installer service was changed from Manuell starten to Automatisch starten.

Event[326]:
  Log Name: System
  Source: Microsoft-Windows-WindowsUpdateClient
  Date: 2017-10-09T01:24:33.654
  Event ID: 44
  Task: Windows Update Agent
  Level: Information
  Opcode: Download
  Keyword: Download,Started
  User: S-1-5-18
  User Name: NT-AUTORITÄT\SYSTEM
  Computer: DESKTOP-G0L88JA
  Description: 
Windows Update started downloading an update.

Event[327]:
