  Log Name: System
  Source: Microsoft-Windows-Kernel-General
  Date: 2017-10-09T01:18:03.598
  Event ID: 16
  Task: N/A
  Level: Information
  Opcode: Info
  Keyword: N/A
  User: S-1-5-18
  User Name: NT-AUTORITÄT\SYSTEM
  Computer: WIN-FMKOBU77TFV
  Description: 
The access history in hive \??\C:\ProgramData\Microsoft\Windows\AppRepository\Packages\HoloShell_10.0.15063.0_neutral__cw5n1h2txyewy\ActivationStore.dat was cleared updating 0 keys and creating 0 modified pages.

Event[110]:
  Log Name: System
  Source: Microsoft-Windows-Kernel-General
  Date: 2017-10-09T01:18:03.695
  Event ID: 16
  Task: N/A
  Level: Information
  Opcode: Info
  Keyword: N/A
  User: S-1-5-18
  User Name: NT-AUTORITÄT\SYSTEM
  Computer: WIN-FMKOBU77TFV
  Description: 
The access history in hive \??\C:\ProgramData\Microsoft\Windows\AppRepository\Packages\Microsoft.AAD.BrokerPlugin_1000.15063.0.0_neutral_neutral_cw5n1h2txyewy\ActivationStore.dat was cleared updating 0 keys and creating 0 modified pages.

Event[111]:
  Log Name: System
  Source: Microsoft-Windows-Kernel-General
  Date: 2017-10-09T01:18:03.789
  Event ID: 16
  Task: N/A
  Level: Information
  Opcode: Info
  Keyword: N/A
  User: S-1-5-18
  User Name: NT-AUTORITÄT\SYSTEM
  Computer: WIN-FMKOBU77TFV
  Description: 
The access history in hive \??\C:\ProgramData\Microsoft\Windows\AppRepository\Packages\Microsoft.AccountsControl_10.0.15063.0_neutral__cw5n1h2txyewy\ActivationStore.dat was cleared updating 0 keys and creating 0 modified pages.

Event[112]:
  Log Name: System
  Source: Microsoft-Windows-Kernel-General
  Date: 2017-10-09T01:18:03.882
  Event ID: 16
  Task: N/A
  Level: Information
  Opcode: Info
  Keyword: N/A
  User: S-1-5-18
  User Name: NT-AUTORITÄT\SYSTEM
  Computer: WIN-FMKOBU77TFV
  Description: 
The access history in hive \??\C:\ProgramData\Microsoft\Windows\AppRepository\Packages\Microsoft.BioEnrollment_10.0.15063.0_neutral__cw5n1h2txyewy\ActivationStore.dat was cleared updating 0 keys and creating 0 modified pages.

Event[113]:
  Log Name: System
  Source: Microsoft-Windows-Kernel-General
  Date: 2017-10-09T01:18:03.969
  Event ID: 16
  Task: N/A
  Level: Information
  Opcode: Info
  Keyword: N/A
  User: S-1-5-18
  User Name: NT-AUTORITÄT\SYSTEM
  Computer: WIN-FMKOBU77TFV
  Description: 
The access history in hive \??\C:\ProgramData\Microsoft\Windows\AppRepository\Packages\Microsoft.CredDialogHost_10.0.15063.0_neutral__cw5n1h2txyewy\ActivationStore.dat was cleared updating 0 keys and creating 0 modified pages.

Event[114]:
  Log Name: System
  Source: Microsoft-Windows-Kernel-General
  Date: 2017-10-09T01:18:04.057
  Event ID: 16
  Task: N/A
  Level: Information
  Opcode: Info
  Keyword: N/A
  User: S-1-5-18
  User Name: NT-AUTORITÄT\SYSTEM
  Computer: WIN-FMKOBU77TFV
  Description: 
The access history in hive \??\C:\ProgramData\Microsoft\Windows\AppRepository\Packages\Microsoft.LockApp_10.0.15063.0_neutral__cw5n1h2txyewy\ActivationStore.dat was cleared updating 0 keys and creating 0 modified pages.

Event[115]:
  Log Name: System
  Source: Microsoft-Windows-Kernel-General
  Date: 2017-10-09T01:18:04.196
  Event ID: 16
  Task: N/A
  Level: Information
  Opcode: Info
  Keyword: N/A
  User: S-1-5-18
  User Name: NT-AUTORITÄT\SYSTEM
  Computer: WIN-FMKOBU77TFV
  Description: 
The access history in hive \??\C:\ProgramData\Microsoft\Windows\AppRepository\Packages\Microsoft.MicrosoftEdge_40.15063.0.0_neutral__8wekyb3d8bbwe\ActivationStore.dat was cleared updating 0 keys and creating 0 modified pages.

Event[116]:
  Log Name: System
  Source: Microsoft-Windows-Kernel-General
  Date: 2017-10-09T01:18:04.297
  Event ID: 16
  Task: N/A
  Level: Information
  Opcode: Info
  Keyword: N/A
  User: S-1-5-18
  User Name: NT-AUTORITÄT\SYSTEM
  Computer: WIN-FMKOBU77TFV
  Description: 
The access history in hive \??\C:\ProgramData\Microsoft\Windows\AppRepository\Packages\Microsoft.PPIProjection_10.0.15063.0_neutral_neutral_cw5n1h2txyewy\ActivationStore.dat was cleared updating 0 keys and creating 0 modified pages.

Event[117]:
  Log Name: System
  Source: Microsoft-Windows-Kernel-General
  Date: 2017-10-09T01:18:04.389
  Event ID: 16
  Task: N/A
  Level: Information
  Opcode: Info
  Keyword: N/A
  User: S-1-5-18
  User Name: NT-AUTORITÄT\SYSTEM
  Computer: WIN-FMKOBU77TFV
  Description: 
The access history in hive \??\C:\ProgramData\Microsoft\Windows\AppRepository\Packages\Microsoft.Windows.Apprep.ChxApp_1000.15063.0.0_neutral_neutral_cw5n1h2txyewy\ActivationStore.dat was cleared updating 0 keys and creating 0 modified pages.

Event[118]:
  Log Name: System
  Source: Microsoft-Windows-Kernel-General
  Date: 2017-10-09T01:18:04.502
  Event ID: 16
  Task: N/A
  Level: Information
  Opcode: Info
  Keyword: N/A
  User: S-1-5-18
  User Name: NT-AUTORITÄT\SYSTEM
  Computer: WIN-FMKOBU77TFV
  Description: 
The access history in hive \??\C:\ProgramData\Microsoft\Windows\AppRepository\Packages\Microsoft.Windows.CloudExperienceHost_10.0.15063.0_neutral_neutral_cw5n1h2txyewy\ActivationStore.dat was cleared updating 0 keys and creating 0 modified pages.

Event[119]:
  Log Name: System
  Source: Microsoft-Windows-Kernel-General
  Date: 2017-10-09T01:18:04.628
  Event ID: 16
  Task: N/A
  Level: Information
  Opcode: Info
  Keyword: N/A
  User: S-1-5-18
  User Name: NT-AUTORITÄT\SYSTEM
  Computer: WIN-FMKOBU77TFV
  Description: 
The access history in hive \??\C:\ProgramData\Microsoft\Windows\AppRepository\Packages\Microsoft.Windows.ContentDeliveryManager_10.0.15063.0_neutral_neutral_cw5n1h2txyewy\ActivationStore.dat was cleared updating 0 keys and creating 0 modified pages.

Event[120]:
  Log Name: System
  Source: Microsoft-Windows-Kernel-General
  Date: 2017-10-09T01:18:04.864
  Event ID: 16
  Task: N/A
  Level: Information
  Opcode: Info
  Keyword: N/A
  User: S-1-5-18
  User Name: NT-AUTORITÄT\SYSTEM
  Computer: WIN-FMKOBU77TFV
  Description: 
The access history in hive \??\C:\ProgramData\Microsoft\Windows\AppRepository\Packages\Microsoft.Windows.Cortana_1.8.12.15063_neutral_neutral_cw5n1h2txyewy\ActivationStore.dat was cleared updating 0 keys and creating 0 modified pages.

Event[121]:
  Log Name: System
  Source: Microsoft-Windows-Kernel-General
  Date: 2017-10-09T01:18:04.988
  Event ID: 16
  Task: N/A
  Level: Information
  Opcode: Info
  Keyword: N/A
  User: S-1-5-18
  User Name: NT-AUTORITÄT\SYSTEM
  Computer: WIN-FMKOBU77TFV
  Description: 
The access history in hive \??\C:\ProgramData\Microsoft\Windows\AppRepository\Packages\Microsoft.Windows.HolographicFirstRun_10.0.15063.0_neutral_neutral_cw5n1h2txyewy\ActivationStore.dat was cleared updating 0 keys and creating 0 modified pages.

Event[122]:
  Log Name: System
  Source: Microsoft-Windows-Kernel-General
  Date: 2017-10-09T01:18:05.080
  Event ID: 16
  Task: N/A
  Level: Information
  Opcode: Info
  Keyword: N/A
  User: S-1-5-18
  User Name: NT-AUTORITÄT\SYSTEM
  Computer: WIN-FMKOBU77TFV
  Description: 
The access history in hive \??\C:\ProgramData\Microsoft\Windows\AppRepository\Packages\Microsoft.Windows.ModalSharePickerHost_1000.15063.0.0_neutral_neutral_cw5n1h2txyewy\ActivationStore.dat was cleared updating 0 keys and creating 0 modified pages.

Event[123]:
  Log Name: System
  Source: Microsoft-Windows-Kernel-General
  Date: 2017-10-09T01:18:05.172
  Event ID: 16
  Task: N/A
  Level: Information
  Opcode: Info
  Keyword: N/A
  User: S-1-5-18
  User Name: NT-AUTORITÄT\SYSTEM
  Computer: WIN-FMKOBU77TFV
  Description: 
The access history in hive \??\C:\ProgramData\Microsoft\Windows\AppRepository\Packages\Microsoft.Windows.OOBENetworkCaptivePortal_10.0.15063.0_neutral__cw5n1h2txyewy\ActivationStore.dat was cleared updating 0 keys and creating 0 modified pages.

Event[124]:
  Log Name: System
  Source: Microsoft-Windows-Kernel-General
  Date: 2017-10-09T01:18:05.264
  Event ID: 16
  Task: N/A
  Level: Information
  Opcode: Info
  Keyword: N/A
  User: S-1-5-18
  User Name: NT-AUTORITÄT\SYSTEM
  Computer: WIN-FMKOBU77TFV
  Description: 
The access history in hive \??\C:\ProgramData\Microsoft\Windows\AppRepository\Packages\Microsoft.Windows.OOBENetworkConnectionFlow_10.0.15063.0_neutral__cw5n1h2txyewy\ActivationStore.dat was cleared updating 0 keys and creating 0 modified pages.

Event[125]:
  Log Name: System
  Source: Microsoft-Windows-Kernel-General
  Date: 2017-10-09T01:18:05.353
  Event ID: 16
  Task: N/A
  Level: Information
  Opcode: Info
  Keyword: N/A
  User: S-1-5-18
  User Name: NT-AUTORITÄT\SYSTEM
  Computer: WIN-FMKOBU77TFV
  Description: 
The access history in hive \??\C:\ProgramData\Microsoft\Windows\AppRepository\Packages\Microsoft.Windows.ParentalControls_1000.15063.0.0_neutral_neutral_cw5n1h2txyewy\ActivationStore.dat was cleared updating 0 keys and creating 0 modified pages.

Event[126]:
  Log Name: System
  Source: Microsoft-Windows-Kernel-General
  Date: 2017-10-09T01:18:05.462
  Event ID: 16
  Task: N/A
  Level: Information
  Opcode: Info
  Keyword: N/A
  User: S-1-5-18
  User Name: NT-AUTORITÄT\SYSTEM
  Computer: WIN-FMKOBU77TFV
  Description: 
The access history in hive \??\C:\ProgramData\Microsoft\Windows\AppRepository\Packages\Microsoft.Windows.SecHealthUI_10.0.15063.0_neutral__cw5n1h2txyewy\ActivationStore.dat was cleared updating 0 keys and creating 0 modified pages.

Event[127]:
  Log Name: System
  Source: Microsoft-Windows-Kernel-General
  Date: 2017-10-09T01:18:05.552
  Event ID: 16
  Task: N/A
  Level: Information
  Opcode: Info
  Keyword: N/A
  User: S-1-5-18
  User Name: NT-AUTORITÄT\SYSTEM
  Computer: WIN-FMKOBU77TFV
  Description: 
The access history in hive \??\C:\ProgramData\Microsoft\Windows\AppRepository\Packages\Microsoft.Windows.SecondaryTileExperience_10.0.0.0_neutral__cw5n1h2txyewy\ActivationStore.dat was cleared updating 0 keys and creating 0 modified pages.

Event[128]:
  Log Name: System
  Source: Microsoft-Windows-Kernel-General
  Date: 2017-10-09T01:18:05.669
  Event ID: 16
  Task: N/A
  Level: Information
  Opcode: Info
  Keyword: N/A
  User: S-1-5-18
  User Name: NT-AUTORITÄT\SYSTEM
  Computer: WIN-FMKOBU77TFV
  Description: 
The access history in hive \??\C:\ProgramData\Microsoft\Windows\AppRepository\Packages\Microsoft.Windows.ShellExperienceHost_10.0.15063.0_neutral_neutral_cw5n1h2txyewy\ActivationStore.dat was cleared updating 0 keys and creating 0 modified pages.

Event[129]:
  Log Name: System
  Source: Microsoft-Windows-Kernel-General
  Date: 2017-10-09T01:18:05.767
  Event ID: 16
  Task: N/A
  Level: Information
  Opcode: Info
  Keyword: N/A
  User: S-1-5-18
  User Name: NT-AUTORITÄT\SYSTEM
  Computer: WIN-FMKOBU77TFV
  Description: 
The access history in hive \??\C:\ProgramData\Microsoft\Windows\AppRepository\Packages\Microsoft.Windows.WindowPicker_10.0.15063.0_neutral__cw5n1h2txyewy\ActivationStore.dat was cleared updating 0 keys and creating 0 modified pages.

Event[130]:
  Log Name: System
  Source: Microsoft-Windows-Kernel-General
  Date: 2017-10-09T01:18:05.863
  Event ID: 16
  Task: N/A
  Level: Information
  Opcode: Info
  Keyword: N/A
  User: S-1-5-18
  User Name: NT-AUTORITÄT\SYSTEM
  Computer: WIN-FMKOBU77TFV
  Description: 
The access history in hive \??\C:\ProgramData\Microsoft\Windows\AppRepository\Packages\Microsoft.XboxGameCallableUI_1000.15063.0.0_neutral_neutral_cw5n1h2txyewy\ActivationStore.dat was cleared updating 0 keys and creating 0 modified pages.

Event[131]:
  Log Name: System
  Source: Microsoft-Windows-Kernel-General
  Date: 2017-10-09T01:18:06.033
  Event ID: 16
  Task: N/A
  Level: Information
  Opcode: Info
  Keyword: N/A
  User: S-1-5-18
  User Name: NT-AUTORITÄT\SYSTEM
  Computer: WIN-FMKOBU77TFV
  Description: 
The access history in hive \??\C:\ProgramData\Microsoft\Windows\AppRepository\Packages\Windows.ContactSupport_10.0.15063.0_neutral_neutral_cw5n1h2txyewy\ActivationStore.dat was cleared updating 0 keys and creating 0 modified pages.

Event[132]:
  Log Name: System
  Source: Microsoft-Windows-Kernel-General
  Date: 2017-10-09T01:18:06.110
  Event ID: 16
  Task: N/A
  Level: Information
  Opcode: Info
  Keyword: N/A
  User: S-1-5-18
  User Name: NT-AUTORITÄT\SYSTEM
  Computer: WIN-FMKOBU77TFV
  Description: 
The access history in hive \??\C:\ProgramData\Microsoft\Windows\AppRepository\Packages\windows.immersivecontrolpanel_6.2.0.0_neutral_neutral_cw5n1h2txyewy\ActivationStore.dat was cleared updating 0 keys and creating 0 modified pages.

Event[133]:
  Log Name: System
  Source: Microsoft-Windows-Kernel-General
  Date: 2017-10-09T01:18:06.207
  Event ID: 16
  Task: N/A
  Level: Information
  Opcode: Info
  Keyword: N/A
  User: S-1-5-18
  User Name: NT-AUTORITÄT\SYSTEM
  Computer: WIN-FMKOBU77TFV
  Description: 
The access history in hive \??\C:\ProgramData\Microsoft\Windows\AppRepository\Packages\Windows.MiracastView_6.3.0.0_neutral_neutral_cw5n1h2txyewy\ActivationStore.dat was cleared updating 0 keys and creating 0 modified pages.

Event[134]:
  Log Name: System
  Source: Microsoft-Windows-Kernel-General
  Date: 2017-10-09T01:18:06.308
  Event ID: 16
  Task: N/A
  Level: Information
  Opcode: Info
  Keyword: N/A
  User: S-1-5-18
  User Name: NT-AUTORITÄT\SYSTEM
  Computer: WIN-FMKOBU77TFV
  Description: 
The access history in hive \??\C:\ProgramData\Microsoft\Windows\AppRepository\Packages\Windows.PrintDialog_6.2.0.0_neutral_neutral_cw5n1h2txyewy\ActivationStore.dat was cleared updating 0 keys and creating 0 modified pages.

Event[135]:
  Log Name: System
  Source: Microsoft-Windows-Kernel-General
  Date: 2017-10-09T01:18:07.850
  Event ID: 16
  Task: N/A
  Level: Information
  Opcode: Info
  Keyword: N/A
  User: S-1-5-18
  User Name: NT-AUTORITÄT\SYSTEM
  Computer: WIN-FMKOBU77TFV
  Description: 
The access history in hive \??\C:\ProgramData\Microsoft\Windows\AppRepository\Packages\Microsoft.3DBuilder_13.0.10349.0_x64__8wekyb3d8bbwe\ActivationStore.dat was cleared updating 0 keys and creating 0 modified pages.

Event[136]:
  Log Name: System
  Source: Microsoft-Windows-Kernel-General
  Date: 2017-10-09T01:18:07.979
  Event ID: 16
  Task: N/A
  Level: Information
  Opcode: Info
  Keyword: N/A
  User: S-1-5-18
  User Name: NT-AUTORITÄT\SYSTEM
  Computer: WIN-FMKOBU77TFV
  Description: 
The access history in hive \??\C:\ProgramData\Microsoft\Windows\AppRepository\Packages\Microsoft.Advertising.Xaml_10.0.1605.0_x64__8wekyb3d8bbwe\ActivationStore.dat was cleared updating 0 keys and creating 0 modified pages.

Event[137]:
  Log Name: System
  Source: Microsoft-Windows-Kernel-General
  Date: 2017-10-09T01:18:08.075
  Event ID: 16
  Task: N/A
  Level: Information
  Opcode: Info
  Keyword: N/A
  User: S-1-5-18
  User Name: NT-AUTORITÄT\SYSTEM
  Computer: WIN-FMKOBU77TFV
  Description: 
The access history in hive \??\C:\ProgramData\Microsoft\Windows\AppRepository\Packages\Microsoft.Advertising.Xaml_10.0.1605.0_x86__8wekyb3d8bbwe\ActivationStore.dat was cleared updating 0 keys and creating 0 modified pages.

Event[138]:
  Log Name: System
  Source: Microsoft-Windows-Kernel-General
  Date: 2017-10-09T01:18:08.907
  Event ID: 16
  Task: N/A
  Level: Information
  Opcode: Info
  Keyword: N/A
  User: S-1-5-18
  User Name: NT-AUTORITÄT\SYSTEM
  Computer: WIN-FMKOBU77TFV
  Description: 
The access history in hive \??\C:\ProgramData\Microsoft\Windows\AppRepository\Packages\Microsoft.BingWeather_4.18.56.0_x64__8wekyb3d8bbwe\ActivationStore.dat was cleared updating 0 keys and creating 0 modified pages.

Event[139]:
  Log Name: System
  Source: Microsoft-Windows-Kernel-General
  Date: 2017-10-09T01:18:09.480
  Event ID: 16
  Task: N/A
  Level: Information
  Opcode: Info
  Keyword: N/A
  User: S-1-5-18
  User Name: NT-AUTORITÄT\SYSTEM
  Computer: WIN-FMKOBU77TFV
  Description: 
The access history in hive \??\C:\ProgramData\Microsoft\Windows\AppRepository\Packages\Microsoft.DesktopAppInstaller_1.0.10252.0_x64__8wekyb3d8bbwe\ActivationStore.dat was cleared updating 0 keys and creating 0 modified pages.

Event[140]:
  Log Name: System
  Source: Microsoft-Windows-Kernel-General
  Date: 2017-10-09T01:18:10.036
  Event ID: 16
  Task: N/A
  Level: Information
  Opcode: Info
  Keyword: N/A
  User: S-1-5-18
  User Name: NT-AUTORITÄT\SYSTEM
  Computer: WIN-FMKOBU77TFV
  Description: 
The access history in hive \??\C:\ProgramData\Microsoft\Windows\AppRepository\Packages\Microsoft.Getstarted_4.5.6.0_x64__8wekyb3d8bbwe\ActivationStore.dat was cleared updating 0 keys and creating 0 modified pages.

Event[141]:
  Log Name: System
  Source: Microsoft-Windows-Kernel-General
  Date: 2017-10-09T01:18:10.596
  Event ID: 16
  Task: N/A
  Level: Information
  Opcode: Info
  Keyword: N/A
  User: S-1-5-18
  User Name: NT-AUTORITÄT\SYSTEM
  Computer: WIN-FMKOBU77TFV
  Description: 
The access history in hive \??\C:\ProgramData\Microsoft\Windows\AppRepository\Packages\Microsoft.Messaging_3.26.24002.0_x64__8wekyb3d8bbwe\ActivationStore.dat was cleared updating 0 keys and creating 0 modified pages.

Event[142]:
  Log Name: System
  Source: Microsoft-Windows-Kernel-General
  Date: 2017-10-09T01:18:10.855
  Event ID: 16
  Task: N/A
  Level: Information
  Opcode: Info
  Keyword: N/A
  User: S-1-5-18
  User Name: NT-AUTORITÄT\SYSTEM
  Computer: WIN-FMKOBU77TFV
  Description: 
The access history in hive \??\C:\ProgramData\Microsoft\Windows\AppRepository\Packages\Microsoft.Microsoft3DViewer_1.1702.21039.0_x64__8wekyb3d8bbwe\ActivationStore.dat was cleared updating 0 keys and creating 0 modified pages.

Event[143]:
  Log Name: System
  Source: Microsoft-Windows-Kernel-General
  Date: 2017-10-09T01:18:11.607
  Event ID: 16
  Task: N/A
  Level: Information
  Opcode: Info
  Keyword: N/A
  User: S-1-5-18
  User Name: NT-AUTORITÄT\SYSTEM
  Computer: WIN-FMKOBU77TFV
  Description: 
The access history in hive \??\C:\ProgramData\Microsoft\Windows\AppRepository\Packages\Microsoft.MicrosoftOfficeHub_17.8010.5926.0_x64__8wekyb3d8bbwe\ActivationStore.dat was cleared updating 0 keys and creating 0 modified pages.

Event[144]:
  Log Name: System
  Source: Microsoft-Windows-Kernel-General
  Date: 2017-10-09T01:18:14.134
  Event ID: 16
  Task: N/A
  Level: Information
  Opcode: Info
  Keyword: N/A
  User: S-1-5-18
  User Name: NT-AUTORITÄT\SYSTEM
  Computer: WIN-FMKOBU77TFV
  Description: 
The access history in hive \??\C:\ProgramData\Microsoft\Windows\AppRepository\Packages\Microsoft.MicrosoftSolitaireCollection_3.14.1181.0_x64__8wekyb3d8bbwe\ActivationStore.dat was cleared updating 0 keys and creating 0 modified pages.

Event[145]:
  Log Name: System
  Source: Microsoft-Windows-Kernel-General
  Date: 2017-10-09T01:18:14.618
  Event ID: 16
  Task: N/A
  Level: Information
  Opcode: Info
  Keyword: N/A
  User: S-1-5-18
  User Name: NT-AUTORITÄT\SYSTEM
  Computer: WIN-FMKOBU77TFV
  Description: 
The access history in hive \??\C:\ProgramData\Microsoft\Windows\AppRepository\Packages\Microsoft.MicrosoftStickyNotes_1.4.101.0_x64__8wekyb3d8bbwe\ActivationStore.dat was cleared updating 0 keys and creating 0 modified pages.

Event[146]:
  Log Name: System
  Source: Microsoft-Windows-Kernel-General
  Date: 2017-10-09T01:18:15.365
  Event ID: 16
  Task: N/A
  Level: Information
  Opcode: Info
  Keyword: N/A
  User: S-1-5-18
  User Name: NT-AUTORITÄT\SYSTEM
  Computer: WIN-FMKOBU77TFV
  Description: 
The access history in hive \??\C:\ProgramData\Microsoft\Windows\AppRepository\Packages\Microsoft.MSPaint_1.1702.28017.0_x64__8wekyb3d8bbwe\ActivationStore.dat was cleared updating 0 keys and creating 0 modified pages.

Event[147]:
  Log Name: System
  Source: Microsoft-Windows-Kernel-General
  Date: 2017-10-09T01:18:17.291
  Event ID: 16
  Task: N/A
  Level: Information
  Opcode: Info
  Keyword: N/A
  User: S-1-5-18
  User Name: NT-AUTORITÄT\SYSTEM
  Computer: WIN-FMKOBU77TFV
  Description: 
The access history in hive \??\C:\ProgramData\Microsoft\Windows\AppRepository\Packages\Microsoft.Office.OneNote_17.7668.58071.0_x64__8wekyb3d8bbwe\ActivationStore.dat was cleared updating 0 keys and creating 0 modified pages.

Event[148]:
  Log Name: System
  Source: Microsoft-Windows-Kernel-General
  Date: 2017-10-09T01:18:17.814
  Event ID: 16
  Task: N/A
  Level: Information
  Opcode: Info
  Keyword: N/A
  User: S-1-5-18
  User Name: NT-AUTORITÄT\SYSTEM
  Computer: WIN-FMKOBU77TFV
  Description: 
The access history in hive \??\C:\ProgramData\Microsoft\Windows\AppRepository\Packages\Microsoft.OneConnect_2.1701.277.0_x64__8wekyb3d8bbwe\ActivationStore.dat was cleared updating 0 keys and creating 0 modified pages.

Event[149]:
  Log Name: System
  Source: Microsoft-Windows-Kernel-General
  Date: 2017-10-09T01:18:18.370
  Event ID: 16
  Task: N/A
  Level: Information
  Opcode: Info
  Keyword: N/A
  User: S-1-5-18
  User Name: NT-AUTORITÄT\SYSTEM
  Computer: WIN-FMKOBU77TFV
  Description: 
The access history in hive \??\C:\ProgramData\Microsoft\Windows\AppRepository\Packages\Microsoft.People_10.1.10531.0_x64__8wekyb3d8bbwe\ActivationStore.dat was cleared updating 0 keys and creating 0 modified pages.

Event[150]:
  Log Name: System
  Source: Microsoft-Windows-Kernel-General
  Date: 2017-10-09T01:18:20.585
  Event ID: 16
  Task: N/A
  Level: Information
  Opcode: Info
  Keyword: N/A
  User: S-1-5-18
  User Name: NT-AUTORITÄT\SYSTEM
  Computer: WIN-FMKOBU77TFV
  Description: 
The access history in hive \??\C:\ProgramData\Microsoft\Windows\AppRepository\Packages\Microsoft.SkypeApp_11.8.204.0_x64__kzf8qxf38zg5c\ActivationStore.dat was cleared updating 0 keys and creating 0 modified pages.

Event[151]:
  Log Name: System
  Source: Microsoft-Windows-Kernel-General
  Date: 2017-10-09T01:18:20.843
  Event ID: 16
  Task: N/A
  Level: Information
  Opcode: Info
  Keyword: N/A
  User: S-1-5-18
  User Name: NT-AUTORITÄT\SYSTEM
  Computer: WIN-FMKOBU77TFV
  Description: 
The access history in hive \??\C:\ProgramData\Microsoft\Windows\AppRepository\Packages\Microsoft.StorePurchaseApp_1.0.45.0_x64__8wekyb3d8bbwe\ActivationStore.dat was cleared updating 0 keys and creating 0 modified pages.

Event[152]:
  Log Name: System
  Source: Microsoft-Windows-Kernel-General
  Date: 2017-10-09T01:18:20.994
  Event ID: 16
  Task: N/A
  Level: Information
  Opcode: Info
  Keyword: N/A
  User: S-1-5-18
  User Name: NT-AUTORITÄT\SYSTEM
  Computer: WIN-FMKOBU77TFV
  Description: 
The access history in hive \??\C:\ProgramData\Microsoft\Windows\AppRepository\Packages\Microsoft.Wallet_1.0.16328.0_x64__8wekyb3d8bbwe\ActivationStore.dat was cleared updating 0 keys and creating 0 modified pages.

Event[153]:
  Log Name: System
  Source: Microsoft-Windows-Kernel-General
  Date: 2017-10-09T01:18:21.879
  Event ID: 16
  Task: N/A
  Level: Information
  Opcode: Info
  Keyword: N/A
  User: S-1-5-18
  User Name: NT-AUTORITÄT\SYSTEM
  Computer: WIN-FMKOBU77TFV
  Description: 
The access history in hive \??\C:\ProgramData\Microsoft\Windows\AppRepository\Packages\Microsoft.Windows.Photos_16.511.8780.0_x64__8wekyb3d8bbwe\ActivationStore.dat was cleared updating 0 keys and creating 0 modified pages.

Event[154]:
  Log Name: System
  Source: Microsoft-Windows-Kernel-General
  Date: 2017-10-09T01:18:22.717
  Event ID: 16
  Task: N/A
  Level: Information
  Opcode: Info
  Keyword: N/A
  User: S-1-5-18
  User Name: NT-AUTORITÄT\SYSTEM
  Computer: WIN-FMKOBU77TFV
  Description: 
The access history in hive \??\C:\ProgramData\Microsoft\Windows\AppRepository\Packages\Microsoft.WindowsAlarms_10.1702.333.0_x64__8wekyb3d8bbwe\ActivationStore.dat was cleared updating 0 keys and creating 0 modified pages.

Event[155]:
  Log Name: System
  Source: Microsoft-Windows-Kernel-General
  Date: 2017-10-09T01:18:23.305
  Event ID: 16
  Task: N/A
  Level: Information
  Opcode: Info
  Keyword: N/A
  User: S-1-5-18
  User Name: NT-AUTORITÄT\SYSTEM
  Computer: WIN-FMKOBU77TFV
  Description: 
The access history in hive \??\C:\ProgramData\Microsoft\Windows\AppRepository\Packages\Microsoft.WindowsCalculator_10.1702.312.0_x64__8wekyb3d8bbwe\ActivationStore.dat was cleared updating 0 keys and creating 0 modified pages.

Event[156]:
  Log Name: System
  Source: Microsoft-Windows-Kernel-General
  Date: 2017-10-09T01:18:23.907
  Event ID: 16
  Task: N/A
  Level: Information
  Opcode: Info
  Keyword: N/A
  User: S-1-5-18
  User Name: NT-AUTORITÄT\SYSTEM
  Computer: WIN-FMKOBU77TFV
  Description: 
The access history in hive \??\C:\ProgramData\Microsoft\Windows\AppRepository\Packages\Microsoft.WindowsCamera_2017.125.40.0_x64__8wekyb3d8bbwe\ActivationStore.dat was cleared updating 0 keys and creating 0 modified pages.

Event[157]:
  Log Name: System
  Source: Microsoft-Windows-Kernel-General
  Date: 2017-10-09T01:18:27.205
  Event ID: 16
  Task: N/A
  Level: Information
  Opcode: Info
  Keyword: N/A
  User: S-1-5-18
  User Name: NT-AUTORITÄT\SYSTEM
  Computer: WIN-FMKOBU77TFV
  Description: 
The access history in hive \??\C:\ProgramData\Microsoft\Windows\AppRepository\Packages\microsoft.windowscommunicationsapps_17.7906.42257.0_x64__8wekyb3d8bbwe\ActivationStore.dat was cleared updating 0 keys and creating 0 modified pages.

Event[158]:
  Log Name: System
  Source: Microsoft-Windows-Kernel-General
  Date: 2017-10-09T01:18:27.867
  Event ID: 16
  Task: N/A
  Level: Information
  Opcode: Info
  Keyword: N/A
  User: S-1-5-18
  User Name: NT-AUTORITÄT\SYSTEM
  Computer: WIN-FMKOBU77TFV
  Description: 
The access history in hive \??\C:\ProgramData\Microsoft\Windows\AppRepository\Packages\Microsoft.WindowsFeedbackHub_1.1612.10312.0_x64__8wekyb3d8bbwe\ActivationStore.dat was cleared updating 0 keys and creating 0 modified pages.

Event[159]:
  Log Name: System
  Source: Microsoft-Windows-Kernel-General
  Date: 2017-10-09T01:18:29.974
  Event ID: 16
  Task: N/A
  Level: Information
  Opcode: Info
  Keyword: N/A
  User: S-1-5-18
  User Name: NT-AUTORITÄT\SYSTEM
  Computer: WIN-FMKOBU77TFV
  Description: 
The access history in hive \??\C:\ProgramData\Microsoft\Windows\AppRepository\Packages\Microsoft.WindowsMaps_5.1611.10393.0_x64__8wekyb3d8bbwe\ActivationStore.dat was cleared updating 0 keys and creating 0 modified pages.

Event[160]:
  Log Name: System
  Source: Microsoft-Windows-Kernel-General
  Date: 2017-10-09T01:18:30.572
  Event ID: 16
  Task: N/A
  Level: Information
  Opcode: Info
  Keyword: N/A
  User: S-1-5-18
  User Name: NT-AUTORITÄT\SYSTEM
  Computer: WIN-FMKOBU77TFV
  Description: 
The access history in hive \??\C:\ProgramData\Microsoft\Windows\AppRepository\Packages\Microsoft.WindowsSoundRecorder_10.1702.301.0_x64__8wekyb3d8bbwe\ActivationStore.dat was cleared updating 0 keys and creating 0 modified pages.

Event[161]:
  Log Name: System
  Source: Microsoft-Windows-Kernel-General
  Date: 2017-10-09T01:18:31.323
  Event ID: 16
  Task: N/A
  Level: Information
  Opcode: Info
  Keyword: N/A
  User: S-1-5-18
  User Name: NT-AUTORITÄT\SYSTEM
  Computer: WIN-FMKOBU77TFV
  Description: 
The access history in hive \??\C:\ProgramData\Microsoft\Windows\AppRepository\Packages\Microsoft.WindowsStore_11701.1001.87.0_x64__8wekyb3d8bbwe\ActivationStore.dat was cleared updating 0 keys and creating 0 modified pages.

Event[162]:
  Log Name: System
  Source: Microsoft-Windows-Kernel-General
  Date: 2017-10-09T01:18:32.191
  Event ID: 16
  Task: N/A
  Level: Information
  Opcode: Info
  Keyword: N/A
  User: S-1-5-18
  User Name: NT-AUTORITÄT\SYSTEM
  Computer: WIN-FMKOBU77TFV
  Description: 
The access history in hive \??\C:\ProgramData\Microsoft\Windows\AppRepository\Packages\Microsoft.XboxApp_25.25.13009.0_x64__8wekyb3d8bbwe\ActivationStore.dat was cleared updating 0 keys and creating 0 modified pages.

Event[163]:
  Log Name: System
  Source: Microsoft-Windows-Kernel-General
  Date: 2017-10-09T01:18:32.409
  Event ID: 16
  Task: N/A
  Level: Information
  Opcode: Info
  Keyword: N/A
  User: S-1-5-18
  User Name: NT-AUTORITÄT\SYSTEM
  Computer: WIN-FMKOBU77TFV
  Description: 
The access history in hive \??\C:\ProgramData\Microsoft\Windows\AppRepository\Packages\Microsoft.XboxGameOverlay_1.15.2003.0_x64__8wekyb3d8bbwe\ActivationStore.dat was cleared updating 0 keys and creating 0 modified pages.

Event[164]:
  Log Name: System
  Source: Microsoft-Windows-Kernel-General
  Date: 2017-10-09T01:18:32.583
  Event ID: 16
  Task: N/A
  Level: Information
  Opcode: Info
  Keyword: N/A
  User: S-1-5-18
  User Name: NT-AUTORITÄT\SYSTEM
  Computer: WIN-FMKOBU77TFV
  Description: 
The access history in hive \??\C:\ProgramData\Microsoft\Windows\AppRepository\Packages\Microsoft.XboxIdentityProvider_11.19.19003.0_x64__8wekyb3d8bbwe\ActivationStore.dat was cleared updating 0 keys and creating 0 modified pages.

Event[165]:
  Log Name: System
  Source: Microsoft-Windows-Kernel-General
  Date: 2017-10-09T01:18:32.760
  Event ID: 16
  Task: N/A
  Level: Information
  Opcode: Info
  Keyword: N/A
  User: S-1-5-18
  User Name: NT-AUTORITÄT\SYSTEM
  Computer: WIN-FMKOBU77TFV
  Description: 
The access history in hive \??\C:\ProgramData\Microsoft\Windows\AppRepository\Packages\Microsoft.XboxSpeechToTextOverlay_1.14.2002.0_x64__8wekyb3d8bbwe\ActivationStore.dat was cleared updating 0 keys and creating 0 modified pages.

Event[166]:
  Log Name: System
  Source: Microsoft-Windows-Kernel-General
  Date: 2017-10-09T01:18:33.627
  Event ID: 16
  Task: N/A
  Level: Information
  Opcode: Info
  Keyword: N/A
  User: S-1-5-18
  User Name: NT-AUTORITÄT\SYSTEM
  Computer: WIN-FMKOBU77TFV
  Description: 
The access history in hive \??\C:\ProgramData\Microsoft\Windows\AppRepository\Packages\Microsoft.ZuneMusic_10.16112.11621.0_x64__8wekyb3d8bbwe\ActivationStore.dat was cleared updating 0 keys and creating 0 modified pages.

Event[167]:
  Log Name: System
  Source: Microsoft-Windows-Kernel-General
  Date: 2017-10-09T01:18:34.434
  Event ID: 16
  Task: N/A
  Level: Information
  Opcode: Info
  Keyword: N/A
  User: S-1-5-18
  User Name: NT-AUTORITÄT\SYSTEM
  Computer: WIN-FMKOBU77TFV
  Description: 
The access history in hive \??\C:\ProgramData\Microsoft\Windows\AppRepository\Packages\Microsoft.ZuneVideo_10.16112.11601.0_x64__8wekyb3d8bbwe\ActivationStore.dat was cleared updating 0 keys and creating 0 modified pages.

Event[168]:
  Log Name: System
  Source: Microsoft-Windows-Kernel-General
  Date: 2017-10-09T01:18:38.229
  Event ID: 16
  Task: N/A
  Level: Information
  Opcode: Info
  Keyword: N/A
  User: S-1-5-18
  User Name: NT-AUTORITÄT\SYSTEM
  Computer: WIN-FMKOBU77TFV
  Description: 
The access history in hive \Device\HarddiskVolume2\EFI\Microsoft\Recovery\BCD was cleared updating 42 keys and creating 3 modified pages.

Event[169]:
  Log Name: System
  Source: Microsoft-Windows-Kernel-General
  Date: 2017-10-09T01:18:38.230
  Event ID: 16
  Task: N/A
  Level: Information
  Opcode: Info
  Keyword: N/A
  User: S-1-5-18
  User Name: NT-AUTORITÄT\SYSTEM
  Computer: WIN-FMKOBU77TFV
  Description: 
The access history in hive \Device\HarddiskVolume2\EFI\Microsoft\Recovery\BCD was cleared updating 42 keys and creating 3 modified pages.

Event[170]:
  Log Name: System
  Source: Microsoft-Windows-Kernel-General
  Date: 2017-10-09T01:18:38.230
  Event ID: 16
  Task: N/A
  Level: Information
  Opcode: Info
  Keyword: N/A
  User: S-1-5-18
  User Name: NT-AUTORITÄT\SYSTEM
  Computer: WIN-FMKOBU77TFV
  Description: 
The access history in hive \Device\HarddiskVolume2\EFI\Microsoft\Recovery\BCD was cleared updating 42 keys and creating 3 modified pages.

Event[171]:
  Log Name: System
  Source: Virtual Disk Service
  Date: 2017-10-09T01:18:39.904
  Event ID: 3
  Task: N/A
  Level: Information
  Opcode: N/A
  Keyword: Classic
  User: N/A
  User Name: N/A
  Computer: WIN-FMKOBU77TFV
  Description: 
Service started.

Event[172]:
  Log Name: System
  Source: Virtual Disk Service
  Date: 2017-10-09T01:18:41.077
  Event ID: 4
  Task: N/A
  Level: Information
  Opcode: N/A
  Keyword: Classic
  User: N/A
  User Name: N/A
  Computer: WIN-FMKOBU77TFV
  Description: 
Service stopped.

Event[173]:
  Log Name: System
  Source: Microsoft-Windows-Kernel-General
  Date: 2017-10-09T01:18:41.106
  Event ID: 16
  Task: N/A
  Level: Information
  Opcode: Info
  Keyword: N/A
  User: S-1-5-18
  User Name: NT-AUTORITÄT\SYSTEM
  Computer: WIN-FMKOBU77TFV
  Description: 
The access history in hive \??\C:\ProgramData\Microsoft\Provisioning\Microsoft-Desktop-Provisioning-Sequence.dat was cleared updating 0 keys and creating 0 modified pages.

Event[174]:
  Log Name: System
  Source: Microsoft-Windows-UserModePowerService
  Date: 2017-10-09T01:18:43.088
  Event ID: 22
  Task: N/A
  Level: Information
  Opcode: Info
  Keyword: N/A
  User: S-1-5-18
  User Name: NT-AUTORITÄT\SYSTEM
  Computer: WIN-FMKOBU77TFV
  Description: 
Reapply power settings upon completion of the provisioning engine's turn 1

Event[175]:
  Log Name: System
  Source: Microsoft-Windows-Kernel-General
  Date: 2017-10-09T01:18:43.656
  Event ID: 15
  Task: N/A
  Level: Information
  Opcode: Info
  Keyword: N/A
  User: S-1-5-18
  User Name: NT-AUTORITÄT\SYSTEM
  Computer: WIN-FMKOBU77TFV
  Description: 
Hive \??\C:\Windows\System32\config\COMPONENTS was reorganized with a starting size of 29990912 bytes and an ending size of 29990912 bytes.

Event[176]:
  Log Name: System
  Source: EventLog
  Date: 2017-10-09T01:18:46.108
  Event ID: 6006
  Task: N/A
  Level: Information
  Opcode: N/A
  Keyword: Classic
  User: N/A
  User Name: N/A
  Computer: WIN-FMKOBU77TFV
  Description: 
The Event log service was stopped.

Event[177]:
  Log Name: System
  Source: Microsoft-Windows-Setup
  Date: 2017-10-09T01:18:45.173
  Event ID: 2003
  Task: Setup information
  Level: Information
  Opcode: Info
  Keyword: N/A
  User: S-1-5-18
  User Name: NT-AUTORITÄT\SYSTEM
  Computer: WIN-FMKOBU77TFV
  Description: 
Successfully logged Setup information

Event[178]:
  Log Name: System
  Source: Microsoft-Windows-Setup
  Date: 2017-10-09T01:18:45.173
  Event ID: 2004
  Task: OS information
  Level: Information
  Opcode: Info
  Keyword: N/A
  User: S-1-5-18
  User Name: NT-AUTORITÄT\SYSTEM
  Computer: WIN-FMKOBU77TFV
  Description: 
Successfully logged OS information

Event[179]:
  Log Name: System
  Source: User32
  Date: 2017-10-09T01:18:45.702
  Event ID: 1074
  Task: N/A
  Level: Information
  Opcode: N/A
  Keyword: Classic
  User: S-1-5-18
  User Name: NT-AUTORITÄT\SYSTEM
  Computer: WIN-FMKOBU77TFV
  Description: 
The process C:\Windows\system32\winlogon.exe (MINWINPC) has initiated the Neustart of computer WIN-FMKOBU77TFV on behalf of user NT-AUTORITÄT\SYSTEM for the following reason: Betriebssystem: Aktualisierung (geplant)
 Reason Code: 0x80020003
 Shutdown Type: Neustart
 Comment: 

Event[180]:
  Log Name: System
  Source: Microsoft-Windows-Dhcp-Client
  Date: 2017-10-09T01:18:46.118
  Event ID: 50104
  Task: Service State Event
  Level: Information
  Opcode: ServiceShutdown
  Keyword: N/A
  User: S-1-5-19
  User Name: NT-AUTORITÄT\Lokaler Dienst
  Computer: WIN-FMKOBU77TFV
  Description: 
DHCPv4 client received shutdown notification

Event[181]:
  Log Name: System
  Source: Microsoft-Windows-Dhcp-Client
  Date: 2017-10-09T01:18:46.118
  Event ID: 50105
  Task: Service State Event
  Level: Information
  Opcode: ServiceShutdown
  Keyword: N/A
  User: S-1-5-19
  User Name: NT-AUTORITÄT\Lokaler Dienst
  Computer: WIN-FMKOBU77TFV
  Description: 
DHCPv4 client ProcessDHCPRequestForever received TERMINATE_EVENT

Event[182]:
  Log Name: System
  Source: Microsoft-Windows-Dhcp-Client
  Date: 2017-10-09T01:18:46.119
  Event ID: 50106
  Task: Service State Event
  Level: Information
  Opcode: ServiceShutdown
  Keyword: N/A
  User: S-1-5-19
  User Name: NT-AUTORITÄT\Lokaler Dienst
  Computer: WIN-FMKOBU77TFV
  Description: 
DHCPv4 is waiting on DHCPv6 service to stop

Event[183]:
  Log Name: System
  Source: Microsoft-Windows-Dhcp-Client
  Date: 2017-10-09T01:18:46.119
  Event ID: 50037
  Task: Service State Event
  Level: Information
  Opcode: ServiceStop
  Keyword: N/A
  User: S-1-5-19
  User Name: NT-AUTORITÄT\Lokaler Dienst
  Computer: WIN-FMKOBU77TFV
  Description: 
DHCPv4 client service is stopped. ShutDown Flag value is 1

Event[184]:
  Log Name: System
  Source: EventLog
  Date: 2017-10-09T01:19:20.910
  Event ID: 6011
  Task: N/A
  Level: Information
  Opcode: N/A
  Keyword: Classic
  User: N/A
  User Name: N/A
  Computer: DESKTOP-G0L88JA
  Description: 
The NetBIOS name and DNS host name of this machine have been changed from WIN-FMKOBU77TFV to DESKTOP-G0L88JA.

Event[185]:
  Log Name: System
  Source: EventLog
  Date: 2017-10-09T01:19:20.910
  Event ID: 6009
  Task: N/A
  Level: Information
  Opcode: N/A
  Keyword: Classic
  User: N/A
  User Name: N/A
  Computer: DESKTOP-G0L88JA
  Description: 
Microsoft (R) Windows (R) 10.00. 15063  Multiprocessor Free.

Event[186]:
  Log Name: System
  Source: EventLog
  Date: 2017-10-09T01:19:20.910
  Event ID: 6005
  Task: N/A
  Level: Information
  Opcode: N/A
  Keyword: Classic
  User: N/A
  User Name: N/A
  Computer: DESKTOP-G0L88JA
  Description: 
The Event log service was started.

Event[187]:
  Log Name: System
  Source: EventLog
  Date: 2017-10-09T01:19:20.910
  Event ID: 6013
  Task: N/A
  Level: Information
  Opcode: N/A
  Keyword: Classic
  User: N/A
  User Name: N/A
  Computer: DESKTOP-G0L88JA
  Description: 
The system uptime is 10 seconds.

Event[188]:
  Log Name: System
  Source: Microsoft-Windows-Kernel-Power
  Date: 2017-10-09T01:18:46.242
  Event ID: 109
  Task: N/A
  Level: Information
  Opcode: Info
  Keyword: N/A
  User: N/A
  User Name: N/A
  Computer: DESKTOP-G0L88JA
  Description: 
The kernel power manager has initiated a shutdown transition.

Shutdown Reason: Kernel API

Event[189]:
  Log Name: System
  Source: Microsoft-Windows-Kernel-General
  Date: 2017-10-09T01:18:46.716
  Event ID: 13
  Task: N/A
  Level: Information
  Opcode: Info
  Keyword: N/A
  User: N/A
  User Name: N/A
  Computer: DESKTOP-G0L88JA
  Description: 
The operating system is shutting down at system time ?2017?-?10?-?08T23:18:46.716179200Z.

Event[190]:
  Log Name: System
  Source: Microsoft-Windows-Kernel-General
  Date: 2017-10-09T01:19:10.724
  Event ID: 12
  Task: N/A
  Level: Information
  Opcode: Info
  Keyword: N/A
  User: S-1-5-18
  User Name: NT-AUTORITÄT\SYSTEM
  Computer: DESKTOP-G0L88JA
  Description: 
The operating system started at system time ?2017?-?10?-?08T23:19:10.497238300Z.

Event[191]:
  Log Name: System
  Source: Microsoft-Windows-Kernel-Boot
  Date: 2017-10-09T01:19:10.724
  Event ID: 153
  Task: N/A
  Level: Information
  Opcode: Info
  Keyword: N/A
  User: S-1-5-18
  User Name: NT-AUTORITÄT\SYSTEM
  Computer: DESKTOP-G0L88JA
  Description: 
Virtualization-based security (policies: 0) is disabled.

Event[192]:
  Log Name: System
  Source: Microsoft-Windows-Kernel-Boot
  Date: 2017-10-09T01:19:10.724
  Event ID: 20
  Task: N/A
  Level: Information
  Opcode: Info
  Keyword: N/A
  User: S-1-5-18
  User Name: NT-AUTORITÄT\SYSTEM
  Computer: DESKTOP-G0L88JA
  Description: 
The last shutdown's success status was true. The last boot's success status was true.

Event[193]:
  Log Name: System
  Source: Microsoft-Windows-Kernel-Boot
  Date: 2017-10-09T01:19:10.724
  Event ID: 27
  Task: N/A
  Level: Information
  Opcode: Info
  Keyword: N/A
  User: S-1-5-18
  User Name: NT-AUTORITÄT\SYSTEM
  Computer: DESKTOP-G0L88JA
  Description: 
The boot type was 0x0.

Event[194]:
  Log Name: System
  Source: Microsoft-Windows-Kernel-Boot
  Date: 2017-10-09T01:19:10.724
  Event ID: 25
  Task: N/A
  Level: Information
  Opcode: Info
  Keyword: N/A
  User: S-1-5-18
  User Name: NT-AUTORITÄT\SYSTEM
  Computer: DESKTOP-G0L88JA
  Description: 
The boot menu policy was 0x1.

Event[195]:
  Log Name: System
  Source: Microsoft-Windows-Kernel-Boot
  Date: 2017-10-09T01:19:10.724
  Event ID: 18
  Task: N/A
  Level: Information
  Opcode: Info
  Keyword: N/A
  User: S-1-5-18
  User Name: NT-AUTORITÄT\SYSTEM
  Computer: DESKTOP-G0L88JA
  Description: 
There are 0x1 boot options on this system.

Event[196]:
  Log Name: System
  Source: Microsoft-Windows-Kernel-Boot
  Date: 2017-10-09T01:19:10.724
  Event ID: 19
  Task: N/A
  Level: Information
  Opcode: Info
  Keyword: N/A
  User: S-1-5-18
  User Name: NT-AUTORITÄT\SYSTEM
  Computer: DESKTOP-G0L88JA
  Description: 
There are 0x1 boot tool options on this system.

Event[197]:
  Log Name: System
  Source: Microsoft-Windows-Kernel-Boot
  Date: 2017-10-09T01:19:10.724
  Event ID: 17
  Task: N/A
  Level: Information
  Opcode: Info
  Keyword: N/A
  User: S-1-5-18
  User Name: NT-AUTORITÄT\SYSTEM
  Computer: DESKTOP-G0L88JA
  Description: 
The boot manager multi OS selection screen was displayed.

Event[198]:
  Log Name: System
  Source: Microsoft-Windows-Kernel-Boot
  Date: 2017-10-09T01:19:10.724
  Event ID: 32
  Task: N/A
  Level: Information
  Opcode: Info
  Keyword: N/A
  User: S-1-5-18
  User Name: NT-AUTORITÄT\SYSTEM
  Computer: DESKTOP-G0L88JA
  Description: 
The bootmgr spent 0 ms waiting for user input.

Event[199]:
  Log Name: System
  Source: Microsoft-Windows-Kernel-Boot
  Date: 2017-10-09T01:19:10.724
  Event ID: 30
  Task: N/A
  Level: Information
  Opcode: Info
  Keyword: N/A
  User: S-1-5-18
  User Name: NT-AUTORITÄT\SYSTEM
  Computer: DESKTOP-G0L88JA
  Description: 
The firmware reported boot metrics.

Event[200]:
  Log Name: System
  Source: Microsoft-Windows-FilterManager
  Date: 2017-10-09T01:19:11.793
  Event ID: 6
  Task: N/A
  Level: Information
  Opcode: Info
  Keyword: N/A
  User: S-1-5-18
  User Name: NT-AUTORITÄT\SYSTEM
  Computer: DESKTOP-G0L88JA
  Description: 
File System Filter 'FileInfo' (10.0, ?2042?-?06?-?30T16:43:32.000000000Z) has successfully loaded and registered with Filter Manager.

Event[201]:
  Log Name: System
  Source: Microsoft-Windows-FilterManager
  Date: 2017-10-09T01:19:11.794
  Event ID: 6
  Task: N/A
  Level: Information
  Opcode: Info
  Keyword: N/A
  User: S-1-5-18
  User Name: NT-AUTORITÄT\SYSTEM
  Computer: DESKTOP-G0L88JA
  Description: 
File System Filter 'Wof' (10.0, ?1974?-?03?-?12T00:47:45.000000000Z) has successfully loaded and registered with Filter Manager.

Event[202]:
  Log Name: System
  Source: Microsoft-Windows-FilterManager
  Date: 2017-10-09T01:19:11.794
  Event ID: 6
  Task: N/A
  Level: Information
  Opcode: Info
  Keyword: N/A
  User: S-1-5-18
  User Name: NT-AUTORITÄT\SYSTEM
  Computer: DESKTOP-G0L88JA
  Description: 
File System Filter 'WdFilter' (10.0, ?2102?-?10?-?04T18:25:01.000000000Z) has successfully loaded and registered with Filter Manager.

Event[203]:
  Log Name: System
  Source: Microsoft-Windows-Ntfs
  Date: 2017-10-09T01:19:11.865
  Event ID: 98
  Task: N/A
  Level: Information
  Opcode: Info
  Keyword: N/A
  User: S-1-5-18
  User Name: NT-AUTORITÄT\SYSTEM
  Computer: DESKTOP-G0L88JA
  Description: 
Volume C: (\Device\HarddiskVolume4) is healthy.  No action is needed.

Event[204]:
  Log Name: System
  Source: Microsoft-Windows-FilterManager
  Date: 2017-10-09T01:19:11.897
  Event ID: 6
  Task: N/A
  Level: Information
  Opcode: Info
  Keyword: N/A
  User: S-1-5-18
  User Name: NT-AUTORITÄT\SYSTEM
  Computer: DESKTOP-G0L88JA
  Description: 
File System Filter 'FileCrypt' (10.0, ?2030?-?05?-?28T10:10:59.000000000Z) has successfully loaded and registered with Filter Manager.

Event[205]:
  Log Name: System
  Source: Microsoft-Windows-FilterManager
  Date: 2017-10-09T01:19:11.955
  Event ID: 6
  Task: N/A
  Level: Information
  Opcode: Info
  Keyword: N/A
  User: S-1-5-18
  User Name: NT-AUTORITÄT\SYSTEM
  Computer: DESKTOP-G0L88JA
  Description: 
File System Filter 'npsvctrig' (10.0, ?2097?-?07?-?25T12:18:05.000000000Z) has successfully loaded and registered with Filter Manager.

Event[206]:
  Log Name: System
  Source: Microsoft-Windows-Kernel-Power
  Date: 2017-10-09T01:19:11.969
  Event ID: 172
  Task: N/A
  Level: Information
  Opcode: Info
  Keyword: N/A
  User: S-1-5-18
  User Name: NT-AUTORITÄT\SYSTEM
  Computer: DESKTOP-G0L88JA
  Description: 
Connectivity state in standby: Disconnected, Reason: NIC compliance

Event[207]:
  Log Name: System
  Source: Microsoft-Windows-Ntfs
  Date: 2017-10-09T01:19:12.015
  Event ID: 98
  Task: N/A
  Level: Information
  Opcode: Info
  Keyword: N/A
  User: S-1-5-18
  User Name: NT-AUTORITÄT\SYSTEM
  Computer: DESKTOP-G0L88JA
  Description: 
Volume \\?\Volume{800ef89d-8257-403d-9c5a-7bf08325d54e} (\Device\HarddiskVolume1) is healthy.  No action is needed.

Event[208]:
  Log Name: System
  Source: Microsoft-Windows-Kernel-Processor-Power
  Date: 2017-10-09T01:19:12.497
  Event ID: 55
  Task: N/A
  Level: Information
  Opcode: Info
  Keyword: N/A
  User: S-1-5-18
  User Name: NT-AUTORITÄT\SYSTEM
  Computer: DESKTOP-G0L88JA
  Description: 
Processor 0 in group 0 exposes the following power management capabilities:

Idle state type: ACPI Idle (C) States (2 state(s))

Performance state type: ACPI Performance (P) / Throttle (T) States
Nominal Frequency (MHz): 3400
Maximum performance percentage: 100
Minimum performance percentage: 64
Minimum throttle percentage: 64

Event[209]:
  Log Name: System
  Source: Microsoft-Windows-Kernel-Processor-Power
  Date: 2017-10-09T01:19:12.498
  Event ID: 55
  Task: N/A
  Level: Information
  Opcode: Info
  Keyword: N/A
  User: S-1-5-18
  User Name: NT-AUTORITÄT\SYSTEM
  Computer: DESKTOP-G0L88JA
  Description: 
Processor 1 in group 0 exposes the following power management capabilities:

Idle state type: ACPI Idle (C) States (2 state(s))

Performance state type: ACPI Performance (P) / Throttle (T) States
Nominal Frequency (MHz): 3400
Maximum performance percentage: 100
Minimum performance percentage: 64
Minimum throttle percentage: 64

Event[210]:
  Log Name: System
  Source: Microsoft-Windows-Kernel-Processor-Power
  Date: 2017-10-09T01:19:12.498
  Event ID: 55
  Task: N/A
  Level: Information
  Opcode: Info
  Keyword: N/A
  User: S-1-5-18
  User Name: NT-AUTORITÄT\SYSTEM
  Computer: DESKTOP-G0L88JA
  Description: 
Processor 2 in group 0 exposes the following power management capabilities:

Idle state type: ACPI Idle (C) States (2 state(s))

Performance state type: ACPI Performance (P) / Throttle (T) States
Nominal Frequency (MHz): 3400
Maximum performance percentage: 100
Minimum performance percentage: 64
Minimum throttle percentage: 64

Event[211]:
  Log Name: System
  Source: Microsoft-Windows-Kernel-Processor-Power
  Date: 2017-10-09T01:19:12.498
  Event ID: 55
  Task: N/A
  Level: Information
  Opcode: Info
  Keyword: N/A
  User: S-1-5-18
  User Name: NT-AUTORITÄT\SYSTEM
  Computer: DESKTOP-G0L88JA
  Description: 
Processor 3 in group 0 exposes the following power management capabilities:

Idle state type: ACPI Idle (C) States (2 state(s))

Performance state type: ACPI Performance (P) / Throttle (T) States
Nominal Frequency (MHz): 3400
Maximum performance percentage: 100
Minimum performance percentage: 64
Minimum throttle percentage: 64

Event[212]:
  Log Name: System
  Source: Microsoft-Windows-Kernel-Processor-Power
  Date: 2017-10-09T01:19:12.499
  Event ID: 55
  Task: N/A
  Level: Information
  Opcode: Info
  Keyword: N/A
  User: S-1-5-18
  User Name: NT-AUTORITÄT\SYSTEM
  Computer: DESKTOP-G0L88JA
  Description: 
Processor 4 in group 0 exposes the following power management capabilities:

Idle state type: ACPI Idle (C) States (2 state(s))

Performance state type: ACPI Performance (P) / Throttle (T) States
Nominal Frequency (MHz): 3400
Maximum performance percentage: 100
Minimum performance percentage: 64
Minimum throttle percentage: 64

Event[213]:
  Log Name: System
  Source: Microsoft-Windows-Kernel-Processor-Power
  Date: 2017-10-09T01:19:12.499
  Event ID: 55
  Task: N/A
  Level: Information
  Opcode: Info
  Keyword: N/A
  User: S-1-5-18
  User Name: NT-AUTORITÄT\SYSTEM
  Computer: DESKTOP-G0L88JA
  Description: 
Processor 5 in group 0 exposes the following power management capabilities:

Idle state type: ACPI Idle (C) States (2 state(s))

Performance state type: ACPI Performance (P) / Throttle (T) States
Nominal Frequency (MHz): 3400
Maximum performance percentage: 100
Minimum performance percentage: 64
Minimum throttle percentage: 64

Event[214]:
  Log Name: System
  Source: Microsoft-Windows-Kernel-Processor-Power
  Date: 2017-10-09T01:19:12.500
  Event ID: 55
  Task: N/A
  Level: Information
  Opcode: Info
  Keyword: N/A
  User: S-1-5-18
  User Name: NT-AUTORITÄT\SYSTEM
  Computer: DESKTOP-G0L88JA
  Description: 
Processor 6 in group 0 exposes the following power management capabilities:

Idle state type: ACPI Idle (C) States (2 state(s))

Performance state type: ACPI Performance (P) / Throttle (T) States
Nominal Frequency (MHz): 3400
Maximum performance percentage: 100
Minimum performance percentage: 64
Minimum throttle percentage: 64

Event[215]:
  Log Name: System
  Source: Microsoft-Windows-Kernel-Processor-Power
  Date: 2017-10-09T01:19:12.500
  Event ID: 55
  Task: N/A
  Level: Information
  Opcode: Info
  Keyword: N/A
  User: S-1-5-18
  User Name: NT-AUTORITÄT\SYSTEM
  Computer: DESKTOP-G0L88JA
  Description: 
Processor 7 in group 0 exposes the following power management capabilities:

Idle state type: ACPI Idle (C) States (2 state(s))

Performance state type: ACPI Performance (P) / Throttle (T) States
Nominal Frequency (MHz): 3400
Maximum performance percentage: 100
Minimum performance percentage: 64
Minimum throttle percentage: 64

Event[216]:
  Log Name: System
  Source: Microsoft-Windows-Kernel-Processor-Power
  Date: 2017-10-09T01:19:12.500
  Event ID: 55
  Task: N/A
  Level: Information
  Opcode: Info
  Keyword: N/A
  User: S-1-5-18
  User Name: NT-AUTORITÄT\SYSTEM
  Computer: DESKTOP-G0L88JA
  Description: 
Processor 8 in group 0 exposes the following power management capabilities:

Idle state type: ACPI Idle (C) States (2 state(s))

Performance state type: ACPI Performance (P) / Throttle (T) States
Nominal Frequency (MHz): 3400
Maximum performance percentage: 100
Minimum performance percentage: 64
Minimum throttle percentage: 64

Event[217]:
