  Log Name: System
  Source: Microsoft-Windows-DistributedCOM
  Date: 2017-05-15T17:22:27.687
  Event ID: 10016
  Task: N/A
  Level: Error
  Opcode: Info
  Keyword: Classic
  User: S-1-5-19
  User Name: NT AUTHORITY\LOCAL SERVICE
  Computer: asus
  Description: 
The application-specific permission settings do not grant Local Activation permission for the COM Server application with CLSID 
{6B3B8D23-FA8D-40B9-8DBD-B950333E2C52}
 and APPID 
{4839DDB7-58C2-48F5-8283-E1D1807D0D7D}
 to the user NT AUTHORITY\LOCAL SERVICE SID (S-1-5-19) from address LocalHost (Using LRPC) running in the application container Unavailable SID (Unavailable). This security permission can be modified using the Component Services administrative tool.

Event[442]:
  Log Name: System
  Source: Microsoft-Windows-DistributedCOM
  Date: 2017-05-15T17:22:27.687
  Event ID: 10016
  Task: N/A
  Level: Error
  Opcode: Info
  Keyword: Classic
  User: S-1-5-19
  User Name: NT AUTHORITY\LOCAL SERVICE
  Computer: asus
  Description: 
The machine-default permission settings do not grant Local Activation permission for the COM Server application with CLSID 
{C2F03A33-21F5-47FA-B4BB-156362A2F239}
 and APPID 
{316CDED5-E4AE-4B15-9113-7055D84DCC97}
 to the user NT AUTHORITY\LOCAL SERVICE SID (S-1-5-19) from address LocalHost (Using LRPC) running in the application container Unavailable SID (Unavailable). This security permission can be modified using the Component Services administrative tool.

Event[443]:
  Log Name: System
  Source: Microsoft-Windows-Kernel-General
  Date: 2017-05-15T17:22:27.889
  Event ID: 16
  Task: N/A
  Level: Information
  Opcode: Info
  Keyword: N/A
  User: S-1-5-21-2727687409-414627687-575682064-1001
  User Name: ASUS\dypcdiver
  Computer: asus
  Description: 
The access history in hive \??\C:\Users\dypcdiver\AppData\Local\Packages\Microsoft.OneConnect_8wekyb3d8bbwe\Settings\settings.dat was cleared updating 1 keys and creating 1 modified pages.

Event[444]:
  Log Name: System
  Source: Microsoft-Windows-Time-Service
  Date: 2017-05-15T17:26:17.416
  Event ID: 158
  Task: N/A
  Level: Information
  Opcode: Info
  Keyword: N/A
  User: S-1-5-19
  User Name: NT AUTHORITY\LOCAL SERVICE
  Computer: asus
  Description: 
The time provider 'VMICTimeProvider' has indicated that the current hardware and operating environment is not supported and has stopped. This behavior is expected for VMICTimeProvider on non-HyperV-guest environments. This may be the expected behavior for the current provider in the current operating environment as well.

Event[445]:
  Log Name: System
  Source: Microsoft-Windows-WindowsUpdateClient
  Date: 2017-05-15T17:38:01.272
  Event ID: 44
  Task: Windows Update Agent
  Level: Information
  Opcode: Download
  Keyword: Download,Started
  User: S-1-5-18
  User Name: NT AUTHORITY\SYSTEM
  Computer: asus
  Description: 
Windows Update started downloading an update.

Event[446]:
  Log Name: System
  Source: Microsoft-Windows-WindowsUpdateClient
  Date: 2017-05-15T17:38:01.273
  Event ID: 44
  Task: Windows Update Agent
  Level: Information
  Opcode: Download
  Keyword: Download,Started
  User: S-1-5-18
  User Name: NT AUTHORITY\SYSTEM
  Computer: asus
  Description: 
Windows Update started downloading an update.

Event[447]:
  Log Name: System
  Source: Microsoft-Windows-WindowsUpdateClient
  Date: 2017-05-15T17:38:01.273
  Event ID: 44
  Task: Windows Update Agent
  Level: Information
  Opcode: Download
  Keyword: Download,Started
  User: S-1-5-18
  User Name: NT AUTHORITY\SYSTEM
  Computer: asus
  Description: 
Windows Update started downloading an update.

Event[448]:
  Log Name: System
  Source: Microsoft-Windows-Kernel-General
  Date: 2017-05-15T17:38:11.008
  Event ID: 16
  Task: N/A
  Level: Information
  Opcode: Info
  Keyword: N/A
  User: S-1-5-18
  User Name: NT AUTHORITY\SYSTEM
  Computer: asus
  Description: 
The access history in hive \??\C:\ProgramData\Microsoft\Windows\AppRepository\Packages\Microsoft.XboxGameOverlay_1.15.29002.0_x64__8wekyb3d8bbwe\ActivationStore.dat was cleared updating 0 keys and creating 0 modified pages.

Event[449]:
  Log Name: System
  Source: Microsoft-Windows-Kernel-General
  Date: 2017-05-15T17:38:12.506
  Event ID: 16
  Task: N/A
  Level: Information
  Opcode: Info
  Keyword: N/A
  User: S-1-5-21-2727687409-414627687-575682064-1001
  User Name: ASUS\dypcdiver
  Computer: asus
  Description: 
The access history in hive \??\C:\Users\dypcdiver\AppData\Local\Packages\Microsoft.XboxGameOverlay_8wekyb3d8bbwe\Settings\settings.dat was cleared updating 3 keys and creating 1 modified pages.

Event[450]:
  Log Name: System
  Source: Microsoft-Windows-WindowsUpdateClient
  Date: 2017-05-15T17:38:16.695
  Event ID: 43
  Task: Windows Update Agent
  Level: Information
  Opcode: Installation
  Keyword: Installation,Started
  User: S-1-5-18
  User Name: NT AUTHORITY\SYSTEM
  Computer: asus
  Description: 
Installation Started: Windows has started installing the following update: Xbox Game bar

Event[451]:
  Log Name: System
  Source: Microsoft-Windows-WindowsUpdateClient
  Date: 2017-05-15T17:38:16.695
  Event ID: 19
  Task: Windows Update Agent
  Level: Information
  Opcode: Installation
  Keyword: Installation,Success
  User: S-1-5-18
  User Name: NT AUTHORITY\SYSTEM
  Computer: asus
  Description: 
Installation Successful: Windows successfully installed the following update: Xbox Game bar

Event[452]:
  Log Name: System
  Source: Microsoft-Windows-WindowsUpdateClient
  Date: 2017-05-15T17:38:25.035
  Event ID: 44
  Task: Windows Update Agent
  Level: Information
  Opcode: Download
  Keyword: Download,Started
  User: S-1-5-18
  User Name: NT AUTHORITY\SYSTEM
  Computer: asus
  Description: 
Windows Update started downloading an update.

Event[453]:
  Log Name: System
  Source: Microsoft-Windows-Kernel-General
  Date: 2017-05-15T17:38:40.395
  Event ID: 16
  Task: N/A
  Level: Information
  Opcode: Info
  Keyword: N/A
  User: S-1-5-18
  User Name: NT AUTHORITY\SYSTEM
  Computer: asus
  Description: 
The access history in hive \??\C:\ProgramData\Microsoft\Windows\AppRepository\Packages\Microsoft.Microsoft3DViewer_1.1703.13029.0_x64__8wekyb3d8bbwe\ActivationStore.dat was cleared updating 0 keys and creating 0 modified pages.

Event[454]:
  Log Name: System
  Source: Microsoft-Windows-Kernel-General
  Date: 2017-05-15T17:38:41.662
  Event ID: 16
  Task: N/A
  Level: Information
  Opcode: Info
  Keyword: N/A
  User: S-1-5-21-2727687409-414627687-575682064-1001
  User Name: ASUS\dypcdiver
  Computer: asus
  Description: 
The access history in hive \??\C:\Users\dypcdiver\AppData\Local\Packages\Microsoft.Microsoft3DViewer_8wekyb3d8bbwe\Settings\settings.dat was cleared updating 3 keys and creating 1 modified pages.

Event[455]:
  Log Name: System
  Source: Microsoft-Windows-WindowsUpdateClient
  Date: 2017-05-15T17:38:45.622
  Event ID: 43
  Task: Windows Update Agent
  Level: Information
  Opcode: Installation
  Keyword: Installation,Started
  User: S-1-5-18
  User Name: NT AUTHORITY\SYSTEM
  Computer: asus
  Description: 
Installation Started: Windows has started installing the following update: Windows View 3D

Event[456]:
  Log Name: System
  Source: Microsoft-Windows-WindowsUpdateClient
  Date: 2017-05-15T17:38:45.622
  Event ID: 19
  Task: Windows Update Agent
  Level: Information
  Opcode: Installation
  Keyword: Installation,Success
  User: S-1-5-18
  User Name: NT AUTHORITY\SYSTEM
  Computer: asus
  Description: 
Installation Successful: Windows successfully installed the following update: Windows View 3D

Event[457]:
  Log Name: System
  Source: Microsoft-Windows-WindowsUpdateClient
  Date: 2017-05-15T17:38:45.622
  Event ID: 44
  Task: Windows Update Agent
  Level: Information
  Opcode: Download
  Keyword: Download,Started
  User: S-1-5-18
  User Name: NT AUTHORITY\SYSTEM
  Computer: asus
  Description: 
Windows Update started downloading an update.

Event[458]:
  Log Name: System
  Source: Microsoft-Windows-Kernel-General
  Date: 2017-05-15T17:39:07.971
  Event ID: 16
  Task: N/A
  Level: Information
  Opcode: Info
  Keyword: N/A
  User: S-1-5-18
  User Name: NT AUTHORITY\SYSTEM
  Computer: asus
  Description: 
The access history in hive \??\C:\ProgramData\Microsoft\Windows\AppRepository\Packages\Microsoft.OneConnect_2.1704.952.0_x64__8wekyb3d8bbwe\ActivationStore.dat was cleared updating 0 keys and creating 0 modified pages.

Event[459]:
  Log Name: System
  Source: Microsoft-Windows-WindowsUpdateClient
  Date: 2017-05-15T17:39:14.226
  Event ID: 43
  Task: Windows Update Agent
  Level: Information
  Opcode: Installation
  Keyword: Installation,Started
  User: S-1-5-18
  User Name: NT AUTHORITY\SYSTEM
  Computer: asus
  Description: 
Installation Started: Windows has started installing the following update: Paid Wi-Fi & Cellular

Event[460]:
  Log Name: System
  Source: Microsoft-Windows-WindowsUpdateClient
  Date: 2017-05-15T17:39:14.226
  Event ID: 19
  Task: Windows Update Agent
  Level: Information
  Opcode: Installation
  Keyword: Installation,Success
  User: S-1-5-18
  User Name: NT AUTHORITY\SYSTEM
  Computer: asus
  Description: 
Installation Successful: Windows successfully installed the following update: Paid Wi-Fi & Cellular

Event[461]:
  Log Name: System
  Source: Microsoft-Windows-Kernel-General
  Date: 2017-05-15T17:39:46.281
  Event ID: 16
  Task: N/A
  Level: Information
  Opcode: Info
  Keyword: N/A
  User: S-1-5-18
  User Name: NT AUTHORITY\SYSTEM
  Computer: asus
  Description: 
The access history in hive \??\C:\ProgramData\Microsoft\Windows\AppRepository\Packages\D52A8D61.FarmVille2CountryEscape_7.2.1452.0_x86__jwbwg6xx0377a\ActivationStore.dat was cleared updating 0 keys and creating 0 modified pages.

Event[462]:
  Log Name: System
  Source: Microsoft-Windows-Kernel-General
  Date: 2017-05-15T17:39:47.659
  Event ID: 16
  Task: N/A
  Level: Information
  Opcode: Info
  Keyword: N/A
  User: S-1-5-21-2727687409-414627687-575682064-1001
  User Name: ASUS\dypcdiver
  Computer: asus
  Description: 
The access history in hive \??\C:\Users\dypcdiver\AppData\Local\Packages\D52A8D61.FarmVille2CountryEscape_jwbwg6xx0377a\Settings\settings.dat was cleared updating 3 keys and creating 1 modified pages.

Event[463]:
  Log Name: System
  Source: Microsoft-Windows-Kernel-General
  Date: 2017-05-15T17:39:51.820
  Event ID: 16
  Task: N/A
  Level: Information
  Opcode: Info
  Keyword: N/A
  User: S-1-5-18
  User Name: NT AUTHORITY\SYSTEM
  Computer: asus
  Description: 
The access history in hive \??\C:\ProgramData\Microsoft\Windows\AppRepository\Packages\Microsoft.MSPaint_2.1703.21017.0_x64__8wekyb3d8bbwe\ActivationStore.dat was cleared updating 0 keys and creating 0 modified pages.

Event[464]:
  Log Name: System
  Source: Microsoft-Windows-WindowsUpdateClient
  Date: 2017-05-15T17:39:52.040
  Event ID: 43
  Task: Windows Update Agent
  Level: Information
  Opcode: Installation
  Keyword: Installation,Started
  User: S-1-5-18
  User Name: NT AUTHORITY\SYSTEM
  Computer: asus
  Description: 
Installation Started: Windows has started installing the following update: FarmVille 2: Country Escape

Event[465]:
  Log Name: System
  Source: Microsoft-Windows-WindowsUpdateClient
  Date: 2017-05-15T17:39:52.040
  Event ID: 19
  Task: Windows Update Agent
  Level: Information
  Opcode: Installation
  Keyword: Installation,Success
  User: S-1-5-18
  User Name: NT AUTHORITY\SYSTEM
  Computer: asus
  Description: 
Installation Successful: Windows successfully installed the following update: FarmVille 2: Country Escape

Event[466]:
  Log Name: System
  Source: Microsoft-Windows-Kernel-General
  Date: 2017-05-15T17:39:54.600
  Event ID: 16
  Task: N/A
  Level: Information
  Opcode: Info
  Keyword: N/A
  User: S-1-5-21-2727687409-414627687-575682064-1001
  User Name: ASUS\dypcdiver
  Computer: asus
  Description: 
The access history in hive \??\C:\Users\dypcdiver\AppData\Local\Packages\Microsoft.MSPaint_8wekyb3d8bbwe\Settings\settings.dat was cleared updating 3 keys and creating 1 modified pages.

Event[467]:
  Log Name: System
  Source: Microsoft-Windows-WindowsUpdateClient
  Date: 2017-05-15T17:39:57.624
  Event ID: 43
  Task: Windows Update Agent
  Level: Information
  Opcode: Installation
  Keyword: Installation,Started
  User: S-1-5-18
  User Name: NT AUTHORITY\SYSTEM
  Computer: asus
  Description: 
Installation Started: Windows has started installing the following update: Paint 3D

Event[468]:
  Log Name: System
  Source: Microsoft-Windows-WindowsUpdateClient
  Date: 2017-05-15T17:40:03.262
  Event ID: 19
  Task: Windows Update Agent
  Level: Information
  Opcode: Installation
  Keyword: Installation,Success
  User: S-1-5-18
  User Name: NT AUTHORITY\SYSTEM
  Computer: asus
  Description: 
Installation Successful: Windows successfully installed the following update: Paint 3D

Event[469]:
  Log Name: System
  Source: Service Control Manager
  Date: 2017-05-15T17:41:24.741
  Event ID: 7040
  Task: N/A
  Level: Information
  Opcode: N/A
  Keyword: Classic
  User: S-1-5-18
  User Name: NT AUTHORITY\SYSTEM
  Computer: asus
  Description: 
The start type of the Background Intelligent Transfer Service service was changed from demand start to auto start.

Event[470]:
  Log Name: System
  Source: Microsoft-Windows-Kernel-General
  Date: 2017-05-15T18:56:22.480
  Event ID: 16
  Task: N/A
  Level: Information
  Opcode: Info
  Keyword: N/A
  User: S-1-5-18
  User Name: NT AUTHORITY\SYSTEM
  Computer: asus
  Description: 
The access history in hive \??\C:\ProgramData\Microsoft\Provisioning\Microsoft-Desktop-Provisioning-Sequence.dat was cleared updating 0 keys and creating 0 modified pages.

Event[471]:
  Log Name: System
  Source: BROWSER
  Date: 2017-05-15T18:56:26.927
  Event ID: 8033
  Task: N/A
  Level: Information
  Opcode: N/A
  Keyword: Classic
  User: N/A
  User Name: N/A
  Computer: asus
  Description: 
The browser has forced an election on network \Device\NetBT_Tcpip_{9BDEC3C0-593A-4153-9F03-5C10C29CCBFE} because a master browser was stopped.

Event[472]:
  Log Name: System
  Source: Microsoft-Windows-Kernel-Power
  Date: 2017-05-15T18:56:26.431
  Event ID: 42
  Task: N/A
  Level: Information
  Opcode: Info
  Keyword: N/A
  User: N/A
  User Name: N/A
  Computer: asus
  Description: 
The system is entering sleep.

Sleep Reason: Application API

Event[473]:
  Log Name: System
  Source: Microsoft-Windows-Kernel-Power
  Date: 2017-05-15T18:56:27.493
  Event ID: 107
  Task: N/A
  Level: Information
  Opcode: Info
  Keyword: N/A
  User: N/A
  User Name: N/A
  Computer: asus
  Description: 
The system has resumed from sleep.

Event[474]:
  Log Name: System
  Source: Microsoft-Windows-Kernel-General
  Date: 2017-05-15T19:02:33.500
  Event ID: 1
  Task: N/A
  Level: Information
  Opcode: Info
  Keyword: Time
  User: N/A
  User Name: N/A
  Computer: asus
  Description: 
The system time has changed to ?2017?-?05?-?15T17:02:33.500000000Z from ?2017?-?05?-?15T16:56:27.493215500Z.

Change Reason: System time synchronized with the hardware clock.

Event[475]:
  Log Name: System
  Source: Microsoft-Windows-DistributedCOM
  Date: 2017-05-15T19:02:46.732
  Event ID: 10010
  Task: N/A
  Level: Error
  Opcode: Info
  Keyword: Classic
  User: S-1-5-21-2727687409-414627687-575682064-1001
  User Name: ASUS\dypcdiver
  Computer: asus
  Description: 
The server Microsoft.Windows.Photos_17.425.10010.0_x64__8wekyb3d8bbwe!App.AppXy9rh3t8m2jfpvhhxp6y2ksgeq77vymbq.mca did not register with DCOM within the required timeout.

Event[476]:
  Log Name: System
  Source: Microsoft-Windows-DistributedCOM
  Date: 2017-05-15T19:03:04.250
  Event ID: 10016
  Task: N/A
  Level: Error
  Opcode: Info
  Keyword: Classic
  User: S-1-5-18
  User Name: NT AUTHORITY\SYSTEM
  Computer: asus
  Description: 
The application-specific permission settings do not grant Local Activation permission for the COM Server application with CLSID 
{D63B10C5-BB46-4990-A94F-E40B9D520160}
 and APPID 
{9CA88EE3-ACB7-47C8-AFC4-AB702511C276}
 to the user NT AUTHORITY\SYSTEM SID (S-1-5-18) from address LocalHost (Using LRPC) running in the application container Unavailable SID (Unavailable). This security permission can be modified using the Component Services administrative tool.

Event[477]:
  Log Name: System
  Source: Microsoft-Windows-WindowsUpdateClient
  Date: 2017-05-15T19:14:37.950
  Event ID: 44
  Task: Windows Update Agent
  Level: Information
  Opcode: Download
  Keyword: Download,Started
  User: S-1-5-18
  User Name: NT AUTHORITY\SYSTEM
  Computer: asus
  Description: 
Windows Update started downloading an update.

Event[478]:
  Log Name: System
  Source: Service Control Manager
  Date: 2017-05-15T19:16:00.594
  Event ID: 7040
  Task: N/A
  Level: Information
  Opcode: N/A
  Keyword: Classic
  User: S-1-5-18
  User Name: NT AUTHORITY\SYSTEM
  Computer: asus
  Description: 
The start type of the Windows Modules Installer service was changed from demand start to auto start.

Event[479]:
  Log Name: System
  Source: Microsoft-Windows-Ntfs
  Date: 2017-05-15T19:16:03.050
  Event ID: 98
  Task: N/A
  Level: Information
  Opcode: Info
  Keyword: N/A
  User: S-1-5-18
  User Name: NT AUTHORITY\SYSTEM
  Computer: asus
  Description: 
Volume Western Digital Mar 2013 (\Device\HarddiskVolumeShadowCopy1) is healthy.  No action is needed.

Event[480]:
  Log Name: System
  Source: Microsoft-Windows-WindowsUpdateClient
  Date: 2017-05-15T19:16:03.177
  Event ID: 43
  Task: Windows Update Agent
  Level: Information
  Opcode: Installation
  Keyword: Installation,Started
  User: S-1-5-18
  User Name: NT AUTHORITY\SYSTEM
  Computer: asus
  Description: 
Installation Started: Windows has started installing the following update: 2017-05 Security Update for Adobe Flash Player for Windows 10 Version 1703 for x64-based Systems (KB4020821)

Event[481]:
  Log Name: System
  Source: Service Control Manager
  Date: 2017-05-15T19:16:19.273
  Event ID: 7040
  Task: N/A
  Level: Information
  Opcode: N/A
  Keyword: Classic
  User: S-1-5-18
  User Name: NT AUTHORITY\SYSTEM
  Computer: asus
  Description: 
The start type of the Windows Modules Installer service was changed from auto start to demand start.

Event[482]:
  Log Name: System
  Source: Microsoft-Windows-WindowsUpdateClient
  Date: 2017-05-15T19:16:25.827
  Event ID: 19
  Task: Windows Update Agent
  Level: Information
  Opcode: Installation
  Keyword: Installation,Success
  User: S-1-5-18
  User Name: NT AUTHORITY\SYSTEM
  Computer: asus
  Description: 
Installation Successful: Windows successfully installed the following update: 2017-05 Security Update for Adobe Flash Player for Windows 10 Version 1703 for x64-based Systems (KB4020821)

Event[483]:
  Log Name: System
  Source: BROWSER
  Date: 2017-05-15T19:24:01.835
  Event ID: 8033
  Task: N/A
  Level: Information
  Opcode: N/A
  Keyword: Classic
  User: N/A
  User Name: N/A
  Computer: asus
  Description: 
The browser has forced an election on network \Device\NetBT_Tcpip_{9BDEC3C0-593A-4153-9F03-5C10C29CCBFE} because a master browser was stopped.

Event[484]:
  Log Name: System
  Source: Microsoft-Windows-Kernel-Power
  Date: 2017-05-15T19:24:01.505
  Event ID: 42
  Task: N/A
  Level: Information
  Opcode: Info
  Keyword: N/A
  User: N/A
  User Name: N/A
  Computer: asus
  Description: 
The system is entering sleep.

Sleep Reason: Application API

Event[485]:
  Log Name: System
  Source: Microsoft-Windows-Kernel-Power
  Date: 2017-05-15T19:24:02.557
  Event ID: 107
  Task: N/A
  Level: Information
  Opcode: Info
  Keyword: N/A
  User: N/A
  User Name: N/A
  Computer: asus
  Description: 
The system has resumed from sleep.

Event[486]:
  Log Name: System
  Source: Microsoft-Windows-Kernel-General
  Date: 2017-05-16T05:48:19.500
  Event ID: 1
  Task: N/A
  Level: Information
  Opcode: Info
  Keyword: Time
  User: N/A
  User Name: N/A
  Computer: asus
  Description: 
The system time has changed to ?2017?-?05?-?16T03:48:19.500000000Z from ?2017?-?05?-?15T17:24:02.557756800Z.

Change Reason: System time synchronized with the hardware clock.

Event[487]:
  Log Name: System
  Source: Microsoft-Windows-Time-Service
  Date: 2017-05-16T05:48:35.186
  Event ID: 37
  Task: N/A
  Level: Information
  Opcode: Info
  Keyword: N/A
  User: S-1-5-19
  User Name: NT AUTHORITY\LOCAL SERVICE
  Computer: asus
  Description: 
The time provider NtpClient is currently receiving valid time data from time.windows.com,0x9 (ntp.m|0x9|0.0.0.0:123->52.166.120.77:123).

Event[488]:
  Log Name: System
  Source: Microsoft-Windows-Power-Troubleshooter
  Date: 2017-05-16T05:48:38.290
  Event ID: 1
  Task: N/A
  Level: Information
  Opcode: Info
  Keyword: N/A
  User: S-1-5-19
  User Name: NT AUTHORITY\LOCAL SERVICE
  Computer: asus
  Description: 
The system has returned from a low power state.

Sleep Time: ?2017?-?05?-?15T17:23:53.178297200Z
Wake Time: ?2017?-?05?-?16T03:48:32.507902700Z

Wake Source: Timer - svchost.exe

Event[489]:
  Log Name: System
  Source: Microsoft-Windows-Time-Service
  Date: 2017-05-16T05:48:49.560
  Event ID: 35
  Task: N/A
  Level: Information
  Opcode: Info
  Keyword: N/A
  User: S-1-5-19
  User Name: NT AUTHORITY\LOCAL SERVICE
  Computer: asus
  Description: 
The time service is now synchronizing the system time with the time source time.windows.com,0x9 (ntp.m|0x9|0.0.0.0:123->52.166.120.77:123).

Event[490]:
  Log Name: System
  Source: Service Control Manager
  Date: 2017-05-16T05:51:30.608
  Event ID: 7040
  Task: N/A
  Level: Information
  Opcode: N/A
  Keyword: Classic
  User: S-1-5-18
  User Name: NT AUTHORITY\SYSTEM
  Computer: asus
  Description: 
The start type of the Background Intelligent Transfer Service service was changed from auto start to demand start.

Event[491]:
  Log Name: System
  Source: Service Control Manager
  Date: 2017-05-16T05:51:34.547
  Event ID: 7040
  Task: N/A
  Level: Information
  Opcode: N/A
  Keyword: Classic
  User: S-1-5-18
  User Name: NT AUTHORITY\SYSTEM
  Computer: asus
  Description: 
The start type of the Background Intelligent Transfer Service service was changed from demand start to auto start.

Event[492]:
  Log Name: System
  Source: Service Control Manager
  Date: 2017-05-16T05:53:38.040
  Event ID: 7040
  Task: N/A
  Level: Information
  Opcode: N/A
  Keyword: Classic
  User: S-1-5-18
  User Name: NT AUTHORITY\SYSTEM
  Computer: asus
  Description: 
The start type of the Background Intelligent Transfer Service service was changed from auto start to demand start.

Event[493]:
  Log Name: System
  Source: Microsoft-Windows-Kernel-General
  Date: 2017-05-16T06:15:48.699
  Event ID: 1
  Task: N/A
  Level: Information
  Opcode: Info
  Keyword: Time
  User: S-1-5-19
  User Name: NT AUTHORITY\LOCAL SERVICE
  Computer: asus
  Description: 
The system time has changed to ?2017?-?05?-?16T04:15:48.701000000Z from ?2017?-?05?-?16T04:15:48.703279100Z.

Change Reason: An application or system component changed the time.

Event[494]:
  Log Name: System
  Source: BROWSER
  Date: 2017-05-16T06:15:50.879
  Event ID: 8033
  Task: N/A
  Level: Information
  Opcode: N/A
  Keyword: Classic
  User: N/A
  User Name: N/A
  Computer: asus
  Description: 
The browser has forced an election on network \Device\NetBT_Tcpip_{9BDEC3C0-593A-4153-9F03-5C10C29CCBFE} because a master browser was stopped.

Event[495]:
  Log Name: System
  Source: Microsoft-Windows-Kernel-Power
  Date: 2017-05-16T06:15:50.625
  Event ID: 42
  Task: N/A
  Level: Information
  Opcode: Info
  Keyword: N/A
  User: N/A
  User Name: N/A
  Computer: asus
  Description: 
The system is entering sleep.

Sleep Reason: System Idle

Event[496]:
  Log Name: System
  Source: Microsoft-Windows-Kernel-Power
  Date: 2017-05-16T06:15:51.178
  Event ID: 107
  Task: N/A
  Level: Information
  Opcode: Info
  Keyword: N/A
  User: N/A
  User Name: N/A
  Computer: asus
  Description: 
The system has resumed from sleep.

Event[497]:
  Log Name: System
  Source: Microsoft-Windows-Kernel-General
  Date: 2017-05-16T09:17:04.500
  Event ID: 1
  Task: N/A
  Level: Information
  Opcode: Info
  Keyword: Time
  User: N/A
  User Name: N/A
  Computer: asus
  Description: 
The system time has changed to ?2017?-?05?-?16T07:17:04.500000000Z from ?2017?-?05?-?16T04:15:51.178102000Z.

Change Reason: System time synchronized with the hardware clock.

Event[498]:
  Log Name: System
  Source: Microsoft-Windows-DistributedCOM
  Date: 2017-05-16T09:17:19.974
  Event ID: 10016
  Task: N/A
  Level: Error
  Opcode: Info
  Keyword: Classic
  User: S-1-5-18
  User Name: NT AUTHORITY\SYSTEM
  Computer: asus
  Description: 
The application-specific permission settings do not grant Local Activation permission for the COM Server application with CLSID 
{D63B10C5-BB46-4990-A94F-E40B9D520160}
 and APPID 
{9CA88EE3-ACB7-47C8-AFC4-AB702511C276}
 to the user NT AUTHORITY\SYSTEM SID (S-1-5-18) from address LocalHost (Using LRPC) running in the application container Unavailable SID (Unavailable). This security permission can be modified using the Component Services administrative tool.

Event[499]:
  Log Name: System
  Source: BROWSER
  Date: 2017-05-16T09:46:35.949
  Event ID: 8033
  Task: N/A
  Level: Information
  Opcode: N/A
  Keyword: Classic
  User: N/A
  User Name: N/A
  Computer: asus
  Description: 
The browser has forced an election on network \Device\NetBT_Tcpip_{9BDEC3C0-593A-4153-9F03-5C10C29CCBFE} because a master browser was stopped.

Event[500]:
  Log Name: System
  Source: Microsoft-Windows-Kernel-Power
  Date: 2017-05-16T09:46:35.525
  Event ID: 42
  Task: N/A
  Level: Information
  Opcode: Info
  Keyword: N/A
  User: N/A
  User Name: N/A
  Computer: asus
  Description: 
The system is entering sleep.

Sleep Reason: Application API

Event[501]:
  Log Name: System
  Source: Microsoft-Windows-Kernel-Power
  Date: 2017-05-16T09:46:36.189
  Event ID: 107
  Task: N/A
  Level: Information
  Opcode: Info
  Keyword: N/A
  User: N/A
  User Name: N/A
  Computer: asus
  Description: 
The system has resumed from sleep.

Event[502]:
  Log Name: System
  Source: Microsoft-Windows-Kernel-General
  Date: 2017-05-16T13:27:11.500
  Event ID: 1
  Task: N/A
  Level: Information
  Opcode: Info
  Keyword: Time
  User: N/A
  User Name: N/A
  Computer: asus
  Description: 
The system time has changed to ?2017?-?05?-?16T11:27:11.500000000Z from ?2017?-?05?-?16T07:46:36.189095900Z.

Change Reason: System time synchronized with the hardware clock.

Event[503]:
  Log Name: System
  Source: EventLog
  Date: 2017-05-16T13:27:24.795
  Event ID: 6013
  Task: N/A
  Level: Information
  Opcode: N/A
  Keyword: Classic
  User: N/A
  User Name: N/A
  Computer: asus
  Description: 
The system uptime is 76884 seconds.

Event[504]:
  Log Name: System
  Source: Microsoft-Windows-Power-Troubleshooter
  Date: 2017-05-16T13:27:28.691
  Event ID: 1
  Task: N/A
  Level: Information
  Opcode: Info
  Keyword: N/A
  User: S-1-5-19
  User Name: NT AUTHORITY\LOCAL SERVICE
  Computer: asus
  Description: 
The system has returned from a low power state.

Sleep Time: ?2017?-?05?-?16T07:46:32.771660300Z
Wake Time: ?2017?-?05?-?16T11:27:25.135754500Z

Wake Source: Device -USB Root Hub

Event[505]:
  Log Name: System
  Source: Microsoft-Windows-DistributedCOM
  Date: 2017-05-16T13:35:24.281
  Event ID: 10016
  Task: N/A
  Level: Error
  Opcode: Info
  Keyword: Classic
  User: S-1-5-18
  User Name: NT AUTHORITY\SYSTEM
  Computer: asus
  Description: 
The application-specific permission settings do not grant Local Activation permission for the COM Server application with CLSID 
{D63B10C5-BB46-4990-A94F-E40B9D520160}
 and APPID 
{9CA88EE3-ACB7-47C8-AFC4-AB702511C276}
 to the user NT AUTHORITY\SYSTEM SID (S-1-5-18) from address LocalHost (Using LRPC) running in the application container Unavailable SID (Unavailable). This security permission can be modified using the Component Services administrative tool.

Event[506]:
  Log Name: System
  Source: BROWSER
  Date: 2017-05-16T14:51:33.378
  Event ID: 8033
  Task: N/A
  Level: Information
  Opcode: N/A
  Keyword: Classic
  User: N/A
  User Name: N/A
  Computer: asus
  Description: 
The browser has forced an election on network \Device\NetBT_Tcpip_{9BDEC3C0-593A-4153-9F03-5C10C29CCBFE} because a master browser was stopped.

Event[507]:
  Log Name: System
  Source: Microsoft-Windows-Kernel-Power
  Date: 2017-05-16T14:51:33.066
  Event ID: 42
  Task: N/A
  Level: Information
  Opcode: Info
  Keyword: N/A
  User: N/A
  User Name: N/A
  Computer: asus
  Description: 
The system is entering sleep.

Sleep Reason: Application API

Event[508]:
  Log Name: System
  Source: Microsoft-Windows-Kernel-Power
  Date: 2017-05-16T14:51:33.725
  Event ID: 107
  Task: N/A
  Level: Information
  Opcode: Info
  Keyword: N/A
  User: N/A
  User Name: N/A
  Computer: asus
  Description: 
The system has resumed from sleep.

Event[509]:
  Log Name: System
  Source: Microsoft-Windows-Kernel-General
  Date: 2017-05-16T14:51:41.499
  Event ID: 1
  Task: N/A
  Level: Information
  Opcode: Info
  Keyword: Time
  User: N/A
  User Name: N/A
  Computer: asus
  Description: 
The system time has changed to ?2017?-?05?-?16T12:51:41.500000000Z from ?2017?-?05?-?16T12:51:33.725825200Z.

Change Reason: System time synchronized with the hardware clock.

Event[510]:
  Log Name: System
  Source: Microsoft-Windows-Power-Troubleshooter
  Date: 2017-05-16T14:51:46.462
  Event ID: 1
  Task: N/A
  Level: Information
  Opcode: Info
  Keyword: N/A
  User: S-1-5-19
  User Name: NT AUTHORITY\LOCAL SERVICE
  Computer: asus
  Description: 
The system has returned from a low power state.

Sleep Time: ?2017?-?05?-?16T12:51:32.175216900Z
Wake Time: ?2017?-?05?-?16T12:51:43.098271400Z

Wake Source: Device -USB Root Hub

Event[511]:
  Log Name: System
  Source: Microsoft-Windows-Time-Service
  Date: 2017-05-16T14:54:43.387
  Event ID: 37
  Task: N/A
  Level: Information
  Opcode: Info
  Keyword: N/A
  User: S-1-5-19
  User Name: NT AUTHORITY\LOCAL SERVICE
  Computer: asus
  Description: 
The time provider NtpClient is currently receiving valid time data from time.windows.com,0x9 (ntp.m|0x9|0.0.0.0:123->51.141.32.51:123).

Event[512]:
  Log Name: System
  Source: Microsoft-Windows-Time-Service
  Date: 2017-05-16T14:54:43.402
  Event ID: 35
  Task: N/A
  Level: Information
  Opcode: Info
  Keyword: N/A
  User: S-1-5-19
  User Name: NT AUTHORITY\LOCAL SERVICE
  Computer: asus
  Description: 
The time service is now synchronizing the system time with the time source time.windows.com,0x9 (ntp.m|0x9|0.0.0.0:123->51.141.32.51:123).

Event[513]:
  Log Name: System
  Source: Microsoft-Windows-DistributedCOM
  Date: 2017-05-16T15:03:55.082
  Event ID: 10016
  Task: N/A
  Level: Error
  Opcode: Info
  Keyword: Classic
  User: S-1-5-18
  User Name: NT AUTHORITY\SYSTEM
  Computer: asus
  Description: 
The application-specific permission settings do not grant Local Activation permission for the COM Server application with CLSID 
{D63B10C5-BB46-4990-A94F-E40B9D520160}
 and APPID 
{9CA88EE3-ACB7-47C8-AFC4-AB702511C276}
 to the user NT AUTHORITY\SYSTEM SID (S-1-5-18) from address LocalHost (Using LRPC) running in the application container Unavailable SID (Unavailable). This security permission can be modified using the Component Services administrative tool.

Event[514]:
  Log Name: System
  Source: BROWSER
  Date: 2017-05-16T16:00:33.001
  Event ID: 8033
  Task: N/A
  Level: Information
  Opcode: N/A
  Keyword: Classic
  User: N/A
  User Name: N/A
  Computer: asus
  Description: 
The browser has forced an election on network \Device\NetBT_Tcpip_{9BDEC3C0-593A-4153-9F03-5C10C29CCBFE} because a master browser was stopped.

Event[515]:
  Log Name: System
  Source: Microsoft-Windows-Kernel-General
  Date: 2017-05-16T16:00:32.231
  Event ID: 1
  Task: N/A
  Level: Information
  Opcode: Info
  Keyword: Time
  User: S-1-5-19
  User Name: NT AUTHORITY\LOCAL SERVICE
  Computer: asus
  Description: 
The system time has changed to ?2017?-?05?-?16T14:00:32.233000000Z from ?2017?-?05?-?16T14:00:32.234572100Z.

Change Reason: An application or system component changed the time.

Event[516]:
  Log Name: System
  Source: Microsoft-Windows-Kernel-Power
  Date: 2017-05-16T16:00:32.726
  Event ID: 42
  Task: N/A
  Level: Information
  Opcode: Info
  Keyword: N/A
  User: N/A
  User Name: N/A
  Computer: asus
  Description: 
The system is entering sleep.

Sleep Reason: Application API

Event[517]:
  Log Name: System
  Source: Microsoft-Windows-Kernel-Power
  Date: 2017-05-16T16:00:33.379
  Event ID: 107
  Task: N/A
  Level: Information
  Opcode: Info
  Keyword: N/A
  User: N/A
  User Name: N/A
  Computer: asus
  Description: 
The system has resumed from sleep.

Event[518]:
  Log Name: System
  Source: Microsoft-Windows-Kernel-General
  Date: 2017-05-16T18:38:48.500
  Event ID: 1
  Task: N/A
  Level: Information
  Opcode: Info
  Keyword: Time
  User: N/A
  User Name: N/A
  Computer: asus
  Description: 
The system time has changed to ?2017?-?05?-?16T16:38:48.500000000Z from ?2017?-?05?-?16T14:00:33.379312300Z.

Change Reason: System time synchronized with the hardware clock.

Event[519]:
  Log Name: System
  Source: Microsoft-Windows-DistributedCOM
  Date: 2017-05-16T18:39:02.512
  Event ID: 10016
  Task: N/A
  Level: Error
  Opcode: Info
  Keyword: Classic
  User: S-1-5-18
  User Name: NT AUTHORITY\SYSTEM
  Computer: asus
  Description: 
The application-specific permission settings do not grant Local Activation permission for the COM Server application with CLSID 
{D63B10C5-BB46-4990-A94F-E40B9D520160}
 and APPID 
{9CA88EE3-ACB7-47C8-AFC4-AB702511C276}
 to the user NT AUTHORITY\SYSTEM SID (S-1-5-18) from address LocalHost (Using LRPC) running in the application container Unavailable SID (Unavailable). This security permission can be modified using the Component Services administrative tool.

Event[520]:
  Log Name: System
  Source: Service Control Manager
  Date: 2017-05-16T18:42:06.504
  Event ID: 7045
  Task: N/A
  Level: Information
  Opcode: N/A
  Keyword: Classic
  User: S-1-5-21-2727687409-414627687-575682064-1001
  User Name: ASUS\dypcdiver
  Computer: asus
  Description: 
A service was installed in the system.

Service Name:  WinRing0_1_2_0
Service File Name:  C:\Program Files (x86)\Hewlett-Packard\HP Support Framework\Resources\HPActiveHealth\ActiveHealth.sys
Service Type:  kernel mode driver
Service Start Type:  demand start
Service Account:  

Event[521]:
  Log Name: System
  Source: BROWSER
  Date: 2017-05-16T20:08:32.263
  Event ID: 8033
  Task: N/A
  Level: Information
  Opcode: N/A
  Keyword: Classic
  User: N/A
  User Name: N/A
  Computer: asus
  Description: 
The browser has forced an election on network \Device\NetBT_Tcpip_{9BDEC3C0-593A-4153-9F03-5C10C29CCBFE} because a master browser was stopped.

Event[522]:
  Log Name: System
  Source: Microsoft-Windows-Kernel-Power
  Date: 2017-05-16T20:08:31.940
  Event ID: 42
  Task: N/A
  Level: Information
  Opcode: Info
  Keyword: N/A
  User: N/A
  User Name: N/A
  Computer: asus
  Description: 
The system is entering sleep.

Sleep Reason: Application API

Event[523]:
  Log Name: System
  Source: Microsoft-Windows-Kernel-Power
  Date: 2017-05-16T20:08:32.987
  Event ID: 107
  Task: N/A
  Level: Information
  Opcode: Info
  Keyword: N/A
  User: N/A
  User Name: N/A
  Computer: asus
  Description: 
The system has resumed from sleep.

Event[524]:
  Log Name: System
  Source: Microsoft-Windows-Kernel-General
  Date: 2017-05-17T09:10:26.500
  Event ID: 1
  Task: N/A
  Level: Information
  Opcode: Info
  Keyword: Time
  User: N/A
  User Name: N/A
  Computer: asus
  Description: 
The system time has changed to ?2017?-?05?-?17T07:10:26.500000000Z from ?2017?-?05?-?16T18:08:32.988051900Z.

Change Reason: System time synchronized with the hardware clock.

Event[525]:
  Log Name: System
  Source: Microsoft-Windows-DistributedCOM
  Date: 2017-05-17T09:10:37.710
  Event ID: 10016
  Task: N/A
  Level: Error
  Opcode: Info
  Keyword: Classic
  User: S-1-5-18
  User Name: NT AUTHORITY\SYSTEM
  Computer: asus
  Description: 
The application-specific permission settings do not grant Local Activation permission for the COM Server application with CLSID 
{D63B10C5-BB46-4990-A94F-E40B9D520160}
 and APPID 
{9CA88EE3-ACB7-47C8-AFC4-AB702511C276}
 to the user NT AUTHORITY\SYSTEM SID (S-1-5-18) from address LocalHost (Using LRPC) running in the application container Unavailable SID (Unavailable). This security permission can be modified using the Component Services administrative tool.

Event[526]:
  Log Name: System
  Source: Microsoft-Windows-Time-Service
  Date: 2017-05-17T09:10:39.274
  Event ID: 134
  Task: N/A
  Level: Warning
  Opcode: Info
  Keyword: N/A
  User: S-1-5-19
  User Name: NT AUTHORITY\LOCAL SERVICE
  Computer: asus
  Description: 
NtpClient was unable to set a manual peer to use as a time source because of DNS resolution error on 'time.windows.com,0x9'. NtpClient will try again in 15 minutes and double the reattempt interval thereafter. The error was: No such host is known. (0x80072AF9)

Event[527]:
  Log Name: System
  Source: Microsoft-Windows-Time-Service
  Date: 2017-05-17T09:10:40.789
  Event ID: 134
  Task: N/A
  Level: Warning
  Opcode: Info
  Keyword: N/A
  User: S-1-5-19
  User Name: NT AUTHORITY\LOCAL SERVICE
  Computer: asus
  Description: 
NtpClient was unable to set a manual peer to use as a time source because of DNS resolution error on 'time.windows.com,0x9'. NtpClient will try again in 15 minutes and double the reattempt interval thereafter. The error was: No such host is known. (0x80072AF9)

Event[528]:
  Log Name: System
  Source: Microsoft-Windows-Power-Troubleshooter
  Date: 2017-05-17T09:10:41.828
  Event ID: 1
  Task: N/A
  Level: Information
  Opcode: Info
  Keyword: N/A
  User: S-1-5-19
  User Name: NT AUTHORITY\LOCAL SERVICE
  Computer: asus
  Description: 
The system has returned from a low power state.

Sleep Time: ?2017?-?05?-?16T18:08:30.835451100Z
Wake Time: ?2017?-?05?-?17T07:10:28.103601600Z

Wake Source: Device -USB Root Hub

Event[529]:
  Log Name: System
  Source: Microsoft-Windows-DNS-Client
  Date: 2017-05-17T09:10:46.810
  Event ID: 1014
  Task: N/A
  Level: Warning
  Opcode: Info
  Keyword: N/A
  User: S-1-5-20
  User Name: NT AUTHORITY\NETWORK SERVICE
  Computer: asus
  Description: 
Name resolution for the name _ldap._tcp.dc._msdcs.WORKGROUP timed out after none of the configured DNS servers responded.

Event[530]:
  Log Name: System
  Source: Microsoft-Windows-Time-Service
  Date: 2017-05-17T09:10:54.613
  Event ID: 37
  Task: N/A
  Level: Information
  Opcode: Info
  Keyword: N/A
  User: S-1-5-19
  User Name: NT AUTHORITY\LOCAL SERVICE
  Computer: asus
  Description: 
The time provider NtpClient is currently receiving valid time data from time.windows.com,0x9 (ntp.m|0x9|0.0.0.0:123->51.141.32.51:123).

Event[531]:
  Log Name: System
  Source: Microsoft-Windows-UserPnp
  Date: 2017-05-17T09:10:56.275
  Event ID: 20001
  Task: N/A
  Level: Information
  Opcode: Info
  Keyword: N/A
  User: S-1-5-18
  User Name: NT AUTHORITY\SYSTEM
  Computer: asus
  Description: 
Driver Management concluded the process to install driver digitalmediadevice.inf_amd64_d449e1eb7a3b8e4e\digitalmediadevice.inf for Device Instance ID SWD\DAFUPNPPROVIDER\UUID:A4B01D57-9A1D-57B9-D914-57099AB9932A with the following status: 0x0.

Event[532]:
  Log Name: System
  Source: Service Control Manager
  Date: 2017-05-17T09:10:57.327
  Event ID: 7040
  Task: N/A
  Level: Information
  Opcode: N/A
  Keyword: Classic
  User: S-1-5-18
  User Name: NT AUTHORITY\SYSTEM
  Computer: asus
  Description: 
The start type of the Background Intelligent Transfer Service service was changed from demand start to auto start.

Event[533]:
  Log Name: System
  Source: Microsoft-Windows-DNS-Client
  Date: 2017-05-17T09:11:01.648
  Event ID: 1014
  Task: N/A
  Level: Warning
  Opcode: Info
  Keyword: N/A
  User: S-1-5-20
  User Name: NT AUTHORITY\NETWORK SERVICE
  Computer: asus
  Description: 
Name resolution for the name win10.ipv6.microsoft.com. timed out after none of the configured DNS servers responded.

Event[534]:
  Log Name: System
  Source: Service Control Manager
  Date: 2017-05-17T09:13:02.182
  Event ID: 7040
  Task: N/A
  Level: Information
  Opcode: N/A
  Keyword: Classic
  User: S-1-5-18
  User Name: NT AUTHORITY\SYSTEM
  Computer: asus
  Description: 
The start type of the Background Intelligent Transfer Service service was changed from auto start to demand start.

Event[535]:
  Log Name: System
  Source: Service Control Manager
  Date: 2017-05-17T09:13:30.137
  Event ID: 7040
  Task: N/A
  Level: Information
  Opcode: N/A
  Keyword: Classic
  User: S-1-5-18
  User Name: NT AUTHORITY\SYSTEM
  Computer: asus
  Description: 
The start type of the Background Intelligent Transfer Service service was changed from demand start to auto start.

Event[536]:
  Log Name: System
  Source: Service Control Manager
  Date: 2017-05-17T09:13:38.601
  Event ID: 7045
  Task: N/A
  Level: Information
  Opcode: N/A
  Keyword: Classic
  User: S-1-5-21-2727687409-414627687-575682064-1001
  User Name: ASUS\dypcdiver
  Computer: asus
  Description: 
A service was installed in the system.

Service Name:  WinRing0_1_2_0
Service File Name:  C:\Program Files (x86)\Hewlett-Packard\HP Support Framework\Resources\HPActiveHealth\ActiveHealth.sys
Service Type:  kernel mode driver
Service Start Type:  demand start
Service Account:  

Event[537]:
  Log Name: System
  Source: Microsoft-Windows-WindowsUpdateClient
  Date: 2017-05-17T09:14:01.600
  Event ID: 44
  Task: Windows Update Agent
  Level: Information
  Opcode: Download
  Keyword: Download,Started
  User: S-1-5-18
  User Name: NT AUTHORITY\SYSTEM
  Computer: asus
  Description: 
Windows Update started downloading an update.

Event[538]:
  Log Name: System
  Source: Microsoft-Windows-WindowsUpdateClient
  Date: 2017-05-17T09:14:01.600
  Event ID: 44
  Task: Windows Update Agent
  Level: Information
  Opcode: Download
  Keyword: Download,Started
  User: S-1-5-18
  User Name: NT AUTHORITY\SYSTEM
  Computer: asus
  Description: 
Windows Update started downloading an update.

Event[539]:
  Log Name: System
  Source: Microsoft-Windows-WindowsUpdateClient
  Date: 2017-05-17T09:14:01.600
  Event ID: 44
  Task: Windows Update Agent
  Level: Information
  Opcode: Download
  Keyword: Download,Started
  User: S-1-5-18
  User Name: NT AUTHORITY\SYSTEM
  Computer: asus
  Description: 
Windows Update started downloading an update.

Event[540]:
  Log Name: System
  Source: Microsoft-Windows-Kernel-General
  Date: 2017-05-17T09:14:57.507
  Event ID: 16
  Task: N/A
  Level: Information
  Opcode: Info
  Keyword: N/A
  User: S-1-5-18
  User Name: NT AUTHORITY\SYSTEM
  Computer: asus
  Description: 
The access history in hive \??\C:\ProgramData\Microsoft\Windows\AppRepository\Packages\Microsoft.XboxApp_29.29.15001.0_x64__8wekyb3d8bbwe\ActivationStore.dat was cleared updating 0 keys and creating 0 modified pages.

Event[541]:
  Log Name: System
  Source: Microsoft-Windows-WindowsUpdateClient
  Date: 2017-05-17T09:15:03.356
  Event ID: 43
  Task: Windows Update Agent
  Level: Information
  Opcode: Installation
  Keyword: Installation,Started
  User: S-1-5-18
  User Name: NT AUTHORITY\SYSTEM
  Computer: asus
  Description: 
Installation Started: Windows has started installing the following update: Xbox

Event[542]:
  Log Name: System
  Source: Microsoft-Windows-Kernel-General
  Date: 2017-05-17T09:15:06.244
  Event ID: 16
  Task: N/A
  Level: Information
  Opcode: Info
  Keyword: N/A
  User: S-1-5-18
  User Name: NT AUTHORITY\SYSTEM
  Computer: asus
  Description: 
The access history in hive \??\C:\ProgramData\Microsoft\Windows\AppRepository\Packages\Microsoft.3DBuilder_14.1.1302.0_x64__8wekyb3d8bbwe\ActivationStore.dat was cleared updating 0 keys and creating 0 modified pages.

Event[543]:
  Log Name: System
  Source: Microsoft-Windows-WindowsUpdateClient
  Date: 2017-05-17T09:15:11.488
  Event ID: 19
  Task: Windows Update Agent
  Level: Information
  Opcode: Installation
  Keyword: Installation,Success
  User: S-1-5-18
  User Name: NT AUTHORITY\SYSTEM
  Computer: asus
  Description: 
Installation Successful: Windows successfully installed the following update: Xbox

Event[544]:
  Log Name: System
  Source: Microsoft-Windows-WindowsUpdateClient
  Date: 2017-05-17T09:15:11.488
  Event ID: 44
  Task: Windows Update Agent
  Level: Information
  Opcode: Download
  Keyword: Download,Started
  User: S-1-5-18
  User Name: NT AUTHORITY\SYSTEM
  Computer: asus
  Description: 
Windows Update started downloading an update.

Event[545]:
  Log Name: System
  Source: Microsoft-Windows-Kernel-General
  Date: 2017-05-17T09:15:19.349
  Event ID: 16
  Task: N/A
  Level: Information
  Opcode: Info
  Keyword: N/A
  User: S-1-5-18
  User Name: NT AUTHORITY\SYSTEM
  Computer: asus
  Description: 
The access history in hive \??\C:\ProgramData\Microsoft\Windows\AppRepository\Packages\Microsoft.MSPaint_2.1704.26037.0_x64__8wekyb3d8bbwe\ActivationStore.dat was cleared updating 0 keys and creating 0 modified pages.

Event[546]:
  Log Name: System
  Source: Microsoft-Windows-Kernel-General
  Date: 2017-05-17T09:15:23.426
  Event ID: 16
  Task: N/A
  Level: Information
  Opcode: Info
  Keyword: N/A
  User: S-1-5-18
  User Name: NT AUTHORITY\SYSTEM
  Computer: asus
  Description: 
The access history in hive \??\C:\ProgramData\Microsoft\Windows\AppRepository\Packages\Microsoft.3DBuilder_14.1.1302.0_x64__8wekyb3d8bbwe\ActivationStore.dat was cleared updating 0 keys and creating 0 modified pages.

Event[547]:
  Log Name: System
  Source: Microsoft-Windows-WindowsUpdateClient
  Date: 2017-05-17T09:15:24.824
  Event ID: 43
  Task: Windows Update Agent
  Level: Information
  Opcode: Installation
  Keyword: Installation,Started
  User: S-1-5-18
  User Name: NT AUTHORITY\SYSTEM
  Computer: asus
  Description: 
Installation Started: Windows has started installing the following update: Paint 3D

Event[548]:
  Log Name: System
  Source: Microsoft-Windows-WindowsUpdateClient
  Date: 2017-05-17T09:15:31.788
  Event ID: 19
  Task: Windows Update Agent
  Level: Information
  Opcode: Installation
  Keyword: Installation,Success
  User: S-1-5-18
  User Name: NT AUTHORITY\SYSTEM
  Computer: asus
  Description: 
Installation Successful: Windows successfully installed the following update: Paint 3D

Event[549]:
  Log Name: System
  Source: Microsoft-Windows-Kernel-General
  Date: 2017-05-17T09:15:31.888
  Event ID: 16
  Task: N/A
  Level: Information
  Opcode: Info
  Keyword: N/A
  User: S-1-5-18
  User Name: NT AUTHORITY\SYSTEM
  Computer: asus
  Description: 
The access history in hive \??\C:\ProgramData\Microsoft\Windows\AppRepository\Packages\Microsoft.Microsoft3DViewer_1.1705.3039.0_x64__8wekyb3d8bbwe\ActivationStore.dat was cleared updating 0 keys and creating 0 modified pages.

Event[550]:
  Log Name: System
  Source: Service Control Manager
  Date: 2017-05-17T09:15:33.255
  Event ID: 7040
  Task: N/A
  Level: Information
  Opcode: N/A
  Keyword: Classic
  User: S-1-5-18
  User Name: NT AUTHORITY\SYSTEM
  Computer: asus
  Description: 
The start type of the Background Intelligent Transfer Service service was changed from auto start to demand start.

Event[551]:
  Log Name: System
  Source: Microsoft-Windows-Kernel-General
  Date: 2017-05-17T09:15:35.053
  Event ID: 16
  Task: N/A
  Level: Information
  Opcode: Info
  Keyword: N/A
  User: S-1-5-18
  User Name: NT AUTHORITY\SYSTEM
  Computer: asus
  Description: 
The access history in hive \??\C:\ProgramData\Microsoft\Windows\AppRepository\Packages\Microsoft.3DBuilder_14.1.1302.0_x64__8wekyb3d8bbwe\ActivationStore.dat was cleared updating 0 keys and creating 0 modified pages.

Event[552]:
  Log Name: System
  Source: Microsoft-Windows-WindowsUpdateClient
  Date: 2017-05-17T09:15:37.138
  Event ID: 44
  Task: Windows Update Agent
  Level: Information
  Opcode: Download
  Keyword: Download,Started
  User: S-1-5-18
  User Name: NT AUTHORITY\SYSTEM
  Computer: asus
  Description: 
Windows Update started downloading an update.

Event[553]:
  Log Name: System
  Source: Microsoft-Windows-WindowsUpdateClient
  Date: 2017-05-17T09:15:37.138
  Event ID: 43
  Task: Windows Update Agent
  Level: Information
  Opcode: Installation
  Keyword: Installation,Started
  User: S-1-5-18
  User Name: NT AUTHORITY\SYSTEM
  Computer: asus
  Description: 
Installation Started: Windows has started installing the following update: Windows View 3D

Event[554]:
  Log Name: System
  Source: Microsoft-Windows-WindowsUpdateClient
  Date: 2017-05-17T09:15:41.269
  Event ID: 19
  Task: Windows Update Agent
  Level: Information
  Opcode: Installation
  Keyword: Installation,Success
  User: S-1-5-18
  User Name: NT AUTHORITY\SYSTEM
  Computer: asus
  Description: 
Installation Successful: Windows successfully installed the following update: Windows View 3D

Event[555]:
  Log Name: System
  Source: Microsoft-Windows-Kernel-General
  Date: 2017-05-17T09:15:51.637
  Event ID: 16
  Task: N/A
  Level: Information
  Opcode: Info
  Keyword: N/A
  User: S-1-5-18
  User Name: NT AUTHORITY\SYSTEM
  Computer: asus
  Description: 
The access history in hive \??\C:\ProgramData\Microsoft\Windows\AppRepository\Packages\Microsoft.3DBuilder_14.1.1302.0_x64__8wekyb3d8bbwe\ActivationStore.dat was cleared updating 0 keys and creating 0 modified pages.

Event[556]:
  Log Name: System
  Source: Microsoft-Windows-Kernel-General
  Date: 2017-05-17T09:15:53.673
  Event ID: 16
  Task: N/A
  Level: Information
  Opcode: Info
  Keyword: N/A
  User: S-1-5-21-2727687409-414627687-575682064-1001
  User Name: ASUS\dypcdiver
  Computer: asus
  Description: 
The access history in hive \??\C:\Users\dypcdiver\AppData\Local\Packages\Microsoft.3DBuilder_8wekyb3d8bbwe\Settings\settings.dat was cleared updating 3 keys and creating 1 modified pages.

Event[557]:
