  Log Name: System
  Source: Microsoft-Windows-FilterManager
  Date: 2017-10-10T19:39:04.257
  Event ID: 6
  Task: N/A
  Level: Information
  Opcode: Info
  Keyword: N/A
  User: S-1-5-18
  User Name: NT-AUTORITÄT\SYSTEM
  Computer: DESKTOP-G0L88JA
  Description: 
File System Filter 'storqosflt' (10.0, ?2015?-?12?-?18T05:36:27.000000000Z) has successfully loaded and registered with Filter Manager.

Event[1518]:
  Log Name: System
  Source: Microsoft-Windows-Dhcp-Client
  Date: 2017-10-10T19:39:04.282
  Event ID: 50036
  Task: Service State Event
  Level: Information
  Opcode: ServiceStart
  Keyword: N/A
  User: S-1-5-19
  User Name: NT-AUTORITÄT\Lokaler Dienst
  Computer: DESKTOP-G0L88JA
  Description: 
DHCPv4 client service is started

Event[1519]:
  Log Name: System
  Source: Microsoft-Windows-Dhcp-Client
  Date: 2017-10-10T19:39:04.283
  Event ID: 50103
  Task: Service State Event
  Level: Information
  Opcode: ServiceShutdown
  Keyword: N/A
  User: S-1-5-19
  User Name: NT-AUTORITÄT\Lokaler Dienst
  Computer: DESKTOP-G0L88JA
  Description: 
DHCPv4 client registered for shutdown notification

Event[1520]:
  Log Name: System
  Source: Microsoft-Windows-DHCPv6-Client
  Date: 2017-10-10T19:39:04.293
  Event ID: 51046
  Task: Service State Event
  Level: Information
  Opcode: ServiceStart
  Keyword: N/A
  User: S-1-5-19
  User Name: NT-AUTORITÄT\Lokaler Dienst
  Computer: DESKTOP-G0L88JA
  Description: 
DHCPv6 client service is started

Event[1521]:
  Log Name: System
  Source: Service Control Manager
  Date: 2017-10-10T19:39:04.795
  Event ID: 7026
  Task: N/A
  Level: Information
  Opcode: N/A
  Keyword: Classic
  User: N/A
  User Name: N/A
  Computer: DESKTOP-G0L88JA
  Description: 
The following boot-start or system-start driver(s) did not load: 
dam

Event[1522]:
  Log Name: System
  Source: Microsoft-Windows-Winlogon
  Date: 2017-10-10T19:39:16.085
  Event ID: 7001
  Task: N/A
  Level: Information
  Opcode: Info
  Keyword: N/A
  User: S-1-5-18
  User Name: NT-AUTORITÄT\SYSTEM
  Computer: DESKTOP-G0L88JA
  Description: 
User Logon Notification for Customer Experience Improvement Program

Event[1523]:
  Log Name: System
  Source: Service Control Manager
  Date: 2017-10-10T19:43:20.417
  Event ID: 7040
  Task: N/A
  Level: Information
  Opcode: N/A
  Keyword: Classic
  User: S-1-5-18
  User Name: NT-AUTORITÄT\SYSTEM
  Computer: DESKTOP-G0L88JA
  Description: 
The start type of the Intelligenter Hintergrundübertragungsdienst service was changed from Automatisch starten to Manuell starten.

Event[1524]:
  Log Name: System
  Source: Service Control Manager
  Date: 2017-10-10T19:47:36.453
  Event ID: 7040
  Task: N/A
  Level: Information
  Opcode: N/A
  Keyword: Classic
  User: S-1-5-18
  User Name: NT-AUTORITÄT\SYSTEM
  Computer: DESKTOP-G0L88JA
  Description: 
The start type of the Intelligenter Hintergrundübertragungsdienst service was changed from Manuell starten to Automatisch starten.

Event[1525]:
  Log Name: System
  Source: Lfsvc
  Date: 2017-10-10T19:49:04.909
  Event ID: 2
  Task: N/A
  Level: Information
  Opcode: Info
  Keyword: Classic
  User: N/A
  User Name: N/A
  Computer: DESKTOP-G0L88JA
  Description: 
Geolocation positioning has been disabled by the user.

Event[1526]:
  Log Name: System
  Source: Service Control Manager
  Date: 2017-10-10T19:49:42.534
  Event ID: 7040
  Task: N/A
  Level: Information
  Opcode: N/A
  Keyword: Classic
  User: S-1-5-18
  User Name: NT-AUTORITÄT\SYSTEM
  Computer: DESKTOP-G0L88JA
  Description: 
The start type of the Intelligenter Hintergrundübertragungsdienst service was changed from Automatisch starten to Manuell starten.

Event[1527]:
  Log Name: System
  Source: Service Control Manager
  Date: 2017-10-10T19:51:20.980
  Event ID: 7040
  Task: N/A
  Level: Information
  Opcode: N/A
  Keyword: Classic
  User: S-1-5-18
  User Name: NT-AUTORITÄT\SYSTEM
  Computer: DESKTOP-G0L88JA
  Description: 
The start type of the Windows Modules Installer service was changed from Manuell starten to Automatisch starten.

Event[1528]:
  Log Name: System
  Source: Microsoft-Windows-WindowsUpdateClient
  Date: 2017-10-10T19:51:24.014
  Event ID: 43
  Task: Windows Update Agent
  Level: Information
  Opcode: Installation
  Keyword: Installation,Started
  User: S-1-5-18
  User Name: NT-AUTORITÄT\SYSTEM
  Computer: DESKTOP-G0L88JA
  Description: 
Installation Started: Windows has started installing the following update: Sony - HIDClass - 10/15/2013 12:00:00 AM - 8.1.1.2

Event[1529]:
  Log Name: System
  Source: Microsoft-Windows-WindowsUpdateClient
  Date: 2017-10-10T19:51:24.014
  Event ID: 19
  Task: Windows Update Agent
  Level: Information
  Opcode: Installation
  Keyword: Installation,Success
  User: S-1-5-18
  User Name: NT-AUTORITÄT\SYSTEM
  Computer: DESKTOP-G0L88JA
  Description: 
Installation Successful: Windows successfully installed the following update: Sony - HIDClass - 10/15/2013 12:00:00 AM - 8.1.1.2

Event[1530]:
  Log Name: System
  Source: Microsoft-Windows-WindowsUpdateClient
  Date: 2017-10-10T19:51:24.014
  Event ID: 43
  Task: Windows Update Agent
  Level: Information
  Opcode: Installation
  Keyword: Installation,Started
  User: S-1-5-18
  User Name: NT-AUTORITÄT\SYSTEM
  Computer: DESKTOP-G0L88JA
  Description: 
Installation Started: Windows has started installing the following update: 2017-10 Kumulatives Update für Windows 10 Version 1703 für x64-basierte Systeme (KB4041676)

Event[1531]:
  Log Name: System
  Source: Microsoft-Windows-WindowsUpdateClient
  Date: 2017-10-10T19:52:07.343
  Event ID: 43
  Task: Windows Update Agent
  Level: Information
  Opcode: Installation
  Keyword: Installation,Started
  User: S-1-5-18
  User Name: NT-AUTORITÄT\SYSTEM
  Computer: DESKTOP-G0L88JA
  Description: 
Installation Started: Windows has started installing the following update: Windows-Tool zum Entfernen bösartiger Software für Windows 8, 8.1, 10 und Windows Server 2012, 2012 R2, 2016 x64 Edition - Oktober 2017 (KB890830)

Event[1532]:
  Log Name: System
  Source: Microsoft-Windows-WindowsUpdateClient
  Date: 2017-10-10T19:52:49.725
  Event ID: 19
  Task: Windows Update Agent
  Level: Information
  Opcode: Installation
  Keyword: Installation,Success
  User: S-1-5-18
  User Name: NT-AUTORITÄT\SYSTEM
  Computer: DESKTOP-G0L88JA
  Description: 
Installation Successful: Windows successfully installed the following update: Windows-Tool zum Entfernen bösartiger Software für Windows 8, 8.1, 10 und Windows Server 2012, 2012 R2, 2016 x64 Edition - Oktober 2017 (KB890830)

Event[1533]:
  Log Name: System
  Source: Microsoft-Windows-WindowsUpdateClient
  Date: 2017-10-10T19:53:01.936
  Event ID: 44
  Task: Windows Update Agent
  Level: Information
  Opcode: Download
  Keyword: Download,Started
  User: S-1-5-18
  User Name: NT-AUTORITÄT\SYSTEM
  Computer: DESKTOP-G0L88JA
  Description: 
Windows Update started downloading an update.

Event[1534]:
  Log Name: System
  Source: Microsoft-Windows-WindowsUpdateClient
  Date: 2017-10-10T19:53:02.692
  Event ID: 44
  Task: Windows Update Agent
  Level: Information
  Opcode: Download
  Keyword: Download,Started
  User: S-1-5-18
  User Name: NT-AUTORITÄT\SYSTEM
  Computer: DESKTOP-G0L88JA
  Description: 
Windows Update started downloading an update.

Event[1535]:
  Log Name: System
  Source: Microsoft-Windows-WindowsUpdateClient
  Date: 2017-10-10T19:53:02.692
  Event ID: 44
  Task: Windows Update Agent
  Level: Information
  Opcode: Download
  Keyword: Download,Started
  User: S-1-5-18
  User Name: NT-AUTORITÄT\SYSTEM
  Computer: DESKTOP-G0L88JA
  Description: 
Windows Update started downloading an update.

Event[1536]:
  Log Name: System
  Source: Microsoft-Windows-Kernel-General
  Date: 2017-10-10T19:53:51.913
  Event ID: 16
  Task: N/A
  Level: Information
  Opcode: Info
  Keyword: N/A
  User: S-1-5-18
  User Name: NT-AUTORITÄT\SYSTEM
  Computer: DESKTOP-G0L88JA
  Description: 
The access history in hive \??\C:\ProgramData\Microsoft\Windows\AppRepository\Packages\Microsoft.MinecraftUWP_1.2.203.0_x64__8wekyb3d8bbwe\ActivationStore.dat was cleared updating 0 keys and creating 0 modified pages.

Event[1537]:
  Log Name: System
  Source: Microsoft-Windows-WindowsUpdateClient
  Date: 2017-10-10T19:53:53.491
  Event ID: 44
  Task: Windows Update Agent
  Level: Information
  Opcode: Download
  Keyword: Download,Started
  User: S-1-5-18
  User Name: NT-AUTORITÄT\SYSTEM
  Computer: DESKTOP-G0L88JA
  Description: 
Windows Update started downloading an update.

Event[1538]:
  Log Name: System
  Source: Microsoft-Windows-WindowsUpdateClient
  Date: 2017-10-10T19:53:53.491
  Event ID: 44
  Task: Windows Update Agent
  Level: Information
  Opcode: Download
  Keyword: Download,Started
  User: S-1-5-18
  User Name: NT-AUTORITÄT\SYSTEM
  Computer: DESKTOP-G0L88JA
  Description: 
Windows Update started downloading an update.

Event[1539]:
  Log Name: System
  Source: Microsoft-Windows-WindowsUpdateClient
  Date: 2017-10-10T19:53:53.491
  Event ID: 44
  Task: Windows Update Agent
  Level: Information
  Opcode: Download
  Keyword: Download,Started
  User: S-1-5-18
  User Name: NT-AUTORITÄT\SYSTEM
  Computer: DESKTOP-G0L88JA
  Description: 
Windows Update started downloading an update.

Event[1540]:
  Log Name: System
  Source: Microsoft-Windows-WindowsUpdateClient
  Date: 2017-10-10T19:53:53.491
  Event ID: 44
  Task: Windows Update Agent
  Level: Information
  Opcode: Download
  Keyword: Download,Started
  User: S-1-5-18
  User Name: NT-AUTORITÄT\SYSTEM
  Computer: DESKTOP-G0L88JA
  Description: 
Windows Update started downloading an update.

Event[1541]:
  Log Name: System
  Source: Microsoft-Windows-WindowsUpdateClient
  Date: 2017-10-10T19:53:59.742
  Event ID: 43
  Task: Windows Update Agent
  Level: Information
  Opcode: Installation
  Keyword: Installation,Started
  User: S-1-5-18
  User Name: NT-AUTORITÄT\SYSTEM
  Computer: DESKTOP-G0L88JA
  Description: 
Installation Started: Windows has started installing the following update: 9NBLGGH51CLL-Microsoft.Services.Store.Engagement

Event[1542]:
  Log Name: System
  Source: Microsoft-Windows-WindowsUpdateClient
  Date: 2017-10-10T19:54:00.795
  Event ID: 19
  Task: Windows Update Agent
  Level: Information
  Opcode: Installation
  Keyword: Installation,Success
  User: S-1-5-18
  User Name: NT-AUTORITÄT\SYSTEM
  Computer: DESKTOP-G0L88JA
  Description: 
Installation Successful: Windows successfully installed the following update: 9NBLGGH51CLL-Microsoft.Services.Store.Engagement

Event[1543]:
  Log Name: System
  Source: Microsoft-Windows-WindowsUpdateClient
  Date: 2017-10-10T19:54:00.808
  Event ID: 43
  Task: Windows Update Agent
  Level: Information
  Opcode: Installation
  Keyword: Installation,Started
  User: S-1-5-18
  User Name: NT-AUTORITÄT\SYSTEM
  Computer: DESKTOP-G0L88JA
  Description: 
Installation Started: Windows has started installing the following update: 9NBLGGH2JHXJ-Microsoft.MinecraftUWP

Event[1544]:
  Log Name: System
  Source: Microsoft-Windows-WindowsUpdateClient
  Date: 2017-10-10T19:54:01.362
  Event ID: 19
  Task: Windows Update Agent
  Level: Information
  Opcode: Installation
  Keyword: Installation,Success
  User: S-1-5-18
  User Name: NT-AUTORITÄT\SYSTEM
  Computer: DESKTOP-G0L88JA
  Description: 
Installation Successful: Windows successfully installed the following update: 9NBLGGH2JHXJ-Microsoft.MinecraftUWP

Event[1545]:
  Log Name: System
  Source: Microsoft-Windows-WindowsUpdateClient
  Date: 2017-10-10T19:54:06.415
  Event ID: 44
  Task: Windows Update Agent
  Level: Information
  Opcode: Download
  Keyword: Download,Started
  User: S-1-5-18
  User Name: NT-AUTORITÄT\SYSTEM
  Computer: DESKTOP-G0L88JA
  Description: 
Windows Update started downloading an update.

Event[1546]:
  Log Name: System
  Source: Microsoft-Windows-Kernel-General
  Date: 2017-10-10T19:54:14.269
  Event ID: 16
  Task: N/A
  Level: Information
  Opcode: Info
  Keyword: N/A
  User: S-1-5-18
  User Name: NT-AUTORITÄT\SYSTEM
  Computer: DESKTOP-G0L88JA
  Description: 
The access history in hive \??\C:\ProgramData\Microsoft\Windows\AppRepository\Packages\Microsoft.DesktopAppInstaller_1.0.10332.0_x64__8wekyb3d8bbwe\ActivationStore.dat was cleared updating 0 keys and creating 0 modified pages.

Event[1547]:
  Log Name: System
  Source: Microsoft-Windows-WindowsUpdateClient
  Date: 2017-10-10T19:54:14.900
  Event ID: 43
  Task: Windows Update Agent
  Level: Information
  Opcode: Installation
  Keyword: Installation,Started
  User: S-1-5-18
  User Name: NT-AUTORITÄT\SYSTEM
  Computer: DESKTOP-G0L88JA
  Description: 
Installation Started: Windows has started installing the following update: 9NBLGGH4NNS1-Microsoft.DesktopAppInstaller

Event[1548]:
  Log Name: System
  Source: Microsoft-Windows-WindowsUpdateClient
  Date: 2017-10-10T19:54:16.675
  Event ID: 19
  Task: Windows Update Agent
  Level: Information
  Opcode: Installation
  Keyword: Installation,Success
  User: S-1-5-18
  User Name: NT-AUTORITÄT\SYSTEM
  Computer: DESKTOP-G0L88JA
  Description: 
Installation Successful: Windows successfully installed the following update: 9NBLGGH4NNS1-Microsoft.DesktopAppInstaller

Event[1549]:
  Log Name: System
  Source: Microsoft-Windows-WindowsUpdateClient
  Date: 2017-10-10T19:54:23.211
  Event ID: 44
  Task: Windows Update Agent
  Level: Information
  Opcode: Download
  Keyword: Download,Started
  User: S-1-5-18
  User Name: NT-AUTORITÄT\SYSTEM
  Computer: DESKTOP-G0L88JA
  Description: 
Windows Update started downloading an update.

Event[1550]:
  Log Name: System
  Source: Microsoft-Windows-Kernel-General
  Date: 2017-10-10T19:54:41.762
  Event ID: 16
  Task: N/A
  Level: Information
  Opcode: Info
  Keyword: N/A
  User: S-1-5-18
  User Name: NT-AUTORITÄT\SYSTEM
  Computer: DESKTOP-G0L88JA
  Description: 
The access history in hive \??\C:\ProgramData\Microsoft\Windows\AppRepository\Packages\Microsoft.3DBuilder_14.1.1302.0_x64__8wekyb3d8bbwe\ActivationStore.dat was cleared updating 0 keys and creating 0 modified pages.

Event[1551]:
  Log Name: System
  Source: Microsoft-Windows-WindowsUpdateClient
  Date: 2017-10-10T19:54:42.224
  Event ID: 43
  Task: Windows Update Agent
  Level: Information
  Opcode: Installation
  Keyword: Installation,Started
  User: S-1-5-18
  User Name: NT-AUTORITÄT\SYSTEM
  Computer: DESKTOP-G0L88JA
  Description: 
Installation Started: Windows has started installing the following update: 9WZDNCRFJ3T6-Microsoft.3DBuilder

Event[1552]:
  Log Name: System
  Source: Microsoft-Windows-WindowsUpdateClient
  Date: 2017-10-10T19:54:43.304
  Event ID: 19
  Task: Windows Update Agent
  Level: Information
  Opcode: Installation
  Keyword: Installation,Success
  User: S-1-5-18
  User Name: NT-AUTORITÄT\SYSTEM
  Computer: DESKTOP-G0L88JA
  Description: 
Installation Successful: Windows successfully installed the following update: 9WZDNCRFJ3T6-Microsoft.3DBuilder

Event[1553]:
  Log Name: System
  Source: Microsoft-Windows-WindowsUpdateClient
  Date: 2017-10-10T19:54:48.914
  Event ID: 44
  Task: Windows Update Agent
  Level: Information
  Opcode: Download
  Keyword: Download,Started
  User: S-1-5-18
  User Name: NT-AUTORITÄT\SYSTEM
  Computer: DESKTOP-G0L88JA
  Description: 
Windows Update started downloading an update.

Event[1554]:
  Log Name: System
  Source: Microsoft-Windows-Kernel-General
  Date: 2017-10-10T19:54:49.330
  Event ID: 16
  Task: N/A
  Level: Information
  Opcode: Info
  Keyword: N/A
  User: S-1-5-18
  User Name: NT-AUTORITÄT\SYSTEM
  Computer: DESKTOP-G0L88JA
  Description: 
The access history in hive \??\C:\ProgramData\Microsoft\Windows\AppRepository\Packages\Microsoft.XboxIdentityProvider_11.29.23003.0_x64__8wekyb3d8bbwe\ActivationStore.dat was cleared updating 0 keys and creating 0 modified pages.

Event[1555]:
  Log Name: System
  Source: Microsoft-Windows-WindowsUpdateClient
  Date: 2017-10-10T19:54:49.773
  Event ID: 43
  Task: Windows Update Agent
  Level: Information
  Opcode: Installation
  Keyword: Installation,Started
  User: S-1-5-18
  User Name: NT-AUTORITÄT\SYSTEM
  Computer: DESKTOP-G0L88JA
  Description: 
Installation Started: Windows has started installing the following update: 9WZDNCRD1HKW-Microsoft.XboxIdentityProvider

Event[1556]:
  Log Name: System
  Source: Microsoft-Windows-WindowsUpdateClient
  Date: 2017-10-10T19:54:50.637
  Event ID: 19
  Task: Windows Update Agent
  Level: Information
  Opcode: Installation
  Keyword: Installation,Success
  User: S-1-5-18
  User Name: NT-AUTORITÄT\SYSTEM
  Computer: DESKTOP-G0L88JA
  Description: 
Installation Successful: Windows successfully installed the following update: 9WZDNCRD1HKW-Microsoft.XboxIdentityProvider

Event[1557]:
  Log Name: System
  Source: Microsoft-Windows-WindowsUpdateClient
  Date: 2017-10-10T19:54:55.513
  Event ID: 44
  Task: Windows Update Agent
  Level: Information
  Opcode: Download
  Keyword: Download,Started
  User: S-1-5-18
  User Name: NT-AUTORITÄT\SYSTEM
  Computer: DESKTOP-G0L88JA
  Description: 
Windows Update started downloading an update.

Event[1558]:
  Log Name: System
  Source: Microsoft-Windows-Kernel-General
  Date: 2017-10-10T19:54:56.466
  Event ID: 16
  Task: N/A
  Level: Information
  Opcode: Info
  Keyword: N/A
  User: S-1-5-18
  User Name: NT-AUTORITÄT\SYSTEM
  Computer: DESKTOP-G0L88JA
  Description: 
The access history in hive \??\C:\ProgramData\Microsoft\Windows\AppRepository\Packages\Microsoft.XboxGameOverlay_1.21.11001.0_x64__8wekyb3d8bbwe\ActivationStore.dat was cleared updating 0 keys and creating 0 modified pages.

Event[1559]:
  Log Name: System
  Source: Microsoft-Windows-WindowsUpdateClient
  Date: 2017-10-10T19:54:56.882
  Event ID: 43
  Task: Windows Update Agent
  Level: Information
  Opcode: Installation
  Keyword: Installation,Started
  User: S-1-5-18
  User Name: NT-AUTORITÄT\SYSTEM
  Computer: DESKTOP-G0L88JA
  Description: 
Installation Started: Windows has started installing the following update: 9NBLGGH537C2-Microsoft.XboxGameOverlay

Event[1560]:
  Log Name: System
  Source: Microsoft-Windows-WindowsUpdateClient
  Date: 2017-10-10T19:54:57.918
  Event ID: 19
  Task: Windows Update Agent
  Level: Information
  Opcode: Installation
  Keyword: Installation,Success
  User: S-1-5-18
  User Name: NT-AUTORITÄT\SYSTEM
  Computer: DESKTOP-G0L88JA
  Description: 
Installation Successful: Windows successfully installed the following update: 9NBLGGH537C2-Microsoft.XboxGameOverlay

Event[1561]:
  Log Name: System
  Source: Microsoft-Windows-WindowsUpdateClient
  Date: 2017-10-10T19:55:03.556
  Event ID: 44
  Task: Windows Update Agent
  Level: Information
  Opcode: Download
  Keyword: Download,Started
  User: S-1-5-18
  User Name: NT-AUTORITÄT\SYSTEM
  Computer: DESKTOP-G0L88JA
  Description: 
Windows Update started downloading an update.

Event[1562]:
  Log Name: System
  Source: Microsoft-Windows-Kernel-General
  Date: 2017-10-10T19:55:14.992
  Event ID: 16
  Task: N/A
  Level: Information
  Opcode: Info
  Keyword: N/A
  User: S-1-5-18
  User Name: NT-AUTORITÄT\SYSTEM
  Computer: DESKTOP-G0L88JA
  Description: 
The access history in hive \??\C:\ProgramData\Microsoft\Windows\AppRepository\Packages\Microsoft.BingWeather_4.21.2212.0_x64__8wekyb3d8bbwe\ActivationStore.dat was cleared updating 0 keys and creating 0 modified pages.

Event[1563]:
  Log Name: System
  Source: Microsoft-Windows-WindowsUpdateClient
  Date: 2017-10-10T19:55:15.648
  Event ID: 43
  Task: Windows Update Agent
  Level: Information
  Opcode: Installation
  Keyword: Installation,Started
  User: S-1-5-18
  User Name: NT-AUTORITÄT\SYSTEM
  Computer: DESKTOP-G0L88JA
  Description: 
Installation Started: Windows has started installing the following update: 9WZDNCRFJ3Q2-Microsoft.BingWeather

Event[1564]:
  Log Name: System
  Source: Microsoft-Windows-WindowsUpdateClient
  Date: 2017-10-10T19:55:17.016
  Event ID: 19
  Task: Windows Update Agent
  Level: Information
  Opcode: Installation
  Keyword: Installation,Success
  User: S-1-5-18
  User Name: NT-AUTORITÄT\SYSTEM
  Computer: DESKTOP-G0L88JA
  Description: 
Installation Successful: Windows successfully installed the following update: 9WZDNCRFJ3Q2-Microsoft.BingWeather

Event[1565]:
  Log Name: System
  Source: Microsoft-Windows-WindowsUpdateClient
  Date: 2017-10-10T19:55:21.763
  Event ID: 44
  Task: Windows Update Agent
  Level: Information
  Opcode: Download
  Keyword: Download,Started
  User: S-1-5-18
  User Name: NT-AUTORITÄT\SYSTEM
  Computer: DESKTOP-G0L88JA
  Description: 
Windows Update started downloading an update.

Event[1566]:
  Log Name: System
  Source: Microsoft-Windows-Kernel-General
  Date: 2017-10-10T19:55:50.176
  Event ID: 16
  Task: N/A
  Level: Information
  Opcode: Info
  Keyword: N/A
  User: S-1-5-18
  User Name: NT-AUTORITÄT\SYSTEM
  Computer: DESKTOP-G0L88JA
  Description: 
The access history in hive \??\C:\ProgramData\Microsoft\Windows\AppRepository\Packages\Microsoft.MicrosoftSolitaireCollection_3.17.8162.0_x64__8wekyb3d8bbwe\ActivationStore.dat was cleared updating 0 keys and creating 0 modified pages.

Event[1567]:
  Log Name: System
  Source: Microsoft-Windows-WindowsUpdateClient
  Date: 2017-10-10T19:55:50.646
  Event ID: 43
  Task: Windows Update Agent
  Level: Information
  Opcode: Installation
  Keyword: Installation,Started
  User: S-1-5-18
  User Name: NT-AUTORITÄT\SYSTEM
  Computer: DESKTOP-G0L88JA
  Description: 
Installation Started: Windows has started installing the following update: 9WZDNCRFHWD2-Microsoft.MicrosoftSolitaireCollection

Event[1568]:
  Log Name: System
  Source: Microsoft-Windows-WindowsUpdateClient
  Date: 2017-10-10T19:55:52.030
  Event ID: 19
  Task: Windows Update Agent
  Level: Information
  Opcode: Installation
  Keyword: Installation,Success
  User: S-1-5-18
  User Name: NT-AUTORITÄT\SYSTEM
  Computer: DESKTOP-G0L88JA
  Description: 
Installation Successful: Windows successfully installed the following update: 9WZDNCRFHWD2-Microsoft.MicrosoftSolitaireCollection

Event[1569]:
  Log Name: System
  Source: Microsoft-Windows-UserModePowerService
  Date: 2017-10-10T19:55:56.884
  Event ID: 12
  Task: N/A
  Level: Information
  Opcode: Info
  Keyword: N/A
  User: S-1-5-18
  User Name: NT-AUTORITÄT\SYSTEM
  Computer: DESKTOP-G0L88JA
  Description: 
Process C:\Windows\ImmersiveControlPanel\SystemSettings.exe (process ID:8408) reset policy scheme from {381B4222-F694-41F0-9685-FF5BB260DF2E} to {381B4222-F694-41F0-9685-FF5BB260DF2E}

Event[1570]:
  Log Name: System
  Source: Microsoft-Windows-WindowsUpdateClient
  Date: 2017-10-10T19:55:56.910
  Event ID: 44
  Task: Windows Update Agent
  Level: Information
  Opcode: Download
  Keyword: Download,Started
  User: S-1-5-18
  User Name: NT-AUTORITÄT\SYSTEM
  Computer: DESKTOP-G0L88JA
  Description: 
Windows Update started downloading an update.

Event[1571]:
  Log Name: System
  Source: Microsoft-Windows-Kernel-General
  Date: 2017-10-10T19:56:01.643
  Event ID: 16
  Task: N/A
  Level: Information
  Opcode: Info
  Keyword: N/A
  User: S-1-5-18
  User Name: NT-AUTORITÄT\SYSTEM
  Computer: DESKTOP-G0L88JA
  Description: 
The access history in hive \??\C:\ProgramData\Microsoft\Windows\AppRepository\Packages\Microsoft.MicrosoftStickyNotes_1.8.0.0_x64__8wekyb3d8bbwe\ActivationStore.dat was cleared updating 0 keys and creating 0 modified pages.

Event[1572]:
  Log Name: System
  Source: Microsoft-Windows-WindowsUpdateClient
  Date: 2017-10-10T19:56:02.139
  Event ID: 43
  Task: Windows Update Agent
  Level: Information
  Opcode: Installation
  Keyword: Installation,Started
  User: S-1-5-18
  User Name: NT-AUTORITÄT\SYSTEM
  Computer: DESKTOP-G0L88JA
  Description: 
Installation Started: Windows has started installing the following update: 9NBLGGH4QGHW-Microsoft.MicrosoftStickyNotes

Event[1573]:
  Log Name: System
  Source: Microsoft-Windows-WindowsUpdateClient
  Date: 2017-10-10T19:56:03.311
  Event ID: 19
  Task: Windows Update Agent
  Level: Information
  Opcode: Installation
  Keyword: Installation,Success
  User: S-1-5-18
  User Name: NT-AUTORITÄT\SYSTEM
  Computer: DESKTOP-G0L88JA
  Description: 
Installation Successful: Windows successfully installed the following update: 9NBLGGH4QGHW-Microsoft.MicrosoftStickyNotes

Event[1574]:
  Log Name: System
  Source: Microsoft-Windows-WindowsUpdateClient
  Date: 2017-10-10T19:56:08.044
  Event ID: 44
  Task: Windows Update Agent
  Level: Information
  Opcode: Download
  Keyword: Download,Started
  User: S-1-5-18
  User Name: NT-AUTORITÄT\SYSTEM
  Computer: DESKTOP-G0L88JA
  Description: 
Windows Update started downloading an update.

Event[1575]:
  Log Name: System
  Source: Microsoft-Windows-Kernel-General
  Date: 2017-10-10T19:56:15.870
  Event ID: 16
  Task: N/A
  Level: Information
  Opcode: Info
  Keyword: N/A
  User: S-1-5-18
  User Name: NT-AUTORITÄT\SYSTEM
  Computer: DESKTOP-G0L88JA
  Description: 
The access history in hive \??\C:\ProgramData\Microsoft\Windows\AppRepository\Packages\king.com.BubbleWitch3Saga_3.4.3.0_x86__kgqvnymyfvs32\ActivationStore.dat was cleared updating 0 keys and creating 0 modified pages.

Event[1576]:
  Log Name: System
  Source: Microsoft-Windows-WindowsUpdateClient
  Date: 2017-10-10T19:56:16.598
  Event ID: 19
  Task: Windows Update Agent
  Level: Information
  Opcode: Installation
  Keyword: Installation,Success
  User: S-1-5-18
  User Name: NT-AUTORITÄT\SYSTEM
  Computer: DESKTOP-G0L88JA
  Description: 
Installation Successful: Windows successfully installed the following update: 9NBLGGH51CLL-Microsoft.Services.Store.Engagement

Event[1577]:
  Log Name: System
  Source: Microsoft-Windows-WindowsUpdateClient
  Date: 2017-10-10T19:56:16.613
  Event ID: 43
  Task: Windows Update Agent
  Level: Information
  Opcode: Installation
  Keyword: Installation,Started
  User: S-1-5-18
  User Name: NT-AUTORITÄT\SYSTEM
  Computer: DESKTOP-G0L88JA
  Description: 
Installation Started: Windows has started installing the following update: 9PHNB71MKR4J-king.com.BubbleWitch3Saga

Event[1578]:
  Log Name: System
  Source: Microsoft-Windows-WindowsUpdateClient
  Date: 2017-10-10T19:56:17.143
  Event ID: 19
  Task: Windows Update Agent
  Level: Information
  Opcode: Installation
  Keyword: Installation,Success
  User: S-1-5-18
  User Name: NT-AUTORITÄT\SYSTEM
  Computer: DESKTOP-G0L88JA
  Description: 
Installation Successful: Windows successfully installed the following update: 9PHNB71MKR4J-king.com.BubbleWitch3Saga

Event[1579]:
  Log Name: System
  Source: Microsoft-Windows-WindowsUpdateClient
  Date: 2017-10-10T19:56:22.292
  Event ID: 44
  Task: Windows Update Agent
  Level: Information
  Opcode: Download
  Keyword: Download,Started
  User: S-1-5-18
  User Name: NT-AUTORITÄT\SYSTEM
  Computer: DESKTOP-G0L88JA
  Description: 
Windows Update started downloading an update.

Event[1580]:
  Log Name: System
  Source: Microsoft-Windows-Kernel-General
  Date: 2017-10-10T19:56:24.329
  Event ID: 16
  Task: N/A
  Level: Information
  Opcode: Info
  Keyword: N/A
  User: S-1-5-18
  User Name: NT-AUTORITÄT\SYSTEM
  Computer: DESKTOP-G0L88JA
  Description: 
The access history in hive \??\C:\ProgramData\Microsoft\Windows\AppRepository\Packages\Microsoft.ZuneVideo_10.17082.14121.0_x64__8wekyb3d8bbwe\ActivationStore.dat was cleared updating 0 keys and creating 0 modified pages.

Event[1581]:
  Log Name: System
  Source: Microsoft-Windows-WindowsUpdateClient
  Date: 2017-10-10T19:56:24.831
  Event ID: 43
  Task: Windows Update Agent
  Level: Information
  Opcode: Installation
  Keyword: Installation,Started
  User: S-1-5-18
  User Name: NT-AUTORITÄT\SYSTEM
  Computer: DESKTOP-G0L88JA
  Description: 
Installation Started: Windows has started installing the following update: 9WZDNCRFJ3P2-Microsoft.ZuneVideo

Event[1582]:
  Log Name: System
  Source: Microsoft-Windows-WindowsUpdateClient
  Date: 2017-10-10T19:56:26.054
  Event ID: 19
  Task: Windows Update Agent
  Level: Information
  Opcode: Installation
  Keyword: Installation,Success
  User: S-1-5-18
  User Name: NT-AUTORITÄT\SYSTEM
  Computer: DESKTOP-G0L88JA
  Description: 
Installation Successful: Windows successfully installed the following update: 9WZDNCRFJ3P2-Microsoft.ZuneVideo

Event[1583]:
  Log Name: System
  Source: Microsoft-Windows-WindowsUpdateClient
  Date: 2017-10-10T19:56:31.432
  Event ID: 44
  Task: Windows Update Agent
  Level: Information
  Opcode: Download
  Keyword: Download,Started
  User: S-1-5-18
  User Name: NT-AUTORITÄT\SYSTEM
  Computer: DESKTOP-G0L88JA
  Description: 
Windows Update started downloading an update.

Event[1584]:
  Log Name: System
  Source: Microsoft-Windows-Kernel-General
  Date: 2017-10-10T19:56:33.763
  Event ID: 16
  Task: N/A
  Level: Information
  Opcode: Info
  Keyword: N/A
  User: S-1-5-18
  User Name: NT-AUTORITÄT\SYSTEM
  Computer: DESKTOP-G0L88JA
  Description: 
The access history in hive \??\C:\ProgramData\Microsoft\Windows\AppRepository\Packages\Microsoft.OneConnect_2.1709.2484.0_x64__8wekyb3d8bbwe\ActivationStore.dat was cleared updating 0 keys and creating 0 modified pages.

Event[1585]:
  Log Name: System
  Source: Microsoft-Windows-WindowsUpdateClient
  Date: 2017-10-10T19:56:34.212
  Event ID: 43
  Task: Windows Update Agent
  Level: Information
  Opcode: Installation
  Keyword: Installation,Started
  User: S-1-5-18
  User Name: NT-AUTORITÄT\SYSTEM
  Computer: DESKTOP-G0L88JA
  Description: 
Installation Started: Windows has started installing the following update: 9NBLGGH5PNB1-Microsoft.OneConnect

Event[1586]:
  Log Name: System
  Source: Microsoft-Windows-WindowsUpdateClient
  Date: 2017-10-10T19:56:35.635
  Event ID: 19
  Task: Windows Update Agent
  Level: Information
  Opcode: Installation
  Keyword: Installation,Success
  User: S-1-5-18
  User Name: NT-AUTORITÄT\SYSTEM
  Computer: DESKTOP-G0L88JA
  Description: 
Installation Successful: Windows successfully installed the following update: 9NBLGGH5PNB1-Microsoft.OneConnect

Event[1587]:
  Log Name: System
  Source: Microsoft-Windows-Kernel-General
  Date: 2017-10-10T19:56:40.442
  Event ID: 16
  Task: N/A
  Level: Information
  Opcode: Info
  Keyword: N/A
  User: S-1-5-18
  User Name: NT-AUTORITÄT\SYSTEM
  Computer: DESKTOP-G0L88JA
  Description: 
The access history in hive \??\C:\ProgramData\Microsoft\Windows\AppRepository\Packages\Microsoft.People_10.2.1451.0_x64__8wekyb3d8bbwe\ActivationStore.dat was cleared updating 0 keys and creating 0 modified pages.

Event[1588]:
  Log Name: System
  Source: Microsoft-Windows-WindowsUpdateClient
  Date: 2017-10-10T19:56:40.713
  Event ID: 44
  Task: Windows Update Agent
  Level: Information
  Opcode: Download
  Keyword: Download,Started
  User: S-1-5-18
  User Name: NT-AUTORITÄT\SYSTEM
  Computer: DESKTOP-G0L88JA
  Description: 
Windows Update started downloading an update.

Event[1589]:
  Log Name: System
  Source: Microsoft-Windows-WindowsUpdateClient
  Date: 2017-10-10T19:56:40.868
  Event ID: 43
  Task: Windows Update Agent
  Level: Information
  Opcode: Installation
  Keyword: Installation,Started
  User: S-1-5-18
  User Name: NT-AUTORITÄT\SYSTEM
  Computer: DESKTOP-G0L88JA
  Description: 
Installation Started: Windows has started installing the following update: 9NBLGGH10PG8-Microsoft.People

Event[1590]:
  Log Name: System
  Source: Microsoft-Windows-WindowsUpdateClient
  Date: 2017-10-10T19:56:42.292
  Event ID: 19
  Task: Windows Update Agent
  Level: Information
  Opcode: Installation
  Keyword: Installation,Success
  User: S-1-5-18
  User Name: NT-AUTORITÄT\SYSTEM
  Computer: DESKTOP-G0L88JA
  Description: 
Installation Successful: Windows successfully installed the following update: 9NBLGGH10PG8-Microsoft.People

Event[1591]:
  Log Name: System
  Source: Microsoft-Windows-WindowsUpdateClient
  Date: 2017-10-10T19:56:47.133
  Event ID: 44
  Task: Windows Update Agent
  Level: Information
  Opcode: Download
  Keyword: Download,Started
  User: S-1-5-18
  User Name: NT-AUTORITÄT\SYSTEM
  Computer: DESKTOP-G0L88JA
  Description: 
Windows Update started downloading an update.

Event[1592]:
  Log Name: System
  Source: Microsoft-Windows-Kernel-General
  Date: 2017-10-10T19:56:51.097
  Event ID: 16
  Task: N/A
  Level: Information
  Opcode: Info
  Keyword: N/A
  User: S-1-5-18
  User Name: NT-AUTORITÄT\SYSTEM
  Computer: DESKTOP-G0L88JA
  Description: 
The access history in hive \??\C:\ProgramData\Microsoft\Windows\AppRepository\Packages\Microsoft.MSPaint_3.1709.13037.0_x64__8wekyb3d8bbwe\ActivationStore.dat was cleared updating 0 keys and creating 0 modified pages.

Event[1593]:
  Log Name: System
  Source: Microsoft-Windows-Kernel-General
  Date: 2017-10-10T19:56:59.291
  Event ID: 16
  Task: N/A
  Level: Information
  Opcode: Info
  Keyword: N/A
  User: S-1-5-18
  User Name: NT-AUTORITÄT\SYSTEM
  Computer: DESKTOP-G0L88JA
  Description: 
The access history in hive \??\C:\ProgramData\Microsoft\Windows\AppRepository\Packages\king.com.CandyCrushSodaSaga_1.98.500.0_x86__kgqvnymyfvs32\ActivationStore.dat was cleared updating 0 keys and creating 0 modified pages.

Event[1594]:
  Log Name: System
  Source: Microsoft-Windows-Kernel-General
  Date: 2017-10-10T19:56:59.322
  Event ID: 16
  Task: N/A
  Level: Information
  Opcode: Info
  Keyword: N/A
  User: S-1-5-18
  User Name: NT-AUTORITÄT\SYSTEM
  Computer: DESKTOP-G0L88JA
  Description: 
The access history in hive \??\C:\ProgramData\Microsoft\Windows\AppRepository\Packages\Microsoft.WindowsFeedbackHub_1.1705.2121.0_x64__8wekyb3d8bbwe\ActivationStore.dat was cleared updating 0 keys and creating 0 modified pages.

Event[1595]:
  Log Name: System
  Source: Microsoft-Windows-WindowsUpdateClient
  Date: 2017-10-10T19:56:59.489
  Event ID: 43
  Task: Windows Update Agent
  Level: Information
  Opcode: Installation
  Keyword: Installation,Started
  User: S-1-5-18
  User Name: NT-AUTORITÄT\SYSTEM
  Computer: DESKTOP-G0L88JA
  Description: 
Installation Started: Windows has started installing the following update: 9NBLGGH5FV99-Microsoft.MSPaint

Event[1596]:
  Log Name: System
  Source: Microsoft-Windows-WindowsUpdateClient
  Date: 2017-10-10T19:57:00.584
  Event ID: 19
  Task: Windows Update Agent
  Level: Information
  Opcode: Installation
  Keyword: Installation,Success
  User: S-1-5-18
  User Name: NT-AUTORITÄT\SYSTEM
  Computer: DESKTOP-G0L88JA
  Description: 
Installation Successful: Windows successfully installed the following update: 9NBLGGH5FV99-Microsoft.MSPaint

Event[1597]:
  Log Name: System
  Source: Microsoft-Windows-WindowsUpdateClient
  Date: 2017-10-10T19:57:04.208
  Event ID: 44
  Task: Windows Update Agent
  Level: Information
  Opcode: Download
  Keyword: Download,Started
  User: S-1-5-18
  User Name: NT-AUTORITÄT\SYSTEM
  Computer: DESKTOP-G0L88JA
  Description: 
Windows Update started downloading an update.

Event[1598]:
  Log Name: System
  Source: Microsoft-Windows-WindowsUpdateClient
  Date: 2017-10-10T19:57:04.208
  Event ID: 43
  Task: Windows Update Agent
  Level: Information
  Opcode: Installation
  Keyword: Installation,Started
  User: S-1-5-18
  User Name: NT-AUTORITÄT\SYSTEM
  Computer: DESKTOP-G0L88JA
  Description: 
Installation Started: Windows has started installing the following update: 9NBLGGH4R32N-Microsoft.WindowsFeedbackHub

Event[1599]:
  Log Name: System
  Source: Microsoft-Windows-WindowsUpdateClient
  Date: 2017-10-10T19:57:05.217
  Event ID: 19
  Task: Windows Update Agent
  Level: Information
  Opcode: Installation
  Keyword: Installation,Success
  User: S-1-5-18
  User Name: NT-AUTORITÄT\SYSTEM
  Computer: DESKTOP-G0L88JA
  Description: 
Installation Successful: Windows successfully installed the following update: 9NBLGGH4R32N-Microsoft.WindowsFeedbackHub

Event[1600]:
  Log Name: System
  Source: Microsoft-Windows-WindowsUpdateClient
  Date: 2017-10-10T19:57:10.022
  Event ID: 44
  Task: Windows Update Agent
  Level: Information
  Opcode: Download
  Keyword: Download,Started
  User: S-1-5-18
  User Name: NT-AUTORITÄT\SYSTEM
  Computer: DESKTOP-G0L88JA
  Description: 
Windows Update started downloading an update.

Event[1601]:
  Log Name: System
  Source: Microsoft-Windows-Kernel-General
  Date: 2017-10-10T19:57:10.943
  Event ID: 16
  Task: N/A
  Level: Information
  Opcode: Info
  Keyword: N/A
  User: S-1-5-18
  User Name: NT-AUTORITÄT\SYSTEM
  Computer: DESKTOP-G0L88JA
  Description: 
The access history in hive \??\C:\ProgramData\Microsoft\Windows\AppRepository\Packages\Microsoft.WindowsCamera_2017.727.40.0_x64__8wekyb3d8bbwe\ActivationStore.dat was cleared updating 0 keys and creating 0 modified pages.

Event[1602]:
  Log Name: System
  Source: Microsoft-Windows-WindowsUpdateClient
  Date: 2017-10-10T19:57:11.401
  Event ID: 43
  Task: Windows Update Agent
  Level: Information
  Opcode: Installation
  Keyword: Installation,Started
  User: S-1-5-18
  User Name: NT-AUTORITÄT\SYSTEM
  Computer: DESKTOP-G0L88JA
  Description: 
Installation Started: Windows has started installing the following update: 9WZDNCRFJBBG-Microsoft.WindowsCamera

Event[1603]:
  Log Name: System
  Source: Microsoft-Windows-WindowsUpdateClient
  Date: 2017-10-10T19:57:12.372
  Event ID: 19
  Task: Windows Update Agent
  Level: Information
  Opcode: Installation
  Keyword: Installation,Success
  User: S-1-5-18
  User Name: NT-AUTORITÄT\SYSTEM
  Computer: DESKTOP-G0L88JA
  Description: 
Installation Successful: Windows successfully installed the following update: 9WZDNCRFJBBG-Microsoft.WindowsCamera

Event[1604]:
  Log Name: System
  Source: Microsoft-Windows-WindowsUpdateClient
  Date: 2017-10-10T19:57:17.958
  Event ID: 44
  Task: Windows Update Agent
  Level: Information
  Opcode: Download
  Keyword: Download,Started
  User: S-1-5-18
  User Name: NT-AUTORITÄT\SYSTEM
  Computer: DESKTOP-G0L88JA
  Description: 
Windows Update started downloading an update.

Event[1605]:
  Log Name: System
  Source: Microsoft-Windows-WindowsUpdateClient
  Date: 2017-10-10T19:57:17.958
  Event ID: 44
  Task: Windows Update Agent
  Level: Information
  Opcode: Download
  Keyword: Download,Started
  User: S-1-5-18
  User Name: NT-AUTORITÄT\SYSTEM
  Computer: DESKTOP-G0L88JA
  Description: 
Windows Update started downloading an update.

Event[1606]:
  Log Name: System
  Source: Microsoft-Windows-WindowsUpdateClient
  Date: 2017-10-10T19:57:30.242
  Event ID: 43
  Task: Windows Update Agent
  Level: Information
  Opcode: Installation
  Keyword: Installation,Started
  User: S-1-5-18
  User Name: NT-AUTORITÄT\SYSTEM
  Computer: DESKTOP-G0L88JA
  Description: 
Installation Started: Windows has started installing the following update: English LanguagePack - Windows 10 Version 1703 for x64-based Systems - (KB4016509) [en-US_LP]

Event[1607]:
  Log Name: System
  Source: Microsoft-Windows-Kernel-General
  Date: 2017-10-10T19:57:33.210
  Event ID: 16
  Task: N/A
  Level: Information
  Opcode: Info
  Keyword: N/A
  User: S-1-5-18
  User Name: NT-AUTORITÄT\SYSTEM
  Computer: DESKTOP-G0L88JA
  Description: 
The access history in hive \??\C:\ProgramData\Microsoft\Windows\AppRepository\Packages\Microsoft.SkypeApp_11.19.856.0_x64__kzf8qxf38zg5c\ActivationStore.dat was cleared updating 0 keys and creating 0 modified pages.

Event[1608]:
  Log Name: System
  Source: Microsoft-Windows-WindowsUpdateClient
  Date: 2017-10-10T19:57:33.786
  Event ID: 43
  Task: Windows Update Agent
  Level: Information
  Opcode: Installation
  Keyword: Installation,Started
  User: S-1-5-18
  User Name: NT-AUTORITÄT\SYSTEM
  Computer: DESKTOP-G0L88JA
  Description: 
Installation Started: Windows has started installing the following update: 9WZDNCRFJ364-Microsoft.SkypeApp

Event[1609]:
  Log Name: System
  Source: Microsoft-Windows-WindowsUpdateClient
  Date: 2017-10-10T19:57:35.833
  Event ID: 19
  Task: Windows Update Agent
  Level: Information
  Opcode: Installation
  Keyword: Installation,Success
  User: S-1-5-18
  User Name: NT-AUTORITÄT\SYSTEM
  Computer: DESKTOP-G0L88JA
  Description: 
Installation Successful: Windows successfully installed the following update: 9WZDNCRFJ364-Microsoft.SkypeApp

Event[1610]:
  Log Name: System
  Source: Microsoft-Windows-WindowsUpdateClient
  Date: 2017-10-10T19:57:41.212
  Event ID: 44
  Task: Windows Update Agent
  Level: Information
  Opcode: Download
  Keyword: Download,Started
  User: S-1-5-18
  User Name: NT-AUTORITÄT\SYSTEM
  Computer: DESKTOP-G0L88JA
  Description: 
Windows Update started downloading an update.

Event[1611]:
  Log Name: System
  Source: Microsoft-Windows-Kernel-General
  Date: 2017-10-10T19:57:48.967
  Event ID: 16
  Task: N/A
  Level: Information
  Opcode: Info
  Keyword: N/A
  User: S-1-5-18
  User Name: NT-AUTORITÄT\SYSTEM
  Computer: DESKTOP-G0L88JA
  Description: 
The access history in hive \??\C:\ProgramData\Microsoft\Windows\AppRepository\Packages\Microsoft.WindowsStore_11708.1001.30.0_x64__8wekyb3d8bbwe\ActivationStore.dat was cleared updating 0 keys and creating 0 modified pages.

Event[1612]:
  Log Name: System
  Source: Microsoft-Windows-WindowsUpdateClient
  Date: 2017-10-10T19:57:49.390
  Event ID: 43
  Task: Windows Update Agent
  Level: Information
  Opcode: Installation
  Keyword: Installation,Started
  User: S-1-5-18
  User Name: NT-AUTORITÄT\SYSTEM
  Computer: DESKTOP-G0L88JA
  Description: 
Installation Started: Windows has started installing the following update: 9WZDNCRFJBMP-Microsoft.WindowsStore

Event[1613]:
  Log Name: System
  Source: Microsoft-Windows-WindowsUpdateClient
  Date: 2017-10-10T19:57:52.510
  Event ID: 19
  Task: Windows Update Agent
  Level: Information
  Opcode: Installation
  Keyword: Installation,Success
  User: S-1-5-18
  User Name: NT-AUTORITÄT\SYSTEM
  Computer: DESKTOP-G0L88JA
  Description: 
Installation Successful: Windows successfully installed the following update: 9WZDNCRFJBMP-Microsoft.WindowsStore

Event[1614]:
  Log Name: System
  Source: Microsoft-Windows-WindowsUpdateClient
  Date: 2017-10-10T19:57:57.351
  Event ID: 44
  Task: Windows Update Agent
  Level: Information
  Opcode: Download
  Keyword: Download,Started
  User: S-1-5-18
  User Name: NT-AUTORITÄT\SYSTEM
  Computer: DESKTOP-G0L88JA
  Description: 
Windows Update started downloading an update.

Event[1615]:
  Log Name: System
  Source: Microsoft-Windows-Kernel-General
  Date: 2017-10-10T19:57:58.417
  Event ID: 16
  Task: N/A
  Level: Information
  Opcode: Info
  Keyword: N/A
  User: S-1-5-18
  User Name: NT-AUTORITÄT\SYSTEM
  Computer: DESKTOP-G0L88JA
  Description: 
The access history in hive \??\C:\ProgramData\Microsoft\Windows\AppRepository\Packages\Microsoft.MicrosoftOfficeHub_17.8414.5925.0_x64__8wekyb3d8bbwe\ActivationStore.dat was cleared updating 0 keys and creating 0 modified pages.

Event[1616]:
  Log Name: System
  Source: Microsoft-Windows-WindowsUpdateClient
  Date: 2017-10-10T19:57:58.847
  Event ID: 43
  Task: Windows Update Agent
  Level: Information
  Opcode: Installation
  Keyword: Installation,Started
  User: S-1-5-18
  User Name: NT-AUTORITÄT\SYSTEM
  Computer: DESKTOP-G0L88JA
  Description: 
Installation Started: Windows has started installing the following update: 9WZDNCRD29V9-Microsoft.MicrosoftOfficeHub

Event[1617]:
  Log Name: System
  Source: Microsoft-Windows-WindowsUpdateClient
  Date: 2017-10-10T19:58:00.327
  Event ID: 19
  Task: Windows Update Agent
  Level: Information
  Opcode: Installation
  Keyword: Installation,Success
  User: S-1-5-18
  User Name: NT-AUTORITÄT\SYSTEM
  Computer: DESKTOP-G0L88JA
  Description: 
Installation Successful: Windows successfully installed the following update: 9WZDNCRD29V9-Microsoft.MicrosoftOfficeHub

Event[1618]:
  Log Name: System
  Source: Microsoft-Windows-WindowsUpdateClient
  Date: 2017-10-10T19:58:05.024
  Event ID: 44
  Task: Windows Update Agent
  Level: Information
  Opcode: Download
  Keyword: Download,Started
  User: S-1-5-18
  User Name: NT-AUTORITÄT\SYSTEM
  Computer: DESKTOP-G0L88JA
  Description: 
Windows Update started downloading an update.

Event[1619]:
  Log Name: System
  Source: Microsoft-Windows-WindowsUpdateClient
  Date: 2017-10-10T19:58:07.255
  Event ID: 44
  Task: Windows Update Agent
  Level: Information
  Opcode: Download
  Keyword: Download,Started
  User: S-1-5-18
  User Name: NT-AUTORITÄT\SYSTEM
  Computer: DESKTOP-G0L88JA
  Description: 
Windows Update started downloading an update.

Event[1620]:
  Log Name: System
  Source: Microsoft-Windows-WindowsUpdateClient
  Date: 2017-10-10T19:58:07.255
  Event ID: 44
  Task: Windows Update Agent
  Level: Information
  Opcode: Download
  Keyword: Download,Started
  User: S-1-5-18
  User Name: NT-AUTORITÄT\SYSTEM
  Computer: DESKTOP-G0L88JA
  Description: 
Windows Update started downloading an update.

Event[1621]:
  Log Name: System
  Source: Microsoft-Windows-WindowsUpdateClient
  Date: 2017-10-10T19:58:07.255
  Event ID: 19
  Task: Windows Update Agent
  Level: Information
  Opcode: Installation
  Keyword: Installation,Success
  User: S-1-5-18
  User Name: NT-AUTORITÄT\SYSTEM
  Computer: DESKTOP-G0L88JA
  Description: 
Installation Successful: Windows successfully installed the following update: 9NBLGGH51CLL-Microsoft.Services.Store.Engagement

Event[1622]:
  Log Name: System
  Source: Microsoft-Windows-WindowsUpdateClient
  Date: 2017-10-10T19:58:07.272
  Event ID: 43
  Task: Windows Update Agent
  Level: Information
  Opcode: Installation
  Keyword: Installation,Started
  User: S-1-5-18
  User Name: NT-AUTORITÄT\SYSTEM
  Computer: DESKTOP-G0L88JA
  Description: 
Installation Started: Windows has started installing the following update: 9NBLGGH1ZRPV-king.com.CandyCrushSodaSaga

Event[1623]:
  Log Name: System
  Source: Microsoft-Windows-WindowsUpdateClient
  Date: 2017-10-10T19:58:08.410
  Event ID: 19
  Task: Windows Update Agent
  Level: Information
  Opcode: Installation
  Keyword: Installation,Success
  User: S-1-5-18
  User Name: NT-AUTORITÄT\SYSTEM
  Computer: DESKTOP-G0L88JA
  Description: 
Installation Successful: Windows successfully installed the following update: 9NBLGGH1ZRPV-king.com.CandyCrushSodaSaga

Event[1624]:
  Log Name: System
  Source: Microsoft-Windows-WindowsUpdateClient
  Date: 2017-10-10T19:58:13.970
  Event ID: 44
  Task: Windows Update Agent
  Level: Information
  Opcode: Download
  Keyword: Download,Started
  User: S-1-5-18
  User Name: NT-AUTORITÄT\SYSTEM
  Computer: DESKTOP-G0L88JA
  Description: 
Windows Update started downloading an update.

Event[1625]:
  Log Name: System
  Source: Microsoft-Windows-Kernel-General
  Date: 2017-10-10T19:58:17.890
  Event ID: 16
  Task: N/A
  Level: Information
  Opcode: Info
  Keyword: N/A
  User: S-1-5-18
  User Name: NT-AUTORITÄT\SYSTEM
  Computer: DESKTOP-G0L88JA
  Description: 
The access history in hive \??\C:\ProgramData\Microsoft\Windows\AppRepository\Packages\Microsoft.StorePurchaseApp_11707.1707.25006.0_x64__8wekyb3d8bbwe\ActivationStore.dat was cleared updating 0 keys and creating 0 modified pages.

Event[1626]:
  Log Name: System
  Source: Microsoft-Windows-WindowsUpdateClient
  Date: 2017-10-10T19:58:18.655
  Event ID: 43
  Task: Windows Update Agent
  Level: Information
  Opcode: Installation
  Keyword: Installation,Started
  User: S-1-5-18
  User Name: NT-AUTORITÄT\SYSTEM
  Computer: DESKTOP-G0L88JA
  Description: 
Installation Started: Windows has started installing the following update: 9NBLGGH4LS1F-Microsoft.StorePurchaseApp

Event[1627]:
  Log Name: System
  Source: Microsoft-Windows-Kernel-General
  Date: 2017-10-10T19:58:19.055
  Event ID: 16
  Task: N/A
  Level: Information
  Opcode: Info
  Keyword: N/A
  User: S-1-5-18
  User Name: NT-AUTORITÄT\SYSTEM
  Computer: DESKTOP-G0L88JA
  Description: 
The access history in hive \??\C:\ProgramData\Microsoft\Windows\AppRepository\Packages\Microsoft.WindowsAlarms_10.1709.2621.0_x64__8wekyb3d8bbwe\ActivationStore.dat was cleared updating 0 keys and creating 0 modified pages.

Event[1628]:
  Log Name: System
  Source: Microsoft-Windows-WindowsUpdateClient
  Date: 2017-10-10T19:58:20.992
  Event ID: 19
  Task: Windows Update Agent
  Level: Information
  Opcode: Installation
  Keyword: Installation,Success
  User: S-1-5-18
  User Name: NT-AUTORITÄT\SYSTEM
  Computer: DESKTOP-G0L88JA
  Description: 
Installation Successful: Windows successfully installed the following update: 9NBLGGH4LS1F-Microsoft.StorePurchaseApp

Event[1629]:
  Log Name: System
  Source: Microsoft-Windows-WindowsUpdateClient
  Date: 2017-10-10T19:58:21.072
  Event ID: 43
  Task: Windows Update Agent
  Level: Information
  Opcode: Installation
  Keyword: Installation,Started
  User: S-1-5-18
  User Name: NT-AUTORITÄT\SYSTEM
  Computer: DESKTOP-G0L88JA
  Description: 
Installation Started: Windows has started installing the following update: 9WZDNCRFJ3PR-Microsoft.WindowsAlarms

Event[1630]:
  Log Name: System
  Source: Microsoft-Windows-WindowsUpdateClient
  Date: 2017-10-10T19:58:22.998
  Event ID: 44
  Task: Windows Update Agent
  Level: Information
  Opcode: Download
  Keyword: Download,Started
  User: S-1-5-18
  User Name: NT-AUTORITÄT\SYSTEM
  Computer: DESKTOP-G0L88JA
  Description: 
Windows Update started downloading an update.

Event[1631]:
  Log Name: System
  Source: Microsoft-Windows-WindowsUpdateClient
  Date: 2017-10-10T19:58:22.998
  Event ID: 19
  Task: Windows Update Agent
  Level: Information
  Opcode: Installation
  Keyword: Installation,Success
  User: S-1-5-18
  User Name: NT-AUTORITÄT\SYSTEM
  Computer: DESKTOP-G0L88JA
  Description: 
Installation Successful: Windows successfully installed the following update: 9WZDNCRFJ3PR-Microsoft.WindowsAlarms

Event[1632]:
  Log Name: System
  Source: Microsoft-Windows-WindowsUpdateClient
  Date: 2017-10-10T19:58:28.158
  Event ID: 44
  Task: Windows Update Agent
  Level: Information
  Opcode: Download
  Keyword: Download,Started
  User: S-1-5-18
  User Name: NT-AUTORITÄT\SYSTEM
  Computer: DESKTOP-G0L88JA
  Description: 
Windows Update started downloading an update.

Event[1633]:
