  Log Name: System
  Source: Microsoft-Windows-Kernel-General
  Date: 2017-10-09T01:47:21.016
  Event ID: 16
  Task: N/A
  Level: Information
  Opcode: Info
  Keyword: N/A
  User: S-1-5-21-4282956347-1596572213-1314336134-1001
  User Name: DESKTOP-G0L88JA\Christian
  Computer: DESKTOP-G0L88JA
  Description: 
The access history in hive \??\C:\Users\Christian\AppData\Local\Packages\Microsoft.CredDialogHost_cw5n1h2txyewy\Settings\settings.dat was cleared updating 3 keys and creating 1 modified pages.

Event[545]:
  Log Name: System
  Source: Microsoft-Windows-Kernel-General
  Date: 2017-10-09T01:47:21.155
  Event ID: 16
  Task: N/A
  Level: Information
  Opcode: Info
  Keyword: N/A
  User: S-1-5-21-4282956347-1596572213-1314336134-1001
  User Name: DESKTOP-G0L88JA\Christian
  Computer: DESKTOP-G0L88JA
  Description: 
The access history in hive \??\C:\Users\Christian\AppData\Local\Packages\Microsoft.LockApp_cw5n1h2txyewy\Settings\settings.dat was cleared updating 3 keys and creating 1 modified pages.

Event[546]:
  Log Name: System
  Source: Microsoft-Windows-Kernel-General
  Date: 2017-10-09T01:47:21.185
  Event ID: 16
  Task: N/A
  Level: Information
  Opcode: Info
  Keyword: N/A
  User: S-1-5-21-4282956347-1596572213-1314336134-1001
  User Name: DESKTOP-G0L88JA\Christian
  Computer: DESKTOP-G0L88JA
  Description: 
The access history in hive \??\C:\Users\Christian\AppData\Local\Packages\Microsoft.PPIProjection_cw5n1h2txyewy\Settings\settings.dat was cleared updating 3 keys and creating 1 modified pages.

Event[547]:
  Log Name: System
  Source: Microsoft-Windows-Kernel-General
  Date: 2017-10-09T01:47:21.311
  Event ID: 16
  Task: N/A
  Level: Information
  Opcode: Info
  Keyword: N/A
  User: S-1-5-21-4282956347-1596572213-1314336134-1001
  User Name: DESKTOP-G0L88JA\Christian
  Computer: DESKTOP-G0L88JA
  Description: 
The access history in hive \??\C:\Users\Christian\AppData\Local\Packages\Microsoft.XboxGameCallableUI_cw5n1h2txyewy\Settings\settings.dat was cleared updating 3 keys and creating 1 modified pages.

Event[548]:
  Log Name: System
  Source: Microsoft-Windows-Kernel-General
  Date: 2017-10-09T01:47:21.365
  Event ID: 16
  Task: N/A
  Level: Information
  Opcode: Info
  Keyword: N/A
  User: S-1-5-21-4282956347-1596572213-1314336134-1001
  User Name: DESKTOP-G0L88JA\Christian
  Computer: DESKTOP-G0L88JA
  Description: 
The access history in hive \??\C:\Users\Christian\AppData\Local\Packages\Microsoft.Windows.ModalSharePickerHost_cw5n1h2txyewy\Settings\settings.dat was cleared updating 3 keys and creating 1 modified pages.

Event[549]:
  Log Name: System
  Source: Microsoft-Windows-Kernel-General
  Date: 2017-10-09T01:47:21.470
  Event ID: 16
  Task: N/A
  Level: Information
  Opcode: Info
  Keyword: N/A
  User: S-1-5-21-4282956347-1596572213-1314336134-1001
  User Name: DESKTOP-G0L88JA\Christian
  Computer: DESKTOP-G0L88JA
  Description: 
The access history in hive \??\C:\Users\Christian\AppData\Local\Packages\Microsoft.Windows.HolographicFirstRun_cw5n1h2txyewy\Settings\settings.dat was cleared updating 3 keys and creating 1 modified pages.

Event[550]:
  Log Name: System
  Source: Microsoft-Windows-Kernel-General
  Date: 2017-10-09T01:47:21.524
  Event ID: 16
  Task: N/A
  Level: Information
  Opcode: Info
  Keyword: N/A
  User: S-1-5-21-4282956347-1596572213-1314336134-1001
  User Name: DESKTOP-G0L88JA\Christian
  Computer: DESKTOP-G0L88JA
  Description: 
The access history in hive \??\C:\Users\Christian\AppData\Local\Packages\Microsoft.Windows.Apprep.ChxApp_cw5n1h2txyewy\Settings\settings.dat was cleared updating 3 keys and creating 1 modified pages.

Event[551]:
  Log Name: System
  Source: Microsoft-Windows-Kernel-General
  Date: 2017-10-09T01:47:21.625
  Event ID: 16
  Task: N/A
  Level: Information
  Opcode: Info
  Keyword: N/A
  User: S-1-5-21-4282956347-1596572213-1314336134-1001
  User Name: DESKTOP-G0L88JA\Christian
  Computer: DESKTOP-G0L88JA
  Description: 
The access history in hive \??\C:\Users\Christian\AppData\Local\Packages\CortanaListenUIApp_cw5n1h2txyewy\Settings\settings.dat was cleared updating 3 keys and creating 1 modified pages.

Event[552]:
  Log Name: System
  Source: Microsoft-Windows-Kernel-General
  Date: 2017-10-09T01:47:21.702
  Event ID: 16
  Task: N/A
  Level: Information
  Opcode: Info
  Keyword: N/A
  User: S-1-5-21-4282956347-1596572213-1314336134-1001
  User Name: DESKTOP-G0L88JA\Christian
  Computer: DESKTOP-G0L88JA
  Description: 
The access history in hive \??\C:\Users\Christian\AppData\Local\Packages\Microsoft.Windows.OOBENetworkCaptivePortal_cw5n1h2txyewy\Settings\settings.dat was cleared updating 3 keys and creating 1 modified pages.

Event[553]:
  Log Name: System
  Source: Microsoft-Windows-Kernel-General
  Date: 2017-10-09T01:47:21.794
  Event ID: 16
  Task: N/A
  Level: Information
  Opcode: Info
  Keyword: N/A
  User: S-1-5-21-4282956347-1596572213-1314336134-1001
  User Name: DESKTOP-G0L88JA\Christian
  Computer: DESKTOP-G0L88JA
  Description: 
The access history in hive \??\C:\Users\Christian\AppData\Local\Packages\Microsoft.Windows.OOBENetworkConnectionFlow_cw5n1h2txyewy\Settings\settings.dat was cleared updating 3 keys and creating 1 modified pages.

Event[554]:
  Log Name: System
  Source: Microsoft-Windows-Kernel-General
  Date: 2017-10-09T01:47:21.877
  Event ID: 16
  Task: N/A
  Level: Information
  Opcode: Info
  Keyword: N/A
  User: S-1-5-21-4282956347-1596572213-1314336134-1001
  User Name: DESKTOP-G0L88JA\Christian
  Computer: DESKTOP-G0L88JA
  Description: 
The access history in hive \??\C:\Users\Christian\AppData\Local\Packages\Microsoft.Windows.ParentalControls_cw5n1h2txyewy\Settings\settings.dat was cleared updating 3 keys and creating 1 modified pages.

Event[555]:
  Log Name: System
  Source: Microsoft-Windows-Kernel-General
  Date: 2017-10-09T01:47:21.958
  Event ID: 16
  Task: N/A
  Level: Information
  Opcode: Info
  Keyword: N/A
  User: S-1-5-21-4282956347-1596572213-1314336134-1001
  User Name: DESKTOP-G0L88JA\Christian
  Computer: DESKTOP-G0L88JA
  Description: 
The access history in hive \??\C:\Users\Christian\AppData\Local\Packages\Microsoft.Windows.SecHealthUI_cw5n1h2txyewy\Settings\settings.dat was cleared updating 3 keys and creating 1 modified pages.

Event[556]:
  Log Name: System
  Source: Microsoft-Windows-Kernel-General
  Date: 2017-10-09T01:47:22.030
  Event ID: 16
  Task: N/A
  Level: Information
  Opcode: Info
  Keyword: N/A
  User: S-1-5-21-4282956347-1596572213-1314336134-1001
  User Name: DESKTOP-G0L88JA\Christian
  Computer: DESKTOP-G0L88JA
  Description: 
The access history in hive \??\C:\Users\Christian\AppData\Local\Packages\Microsoft.Windows.SecondaryTileExperience_cw5n1h2txyewy\Settings\settings.dat was cleared updating 3 keys and creating 1 modified pages.

Event[557]:
  Log Name: System
  Source: Microsoft-Windows-Kernel-General
  Date: 2017-10-09T01:47:22.140
  Event ID: 16
  Task: N/A
  Level: Information
  Opcode: Info
  Keyword: N/A
  User: S-1-5-21-4282956347-1596572213-1314336134-1001
  User Name: DESKTOP-G0L88JA\Christian
  Computer: DESKTOP-G0L88JA
  Description: 
The access history in hive \??\C:\Users\Christian\AppData\Local\Packages\Microsoft.Microsoft3DViewer_8wekyb3d8bbwe\Settings\settings.dat was cleared updating 3 keys and creating 1 modified pages.

Event[558]:
  Log Name: System
  Source: Microsoft-Windows-Kernel-General
  Date: 2017-10-09T01:47:22.233
  Event ID: 16
  Task: N/A
  Level: Information
  Opcode: Info
  Keyword: N/A
  User: S-1-5-21-4282956347-1596572213-1314336134-1001
  User Name: DESKTOP-G0L88JA\Christian
  Computer: DESKTOP-G0L88JA
  Description: 
The access history in hive \??\C:\Users\Christian\AppData\Local\Packages\Microsoft.Getstarted_8wekyb3d8bbwe\Settings\settings.dat was cleared updating 3 keys and creating 1 modified pages.

Event[559]:
  Log Name: System
  Source: Microsoft-Windows-DistributedCOM
  Date: 2017-10-09T01:47:23.574
  Event ID: 10016
  Task: N/A
  Level: Error
  Opcode: Info
  Keyword: Classic
  User: S-1-5-19
  User Name: NT-AUTORITÄT\Lokaler Dienst
  Computer: DESKTOP-G0L88JA
  Description: 
The Anwendungsspezifisch permission settings do not grant Lokal Aktivierung permission for the COM Server application with CLSID 
{6B3B8D23-FA8D-40B9-8DBD-B950333E2C52}
 and APPID 
{4839DDB7-58C2-48F5-8283-E1D1807D0D7D}
 to the user NT-AUTORITÄT\Lokaler Dienst SID (S-1-5-19) from address LocalHost (unter Verwendung von LRPC) running in the application container Nicht verfügbar SID (Nicht verfügbar). This security permission can be modified using the Component Services administrative tool.

Event[560]:
  Log Name: System
  Source: Microsoft-Windows-DistributedCOM
  Date: 2017-10-09T01:47:23.574
  Event ID: 10016
  Task: N/A
  Level: Error
  Opcode: Info
  Keyword: Classic
  User: S-1-5-19
  User Name: NT-AUTORITÄT\Lokaler Dienst
  Computer: DESKTOP-G0L88JA
  Description: 
The Computerstandard permission settings do not grant Lokal Aktivierung permission for the COM Server application with CLSID 
{C2F03A33-21F5-47FA-B4BB-156362A2F239}
 and APPID 
{316CDED5-E4AE-4B15-9113-7055D84DCC97}
 to the user NT-AUTORITÄT\Lokaler Dienst SID (S-1-5-19) from address LocalHost (unter Verwendung von LRPC) running in the application container Nicht verfügbar SID (Nicht verfügbar). This security permission can be modified using the Component Services administrative tool.

Event[561]:
  Log Name: System
  Source: Microsoft-Windows-DistributedCOM
  Date: 2017-10-09T01:47:23.574
  Event ID: 10016
  Task: N/A
  Level: Error
  Opcode: Info
  Keyword: Classic
  User: S-1-5-19
  User Name: NT-AUTORITÄT\Lokaler Dienst
  Computer: DESKTOP-G0L88JA
  Description: 
The Anwendungsspezifisch permission settings do not grant Lokal Aktivierung permission for the COM Server application with CLSID 
{6B3B8D23-FA8D-40B9-8DBD-B950333E2C52}
 and APPID 
{4839DDB7-58C2-48F5-8283-E1D1807D0D7D}
 to the user NT-AUTORITÄT\Lokaler Dienst SID (S-1-5-19) from address LocalHost (unter Verwendung von LRPC) running in the application container Nicht verfügbar SID (Nicht verfügbar). This security permission can be modified using the Component Services administrative tool.

Event[562]:
  Log Name: System
  Source: Microsoft-Windows-DistributedCOM
  Date: 2017-10-09T01:47:23.574
  Event ID: 10016
  Task: N/A
  Level: Error
  Opcode: Info
  Keyword: Classic
  User: S-1-5-19
  User Name: NT-AUTORITÄT\Lokaler Dienst
  Computer: DESKTOP-G0L88JA
  Description: 
The Computerstandard permission settings do not grant Lokal Aktivierung permission for the COM Server application with CLSID 
{C2F03A33-21F5-47FA-B4BB-156362A2F239}
 and APPID 
{316CDED5-E4AE-4B15-9113-7055D84DCC97}
 to the user NT-AUTORITÄT\Lokaler Dienst SID (S-1-5-19) from address LocalHost (unter Verwendung von LRPC) running in the application container Nicht verfügbar SID (Nicht verfügbar). This security permission can be modified using the Component Services administrative tool.

Event[563]:
  Log Name: System
  Source: Virtual Disk Service
  Date: 2017-10-09T01:48:04.729
  Event ID: 3
  Task: N/A
  Level: Information
  Opcode: N/A
  Keyword: Classic
  User: N/A
  User Name: N/A
  Computer: DESKTOP-G0L88JA
  Description: 
Service started.

Event[564]:
  Log Name: System
  Source: Microsoft-Windows-Ntfs
  Date: 2017-10-09T01:48:50.265
  Event ID: 98
  Task: N/A
  Level: Information
  Opcode: Info
  Keyword: N/A
  User: S-1-5-18
  User Name: NT-AUTORITÄT\SYSTEM
  Computer: DESKTOP-G0L88JA
  Description: 
Volume \\?\Volume{d1276545-dee9-478b-9067-18cf6ab6e5b2} (\Device\HarddiskVolume7) is healthy.  No action is needed.

Event[565]:
  Log Name: System
  Source: Virtual Disk Service
  Date: 2017-10-09T01:48:53.658
  Event ID: 4
  Task: N/A
  Level: Information
  Opcode: N/A
  Keyword: Classic
  User: N/A
  User Name: N/A
  Computer: DESKTOP-G0L88JA
  Description: 
Service stopped.

Event[566]:
  Log Name: System
  Source: Virtual Disk Service
  Date: 2017-10-09T01:49:56.963
  Event ID: 3
  Task: N/A
  Level: Information
  Opcode: N/A
  Keyword: Classic
  User: N/A
  User Name: N/A
  Computer: DESKTOP-G0L88JA
  Description: 
Service started.

Event[567]:
  Log Name: System
  Source: Virtual Disk Service
  Date: 2017-10-09T01:50:25.684
  Event ID: 4
  Task: N/A
  Level: Information
  Opcode: N/A
  Keyword: Classic
  User: N/A
  User Name: N/A
  Computer: DESKTOP-G0L88JA
  Description: 
Service stopped.

Event[568]:
  Log Name: System
  Source: Virtual Disk Service
  Date: 2017-10-09T01:50:37.893
  Event ID: 3
  Task: N/A
  Level: Information
  Opcode: N/A
  Keyword: Classic
  User: N/A
  User Name: N/A
  Computer: DESKTOP-G0L88JA
  Description: 
Service started.

Event[569]:
  Log Name: System
  Source: Microsoft-Windows-Ntfs
  Date: 2017-10-09T01:50:54.182
  Event ID: 98
  Task: N/A
  Level: Information
  Opcode: Info
  Keyword: N/A
  User: S-1-5-18
  User Name: NT-AUTORITÄT\SYSTEM
  Computer: DESKTOP-G0L88JA
  Description: 
Volume G: (\Device\HarddiskVolume2) is healthy.  No action is needed.

Event[570]:
  Log Name: System
  Source: Service Control Manager
  Date: 2017-10-09T01:51:06.129
  Event ID: 7040
  Task: N/A
  Level: Information
  Opcode: N/A
  Keyword: Classic
  User: S-1-5-18
  User Name: NT-AUTORITÄT\SYSTEM
  Computer: DESKTOP-G0L88JA
  Description: 
The start type of the Intelligenter Hintergrundübertragungsdienst service was changed from Automatisch starten to Manuell starten.

Event[571]:
  Log Name: System
  Source: Microsoft-Windows-Ntfs
  Date: 2017-10-09T01:51:17.347
  Event ID: 98
  Task: N/A
  Level: Information
  Opcode: Info
  Keyword: N/A
  User: S-1-5-18
  User Name: NT-AUTORITÄT\SYSTEM
  Computer: DESKTOP-G0L88JA
  Description: 
Volume D: (\Device\HarddiskVolume7) is healthy.  No action is needed.

Event[572]:
  Log Name: System
  Source: Microsoft-Windows-Ntfs
  Date: 2017-10-09T01:51:30.271
  Event ID: 98
  Task: N/A
  Level: Information
  Opcode: Info
  Keyword: N/A
  User: S-1-5-18
  User Name: NT-AUTORITÄT\SYSTEM
  Computer: DESKTOP-G0L88JA
  Description: 
Volume E: (\Device\HarddiskVolume2) is healthy.  No action is needed.

Event[573]:
  Log Name: System
  Source: Virtual Disk Service
  Date: 2017-10-09T01:51:32.420
  Event ID: 4
  Task: N/A
  Level: Information
  Opcode: N/A
  Keyword: Classic
  User: N/A
  User Name: N/A
  Computer: DESKTOP-G0L88JA
  Description: 
Service stopped.

Event[574]:
  Log Name: System
  Source: Service Control Manager
  Date: 2017-10-09T01:52:39.980
  Event ID: 7045
  Task: N/A
  Level: Information
  Opcode: N/A
  Keyword: Classic
  User: S-1-5-21-4282956347-1596572213-1314336134-1001
  User Name: DESKTOP-G0L88JA\Christian
  Computer: DESKTOP-G0L88JA
  Description: 
A service was installed in the system.

Service Name:  AtiDCM
Service File Name:  E:\amd_chipset_drivers_am4\amd_chipset_drivers_am4\AM4\Bin64\atdcm64a.sys
Service Type:  Kernelmodustreiber
Service Start Type:  Manuell starten
Service Account:  

Event[575]:
  Log Name: System
  Source: Service Control Manager
  Date: 2017-10-09T01:52:40.028
  Event ID: 7045
  Task: N/A
  Level: Information
  Opcode: N/A
  Keyword: Classic
  User: S-1-5-18
  User Name: NT-AUTORITÄT\SYSTEM
  Computer: DESKTOP-G0L88JA
  Description: 
A service was installed in the system.

Service Name:  MpKslad689e31
Service File Name:  C:\ProgramData\Microsoft\Windows Defender\Definition Updates\{724A56DE-8EE5-467F-A19F-5E71594C52D6}\MpKslad689e31.sys
Service Type:  Kernelmodustreiber
Service Start Type:  Systemstart
Service Account:  

Event[576]:
  Log Name: System
  Source: Microsoft-Windows-UserPnp
  Date: 2017-10-09T01:53:13.745
  Event ID: 20001
  Task: N/A
  Level: Information
  Opcode: Info
  Keyword: N/A
  User: S-1-5-18
  User Name: NT-AUTORITÄT\SYSTEM
  Computer: DESKTOP-G0L88JA
  Description: 
Driver Management concluded the process to install driver smbusamd.inf_amd64_a1f6e32f30c39b3d\smbusamd.inf for Device Instance ID PCI\VEN_1022&DEV_790B&SUBSYS_7A331462&REV_59\3&11583659&0&A0 with the following status: 0x0.

Event[577]:
  Log Name: System
  Source: Microsoft-Windows-UserPnp
  Date: 2017-10-09T01:53:14.183
  Event ID: 20001
  Task: N/A
  Level: Information
  Opcode: Info
  Keyword: N/A
  User: S-1-5-18
  User Name: NT-AUTORITÄT\SYSTEM
  Computer: DESKTOP-G0L88JA
  Description: 
Driver Management concluded the process to install driver amdpcidev.inf_amd64_3d37e7aefe9c9931\amdpcidev.inf for Device Instance ID PCI\VEN_1022&DEV_145A&SUBSYS_145A1022&REV_00\4&C93BEE2&0&0039 with the following status: 0x0.

Event[578]:
  Log Name: System
  Source: Microsoft-Windows-UserPnp
  Date: 2017-10-09T01:53:14.565
  Event ID: 20001
  Task: N/A
  Level: Information
  Opcode: Info
  Keyword: N/A
  User: S-1-5-18
  User Name: NT-AUTORITÄT\SYSTEM
  Computer: DESKTOP-G0L88JA
  Description: 
Driver Management concluded the process to install driver amdpcidev.inf_amd64_3d37e7aefe9c9931\amdpcidev.inf for Device Instance ID PCI\VEN_1022&DEV_1455&SUBSYS_14551022&REV_00\4&2B9CC193&0&0041 with the following status: 0x0.

Event[579]:
  Log Name: System
  Source: Microsoft-Windows-UserPnp
  Date: 2017-10-09T01:53:14.950
  Event ID: 20001
  Task: N/A
  Level: Information
  Opcode: Info
  Keyword: N/A
  User: S-1-5-18
  User Name: NT-AUTORITÄT\SYSTEM
  Computer: DESKTOP-G0L88JA
  Description: 
Driver Management concluded the process to install driver amdgpio2.inf_amd64_6a8e32d4e62f6296\amdgpio2.inf for Device Instance ID ACPI\AMDI0030\0 with the following status: 0x0.

Event[580]:
  Log Name: System
  Source: Microsoft-Windows-UserPnp
  Date: 2017-10-09T01:53:15.703
  Event ID: 20001
  Task: N/A
  Level: Information
  Opcode: Info
  Keyword: N/A
  User: S-1-5-18
  User Name: NT-AUTORITÄT\SYSTEM
  Computer: DESKTOP-G0L88JA
  Description: 
Driver Management concluded the process to install driver amdgpio3.inf_amd64_6e006e5f45a72062\amdgpio3.inf for Device Instance ID ACPI\AMDIF030\0 with the following status: 0x0.

Event[581]:
  Log Name: System
  Source: User32
  Date: 2017-10-09T01:53:20.619
  Event ID: 1074
  Task: N/A
  Level: Information
  Opcode: N/A
  Keyword: Classic
  User: S-1-5-21-4282956347-1596572213-1314336134-1001
  User Name: DESKTOP-G0L88JA\Christian
  Computer: DESKTOP-G0L88JA
  Description: 
The process RadeonInstaller.exe has initiated the Neustart of computer DESKTOP-G0L88JA on behalf of user DESKTOP-G0L88JA\Christian for the following reason: Hardware: Installation (geplant)
 Reason Code: 0x80010002
 Shutdown Type: Neustart
 Comment: 

Event[582]:
  Log Name: System
  Source: EventLog
  Date: 2017-10-09T01:53:22.407
  Event ID: 6006
  Task: N/A
  Level: Information
  Opcode: N/A
  Keyword: Classic
  User: N/A
  User Name: N/A
  Computer: DESKTOP-G0L88JA
  Description: 
The Event log service was stopped.

Event[583]:
  Log Name: System
  Source: User32
  Date: 2017-10-09T01:53:21.970
  Event ID: 1074
  Task: N/A
  Level: Information
  Opcode: N/A
  Keyword: Classic
  User: S-1-5-18
  User Name: NT-AUTORITÄT\SYSTEM
  Computer: DESKTOP-G0L88JA
  Description: 
The process C:\Windows\system32\winlogon.exe (DESKTOP-G0L88JA) has initiated the Neustart of computer DESKTOP-G0L88JA on behalf of user NT-AUTORITÄT\SYSTEM for the following reason: Kein Titel für den Grund
 Reason Code: 0x500ff
 Shutdown Type: Neustart
 Comment: 

Event[584]:
  Log Name: System
  Source: Microsoft-Windows-Winlogon
  Date: 2017-10-09T01:53:21.971
  Event ID: 7002
  Task: N/A
  Level: Information
  Opcode: Info
  Keyword: N/A
  User: S-1-5-18
  User Name: NT-AUTORITÄT\SYSTEM
  Computer: DESKTOP-G0L88JA
  Description: 
User Logoff Notification for Customer Experience Improvement Program

Event[585]:
  Log Name: System
  Source: Microsoft-Windows-Dhcp-Client
  Date: 2017-10-09T01:53:22.404
  Event ID: 50104
  Task: Service State Event
  Level: Information
  Opcode: ServiceShutdown
  Keyword: N/A
  User: S-1-5-19
  User Name: NT-AUTORITÄT\Lokaler Dienst
  Computer: DESKTOP-G0L88JA
  Description: 
DHCPv4 client received shutdown notification

Event[586]:
  Log Name: System
  Source: Microsoft-Windows-Dhcp-Client
  Date: 2017-10-09T01:53:22.405
  Event ID: 50105
  Task: Service State Event
  Level: Information
  Opcode: ServiceShutdown
  Keyword: N/A
  User: S-1-5-19
  User Name: NT-AUTORITÄT\Lokaler Dienst
  Computer: DESKTOP-G0L88JA
  Description: 
DHCPv4 client ProcessDHCPRequestForever received TERMINATE_EVENT

Event[587]:
  Log Name: System
  Source: Microsoft-Windows-DHCPv6-Client
  Date: 2017-10-09T01:53:22.408
  Event ID: 51047
  Task: Service State Event
  Level: Information
  Opcode: ServiceStop
  Keyword: N/A
  User: S-1-5-19
  User Name: NT-AUTORITÄT\Lokaler Dienst
  Computer: DESKTOP-G0L88JA
  Description: 
DHCPv6 client service is stopped. ShutDown Flag value is 1

Event[588]:
  Log Name: System
  Source: Microsoft-Windows-DHCPv6-Client
  Date: 2017-10-09T01:53:22.408
  Event ID: 51057
  Task: Service State Event
  Level: Information
  Opcode: ServiceStopWithRefCount
  Keyword: N/A
  User: S-1-5-19
  User Name: NT-AUTORITÄT\Lokaler Dienst
  Computer: DESKTOP-G0L88JA
  Description: 
DHCPv6 client service stop is almost done.DHCP Context Ref count is 1

Event[589]:
  Log Name: System
  Source: Microsoft-Windows-Dhcp-Client
  Date: 2017-10-09T01:53:22.408
  Event ID: 50106
  Task: Service State Event
  Level: Information
  Opcode: ServiceShutdown
  Keyword: N/A
  User: S-1-5-19
  User Name: NT-AUTORITÄT\Lokaler Dienst
  Computer: DESKTOP-G0L88JA
  Description: 
DHCPv4 is waiting on DHCPv6 service to stop

Event[590]:
  Log Name: System
  Source: Microsoft-Windows-Dhcp-Client
  Date: 2017-10-09T01:53:22.410
  Event ID: 50037
  Task: Service State Event
  Level: Information
  Opcode: ServiceStop
  Keyword: N/A
  User: S-1-5-19
  User Name: NT-AUTORITÄT\Lokaler Dienst
  Computer: DESKTOP-G0L88JA
  Description: 
DHCPv4 client service is stopped. ShutDown Flag value is 1

Event[591]:
  Log Name: System
  Source: EventLog
  Date: 2017-10-09T01:53:54.849
  Event ID: 6009
  Task: N/A
  Level: Information
  Opcode: N/A
  Keyword: Classic
  User: N/A
  User Name: N/A
  Computer: DESKTOP-G0L88JA
  Description: 
Microsoft (R) Windows (R) 10.00. 15063  Multiprocessor Free.

Event[592]:
  Log Name: System
  Source: EventLog
  Date: 2017-10-09T01:53:54.849
  Event ID: 6005
  Task: N/A
  Level: Information
  Opcode: N/A
  Keyword: Classic
  User: N/A
  User Name: N/A
  Computer: DESKTOP-G0L88JA
  Description: 
The Event log service was started.

Event[593]:
  Log Name: System
  Source: EventLog
  Date: 2017-10-09T01:53:54.849
  Event ID: 6013
  Task: N/A
  Level: Information
  Opcode: N/A
  Keyword: Classic
  User: N/A
  User Name: N/A
  Computer: DESKTOP-G0L88JA
  Description: 
The system uptime is 5 seconds.

Event[594]:
  Log Name: System
  Source: Microsoft-Windows-Kernel-Power
  Date: 2017-10-09T01:53:27.393
  Event ID: 109
  Task: N/A
  Level: Information
  Opcode: Info
  Keyword: N/A
  User: N/A
  User Name: N/A
  Computer: DESKTOP-G0L88JA
  Description: 
The kernel power manager has initiated a shutdown transition.

Shutdown Reason: Kernel API

Event[595]:
  Log Name: System
  Source: Microsoft-Windows-Kernel-General
  Date: 2017-10-09T01:53:27.800
  Event ID: 13
  Task: N/A
  Level: Information
  Opcode: Info
  Keyword: N/A
  User: N/A
  User Name: N/A
  Computer: DESKTOP-G0L88JA
  Description: 
The operating system is shutting down at system time ?2017?-?10?-?08T23:53:27.800147000Z.

Event[596]:
  Log Name: System
  Source: Microsoft-Windows-Kernel-General
  Date: 2017-10-09T01:53:49.743
  Event ID: 12
  Task: N/A
  Level: Information
  Opcode: Info
  Keyword: N/A
  User: S-1-5-18
  User Name: NT-AUTORITÄT\SYSTEM
  Computer: DESKTOP-G0L88JA
  Description: 
The operating system started at system time ?2017?-?10?-?08T23:53:49.497669900Z.

Event[597]:
  Log Name: System
  Source: Microsoft-Windows-Kernel-Boot
  Date: 2017-10-09T01:53:49.743
  Event ID: 153
  Task: N/A
  Level: Information
  Opcode: Info
  Keyword: N/A
  User: S-1-5-18
  User Name: NT-AUTORITÄT\SYSTEM
  Computer: DESKTOP-G0L88JA
  Description: 
Virtualization-based security (policies: 0) is disabled.

Event[598]:
  Log Name: System
  Source: Microsoft-Windows-Kernel-Boot
  Date: 2017-10-09T01:53:49.743
  Event ID: 20
  Task: N/A
  Level: Information
  Opcode: Info
  Keyword: N/A
  User: S-1-5-18
  User Name: NT-AUTORITÄT\SYSTEM
  Computer: DESKTOP-G0L88JA
  Description: 
The last shutdown's success status was true. The last boot's success status was true.

Event[599]:
  Log Name: System
  Source: Microsoft-Windows-Kernel-Boot
  Date: 2017-10-09T01:53:49.743
  Event ID: 27
  Task: N/A
  Level: Information
  Opcode: Info
  Keyword: N/A
  User: S-1-5-18
  User Name: NT-AUTORITÄT\SYSTEM
  Computer: DESKTOP-G0L88JA
  Description: 
The boot type was 0x0.

Event[600]:
  Log Name: System
  Source: Microsoft-Windows-Kernel-Boot
  Date: 2017-10-09T01:53:49.743
  Event ID: 25
  Task: N/A
  Level: Information
  Opcode: Info
  Keyword: N/A
  User: S-1-5-18
  User Name: NT-AUTORITÄT\SYSTEM
  Computer: DESKTOP-G0L88JA
  Description: 
The boot menu policy was 0x1.

Event[601]:
  Log Name: System
  Source: Microsoft-Windows-Kernel-Boot
  Date: 2017-10-09T01:53:49.743
  Event ID: 18
  Task: N/A
  Level: Information
  Opcode: Info
  Keyword: N/A
  User: S-1-5-18
  User Name: NT-AUTORITÄT\SYSTEM
  Computer: DESKTOP-G0L88JA
  Description: 
There are 0x1 boot options on this system.

Event[602]:
  Log Name: System
  Source: Microsoft-Windows-Kernel-Boot
  Date: 2017-10-09T01:53:49.743
  Event ID: 19
  Task: N/A
  Level: Information
  Opcode: Info
  Keyword: N/A
  User: S-1-5-18
  User Name: NT-AUTORITÄT\SYSTEM
  Computer: DESKTOP-G0L88JA
  Description: 
There are 0x1 boot tool options on this system.

Event[603]:
  Log Name: System
  Source: Microsoft-Windows-Kernel-Boot
  Date: 2017-10-09T01:53:49.743
  Event ID: 17
  Task: N/A
  Level: Information
  Opcode: Info
  Keyword: N/A
  User: S-1-5-18
  User Name: NT-AUTORITÄT\SYSTEM
  Computer: DESKTOP-G0L88JA
  Description: 
The boot manager multi OS selection screen was displayed.

Event[604]:
  Log Name: System
  Source: Microsoft-Windows-Kernel-Boot
  Date: 2017-10-09T01:53:49.743
  Event ID: 32
  Task: N/A
  Level: Information
  Opcode: Info
  Keyword: N/A
  User: S-1-5-18
  User Name: NT-AUTORITÄT\SYSTEM
  Computer: DESKTOP-G0L88JA
  Description: 
The bootmgr spent 0 ms waiting for user input.

Event[605]:
  Log Name: System
  Source: Microsoft-Windows-Kernel-Boot
  Date: 2017-10-09T01:53:49.743
  Event ID: 30
  Task: N/A
  Level: Information
  Opcode: Info
  Keyword: N/A
  User: S-1-5-18
  User Name: NT-AUTORITÄT\SYSTEM
  Computer: DESKTOP-G0L88JA
  Description: 
The firmware reported boot metrics.

Event[606]:
  Log Name: System
  Source: Microsoft-Windows-FilterManager
  Date: 2017-10-09T01:53:50.873
  Event ID: 6
  Task: N/A
  Level: Information
  Opcode: Info
  Keyword: N/A
  User: S-1-5-18
  User Name: NT-AUTORITÄT\SYSTEM
  Computer: DESKTOP-G0L88JA
  Description: 
File System Filter 'FileInfo' (10.0, ?2042?-?06?-?30T16:43:32.000000000Z) has successfully loaded and registered with Filter Manager.

Event[607]:
  Log Name: System
  Source: Microsoft-Windows-FilterManager
  Date: 2017-10-09T01:53:50.873
  Event ID: 6
  Task: N/A
  Level: Information
  Opcode: Info
  Keyword: N/A
  User: S-1-5-18
  User Name: NT-AUTORITÄT\SYSTEM
  Computer: DESKTOP-G0L88JA
  Description: 
File System Filter 'Wof' (10.0, ?1974?-?03?-?12T00:47:45.000000000Z) has successfully loaded and registered with Filter Manager.

Event[608]:
  Log Name: System
  Source: Microsoft-Windows-FilterManager
  Date: 2017-10-09T01:53:50.873
  Event ID: 6
  Task: N/A
  Level: Information
  Opcode: Info
  Keyword: N/A
  User: S-1-5-18
  User Name: NT-AUTORITÄT\SYSTEM
  Computer: DESKTOP-G0L88JA
  Description: 
File System Filter 'WdFilter' (10.0, ?2102?-?10?-?04T18:25:01.000000000Z) has successfully loaded and registered with Filter Manager.

Event[609]:
  Log Name: System
  Source: Microsoft-Windows-Ntfs
  Date: 2017-10-09T01:53:51.087
  Event ID: 98
  Task: N/A
  Level: Information
  Opcode: Info
  Keyword: N/A
  User: S-1-5-18
  User Name: NT-AUTORITÄT\SYSTEM
  Computer: DESKTOP-G0L88JA
  Description: 
Volume C: (\Device\HarddiskVolume6) is healthy.  No action is needed.

Event[610]:
  Log Name: System
  Source: Microsoft-Windows-FilterManager
  Date: 2017-10-09T01:53:51.144
  Event ID: 6
  Task: N/A
  Level: Information
  Opcode: Info
  Keyword: N/A
  User: S-1-5-18
  User Name: NT-AUTORITÄT\SYSTEM
  Computer: DESKTOP-G0L88JA
  Description: 
File System Filter 'FileCrypt' (10.0, ?2030?-?05?-?28T10:10:59.000000000Z) has successfully loaded and registered with Filter Manager.

Event[611]:
  Log Name: System
  Source: Microsoft-Windows-FilterManager
  Date: 2017-10-09T01:53:51.198
  Event ID: 6
  Task: N/A
  Level: Information
  Opcode: Info
  Keyword: N/A
  User: S-1-5-18
  User Name: NT-AUTORITÄT\SYSTEM
  Computer: DESKTOP-G0L88JA
  Description: 
File System Filter 'npsvctrig' (10.0, ?2097?-?07?-?25T12:18:05.000000000Z) has successfully loaded and registered with Filter Manager.

Event[612]:
  Log Name: System
  Source: Microsoft-Windows-Kernel-Power
  Date: 2017-10-09T01:53:51.213
  Event ID: 172
  Task: N/A
  Level: Information
  Opcode: Info
  Keyword: N/A
  User: S-1-5-18
  User Name: NT-AUTORITÄT\SYSTEM
  Computer: DESKTOP-G0L88JA
  Description: 
Connectivity state in standby: Disconnected, Reason: NIC compliance

Event[613]:
  Log Name: System
  Source: Microsoft-Windows-Ntfs
  Date: 2017-10-09T01:53:51.319
  Event ID: 98
  Task: N/A
  Level: Information
  Opcode: Info
  Keyword: N/A
  User: S-1-5-18
  User Name: NT-AUTORITÄT\SYSTEM
  Computer: DESKTOP-G0L88JA
  Description: 
Volume D: (\Device\HarddiskVolume7) is healthy.  No action is needed.

Event[614]:
  Log Name: System
  Source: Microsoft-Windows-Kernel-Processor-Power
  Date: 2017-10-09T01:53:51.828
  Event ID: 55
  Task: N/A
  Level: Information
  Opcode: Info
  Keyword: N/A
  User: S-1-5-18
  User Name: NT-AUTORITÄT\SYSTEM
  Computer: DESKTOP-G0L88JA
  Description: 
Processor 0 in group 0 exposes the following power management capabilities:

Idle state type: ACPI Idle (C) States (2 state(s))

Performance state type: ACPI Performance (P) / Throttle (T) States
Nominal Frequency (MHz): 3400
Maximum performance percentage: 100
Minimum performance percentage: 64
Minimum throttle percentage: 64

Event[615]:
  Log Name: System
  Source: Microsoft-Windows-Kernel-Processor-Power
  Date: 2017-10-09T01:53:51.828
  Event ID: 55
  Task: N/A
  Level: Information
  Opcode: Info
  Keyword: N/A
  User: S-1-5-18
  User Name: NT-AUTORITÄT\SYSTEM
  Computer: DESKTOP-G0L88JA
  Description: 
Processor 1 in group 0 exposes the following power management capabilities:

Idle state type: ACPI Idle (C) States (2 state(s))

Performance state type: ACPI Performance (P) / Throttle (T) States
Nominal Frequency (MHz): 3400
Maximum performance percentage: 100
Minimum performance percentage: 64
Minimum throttle percentage: 64

Event[616]:
  Log Name: System
  Source: Microsoft-Windows-Kernel-Processor-Power
  Date: 2017-10-09T01:53:51.829
  Event ID: 55
  Task: N/A
  Level: Information
  Opcode: Info
  Keyword: N/A
  User: S-1-5-18
  User Name: NT-AUTORITÄT\SYSTEM
  Computer: DESKTOP-G0L88JA
  Description: 
Processor 2 in group 0 exposes the following power management capabilities:

Idle state type: ACPI Idle (C) States (2 state(s))

Performance state type: ACPI Performance (P) / Throttle (T) States
Nominal Frequency (MHz): 3400
Maximum performance percentage: 100
Minimum performance percentage: 64
Minimum throttle percentage: 64

Event[617]:
  Log Name: System
  Source: Microsoft-Windows-Kernel-Processor-Power
  Date: 2017-10-09T01:53:51.829
  Event ID: 55
  Task: N/A
  Level: Information
  Opcode: Info
  Keyword: N/A
  User: S-1-5-18
  User Name: NT-AUTORITÄT\SYSTEM
  Computer: DESKTOP-G0L88JA
  Description: 
Processor 3 in group 0 exposes the following power management capabilities:

Idle state type: ACPI Idle (C) States (2 state(s))

Performance state type: ACPI Performance (P) / Throttle (T) States
Nominal Frequency (MHz): 3400
Maximum performance percentage: 100
Minimum performance percentage: 64
Minimum throttle percentage: 64

Event[618]:
  Log Name: System
  Source: Microsoft-Windows-Kernel-Processor-Power
  Date: 2017-10-09T01:53:51.829
  Event ID: 55
  Task: N/A
  Level: Information
  Opcode: Info
  Keyword: N/A
  User: S-1-5-18
  User Name: NT-AUTORITÄT\SYSTEM
  Computer: DESKTOP-G0L88JA
  Description: 
Processor 4 in group 0 exposes the following power management capabilities:

Idle state type: ACPI Idle (C) States (2 state(s))

Performance state type: ACPI Performance (P) / Throttle (T) States
Nominal Frequency (MHz): 3400
Maximum performance percentage: 100
Minimum performance percentage: 64
Minimum throttle percentage: 64

Event[619]:
  Log Name: System
  Source: Microsoft-Windows-Kernel-Processor-Power
  Date: 2017-10-09T01:53:51.830
  Event ID: 55
  Task: N/A
  Level: Information
  Opcode: Info
  Keyword: N/A
  User: S-1-5-18
  User Name: NT-AUTORITÄT\SYSTEM
  Computer: DESKTOP-G0L88JA
  Description: 
Processor 5 in group 0 exposes the following power management capabilities:

Idle state type: ACPI Idle (C) States (2 state(s))

Performance state type: ACPI Performance (P) / Throttle (T) States
Nominal Frequency (MHz): 3400
Maximum performance percentage: 100
Minimum performance percentage: 64
Minimum throttle percentage: 64

Event[620]:
  Log Name: System
  Source: Microsoft-Windows-Kernel-Processor-Power
  Date: 2017-10-09T01:53:51.830
  Event ID: 55
  Task: N/A
  Level: Information
  Opcode: Info
  Keyword: N/A
  User: S-1-5-18
  User Name: NT-AUTORITÄT\SYSTEM
  Computer: DESKTOP-G0L88JA
  Description: 
Processor 6 in group 0 exposes the following power management capabilities:

Idle state type: ACPI Idle (C) States (2 state(s))

Performance state type: ACPI Performance (P) / Throttle (T) States
Nominal Frequency (MHz): 3400
Maximum performance percentage: 100
Minimum performance percentage: 64
Minimum throttle percentage: 64

Event[621]:
  Log Name: System
  Source: Microsoft-Windows-Kernel-Processor-Power
  Date: 2017-10-09T01:53:51.830
  Event ID: 55
  Task: N/A
  Level: Information
  Opcode: Info
  Keyword: N/A
  User: S-1-5-18
  User Name: NT-AUTORITÄT\SYSTEM
  Computer: DESKTOP-G0L88JA
  Description: 
Processor 7 in group 0 exposes the following power management capabilities:

Idle state type: ACPI Idle (C) States (2 state(s))

Performance state type: ACPI Performance (P) / Throttle (T) States
Nominal Frequency (MHz): 3400
Maximum performance percentage: 100
Minimum performance percentage: 64
Minimum throttle percentage: 64

Event[622]:
  Log Name: System
  Source: Microsoft-Windows-Kernel-Processor-Power
  Date: 2017-10-09T01:53:51.831
  Event ID: 55
  Task: N/A
  Level: Information
  Opcode: Info
  Keyword: N/A
  User: S-1-5-18
  User Name: NT-AUTORITÄT\SYSTEM
  Computer: DESKTOP-G0L88JA
  Description: 
Processor 8 in group 0 exposes the following power management capabilities:

Idle state type: ACPI Idle (C) States (2 state(s))

Performance state type: ACPI Performance (P) / Throttle (T) States
Nominal Frequency (MHz): 3400
Maximum performance percentage: 100
Minimum performance percentage: 64
Minimum throttle percentage: 64

Event[623]:
  Log Name: System
  Source: Microsoft-Windows-Kernel-Processor-Power
  Date: 2017-10-09T01:53:51.831
  Event ID: 55
  Task: N/A
  Level: Information
  Opcode: Info
  Keyword: N/A
  User: S-1-5-18
  User Name: NT-AUTORITÄT\SYSTEM
  Computer: DESKTOP-G0L88JA
  Description: 
Processor 9 in group 0 exposes the following power management capabilities:

Idle state type: ACPI Idle (C) States (2 state(s))

Performance state type: ACPI Performance (P) / Throttle (T) States
Nominal Frequency (MHz): 3400
Maximum performance percentage: 100
Minimum performance percentage: 64
Minimum throttle percentage: 64

Event[624]:
  Log Name: System
  Source: Microsoft-Windows-Kernel-Processor-Power
  Date: 2017-10-09T01:53:51.832
  Event ID: 55
  Task: N/A
  Level: Information
  Opcode: Info
  Keyword: N/A
  User: S-1-5-18
  User Name: NT-AUTORITÄT\SYSTEM
  Computer: DESKTOP-G0L88JA
  Description: 
Processor 10 in group 0 exposes the following power management capabilities:

Idle state type: ACPI Idle (C) States (2 state(s))

Performance state type: ACPI Performance (P) / Throttle (T) States
Nominal Frequency (MHz): 3400
Maximum performance percentage: 100
Minimum performance percentage: 64
Minimum throttle percentage: 64

Event[625]:
  Log Name: System
  Source: Microsoft-Windows-Kernel-Processor-Power
  Date: 2017-10-09T01:53:51.832
  Event ID: 55
  Task: N/A
  Level: Information
  Opcode: Info
  Keyword: N/A
  User: S-1-5-18
  User Name: NT-AUTORITÄT\SYSTEM
  Computer: DESKTOP-G0L88JA
  Description: 
Processor 11 in group 0 exposes the following power management capabilities:

Idle state type: ACPI Idle (C) States (2 state(s))

Performance state type: ACPI Performance (P) / Throttle (T) States
Nominal Frequency (MHz): 3400
Maximum performance percentage: 100
Minimum performance percentage: 64
Minimum throttle percentage: 64

Event[626]:
  Log Name: System
  Source: Microsoft-Windows-Kernel-Processor-Power
  Date: 2017-10-09T01:53:51.832
  Event ID: 55
  Task: N/A
  Level: Information
  Opcode: Info
  Keyword: N/A
  User: S-1-5-18
  User Name: NT-AUTORITÄT\SYSTEM
  Computer: DESKTOP-G0L88JA
  Description: 
Processor 12 in group 0 exposes the following power management capabilities:

Idle state type: ACPI Idle (C) States (2 state(s))

Performance state type: ACPI Performance (P) / Throttle (T) States
Nominal Frequency (MHz): 3400
Maximum performance percentage: 100
Minimum performance percentage: 64
Minimum throttle percentage: 64

Event[627]:
  Log Name: System
  Source: Microsoft-Windows-Kernel-Processor-Power
  Date: 2017-10-09T01:53:51.833
  Event ID: 55
  Task: N/A
  Level: Information
  Opcode: Info
  Keyword: N/A
  User: S-1-5-18
  User Name: NT-AUTORITÄT\SYSTEM
  Computer: DESKTOP-G0L88JA
  Description: 
Processor 13 in group 0 exposes the following power management capabilities:

Idle state type: ACPI Idle (C) States (2 state(s))

Performance state type: ACPI Performance (P) / Throttle (T) States
Nominal Frequency (MHz): 3400
Maximum performance percentage: 100
Minimum performance percentage: 64
Minimum throttle percentage: 64

Event[628]:
  Log Name: System
  Source: Microsoft-Windows-Kernel-Processor-Power
  Date: 2017-10-09T01:53:51.833
  Event ID: 55
  Task: N/A
  Level: Information
  Opcode: Info
  Keyword: N/A
  User: S-1-5-18
  User Name: NT-AUTORITÄT\SYSTEM
  Computer: DESKTOP-G0L88JA
  Description: 
Processor 14 in group 0 exposes the following power management capabilities:

Idle state type: ACPI Idle (C) States (2 state(s))

Performance state type: ACPI Performance (P) / Throttle (T) States
Nominal Frequency (MHz): 3400
Maximum performance percentage: 100
Minimum performance percentage: 64
Minimum throttle percentage: 64

Event[629]:
  Log Name: System
  Source: Microsoft-Windows-Kernel-Processor-Power
  Date: 2017-10-09T01:53:51.833
  Event ID: 55
  Task: N/A
  Level: Information
  Opcode: Info
  Keyword: N/A
  User: S-1-5-18
  User Name: NT-AUTORITÄT\SYSTEM
  Computer: DESKTOP-G0L88JA
  Description: 
Processor 15 in group 0 exposes the following power management capabilities:

Idle state type: ACPI Idle (C) States (2 state(s))

Performance state type: ACPI Performance (P) / Throttle (T) States
Nominal Frequency (MHz): 3400
Maximum performance percentage: 100
Minimum performance percentage: 64
Minimum throttle percentage: 64

Event[630]:
  Log Name: System
  Source: Microsoft-Windows-Ntfs
  Date: 2017-10-09T01:53:51.871
  Event ID: 98
  Task: N/A
  Level: Information
  Opcode: Info
  Keyword: N/A
  User: S-1-5-18
  User Name: NT-AUTORITÄT\SYSTEM
  Computer: DESKTOP-G0L88JA
  Description: 
Volume E: (\Device\HarddiskVolume2) is healthy.  No action is needed.

Event[631]:
  Log Name: System
  Source: Microsoft-Windows-Ntfs
  Date: 2017-10-09T01:53:51.946
  Event ID: 98
  Task: N/A
  Level: Information
  Opcode: Info
  Keyword: N/A
  User: S-1-5-18
  User Name: NT-AUTORITÄT\SYSTEM
  Computer: DESKTOP-G0L88JA
  Description: 
Volume \\?\Volume{800ef89d-8257-403d-9c5a-7bf08325d54e} (\Device\HarddiskVolume3) is healthy.  No action is needed.

Event[632]:
  Log Name: System
  Source: Microsoft-Windows-Wininit
  Date: 2017-10-09T01:53:54.397
  Event ID: 14
  Task: N/A
  Level: Information
  Opcode: Info
  Keyword: N/A
  User: S-1-5-18
  User Name: NT-AUTORITÄT\SYSTEM
  Computer: DESKTOP-G0L88JA
  Description: 
Credential Guard (LsaIso.exe) configuration: 0x0, 0

Event[633]:
  Log Name: System
  Source: Microsoft-Windows-Directory-Services-SAM
  Date: 2017-10-09T01:53:54.539
  Event ID: 16962
  Task: N/A
  Level: Information
  Opcode: Info
  Keyword: N/A
  User: S-1-5-18
  User Name: NT-AUTORITÄT\SYSTEM
  Computer: DESKTOP-G0L88JA
  Description: 
Remote calls to the SAM database are being restricted using the default security descriptor: O:SYG:SYD:(A;;RC;;;BA).
For more information please see http://go.microsoft.com/fwlink/?LinkId=787651.

Event[634]:
  Log Name: System
  Source: Microsoft-Windows-FilterManager
  Date: 2017-10-09T01:53:54.839
  Event ID: 6
  Task: N/A
  Level: Information
  Opcode: Info
  Keyword: N/A
  User: S-1-5-18
  User Name: NT-AUTORITÄT\SYSTEM
  Computer: DESKTOP-G0L88JA
  Description: 
File System Filter 'wcifs' (10.0, ?2079?-?07?-?15T20:50:57.000000000Z) has successfully loaded and registered with Filter Manager.

Event[635]:
  Log Name: System
  Source: Microsoft-Windows-FilterManager
  Date: 2017-10-09T01:53:54.857
  Event ID: 6
  Task: N/A
  Level: Information
  Opcode: Info
  Keyword: N/A
  User: S-1-5-18
  User Name: NT-AUTORITÄT\SYSTEM
  Computer: DESKTOP-G0L88JA
  Description: 
File System Filter 'luafv' (10.0, ?2037?-?06?-?08T11:55:59.000000000Z) has successfully loaded and registered with Filter Manager.

Event[636]:
  Log Name: System
  Source: Service Control Manager
  Date: 2017-10-09T01:53:54.849
  Event ID: 7000
  Task: N/A
  Level: Error
  Opcode: N/A
  Keyword: Classic
  User: N/A
  User Name: N/A
  Computer: DESKTOP-G0L88JA
  Description: 
The CldFlt service failed to start due to the following error: 
The request is not supported.

Event[637]:
  Log Name: System
  Source: Microsoft-Windows-FilterManager
  Date: 2017-10-09T01:53:54.861
  Event ID: 6
  Task: N/A
  Level: Information
  Opcode: Info
  Keyword: N/A
  User: S-1-5-18
  User Name: NT-AUTORITÄT\SYSTEM
  Computer: DESKTOP-G0L88JA
  Description: 
File System Filter 'storqosflt' (10.0, ?2015?-?12?-?18T05:36:27.000000000Z) has successfully loaded and registered with Filter Manager.

Event[638]:
  Log Name: System
  Source: Microsoft-Windows-Dhcp-Client
  Date: 2017-10-09T01:53:54.884
  Event ID: 50036
  Task: Service State Event
  Level: Information
  Opcode: ServiceStart
  Keyword: N/A
  User: S-1-5-19
  User Name: NT-AUTORITÄT\Lokaler Dienst
  Computer: DESKTOP-G0L88JA
  Description: 
DHCPv4 client service is started

Event[639]:
  Log Name: System
  Source: Microsoft-Windows-Dhcp-Client
  Date: 2017-10-09T01:53:54.884
  Event ID: 50103
  Task: Service State Event
  Level: Information
  Opcode: ServiceShutdown
  Keyword: N/A
  User: S-1-5-19
  User Name: NT-AUTORITÄT\Lokaler Dienst
  Computer: DESKTOP-G0L88JA
  Description: 
DHCPv4 client registered for shutdown notification

Event[640]:
  Log Name: System
  Source: Microsoft-Windows-DHCPv6-Client
  Date: 2017-10-09T01:53:54.890
  Event ID: 51046
  Task: Service State Event
  Level: Information
  Opcode: ServiceStart
  Keyword: N/A
  User: S-1-5-19
  User Name: NT-AUTORITÄT\Lokaler Dienst
  Computer: DESKTOP-G0L88JA
  Description: 
DHCPv6 client service is started

Event[641]:
  Log Name: System
  Source: Service Control Manager
  Date: 2017-10-09T01:53:55.224
  Event ID: 7026
  Task: N/A
  Level: Information
  Opcode: N/A
  Keyword: Classic
  User: N/A
  User Name: N/A
  Computer: DESKTOP-G0L88JA
  Description: 
The following boot-start or system-start driver(s) did not load: 
dam

Event[642]:
  Log Name: System
  Source: Microsoft-Windows-Winlogon
  Date: 2017-10-09T01:54:00.250
  Event ID: 7001
  Task: N/A
  Level: Information
  Opcode: Info
  Keyword: N/A
  User: S-1-5-18
  User Name: NT-AUTORITÄT\SYSTEM
  Computer: DESKTOP-G0L88JA
  Description: 
User Logon Notification for Customer Experience Improvement Program

Event[643]:
  Log Name: System
  Source: Lfsvc
  Date: 2017-10-09T01:56:02.643
  Event ID: 2
  Task: N/A
  Level: Information
  Opcode: Info
  Keyword: Classic
  User: N/A
  User Name: N/A
  Computer: DESKTOP-G0L88JA
  Description: 
Geolocation positioning has been disabled by the user.

Event[644]:
  Log Name: System
  Source: Service Control Manager
  Date: 2017-10-09T01:57:28.323
  Event ID: 7045
  Task: N/A
  Level: Information
  Opcode: N/A
  Keyword: Classic
  User: S-1-5-18
  User Name: NT-AUTORITÄT\SYSTEM
  Computer: DESKTOP-G0L88JA
  Description: 
A service was installed in the system.

Service Name:  SlimWare Services
Service File Name:  "C:\Program Files\SlimWare Utilities\Services\SlimWare.Services.exe"
Service Type:  Benutzermodusdienst
Service Start Type:  Automatisch starten
Service Account:  LocalSystem

Event[645]:
  Log Name: System
  Source: Service Control Manager
  Date: 2017-10-09T01:57:39.841
  Event ID: 7045
  Task: N/A
  Level: Information
  Opcode: N/A
  Keyword: Classic
  User: S-1-5-18
  User Name: NT-AUTORITÄT\SYSTEM
  Computer: DESKTOP-G0L88JA
  Description: 
A service was installed in the system.

Service Name:  SlimWare Utility Service Launcher
Service File Name:  "C:\Program Files\SlimService\SlimServiceFactory.exe"
Service Type:  Benutzermodusdienst
Service Start Type:  Automatisch starten
Service Account:  LocalSystem

Event[646]:
  Log Name: System
  Source: Microsoft-Windows-WindowsUpdateClient
  Date: 2017-10-09T01:58:50.417
  Event ID: 44
  Task: Windows Update Agent
  Level: Information
  Opcode: Download
  Keyword: Download,Started
  User: S-1-5-18
  User Name: NT-AUTORITÄT\SYSTEM
  Computer: DESKTOP-G0L88JA
  Description: 
Windows Update started downloading an update.

Event[647]:
  Log Name: System
  Source: Microsoft-Windows-WindowsUpdateClient
  Date: 2017-10-09T01:58:50.417
  Event ID: 44
  Task: Windows Update Agent
  Level: Information
  Opcode: Download
  Keyword: Download,Started
  User: S-1-5-18
  User Name: NT-AUTORITÄT\SYSTEM
  Computer: DESKTOP-G0L88JA
  Description: 
Windows Update started downloading an update.

Event[648]:
  Log Name: System
  Source: Microsoft-Windows-Kernel-General
  Date: 2017-10-09T01:59:05.724
  Event ID: 16
  Task: N/A
  Level: Information
  Opcode: Info
  Keyword: N/A
  User: S-1-5-18
  User Name: NT-AUTORITÄT\SYSTEM
  Computer: DESKTOP-G0L88JA
  Description: 
The access history in hive \??\C:\ProgramData\Microsoft\Windows\AppRepository\Packages\Microsoft.BingNews_4.21.2212.0_x64__8wekyb3d8bbwe\ActivationStore.dat was cleared updating 0 keys and creating 0 modified pages.

Event[649]:
  Log Name: System
  Source: Microsoft-Windows-Kernel-General
  Date: 2017-10-09T01:59:06.155
  Event ID: 16
  Task: N/A
  Level: Information
  Opcode: Info
  Keyword: N/A
  User: S-1-5-18
  User Name: NT-AUTORITÄT\SYSTEM
  Computer: DESKTOP-G0L88JA
  Description: 
The access history in hive \??\C:\ProgramData\Microsoft\Windows\AppRepository\Packages\89006A2E.AutodeskSketchBook_1.6.0.0_x64__tf1gferkr813w\ActivationStore.dat was cleared updating 0 keys and creating 0 modified pages.

Event[650]:
  Log Name: System
  Source: Microsoft-Windows-WindowsUpdateClient
  Date: 2017-10-09T01:59:12.001
  Event ID: 43
  Task: Windows Update Agent
  Level: Information
  Opcode: Installation
  Keyword: Installation,Started
  User: S-1-5-18
  User Name: NT-AUTORITÄT\SYSTEM
  Computer: DESKTOP-G0L88JA
  Description: 
Installation Started: Windows has started installing the following update: Autodesk SketchBook

Event[651]:
  Log Name: System
  Source: Microsoft-Windows-WindowsUpdateClient
  Date: 2017-10-09T01:59:12.001
  Event ID: 19
  Task: Windows Update Agent
  Level: Information
  Opcode: Installation
  Keyword: Installation,Success
  User: S-1-5-18
  User Name: NT-AUTORITÄT\SYSTEM
  Computer: DESKTOP-G0L88JA
  Description: 
Installation Successful: Windows successfully installed the following update: Autodesk SketchBook

Event[652]:
  Log Name: System
  Source: Microsoft-Windows-WindowsUpdateClient
  Date: 2017-10-09T01:59:12.001
  Event ID: 44
  Task: Windows Update Agent
  Level: Information
  Opcode: Download
  Keyword: Download,Started
  User: S-1-5-18
  User Name: NT-AUTORITÄT\SYSTEM
  Computer: DESKTOP-G0L88JA
  Description: 
Windows Update started downloading an update.

Event[653]:
  Log Name: System
  Source: Microsoft-Windows-WindowsUpdateClient
  Date: 2017-10-09T01:59:16.627
  Event ID: 44
  Task: Windows Update Agent
  Level: Information
  Opcode: Download
  Keyword: Download,Started
  User: S-1-5-18
  User Name: NT-AUTORITÄT\SYSTEM
  Computer: DESKTOP-G0L88JA
  Description: 
Windows Update started downloading an update.

Event[654]:
  Log Name: System
  Source: Microsoft-Windows-Kernel-General
  Date: 2017-10-09T01:59:18.065
  Event ID: 16
  Task: N/A
  Level: Information
  Opcode: Info
  Keyword: N/A
  User: S-1-5-18
  User Name: NT-AUTORITÄT\SYSTEM
  Computer: DESKTOP-G0L88JA
  Description: 
The access history in hive \??\C:\ProgramData\Microsoft\Windows\AppRepository\Packages\Microsoft.Advertising.Xaml_10.1709.1.0_x64__8wekyb3d8bbwe\ActivationStore.dat was cleared updating 0 keys and creating 0 modified pages.

Event[655]:
