  Log Name: System
  Source: Microsoft-Windows-UserPnp
  Date: 2017-05-15T15:58:28.583
  Event ID: 20003
  Task: N/A
  Level: Information
  Opcode: Info
  Keyword: N/A
  User: S-1-5-18
  User Name: NT AUTHORITY\SYSTEM
  Computer: asus
  Description: 
Driver Management has concluded the process to add Service XAudio for Device Instance ID PCI\VEN_14F1&DEV_2F00&SUBSYS_200414F1&REV_01\4&3A440333&0&10F0 with the following status: 0.

Event[118]:
  Log Name: System
  Source: Service Control Manager
  Date: 2017-05-15T15:58:28.571
  Event ID: 7045
  Task: N/A
  Level: Information
  Opcode: N/A
  Keyword: Classic
  User: S-1-5-18
  User Name: NT AUTHORITY\SYSTEM
  Computer: asus
  Description: 
A service was installed in the system.

Service Name:  HsfXAudioService
Service File Name:  %SystemRoot%\system32\svchost.exe -k HsfXAudioService
Service Type:  user mode service
Service Start Type:  auto start
Service Account:  NT AUTHORITY\LocalService

Event[119]:
  Log Name: System
  Source: Microsoft-Windows-UserPnp
  Date: 2017-05-15T15:58:28.977
  Event ID: 20003
  Task: N/A
  Level: Information
  Opcode: Info
  Keyword: N/A
  User: S-1-5-18
  User Name: NT AUTHORITY\SYSTEM
  Computer: asus
  Description: 
Driver Management has concluded the process to add Service HsfXAudioService for Device Instance ID PCI\VEN_14F1&DEV_2F00&SUBSYS_200414F1&REV_01\4&3A440333&0&10F0 with the following status: 0.

Event[120]:
  Log Name: System
  Source: Microsoft-Windows-UserPnp
  Date: 2017-05-15T15:58:34.163
  Event ID: 20001
  Task: N/A
  Level: Information
  Opcode: Info
  Keyword: N/A
  User: S-1-5-18
  User Name: NT AUTHORITY\SYSTEM
  Computer: asus
  Description: 
Driver Management concluded the process to install driver pscrcsrwk.inf_amd64_47c75ce7979a3ac5\pscrcsrwk.inf for Device Instance ID PCI\VEN_14F1&DEV_2F00&SUBSYS_200414F1&REV_01\4&3A440333&0&10F0 with the following status: 0x0.

Event[121]:
  Log Name: System
  Source: Service Control Manager
  Date: 2017-05-15T15:58:45.990
  Event ID: 7045
  Task: N/A
  Level: Information
  Opcode: N/A
  Keyword: Classic
  User: S-1-5-18
  User Name: NT AUTHORITY\SYSTEM
  Computer: asus
  Description: 
A service was installed in the system.

Service Name:  nvlddmkm
Service File Name:  \SystemRoot\system32\DRIVERS\nvlddmkm.sys
Service Type:  kernel mode driver
Service Start Type:  demand start
Service Account:  

Event[122]:
  Log Name: System
  Source: Microsoft-Windows-UserPnp
  Date: 2017-05-15T15:58:45.999
  Event ID: 20003
  Task: N/A
  Level: Information
  Opcode: Info
  Keyword: N/A
  User: S-1-5-18
  User Name: NT AUTHORITY\SYSTEM
  Computer: asus
  Description: 
Driver Management has concluded the process to add Service nvlddmkm for Device Instance ID PCI\VEN_10DE&DEV_06E4&SUBSYS_00000000&REV_A1\4&113C73B2&0&0018 with the following status: 0.

Event[123]:
  Log Name: System
  Source: Service Control Manager
  Date: 2017-05-15T15:59:05.506
  Event ID: 7045
  Task: N/A
  Level: Information
  Opcode: N/A
  Keyword: Classic
  User: S-1-5-18
  User Name: NT AUTHORITY\SYSTEM
  Computer: asus
  Description: 
A service was installed in the system.

Service Name:  NVIDIA Display Driver Service
Service File Name:  "C:\WINDOWS\system32\nvvsvc.exe"
Service Type:  user mode service
Service Start Type:  auto start
Service Account:  LocalSystem

Event[124]:
  Log Name: System
  Source: Microsoft-Windows-UserPnp
  Date: 2017-05-15T15:59:07.057
  Event ID: 20001
  Task: N/A
  Level: Information
  Opcode: Info
  Keyword: N/A
  User: S-1-5-18
  User Name: NT AUTHORITY\SYSTEM
  Computer: asus
  Description: 
Driver Management concluded the process to install driver nv_dispiwu.inf_amd64_5e2b734d2e5b2cfd\nv_dispiwu.inf for Device Instance ID PCI\VEN_10DE&DEV_06E4&SUBSYS_00000000&REV_A1\4&113C73B2&0&0018 with the following status: 0x0.

Event[125]:
  Log Name: System
  Source: Service Control Manager
  Date: 2017-05-15T15:59:07.959
  Event ID: 7045
  Task: N/A
  Level: Information
  Opcode: N/A
  Keyword: Classic
  User: S-1-5-18
  User Name: NT AUTHORITY\SYSTEM
  Computer: asus
  Description: 
A service was installed in the system.

Service Name:  Microsoft 1.1 UAA Function Driver for High Definition Audio Service
Service File Name:  \SystemRoot\system32\DRIVERS\HdAudio.sys
Service Type:  kernel mode driver
Service Start Type:  demand start
Service Account:  

Event[126]:
  Log Name: System
  Source: Microsoft-Windows-UserPnp
  Date: 2017-05-15T15:59:07.969
  Event ID: 20003
  Task: N/A
  Level: Information
  Opcode: Info
  Keyword: N/A
  User: S-1-5-18
  User Name: NT AUTHORITY\SYSTEM
  Computer: asus
  Description: 
Driver Management has concluded the process to add Service HdAudAddService for Device Instance ID HDAUDIO\FUNC_01&VEN_10EC&DEV_0889&SUBSYS_104383C0&REV_1000\4&108E67B5&0&0001 with the following status: 0.

Event[127]:
  Log Name: System
  Source: Microsoft-Windows-UserPnp
  Date: 2017-05-15T15:59:08.531
  Event ID: 20001
  Task: N/A
  Level: Information
  Opcode: Info
  Keyword: N/A
  User: S-1-5-18
  User Name: NT AUTHORITY\SYSTEM
  Computer: asus
  Description: 
Driver Management concluded the process to install driver hdaudio.inf_amd64_bafd539d04140276\hdaudio.inf for Device Instance ID HDAUDIO\FUNC_01&VEN_10EC&DEV_0889&SUBSYS_104383C0&REV_1000\4&108E67B5&0&0001 with the following status: 0x0.

Event[128]:
  Log Name: System
  Source: Service Control Manager
  Date: 2017-05-15T15:59:08.896
  Event ID: 7045
  Task: N/A
  Level: Information
  Opcode: N/A
  Keyword: Classic
  User: S-1-5-18
  User Name: NT AUTHORITY\SYSTEM
  Computer: asus
  Description: 
A service was installed in the system.

Service Name:  Realtek RT640 NT Driver
Service File Name:  \SystemRoot\System32\drivers\rt640x64.sys
Service Type:  kernel mode driver
Service Start Type:  demand start
Service Account:  

Event[129]:
  Log Name: System
  Source: Microsoft-Windows-UserPnp
  Date: 2017-05-15T15:59:09.244
  Event ID: 20001
  Task: N/A
  Level: Information
  Opcode: Info
  Keyword: N/A
  User: S-1-5-18
  User Name: NT AUTHORITY\SYSTEM
  Computer: asus
  Description: 
Driver Management concluded the process to install driver rt640x64.inf_amd64_98de0ddb0966f29b\rt640x64.inf for Device Instance ID PCI\VEN_10EC&DEV_8168&SUBSYS_83A31043&REV_03\4&1AE87EE1&0&00E7 with the following status: 0x0.

Event[130]:
  Log Name: System
  Source: Service Control Manager
  Date: 2017-05-15T15:59:09.459
  Event ID: 7045
  Task: N/A
  Level: Information
  Opcode: N/A
  Keyword: Classic
  User: S-1-5-18
  User Name: NT AUTHORITY\SYSTEM
  Computer: asus
  Description: 
A service was installed in the system.

Service Name:  Unimodem Streaming Filter Device
Service File Name:  \SystemRoot\system32\drivers\MODEMCSA.sys
Service Type:  kernel mode driver
Service Start Type:  demand start
Service Account:  

Event[131]:
  Log Name: System
  Source: Microsoft-Windows-UserPnp
  Date: 2017-05-15T15:59:09.466
  Event ID: 20003
  Task: N/A
  Level: Information
  Opcode: Info
  Keyword: N/A
  User: S-1-5-18
  User Name: NT AUTHORITY\SYSTEM
  Computer: asus
  Description: 
Driver Management has concluded the process to add Service MODEMCSA for Device Instance ID MODEMWAVE\0\{B0190C9D-E363-4E28-BBC0-0CA7E52452B2} with the following status: 0.

Event[132]:
  Log Name: System
  Source: Microsoft-Windows-UserPnp
  Date: 2017-05-15T15:59:09.802
  Event ID: 20001
  Task: N/A
  Level: Information
  Opcode: Info
  Keyword: N/A
  User: S-1-5-18
  User Name: NT AUTHORITY\SYSTEM
  Computer: asus
  Description: 
Driver Management concluded the process to install driver modemcsa.inf_amd64_301c39e3c1162ee0\modemcsa.inf for Device Instance ID MODEMWAVE\0\{B0190C9D-E363-4E28-BBC0-0CA7E52452B2} with the following status: 0x0.

Event[133]:
  Log Name: System
  Source: Microsoft-Windows-UserPnp
  Date: 2017-05-15T15:59:10.035
  Event ID: 20001
  Task: N/A
  Level: Information
  Opcode: Info
  Keyword: N/A
  User: S-1-5-18
  User Name: NT AUTHORITY\SYSTEM
  Computer: asus
  Description: 
Driver Management concluded the process to install driver h243h.inf_amd64_de79aedefb60d689\h243h.inf for Device Instance ID DISPLAY\ACR0074\5&2EB42F8&0&UID1048849 with the following status: 0x0.

Event[134]:
  Log Name: System
  Source: Service Control Manager
  Date: 2017-05-15T15:59:10.193
  Event ID: 7045
  Task: N/A
  Level: Information
  Opcode: N/A
  Keyword: Classic
  User: S-1-5-18
  User Name: NT AUTHORITY\SYSTEM
  Computer: asus
  Description: 
A service was installed in the system.

Service Name:  Microsoft Streaming Clock Proxy
Service File Name:  \SystemRoot\system32\DRIVERS\MSPCLOCK.sys
Service Type:  kernel mode driver
Service Start Type:  demand start
Service Account:  

Event[135]:
  Log Name: System
  Source: Microsoft-Windows-UserPnp
  Date: 2017-05-15T15:59:10.202
  Event ID: 20003
  Task: N/A
  Level: Information
  Opcode: Info
  Keyword: N/A
  User: S-1-5-18
  User Name: NT AUTHORITY\SYSTEM
  Computer: asus
  Description: 
Driver Management has concluded the process to add Service MSPCLOCK for Device Instance ID SW\{97EBAACC-95BD-11D0-A3EA-00A0C9223196}\{53172480-4791-11D0-A5D6-28DB04C10000} with the following status: 0.

Event[136]:
  Log Name: System
  Source: Microsoft-Windows-UserPnp
  Date: 2017-05-15T15:59:10.410
  Event ID: 20001
  Task: N/A
  Level: Information
  Opcode: Info
  Keyword: N/A
  User: S-1-5-18
  User Name: NT AUTHORITY\SYSTEM
  Computer: asus
  Description: 
Driver Management concluded the process to install driver ksfilter.inf_amd64_08c08773131a73d4\ksfilter.inf for Device Instance ID SW\{97EBAACC-95BD-11D0-A3EA-00A0C9223196}\{53172480-4791-11D0-A5D6-28DB04C10000} with the following status: 0x0.

Event[137]:
  Log Name: System
  Source: Service Control Manager
  Date: 2017-05-15T15:59:10.459
  Event ID: 7045
  Task: N/A
  Level: Information
  Opcode: N/A
  Keyword: Classic
  User: S-1-5-18
  User Name: NT AUTHORITY\SYSTEM
  Computer: asus
  Description: 
A service was installed in the system.

Service Name:  Microsoft Streaming Quality Manager Proxy
Service File Name:  \SystemRoot\system32\DRIVERS\MSPQM.sys
Service Type:  kernel mode driver
Service Start Type:  demand start
Service Account:  

Event[138]:
  Log Name: System
  Source: Microsoft-Windows-UserPnp
  Date: 2017-05-15T15:59:10.475
  Event ID: 20003
  Task: N/A
  Level: Information
  Opcode: Info
  Keyword: N/A
  User: S-1-5-18
  User Name: NT AUTHORITY\SYSTEM
  Computer: asus
  Description: 
Driver Management has concluded the process to add Service MSPQM for Device Instance ID SW\{DDF4358E-BB2C-11D0-A42F-00A0C9223196}\{97EBAACB-95BD-11D0-A3EA-00A0C9223196} with the following status: 0.

Event[139]:
  Log Name: System
  Source: Microsoft-Windows-UserPnp
  Date: 2017-05-15T15:59:10.682
  Event ID: 20001
  Task: N/A
  Level: Information
  Opcode: Info
  Keyword: N/A
  User: S-1-5-18
  User Name: NT AUTHORITY\SYSTEM
  Computer: asus
  Description: 
Driver Management concluded the process to install driver ksfilter.inf_amd64_08c08773131a73d4\ksfilter.inf for Device Instance ID SW\{DDF4358E-BB2C-11D0-A42F-00A0C9223196}\{97EBAACB-95BD-11D0-A3EA-00A0C9223196} with the following status: 0x0.

Event[140]:
  Log Name: System
  Source: Service Control Manager
  Date: 2017-05-15T15:59:10.724
  Event ID: 7045
  Task: N/A
  Level: Information
  Opcode: N/A
  Keyword: Classic
  User: S-1-5-18
  User Name: NT AUTHORITY\SYSTEM
  Computer: asus
  Description: 
A service was installed in the system.

Service Name:  Microsoft Streaming Service Proxy
Service File Name:  \SystemRoot\system32\DRIVERS\MSKSSRV.sys
Service Type:  kernel mode driver
Service Start Type:  demand start
Service Account:  

Event[141]:
  Log Name: System
  Source: Microsoft-Windows-UserPnp
  Date: 2017-05-15T15:59:10.728
  Event ID: 20003
  Task: N/A
  Level: Information
  Opcode: Info
  Keyword: N/A
  User: S-1-5-18
  User Name: NT AUTHORITY\SYSTEM
  Computer: asus
  Description: 
Driver Management has concluded the process to add Service MSKSSRV for Device Instance ID SW\{96E080C7-143C-11D1-B40F-00A0C9223196}\{3C0D501A-140B-11D1-B40F-00A0C9223196} with the following status: 0.

Event[142]:
  Log Name: System
  Source: Microsoft-Windows-UserPnp
  Date: 2017-05-15T15:59:11.009
  Event ID: 20001
  Task: N/A
  Level: Information
  Opcode: Info
  Keyword: N/A
  User: S-1-5-18
  User Name: NT AUTHORITY\SYSTEM
  Computer: asus
  Description: 
Driver Management concluded the process to install driver ksfilter.inf_amd64_08c08773131a73d4\ksfilter.inf for Device Instance ID SW\{96E080C7-143C-11D1-B40F-00A0C9223196}\{3C0D501A-140B-11D1-B40F-00A0C9223196} with the following status: 0x0.

Event[143]:
  Log Name: System
  Source: Service Control Manager
  Date: 2017-05-15T15:59:11.037
  Event ID: 7045
  Task: N/A
  Level: Information
  Opcode: N/A
  Keyword: Classic
  User: S-1-5-18
  User Name: NT AUTHORITY\SYSTEM
  Computer: asus
  Description: 
A service was installed in the system.

Service Name:  Microsoft Streaming Tee/Sink-to-Sink Converter
Service File Name:  \SystemRoot\system32\DRIVERS\MSTEE.sys
Service Type:  kernel mode driver
Service Start Type:  demand start
Service Account:  

Event[144]:
  Log Name: System
  Source: Microsoft-Windows-UserPnp
  Date: 2017-05-15T15:59:11.043
  Event ID: 20003
  Task: N/A
  Level: Information
  Opcode: Info
  Keyword: N/A
  User: S-1-5-18
  User Name: NT AUTHORITY\SYSTEM
  Computer: asus
  Description: 
Driver Management has concluded the process to add Service MSTEE for Device Instance ID SW\{CFD669F1-9BC2-11D0-8299-0000F822FE8A}\{CF1DDA2C-9743-11D0-A3EE-00A0C9223196} with the following status: 0.

Event[145]:
  Log Name: System
  Source: Microsoft-Windows-UserPnp
  Date: 2017-05-15T15:59:11.259
  Event ID: 20001
  Task: N/A
  Level: Information
  Opcode: Info
  Keyword: N/A
  User: S-1-5-18
  User Name: NT AUTHORITY\SYSTEM
  Computer: asus
  Description: 
Driver Management concluded the process to install driver ksfilter.inf_amd64_08c08773131a73d4\ksfilter.inf for Device Instance ID SW\{CFD669F1-9BC2-11D0-8299-0000F822FE8A}\{CF1DDA2C-9743-11D0-A3EE-00A0C9223196} with the following status: 0x0.

Event[146]:
  Log Name: System
  Source: Microsoft-Windows-UserPnp
  Date: 2017-05-15T15:59:11.281
  Event ID: 20003
  Task: N/A
  Level: Information
  Opcode: Info
  Keyword: N/A
  User: S-1-5-18
  User Name: NT AUTHORITY\SYSTEM
  Computer: asus
  Description: 
Driver Management has concluded the process to add Service MSTEE for Device Instance ID SW\{CFD669F1-9BC2-11D0-8299-0000F822FE8A}\{0A4252A0-7E70-11D0-A5D6-28DB04C10000} with the following status: 0.

Event[147]:
  Log Name: System
  Source: Microsoft-Windows-UserPnp
  Date: 2017-05-15T15:59:11.850
  Event ID: 20001
  Task: N/A
  Level: Information
  Opcode: Info
  Keyword: N/A
  User: S-1-5-18
  User Name: NT AUTHORITY\SYSTEM
  Computer: asus
  Description: 
Driver Management concluded the process to install driver ksfilter.inf_amd64_08c08773131a73d4\ksfilter.inf for Device Instance ID SW\{CFD669F1-9BC2-11D0-8299-0000F822FE8A}\{0A4252A0-7E70-11D0-A5D6-28DB04C10000} with the following status: 0x0.

Event[148]:
  Log Name: System
  Source: Service Control Manager
  Date: 2017-05-15T15:59:11.896
  Event ID: 7045
  Task: N/A
  Level: Information
  Opcode: N/A
  Keyword: Classic
  User: S-1-5-18
  User Name: NT AUTHORITY\SYSTEM
  Computer: asus
  Description: 
A service was installed in the system.

Service Name:  Microsoft Trusted Audio Drivers
Service File Name:  \SystemRoot\system32\DRIVERS\drmkaud.sys
Service Type:  kernel mode driver
Service Start Type:  demand start
Service Account:  

Event[149]:
  Log Name: System
  Source: Microsoft-Windows-UserPnp
  Date: 2017-05-15T15:59:11.899
  Event ID: 20003
  Task: N/A
  Level: Information
  Opcode: Info
  Keyword: N/A
  User: S-1-5-18
  User Name: NT AUTHORITY\SYSTEM
  Computer: asus
  Description: 
Driver Management has concluded the process to add Service drmkaud for Device Instance ID SW\{EEC12DB6-AD9C-4168-8658-B03DAEF417FE}\{ABD61E00-9350-47E2-A632-4438B90C6641} with the following status: 0.

Event[150]:
  Log Name: System
  Source: Microsoft-Windows-UserPnp
  Date: 2017-05-15T15:59:12.095
  Event ID: 20001
  Task: N/A
  Level: Information
  Opcode: Info
  Keyword: N/A
  User: S-1-5-18
  User Name: NT AUTHORITY\SYSTEM
  Computer: asus
  Description: 
Driver Management concluded the process to install driver wdmaudio.inf_amd64_b51edb2b9055d904\wdmaudio.inf for Device Instance ID SW\{EEC12DB6-AD9C-4168-8658-B03DAEF417FE}\{ABD61E00-9350-47E2-A632-4438B90C6641} with the following status: 0x0.

Event[151]:
  Log Name: System
  Source: Service Control Manager
  Date: 2017-05-15T15:59:12.115
  Event ID: 7045
  Task: N/A
  Level: Information
  Opcode: N/A
  Keyword: Classic
  User: S-1-5-18
  User Name: NT AUTHORITY\SYSTEM
  Computer: asus
  Description: 
A service was installed in the system.

Service Name:  UVCCompositeFilter
Service File Name:  \SystemRoot\System32\drivers\lvbflt64.sys
Service Type:  kernel mode driver
Service Start Type:  demand start
Service Account:  

Event[152]:
  Log Name: System
  Source: Microsoft-Windows-UserPnp
  Date: 2017-05-15T15:59:14.175
  Event ID: 20001
  Task: N/A
  Level: Information
  Opcode: Info
  Keyword: N/A
  User: S-1-5-18
  User Name: NT AUTHORITY\SYSTEM
  Computer: asus
  Description: 
Driver Management concluded the process to install driver lpro564c.inf_amd64_ce0700f15947bf88\lpro564c.inf for Device Instance ID USB\VID_046D&PID_0826\057D42F0 with the following status: 0x0.

Event[153]:
  Log Name: System
  Source: Microsoft-Windows-UserPnp
  Date: 2017-05-15T15:59:14.888
  Event ID: 20003
  Task: N/A
  Level: Information
  Opcode: Info
  Keyword: N/A
  User: S-1-5-18
  User Name: NT AUTHORITY\SYSTEM
  Computer: asus
  Description: 
Driver Management has concluded the process to add Service HidUsb for Device Instance ID USB\VID_046D&PID_C52B&MI_00\7&37028D26&0&0000 with the following status: 0.

Event[154]:
  Log Name: System
  Source: Microsoft-Windows-UserPnp
  Date: 2017-05-15T15:59:15.743
  Event ID: 20001
  Task: N/A
  Level: Information
  Opcode: Info
  Keyword: N/A
  User: S-1-5-18
  User Name: NT AUTHORITY\SYSTEM
  Computer: asus
  Description: 
Driver Management concluded the process to install driver unifhid.inf_amd64_3994342584154151\unifhid.inf for Device Instance ID USB\VID_046D&PID_C52B&MI_00\7&37028D26&0&0000 with the following status: 0x0.

Event[155]:
  Log Name: System
  Source: Service Control Manager
  Date: 2017-05-15T15:59:18.196
  Event ID: 7045
  Task: N/A
  Level: Information
  Opcode: N/A
  Keyword: Classic
  User: S-1-5-18
  User Name: NT AUTHORITY\SYSTEM
  Computer: asus
  Description: 
A service was installed in the system.

Service Name:  Logitech RightSound Filter Driver
Service File Name:  \SystemRoot\system32\DRIVERS\lvrs64.sys
Service Type:  kernel mode driver
Service Start Type:  demand start
Service Account:  

Event[156]:
  Log Name: System
  Source: Microsoft-Windows-UserPnp
  Date: 2017-05-15T15:59:18.210
  Event ID: 20003
  Task: N/A
  Level: Information
  Opcode: Info
  Keyword: N/A
  User: S-1-5-18
  User Name: NT AUTHORITY\SYSTEM
  Computer: asus
  Description: 
Driver Management has concluded the process to add Service lvrs64 for Device Instance ID USB\VID_046D&PID_0826&MI_00\7&26D527D8&1&0000 with the following status: 0.

Event[157]:
  Log Name: System
  Source: Service Control Manager
  Date: 2017-05-15T15:59:18.196
  Event ID: 7045
  Task: N/A
  Level: Information
  Opcode: N/A
  Keyword: Classic
  User: S-1-5-18
  User Name: NT AUTHORITY\SYSTEM
  Computer: asus
  Description: 
A service was installed in the system.

Service Name:  USB Audio Driver (WDM)
Service File Name:  \SystemRoot\system32\drivers\usbaudio.sys
Service Type:  kernel mode driver
Service Start Type:  demand start
Service Account:  

Event[158]:
  Log Name: System
  Source: Microsoft-Windows-UserPnp
  Date: 2017-05-15T15:59:18.211
  Event ID: 20003
  Task: N/A
  Level: Information
  Opcode: Info
  Keyword: N/A
  User: S-1-5-18
  User Name: NT AUTHORITY\SYSTEM
  Computer: asus
  Description: 
Driver Management has concluded the process to add Service usbaudio for Device Instance ID USB\VID_046D&PID_0826&MI_00\7&26D527D8&1&0000 with the following status: 0.

Event[159]:
  Log Name: System
  Source: Microsoft-Windows-UserPnp
  Date: 2017-05-15T15:59:18.569
  Event ID: 20001
  Task: N/A
  Level: Information
  Opcode: Info
  Keyword: N/A
  User: S-1-5-18
  User Name: NT AUTHORITY\SYSTEM
  Computer: asus
  Description: 
Driver Management concluded the process to install driver lpro564s.inf_amd64_cf2e8a5272aa1145\lpro564s.inf for Device Instance ID USB\VID_046D&PID_0826&MI_00\7&26D527D8&1&0000 with the following status: 0x0.

Event[160]:
  Log Name: System
  Source: Service Control Manager
  Date: 2017-05-15T15:59:20.548
  Event ID: 7045
  Task: N/A
  Level: Information
  Opcode: N/A
  Keyword: Classic
  User: S-1-5-18
  User Name: NT AUTHORITY\SYSTEM
  Computer: asus
  Description: 
A service was installed in the system.

Service Name:  @oem40.inf,%PID_0826_DD%(UVC);Logitech HD Webcam C525(UVC)
Service File Name:  \SystemRoot\system32\DRIVERS\lvuvc64.sys
Service Type:  kernel mode driver
Service Start Type:  demand start
Service Account:  

Event[161]:
  Log Name: System
  Source: Microsoft-Windows-UserPnp
  Date: 2017-05-15T15:59:20.561
  Event ID: 20003
  Task: N/A
  Level: Information
  Opcode: Info
  Keyword: N/A
  User: S-1-5-18
  User Name: NT AUTHORITY\SYSTEM
  Computer: asus
  Description: 
Driver Management has concluded the process to add Service LVUVC64 for Device Instance ID USB\VID_046D&PID_0826&MI_02\7&26D527D8&1&0002 with the following status: 0.

Event[162]:
  Log Name: System
  Source: Microsoft-Windows-UserPnp
  Date: 2017-05-15T15:59:21.540
  Event ID: 20001
  Task: N/A
  Level: Information
  Opcode: Info
  Keyword: N/A
  User: S-1-5-18
  User Name: NT AUTHORITY\SYSTEM
  Computer: asus
  Description: 
Driver Management concluded the process to install driver lpro564v.inf_amd64_eee0aa15871bd97b\lpro564v.inf for Device Instance ID USB\VID_046D&PID_0826&MI_02\7&26D527D8&1&0002 with the following status: 0x0.

Event[163]:
  Log Name: System
  Source: Microsoft-Windows-Kernel-General
  Date: 2017-05-15T15:59:25.937
  Event ID: 15
  Task: N/A
  Level: Information
  Opcode: Info
  Keyword: N/A
  User: S-1-5-18
  User Name: NT AUTHORITY\SYSTEM
  Computer: asus
  Description: 
Hive \??\C:\WINDOWS\System32\config\COMPONENTS was reorganized with a starting size of 31981568 bytes and an ending size of 31965184 bytes.

Event[164]:
  Log Name: System
  Source: Microsoft-Windows-Setup
  Date: 2017-05-15T15:59:27.012
  Event ID: 2004
  Task: OS information
  Level: Information
  Opcode: Info
  Keyword: N/A
  User: S-1-5-18
  User Name: NT AUTHORITY\SYSTEM
  Computer: asus
  Description: 
Successfully logged OS information

Event[165]:
  Log Name: System
  Source: Microsoft-Windows-Kernel-General
  Date: 2017-05-15T15:59:28.630
  Event ID: 15
  Task: N/A
  Level: Information
  Opcode: Info
  Keyword: N/A
  User: S-1-5-18
  User Name: NT AUTHORITY\SYSTEM
  Computer: asus
  Description: 
Hive \??\C:\WINDOWS\System32\SMI\Store\Machine\SCHEMA.DAT was reorganized with a starting size of 12550144 bytes and an ending size of 11767808 bytes.

Event[166]:
  Log Name: System
  Source: Microsoft-Windows-Kernel-General
  Date: 2017-05-15T15:59:28.876
  Event ID: 16
  Task: N/A
  Level: Information
  Opcode: Info
  Keyword: N/A
  User: S-1-5-18
  User Name: NT AUTHORITY\SYSTEM
  Computer: asus
  Description: 
The access history in hive \??\C:\WINDOWS\system32\config\elam was cleared updating 1 keys and creating 1 modified pages.

Event[167]:
  Log Name: System
  Source: Microsoft-Windows-Kernel-General
  Date: 2017-05-15T15:59:43.024
  Event ID: 16
  Task: N/A
  Level: Information
  Opcode: Info
  Keyword: N/A
  User: S-1-5-18
  User Name: NT AUTHORITY\SYSTEM
  Computer: asus
  Description: 
The access history in hive \??\C:\Windows.old\Windows\system32\config\userdiff was cleared updating 1 keys and creating 1 modified pages.

Event[168]:
  Log Name: System
  Source: Microsoft-Windows-DistributedCOM
  Date: 2017-05-15T16:00:34.287
  Event ID: 10010
  Task: N/A
  Level: Error
  Opcode: Info
  Keyword: Classic
  User: S-1-5-19
  User Name: NT AUTHORITY\LOCAL SERVICE
  Computer: asus
  Description: 
The server {4991D34B-80A1-4291-83B6-3328366B9097} did not register with DCOM within the required timeout.

Event[169]:
  Log Name: System
  Source: Microsoft-Windows-DistributedCOM
  Date: 2017-05-15T16:00:34.755
  Event ID: 10010
  Task: N/A
  Level: Error
  Opcode: Info
  Keyword: Classic
  User: S-1-5-18
  User Name: NT AUTHORITY\SYSTEM
  Computer: asus
  Description: 
The server {A47979D2-C419-11D9-A5B4-001185AD2B89} did not register with DCOM within the required timeout.

Event[170]:
  Log Name: System
  Source: Microsoft-Windows-Bits-Client
  Date: 2017-05-15T16:00:37.483
  Event ID: 16392
  Task: N/A
  Level: Error
  Opcode: Info
  Keyword: N/A
  User: S-1-5-18
  User Name: NT AUTHORITY\SYSTEM
  Computer: asus
  Description: 
The BITS service failed to start.  Error 0x80080005.

Event[171]:
  Log Name: System
  Source: Service Control Manager
  Date: 2017-05-15T16:00:37.474
  Event ID: 7024
  Task: N/A
  Level: Error
  Opcode: N/A
  Keyword: Classic
  User: N/A
  User Name: N/A
  Computer: asus
  Description: 
The Background Intelligent Transfer Service service terminated with the following service-specific error: 
Server execution failed

Event[172]:
  Log Name: System
  Source: Microsoft-Windows-DistributedCOM
  Date: 2017-05-15T16:02:34.302
  Event ID: 10010
  Task: N/A
  Level: Error
  Opcode: Info
  Keyword: Classic
  User: S-1-5-19
  User Name: NT AUTHORITY\LOCAL SERVICE
  Computer: asus
  Description: 
The server {4991D34B-80A1-4291-83B6-3328366B9097} did not register with DCOM within the required timeout.

Event[173]:
  Log Name: System
  Source: Service Control Manager
  Date: 2017-05-15T16:04:43.912
  Event ID: 7040
  Task: N/A
  Level: Information
  Opcode: N/A
  Keyword: Classic
  User: S-1-5-18
  User Name: NT AUTHORITY\SYSTEM
  Computer: asus
  Description: 
The start type of the Device Association Service service was changed from demand start to auto start.

Event[174]:
  Log Name: System
  Source: Service Control Manager
  Date: 2017-05-15T16:04:46.428
  Event ID: 7045
  Task: N/A
  Level: Information
  Opcode: N/A
  Keyword: Classic
  User: S-1-5-18
  User Name: NT AUTHORITY\SYSTEM
  Computer: asus
  Description: 
A service was installed in the system.

Service Name:  Avira Service Host
Service File Name:  "C:\Program Files (x86)\Avira\Launcher\Avira.ServiceHost.exe"
Service Type:  user mode service
Service Start Type:  auto start
Service Account:  LocalSystem

Event[175]:
  Log Name: System
  Source: Service Control Manager
  Date: 2017-05-15T16:04:46.443
  Event ID: 7045
  Task: N/A
  Level: Information
  Opcode: N/A
  Keyword: Classic
  User: S-1-5-18
  User Name: NT AUTHORITY\SYSTEM
  Computer: asus
  Description: 
A service was installed in the system.

Service Name:  NVIDIA Stereoscopic 3D Driver Service
Service File Name:  "C:\Program Files (x86)\NVIDIA Corporation\3D Vision\nvSCPAPISvr.exe"
Service Type:  user mode service
Service Start Type:  auto start
Service Account:  LocalSystem

Event[176]:
  Log Name: System
  Source: Service Control Manager
  Date: 2017-05-15T16:04:46.459
  Event ID: 7045
  Task: N/A
  Level: Information
  Opcode: N/A
  Keyword: Classic
  User: S-1-5-18
  User Name: NT AUTHORITY\SYSTEM
  Computer: asus
  Description: 
A service was installed in the system.

Service Name:  Avira Real-Time Protection
Service File Name:  "C:\Program Files (x86)\Avira\Antivirus\avguard.exe"
Service Type:  user mode service
Service Start Type:  auto start
Service Account:  LocalSystem

Event[177]:
  Log Name: System
  Source: Service Control Manager
  Date: 2017-05-15T16:04:46.475
  Event ID: 7045
  Task: N/A
  Level: Information
  Opcode: N/A
  Keyword: Classic
  User: S-1-5-18
  User Name: NT AUTHORITY\SYSTEM
  Computer: asus
  Description: 
A service was installed in the system.

Service Name:  Avira Mail Protection
Service File Name:  "C:\Program Files (x86)\Avira\Antivirus\avmailc7.exe"
Service Type:  user mode service
Service Start Type:  auto start
Service Account:  LocalSystem

Event[178]:
  Log Name: System
  Source: Service Control Manager
  Date: 2017-05-15T16:04:46.475
  Event ID: 7045
  Task: N/A
  Level: Information
  Opcode: N/A
  Keyword: Classic
  User: S-1-5-18
  User Name: NT AUTHORITY\SYSTEM
  Computer: asus
  Description: 
A service was installed in the system.

Service Name:  Adobe Acrobat Update Service
Service File Name:  "C:\Program Files (x86)\Common Files\Adobe\ARM\1.0\armsvc.exe"
Service Type:  user mode service
Service Start Type:  auto start
Service Account:  LocalSystem

Event[179]:
  Log Name: System
  Source: Service Control Manager
  Date: 2017-05-15T16:04:46.475
  Event ID: 7045
  Task: N/A
  Level: Information
  Opcode: N/A
  Keyword: Classic
  User: S-1-5-18
  User Name: NT AUTHORITY\SYSTEM
  Computer: asus
  Description: 
A service was installed in the system.

Service Name:  Macrium Reflect Utility Service
Service File Name:  "C:\Program Files\Macrium\Reflect\ReflectService.exe"
Service Type:  user mode service
Service Start Type:  auto start
Service Account:  LocalSystem

Event[180]:
  Log Name: System
  Source: Service Control Manager
  Date: 2017-05-15T16:04:46.475
  Event ID: 7045
  Task: N/A
  Level: Information
  Opcode: N/A
  Keyword: Classic
  User: S-1-5-18
  User Name: NT AUTHORITY\SYSTEM
  Computer: asus
  Description: 
A service was installed in the system.

Service Name:  Google Update Service (gupdate)
Service File Name:  "C:\Program Files (x86)\Google\Update\GoogleUpdate.exe" /svc
Service Type:  user mode service
Service Start Type:  auto start
Service Account:  LocalSystem

Event[181]:
  Log Name: System
  Source: Service Control Manager
  Date: 2017-05-15T16:04:46.475
  Event ID: 7045
  Task: N/A
  Level: Information
  Opcode: N/A
  Keyword: Classic
  User: S-1-5-18
  User Name: NT AUTHORITY\SYSTEM
  Computer: asus
  Description: 
A service was installed in the system.

Service Name:  Google Update Service (gupdatem)
Service File Name:  "C:\Program Files (x86)\Google\Update\GoogleUpdate.exe" /medsvc
Service Type:  user mode service
Service Start Type:  demand start
Service Account:  LocalSystem

Event[182]:
  Log Name: System
  Source: Service Control Manager
  Date: 2017-05-15T16:04:46.475
  Event ID: 7045
  Task: N/A
  Level: Information
  Opcode: N/A
  Keyword: Classic
  User: S-1-5-18
  User Name: NT AUTHORITY\SYSTEM
  Computer: asus
  Description: 
A service was installed in the system.

Service Name:  Avira Web Protection
Service File Name:  "C:\Program Files (x86)\Avira\Antivirus\avwebg7.exe"
Service Type:  user mode service
Service Start Type:  auto start
Service Account:  LocalSystem

Event[183]:
  Log Name: System
  Source: Service Control Manager
  Date: 2017-05-15T16:04:46.475
  Event ID: 7045
  Task: N/A
  Level: Information
  Opcode: N/A
  Keyword: Classic
  User: S-1-5-18
  User Name: NT AUTHORITY\SYSTEM
  Computer: asus
  Description: 
A service was installed in the system.

Service Name:  Skype Updater
Service File Name:  "C:\Program Files (x86)\Skype\Updater\Updater.exe"
Service Type:  user mode service
Service Start Type:  auto start
Service Account:  LocalSystem

Event[184]:
  Log Name: System
  Source: Service Control Manager
  Date: 2017-05-15T16:04:46.475
  Event ID: 7045
  Task: N/A
  Level: Information
  Opcode: N/A
  Keyword: Classic
  User: S-1-5-18
  User Name: NT AUTHORITY\SYSTEM
  Computer: asus
  Description: 
A service was installed in the system.

Service Name:  Office 64 Source Engine
Service File Name:  "C:\Program Files\Common Files\Microsoft Shared\Source Engine\OSE.EXE"
Service Type:  user mode service
Service Start Type:  demand start
Service Account:  LocalSystem

Event[185]:
  Log Name: System
  Source: Service Control Manager
  Date: 2017-05-15T16:04:46.475
  Event ID: 7045
  Task: N/A
  Level: Information
  Opcode: N/A
  Keyword: Classic
  User: S-1-5-18
  User Name: NT AUTHORITY\SYSTEM
  Computer: asus
  Description: 
A service was installed in the system.

Service Name:  Avira Scheduler
Service File Name:  "C:\Program Files (x86)\Avira\Antivirus\sched.exe"
Service Type:  user mode service
Service Start Type:  auto start
Service Account:  LocalSystem

Event[186]:
  Log Name: System
  Source: Service Control Manager
  Date: 2017-05-15T16:04:46.475
  Event ID: 7045
  Task: N/A
  Level: Information
  Opcode: N/A
  Keyword: Classic
  User: S-1-5-18
  User Name: NT AUTHORITY\SYSTEM
  Computer: asus
  Description: 
A service was installed in the system.

Service Name:  HP Support Solutions Framework Service
Service File Name:  "C:\Program Files (x86)\Hewlett-Packard\HP Support Solutions\HPSupportSolutionsFrameworkService.exe"
Service Type:  user mode service
Service Start Type:  auto start
Service Account:  LocalSystem

Event[187]:
  Log Name: System
  Source: Service Control Manager
  Date: 2017-05-15T16:04:46.475
  Event ID: 7045
  Task: N/A
  Level: Information
  Opcode: N/A
  Keyword: Classic
  User: S-1-5-18
  User Name: NT AUTHORITY\SYSTEM
  Computer: asus
  Description: 
A service was installed in the system.

Service Name:  Service KMSELDI
Service File Name:  C:\Program Files\KMSpico\Service_KMS.exe
Service Type:  user mode service
Service Start Type:  auto start
Service Account:  LocalSystem

Event[188]:
  Log Name: System
  Source: Service Control Manager
  Date: 2017-05-15T16:04:46.490
  Event ID: 7045
  Task: N/A
  Level: Information
  Opcode: N/A
  Keyword: Classic
  User: S-1-5-18
  User Name: NT AUTHORITY\SYSTEM
  Computer: asus
  Description: 
A service was installed in the system.

Service Name:  SAMSUNG Android USB Diagnostic Serial Port (WDM)
Service File Name:  \SystemRoot\System32\drivers\ssadserd.sys
Service Type:  kernel mode driver
Service Start Type:  demand start
Service Account:  

Event[189]:
  Log Name: System
  Source: Service Control Manager
  Date: 2017-05-15T16:04:46.490
  Event ID: 7045
  Task: N/A
  Level: Information
  Opcode: N/A
  Keyword: Classic
  User: S-1-5-18
  User Name: NT AUTHORITY\SYSTEM
  Computer: asus
  Description: 
A service was installed in the system.

Service Name:  Samsung Mobile Ethernet (WDM)
Service File Name:  \SystemRoot\System32\drivers\ssecunic.sys
Service Type:  kernel mode driver
Service Start Type:  demand start
Service Account:  

Event[190]:
  Log Name: System
  Source: Service Control Manager
  Date: 2017-05-15T16:04:46.490
  Event ID: 7045
  Task: N/A
  Level: Information
  Opcode: N/A
  Keyword: Classic
  User: S-1-5-18
  User Name: NT AUTHORITY\SYSTEM
  Computer: asus
  Description: 
A service was installed in the system.

Service Name:  SAMSUNG Mobile USB Port II 1.0 Drivers
Service File Name:  \SystemRoot\System32\drivers\ssm_mdm.sys
Service Type:  kernel mode driver
Service Start Type:  demand start
Service Account:  

Event[191]:
  Log Name: System
  Source: Service Control Manager
  Date: 2017-05-15T16:04:46.490
  Event ID: 7045
  Task: N/A
  Level: Information
  Opcode: N/A
  Keyword: Classic
  User: S-1-5-18
  User Name: NT AUTHORITY\SYSTEM
  Computer: asus
  Description: 
A service was installed in the system.

Service Name:  SAMSUNG Mobile USB Device II 1.0 driver (WDM)
Service File Name:  \SystemRoot\System32\drivers\ssm_bus.sys
Service Type:  kernel mode driver
Service Start Type:  demand start
Service Account:  

Event[192]:
  Log Name: System
  Source: Service Control Manager
  Date: 2017-05-15T16:04:46.490
  Event ID: 7045
  Task: N/A
  Level: Information
  Opcode: N/A
  Keyword: Classic
  User: S-1-5-18
  User Name: NT AUTHORITY\SYSTEM
  Computer: asus
  Description: 
A service was installed in the system.

Service Name:  Samsung Mobile OBEX Interface
Service File Name:  \SystemRoot\System32\drivers\ssecobex.sys
Service Type:  kernel mode driver
Service Start Type:  demand start
Service Account:  

Event[193]:
  Log Name: System
  Source: Service Control Manager
  Date: 2017-05-15T16:04:46.490
  Event ID: 7045
  Task: N/A
  Level: Information
  Opcode: N/A
  Keyword: Classic
  User: S-1-5-18
  User Name: NT AUTHORITY\SYSTEM
  Computer: asus
  Description: 
A service was installed in the system.

Service Name:  SAMSUNG Android Networking (CDC/EEM Ethernet) Drivers (WDM)
Service File Name:  \SystemRoot\System32\drivers\ssaeunic.sys
Service Type:  kernel mode driver
Service Start Type:  demand start
Service Account:  

Event[194]:
  Log Name: System
  Source: Service Control Manager
  Date: 2017-05-15T16:04:46.490
  Event ID: 7045
  Task: N/A
  Level: Information
  Opcode: N/A
  Keyword: Classic
  User: S-1-5-18
  User Name: NT AUTHORITY\SYSTEM
  Computer: asus
  Description: 
A service was installed in the system.

Service Name:  Intel AHCI Controller
Service File Name:  \SystemRoot\System32\drivers\iaStor.sys
Service Type:  kernel mode driver
Service Start Type:  demand start
Service Account:  

Event[195]:
  Log Name: System
  Source: Service Control Manager
  Date: 2017-05-15T16:04:46.490
  Event ID: 7045
  Task: N/A
  Level: Information
  Opcode: N/A
  Keyword: Classic
  User: S-1-5-18
  User Name: NT AUTHORITY\SYSTEM
  Computer: asus
  Description: 
A service was installed in the system.

Service Name:  SAMSUNG Mobile USB OBEX Serial Port(DEVGURU Ver.)
Service File Name:  \SystemRoot\System32\drivers\ssudobex.sys
Service Type:  kernel mode driver
Service Start Type:  demand start
Service Account:  

Event[196]:
  Log Name: System
  Source: Service Control Manager
  Date: 2017-05-15T16:04:46.490
  Event ID: 7045
  Task: N/A
  Level: Information
  Opcode: N/A
  Keyword: Classic
  User: S-1-5-18
  User Name: NT AUTHORITY\SYSTEM
  Computer: asus
  Description: 
A service was installed in the system.

Service Name:  Samsung High Speed USB Driver disks
Service File Name:  \SystemRoot\System32\drivers\HSPUSB.sys
Service Type:  kernel mode driver
Service Start Type:  demand start
Service Account:  

Event[197]:
  Log Name: System
  Source: Service Control Manager
  Date: 2017-05-15T16:04:46.490
  Event ID: 7045
  Task: N/A
  Level: Information
  Opcode: N/A
  Keyword: Classic
  User: S-1-5-18
  User Name: NT AUTHORITY\SYSTEM
  Computer: asus
  Description: 
A service was installed in the system.

Service Name:  VIA Telecom USB ETS Driver
Service File Name:  \SystemRoot\System32\drivers\VIA_USB_ETS.sys
Service Type:  kernel mode driver
Service Start Type:  demand start
Service Account:  

Event[198]:
  Log Name: System
  Source: Service Control Manager
  Date: 2017-05-15T16:04:46.490
  Event ID: 7045
  Task: N/A
  Level: Information
  Opcode: N/A
  Keyword: Classic
  User: S-1-5-18
  User Name: NT AUTHORITY\SYSTEM
  Computer: asus
  Description: 
A service was installed in the system.

Service Name:  Samsung Mobile Device Management Drivers (WDM)
Service File Name:  \SystemRoot\System32\drivers\ssecmgmt.sys
Service Type:  kernel mode driver
Service Start Type:  demand start
Service Account:  

Event[199]:
  Log Name: System
  Source: Service Control Manager
  Date: 2017-05-15T16:04:46.490
  Event ID: 7045
  Task: N/A
  Level: Information
  Opcode: N/A
  Keyword: Classic
  User: S-1-5-18
  User Name: NT AUTHORITY\SYSTEM
  Computer: asus
  Description: 
A service was installed in the system.

Service Name:  SAMSUNG Mobile Modem Diagnostic Serial Port (WDM)
Service File Name:  \SystemRoot\System32\drivers\sscdserd.sys
Service Type:  kernel mode driver
Service Start Type:  demand start
Service Account:  

Event[200]:
  Log Name: System
  Source: Service Control Manager
  Date: 2017-05-15T16:04:46.490
  Event ID: 7045
  Task: N/A
  Level: Information
  Opcode: N/A
  Keyword: Classic
  User: S-1-5-18
  User Name: NT AUTHORITY\SYSTEM
  Computer: asus
  Description: 
A service was installed in the system.

Service Name:  Impcd
Service File Name:  \SystemRoot\System32\drivers\Impcd.sys
Service Type:  kernel mode driver
Service Start Type:  demand start
Service Account:  

Event[201]:
  Log Name: System
  Source: Service Control Manager
  Date: 2017-05-15T16:04:46.490
  Event ID: 7045
  Task: N/A
  Level: Information
  Opcode: N/A
  Keyword: Classic
  User: S-1-5-18
  User Name: NT AUTHORITY\SYSTEM
  Computer: asus
  Description: 
A service was installed in the system.

Service Name:  SAMSUNG Mobile USB RMNET Drivers
Service File Name:  \SystemRoot\System32\drivers\ssudrmnet.sys
Service Type:  kernel mode driver
Service Start Type:  demand start
Service Account:  

Event[202]:
  Log Name: System
  Source: Service Control Manager
  Date: 2017-05-15T16:04:46.490
  Event ID: 7045
  Task: N/A
  Level: Information
  Opcode: N/A
  Keyword: Classic
  User: S-1-5-18
  User Name: NT AUTHORITY\SYSTEM
  Computer: asus
  Description: 
A service was installed in the system.

Service Name:  SAMSUNG OBEX Port Drivers (WDM)
Service File Name:  \SystemRoot\System32\drivers\sssdobex.sys
Service Type:  kernel mode driver
Service Start Type:  demand start
Service Account:  

Event[203]:
  Log Name: System
  Source: Service Control Manager
  Date: 2017-05-15T16:04:46.490
  Event ID: 7045
  Task: N/A
  Level: Information
  Opcode: N/A
  Keyword: Classic
  User: S-1-5-18
  User Name: NT AUTHORITY\SYSTEM
  Computer: asus
  Description: 
A service was installed in the system.

Service Name:  Samsung Mobile Modem Device driver (WDM)
Service File Name:  \SystemRoot\System32\drivers\ssecbus.sys
Service Type:  kernel mode driver
Service Start Type:  demand start
Service Account:  

Event[204]:
  Log Name: System
  Source: Service Control Manager
  Date: 2017-05-15T16:04:46.490
  Event ID: 7045
  Task: N/A
  Level: Information
  Opcode: N/A
  Keyword: Classic
  User: S-1-5-18
  User Name: NT AUTHORITY\SYSTEM
  Computer: asus
  Description: 
A service was installed in the system.

Service Name:  SAMSUNG Mobile Composite Device (WDM)
Service File Name:  \SystemRoot\System32\drivers\ssbcbus.sys
Service Type:  kernel mode driver
Service Start Type:  demand start
Service Account:  

Event[205]:
  Log Name: System
  Source: Service Control Manager
  Date: 2017-05-15T16:04:46.490
  Event ID: 7045
  Task: N/A
  Level: Information
  Opcode: N/A
  Keyword: Classic
  User: S-1-5-18
  User Name: NT AUTHORITY\SYSTEM
  Computer: asus
  Description: 
A service was installed in the system.

Service Name:  SAMSUNG Android Composite Device driver (WDM)
Service File Name:  \SystemRoot\System32\drivers\ssaebus.sys
Service Type:  kernel mode driver
Service Start Type:  demand start
Service Account:  

Event[206]:
  Log Name: System
  Source: Service Control Manager
  Date: 2017-05-15T16:04:46.490
  Event ID: 7045
  Task: N/A
  Level: Information
  Opcode: N/A
  Keyword: Classic
  User: S-1-5-18
  User Name: NT AUTHORITY\SYSTEM
  Computer: asus
  Description: 
A service was installed in the system.

Service Name:  avnetflt
Service File Name:  \SystemRoot\system32\DRIVERS\avnetflt.sys
Service Type:  kernel mode driver
Service Start Type:  auto start
Service Account:  

Event[207]:
  Log Name: System
  Source: Service Control Manager
  Date: 2017-05-15T16:04:46.490
  Event ID: 7045
  Task: N/A
  Level: Information
  Opcode: N/A
  Keyword: Classic
  User: S-1-5-18
  User Name: NT AUTHORITY\SYSTEM
  Computer: asus
  Description: 
A service was installed in the system.

Service Name:  SAMSUNG Mobile USB DFU2 Device
Service File Name:  \SystemRoot\System32\drivers\ssdudfu.sys
Service Type:  kernel mode driver
Service Start Type:  demand start
Service Account:  

Event[208]:
  Log Name: System
  Source: Service Control Manager
  Date: 2017-05-15T16:04:46.490
  Event ID: 7045
  Task: N/A
  Level: Information
  Opcode: N/A
  Keyword: Classic
  User: S-1-5-18
  User Name: NT AUTHORITY\SYSTEM
  Computer: asus
  Description: 
A service was installed in the system.

Service Name:  SAMSUNG Mobile USB Device 1.0 driver (WDM)
Service File Name:  \SystemRoot\System32\drivers\ss_bus.sys
Service Type:  kernel mode driver
Service Start Type:  demand start
Service Account:  

Event[209]:
  Log Name: System
  Source: Service Control Manager
  Date: 2017-05-15T16:04:46.490
  Event ID: 7045
  Task: N/A
  Level: Information
  Opcode: N/A
  Keyword: Classic
  User: S-1-5-18
  User Name: NT AUTHORITY\SYSTEM
  Computer: asus
  Description: 
A service was installed in the system.

Service Name:  SAMSUNG USB Composite Device V2 driver (WDM)
Service File Name:  \SystemRoot\System32\drivers\sscebus.sys
Service Type:  kernel mode driver
Service Start Type:  demand start
Service Account:  

Event[210]:
  Log Name: System
  Source: Service Control Manager
  Date: 2017-05-15T16:04:46.490
  Event ID: 7045
  Task: N/A
  Level: Information
  Opcode: N/A
  Keyword: Classic
  User: S-1-5-18
  User Name: NT AUTHORITY\SYSTEM
  Computer: asus
  Description: 
A service was installed in the system.

Service Name:  Samsung Mobile USB Modem driver (WDM)
Service File Name:  \SystemRoot\System32\drivers\secubus.sys
Service Type:  kernel mode driver
Service Start Type:  demand start
Service Account:  

Event[211]:
  Log Name: System
  Source: Service Control Manager
  Date: 2017-05-15T16:04:46.490
  Event ID: 7045
  Task: N/A
  Level: Information
  Opcode: N/A
  Keyword: Classic
  User: S-1-5-18
  User Name: NT AUTHORITY\SYSTEM
  Computer: asus
  Description: 
A service was installed in the system.

Service Name:  SAMSUNG Android USB Composite Device driver (WDM)
Service File Name:  \SystemRoot\System32\drivers\ssadbus.sys
Service Type:  kernel mode driver
Service Start Type:  demand start
Service Account:  

Event[212]:
  Log Name: System
  Source: Service Control Manager
  Date: 2017-05-15T16:04:46.490
  Event ID: 7045
  Task: N/A
  Level: Information
  Opcode: N/A
  Keyword: Classic
  User: S-1-5-18
  User Name: NT AUTHORITY\SYSTEM
  Computer: asus
  Description: 
A service was installed in the system.

Service Name:  SAMSUNG Mobile USB Connectivity Device Driver
Service File Name:  \SystemRoot\System32\Drivers\ss_conn_usb_driver.sys
Service Type:  kernel mode driver
Service Start Type:  demand start
Service Account:  

Event[213]:
  Log Name: System
  Source: Service Control Manager
  Date: 2017-05-15T16:04:46.490
  Event ID: 7045
  Task: N/A
  Level: Information
  Opcode: N/A
  Keyword: Classic
  User: S-1-5-18
  User Name: NT AUTHORITY\SYSTEM
  Computer: asus
  Description: 
A service was installed in the system.

Service Name:  FlashUSB
Service File Name:  \SystemRoot\System32\drivers\FlashUSB.sys
Service Type:  kernel mode driver
Service Start Type:  demand start
Service Account:  

Event[214]:
  Log Name: System
  Source: Service Control Manager
  Date: 2017-05-15T16:04:46.490
  Event ID: 7045
  Task: N/A
  Level: Information
  Opcode: N/A
  Keyword: Classic
  User: S-1-5-18
  User Name: NT AUTHORITY\SYSTEM
  Computer: asus
  Description: 
A service was installed in the system.

Service Name:  avgntflt
Service File Name:  system32\DRIVERS\avgntflt.sys
Service Type:  kernel mode driver
Service Start Type:  auto start
Service Account:  

Event[215]:
  Log Name: System
  Source: Service Control Manager
  Date: 2017-05-15T16:04:46.490
  Event ID: 7045
  Task: N/A
  Level: Information
  Opcode: N/A
  Keyword: Classic
  User: S-1-5-18
  User Name: NT AUTHORITY\SYSTEM
  Computer: asus
  Description: 
A service was installed in the system.

Service Name:  SAMSUNG AT command Port Drivers (WDM)
Service File Name:  \SystemRoot\System32\drivers\sssdmgmt.sys
Service Type:  kernel mode driver
Service Start Type:  demand start
Service Account:  

Event[216]:
  Log Name: System
  Source: Service Control Manager
  Date: 2017-05-15T16:04:46.506
  Event ID: 7045
  Task: N/A
  Level: Information
  Opcode: N/A
  Keyword: Classic
  User: S-1-5-18
  User Name: NT AUTHORITY\SYSTEM
  Computer: asus
  Description: 
A service was installed in the system.

Service Name:  SAMSUNG USB Composite Device driver (WDM)
Service File Name:  \SystemRoot\System32\drivers\sscdbus.sys
Service Type:  kernel mode driver
Service Start Type:  demand start
Service Account:  

Event[217]:
  Log Name: System
  Source: Service Control Manager
  Date: 2017-05-15T16:04:46.506
  Event ID: 7045
  Task: N/A
  Level: Information
  Opcode: N/A
  Keyword: Classic
  User: S-1-5-18
  User Name: NT AUTHORITY\SYSTEM
  Computer: asus
  Description: 
A service was installed in the system.

Service Name:  SAMSUNG Mobile USB Diagnostic Serial Port(DEVGURU Ver.)
Service File Name:  \SystemRoot\System32\drivers\ssudserd.sys
Service Type:  kernel mode driver
Service Start Type:  demand start
Service Account:  

Event[218]:
  Log Name: System
  Source: Service Control Manager
  Date: 2017-05-15T16:04:46.506
  Event ID: 7045
  Task: N/A
  Level: Information
  Opcode: N/A
  Keyword: Classic
  User: S-1-5-18
  User Name: NT AUTHORITY\SYSTEM
  Computer: asus
  Description: 
A service was installed in the system.

Service Name:  SAMSUNG USB Mobile Device (WDM)
Service File Name:  \SystemRoot\System32\drivers\ss_bbus.sys
Service Type:  kernel mode driver
Service Start Type:  demand start
Service Account:  

Event[219]:
  Log Name: System
  Source: Service Control Manager
  Date: 2017-05-15T16:04:46.506
  Event ID: 7045
  Task: N/A
  Level: Information
  Opcode: N/A
  Keyword: Classic
  User: S-1-5-18
  User Name: NT AUTHORITY\SYSTEM
  Computer: asus
  Description: 
A service was installed in the system.

Service Name:  Apple Mobile USB Driver
Service File Name:  \SystemRoot\System32\Drivers\usbaapl64.sys
Service Type:  kernel mode driver
Service Start Type:  demand start
Service Account:  

Event[220]:
