  Log Name: System
  Source: Microsoft-Windows-Winlogon
  Date: 2017-06-23T10:34:44.661
  Event ID: 7001
  Task: N/A
  Level: Information
  Opcode: Info
  Keyword: N/A
  User: S-1-5-18
  User Name: NT AUTHORITY\SYSTEM
  Computer: asus
  Description: 
User Log-on Notification for Customer Experience Improvement Program

Event[2000]:
  Log Name: System
  Source: Microsoft-Windows-WMPNSS-Service
  Date: 2017-06-23T10:35:03.612
  Event ID: 14210
  Task: N/A
  Level: Information
  Opcode: N/A
  Keyword: Classic
  User: N/A
  User Name: N/A
  Computer: asus
  Description: 
The monitored folders on media server 'dypcdiver' changed.  Windows Media Player is updating security permissions for any included folders to enable media sharing.

Event[2001]:
  Log Name: System
  Source: Service Control Manager
  Date: 2017-06-23T10:37:25.604
  Event ID: 7040
  Task: N/A
  Level: Information
  Opcode: N/A
  Keyword: Classic
  User: S-1-5-18
  User Name: NT AUTHORITY\SYSTEM
  Computer: asus
  Description: 
The start type of the Background Intelligent Transfer Service service was changed from demand start to auto start.

Event[2002]:
  Log Name: System
  Source: Service Control Manager
  Date: 2017-06-23T10:37:30.591
  Event ID: 7045
  Task: N/A
  Level: Information
  Opcode: N/A
  Keyword: Classic
  User: S-1-5-21-2727687409-414627687-575682064-1001
  User Name: ASUS\dypcdiver
  Computer: asus
  Description: 
A service was installed in the system.

Service Name:  WinRing0_1_2_0
Service File Name:  C:\Program Files (x86)\Hewlett-Packard\HP Support Framework\Resources\HPActiveHealth\ActiveHealth.sys
Service Type:  kernel mode driver
Service Start Type:  demand start
Service Account:  

Event[2003]:
  Log Name: System
  Source: Microsoft-Windows-WindowsUpdateClient
  Date: 2017-06-23T10:37:54.055
  Event ID: 44
  Task: Windows Update Agent
  Level: Information
  Opcode: Download
  Keyword: Download,Started
  User: S-1-5-18
  User Name: NT AUTHORITY\SYSTEM
  Computer: asus
  Description: 
Windows Update started downloading an update.

Event[2004]:
  Log Name: System
  Source: Microsoft-Windows-WindowsUpdateClient
  Date: 2017-06-23T10:37:54.055
  Event ID: 44
  Task: Windows Update Agent
  Level: Information
  Opcode: Download
  Keyword: Download,Started
  User: S-1-5-18
  User Name: NT AUTHORITY\SYSTEM
  Computer: asus
  Description: 
Windows Update started downloading an update.

Event[2005]:
  Log Name: System
  Source: Microsoft-Windows-WindowsUpdateClient
  Date: 2017-06-23T10:37:54.055
  Event ID: 44
  Task: Windows Update Agent
  Level: Information
  Opcode: Download
  Keyword: Download,Started
  User: S-1-5-18
  User Name: NT AUTHORITY\SYSTEM
  Computer: asus
  Description: 
Windows Update started downloading an update.

Event[2006]:
  Log Name: System
  Source: Microsoft-Windows-Kernel-General
  Date: 2017-06-23T10:38:04.376
  Event ID: 16
  Task: N/A
  Level: Information
  Opcode: Info
  Keyword: N/A
  User: S-1-5-18
  User Name: NT AUTHORITY\SYSTEM
  Computer: asus
  Description: 
The access history in hive \??\C:\ProgramData\Microsoft\Windows\AppRepository\Packages\4DF9E0F8.Netflix_6.24.122.0_x64__mcm4njqhnhss8\ActivationStore.dat was cleared updating 0 keys and creating 0 modified pages.

Event[2007]:
  Log Name: System
  Source: Microsoft-Windows-WindowsUpdateClient
  Date: 2017-06-23T10:38:10.311
  Event ID: 43
  Task: Windows Update Agent
  Level: Information
  Opcode: Installation
  Keyword: Installation,Started
  User: S-1-5-18
  User Name: NT AUTHORITY\SYSTEM
  Computer: asus
  Description: 
Installation Started: Windows has started installing the following update: Netflix

Event[2008]:
  Log Name: System
  Source: Microsoft-Windows-Kernel-General
  Date: 2017-06-23T10:38:10.343
  Event ID: 16
  Task: N/A
  Level: Information
  Opcode: Info
  Keyword: N/A
  User: S-1-5-21-2727687409-414627687-575682064-1001
  User Name: ASUS\dypcdiver
  Computer: asus
  Description: 
The access history in hive \??\C:\Users\dypcdiver\AppData\Local\Packages\4DF9E0F8.Netflix_mcm4njqhnhss8\Settings\settings.dat was cleared updating 1 keys and creating 1 modified pages.

Event[2009]:
  Log Name: System
  Source: Microsoft-Windows-WindowsUpdateClient
  Date: 2017-06-23T10:38:20.162
  Event ID: 19
  Task: Windows Update Agent
  Level: Information
  Opcode: Installation
  Keyword: Installation,Success
  User: S-1-5-18
  User Name: NT AUTHORITY\SYSTEM
  Computer: asus
  Description: 
Installation Successful: Windows successfully installed the following update: Netflix

Event[2010]:
  Log Name: System
  Source: Service Control Manager
  Date: 2017-06-23T10:39:28.760
  Event ID: 7040
  Task: N/A
  Level: Information
  Opcode: N/A
  Keyword: Classic
  User: S-1-5-18
  User Name: NT AUTHORITY\SYSTEM
  Computer: asus
  Description: 
The start type of the Background Intelligent Transfer Service service was changed from auto start to demand start.

Event[2011]:
  Log Name: System
  Source: Microsoft-Windows-Kernel-General
  Date: 2017-06-23T10:39:51.472
  Event ID: 16
  Task: N/A
  Level: Information
  Opcode: Info
  Keyword: N/A
  User: S-1-5-18
  User Name: NT AUTHORITY\SYSTEM
  Computer: asus
  Description: 
The access history in hive \??\C:\ProgramData\Microsoft\Windows\AppRepository\Packages\Microsoft.Office.OneNote_17.8269.57741.0_x64__8wekyb3d8bbwe\ActivationStore.dat was cleared updating 0 keys and creating 0 modified pages.

Event[2012]:
  Log Name: System
  Source: Microsoft-Windows-WindowsUpdateClient
  Date: 2017-06-23T10:39:57.370
  Event ID: 43
  Task: Windows Update Agent
  Level: Information
  Opcode: Installation
  Keyword: Installation,Started
  User: S-1-5-18
  User Name: NT AUTHORITY\SYSTEM
  Computer: asus
  Description: 
Installation Started: Windows has started installing the following update: OneNote

Event[2013]:
  Log Name: System
  Source: Microsoft-Windows-WindowsUpdateClient
  Date: 2017-06-23T10:39:57.370
  Event ID: 19
  Task: Windows Update Agent
  Level: Information
  Opcode: Installation
  Keyword: Installation,Success
  User: S-1-5-18
  User Name: NT AUTHORITY\SYSTEM
  Computer: asus
  Description: 
Installation Successful: Windows successfully installed the following update: OneNote

Event[2014]:
  Log Name: System
  Source: Lfsvc
  Date: 2017-06-23T10:40:27.189
  Event ID: 2
  Task: N/A
  Level: Information
  Opcode: Info
  Keyword: Classic
  User: N/A
  User Name: N/A
  Computer: asus
  Description: 
Geolocation positioning has been disabled by the user.

Event[2015]:
  Log Name: System
  Source: Microsoft-Windows-Kernel-General
  Date: 2017-06-23T10:41:06.918
  Event ID: 16
  Task: N/A
  Level: Information
  Opcode: Info
  Keyword: N/A
  User: S-1-5-18
  User Name: NT AUTHORITY\SYSTEM
  Computer: asus
  Description: 
The access history in hive \??\C:\ProgramData\Microsoft\Windows\AppRepository\Packages\microsoft.windowscommunicationsapps_17.8241.40985.0_x64__8wekyb3d8bbwe\ActivationStore.dat was cleared updating 0 keys and creating 0 modified pages.

Event[2016]:
  Log Name: System
  Source: Microsoft-Windows-WindowsUpdateClient
  Date: 2017-06-23T10:41:26.428
  Event ID: 43
  Task: Windows Update Agent
  Level: Information
  Opcode: Installation
  Keyword: Installation,Started
  User: S-1-5-18
  User Name: NT AUTHORITY\SYSTEM
  Computer: asus
  Description: 
Installation Started: Windows has started installing the following update: Mail and Calendar

Event[2017]:
  Log Name: System
  Source: Microsoft-Windows-WindowsUpdateClient
  Date: 2017-06-23T10:41:43.541
  Event ID: 19
  Task: Windows Update Agent
  Level: Information
  Opcode: Installation
  Keyword: Installation,Success
  User: S-1-5-18
  User Name: NT AUTHORITY\SYSTEM
  Computer: asus
  Description: 
Installation Successful: Windows successfully installed the following update: Mail and Calendar

Event[2018]:
  Log Name: System
  Source: Service Control Manager
  Date: 2017-06-23T10:42:18.929
  Event ID: 7045
  Task: N/A
  Level: Information
  Opcode: N/A
  Keyword: Classic
  User: S-1-5-18
  User Name: NT AUTHORITY\SYSTEM
  Computer: asus
  Description: 
A service was installed in the system.

Service Name:  Avira Service Host
Service File Name:  "C:\Program Files (x86)\Avira\Launcher\Avira.ServiceHost.exe"
Service Type:  user mode service
Service Start Type:  auto start
Service Account:  LocalSystem

Event[2019]:
  Log Name: System
  Source: Microsoft-Windows-Kernel-General
  Date: 2017-06-23T11:24:53.313
  Event ID: 16
  Task: N/A
  Level: Information
  Opcode: Info
  Keyword: N/A
  User: S-1-5-18
  User Name: NT AUTHORITY\SYSTEM
  Computer: asus
  Description: 
The access history in hive \??\C:\ProgramData\Microsoft\Provisioning\Microsoft-Desktop-Provisioning-Sequence.dat was cleared updating 0 keys and creating 0 modified pages.

Event[2020]:
  Log Name: System
  Source: Microsoft-Windows-UserModePowerService
  Date: 2017-06-23T11:25:21.786
  Event ID: 22
  Task: N/A
  Level: Information
  Opcode: Info
  Keyword: N/A
  User: S-1-5-18
  User Name: NT AUTHORITY\SYSTEM
  Computer: asus
  Description: 
Reapply power settings upon completion of the provisioning engine's turn 5

Event[2021]:
  Log Name: System
  Source: Service Control Manager
  Date: 2017-06-23T11:25:59.057
  Event ID: 7040
  Task: N/A
  Level: Information
  Opcode: N/A
  Keyword: Classic
  User: S-1-5-18
  User Name: NT AUTHORITY\SYSTEM
  Computer: asus
  Description: 
The start type of the Windows Modules Installer service was changed from demand start to auto start.

Event[2022]:
  Log Name: System
  Source: Service Control Manager
  Date: 2017-06-23T11:43:38.516
  Event ID: 7040
  Task: N/A
  Level: Information
  Opcode: N/A
  Keyword: Classic
  User: S-1-5-18
  User Name: NT AUTHORITY\SYSTEM
  Computer: asus
  Description: 
The start type of the Windows Modules Installer service was changed from auto start to demand start.

Event[2023]:
  Log Name: System
  Source: EventLog
  Date: 2017-06-23T12:00:00.618
  Event ID: 6013
  Task: N/A
  Level: Information
  Opcode: N/A
  Keyword: Classic
  User: N/A
  User Name: N/A
  Computer: asus
  Description: 
The system uptime is 5412 seconds.

Event[2024]:
  Log Name: System
  Source: BROWSER
  Date: 2017-06-23T12:17:32.761
  Event ID: 8033
  Task: N/A
  Level: Information
  Opcode: N/A
  Keyword: Classic
  User: N/A
  User Name: N/A
  Computer: asus
  Description: 
The browser has forced an election on network \Device\NetBT_Tcpip_{9BDEC3C0-593A-4153-9F03-5C10C29CCBFE} because a master browser was stopped.

Event[2025]:
  Log Name: System
  Source: Microsoft-Windows-Kernel-Power
  Date: 2017-06-23T12:17:32.337
  Event ID: 42
  Task: N/A
  Level: Information
  Opcode: Info
  Keyword: N/A
  User: N/A
  User Name: N/A
  Computer: asus
  Description: 
The system is entering sleep.

Sleep Reason: System Idle

Event[2026]:
  Log Name: System
  Source: Microsoft-Windows-Kernel-Power
  Date: 2017-06-23T12:17:33.340
  Event ID: 107
  Task: N/A
  Level: Information
  Opcode: Info
  Keyword: N/A
  User: N/A
  User Name: N/A
  Computer: asus
  Description: 
The system has resumed from sleep.

Event[2027]:
  Log Name: System
  Source: Microsoft-Windows-Kernel-General
  Date: 2017-06-23T12:24:23.499
  Event ID: 1
  Task: N/A
  Level: Information
  Opcode: Info
  Keyword: Time
  User: N/A
  User Name: N/A
  Computer: asus
  Description: 
The system time has changed to ?2017?-?06?-?23T10:24:23.500000000Z from ?2017?-?06?-?23T10:17:33.340966700Z.

Change Reason: System time synchronized with the hardware clock.

Event[2028]:
  Log Name: System
  Source: Microsoft-Windows-Kernel-Boot
  Date: 2017-06-23T12:24:31.266
  Event ID: 25
  Task: N/A
  Level: Information
  Opcode: Info
  Keyword: N/A
  User: N/A
  User Name: N/A
  Computer: asus
  Description: 
The boot menu policy was 0xFC370.

Event[2029]:
  Log Name: System
  Source: Microsoft-Windows-Kernel-Boot
  Date: 2017-06-23T12:24:31.266
  Event ID: 27
  Task: N/A
  Level: Information
  Opcode: Info
  Keyword: N/A
  User: N/A
  User Name: N/A
  Computer: asus
  Description: 
The boot type was 0x2.

Event[2030]:
  Log Name: System
  Source: Microsoft-Windows-Kernel-Boot
  Date: 2017-06-23T12:24:31.266
  Event ID: 18
  Task: N/A
  Level: Information
  Opcode: Info
  Keyword: N/A
  User: N/A
  User Name: N/A
  Computer: asus
  Description: 
There are 0x2 boot options on this system.

Event[2031]:
  Log Name: System
  Source: Microsoft-Windows-Kernel-Boot
  Date: 2017-06-23T12:24:31.266
  Event ID: 32
  Task: N/A
  Level: Information
  Opcode: Info
  Keyword: N/A
  User: N/A
  User Name: N/A
  Computer: asus
  Description: 
The bootmgr spent 0 ms waiting for user input.

Event[2032]:
  Log Name: System
  Source: Microsoft-Windows-Power-Troubleshooter
  Date: 2017-06-23T12:24:48.686
  Event ID: 1
  Task: N/A
  Level: Information
  Opcode: Info
  Keyword: N/A
  User: S-1-5-19
  User Name: NT AUTHORITY\LOCAL SERVICE
  Computer: asus
  Description: 
The system has returned from a low power state.

Sleep Time: ?2017?-?06?-?23T10:17:29.544739000Z
Wake Time: ?2017?-?06?-?23T10:24:39.877352200Z

Wake Source: Unknown

Event[2033]:
  Log Name: System
  Source: Microsoft-Windows-DistributedCOM
  Date: 2017-06-23T12:25:15.571
  Event ID: 10016
  Task: N/A
  Level: Error
  Opcode: Info
  Keyword: Classic
  User: S-1-5-18
  User Name: NT AUTHORITY\SYSTEM
  Computer: asus
  Description: 
The application-specific permission settings do not grant Local Activation permission for the COM Server application with CLSID 
{D63B10C5-BB46-4990-A94F-E40B9D520160}
 and APPID 
{9CA88EE3-ACB7-47C8-AFC4-AB702511C276}
 to the user NT AUTHORITY\SYSTEM SID (S-1-5-18) from address LocalHost (Using LRPC) running in the application container Unavailable SID (Unavailable). This security permission can be modified using the Component Services administrative tool.

Event[2034]:
  Log Name: System
  Source: Microsoft-Windows-Kernel-General
  Date: 2017-06-23T13:23:25.720
  Event ID: 12
  Task: N/A
  Level: Information
  Opcode: Info
  Keyword: N/A
  User: S-1-5-18
  User Name: NT AUTHORITY\SYSTEM
  Computer: asus
  Description: 
The operating system started at system time ?2017?-?06?-?23T11:23:25.487819100Z.

Event[2035]:
  Log Name: System
  Source: Microsoft-Windows-Kernel-Boot
  Date: 2017-06-23T13:23:25.720
  Event ID: 153
  Task: N/A
  Level: Information
  Opcode: Info
  Keyword: N/A
  User: S-1-5-18
  User Name: NT AUTHORITY\SYSTEM
  Computer: asus
  Description: 
Virtualization-based security (policies: 0) is disabled.

Event[2036]:
  Log Name: System
  Source: Microsoft-Windows-Kernel-Boot
  Date: 2017-06-23T13:23:25.720
  Event ID: 20
  Task: N/A
  Level: Information
  Opcode: Info
  Keyword: N/A
  User: S-1-5-18
  User Name: NT AUTHORITY\SYSTEM
  Computer: asus
  Description: 
The last shutdown's success status was false. The last boot's success status was true.

Event[2037]:
  Log Name: System
  Source: Microsoft-Windows-Kernel-Boot
  Date: 2017-06-23T13:23:25.720
  Event ID: 27
  Task: N/A
  Level: Information
  Opcode: Info
  Keyword: N/A
  User: S-1-5-18
  User Name: NT AUTHORITY\SYSTEM
  Computer: asus
  Description: 
The boot type was 0x0.

Event[2038]:
  Log Name: System
  Source: Microsoft-Windows-Kernel-Boot
  Date: 2017-06-23T13:23:25.720
  Event ID: 25
  Task: N/A
  Level: Information
  Opcode: Info
  Keyword: N/A
  User: S-1-5-18
  User Name: NT AUTHORITY\SYSTEM
  Computer: asus
  Description: 
The boot menu policy was 0x1.

Event[2039]:
  Log Name: System
  Source: Microsoft-Windows-Kernel-Boot
  Date: 2017-06-23T13:23:25.721
  Event ID: 18
  Task: N/A
  Level: Information
  Opcode: Info
  Keyword: N/A
  User: S-1-5-18
  User Name: NT AUTHORITY\SYSTEM
  Computer: asus
  Description: 
There are 0x2 boot options on this system.

Event[2040]:
  Log Name: System
  Source: Microsoft-Windows-Kernel-Boot
  Date: 2017-06-23T13:23:25.721
  Event ID: 32
  Task: N/A
  Level: Information
  Opcode: Info
  Keyword: N/A
  User: S-1-5-18
  User Name: NT AUTHORITY\SYSTEM
  Computer: asus
  Description: 
The bootmgr spent 0 ms waiting for user input.

Event[2041]:
  Log Name: System
  Source: Microsoft-Windows-FilterManager
  Date: 2017-06-23T13:23:29.587
  Event ID: 6
  Task: N/A
  Level: Information
  Opcode: Info
  Keyword: N/A
  User: S-1-5-18
  User Name: NT AUTHORITY\SYSTEM
  Computer: asus
  Description: 
File System Filter 'FileInfo' (10.0, ?2042?-?06?-?30T16:43:32.000000000Z) has successfully loaded and registered with Filter Manager.

Event[2042]:
  Log Name: System
  Source: Microsoft-Windows-FilterManager
  Date: 2017-06-23T13:23:29.587
  Event ID: 6
  Task: N/A
  Level: Information
  Opcode: Info
  Keyword: N/A
  User: S-1-5-18
  User Name: NT AUTHORITY\SYSTEM
  Computer: asus
  Description: 
File System Filter 'Wof' (10.0, ?1974?-?03?-?12T00:47:45.000000000Z) has successfully loaded and registered with Filter Manager.

Event[2043]:
  Log Name: System
  Source: EventLog
  Date: 2017-06-23T13:23:57.380
  Event ID: 6008
  Task: N/A
  Level: Error
  Opcode: N/A
  Keyword: Classic
  User: N/A
  User Name: N/A
  Computer: asus
  Description: 
The previous system shutdown at 13:17:10 on ?23/?06/?2017 was unexpected.

Event[2044]:
  Log Name: System
  Source: EventLog
  Date: 2017-06-23T13:23:57.380
  Event ID: 6009
  Task: N/A
  Level: Information
  Opcode: N/A
  Keyword: Classic
  User: N/A
  User Name: N/A
  Computer: asus
  Description: 
Microsoft (R) Windows (R) 10.00. 15063  Multiprocessor Free.

Event[2045]:
  Log Name: System
  Source: EventLog
  Date: 2017-06-23T13:23:57.380
  Event ID: 6005
  Task: N/A
  Level: Information
  Opcode: N/A
  Keyword: Classic
  User: N/A
  User Name: N/A
  Computer: asus
  Description: 
The Event log service was started.

Event[2046]:
  Log Name: System
  Source: EventLog
  Date: 2017-06-23T13:23:57.380
  Event ID: 6013
  Task: N/A
  Level: Information
  Opcode: N/A
  Keyword: Classic
  User: N/A
  User Name: N/A
  Computer: asus
  Description: 
The system uptime is 31 seconds.

Event[2047]:
  Log Name: System
  Source: Microsoft-Windows-Ntfs
  Date: 2017-06-23T13:23:36.057
  Event ID: 98
  Task: N/A
  Level: Information
  Opcode: Info
  Keyword: N/A
  User: S-1-5-18
  User Name: NT AUTHORITY\SYSTEM
  Computer: asus
  Description: 
Volume C: (\Device\HarddiskVolume2) is healthy.  No action is needed.

Event[2048]:
  Log Name: System
  Source: Microsoft-Windows-FilterManager
  Date: 2017-06-23T13:23:36.590
  Event ID: 6
  Task: N/A
  Level: Information
  Opcode: Info
  Keyword: N/A
  User: S-1-5-18
  User Name: NT AUTHORITY\SYSTEM
  Computer: asus
  Description: 
File System Filter 'FileCrypt' (10.0, ?2030?-?05?-?28T10:10:59.000000000Z) has successfully loaded and registered with Filter Manager.

Event[2049]:
  Log Name: System
  Source: avkmgr
  Date: 2017-06-23T13:23:36.678
  Event ID: 17
  Task: N/A
  Level: Information
  Opcode: N/A
  Keyword: Classic
  User: N/A
  User Name: N/A
  Computer: asus
  Description: 
avkmgr.sys successfully loaded

Event[2050]:
  Log Name: System
  Source: avipbb
  Date: 2017-06-23T13:23:36.788
  Event ID: 17
  Task: N/A
  Level: Information
  Opcode: N/A
  Keyword: Classic
  User: N/A
  User Name: N/A
  Computer: asus
  Description: 
avipbb.sys successfully loaded

Event[2051]:
  Log Name: System
  Source: Microsoft-Windows-FilterManager
  Date: 2017-06-23T13:23:36.799
  Event ID: 6
  Task: N/A
  Level: Information
  Opcode: Info
  Keyword: N/A
  User: S-1-5-18
  User Name: NT AUTHORITY\SYSTEM
  Computer: asus
  Description: 
File System Filter 'npsvctrig' (10.0, ?2097?-?07?-?25T12:18:05.000000000Z) has successfully loaded and registered with Filter Manager.

Event[2052]:
  Log Name: System
  Source: Microsoft-Windows-Kernel-Power
  Date: 2017-06-23T13:23:36.813
  Event ID: 41
  Task: N/A
  Level: Critical
  Opcode: Info
  Keyword: N/A
  User: S-1-5-18
  User Name: NT AUTHORITY\SYSTEM
  Computer: asus
  Description: 
The system has rebooted without cleanly shutting down first. This error could be caused if the system stopped responding, crashed, or lost power unexpectedly.

Event[2053]:
  Log Name: System
  Source: Microsoft-Windows-Kernel-Power
  Date: 2017-06-23T13:23:36.942
  Event ID: 172
  Task: N/A
  Level: Information
  Opcode: Info
  Keyword: N/A
  User: S-1-5-18
  User Name: NT AUTHORITY\SYSTEM
  Computer: asus
  Description: 
Connectivity state in standby: Disconnected, Reason: NIC compliance

Event[2054]:
  Log Name: System
  Source: Microsoft-Windows-Kernel-Power
  Date: 2017-06-23T13:23:36.942
  Event ID: 508
  Task: N/A
  Level: Information
  Opcode: Info
  Keyword: N/A
  User: N/A
  User Name: N/A
  Computer: asus
  Description: 
The system has been constrained to a periodic tick 

Reason: Errata Manager override.

Event[2055]:
  Log Name: System
  Source: Microsoft-Windows-Kernel-Processor-Power
  Date: 2017-06-23T13:23:37.101
  Event ID: 55
  Task: N/A
  Level: Information
  Opcode: Info
  Keyword: N/A
  User: S-1-5-18
  User Name: NT AUTHORITY\SYSTEM
  Computer: asus
  Description: 
Processor 0 in group 0 exposes the following power management capabilities:

Idle state type: ACPI Idle (C) States (2 state(s))

Performance state type: ACPI Performance (P) / Throttle (T) States
Nominal Frequency (MHz): 2801
Maximum performance percentage: 100
Minimum performance percentage: 42
Minimum throttle percentage: 42

Event[2056]:
  Log Name: System
  Source: Microsoft-Windows-Kernel-Processor-Power
  Date: 2017-06-23T13:23:37.102
  Event ID: 55
  Task: N/A
  Level: Information
  Opcode: Info
  Keyword: N/A
  User: S-1-5-18
  User Name: NT AUTHORITY\SYSTEM
  Computer: asus
  Description: 
Processor 1 in group 0 exposes the following power management capabilities:

Idle state type: ACPI Idle (C) States (2 state(s))

Performance state type: ACPI Performance (P) / Throttle (T) States
Nominal Frequency (MHz): 2801
Maximum performance percentage: 100
Minimum performance percentage: 42
Minimum throttle percentage: 42

Event[2057]:
  Log Name: System
  Source: Microsoft-Windows-Kernel-Processor-Power
  Date: 2017-06-23T13:23:37.103
  Event ID: 55
  Task: N/A
  Level: Information
  Opcode: Info
  Keyword: N/A
  User: S-1-5-18
  User Name: NT AUTHORITY\SYSTEM
  Computer: asus
  Description: 
Processor 2 in group 0 exposes the following power management capabilities:

Idle state type: ACPI Idle (C) States (2 state(s))

Performance state type: ACPI Performance (P) / Throttle (T) States
Nominal Frequency (MHz): 2801
Maximum performance percentage: 100
Minimum performance percentage: 42
Minimum throttle percentage: 42

Event[2058]:
  Log Name: System
  Source: Microsoft-Windows-Kernel-Processor-Power
  Date: 2017-06-23T13:23:37.103
  Event ID: 55
  Task: N/A
  Level: Information
  Opcode: Info
  Keyword: N/A
  User: S-1-5-18
  User Name: NT AUTHORITY\SYSTEM
  Computer: asus
  Description: 
Processor 3 in group 0 exposes the following power management capabilities:

Idle state type: ACPI Idle (C) States (2 state(s))

Performance state type: ACPI Performance (P) / Throttle (T) States
Nominal Frequency (MHz): 2801
Maximum performance percentage: 100
Minimum performance percentage: 42
Minimum throttle percentage: 42

Event[2059]:
  Log Name: System
  Source: HECIx64
  Date: 2017-06-23T13:23:37.163
  Event ID: 2
  Task: N/A
  Level: Information
  Opcode: N/A
  Keyword: Classic
  User: N/A
  User Name: N/A
  Computer: asus
  Description: 
Intel(R) Management Engine Interface driver has started successfully.

Event[2060]:
  Log Name: System
  Source: Microsoft-Windows-Ntfs
  Date: 2017-06-23T13:23:45.764
  Event ID: 98
  Task: N/A
  Level: Information
  Opcode: Info
  Keyword: N/A
  User: S-1-5-18
  User Name: NT AUTHORITY\SYSTEM
  Computer: asus
  Description: 
Volume D: (\Device\HarddiskVolume4) is healthy.  No action is needed.

Event[2061]:
  Log Name: System
  Source: Microsoft-Windows-Ntfs
  Date: 2017-06-23T13:23:45.921
  Event ID: 98
  Task: N/A
  Level: Information
  Opcode: Info
  Keyword: N/A
  User: S-1-5-18
  User Name: NT AUTHORITY\SYSTEM
  Computer: asus
  Description: 
Volume \\?\Volume{c5631e43-0000-0000-0000-100000000000} (\Device\HarddiskVolume1) is healthy.  No action is needed.

Event[2062]:
  Log Name: System
  Source: Microsoft-Windows-Wininit
  Date: 2017-06-23T13:23:56.331
  Event ID: 14
  Task: N/A
  Level: Information
  Opcode: Info
  Keyword: N/A
  User: S-1-5-18
  User Name: NT AUTHORITY\SYSTEM
  Computer: asus
  Description: 
Credential Guard (LsaIso.exe) configuration: 0x0, 0

Event[2063]:
  Log Name: System
  Source: Microsoft-Windows-Directory-Services-SAM
  Date: 2017-06-23T13:23:56.751
  Event ID: 16962
  Task: N/A
  Level: Information
  Opcode: Info
  Keyword: N/A
  User: S-1-5-18
  User Name: NT AUTHORITY\SYSTEM
  Computer: asus
  Description: 
Remote calls to the SAM database are being restricted using the default security descriptor: O:SYG:SYD:(A;;RC;;;BA).
For more information please see http://go.microsoft.com/fwlink/?LinkId=787651.

Event[2064]:
  Log Name: System
  Source: Microsoft-Windows-FilterManager
  Date: 2017-06-23T13:23:57.243
  Event ID: 6
  Task: N/A
  Level: Information
  Opcode: Info
  Keyword: N/A
  User: S-1-5-18
  User Name: NT AUTHORITY\SYSTEM
  Computer: asus
  Description: 
File System Filter 'wcifs' (10.0, ?2088?-?07?-?29T05:04:59.000000000Z) has successfully loaded and registered with Filter Manager.

Event[2065]:
  Log Name: System
  Source: Microsoft-Windows-FilterManager
  Date: 2017-06-23T13:23:57.250
  Event ID: 6
  Task: N/A
  Level: Information
  Opcode: Info
  Keyword: N/A
  User: S-1-5-18
  User Name: NT AUTHORITY\SYSTEM
  Computer: asus
  Description: 
File System Filter 'luafv' (10.0, ?2037?-?06?-?08T11:55:59.000000000Z) has successfully loaded and registered with Filter Manager.

Event[2066]:
  Log Name: System
  Source: Service Control Manager
  Date: 2017-06-23T13:23:57.239
  Event ID: 7000
  Task: N/A
  Level: Error
  Opcode: N/A
  Keyword: Classic
  User: N/A
  User Name: N/A
  Computer: asus
  Description: 
The CldFlt service failed to start due to the following error: 
The request is not supported.

Event[2067]:
  Log Name: System
  Source: Microsoft-Windows-FilterManager
  Date: 2017-06-23T13:23:57.253
  Event ID: 6
  Task: N/A
  Level: Information
  Opcode: Info
  Keyword: N/A
  User: S-1-5-18
  User Name: NT AUTHORITY\SYSTEM
  Computer: asus
  Description: 
File System Filter 'storqosflt' (10.0, ?2015?-?12?-?18T05:36:27.000000000Z) has successfully loaded and registered with Filter Manager.

Event[2068]:
  Log Name: System
  Source: Microsoft-Windows-FilterManager
  Date: 2017-06-23T13:23:57.257
  Event ID: 6
  Task: N/A
  Level: Information
  Opcode: Info
  Keyword: N/A
  User: S-1-5-18
  User Name: NT AUTHORITY\SYSTEM
  Computer: asus
  Description: 
File System Filter 'avgntflt' (6.3, ?2017?-?05?-?03T13:25:46.000000000Z) has successfully loaded and registered with Filter Manager.

Event[2069]:
  Log Name: System
  Source: avgntflt
  Date: 2017-06-23T13:23:57.255
  Event ID: 17
  Task: N/A
  Level: Information
  Opcode: N/A
  Keyword: Classic
  User: N/A
  User Name: N/A
  Computer: asus
  Description: 
avgntflt.sys successfully loaded

Event[2070]:
  Log Name: System
  Source: Microsoft-Windows-WMPNSS-Service
  Date: 2017-06-23T13:24:02.358
  Event ID: 14204
  Task: N/A
  Level: Information
  Opcode: N/A
  Keyword: Classic
  User: N/A
  User Name: N/A
  Computer: asus
  Description: 
Service 'WMPNetworkSvc' started.

Event[2071]:
  Log Name: System
  Source: Microsoft-Windows-DriverFrameworks-UserMode
  Date: 2017-06-23T13:23:57.261
  Event ID: 10114
  Task: Startup of the UMDF reflector
  Level: Information
  Opcode: Info
  Keyword: N/A
  User: S-1-5-18
  User Name: NT AUTHORITY\SYSTEM
  Computer: asus
  Description: 
WUDFPf (part of UMDF) did not load yet. After it does, Windows will start the device again.

Event[2072]:
  Log Name: System
  Source: Microsoft-Windows-Kernel-PnP
  Date: 2017-06-23T13:23:57.262
  Event ID: 219
  Task: N/A
  Level: Warning
  Opcode: Info
  Keyword: N/A
  User: S-1-5-18
  User Name: NT AUTHORITY\SYSTEM
  Computer: asus
  Description: 
The driver \Driver\WudfRd failed to load for the device SWD\WPDBUSENUM\_??_USBSTOR#Disk&Ven_Generic&Prod_STORAGE_DEVICE&Rev_9744#000000009744&2#{53f56307-b6bf-11d0-94f2-00a0c91efb8b}.

Event[2073]:
  Log Name: System
  Source: Microsoft-Windows-DriverFrameworks-UserMode
  Date: 2017-06-23T13:23:57.263
  Event ID: 10114
  Task: Startup of the UMDF reflector
  Level: Information
  Opcode: Info
  Keyword: N/A
  User: S-1-5-18
  User Name: NT AUTHORITY\SYSTEM
  Computer: asus
  Description: 
WUDFPf (part of UMDF) did not load yet. After it does, Windows will start the device again.

Event[2074]:
  Log Name: System
  Source: Microsoft-Windows-Kernel-PnP
  Date: 2017-06-23T13:23:57.263
  Event ID: 219
  Task: N/A
  Level: Warning
  Opcode: Info
  Keyword: N/A
  User: S-1-5-18
  User Name: NT AUTHORITY\SYSTEM
  Computer: asus
  Description: 
The driver \Driver\WudfRd failed to load for the device SWD\WPDBUSENUM\_??_USBSTOR#Disk&Ven_Generic&Prod_STORAGE_DEVICE&Rev_9744#000000009744&0#{53f56307-b6bf-11d0-94f2-00a0c91efb8b}.

Event[2075]:
  Log Name: System
  Source: Microsoft-Windows-DriverFrameworks-UserMode
  Date: 2017-06-23T13:23:57.265
  Event ID: 10114
  Task: Startup of the UMDF reflector
  Level: Information
  Opcode: Info
  Keyword: N/A
  User: S-1-5-18
  User Name: NT AUTHORITY\SYSTEM
  Computer: asus
  Description: 
WUDFPf (part of UMDF) did not load yet. After it does, Windows will start the device again.

Event[2076]:
  Log Name: System
  Source: Microsoft-Windows-Kernel-PnP
  Date: 2017-06-23T13:23:57.265
  Event ID: 219
  Task: N/A
  Level: Warning
  Opcode: Info
  Keyword: N/A
  User: S-1-5-18
  User Name: NT AUTHORITY\SYSTEM
  Computer: asus
  Description: 
The driver \Driver\WudfRd failed to load for the device SWD\WPDBUSENUM\_??_USBSTOR#Disk&Ven_Generic&Prod_STORAGE_DEVICE&Rev_9744#000000009744&3#{53f56307-b6bf-11d0-94f2-00a0c91efb8b}.

Event[2077]:
  Log Name: System
  Source: Microsoft-Windows-DriverFrameworks-UserMode
  Date: 2017-06-23T13:23:57.267
  Event ID: 10114
  Task: Startup of the UMDF reflector
  Level: Information
  Opcode: Info
  Keyword: N/A
  User: S-1-5-18
  User Name: NT AUTHORITY\SYSTEM
  Computer: asus
  Description: 
WUDFSvc (part of UMDF) did not load yet. After it does, Windows will start the device again.

Event[2078]:
  Log Name: System
  Source: Microsoft-Windows-Kernel-PnP
  Date: 2017-06-23T13:23:57.268
  Event ID: 219
  Task: N/A
  Level: Warning
  Opcode: Info
  Keyword: N/A
  User: S-1-5-18
  User Name: NT AUTHORITY\SYSTEM
  Computer: asus
  Description: 
The driver \Driver\WudfRd failed to load for the device SWD\WPDBUSENUM\_??_USBSTOR#Disk&Ven_Generic&Prod_STORAGE_DEVICE&Rev_9744#000000009744&1#{53f56307-b6bf-11d0-94f2-00a0c91efb8b}.

Event[2079]:
  Log Name: System
  Source: Microsoft-Windows-DriverFrameworks-UserMode
  Date: 2017-06-23T13:23:57.269
  Event ID: 10114
  Task: Startup of the UMDF reflector
  Level: Information
  Opcode: Info
  Keyword: N/A
  User: S-1-5-18
  User Name: NT AUTHORITY\SYSTEM
  Computer: asus
  Description: 
WUDFSvc (part of UMDF) did not load yet. After it does, Windows will start the device again.

Event[2080]:
  Log Name: System
  Source: Microsoft-Windows-Kernel-PnP
  Date: 2017-06-23T13:23:57.269
  Event ID: 219
  Task: N/A
  Level: Warning
  Opcode: Info
  Keyword: N/A
  User: S-1-5-18
  User Name: NT AUTHORITY\SYSTEM
  Computer: asus
  Description: 
The driver \Driver\WudfRd failed to load for the device SWD\WPDBUSENUM\_??_USBSTOR#Disk&Ven_Generic&Prod_STORAGE_DEVICE&Rev_9744#000000009744&4#{53f56307-b6bf-11d0-94f2-00a0c91efb8b}.

Event[2081]:
  Log Name: System
  Source: Microsoft-Windows-Dhcp-Client
  Date: 2017-06-23T13:23:57.440
  Event ID: 50036
  Task: Service State Event
  Level: Information
  Opcode: ServiceStart
  Keyword: N/A
  User: S-1-5-19
  User Name: NT AUTHORITY\LOCAL SERVICE
  Computer: asus
  Description: 
DHCPv4 client service is started

Event[2082]:
  Log Name: System
  Source: Microsoft-Windows-Dhcp-Client
  Date: 2017-06-23T13:23:57.440
  Event ID: 50103
  Task: Service State Event
  Level: Information
  Opcode: ServiceShutdown
  Keyword: N/A
  User: S-1-5-19
  User Name: NT AUTHORITY\LOCAL SERVICE
  Computer: asus
  Description: 
DHCPv4 client registered for shutdown notification

Event[2083]:
  Log Name: System
  Source: Microsoft-Windows-DHCPv6-Client
  Date: 2017-06-23T13:23:57.459
  Event ID: 51046
  Task: Service State Event
  Level: Information
  Opcode: ServiceStart
  Keyword: N/A
  User: S-1-5-19
  User Name: NT AUTHORITY\LOCAL SERVICE
  Computer: asus
  Description: 
DHCPv6 client service is started

Event[2084]:
  Log Name: System
  Source: Microsoft-Windows-WMPNSS-Service
  Date: 2017-06-23T13:24:13.531
  Event ID: 14206
  Task: N/A
  Level: Information
  Opcode: N/A
  Keyword: Classic
  User: N/A
  User Name: N/A
  Computer: asus
  Description: 
Media server 'ASUS: dypcdiver:' was successfully initialised and is sharing media with network media devices.

Event[2085]:
  Log Name: System
  Source: Service Control Manager
  Date: 2017-06-23T13:24:27.203
  Event ID: 7031
  Task: N/A
  Level: Error
  Opcode: N/A
  Keyword: Classic
  User: N/A
  User Name: N/A
  Computer: asus
  Description: 
The Avira Scheduler service terminated unexpectedly. It has done this 1 time(s). The following corrective action will be taken in 0 milliseconds: Restart the service.

Event[2086]:
  Log Name: System
  Source: Service Control Manager
  Date: 2017-06-23T13:24:27.250
  Event ID: 7026
  Task: N/A
  Level: Information
  Opcode: N/A
  Keyword: Classic
  User: N/A
  User Name: N/A
  Computer: asus
  Description: 
The following boot-start or system-start driver(s) did not load: 
dam
EhStorClass

Event[2087]:
  Log Name: System
  Source: Microsoft-Windows-Winlogon
  Date: 2017-06-23T13:26:06.136
  Event ID: 7001
  Task: N/A
  Level: Information
  Opcode: Info
  Keyword: N/A
  User: S-1-5-18
  User Name: NT AUTHORITY\SYSTEM
  Computer: asus
  Description: 
User Log-on Notification for Customer Experience Improvement Program

Event[2088]:
  Log Name: System
  Source: Microsoft-Windows-WMPNSS-Service
  Date: 2017-06-23T13:26:24.781
  Event ID: 14210
  Task: N/A
  Level: Information
  Opcode: N/A
  Keyword: Classic
  User: N/A
  User Name: N/A
  Computer: asus
  Description: 
The monitored folders on media server 'dypcdiver' changed.  Windows Media Player is updating security permissions for any included folders to enable media sharing.

Event[2089]:
  Log Name: System
  Source: Lfsvc
  Date: 2017-06-23T13:33:59.106
  Event ID: 2
  Task: N/A
  Level: Information
  Opcode: Info
  Keyword: Classic
  User: N/A
  User Name: N/A
  Computer: asus
  Description: 
Geolocation positioning has been disabled by the user.

Event[2090]:
  Log Name: System
  Source: BROWSER
  Date: 2017-06-23T13:44:16.170
  Event ID: 8033
  Task: N/A
  Level: Information
  Opcode: N/A
  Keyword: Classic
  User: N/A
  User Name: N/A
  Computer: asus
  Description: 
The browser has forced an election on network \Device\NetBT_Tcpip_{9BDEC3C0-593A-4153-9F03-5C10C29CCBFE} because a master browser was stopped.

Event[2091]:
  Log Name: System
  Source: Microsoft-Windows-DNS-Client
  Date: 2017-06-23T13:44:30.951
  Event ID: 1014
  Task: N/A
  Level: Warning
  Opcode: Info
  Keyword: N/A
  User: S-1-5-20
  User Name: NT AUTHORITY\NETWORK SERVICE
  Computer: asus
  Description: 
Name resolution for the name _ldap._tcp.dc._msdcs.WORKGROUP timed out after none of the configured DNS servers responded.

Event[2092]:
  Log Name: System
  Source: Microsoft-Windows-DNS-Client
  Date: 2017-06-23T13:44:35.963
  Event ID: 1014
  Task: N/A
  Level: Warning
  Opcode: Info
  Keyword: N/A
  User: S-1-5-20
  User Name: NT AUTHORITY\NETWORK SERVICE
  Computer: asus
  Description: 
Name resolution for the name www.msftncsi.com timed out after none of the configured DNS servers responded.

Event[2093]:
  Log Name: System
  Source: Microsoft-Windows-DNS-Client
  Date: 2017-06-23T13:44:36.842
  Event ID: 1014
  Task: N/A
  Level: Warning
  Opcode: Info
  Keyword: N/A
  User: S-1-5-20
  User Name: NT AUTHORITY\NETWORK SERVICE
  Computer: asus
  Description: 
Name resolution for the name wpad timed out after none of the configured DNS servers responded.

Event[2094]:
  Log Name: System
  Source: Microsoft-Windows-DNS-Client
  Date: 2017-06-23T13:44:39.467
  Event ID: 1014
  Task: N/A
  Level: Warning
  Opcode: Info
  Keyword: N/A
  User: S-1-5-20
  User Name: NT AUTHORITY\NETWORK SERVICE
  Computer: asus
  Description: 
Name resolution for the name wpad timed out after none of the configured DNS servers responded.

Event[2095]:
  Log Name: System
  Source: Microsoft-Windows-DNS-Client
  Date: 2017-06-23T13:44:58.507
  Event ID: 1014
  Task: N/A
  Level: Warning
  Opcode: Info
  Keyword: N/A
  User: S-1-5-20
  User Name: NT AUTHORITY\NETWORK SERVICE
  Computer: asus
  Description: 
Name resolution for the name _ldap._tcp.dc._msdcs.WORKGROUP timed out after none of the configured DNS servers responded.

Event[2096]:
  Log Name: System
  Source: Microsoft-Windows-Kernel-General
  Date: 2017-06-23T13:59:57.943
  Event ID: 16
  Task: N/A
  Level: Information
  Opcode: Info
  Keyword: N/A
  User: S-1-5-18
  User Name: NT AUTHORITY\SYSTEM
  Computer: asus
  Description: 
The access history in hive \??\C:\ProgramData\Microsoft\Provisioning\Microsoft-Desktop-Provisioning-Sequence.dat was cleared updating 0 keys and creating 0 modified pages.

Event[2097]:
  Log Name: System
  Source: Microsoft-Windows-UserModePowerService
  Date: 2017-06-23T13:59:59.342
  Event ID: 22
  Task: N/A
  Level: Information
  Opcode: Info
  Keyword: N/A
  User: S-1-5-18
  User Name: NT AUTHORITY\SYSTEM
  Computer: asus
  Description: 
Reapply power settings upon completion of the provisioning engine's turn 5

Event[2098]:
  Log Name: System
  Source: Microsoft-Windows-DNS-Client
  Date: 2017-06-23T15:04:27.743
  Event ID: 1014
  Task: N/A
  Level: Warning
  Opcode: Info
  Keyword: N/A
  User: S-1-5-20
  User Name: NT AUTHORITY\NETWORK SERVICE
  Computer: asus
  Description: 
Name resolution for the name accounts.google.com timed out after none of the configured DNS servers responded.

Event[2099]:
  Log Name: System
  Source: BROWSER
  Date: 2017-06-23T16:00:58.800
  Event ID: 8033
  Task: N/A
  Level: Information
  Opcode: N/A
  Keyword: Classic
  User: N/A
  User Name: N/A
  Computer: asus
  Description: 
The browser has forced an election on network \Device\NetBT_Tcpip_{9BDEC3C0-593A-4153-9F03-5C10C29CCBFE} because a master browser was stopped.

Event[2100]:
  Log Name: System
  Source: Microsoft-Windows-Kernel-Power
  Date: 2017-06-23T16:00:58.340
  Event ID: 42
  Task: N/A
  Level: Information
  Opcode: Info
  Keyword: N/A
  User: N/A
  User Name: N/A
  Computer: asus
  Description: 
The system is entering sleep.

Sleep Reason: Application API

Event[2101]:
  Log Name: System
  Source: Microsoft-Windows-Kernel-Power
  Date: 2017-06-23T16:00:59.339
  Event ID: 107
  Task: N/A
  Level: Information
  Opcode: Info
  Keyword: N/A
  User: N/A
  User Name: N/A
  Computer: asus
  Description: 
The system has resumed from sleep.

Event[2102]:
  Log Name: System
  Source: Microsoft-Windows-Kernel-General
  Date: 2017-06-23T16:34:10.499
  Event ID: 1
  Task: N/A
  Level: Information
  Opcode: Info
  Keyword: Time
  User: N/A
  User Name: N/A
  Computer: asus
  Description: 
The system time has changed to ?2017?-?06?-?23T14:34:10.500000000Z from ?2017?-?06?-?23T14:00:59.340487700Z.

Change Reason: System time synchronized with the hardware clock.

Event[2103]:
  Log Name: System
  Source: Microsoft-Windows-Kernel-Boot
  Date: 2017-06-23T16:34:18.437
  Event ID: 25
  Task: N/A
  Level: Information
  Opcode: Info
  Keyword: N/A
  User: N/A
  User Name: N/A
  Computer: asus
  Description: 
The boot menu policy was 0xFC370.

Event[2104]:
  Log Name: System
  Source: Microsoft-Windows-Kernel-Boot
  Date: 2017-06-23T16:34:18.437
  Event ID: 27
  Task: N/A
  Level: Information
  Opcode: Info
  Keyword: N/A
  User: N/A
  User Name: N/A
  Computer: asus
  Description: 
The boot type was 0x2.

Event[2105]:
  Log Name: System
  Source: Microsoft-Windows-Kernel-Boot
  Date: 2017-06-23T16:34:18.437
  Event ID: 18
  Task: N/A
  Level: Information
  Opcode: Info
  Keyword: N/A
  User: N/A
  User Name: N/A
  Computer: asus
  Description: 
There are 0x2 boot options on this system.

Event[2106]:
  Log Name: System
  Source: Microsoft-Windows-Kernel-Boot
  Date: 2017-06-23T16:34:18.437
  Event ID: 32
  Task: N/A
  Level: Information
  Opcode: Info
  Keyword: N/A
  User: N/A
  User Name: N/A
  Computer: asus
  Description: 
The bootmgr spent 0 ms waiting for user input.

Event[2107]:
  Log Name: System
  Source: Microsoft-Windows-Power-Troubleshooter
  Date: 2017-06-23T16:34:39.240
  Event ID: 1
  Task: N/A
  Level: Information
  Opcode: Info
  Keyword: N/A
  User: S-1-5-19
  User Name: NT AUTHORITY\LOCAL SERVICE
  Computer: asus
  Description: 
The system has returned from a low power state.

Sleep Time: ?2017?-?06?-?23T14:00:56.062940800Z
Wake Time: ?2017?-?06?-?23T14:34:29.614091500Z

Wake Source: Unknown

Event[2108]:
  Log Name: System
  Source: Microsoft-Windows-DistributedCOM
  Date: 2017-06-23T16:35:09.550
  Event ID: 10016
  Task: N/A
  Level: Error
  Opcode: Info
  Keyword: Classic
  User: S-1-5-18
  User Name: NT AUTHORITY\SYSTEM
  Computer: asus
  Description: 
The application-specific permission settings do not grant Local Activation permission for the COM Server application with CLSID 
{D63B10C5-BB46-4990-A94F-E40B9D520160}
 and APPID 
{9CA88EE3-ACB7-47C8-AFC4-AB702511C276}
 to the user NT AUTHORITY\SYSTEM SID (S-1-5-18) from address LocalHost (Using LRPC) running in the application container Unavailable SID (Unavailable). This security permission can be modified using the Component Services administrative tool.

Event[2109]:
  Log Name: System
  Source: Microsoft-Windows-Time-Service
  Date: 2017-06-23T17:14:17.991
  Event ID: 158
  Task: N/A
  Level: Information
  Opcode: Info
  Keyword: N/A
  User: S-1-5-19
  User Name: NT AUTHORITY\LOCAL SERVICE
  Computer: asus
  Description: 
The time provider 'VMICTimeProvider' has indicated that the current hardware and operating environment is not supported and has stopped. This behavior is expected for VMICTimeProvider on non-HyperV-guest environments. This may be the expected behavior for the current provider in the current operating environment as well.

Event[2110]:
  Log Name: System
  Source: Microsoft-Windows-Time-Service
  Date: 2017-06-23T17:14:19.685
  Event ID: 37
  Task: N/A
  Level: Information
  Opcode: Info
  Keyword: N/A
  User: S-1-5-19
  User Name: NT AUTHORITY\LOCAL SERVICE
  Computer: asus
  Description: 
The time provider NtpClient is currently receiving valid time data from time.windows.com,0x9 (ntp.m|0x9|0.0.0.0:123->51.140.127.197:123).

Event[2111]:
  Log Name: System
  Source: Microsoft-Windows-Time-Service
  Date: 2017-06-23T17:14:34.107
  Event ID: 35
  Task: N/A
  Level: Information
  Opcode: Info
  Keyword: N/A
  User: S-1-5-19
  User Name: NT AUTHORITY\LOCAL SERVICE
  Computer: asus
  Description: 
The time service is now synchronizing the system time with the time source time.windows.com,0x9 (ntp.m|0x9|0.0.0.0:123->51.140.127.197:123).

Event[2112]:
  Log Name: System
  Source: Microsoft-Windows-Kernel-General
  Date: 2017-06-23T17:14:34.106
  Event ID: 1
  Task: N/A
  Level: Information
  Opcode: Info
  Keyword: Time
  User: S-1-5-19
  User Name: NT AUTHORITY\LOCAL SERVICE
  Computer: asus
  Description: 
The system time has changed to ?2017?-?06?-?23T15:14:34.107000000Z from ?2017?-?06?-?23T15:14:34.107983400Z.

Change Reason: An application or system component changed the time.

Event[2113]:
  Log Name: System
  Source: BROWSER
  Date: 2017-06-23T18:06:25.511
  Event ID: 8033
  Task: N/A
  Level: Information
  Opcode: N/A
  Keyword: Classic
  User: N/A
  User Name: N/A
  Computer: asus
  Description: 
The browser has forced an election on network \Device\NetBT_Tcpip_{9BDEC3C0-593A-4153-9F03-5C10C29CCBFE} because a master browser was stopped.

Event[2114]:
  Log Name: System
  Source: Microsoft-Windows-Kernel-Power
  Date: 2017-06-23T18:06:25.175
  Event ID: 42
  Task: N/A
  Level: Information
  Opcode: Info
  Keyword: N/A
  User: N/A
  User Name: N/A
  Computer: asus
  Description: 
The system is entering sleep.

Sleep Reason: Application API

Event[2115]:
  Log Name: System
  Source: Microsoft-Windows-Kernel-Power
  Date: 2017-06-23T18:06:26.056
  Event ID: 107
  Task: N/A
  Level: Information
  Opcode: Info
  Keyword: N/A
  User: N/A
  User Name: N/A
  Computer: asus
  Description: 
The system has resumed from sleep.

Event[2116]:
  Log Name: System
  Source: Microsoft-Windows-Kernel-General
  Date: 2017-06-23T19:52:23.500
  Event ID: 1
  Task: N/A
  Level: Information
  Opcode: Info
  Keyword: Time
  User: N/A
  User Name: N/A
  Computer: asus
  Description: 
The system time has changed to ?2017?-?06?-?23T17:52:23.500000000Z from ?2017?-?06?-?23T16:06:26.056122500Z.

Change Reason: System time synchronized with the hardware clock.

Event[2117]:
  Log Name: System
  Source: Microsoft-Windows-Kernel-Boot
  Date: 2017-06-23T19:52:29.484
  Event ID: 25
  Task: N/A
  Level: Information
  Opcode: Info
  Keyword: N/A
  User: N/A
  User Name: N/A
  Computer: asus
  Description: 
The boot menu policy was 0xFC370.

Event[2118]:
  Log Name: System
  Source: Microsoft-Windows-Kernel-Boot
  Date: 2017-06-23T19:52:29.484
  Event ID: 27
  Task: N/A
  Level: Information
  Opcode: Info
  Keyword: N/A
  User: N/A
  User Name: N/A
  Computer: asus
  Description: 
The boot type was 0x2.

Event[2119]:
  Log Name: System
  Source: Microsoft-Windows-Kernel-Boot
  Date: 2017-06-23T19:52:29.484
  Event ID: 18
  Task: N/A
  Level: Information
  Opcode: Info
  Keyword: N/A
  User: N/A
  User Name: N/A
  Computer: asus
  Description: 
There are 0x2 boot options on this system.

Event[2120]:
  Log Name: System
  Source: Microsoft-Windows-Kernel-Boot
  Date: 2017-06-23T19:52:29.484
  Event ID: 32
  Task: N/A
  Level: Information
  Opcode: Info
  Keyword: N/A
  User: N/A
  User Name: N/A
  Computer: asus
  Description: 
The bootmgr spent 0 ms waiting for user input.

Event[2121]:
  Log Name: System
  Source: Microsoft-Windows-Power-Troubleshooter
  Date: 2017-06-23T19:52:44.903
  Event ID: 1
  Task: N/A
  Level: Information
  Opcode: Info
  Keyword: N/A
  User: S-1-5-19
  User Name: NT AUTHORITY\LOCAL SERVICE
  Computer: asus
  Description: 
The system has returned from a low power state.

Sleep Time: ?2017?-?06?-?23T16:06:24.210217200Z
Wake Time: ?2017?-?06?-?23T17:52:39.103941400Z

Wake Source: Unknown

Event[2122]:
  Log Name: System
  Source: Service Control Manager
  Date: 2017-06-23T19:53:07.447
  Event ID: 7009
  Task: N/A
  Level: Error
  Opcode: N/A
  Keyword: Classic
  User: N/A
  User Name: N/A
  Computer: asus
  Description: 
A timeout was reached (30000 milliseconds) while waiting for the Device Setup Manager service to connect.

Event[2123]:
  Log Name: System
  Source: Service Control Manager
  Date: 2017-06-23T19:53:07.447
  Event ID: 7000
  Task: N/A
  Level: Error
  Opcode: N/A
  Keyword: Classic
  User: N/A
  User Name: N/A
  Computer: asus
  Description: 
The Device Setup Manager service failed to start due to the following error: 
The service did not respond to the start or control request in a timely fashion.

Event[2124]:
  Log Name: System
  Source: Microsoft-Windows-DistributedCOM
  Date: 2017-06-23T19:53:17.932
  Event ID: 10016
  Task: N/A
  Level: Error
  Opcode: Info
  Keyword: Classic
  User: S-1-5-18
  User Name: NT AUTHORITY\SYSTEM
  Computer: asus
  Description: 
The application-specific permission settings do not grant Local Activation permission for the COM Server application with CLSID 
{D63B10C5-BB46-4990-A94F-E40B9D520160}
 and APPID 
{9CA88EE3-ACB7-47C8-AFC4-AB702511C276}
 to the user NT AUTHORITY\SYSTEM SID (S-1-5-18) from address LocalHost (Using LRPC) running in the application container Unavailable SID (Unavailable). This security permission can be modified using the Component Services administrative tool.

Event[2125]:
  Log Name: System
  Source: Microsoft-Windows-Kernel-General
  Date: 2017-06-24T10:38:14.698
  Event ID: 12
  Task: N/A
  Level: Information
  Opcode: Info
  Keyword: N/A
  User: S-1-5-18
  User Name: NT AUTHORITY\SYSTEM
  Computer: asus
  Description: 
The operating system started at system time ?2017?-?06?-?24T08:38:14.487759600Z.

Event[2126]:
  Log Name: System
  Source: EventLog
  Date: 2017-06-24T10:38:45.311
  Event ID: 6008
  Task: N/A
  Level: Error
  Opcode: N/A
  Keyword: Classic
  User: N/A
  User Name: N/A
  Computer: asus
  Description: 
The previous system shutdown at 17:57:08 on ?23/?06/?2017 was unexpected.

Event[2127]:
  Log Name: System
  Source: EventLog
  Date: 2017-06-24T10:38:45.311
  Event ID: 6009
  Task: N/A
  Level: Information
  Opcode: N/A
  Keyword: Classic
  User: N/A
  User Name: N/A
  Computer: asus
  Description: 
Microsoft (R) Windows (R) 10.00. 15063  Multiprocessor Free.

Event[2128]:
  Log Name: System
  Source: EventLog
  Date: 2017-06-24T10:38:45.311
  Event ID: 6005
  Task: N/A
  Level: Information
  Opcode: N/A
  Keyword: Classic
  User: N/A
  User Name: N/A
  Computer: asus
  Description: 
The Event log service was started.

Event[2129]:
  Log Name: System
  Source: EventLog
  Date: 2017-06-24T10:38:45.311
  Event ID: 6013
  Task: N/A
  Level: Information
  Opcode: N/A
  Keyword: Classic
  User: N/A
  User Name: N/A
  Computer: asus
  Description: 
The system uptime is 30 seconds.

Event[2130]:
  Log Name: System
  Source: Microsoft-Windows-Kernel-Boot
  Date: 2017-06-24T10:38:14.698
  Event ID: 153
  Task: N/A
  Level: Information
  Opcode: Info
  Keyword: N/A
  User: S-1-5-18
  User Name: NT AUTHORITY\SYSTEM
  Computer: asus
  Description: 
Virtualization-based security (policies: 0) is disabled.

Event[2131]:
