  Log Name: System
  Source: Microsoft-Windows-Kernel-General
  Date: 2017-10-09T01:59:19.913
  Event ID: 16
  Task: N/A
  Level: Information
  Opcode: Info
  Keyword: N/A
  User: S-1-5-18
  User Name: NT-AUTORITÄT\SYSTEM
  Computer: DESKTOP-G0L88JA
  Description: 
The access history in hive \??\C:\ProgramData\Microsoft\Windows\AppRepository\Packages\Microsoft.Advertising.Xaml_10.1709.1.0_x86__8wekyb3d8bbwe\ActivationStore.dat was cleared updating 0 keys and creating 0 modified pages.

Event[656]:
  Log Name: System
  Source: Microsoft-Windows-WindowsUpdateClient
  Date: 2017-10-09T01:59:25.543
  Event ID: 44
  Task: Windows Update Agent
  Level: Information
  Opcode: Download
  Keyword: Download,Started
  User: S-1-5-18
  User Name: NT-AUTORITÄT\SYSTEM
  Computer: DESKTOP-G0L88JA
  Description: 
Windows Update started downloading an update.

Event[657]:
  Log Name: System
  Source: Microsoft-Windows-Kernel-General
  Date: 2017-10-09T01:59:26.283
  Event ID: 16
  Task: N/A
  Level: Information
  Opcode: Info
  Keyword: N/A
  User: S-1-5-18
  User Name: NT-AUTORITÄT\SYSTEM
  Computer: DESKTOP-G0L88JA
  Description: 
The access history in hive \??\C:\ProgramData\Microsoft\Windows\AppRepository\Packages\XINGAG.XING_3.95.24.0_x86__xpfg3f7e9an52\ActivationStore.dat was cleared updating 0 keys and creating 0 modified pages.

Event[658]:
  Log Name: System
  Source: Microsoft-Windows-WindowsUpdateClient
  Date: 2017-10-09T01:59:29.758
  Event ID: 44
  Task: Windows Update Agent
  Level: Information
  Opcode: Download
  Keyword: Download,Started
  User: S-1-5-18
  User Name: NT-AUTORITÄT\SYSTEM
  Computer: DESKTOP-G0L88JA
  Description: 
Windows Update started downloading an update.

Event[659]:
  Log Name: System
  Source: Microsoft-Windows-Kernel-General
  Date: 2017-10-09T01:59:31.885
  Event ID: 16
  Task: N/A
  Level: Information
  Opcode: Info
  Keyword: N/A
  User: S-1-5-18
  User Name: NT-AUTORITÄT\SYSTEM
  Computer: DESKTOP-G0L88JA
  Description: 
The access history in hive \??\C:\ProgramData\Microsoft\Windows\AppRepository\Packages\KeeperSecurityInc.Keeper_11.0.1.0_x64__kejf07qmg0jnm\ActivationStore.dat was cleared updating 0 keys and creating 0 modified pages.

Event[660]:
  Log Name: System
  Source: Microsoft-Windows-WindowsUpdateClient
  Date: 2017-10-09T01:59:32.093
  Event ID: 43
  Task: Windows Update Agent
  Level: Information
  Opcode: Installation
  Keyword: Installation,Started
  User: S-1-5-18
  User Name: NT-AUTORITÄT\SYSTEM
  Computer: DESKTOP-G0L88JA
  Description: 
Installation Started: Windows has started installing the following update: 9NZM7B1BB5TR-Microsoft.NET.Native.Framework.1.7

Event[661]:
  Log Name: System
  Source: Microsoft-Windows-WindowsUpdateClient
  Date: 2017-10-09T01:59:32.093
  Event ID: 19
  Task: Windows Update Agent
  Level: Information
  Opcode: Installation
  Keyword: Installation,Success
  User: S-1-5-18
  User Name: NT-AUTORITÄT\SYSTEM
  Computer: DESKTOP-G0L88JA
  Description: 
Installation Successful: Windows successfully installed the following update: 9NZM7B1BB5TR-Microsoft.NET.Native.Framework.1.7

Event[662]:
  Log Name: System
  Source: Microsoft-Windows-WindowsUpdateClient
  Date: 2017-10-09T01:59:32.805
  Event ID: 43
  Task: Windows Update Agent
  Level: Information
  Opcode: Installation
  Keyword: Installation,Started
  User: S-1-5-18
  User Name: NT-AUTORITÄT\SYSTEM
  Computer: DESKTOP-G0L88JA
  Description: 
Installation Started: Windows has started installing the following update: 9MTW6RN84LVM-Microsoft.NET.Native.Runtime.1.7

Event[663]:
  Log Name: System
  Source: Microsoft-Windows-WindowsUpdateClient
  Date: 2017-10-09T01:59:32.805
  Event ID: 44
  Task: Windows Update Agent
  Level: Information
  Opcode: Download
  Keyword: Download,Started
  User: S-1-5-18
  User Name: NT-AUTORITÄT\SYSTEM
  Computer: DESKTOP-G0L88JA
  Description: 
Windows Update started downloading an update.

Event[664]:
  Log Name: System
  Source: Microsoft-Windows-WindowsUpdateClient
  Date: 2017-10-09T01:59:34.885
  Event ID: 19
  Task: Windows Update Agent
  Level: Information
  Opcode: Installation
  Keyword: Installation,Success
  User: S-1-5-18
  User Name: NT-AUTORITÄT\SYSTEM
  Computer: DESKTOP-G0L88JA
  Description: 
Installation Successful: Windows successfully installed the following update: 9MTW6RN84LVM-Microsoft.NET.Native.Runtime.1.7

Event[665]:
  Log Name: System
  Source: Microsoft-Windows-WindowsUpdateClient
  Date: 2017-10-09T01:59:34.885
  Event ID: 43
  Task: Windows Update Agent
  Level: Information
  Opcode: Installation
  Keyword: Installation,Started
  User: S-1-5-18
  User Name: NT-AUTORITÄT\SYSTEM
  Computer: DESKTOP-G0L88JA
  Description: 
Installation Started: Windows has started installing the following update: 9WZDNCRDXBKC-XINGAG.XING

Event[666]:
  Log Name: System
  Source: Microsoft-Windows-WindowsUpdateClient
  Date: 2017-10-09T01:59:34.885
  Event ID: 19
  Task: Windows Update Agent
  Level: Information
  Opcode: Installation
  Keyword: Installation,Success
  User: S-1-5-18
  User Name: NT-AUTORITÄT\SYSTEM
  Computer: DESKTOP-G0L88JA
  Description: 
Installation Successful: Windows successfully installed the following update: 9WZDNCRDXBKC-XINGAG.XING

Event[667]:
  Log Name: System
  Source: Microsoft-Windows-WindowsUpdateClient
  Date: 2017-10-09T01:59:34.885
  Event ID: 43
  Task: Windows Update Agent
  Level: Information
  Opcode: Installation
  Keyword: Installation,Started
  User: S-1-5-18
  User Name: NT-AUTORITÄT\SYSTEM
  Computer: DESKTOP-G0L88JA
  Description: 
Installation Started: Windows has started installing the following update: 9WZDNCRDMPT6-KeeperSecurityInc.Keeper

Event[668]:
  Log Name: System
  Source: Microsoft-Windows-WindowsUpdateClient
  Date: 2017-10-09T01:59:37.653
  Event ID: 19
  Task: Windows Update Agent
  Level: Information
  Opcode: Installation
  Keyword: Installation,Success
  User: S-1-5-18
  User Name: NT-AUTORITÄT\SYSTEM
  Computer: DESKTOP-G0L88JA
  Description: 
Installation Successful: Windows successfully installed the following update: 9WZDNCRDMPT6-KeeperSecurityInc.Keeper

Event[669]:
  Log Name: System
  Source: Microsoft-Windows-WindowsUpdateClient
  Date: 2017-10-09T01:59:37.653
  Event ID: 43
  Task: Windows Update Agent
  Level: Information
  Opcode: Installation
  Keyword: Installation,Started
  User: S-1-5-18
  User Name: NT-AUTORITÄT\SYSTEM
  Computer: DESKTOP-G0L88JA
  Description: 
Installation Started: Windows has started installing the following update: 9NBLGGH1QWGC-Microsoft.Advertising.Xaml

Event[670]:
  Log Name: System
  Source: Microsoft-Windows-WindowsUpdateClient
  Date: 2017-10-09T01:59:38.129
  Event ID: 19
  Task: Windows Update Agent
  Level: Information
  Opcode: Installation
  Keyword: Installation,Success
  User: S-1-5-18
  User Name: NT-AUTORITÄT\SYSTEM
  Computer: DESKTOP-G0L88JA
  Description: 
Installation Successful: Windows successfully installed the following update: 9NBLGGH1QWGC-Microsoft.Advertising.Xaml

Event[671]:
  Log Name: System
  Source: Microsoft-Windows-WindowsUpdateClient
  Date: 2017-10-09T01:59:38.129
  Event ID: 43
  Task: Windows Update Agent
  Level: Information
  Opcode: Installation
  Keyword: Installation,Started
  User: S-1-5-18
  User Name: NT-AUTORITÄT\SYSTEM
  Computer: DESKTOP-G0L88JA
  Description: 
Installation Started: Windows has started installing the following update: 9N38V762FHPD-Microsoft.NET.Native.Framework.1.6

Event[672]:
  Log Name: System
  Source: Microsoft-Windows-WindowsUpdateClient
  Date: 2017-10-09T01:59:38.129
  Event ID: 19
  Task: Windows Update Agent
  Level: Information
  Opcode: Installation
  Keyword: Installation,Success
  User: S-1-5-18
  User Name: NT-AUTORITÄT\SYSTEM
  Computer: DESKTOP-G0L88JA
  Description: 
Installation Successful: Windows successfully installed the following update: 9N38V762FHPD-Microsoft.NET.Native.Framework.1.6

Event[673]:
  Log Name: System
  Source: Microsoft-Windows-WindowsUpdateClient
  Date: 2017-10-09T01:59:38.129
  Event ID: 43
  Task: Windows Update Agent
  Level: Information
  Opcode: Installation
  Keyword: Installation,Started
  User: S-1-5-18
  User Name: NT-AUTORITÄT\SYSTEM
  Computer: DESKTOP-G0L88JA
  Description: 
Installation Started: Windows has started installing the following update: 9P1SWVRL6FKD-Microsoft.NET.Native.Runtime.1.6

Event[674]:
  Log Name: System
  Source: Microsoft-Windows-WindowsUpdateClient
  Date: 2017-10-09T01:59:43.667
  Event ID: 19
  Task: Windows Update Agent
  Level: Information
  Opcode: Installation
  Keyword: Installation,Success
  User: S-1-5-18
  User Name: NT-AUTORITÄT\SYSTEM
  Computer: DESKTOP-G0L88JA
  Description: 
Installation Successful: Windows successfully installed the following update: 9P1SWVRL6FKD-Microsoft.NET.Native.Runtime.1.6

Event[675]:
  Log Name: System
  Source: Microsoft-Windows-WindowsUpdateClient
  Date: 2017-10-09T01:59:43.667
  Event ID: 43
  Task: Windows Update Agent
  Level: Information
  Opcode: Installation
  Keyword: Installation,Started
  User: S-1-5-18
  User Name: NT-AUTORITÄT\SYSTEM
  Computer: DESKTOP-G0L88JA
  Description: 
Installation Started: Windows has started installing the following update: 9WZDNCRFHVFW-Microsoft.BingNews

Event[676]:
  Log Name: System
  Source: Microsoft-Windows-WindowsUpdateClient
  Date: 2017-10-09T01:59:43.667
  Event ID: 19
  Task: Windows Update Agent
  Level: Information
  Opcode: Installation
  Keyword: Installation,Success
  User: S-1-5-18
  User Name: NT-AUTORITÄT\SYSTEM
  Computer: DESKTOP-G0L88JA
  Description: 
Installation Successful: Windows successfully installed the following update: 9WZDNCRFHVFW-Microsoft.BingNews

Event[677]:
  Log Name: System
  Source: Service Control Manager
  Date: 2017-10-09T01:59:54.569
  Event ID: 7045
  Task: N/A
  Level: Information
  Opcode: N/A
  Keyword: Classic
  User: S-1-5-21-4282956347-1596572213-1314336134-1001
  User Name: DESKTOP-G0L88JA\Christian
  Computer: DESKTOP-G0L88JA
  Description: 
A service was installed in the system.

Service Name:  PAExec
Service File Name:  C:\Windows\PAExec.exe -service
Service Type:  Benutzermodusdienst
Service Start Type:  Manuell starten
Service Account:  LocalSystem

Event[678]:
  Log Name: System
  Source: Service Control Manager
  Date: 2017-10-09T01:59:54.569
  Event ID: 7030
  Task: N/A
  Level: Error
  Opcode: N/A
  Keyword: Classic
  User: N/A
  User Name: N/A
  Computer: DESKTOP-G0L88JA
  Description: 
The PAExec service is marked as an interactive service.  However, the system is configured to not allow interactive services.  This service may not function properly.

Event[679]:
  Log Name: System
  Source: User32
  Date: 2017-10-09T02:01:14.197
  Event ID: 1074
  Task: N/A
  Level: Information
  Opcode: N/A
  Keyword: Classic
  User: S-1-5-21-4282956347-1596572213-1314336134-1001
  User Name: DESKTOP-G0L88JA\Christian
  Computer: DESKTOP-G0L88JA
  Description: 
The process C:\Windows\ImmersiveControlPanel\SystemSettings.exe (DESKTOP-G0L88JA) has initiated the Neustart of computer DESKTOP-G0L88JA on behalf of user DESKTOP-G0L88JA\Christian for the following reason: Anderer Grund (nicht geplant)
 Reason Code: 0x0
 Shutdown Type: Neustart
 Comment: 

Event[680]:
  Log Name: System
  Source: Microsoft-Windows-DistributedCOM
  Date: 2017-10-09T02:01:14.297
  Event ID: 10010
  Task: N/A
  Level: Error
  Opcode: Info
  Keyword: Classic
  User: S-1-5-21-4282956347-1596572213-1314336134-1001
  User Name: DESKTOP-G0L88JA\Christian
  Computer: DESKTOP-G0L88JA
  Description: 
The server {0002DF02-0000-0000-C000-000000000046} did not register with DCOM within the required timeout.

Event[681]:
  Log Name: System
  Source: Microsoft-Windows-DistributedCOM
  Date: 2017-10-09T02:01:14.325
  Event ID: 10010
  Task: N/A
  Level: Error
  Opcode: Info
  Keyword: Classic
  User: S-1-5-21-4282956347-1596572213-1314336134-1001
  User Name: DESKTOP-G0L88JA\Christian
  Computer: DESKTOP-G0L88JA
  Description: 
The server {0002DF02-0000-0000-C000-000000000046} did not register with DCOM within the required timeout.

Event[682]:
  Log Name: System
  Source: User32
  Date: 2017-10-09T02:01:35.870
  Event ID: 1073
  Task: N/A
  Level: Warning
  Opcode: N/A
  Keyword: Classic
  User: S-1-5-21-4282956347-1596572213-1314336134-1001
  User Name: DESKTOP-G0L88JA\Christian
  Computer: DESKTOP-G0L88JA
  Description: 
The attempt by user DESKTOP-G0L88JA\Christian to restart/shutdown computer DESKTOP-G0L88JA failed

Event[683]:
  Log Name: System
  Source: Service Control Manager
  Date: 2017-10-09T02:01:46.562
  Event ID: 7040
  Task: N/A
  Level: Information
  Opcode: N/A
  Keyword: Classic
  User: S-1-5-18
  User Name: NT-AUTORITÄT\SYSTEM
  Computer: DESKTOP-G0L88JA
  Description: 
The start type of the Intelligenter Hintergrundübertragungsdienst service was changed from Manuell starten to Automatisch starten.

Event[684]:
  Log Name: System
  Source: Microsoft-Windows-Winlogon
  Date: 2017-10-09T02:01:49.468
  Event ID: 7002
  Task: N/A
  Level: Information
  Opcode: Info
  Keyword: N/A
  User: S-1-5-18
  User Name: NT-AUTORITÄT\SYSTEM
  Computer: DESKTOP-G0L88JA
  Description: 
User Logoff Notification for Customer Experience Improvement Program

Event[685]:
  Log Name: System
  Source: EventLog
  Date: 2017-10-09T02:01:49.883
  Event ID: 6006
  Task: N/A
  Level: Information
  Opcode: N/A
  Keyword: Classic
  User: N/A
  User Name: N/A
  Computer: DESKTOP-G0L88JA
  Description: 
The Event log service was stopped.

Event[686]:
  Log Name: System
  Source: Microsoft-Windows-Dhcp-Client
  Date: 2017-10-09T02:01:49.876
  Event ID: 50104
  Task: Service State Event
  Level: Information
  Opcode: ServiceShutdown
  Keyword: N/A
  User: S-1-5-19
  User Name: NT-AUTORITÄT\Lokaler Dienst
  Computer: DESKTOP-G0L88JA
  Description: 
DHCPv4 client received shutdown notification

Event[687]:
  Log Name: System
  Source: Microsoft-Windows-Dhcp-Client
  Date: 2017-10-09T02:01:49.878
  Event ID: 50105
  Task: Service State Event
  Level: Information
  Opcode: ServiceShutdown
  Keyword: N/A
  User: S-1-5-19
  User Name: NT-AUTORITÄT\Lokaler Dienst
  Computer: DESKTOP-G0L88JA
  Description: 
DHCPv4 client ProcessDHCPRequestForever received TERMINATE_EVENT

Event[688]:
  Log Name: System
  Source: Microsoft-Windows-DHCPv6-Client
  Date: 2017-10-09T02:01:49.879
  Event ID: 51047
  Task: Service State Event
  Level: Information
  Opcode: ServiceStop
  Keyword: N/A
  User: S-1-5-19
  User Name: NT-AUTORITÄT\Lokaler Dienst
  Computer: DESKTOP-G0L88JA
  Description: 
DHCPv6 client service is stopped. ShutDown Flag value is 1

Event[689]:
  Log Name: System
  Source: Microsoft-Windows-DHCPv6-Client
  Date: 2017-10-09T02:01:49.879
  Event ID: 51057
  Task: Service State Event
  Level: Information
  Opcode: ServiceStopWithRefCount
  Keyword: N/A
  User: S-1-5-19
  User Name: NT-AUTORITÄT\Lokaler Dienst
  Computer: DESKTOP-G0L88JA
  Description: 
DHCPv6 client service stop is almost done.DHCP Context Ref count is 1

Event[690]:
  Log Name: System
  Source: Microsoft-Windows-DHCPv6-Client
  Date: 2017-10-09T02:01:49.879
  Event ID: 51057
  Task: Service State Event
  Level: Information
  Opcode: ServiceStopWithRefCount
  Keyword: N/A
  User: S-1-5-19
  User Name: NT-AUTORITÄT\Lokaler Dienst
  Computer: DESKTOP-G0L88JA
  Description: 
DHCPv6 client service stop is almost done.DHCP Context Ref count is 2

Event[691]:
  Log Name: System
  Source: Microsoft-Windows-Dhcp-Client
  Date: 2017-10-09T02:01:49.880
  Event ID: 50106
  Task: Service State Event
  Level: Information
  Opcode: ServiceShutdown
  Keyword: N/A
  User: S-1-5-19
  User Name: NT-AUTORITÄT\Lokaler Dienst
  Computer: DESKTOP-G0L88JA
  Description: 
DHCPv4 is waiting on DHCPv6 service to stop

Event[692]:
  Log Name: System
  Source: Microsoft-Windows-Dhcp-Client
  Date: 2017-10-09T02:01:49.880
  Event ID: 50037
  Task: Service State Event
  Level: Information
  Opcode: ServiceStop
  Keyword: N/A
  User: S-1-5-19
  User Name: NT-AUTORITÄT\Lokaler Dienst
  Computer: DESKTOP-G0L88JA
  Description: 
DHCPv4 client service is stopped. ShutDown Flag value is 1

Event[693]:
  Log Name: System
  Source: EventLog
  Date: 2017-10-09T02:02:24.775
  Event ID: 6009
  Task: N/A
  Level: Information
  Opcode: N/A
  Keyword: Classic
  User: N/A
  User Name: N/A
  Computer: DESKTOP-G0L88JA
  Description: 
Microsoft (R) Windows (R) 10.00. 15063  Multiprocessor Free.

Event[694]:
  Log Name: System
  Source: EventLog
  Date: 2017-10-09T02:02:24.775
  Event ID: 6005
  Task: N/A
  Level: Information
  Opcode: N/A
  Keyword: Classic
  User: N/A
  User Name: N/A
  Computer: DESKTOP-G0L88JA
  Description: 
The Event log service was started.

Event[695]:
  Log Name: System
  Source: EventLog
  Date: 2017-10-09T02:02:24.775
  Event ID: 6013
  Task: N/A
  Level: Information
  Opcode: N/A
  Keyword: Classic
  User: N/A
  User Name: N/A
  Computer: DESKTOP-G0L88JA
  Description: 
The system uptime is 5 seconds.

Event[696]:
  Log Name: System
  Source: Microsoft-Windows-Kernel-Power
  Date: 2017-10-09T02:01:54.874
  Event ID: 109
  Task: N/A
  Level: Information
  Opcode: Info
  Keyword: N/A
  User: N/A
  User Name: N/A
  Computer: DESKTOP-G0L88JA
  Description: 
The kernel power manager has initiated a shutdown transition.

Shutdown Reason: Kernel API

Event[697]:
  Log Name: System
  Source: Microsoft-Windows-Kernel-General
  Date: 2017-10-09T02:01:55.165
  Event ID: 13
  Task: N/A
  Level: Information
  Opcode: Info
  Keyword: N/A
  User: N/A
  User Name: N/A
  Computer: DESKTOP-G0L88JA
  Description: 
The operating system is shutting down at system time ?2017?-?10?-?09T00:01:55.165023100Z.

Event[698]:
  Log Name: System
  Source: Microsoft-Windows-Kernel-General
  Date: 2017-10-09T02:02:19.630
  Event ID: 12
  Task: N/A
  Level: Information
  Opcode: Info
  Keyword: N/A
  User: S-1-5-18
  User Name: NT-AUTORITÄT\SYSTEM
  Computer: DESKTOP-G0L88JA
  Description: 
The operating system started at system time ?2017?-?10?-?09T00:02:19.338052100Z.

Event[699]:
  Log Name: System
  Source: Microsoft-Windows-Kernel-Boot
  Date: 2017-10-09T02:02:19.630
  Event ID: 153
  Task: N/A
  Level: Information
  Opcode: Info
  Keyword: N/A
  User: S-1-5-18
  User Name: NT-AUTORITÄT\SYSTEM
  Computer: DESKTOP-G0L88JA
  Description: 
Virtualization-based security (policies: 0) is disabled.

Event[700]:
  Log Name: System
  Source: Microsoft-Windows-Kernel-Boot
  Date: 2017-10-09T02:02:19.630
  Event ID: 18
  Task: N/A
  Level: Information
  Opcode: Info
  Keyword: N/A
  User: S-1-5-18
  User Name: NT-AUTORITÄT\SYSTEM
  Computer: DESKTOP-G0L88JA
  Description: 
There are 0x1 boot options on this system.

Event[701]:
  Log Name: System
  Source: Microsoft-Windows-Kernel-Boot
  Date: 2017-10-09T02:02:19.630
  Event ID: 19
  Task: N/A
  Level: Information
  Opcode: Info
  Keyword: N/A
  User: S-1-5-18
  User Name: NT-AUTORITÄT\SYSTEM
  Computer: DESKTOP-G0L88JA
  Description: 
There are 0x1 boot tool options on this system.

Event[702]:
  Log Name: System
  Source: Microsoft-Windows-Kernel-Boot
  Date: 2017-10-09T02:02:19.630
  Event ID: 17
  Task: N/A
  Level: Information
  Opcode: Info
  Keyword: N/A
  User: S-1-5-18
  User Name: NT-AUTORITÄT\SYSTEM
  Computer: DESKTOP-G0L88JA
  Description: 
The boot manager multi OS selection screen was displayed.

Event[703]:
  Log Name: System
  Source: Microsoft-Windows-Kernel-Boot
  Date: 2017-10-09T02:02:19.630
  Event ID: 24
  Task: N/A
  Level: Information
  Opcode: Info
  Keyword: N/A
  User: S-1-5-18
  User Name: NT-AUTORITÄT\SYSTEM
  Computer: DESKTOP-G0L88JA
  Description: 
The F8 key was pressed during boot.

Event[704]:
  Log Name: System
  Source: Microsoft-Windows-Kernel-Boot
  Date: 2017-10-09T02:02:19.630
  Event ID: 32
  Task: N/A
  Level: Information
  Opcode: Info
  Keyword: N/A
  User: S-1-5-18
  User Name: NT-AUTORITÄT\SYSTEM
  Computer: DESKTOP-G0L88JA
  Description: 
The bootmgr spent 0 ms waiting for user input.

Event[705]:
  Log Name: System
  Source: Microsoft-Windows-Kernel-Boot
  Date: 2017-10-09T02:02:19.630
  Event ID: 20
  Task: N/A
  Level: Information
  Opcode: Info
  Keyword: N/A
  User: S-1-5-18
  User Name: NT-AUTORITÄT\SYSTEM
  Computer: DESKTOP-G0L88JA
  Description: 
The last shutdown's success status was true. The last boot's success status was true.

Event[706]:
  Log Name: System
  Source: Microsoft-Windows-Kernel-Boot
  Date: 2017-10-09T02:02:19.630
  Event ID: 21
  Task: N/A
  Level: Information
  Opcode: Info
  Keyword: N/A
  User: S-1-5-18
  User Name: NT-AUTORITÄT\SYSTEM
  Computer: DESKTOP-G0L88JA
  Description: 
The OS loader advanced options menu was displayed and the user selected option 0x1.

Event[707]:
  Log Name: System
  Source: Microsoft-Windows-Kernel-Boot
  Date: 2017-10-09T02:02:19.630
  Event ID: 27
  Task: N/A
  Level: Information
  Opcode: Info
  Keyword: N/A
  User: S-1-5-18
  User Name: NT-AUTORITÄT\SYSTEM
  Computer: DESKTOP-G0L88JA
  Description: 
The boot type was 0x0.

Event[708]:
  Log Name: System
  Source: Microsoft-Windows-Kernel-Boot
  Date: 2017-10-09T02:02:19.630
  Event ID: 25
  Task: N/A
  Level: Information
  Opcode: Info
  Keyword: N/A
  User: S-1-5-18
  User Name: NT-AUTORITÄT\SYSTEM
  Computer: DESKTOP-G0L88JA
  Description: 
The boot menu policy was 0x1.

Event[709]:
  Log Name: System
  Source: Microsoft-Windows-Kernel-Boot
  Date: 2017-10-09T02:02:19.630
  Event ID: 30
  Task: N/A
  Level: Information
  Opcode: Info
  Keyword: N/A
  User: S-1-5-18
  User Name: NT-AUTORITÄT\SYSTEM
  Computer: DESKTOP-G0L88JA
  Description: 
The firmware reported boot metrics.

Event[710]:
  Log Name: System
  Source: Microsoft-Windows-FilterManager
  Date: 2017-10-09T02:02:20.985
  Event ID: 6
  Task: N/A
  Level: Information
  Opcode: Info
  Keyword: N/A
  User: S-1-5-18
  User Name: NT-AUTORITÄT\SYSTEM
  Computer: DESKTOP-G0L88JA
  Description: 
File System Filter 'FileInfo' (10.0, ?2042?-?06?-?30T16:43:32.000000000Z) has successfully loaded and registered with Filter Manager.

Event[711]:
  Log Name: System
  Source: Microsoft-Windows-FilterManager
  Date: 2017-10-09T02:02:20.986
  Event ID: 6
  Task: N/A
  Level: Information
  Opcode: Info
  Keyword: N/A
  User: S-1-5-18
  User Name: NT-AUTORITÄT\SYSTEM
  Computer: DESKTOP-G0L88JA
  Description: 
File System Filter 'Wof' (10.0, ?1974?-?03?-?12T00:47:45.000000000Z) has successfully loaded and registered with Filter Manager.

Event[712]:
  Log Name: System
  Source: Microsoft-Windows-Ntfs
  Date: 2017-10-09T02:02:21.672
  Event ID: 98
  Task: N/A
  Level: Information
  Opcode: Info
  Keyword: N/A
  User: S-1-5-18
  User Name: NT-AUTORITÄT\SYSTEM
  Computer: DESKTOP-G0L88JA
  Description: 
Volume C: (\Device\HarddiskVolume6) is healthy.  No action is needed.

Event[713]:
  Log Name: System
  Source: Microsoft-Windows-Kernel-Power
  Date: 2017-10-09T02:02:21.769
  Event ID: 172
  Task: N/A
  Level: Information
  Opcode: Info
  Keyword: N/A
  User: S-1-5-18
  User Name: NT-AUTORITÄT\SYSTEM
  Computer: DESKTOP-G0L88JA
  Description: 
Connectivity state in standby: Disconnected, Reason: NIC compliance

Event[714]:
  Log Name: System
  Source: Microsoft-Windows-Ntfs
  Date: 2017-10-09T02:02:21.840
  Event ID: 98
  Task: N/A
  Level: Information
  Opcode: Info
  Keyword: N/A
  User: S-1-5-18
  User Name: NT-AUTORITÄT\SYSTEM
  Computer: DESKTOP-G0L88JA
  Description: 
Volume D: (\Device\HarddiskVolume7) is healthy.  No action is needed.

Event[715]:
  Log Name: System
  Source: Microsoft-Windows-Ntfs
  Date: 2017-10-09T02:02:22.398
  Event ID: 98
  Task: N/A
  Level: Information
  Opcode: Info
  Keyword: N/A
  User: S-1-5-18
  User Name: NT-AUTORITÄT\SYSTEM
  Computer: DESKTOP-G0L88JA
  Description: 
Volume E: (\Device\HarddiskVolume2) is healthy.  No action is needed.

Event[716]:
  Log Name: System
  Source: Microsoft-Windows-Ntfs
  Date: 2017-10-09T02:02:22.470
  Event ID: 98
  Task: N/A
  Level: Information
  Opcode: Info
  Keyword: N/A
  User: S-1-5-18
  User Name: NT-AUTORITÄT\SYSTEM
  Computer: DESKTOP-G0L88JA
  Description: 
Volume \\?\Volume{800ef89d-8257-403d-9c5a-7bf08325d54e} (\Device\HarddiskVolume3) is healthy.  No action is needed.

Event[717]:
  Log Name: System
  Source: Microsoft-Windows-Wininit
  Date: 2017-10-09T02:02:23.203
  Event ID: 14
  Task: N/A
  Level: Information
  Opcode: Info
  Keyword: N/A
  User: S-1-5-18
  User Name: NT-AUTORITÄT\SYSTEM
  Computer: DESKTOP-G0L88JA
  Description: 
Credential Guard (LsaIso.exe) configuration: 0x0, 0

Event[718]:
  Log Name: System
  Source: Microsoft-Windows-Directory-Services-SAM
  Date: 2017-10-09T02:02:23.323
  Event ID: 16962
  Task: N/A
  Level: Information
  Opcode: Info
  Keyword: N/A
  User: S-1-5-18
  User Name: NT-AUTORITÄT\SYSTEM
  Computer: DESKTOP-G0L88JA
  Description: 
Remote calls to the SAM database are being restricted using the default security descriptor: O:SYG:SYD:(A;;RC;;;BA).
For more information please see http://go.microsoft.com/fwlink/?LinkId=787651.

Event[719]:
  Log Name: System
  Source: Microsoft-Windows-Dhcp-Client
  Date: 2017-10-09T02:02:24.816
  Event ID: 50036
  Task: Service State Event
  Level: Information
  Opcode: ServiceStart
  Keyword: N/A
  User: S-1-5-19
  User Name: NT-AUTORITÄT\Lokaler Dienst
  Computer: DESKTOP-G0L88JA
  Description: 
DHCPv4 client service is started

Event[720]:
  Log Name: System
  Source: Microsoft-Windows-Dhcp-Client
  Date: 2017-10-09T02:02:24.816
  Event ID: 50103
  Task: Service State Event
  Level: Information
  Opcode: ServiceShutdown
  Keyword: N/A
  User: S-1-5-19
  User Name: NT-AUTORITÄT\Lokaler Dienst
  Computer: DESKTOP-G0L88JA
  Description: 
DHCPv4 client registered for shutdown notification

Event[721]:
  Log Name: System
  Source: Microsoft-Windows-DHCPv6-Client
  Date: 2017-10-09T02:02:24.822
  Event ID: 51046
  Task: Service State Event
  Level: Information
  Opcode: ServiceStart
  Keyword: N/A
  User: S-1-5-19
  User Name: NT-AUTORITÄT\Lokaler Dienst
  Computer: DESKTOP-G0L88JA
  Description: 
DHCPv6 client service is started

Event[722]:
  Log Name: System
  Source: Service Control Manager
  Date: 2017-10-09T02:02:25.040
  Event ID: 7026
  Task: N/A
  Level: Information
  Opcode: N/A
  Keyword: Classic
  User: N/A
  User Name: N/A
  Computer: DESKTOP-G0L88JA
  Description: 
The following boot-start or system-start driver(s) did not load: 
cdrom
dam
FileCrypt
GpuEnergyDrv
npsvctrig
WdFilter

Event[723]:
  Log Name: System
  Source: Microsoft-Windows-DistributedCOM
  Date: 2017-10-09T02:02:25.853
  Event ID: 10005
  Task: N/A
  Level: Error
  Opcode: Info
  Keyword: Classic
  User: S-1-5-18
  User Name: NT-AUTORITÄT\SYSTEM
  Computer: DESKTOP-G0L88JA
  Description: 
DCOM got error "1084" attempting to start the service UsoSvc with arguments "Nicht verfügbar" in order to run the server:
{B91D5831-B1BD-4608-8198-D72E155020F7}

Event[724]:
  Log Name: System
  Source: Microsoft-Windows-Winlogon
  Date: 2017-10-09T02:02:29.332
  Event ID: 7001
  Task: N/A
  Level: Information
  Opcode: Info
  Keyword: N/A
  User: S-1-5-18
  User Name: NT-AUTORITÄT\SYSTEM
  Computer: DESKTOP-G0L88JA
  Description: 
User Logon Notification for Customer Experience Improvement Program

Event[725]:
  Log Name: System
  Source: Microsoft-Windows-DistributedCOM
  Date: 2017-10-09T02:02:30.447
  Event ID: 10005
  Task: N/A
  Level: Error
  Opcode: Info
  Keyword: Classic
  User: S-1-5-21-4282956347-1596572213-1314336134-1001
  User Name: DESKTOP-G0L88JA\Christian
  Computer: DESKTOP-G0L88JA
  Description: 
DCOM got error "1084" attempting to start the service ShellHWDetection with arguments "Nicht verfügbar" in order to run the server:
{DD522ACC-F821-461A-A407-50B198B896DC}

Event[726]:
  Log Name: System
  Source: Microsoft-Windows-DistributedCOM
  Date: 2017-10-09T02:02:30.479
  Event ID: 10005
  Task: N/A
  Level: Error
  Opcode: Info
  Keyword: Classic
  User: S-1-5-21-4282956347-1596572213-1314336134-1001
  User Name: DESKTOP-G0L88JA\Christian
  Computer: DESKTOP-G0L88JA
  Description: 
DCOM got error "1084" attempting to start the service TokenBroker with arguments "Nicht verfügbar" in order to run the server:
Windows.Internal.Security.Authentication.Web.TokenBrokerInternal

Event[727]:
  Log Name: System
  Source: Microsoft-Windows-DistributedCOM
  Date: 2017-10-09T02:02:30.619
  Event ID: 10005
  Task: N/A
  Level: Error
  Opcode: Info
  Keyword: Classic
  User: S-1-5-21-4282956347-1596572213-1314336134-1001
  User Name: DESKTOP-G0L88JA\Christian
  Computer: DESKTOP-G0L88JA
  Description: 
DCOM got error "1084" attempting to start the service ShellHWDetection with arguments "Nicht verfügbar" in order to run the server:
{DD522ACC-F821-461A-A407-50B198B896DC}

Event[728]:
  Log Name: System
  Source: Microsoft-Windows-DistributedCOM
  Date: 2017-10-09T02:02:30.729
  Event ID: 10005
  Task: N/A
  Level: Error
  Opcode: Info
  Keyword: Classic
  User: S-1-5-21-4282956347-1596572213-1314336134-1001
  User Name: DESKTOP-G0L88JA\Christian
  Computer: DESKTOP-G0L88JA
  Description: 
DCOM got error "1084" attempting to start the service WSearch with arguments "Nicht verfügbar" in order to run the server:
{B52D54BB-4818-4EB9-AA80-F9EACD371DF8}

Event[729]:
  Log Name: System
  Source: Microsoft-Windows-DistributedCOM
  Date: 2017-10-09T02:02:30.729
  Event ID: 10005
  Task: N/A
  Level: Error
  Opcode: Info
  Keyword: Classic
  User: S-1-5-21-4282956347-1596572213-1314336134-1001
  User Name: DESKTOP-G0L88JA\Christian
  Computer: DESKTOP-G0L88JA
  Description: 
DCOM got error "1084" attempting to start the service WSearch with arguments "Nicht verfügbar" in order to run the server:
{B52D54BB-4818-4EB9-AA80-F9EACD371DF8}

Event[730]:
  Log Name: System
  Source: Microsoft-Windows-DistributedCOM
  Date: 2017-10-09T02:02:31.026
  Event ID: 10005
  Task: N/A
  Level: Error
  Opcode: Info
  Keyword: Classic
  User: S-1-5-21-4282956347-1596572213-1314336134-1001
  User Name: DESKTOP-G0L88JA\Christian
  Computer: DESKTOP-G0L88JA
  Description: 
DCOM got error "1084" attempting to start the service TokenBroker with arguments "Nicht verfügbar" in order to run the server:
Windows.Internal.Security.Authentication.Web.TokenBrokerInternal

Event[731]:
  Log Name: System
  Source: Microsoft-Windows-DistributedCOM
  Date: 2017-10-09T02:02:31.182
  Event ID: 10005
  Task: N/A
  Level: Error
  Opcode: Info
  Keyword: Classic
  User: S-1-5-21-4282956347-1596572213-1314336134-1001
  User Name: DESKTOP-G0L88JA\Christian
  Computer: DESKTOP-G0L88JA
  Description: 
DCOM got error "1084" attempting to start the service TokenBroker with arguments "Nicht verfügbar" in order to run the server:
Windows.Internal.Security.Authentication.Web.TokenBrokerInternal

Event[732]:
  Log Name: System
  Source: Microsoft-Windows-DistributedCOM
  Date: 2017-10-09T02:02:31.213
  Event ID: 10005
  Task: N/A
  Level: Error
  Opcode: Info
  Keyword: Classic
  User: S-1-5-21-4282956347-1596572213-1314336134-1001
  User Name: DESKTOP-G0L88JA\Christian
  Computer: DESKTOP-G0L88JA
  Description: 
DCOM got error "1084" attempting to start the service EventSystem with arguments "Nicht verfügbar" in order to run the server:
{1BE1F766-5536-11D1-B726-00C04FB926AF}

Event[733]:
  Log Name: System
  Source: Microsoft-Windows-DistributedCOM
  Date: 2017-10-09T02:02:35.949
  Event ID: 10005
  Task: N/A
  Level: Error
  Opcode: Info
  Keyword: Classic
  User: S-1-5-21-4282956347-1596572213-1314336134-1001
  User Name: DESKTOP-G0L88JA\Christian
  Computer: DESKTOP-G0L88JA
  Description: 
DCOM got error "1084" attempting to start the service ShellHWDetection with arguments "Nicht verfügbar" in order to run the server:
{DD522ACC-F821-461A-A407-50B198B896DC}

Event[734]:
  Log Name: System
  Source: Microsoft-Windows-DistributedCOM
  Date: 2017-10-09T02:02:35.964
  Event ID: 10005
  Task: N/A
  Level: Error
  Opcode: Info
  Keyword: Classic
  User: S-1-5-21-4282956347-1596572213-1314336134-1001
  User Name: DESKTOP-G0L88JA\Christian
  Computer: DESKTOP-G0L88JA
  Description: 
DCOM got error "1084" attempting to start the service WSearch with arguments "Nicht verfügbar" in order to run the server:
{B52D54BB-4818-4EB9-AA80-F9EACD371DF8}

Event[735]:
  Log Name: System
  Source: Microsoft-Windows-DistributedCOM
  Date: 2017-10-09T02:02:35.964
  Event ID: 10005
  Task: N/A
  Level: Error
  Opcode: Info
  Keyword: Classic
  User: S-1-5-21-4282956347-1596572213-1314336134-1001
  User Name: DESKTOP-G0L88JA\Christian
  Computer: DESKTOP-G0L88JA
  Description: 
DCOM got error "1084" attempting to start the service WSearch with arguments "Nicht verfügbar" in order to run the server:
{B52D54BB-4818-4EB9-AA80-F9EACD371DF8}

Event[736]:
  Log Name: System
  Source: Microsoft-Windows-DistributedCOM
  Date: 2017-10-09T02:02:35.980
  Event ID: 10005
  Task: N/A
  Level: Error
  Opcode: Info
  Keyword: Classic
  User: S-1-5-21-4282956347-1596572213-1314336134-1001
  User Name: DESKTOP-G0L88JA\Christian
  Computer: DESKTOP-G0L88JA
  Description: 
DCOM got error "1084" attempting to start the service TokenBroker with arguments "Nicht verfügbar" in order to run the server:
Windows.Internal.Security.Authentication.Web.TokenBrokerInternal

Event[737]:
  Log Name: System
  Source: Microsoft-Windows-DistributedCOM
  Date: 2017-10-09T02:02:35.980
  Event ID: 10005
  Task: N/A
  Level: Error
  Opcode: Info
  Keyword: Classic
  User: S-1-5-21-4282956347-1596572213-1314336134-1001
  User Name: DESKTOP-G0L88JA\Christian
  Computer: DESKTOP-G0L88JA
  Description: 
DCOM got error "1084" attempting to start the service WSearch with arguments "Nicht verfügbar" in order to run the server:
{7D096C5F-AC08-4F1F-BEB7-5C22C517CE39}

Event[738]:
  Log Name: System
  Source: Microsoft-Windows-DistributedCOM
  Date: 2017-10-09T02:02:35.980
  Event ID: 10005
  Task: N/A
  Level: Error
  Opcode: Info
  Keyword: Classic
  User: S-1-5-21-4282956347-1596572213-1314336134-1001
  User Name: DESKTOP-G0L88JA\Christian
  Computer: DESKTOP-G0L88JA
  Description: 
DCOM got error "1084" attempting to start the service WSearch with arguments "Nicht verfügbar" in order to run the server:
{7D096C5F-AC08-4F1F-BEB7-5C22C517CE39}

Event[739]:
  Log Name: System
  Source: Microsoft-Windows-DistributedCOM
  Date: 2017-10-09T02:02:41.355
  Event ID: 10005
  Task: N/A
  Level: Error
  Opcode: Info
  Keyword: Classic
  User: S-1-5-21-4282956347-1596572213-1314336134-1001
  User Name: DESKTOP-G0L88JA\Christian
  Computer: DESKTOP-G0L88JA
  Description: 
DCOM got error "1084" attempting to start the service ShellHWDetection with arguments "Nicht verfügbar" in order to run the server:
{DD522ACC-F821-461A-A407-50B198B896DC}

Event[740]:
  Log Name: System
  Source: Microsoft-Windows-DistributedCOM
  Date: 2017-10-09T02:02:44.418
  Event ID: 10005
  Task: N/A
  Level: Error
  Opcode: Info
  Keyword: Classic
  User: S-1-5-21-4282956347-1596572213-1314336134-1001
  User Name: DESKTOP-G0L88JA\Christian
  Computer: DESKTOP-G0L88JA
  Description: 
DCOM got error "1084" attempting to start the service WSearch with arguments "Nicht verfügbar" in order to run the server:
{9E175B6D-F52A-11D8-B9A5-505054503030}

Event[741]:
  Log Name: System
  Source: Microsoft-Windows-DistributedCOM
  Date: 2017-10-09T02:02:47.059
  Event ID: 10005
  Task: N/A
  Level: Error
  Opcode: Info
  Keyword: Classic
  User: S-1-5-21-4282956347-1596572213-1314336134-1001
  User Name: DESKTOP-G0L88JA\Christian
  Computer: DESKTOP-G0L88JA
  Description: 
DCOM got error "1084" attempting to start the service ShellHWDetection with arguments "Nicht verfügbar" in order to run the server:
{DD522ACC-F821-461A-A407-50B198B896DC}

Event[742]:
  Log Name: System
  Source: Microsoft-Windows-DistributedCOM
  Date: 2017-10-09T02:02:47.121
  Event ID: 10005
  Task: N/A
  Level: Error
  Opcode: Info
  Keyword: Classic
  User: S-1-5-21-4282956347-1596572213-1314336134-1001
  User Name: DESKTOP-G0L88JA\Christian
  Computer: DESKTOP-G0L88JA
  Description: 
DCOM got error "1084" attempting to start the service WSearch with arguments "Nicht verfügbar" in order to run the server:
{B52D54BB-4818-4EB9-AA80-F9EACD371DF8}

Event[743]:
  Log Name: System
  Source: Microsoft-Windows-DistributedCOM
  Date: 2017-10-09T02:02:47.121
  Event ID: 10005
  Task: N/A
  Level: Error
  Opcode: Info
  Keyword: Classic
  User: S-1-5-21-4282956347-1596572213-1314336134-1001
  User Name: DESKTOP-G0L88JA\Christian
  Computer: DESKTOP-G0L88JA
  Description: 
DCOM got error "1084" attempting to start the service WSearch with arguments "Nicht verfügbar" in order to run the server:
{B52D54BB-4818-4EB9-AA80-F9EACD371DF8}

Event[744]:
  Log Name: System
  Source: Microsoft-Windows-DistributedCOM
  Date: 2017-10-09T02:02:47.121
  Event ID: 10005
  Task: N/A
  Level: Error
  Opcode: Info
  Keyword: Classic
  User: S-1-5-21-4282956347-1596572213-1314336134-1001
  User Name: DESKTOP-G0L88JA\Christian
  Computer: DESKTOP-G0L88JA
  Description: 
DCOM got error "1084" attempting to start the service WSearch with arguments "Nicht verfügbar" in order to run the server:
{B52D54BB-4818-4EB9-AA80-F9EACD371DF8}

Event[745]:
  Log Name: System
  Source: Microsoft-Windows-DistributedCOM
  Date: 2017-10-09T02:02:47.121
  Event ID: 10005
  Task: N/A
  Level: Error
  Opcode: Info
  Keyword: Classic
  User: S-1-5-21-4282956347-1596572213-1314336134-1001
  User Name: DESKTOP-G0L88JA\Christian
  Computer: DESKTOP-G0L88JA
  Description: 
DCOM got error "1084" attempting to start the service WSearch with arguments "Nicht verfügbar" in order to run the server:
{B52D54BB-4818-4EB9-AA80-F9EACD371DF8}

Event[746]:
  Log Name: System
  Source: Microsoft-Windows-DistributedCOM
  Date: 2017-10-09T02:02:47.137
  Event ID: 10005
  Task: N/A
  Level: Error
  Opcode: Info
  Keyword: Classic
  User: S-1-5-21-4282956347-1596572213-1314336134-1001
  User Name: DESKTOP-G0L88JA\Christian
  Computer: DESKTOP-G0L88JA
  Description: 
DCOM got error "1084" attempting to start the service WSearch with arguments "Nicht verfügbar" in order to run the server:
{B52D54BB-4818-4EB9-AA80-F9EACD371DF8}

Event[747]:
  Log Name: System
  Source: Microsoft-Windows-DistributedCOM
  Date: 2017-10-09T02:02:47.137
  Event ID: 10005
  Task: N/A
  Level: Error
  Opcode: Info
  Keyword: Classic
  User: S-1-5-21-4282956347-1596572213-1314336134-1001
  User Name: DESKTOP-G0L88JA\Christian
  Computer: DESKTOP-G0L88JA
  Description: 
DCOM got error "1084" attempting to start the service WSearch with arguments "Nicht verfügbar" in order to run the server:
{B52D54BB-4818-4EB9-AA80-F9EACD371DF8}

Event[748]:
  Log Name: System
  Source: Microsoft-Windows-DistributedCOM
  Date: 2017-10-09T02:02:47.137
  Event ID: 10005
  Task: N/A
  Level: Error
  Opcode: Info
  Keyword: Classic
  User: S-1-5-21-4282956347-1596572213-1314336134-1001
  User Name: DESKTOP-G0L88JA\Christian
  Computer: DESKTOP-G0L88JA
  Description: 
DCOM got error "1084" attempting to start the service WSearch with arguments "Nicht verfügbar" in order to run the server:
{B52D54BB-4818-4EB9-AA80-F9EACD371DF8}

Event[749]:
  Log Name: System
  Source: Microsoft-Windows-DistributedCOM
  Date: 2017-10-09T02:02:47.137
  Event ID: 10005
  Task: N/A
  Level: Error
  Opcode: Info
  Keyword: Classic
  User: S-1-5-21-4282956347-1596572213-1314336134-1001
  User Name: DESKTOP-G0L88JA\Christian
  Computer: DESKTOP-G0L88JA
  Description: 
DCOM got error "1084" attempting to start the service WSearch with arguments "Nicht verfügbar" in order to run the server:
{B52D54BB-4818-4EB9-AA80-F9EACD371DF8}

Event[750]:
  Log Name: System
  Source: Microsoft-Windows-DistributedCOM
  Date: 2017-10-09T02:02:47.137
  Event ID: 10005
  Task: N/A
  Level: Error
  Opcode: Info
  Keyword: Classic
  User: S-1-5-21-4282956347-1596572213-1314336134-1001
  User Name: DESKTOP-G0L88JA\Christian
  Computer: DESKTOP-G0L88JA
  Description: 
DCOM got error "1084" attempting to start the service WSearch with arguments "Nicht verfügbar" in order to run the server:
{B52D54BB-4818-4EB9-AA80-F9EACD371DF8}

Event[751]:
  Log Name: System
  Source: Microsoft-Windows-DistributedCOM
  Date: 2017-10-09T02:02:47.137
  Event ID: 10005
  Task: N/A
  Level: Error
  Opcode: Info
  Keyword: Classic
  User: S-1-5-21-4282956347-1596572213-1314336134-1001
  User Name: DESKTOP-G0L88JA\Christian
  Computer: DESKTOP-G0L88JA
  Description: 
DCOM got error "1084" attempting to start the service WSearch with arguments "Nicht verfügbar" in order to run the server:
{B52D54BB-4818-4EB9-AA80-F9EACD371DF8}

Event[752]:
  Log Name: System
  Source: Microsoft-Windows-DistributedCOM
  Date: 2017-10-09T02:02:47.137
  Event ID: 10005
  Task: N/A
  Level: Error
  Opcode: Info
  Keyword: Classic
  User: S-1-5-21-4282956347-1596572213-1314336134-1001
  User Name: DESKTOP-G0L88JA\Christian
  Computer: DESKTOP-G0L88JA
  Description: 
DCOM got error "1084" attempting to start the service WSearch with arguments "Nicht verfügbar" in order to run the server:
{B52D54BB-4818-4EB9-AA80-F9EACD371DF8}

Event[753]:
  Log Name: System
  Source: Microsoft-Windows-DistributedCOM
  Date: 2017-10-09T02:02:47.137
  Event ID: 10005
  Task: N/A
  Level: Error
  Opcode: Info
  Keyword: Classic
  User: S-1-5-21-4282956347-1596572213-1314336134-1001
  User Name: DESKTOP-G0L88JA\Christian
  Computer: DESKTOP-G0L88JA
  Description: 
DCOM got error "1084" attempting to start the service WSearch with arguments "Nicht verfügbar" in order to run the server:
{B52D54BB-4818-4EB9-AA80-F9EACD371DF8}

Event[754]:
  Log Name: System
  Source: Microsoft-Windows-DistributedCOM
  Date: 2017-10-09T02:02:47.137
  Event ID: 10005
  Task: N/A
  Level: Error
  Opcode: Info
  Keyword: Classic
  User: S-1-5-21-4282956347-1596572213-1314336134-1001
  User Name: DESKTOP-G0L88JA\Christian
  Computer: DESKTOP-G0L88JA
  Description: 
DCOM got error "1084" attempting to start the service WSearch with arguments "Nicht verfügbar" in order to run the server:
{B52D54BB-4818-4EB9-AA80-F9EACD371DF8}

Event[755]:
  Log Name: System
  Source: Microsoft-Windows-DistributedCOM
  Date: 2017-10-09T02:02:47.137
  Event ID: 10005
  Task: N/A
  Level: Error
  Opcode: Info
  Keyword: Classic
  User: S-1-5-21-4282956347-1596572213-1314336134-1001
  User Name: DESKTOP-G0L88JA\Christian
  Computer: DESKTOP-G0L88JA
  Description: 
DCOM got error "1084" attempting to start the service WSearch with arguments "Nicht verfügbar" in order to run the server:
{B52D54BB-4818-4EB9-AA80-F9EACD371DF8}

Event[756]:
  Log Name: System
  Source: Microsoft-Windows-DistributedCOM
  Date: 2017-10-09T02:02:47.184
  Event ID: 10005
  Task: N/A
  Level: Error
  Opcode: Info
  Keyword: Classic
  User: S-1-5-21-4282956347-1596572213-1314336134-1001
  User Name: DESKTOP-G0L88JA\Christian
  Computer: DESKTOP-G0L88JA
  Description: 
DCOM got error "1084" attempting to start the service WSearch with arguments "Nicht verfügbar" in order to run the server:
{B52D54BB-4818-4EB9-AA80-F9EACD371DF8}

Event[757]:
  Log Name: System
  Source: Microsoft-Windows-DistributedCOM
  Date: 2017-10-09T02:02:47.184
  Event ID: 10005
  Task: N/A
  Level: Error
  Opcode: Info
  Keyword: Classic
  User: S-1-5-21-4282956347-1596572213-1314336134-1001
  User Name: DESKTOP-G0L88JA\Christian
  Computer: DESKTOP-G0L88JA
  Description: 
DCOM got error "1084" attempting to start the service WSearch with arguments "Nicht verfügbar" in order to run the server:
{B52D54BB-4818-4EB9-AA80-F9EACD371DF8}

Event[758]:
  Log Name: System
  Source: Microsoft-Windows-DistributedCOM
  Date: 2017-10-09T02:02:47.184
  Event ID: 10005
  Task: N/A
  Level: Error
  Opcode: Info
  Keyword: Classic
  User: S-1-5-21-4282956347-1596572213-1314336134-1001
  User Name: DESKTOP-G0L88JA\Christian
  Computer: DESKTOP-G0L88JA
  Description: 
DCOM got error "1084" attempting to start the service WSearch with arguments "Nicht verfügbar" in order to run the server:
{B52D54BB-4818-4EB9-AA80-F9EACD371DF8}

Event[759]:
  Log Name: System
  Source: Microsoft-Windows-DistributedCOM
  Date: 2017-10-09T02:02:47.184
  Event ID: 10005
  Task: N/A
  Level: Error
  Opcode: Info
  Keyword: Classic
  User: S-1-5-21-4282956347-1596572213-1314336134-1001
  User Name: DESKTOP-G0L88JA\Christian
  Computer: DESKTOP-G0L88JA
  Description: 
DCOM got error "1084" attempting to start the service WSearch with arguments "Nicht verfügbar" in order to run the server:
{B52D54BB-4818-4EB9-AA80-F9EACD371DF8}

Event[760]:
  Log Name: System
  Source: Microsoft-Windows-DistributedCOM
  Date: 2017-10-09T02:02:47.184
  Event ID: 10005
  Task: N/A
  Level: Error
  Opcode: Info
  Keyword: Classic
  User: S-1-5-21-4282956347-1596572213-1314336134-1001
  User Name: DESKTOP-G0L88JA\Christian
  Computer: DESKTOP-G0L88JA
  Description: 
DCOM got error "1084" attempting to start the service WSearch with arguments "Nicht verfügbar" in order to run the server:
{B52D54BB-4818-4EB9-AA80-F9EACD371DF8}

Event[761]:
  Log Name: System
  Source: Microsoft-Windows-DistributedCOM
  Date: 2017-10-09T02:02:47.184
  Event ID: 10005
  Task: N/A
  Level: Error
  Opcode: Info
  Keyword: Classic
  User: S-1-5-21-4282956347-1596572213-1314336134-1001
  User Name: DESKTOP-G0L88JA\Christian
  Computer: DESKTOP-G0L88JA
  Description: 
DCOM got error "1084" attempting to start the service WSearch with arguments "Nicht verfügbar" in order to run the server:
{B52D54BB-4818-4EB9-AA80-F9EACD371DF8}

Event[762]:
  Log Name: System
  Source: Microsoft-Windows-DistributedCOM
  Date: 2017-10-09T02:02:47.184
  Event ID: 10005
  Task: N/A
  Level: Error
  Opcode: Info
  Keyword: Classic
  User: S-1-5-21-4282956347-1596572213-1314336134-1001
  User Name: DESKTOP-G0L88JA\Christian
  Computer: DESKTOP-G0L88JA
  Description: 
DCOM got error "1084" attempting to start the service WSearch with arguments "Nicht verfügbar" in order to run the server:
{B52D54BB-4818-4EB9-AA80-F9EACD371DF8}

Event[763]:
  Log Name: System
  Source: Microsoft-Windows-DistributedCOM
  Date: 2017-10-09T02:02:47.184
  Event ID: 10005
  Task: N/A
  Level: Error
  Opcode: Info
  Keyword: Classic
  User: S-1-5-21-4282956347-1596572213-1314336134-1001
  User Name: DESKTOP-G0L88JA\Christian
  Computer: DESKTOP-G0L88JA
  Description: 
DCOM got error "1084" attempting to start the service WSearch with arguments "Nicht verfügbar" in order to run the server:
{B52D54BB-4818-4EB9-AA80-F9EACD371DF8}

Event[764]:
  Log Name: System
  Source: Microsoft-Windows-DistributedCOM
  Date: 2017-10-09T02:02:47.184
  Event ID: 10005
  Task: N/A
  Level: Error
  Opcode: Info
  Keyword: Classic
  User: S-1-5-21-4282956347-1596572213-1314336134-1001
  User Name: DESKTOP-G0L88JA\Christian
  Computer: DESKTOP-G0L88JA
  Description: 
DCOM got error "1084" attempting to start the service WSearch with arguments "Nicht verfügbar" in order to run the server:
{B52D54BB-4818-4EB9-AA80-F9EACD371DF8}

Event[765]:
  Log Name: System
  Source: Microsoft-Windows-DistributedCOM
  Date: 2017-10-09T02:02:47.184
  Event ID: 10005
  Task: N/A
  Level: Error
  Opcode: Info
  Keyword: Classic
  User: S-1-5-21-4282956347-1596572213-1314336134-1001
  User Name: DESKTOP-G0L88JA\Christian
  Computer: DESKTOP-G0L88JA
  Description: 
DCOM got error "1084" attempting to start the service WSearch with arguments "Nicht verfügbar" in order to run the server:
{B52D54BB-4818-4EB9-AA80-F9EACD371DF8}

Event[766]:
  Log Name: System
  Source: Microsoft-Windows-DistributedCOM
  Date: 2017-10-09T02:02:47.184
  Event ID: 10005
  Task: N/A
  Level: Error
  Opcode: Info
  Keyword: Classic
  User: S-1-5-21-4282956347-1596572213-1314336134-1001
  User Name: DESKTOP-G0L88JA\Christian
  Computer: DESKTOP-G0L88JA
  Description: 
DCOM got error "1084" attempting to start the service WSearch with arguments "Nicht verfügbar" in order to run the server:
{B52D54BB-4818-4EB9-AA80-F9EACD371DF8}

Event[767]:
  Log Name: System
  Source: Microsoft-Windows-DistributedCOM
  Date: 2017-10-09T02:02:47.184
  Event ID: 10005
  Task: N/A
  Level: Error
  Opcode: Info
  Keyword: Classic
  User: S-1-5-21-4282956347-1596572213-1314336134-1001
  User Name: DESKTOP-G0L88JA\Christian
  Computer: DESKTOP-G0L88JA
  Description: 
DCOM got error "1084" attempting to start the service WSearch with arguments "Nicht verfügbar" in order to run the server:
{B52D54BB-4818-4EB9-AA80-F9EACD371DF8}

Event[768]:
  Log Name: System
  Source: Microsoft-Windows-DistributedCOM
  Date: 2017-10-09T02:02:47.199
  Event ID: 10005
  Task: N/A
  Level: Error
  Opcode: Info
  Keyword: Classic
  User: S-1-5-21-4282956347-1596572213-1314336134-1001
  User Name: DESKTOP-G0L88JA\Christian
  Computer: DESKTOP-G0L88JA
  Description: 
DCOM got error "1084" attempting to start the service WSearch with arguments "Nicht verfügbar" in order to run the server:
{B52D54BB-4818-4EB9-AA80-F9EACD371DF8}

Event[769]:
  Log Name: System
  Source: Microsoft-Windows-DistributedCOM
  Date: 2017-10-09T02:02:47.199
  Event ID: 10005
  Task: N/A
  Level: Error
  Opcode: Info
  Keyword: Classic
  User: S-1-5-21-4282956347-1596572213-1314336134-1001
  User Name: DESKTOP-G0L88JA\Christian
  Computer: DESKTOP-G0L88JA
  Description: 
DCOM got error "1084" attempting to start the service WSearch with arguments "Nicht verfügbar" in order to run the server:
{B52D54BB-4818-4EB9-AA80-F9EACD371DF8}

Event[770]:
  Log Name: System
  Source: Microsoft-Windows-DistributedCOM
  Date: 2017-10-09T02:02:50.279
  Event ID: 10005
  Task: N/A
  Level: Error
  Opcode: Info
  Keyword: Classic
  User: S-1-5-21-4282956347-1596572213-1314336134-1001
  User Name: DESKTOP-G0L88JA\Christian
  Computer: DESKTOP-G0L88JA
  Description: 
DCOM got error "1084" attempting to start the service WSearch with arguments "Nicht verfügbar" in order to run the server:
{B52D54BB-4818-4EB9-AA80-F9EACD371DF8}

Event[771]:
