Event[0]:
  Log Name: System
  Source: Microsoft-Windows-Kernel-General
  Date: 2017-05-15T15:56:34.611
  Event ID: 12
  Task: N/A
  Level: Information
  Opcode: Info
  Keyword: N/A
  User: S-1-5-18
  User Name: NT AUTHORITY\SYSTEM
  Computer: asus
  Description: 
The operating system started at system time ?2017?-?05?-?15T13:56:34.493243300Z.

Event[1]:
  Log Name: System
  Source: EventLog
  Date: 2017-05-15T15:57:38.506
  Event ID: 6009
  Task: N/A
  Level: Information
  Opcode: N/A
  Keyword: Classic
  User: N/A
  User Name: N/A
  Computer: asus
  Description: 
Microsoft (R) Windows (R) 10.00. 15063  Multiprocessor Free.

Event[2]:
  Log Name: System
  Source: EventLog
  Date: 2017-05-15T15:57:38.506
  Event ID: 6005
  Task: N/A
  Level: Information
  Opcode: N/A
  Keyword: Classic
  User: N/A
  User Name: N/A
  Computer: asus
  Description: 
The Event log service was started.

Event[3]:
  Log Name: System
  Source: Microsoft-Windows-Kernel-Boot
  Date: 2017-05-15T15:56:34.611
  Event ID: 153
  Task: N/A
  Level: Information
  Opcode: Info
  Keyword: N/A
  User: S-1-5-18
  User Name: NT AUTHORITY\SYSTEM
  Computer: asus
  Description: 
Virtualization-based security (policies: 0) is disabled.

Event[4]:
  Log Name: System
  Source: Microsoft-Windows-Kernel-Boot
  Date: 2017-05-15T15:56:34.611
  Event ID: 27
  Task: N/A
  Level: Information
  Opcode: Info
  Keyword: N/A
  User: S-1-5-18
  User Name: NT AUTHORITY\SYSTEM
  Computer: asus
  Description: 
The boot type was 0x0.

Event[5]:
  Log Name: System
  Source: Microsoft-Windows-Kernel-Boot
  Date: 2017-05-15T15:56:34.611
  Event ID: 25
  Task: N/A
  Level: Information
  Opcode: Info
  Keyword: N/A
  User: S-1-5-18
  User Name: NT AUTHORITY\SYSTEM
  Computer: asus
  Description: 
The boot menu policy was 0x1.

Event[6]:
  Log Name: System
  Source: Microsoft-Windows-Kernel-Boot
  Date: 2017-05-15T15:56:34.611
  Event ID: 26
  Task: N/A
  Level: Information
  Opcode: Info
  Keyword: N/A
  User: S-1-5-18
  User Name: NT AUTHORITY\SYSTEM
  Computer: asus
  Description: 
A one-time boot sequence was used during this boot.

Event[7]:
  Log Name: System
  Source: Microsoft-Windows-Kernel-Boot
  Date: 2017-05-15T15:56:34.611
  Event ID: 32
  Task: N/A
  Level: Information
  Opcode: Info
  Keyword: N/A
  User: S-1-5-18
  User Name: NT AUTHORITY\SYSTEM
  Computer: asus
  Description: 
The bootmgr spent 0 ms waiting for user input.

Event[8]:
  Log Name: System
  Source: Microsoft-Windows-FilterManager
  Date: 2017-05-15T15:56:38.600
  Event ID: 6
  Task: N/A
  Level: Information
  Opcode: Info
  Keyword: N/A
  User: S-1-5-18
  User Name: NT AUTHORITY\SYSTEM
  Computer: asus
  Description: 
File System Filter 'FileInfo' (10.0, ?2042?-?06?-?30T16:43:32.000000000Z) has successfully loaded and registered with Filter Manager.

Event[9]:
  Log Name: System
  Source: Microsoft-Windows-FilterManager
  Date: 2017-05-15T15:56:38.601
  Event ID: 6
  Task: N/A
  Level: Information
  Opcode: Info
  Keyword: N/A
  User: S-1-5-18
  User Name: NT AUTHORITY\SYSTEM
  Computer: asus
  Description: 
File System Filter 'Wof' (10.0, ?1974?-?03?-?12T00:47:45.000000000Z) has successfully loaded and registered with Filter Manager.

Event[10]:
  Log Name: System
  Source: Microsoft-Windows-Ntfs
  Date: 2017-05-15T15:56:40.259
  Event ID: 98
  Task: N/A
  Level: Information
  Opcode: Info
  Keyword: N/A
  User: S-1-5-18
  User Name: NT AUTHORITY\SYSTEM
  Computer: asus
  Description: 
Volume C: (\Device\HarddiskVolume2) is healthy.  No action is needed.

Event[11]:
  Log Name: System
  Source: Microsoft-Windows-FilterManager
  Date: 2017-05-15T15:56:40.988
  Event ID: 6
  Task: N/A
  Level: Information
  Opcode: Info
  Keyword: N/A
  User: S-1-5-18
  User Name: NT AUTHORITY\SYSTEM
  Computer: asus
  Description: 
File System Filter 'FileCrypt' (10.0, ?2030?-?05?-?28T10:10:59.000000000Z) has successfully loaded and registered with Filter Manager.

Event[12]:
  Log Name: System
  Source: Microsoft-Windows-Kernel-Processor-Power
  Date: 2017-05-15T15:56:41.511
  Event ID: 55
  Task: N/A
  Level: Information
  Opcode: Info
  Keyword: N/A
  User: S-1-5-18
  User Name: NT AUTHORITY\SYSTEM
  Computer: asus
  Description: 
Processor 0 in group 0 exposes the following power management capabilities:

Idle state type: ACPI Idle (C) States (2 state(s))

Performance state type: ACPI Performance (P) / Throttle (T) States
Nominal Frequency (MHz): 2801
Maximum performance percentage: 100
Minimum performance percentage: 42
Minimum throttle percentage: 42

Event[13]:
  Log Name: System
  Source: Microsoft-Windows-Kernel-Processor-Power
  Date: 2017-05-15T15:56:41.512
  Event ID: 55
  Task: N/A
  Level: Information
  Opcode: Info
  Keyword: N/A
  User: S-1-5-18
  User Name: NT AUTHORITY\SYSTEM
  Computer: asus
  Description: 
Processor 1 in group 0 exposes the following power management capabilities:

Idle state type: ACPI Idle (C) States (2 state(s))

Performance state type: ACPI Performance (P) / Throttle (T) States
Nominal Frequency (MHz): 2801
Maximum performance percentage: 100
Minimum performance percentage: 42
Minimum throttle percentage: 42

Event[14]:
  Log Name: System
  Source: Microsoft-Windows-Kernel-Processor-Power
  Date: 2017-05-15T15:56:41.513
  Event ID: 55
  Task: N/A
  Level: Information
  Opcode: Info
  Keyword: N/A
  User: S-1-5-18
  User Name: NT AUTHORITY\SYSTEM
  Computer: asus
  Description: 
Processor 2 in group 0 exposes the following power management capabilities:

Idle state type: ACPI Idle (C) States (2 state(s))

Performance state type: ACPI Performance (P) / Throttle (T) States
Nominal Frequency (MHz): 2801
Maximum performance percentage: 100
Minimum performance percentage: 42
Minimum throttle percentage: 42

Event[15]:
  Log Name: System
  Source: Microsoft-Windows-Kernel-Processor-Power
  Date: 2017-05-15T15:56:41.513
  Event ID: 55
  Task: N/A
  Level: Information
  Opcode: Info
  Keyword: N/A
  User: S-1-5-18
  User Name: NT AUTHORITY\SYSTEM
  Computer: asus
  Description: 
Processor 3 in group 0 exposes the following power management capabilities:

Idle state type: ACPI Idle (C) States (2 state(s))

Performance state type: ACPI Performance (P) / Throttle (T) States
Nominal Frequency (MHz): 2801
Maximum performance percentage: 100
Minimum performance percentage: 42
Minimum throttle percentage: 42

Event[16]:
  Log Name: System
  Source: Microsoft-Windows-FilterManager
  Date: 2017-05-15T15:56:43.672
  Event ID: 6
  Task: N/A
  Level: Information
  Opcode: Info
  Keyword: N/A
  User: S-1-5-18
  User Name: NT AUTHORITY\SYSTEM
  Computer: asus
  Description: 
File System Filter 'npsvctrig' (10.0, ?2097?-?07?-?25T12:18:05.000000000Z) has successfully loaded and registered with Filter Manager.

Event[17]:
  Log Name: System
  Source: Microsoft-Windows-Kernel-Power
  Date: 2017-05-15T15:56:43.875
  Event ID: 172
  Task: N/A
  Level: Information
  Opcode: Info
  Keyword: N/A
  User: S-1-5-18
  User Name: NT AUTHORITY\SYSTEM
  Computer: asus
  Description: 
Connectivity state in standby: Disconnected, Reason: NIC compliance

Event[18]:
  Log Name: System
  Source: Microsoft-Windows-Kernel-Power
  Date: 2017-05-15T15:56:43.875
  Event ID: 508
  Task: N/A
  Level: Information
  Opcode: Info
  Keyword: N/A
  User: N/A
  User Name: N/A
  Computer: asus
  Description: 
The system has been constrained to a periodic tick 

Reason: Errata Manager override.

Event[19]:
  Log Name: System
  Source: Microsoft-Windows-Ntfs
  Date: 2017-05-15T15:56:44.143
  Event ID: 98
  Task: N/A
  Level: Information
  Opcode: Info
  Keyword: N/A
  User: S-1-5-18
  User Name: NT AUTHORITY\SYSTEM
  Computer: asus
  Description: 
Volume D: (\Device\HarddiskVolume4) is healthy.  No action is needed.

Event[20]:
  Log Name: System
  Source: Microsoft-Windows-Ntfs
  Date: 2017-05-15T15:56:44.374
  Event ID: 98
  Task: N/A
  Level: Information
  Opcode: Info
  Keyword: N/A
  User: S-1-5-18
  User Name: NT AUTHORITY\SYSTEM
  Computer: asus
  Description: 
Volume \\?\Volume{c5631e43-0000-0000-0000-100000000000} (\Device\HarddiskVolume1) is healthy.  No action is needed.

Event[21]:
  Log Name: System
  Source: Microsoft-Windows-Kernel-General
  Date: 2017-05-15T15:56:45.249
  Event ID: 15
  Task: N/A
  Level: Information
  Opcode: Info
  Keyword: N/A
  User: S-1-5-18
  User Name: NT AUTHORITY\SYSTEM
  Computer: asus
  Description: 
Hive \SystemRoot\System32\config\DRIVERS was reorganized with a starting size of 5279744 bytes and an ending size of 5373952 bytes.

Event[22]:
  Log Name: System
  Source: Microsoft-Windows-Kernel-General
  Date: 2017-05-15T15:56:47.354
  Event ID: 15
  Task: N/A
  Level: Information
  Opcode: Info
  Keyword: N/A
  User: S-1-5-18
  User Name: NT AUTHORITY\SYSTEM
  Computer: asus
  Description: 
Hive \SystemRoot\System32\Config\SOFTWARE was reorganized with a starting size of 62730240 bytes and an ending size of 63172608 bytes.

Event[23]:
  Log Name: System
  Source: Microsoft-Windows-Kernel-General
  Date: 2017-05-15T15:56:47.464
  Event ID: 16
  Task: N/A
  Level: Information
  Opcode: Info
  Keyword: N/A
  User: S-1-5-18
  User Name: NT AUTHORITY\SYSTEM
  Computer: asus
  Description: 
The access history in hive \SystemRoot\System32\Config\DEFAULT was cleared updating 6 keys and creating 2 modified pages.

Event[24]:
  Log Name: System
  Source: Microsoft-Windows-Kernel-General
  Date: 2017-05-15T15:56:52.286
  Event ID: 16
  Task: N/A
  Level: Information
  Opcode: Info
  Keyword: N/A
  User: S-1-5-18
  User Name: NT AUTHORITY\SYSTEM
  Computer: asus
  Description: 
The access history in hive \??\C:\Users\Default\NTUSER.DAT was cleared updating 41 keys and creating 11 modified pages.

Event[25]:
  Log Name: System
  Source: Microsoft-Windows-Wininit
  Date: 2017-05-15T15:57:01.198
  Event ID: 14
  Task: N/A
  Level: Information
  Opcode: Info
  Keyword: N/A
  User: S-1-5-18
  User Name: NT AUTHORITY\SYSTEM
  Computer: asus
  Description: 
Credential Guard (LsaIso.exe) configuration: 0x0, 0

Event[26]:
  Log Name: System
  Source: Microsoft-Windows-Kernel-General
  Date: 2017-05-15T15:57:01.414
  Event ID: 16
  Task: N/A
  Level: Information
  Opcode: Info
  Keyword: N/A
  User: S-1-5-18
  User Name: NT AUTHORITY\SYSTEM
  Computer: asus
  Description: 
The access history in hive \SystemRoot\System32\Config\SECURITY was cleared updating 1 keys and creating 1 modified pages.

Event[27]:
  Log Name: System
  Source: Microsoft-Windows-Directory-Services-SAM
  Date: 2017-05-15T15:57:02.624
  Event ID: 16962
  Task: N/A
  Level: Information
  Opcode: Info
  Keyword: N/A
  User: S-1-5-18
  User Name: NT AUTHORITY\SYSTEM
  Computer: asus
  Description: 
Remote calls to the SAM database are being restricted using the default security descriptor: O:SYG:SYD:(A;;RC;;;BA).
For more information please see http://go.microsoft.com/fwlink/?LinkId=787651.

Event[28]:
  Log Name: System
  Source: Microsoft-Windows-Kernel-General
  Date: 2017-05-15T15:57:02.667
  Event ID: 16
  Task: N/A
  Level: Information
  Opcode: Info
  Keyword: N/A
  User: S-1-5-18
  User Name: NT AUTHORITY\SYSTEM
  Computer: asus
  Description: 
The access history in hive \SystemRoot\System32\Config\SAM was cleared updating 1 keys and creating 1 modified pages.

Event[29]:
  Log Name: System
  Source: Microsoft-Windows-SetupPlatform
  Date: 2017-05-15T15:57:30.581
  Event ID: 2005
  Task: Install Windows Task
  Level: Information
  Opcode: Info
  Keyword: N/A
  User: S-1-5-18
  User Name: NT AUTHORITY\SYSTEM
  Computer: asus
  Description: 
New Setup information

Event[30]:
  Log Name: System
  Source: Microsoft-Windows-Kernel-General
  Date: 2017-05-15T15:57:37.833
  Event ID: 16
  Task: N/A
  Level: Information
  Opcode: Info
  Keyword: N/A
  User: S-1-5-18
  User Name: NT AUTHORITY\SYSTEM
  Computer: asus
  Description: 
The access history in hive \SystemRoot\System32\Config\BBI was cleared updating 1 keys and creating 1 modified pages.

Event[31]:
  Log Name: System
  Source: Microsoft-Windows-FilterManager
  Date: 2017-05-15T15:57:37.971
  Event ID: 6
  Task: N/A
  Level: Information
  Opcode: Info
  Keyword: N/A
  User: S-1-5-18
  User Name: NT AUTHORITY\SYSTEM
  Computer: asus
  Description: 
File System Filter 'wcifs' (10.0, ?2088?-?07?-?29T05:04:59.000000000Z) has successfully loaded and registered with Filter Manager.

Event[32]:
  Log Name: System
  Source: Microsoft-Windows-FilterManager
  Date: 2017-05-15T15:57:38.386
  Event ID: 6
  Task: N/A
  Level: Information
  Opcode: Info
  Keyword: N/A
  User: S-1-5-18
  User Name: NT AUTHORITY\SYSTEM
  Computer: asus
  Description: 
File System Filter 'luafv' (10.0, ?2037?-?06?-?08T11:55:59.000000000Z) has successfully loaded and registered with Filter Manager.

Event[33]:
  Log Name: System
  Source: Service Control Manager
  Date: 2017-05-15T15:57:38.397
  Event ID: 7000
  Task: N/A
  Level: Error
  Opcode: N/A
  Keyword: Classic
  User: N/A
  User Name: N/A
  Computer: asus
  Description: 
The CldFlt service failed to start due to the following error: 
The request is not supported.

Event[34]:
  Log Name: System
  Source: Microsoft-Windows-FilterManager
  Date: 2017-05-15T15:57:38.438
  Event ID: 6
  Task: N/A
  Level: Information
  Opcode: Info
  Keyword: N/A
  User: S-1-5-18
  User Name: NT AUTHORITY\SYSTEM
  Computer: asus
  Description: 
File System Filter 'storqosflt' (10.0, ?2015?-?12?-?18T05:36:27.000000000Z) has successfully loaded and registered with Filter Manager.

Event[35]:
  Log Name: System
  Source: Microsoft-Windows-Dhcp-Client
  Date: 2017-05-15T15:57:40.881
  Event ID: 50036
  Task: Service State Event
  Level: Information
  Opcode: ServiceStart
  Keyword: N/A
  User: S-1-5-19
  User Name: NT AUTHORITY\LOCAL SERVICE
  Computer: asus
  Description: 
DHCPv4 client service is started

Event[36]:
  Log Name: System
  Source: Microsoft-Windows-Dhcp-Client
  Date: 2017-05-15T15:57:40.903
  Event ID: 50103
  Task: Service State Event
  Level: Information
  Opcode: ServiceShutdown
  Keyword: N/A
  User: S-1-5-19
  User Name: NT AUTHORITY\LOCAL SERVICE
  Computer: asus
  Description: 
DHCPv4 client registered for shutdown notification

Event[37]:
  Log Name: System
  Source: Microsoft-Windows-DHCPv6-Client
  Date: 2017-05-15T15:57:41.197
  Event ID: 51046
  Task: Service State Event
  Level: Information
  Opcode: ServiceStart
  Keyword: N/A
  User: S-1-5-19
  User Name: NT AUTHORITY\LOCAL SERVICE
  Computer: asus
  Description: 
DHCPv6 client service is started

Event[38]:
  Log Name: System
  Source: Microsoft-Windows-Kernel-General
  Date: 2017-05-15T15:57:44.371
  Event ID: 16
  Task: N/A
  Level: Information
  Opcode: Info
  Keyword: N/A
  User: S-1-5-18
  User Name: NT AUTHORITY\SYSTEM
  Computer: asus
  Description: 
The access history in hive \??\C:\WINDOWS\AppCompat\Programs\Amcache.hve was cleared updating 0 keys and creating 0 modified pages.

Event[39]:
  Log Name: System
  Source: Service Control Manager
  Date: 2017-05-15T15:57:46.131
  Event ID: 7023
  Task: N/A
  Level: Error
  Opcode: N/A
  Keyword: Classic
  User: N/A
  User Name: N/A
  Computer: asus
  Description: 
The iphlpsvc service terminated with the following error: 
The service cannot be started, either because it is disabled or because it has no enabled devices associated with it.

Event[40]:
  Log Name: System
  Source: Service Control Manager
  Date: 2017-05-15T15:58:02.381
  Event ID: 7026
  Task: N/A
  Level: Information
  Opcode: N/A
  Keyword: Classic
  User: N/A
  User Name: N/A
  Computer: asus
  Description: 
The following boot-start or system-start driver(s) did not load: 
CSC
dam
EhStorClass

Event[41]:
  Log Name: System
  Source: Microsoft-Windows-UserPnp
  Date: 2017-05-15T15:58:03.350
  Event ID: 20001
  Task: N/A
  Level: Information
  Opcode: Info
  Keyword: N/A
  User: S-1-5-18
  User Name: NT AUTHORITY\SYSTEM
  Computer: asus
  Description: 
Driver Management concluded the process to install driver intelcp2.inf_amd64_bc1b2f92e65260e5\intelcp2.inf for Device Instance ID PCI\VEN_8086&DEV_D155&SUBSYS_00830043&REV_11\3&11583659&0&40 with the following status: 0x0.

Event[42]:
  Log Name: System
  Source: Microsoft-Windows-UserPnp
  Date: 2017-05-15T15:58:03.946
  Event ID: 20001
  Task: N/A
  Level: Information
  Opcode: Info
  Keyword: N/A
  User: S-1-5-18
  User Name: NT AUTHORITY\SYSTEM
  Computer: asus
  Description: 
Driver Management concluded the process to install driver ibexusb.inf_amd64_48b6f41914370c44\ibexusb.inf for Device Instance ID PCI\VEN_8086&DEV_3B3C&SUBSYS_83831043&REV_06\3&11583659&0&D0 with the following status: 0x0.

Event[43]:
  Log Name: System
  Source: Microsoft-Windows-UserPnp
  Date: 2017-05-15T15:58:04.285
  Event ID: 20001
  Task: N/A
  Level: Information
  Opcode: Info
  Keyword: N/A
  User: S-1-5-18
  User Name: NT AUTHORITY\SYSTEM
  Computer: asus
  Description: 
Driver Management concluded the process to install driver intelcp2.inf_amd64_bc1b2f92e65260e5\intelcp2.inf for Device Instance ID PCI\VEN_8086&DEV_D131&SUBSYS_83831043&REV_11\3&11583659&0&00 with the following status: 0x0.

Event[44]:
  Log Name: System
  Source: Microsoft-Windows-UserPnp
  Date: 2017-05-15T15:58:04.650
  Event ID: 20001
  Task: N/A
  Level: Information
  Opcode: Info
  Keyword: N/A
  User: S-1-5-18
  User Name: NT AUTHORITY\SYSTEM
  Computer: asus
  Description: 
Driver Management concluded the process to install driver intelcp2.inf_amd64_bc1b2f92e65260e5\intelcp2.inf for Device Instance ID PCI\VEN_8086&DEV_D151&SUBSYS_00000000&REV_11\3&11583659&0&81 with the following status: 0x0.

Event[45]:
  Log Name: System
  Source: Service Control Manager
  Date: 2017-05-15T15:58:13.324
  Event ID: 7045
  Task: N/A
  Level: Information
  Opcode: N/A
  Keyword: Classic
  User: S-1-5-18
  User Name: NT AUTHORITY\SYSTEM
  Computer: asus
  Description: 
A service was installed in the system.

Service Name:  Still Serial Digital Camera Driver
Service File Name:  \SystemRoot\system32\DRIVERS\serscan.sys
Service Type:  kernel mode driver
Service Start Type:  demand start
Service Account:  

Event[46]:
  Log Name: System
  Source: Microsoft-Windows-UserPnp
  Date: 2017-05-15T15:58:13.331
  Event ID: 20003
  Task: N/A
  Level: Information
  Opcode: Info
  Keyword: N/A
  User: S-1-5-18
  User Name: NT AUTHORITY\SYSTEM
  Computer: asus
  Description: 
Driver Management has concluded the process to add Service StillCam for Device Instance ID ROOT\SCANNER\0000 with the following status: 0.

Event[47]:
  Log Name: System
  Source: Microsoft-Windows-UserPnp
  Date: 2017-05-15T15:58:13.481
  Event ID: 20001
  Task: N/A
  Level: Information
  Opcode: Info
  Keyword: N/A
  User: S-1-5-18
  User Name: NT AUTHORITY\SYSTEM
  Computer: asus
  Description: 
Driver Management concluded the process to install driver hpwia_oj8600.inf_amd64_5a590b7ff0bfb6f2\hpwia_oj8600.inf for Device Instance ID ROOT\SCANNER\0000 with the following status: 0x0.

Event[48]:
  Log Name: System
  Source: Microsoft-Windows-UserPnp
  Date: 2017-05-15T15:58:13.748
  Event ID: 20001
  Task: N/A
  Level: Information
  Opcode: Info
  Keyword: N/A
  User: S-1-5-18
  User Name: NT AUTHORITY\SYSTEM
  Computer: asus
  Description: 
Driver Management concluded the process to install driver intelcp2.inf_amd64_bc1b2f92e65260e5\intelcp2.inf for Device Instance ID PCI\VEN_8086&DEV_D157&SUBSYS_00830043&REV_11\3&11583659&0&42 with the following status: 0x0.

Event[49]:
  Log Name: System
  Source: Service Control Manager
  Date: 2017-05-15T15:58:13.793
  Event ID: 7040
  Task: N/A
  Level: Information
  Opcode: N/A
  Keyword: Classic
  User: S-1-5-18
  User Name: NT AUTHORITY\SYSTEM
  Computer: asus
  Description: 
The start type of the Windows Image Acquisition (WIA) service was changed from demand start to auto start.

Event[50]:
  Log Name: System
  Source: Microsoft-Windows-UserPnp
  Date: 2017-05-15T15:58:14.062
  Event ID: 20003
  Task: N/A
  Level: Information
  Opcode: Info
  Keyword: N/A
  User: S-1-5-18
  User Name: NT AUTHORITY\SYSTEM
  Computer: asus
  Description: 
Driver Management has concluded the process to add Service pci for Device Instance ID PCI\VEN_8086&DEV_D138&SUBSYS_83831043&REV_11\3&11583659&0&18 with the following status: 0.

Event[51]:
  Log Name: System
  Source: Microsoft-Windows-UserPnp
  Date: 2017-05-15T15:58:14.316
  Event ID: 20001
  Task: N/A
  Level: Information
  Opcode: Info
  Keyword: N/A
  User: S-1-5-18
  User Name: NT AUTHORITY\SYSTEM
  Computer: asus
  Description: 
Driver Management concluded the process to install driver intelcp2.inf_amd64_bc1b2f92e65260e5\intelcp2.inf for Device Instance ID PCI\VEN_8086&DEV_D138&SUBSYS_83831043&REV_11\3&11583659&0&18 with the following status: 0x0.

Event[52]:
  Log Name: System
  Source: Microsoft-Windows-UserPnp
  Date: 2017-05-15T15:58:14.597
  Event ID: 20001
  Task: N/A
  Level: Information
  Opcode: Info
  Keyword: N/A
  User: S-1-5-18
  User Name: NT AUTHORITY\SYSTEM
  Computer: asus
  Description: 
Driver Management concluded the process to install driver intelcp2.inf_amd64_bc1b2f92e65260e5\intelcp2.inf for Device Instance ID PCI\VEN_8086&DEV_D150&SUBSYS_00000000&REV_11\3&11583659&0&80 with the following status: 0x0.

Event[53]:
  Log Name: System
  Source: Microsoft-Windows-DriverFrameworks-UserMode
  Date: 2017-05-15T15:58:14.879
  Event ID: 10000
  Task: Installation or update of device drivers.
  Level: Information
  Opcode: Start
  Keyword: N/A
  User: S-1-5-18
  User Name: NT AUTHORITY\SYSTEM
  Computer: asus
  Description: 
A driver package which uses user-mode driver framework version 2.21.0 is being installed on device SWD\WPDBUSENUM\_??_USBSTOR#DISK&VEN_GENERIC&PROD_STORAGE_DEVICE&REV_9744#000000009744&0#{53F56307-B6BF-11D0-94F2-00A0C91EFB8B}.

Event[54]:
  Log Name: System
  Source: Microsoft-Windows-DriverFrameworks-UserMode
  Date: 2017-05-15T15:58:14.912
  Event ID: 10001
  Task: Installation or update of device drivers.
  Level: Information
  Opcode: Info
  Keyword: N/A
  User: S-1-5-18
  User Name: NT AUTHORITY\SYSTEM
  Computer: asus
  Description: 
The UMDF service WpdFs (CLSID {112DE495-AC4C-46F8-B663-6A4266C53313}) was installed.  It requires framework version 2.21.0 or higher.

Event[55]:
  Log Name: System
  Source: Microsoft-Windows-DriverFrameworks-UserMode
  Date: 2017-05-15T15:58:15.276
  Event ID: 10100
  Task: Installation or update of device drivers.
  Level: Information
  Opcode: Stop
  Keyword: N/A
  User: S-1-5-18
  User Name: NT AUTHORITY\SYSTEM
  Computer: asus
  Description: 
The driver package installation has succeeded.

Event[56]:
  Log Name: System
  Source: Service Control Manager
  Date: 2017-05-15T15:58:15.324
  Event ID: 7045
  Task: N/A
  Level: Information
  Opcode: N/A
  Keyword: Classic
  User: S-1-5-18
  User Name: NT AUTHORITY\SYSTEM
  Computer: asus
  Description: 
A service was installed in the system.

Service Name:  WUDFWpdFs
Service File Name:  \SystemRoot\system32\DRIVERS\WUDFRd.sys
Service Type:  kernel mode driver
Service Start Type:  demand start
Service Account:  

Event[57]:
  Log Name: System
  Source: Microsoft-Windows-UserPnp
  Date: 2017-05-15T15:58:15.329
  Event ID: 20003
  Task: N/A
  Level: Information
  Opcode: Info
  Keyword: N/A
  User: S-1-5-18
  User Name: NT AUTHORITY\SYSTEM
  Computer: asus
  Description: 
Driver Management has concluded the process to add Service WUDFWpdFs for Device Instance ID SWD\WPDBUSENUM\_??_USBSTOR#DISK&VEN_GENERIC&PROD_STORAGE_DEVICE&REV_9744#000000009744&0#{53F56307-B6BF-11D0-94F2-00A0C91EFB8B} with the following status: 0.

Event[58]:
  Log Name: System
  Source: Microsoft-Windows-WPDClassInstaller
  Date: 2017-05-15T15:58:16.418
  Event ID: 24576
  Task: Driver Installation
  Level: Information
  Opcode: N/A
  Keyword: Classic
  User: N/A
  User Name: N/A
  Computer: asus
  Description: 
Drivers were successfully installed for device WPD Device.

Event[59]:
  Log Name: System
  Source: Microsoft-Windows-WPDClassInstaller
  Date: 2017-05-15T15:58:17.137
  Event ID: 24577
  Task: Driver Post-Install Configuration
  Level: Information
  Opcode: N/A
  Keyword: Classic
  User: N/A
  User Name: N/A
  Computer: asus
  Description: 
Media player and imaging program compatibility layers were successfully registered for device %1. Layer bits %2 were requested, layer bits %3 were registered.

Event[60]:
  Log Name: System
  Source: Microsoft-Windows-WPDClassInstaller
  Date: 2017-05-15T15:58:17.137
  Event ID: 24579
  Task: Driver Post-Install Configuration
  Level: Information
  Opcode: N/A
  Keyword: Classic
  User: N/A
  User Name: N/A
  Computer: asus
  Description: 
Autoplay registration was skipped for device %1.

Event[61]:
  Log Name: System
  Source: Microsoft-Windows-UserPnp
  Date: 2017-05-15T15:58:17.161
  Event ID: 20001
  Task: N/A
  Level: Information
  Opcode: Info
  Keyword: N/A
  User: S-1-5-18
  User Name: NT AUTHORITY\SYSTEM
  Computer: asus
  Description: 
Driver Management concluded the process to install driver wpdfs.inf_amd64_e898714e5623f0fe\wpdfs.inf for Device Instance ID SWD\WPDBUSENUM\_??_USBSTOR#DISK&VEN_GENERIC&PROD_STORAGE_DEVICE&REV_9744#000000009744&0#{53F56307-B6BF-11D0-94F2-00A0C91EFB8B} with the following status: 0x0.

Event[62]:
  Log Name: System
  Source: Microsoft-Windows-DriverFrameworks-UserMode
  Date: 2017-05-15T15:58:17.277
  Event ID: 10000
  Task: Installation or update of device drivers.
  Level: Information
  Opcode: Start
  Keyword: N/A
  User: S-1-5-18
  User Name: NT AUTHORITY\SYSTEM
  Computer: asus
  Description: 
A driver package which uses user-mode driver framework version 2.21.0 is being installed on device SWD\WPDBUSENUM\_??_USBSTOR#DISK&VEN_GENERIC&PROD_STORAGE_DEVICE&REV_9744#000000009744&1#{53F56307-B6BF-11D0-94F2-00A0C91EFB8B}.

Event[63]:
  Log Name: System
  Source: Microsoft-Windows-DriverFrameworks-UserMode
  Date: 2017-05-15T15:58:17.372
  Event ID: 10002
  Task: Installation or update of device drivers.
  Level: Information
  Opcode: Info
  Keyword: N/A
  User: S-1-5-18
  User Name: NT AUTHORITY\SYSTEM
  Computer: asus
  Description: 
The UMDF service WpdFs (CLSID {112DE495-AC4C-46F8-B663-6A4266C53313}) was upgraded.  It requires framework version 2.21.0 or higher.

Event[64]:
  Log Name: System
  Source: Microsoft-Windows-WPDClassInstaller
  Date: 2017-05-15T15:58:17.668
  Event ID: 24576
  Task: Driver Installation
  Level: Information
  Opcode: N/A
  Keyword: Classic
  User: N/A
  User Name: N/A
  Computer: asus
  Description: 
Drivers were successfully installed for device WPD Device.

Event[65]:
  Log Name: System
  Source: Microsoft-Windows-WPDClassInstaller
  Date: 2017-05-15T15:58:17.840
  Event ID: 24577
  Task: Driver Post-Install Configuration
  Level: Information
  Opcode: N/A
  Keyword: Classic
  User: N/A
  User Name: N/A
  Computer: asus
  Description: 
Media player and imaging program compatibility layers were successfully registered for device %1. Layer bits %2 were requested, layer bits %3 were registered.

Event[66]:
  Log Name: System
  Source: Microsoft-Windows-WPDClassInstaller
  Date: 2017-05-15T15:58:17.840
  Event ID: 24579
  Task: Driver Post-Install Configuration
  Level: Information
  Opcode: N/A
  Keyword: Classic
  User: N/A
  User Name: N/A
  Computer: asus
  Description: 
Autoplay registration was skipped for device %1.

Event[67]:
  Log Name: System
  Source: Microsoft-Windows-WPDClassInstaller
  Date: 2017-05-15T15:58:18.371
  Event ID: 24576
  Task: Driver Installation
  Level: Information
  Opcode: N/A
  Keyword: Classic
  User: N/A
  User Name: N/A
  Computer: asus
  Description: 
Drivers were successfully installed for device WPD Device.

Event[68]:
  Log Name: System
  Source: Microsoft-Windows-WPDClassInstaller
  Date: 2017-05-15T15:58:18.481
  Event ID: 24577
  Task: Driver Post-Install Configuration
  Level: Information
  Opcode: N/A
  Keyword: Classic
  User: N/A
  User Name: N/A
  Computer: asus
  Description: 
Media player and imaging program compatibility layers were successfully registered for device %1. Layer bits %2 were requested, layer bits %3 were registered.

Event[69]:
  Log Name: System
  Source: Microsoft-Windows-WPDClassInstaller
  Date: 2017-05-15T15:58:18.496
  Event ID: 24579
  Task: Driver Post-Install Configuration
  Level: Information
  Opcode: N/A
  Keyword: Classic
  User: N/A
  User Name: N/A
  Computer: asus
  Description: 
Autoplay registration was skipped for device %1.

Event[70]:
  Log Name: System
  Source: Microsoft-Windows-DriverFrameworks-UserMode
  Date: 2017-05-15T15:58:17.502
  Event ID: 10100
  Task: Installation or update of device drivers.
  Level: Information
  Opcode: Stop
  Keyword: N/A
  User: S-1-5-18
  User Name: NT AUTHORITY\SYSTEM
  Computer: asus
  Description: 
The driver package installation has succeeded.

Event[71]:
  Log Name: System
  Source: Microsoft-Windows-UserPnp
  Date: 2017-05-15T15:58:17.517
  Event ID: 20003
  Task: N/A
  Level: Information
  Opcode: Info
  Keyword: N/A
  User: S-1-5-18
  User Name: NT AUTHORITY\SYSTEM
  Computer: asus
  Description: 
Driver Management has concluded the process to add Service WUDFWpdFs for Device Instance ID SWD\WPDBUSENUM\_??_USBSTOR#DISK&VEN_GENERIC&PROD_STORAGE_DEVICE&REV_9744#000000009744&1#{53F56307-B6BF-11D0-94F2-00A0C91EFB8B} with the following status: 0.

Event[72]:
  Log Name: System
  Source: Microsoft-Windows-UserPnp
  Date: 2017-05-15T15:58:17.866
  Event ID: 20001
  Task: N/A
  Level: Information
  Opcode: Info
  Keyword: N/A
  User: S-1-5-18
  User Name: NT AUTHORITY\SYSTEM
  Computer: asus
  Description: 
Driver Management concluded the process to install driver wpdfs.inf_amd64_e898714e5623f0fe\wpdfs.inf for Device Instance ID SWD\WPDBUSENUM\_??_USBSTOR#DISK&VEN_GENERIC&PROD_STORAGE_DEVICE&REV_9744#000000009744&1#{53F56307-B6BF-11D0-94F2-00A0C91EFB8B} with the following status: 0x0.

Event[73]:
  Log Name: System
  Source: Microsoft-Windows-DriverFrameworks-UserMode
  Date: 2017-05-15T15:58:17.939
  Event ID: 10000
  Task: Installation or update of device drivers.
  Level: Information
  Opcode: Start
  Keyword: N/A
  User: S-1-5-18
  User Name: NT AUTHORITY\SYSTEM
  Computer: asus
  Description: 
A driver package which uses user-mode driver framework version 2.21.0 is being installed on device SWD\WPDBUSENUM\_??_USBSTOR#DISK&VEN_GENERIC&PROD_STORAGE_DEVICE&REV_9744#000000009744&2#{53F56307-B6BF-11D0-94F2-00A0C91EFB8B}.

Event[74]:
  Log Name: System
  Source: Microsoft-Windows-DriverFrameworks-UserMode
  Date: 2017-05-15T15:58:18.007
  Event ID: 10002
  Task: Installation or update of device drivers.
  Level: Information
  Opcode: Info
  Keyword: N/A
  User: S-1-5-18
  User Name: NT AUTHORITY\SYSTEM
  Computer: asus
  Description: 
The UMDF service WpdFs (CLSID {112DE495-AC4C-46F8-B663-6A4266C53313}) was upgraded.  It requires framework version 2.21.0 or higher.

Event[75]:
  Log Name: System
  Source: Microsoft-Windows-DriverFrameworks-UserMode
  Date: 2017-05-15T15:58:18.243
  Event ID: 10100
  Task: Installation or update of device drivers.
  Level: Information
  Opcode: Stop
  Keyword: N/A
  User: S-1-5-18
  User Name: NT AUTHORITY\SYSTEM
  Computer: asus
  Description: 
The driver package installation has succeeded.

Event[76]:
  Log Name: System
  Source: Microsoft-Windows-UserPnp
  Date: 2017-05-15T15:58:18.259
  Event ID: 20003
  Task: N/A
  Level: Information
  Opcode: Info
  Keyword: N/A
  User: S-1-5-18
  User Name: NT AUTHORITY\SYSTEM
  Computer: asus
  Description: 
Driver Management has concluded the process to add Service WUDFWpdFs for Device Instance ID SWD\WPDBUSENUM\_??_USBSTOR#DISK&VEN_GENERIC&PROD_STORAGE_DEVICE&REV_9744#000000009744&2#{53F56307-B6BF-11D0-94F2-00A0C91EFB8B} with the following status: 0.

Event[77]:
  Log Name: System
  Source: Microsoft-Windows-WPDClassInstaller
  Date: 2017-05-15T15:58:18.981
  Event ID: 24576
  Task: Driver Installation
  Level: Information
  Opcode: N/A
  Keyword: Classic
  User: N/A
  User Name: N/A
  Computer: asus
  Description: 
Drivers were successfully installed for device WPD Device.

Event[78]:
  Log Name: System
  Source: Microsoft-Windows-WPDClassInstaller
  Date: 2017-05-15T15:58:19.121
  Event ID: 24577
  Task: Driver Post-Install Configuration
  Level: Information
  Opcode: N/A
  Keyword: Classic
  User: N/A
  User Name: N/A
  Computer: asus
  Description: 
Media player and imaging program compatibility layers were successfully registered for device %1. Layer bits %2 were requested, layer bits %3 were registered.

Event[79]:
  Log Name: System
  Source: Microsoft-Windows-WPDClassInstaller
  Date: 2017-05-15T15:58:19.121
  Event ID: 24579
  Task: Driver Post-Install Configuration
  Level: Information
  Opcode: N/A
  Keyword: Classic
  User: N/A
  User Name: N/A
  Computer: asus
  Description: 
Autoplay registration was skipped for device %1.

Event[80]:
  Log Name: System
  Source: Microsoft-Windows-UserPnp
  Date: 2017-05-15T15:58:18.517
  Event ID: 20001
  Task: N/A
  Level: Information
  Opcode: Info
  Keyword: N/A
  User: S-1-5-18
  User Name: NT AUTHORITY\SYSTEM
  Computer: asus
  Description: 
Driver Management concluded the process to install driver wpdfs.inf_amd64_e898714e5623f0fe\wpdfs.inf for Device Instance ID SWD\WPDBUSENUM\_??_USBSTOR#DISK&VEN_GENERIC&PROD_STORAGE_DEVICE&REV_9744#000000009744&2#{53F56307-B6BF-11D0-94F2-00A0C91EFB8B} with the following status: 0x0.

Event[81]:
  Log Name: System
  Source: Microsoft-Windows-DriverFrameworks-UserMode
  Date: 2017-05-15T15:58:18.640
  Event ID: 10000
  Task: Installation or update of device drivers.
  Level: Information
  Opcode: Start
  Keyword: N/A
  User: S-1-5-18
  User Name: NT AUTHORITY\SYSTEM
  Computer: asus
  Description: 
A driver package which uses user-mode driver framework version 2.21.0 is being installed on device SWD\WPDBUSENUM\_??_USBSTOR#DISK&VEN_GENERIC&PROD_STORAGE_DEVICE&REV_9744#000000009744&3#{53F56307-B6BF-11D0-94F2-00A0C91EFB8B}.

Event[82]:
  Log Name: System
  Source: Microsoft-Windows-DriverFrameworks-UserMode
  Date: 2017-05-15T15:58:18.722
  Event ID: 10002
  Task: Installation or update of device drivers.
  Level: Information
  Opcode: Info
  Keyword: N/A
  User: S-1-5-18
  User Name: NT AUTHORITY\SYSTEM
  Computer: asus
  Description: 
The UMDF service WpdFs (CLSID {112DE495-AC4C-46F8-B663-6A4266C53313}) was upgraded.  It requires framework version 2.21.0 or higher.

Event[83]:
  Log Name: System
  Source: Microsoft-Windows-DriverFrameworks-UserMode
  Date: 2017-05-15T15:58:18.864
  Event ID: 10100
  Task: Installation or update of device drivers.
  Level: Information
  Opcode: Stop
  Keyword: N/A
  User: S-1-5-18
  User Name: NT AUTHORITY\SYSTEM
  Computer: asus
  Description: 
The driver package installation has succeeded.

Event[84]:
  Log Name: System
  Source: Microsoft-Windows-UserPnp
  Date: 2017-05-15T15:58:18.879
  Event ID: 20003
  Task: N/A
  Level: Information
  Opcode: Info
  Keyword: N/A
  User: S-1-5-18
  User Name: NT AUTHORITY\SYSTEM
  Computer: asus
  Description: 
Driver Management has concluded the process to add Service WUDFWpdFs for Device Instance ID SWD\WPDBUSENUM\_??_USBSTOR#DISK&VEN_GENERIC&PROD_STORAGE_DEVICE&REV_9744#000000009744&3#{53F56307-B6BF-11D0-94F2-00A0C91EFB8B} with the following status: 0.

Event[85]:
  Log Name: System
  Source: Microsoft-Windows-UserPnp
  Date: 2017-05-15T15:58:19.148
  Event ID: 20001
  Task: N/A
  Level: Information
  Opcode: Info
  Keyword: N/A
  User: S-1-5-18
  User Name: NT AUTHORITY\SYSTEM
  Computer: asus
  Description: 
Driver Management concluded the process to install driver wpdfs.inf_amd64_e898714e5623f0fe\wpdfs.inf for Device Instance ID SWD\WPDBUSENUM\_??_USBSTOR#DISK&VEN_GENERIC&PROD_STORAGE_DEVICE&REV_9744#000000009744&3#{53F56307-B6BF-11D0-94F2-00A0C91EFB8B} with the following status: 0x0.

Event[86]:
  Log Name: System
  Source: Microsoft-Windows-DriverFrameworks-UserMode
  Date: 2017-05-15T15:58:19.492
  Event ID: 10000
  Task: Installation or update of device drivers.
  Level: Information
  Opcode: Start
  Keyword: N/A
  User: S-1-5-18
  User Name: NT AUTHORITY\SYSTEM
  Computer: asus
  Description: 
A driver package which uses user-mode driver framework version 2.21.0 is being installed on device SWD\WPDBUSENUM\_??_USBSTOR#DISK&VEN_GENERIC&PROD_STORAGE_DEVICE&REV_9744#000000009744&4#{53F56307-B6BF-11D0-94F2-00A0C91EFB8B}.

Event[87]:
  Log Name: System
  Source: Microsoft-Windows-WPDClassInstaller
  Date: 2017-05-15T15:58:19.934
  Event ID: 24576
  Task: Driver Installation
  Level: Information
  Opcode: N/A
  Keyword: Classic
  User: N/A
  User Name: N/A
  Computer: asus
  Description: 
Drivers were successfully installed for device WPD Device.

Event[88]:
  Log Name: System
  Source: Microsoft-Windows-WPDClassInstaller
  Date: 2017-05-15T15:58:20.059
  Event ID: 24577
  Task: Driver Post-Install Configuration
  Level: Information
  Opcode: N/A
  Keyword: Classic
  User: N/A
  User Name: N/A
  Computer: asus
  Description: 
Media player and imaging program compatibility layers were successfully registered for device %1. Layer bits %2 were requested, layer bits %3 were registered.

Event[89]:
  Log Name: System
  Source: Microsoft-Windows-WPDClassInstaller
  Date: 2017-05-15T15:58:20.074
  Event ID: 24579
  Task: Driver Post-Install Configuration
  Level: Information
  Opcode: N/A
  Keyword: Classic
  User: N/A
  User Name: N/A
  Computer: asus
  Description: 
Autoplay registration was skipped for device %1.

Event[90]:
  Log Name: System
  Source: Microsoft-Windows-DriverFrameworks-UserMode
  Date: 2017-05-15T15:58:19.606
  Event ID: 10002
  Task: Installation or update of device drivers.
  Level: Information
  Opcode: Info
  Keyword: N/A
  User: S-1-5-18
  User Name: NT AUTHORITY\SYSTEM
  Computer: asus
  Description: 
The UMDF service WpdFs (CLSID {112DE495-AC4C-46F8-B663-6A4266C53313}) was upgraded.  It requires framework version 2.21.0 or higher.

Event[91]:
  Log Name: System
  Source: Microsoft-Windows-DriverFrameworks-UserMode
  Date: 2017-05-15T15:58:19.836
  Event ID: 10100
  Task: Installation or update of device drivers.
  Level: Information
  Opcode: Stop
  Keyword: N/A
  User: S-1-5-18
  User Name: NT AUTHORITY\SYSTEM
  Computer: asus
  Description: 
The driver package installation has succeeded.

Event[92]:
  Log Name: System
  Source: Microsoft-Windows-UserPnp
  Date: 2017-05-15T15:58:19.844
  Event ID: 20003
  Task: N/A
  Level: Information
  Opcode: Info
  Keyword: N/A
  User: S-1-5-18
  User Name: NT AUTHORITY\SYSTEM
  Computer: asus
  Description: 
Driver Management has concluded the process to add Service WUDFWpdFs for Device Instance ID SWD\WPDBUSENUM\_??_USBSTOR#DISK&VEN_GENERIC&PROD_STORAGE_DEVICE&REV_9744#000000009744&4#{53F56307-B6BF-11D0-94F2-00A0C91EFB8B} with the following status: 0.

Event[93]:
  Log Name: System
  Source: Microsoft-Windows-UserPnp
  Date: 2017-05-15T15:58:20.092
  Event ID: 20001
  Task: N/A
  Level: Information
  Opcode: Info
  Keyword: N/A
  User: S-1-5-18
  User Name: NT AUTHORITY\SYSTEM
  Computer: asus
  Description: 
Driver Management concluded the process to install driver wpdfs.inf_amd64_e898714e5623f0fe\wpdfs.inf for Device Instance ID SWD\WPDBUSENUM\_??_USBSTOR#DISK&VEN_GENERIC&PROD_STORAGE_DEVICE&REV_9744#000000009744&4#{53F56307-B6BF-11D0-94F2-00A0C91EFB8B} with the following status: 0x0.

Event[94]:
  Log Name: System
  Source: Microsoft-Windows-UserPnp
  Date: 2017-05-15T15:58:20.327
  Event ID: 20001
  Task: N/A
  Level: Information
  Opcode: Info
  Keyword: N/A
  User: S-1-5-18
  User Name: NT AUTHORITY\SYSTEM
  Computer: asus
  Description: 
Driver Management concluded the process to install driver ibexusb.inf_amd64_48b6f41914370c44\ibexusb.inf for Device Instance ID PCI\VEN_8086&DEV_3B34&SUBSYS_83831043&REV_06\3&11583659&0&E8 with the following status: 0x0.

Event[95]:
  Log Name: System
  Source: Service Control Manager
  Date: 2017-05-15T15:58:20.340
  Event ID: 7045
  Task: N/A
  Level: Information
  Opcode: N/A
  Keyword: Classic
  User: S-1-5-18
  User Name: NT AUTHORITY\SYSTEM
  Computer: asus
  Description: 
A service was installed in the system.

Service Name:  Printer Extensions and Notifications
Service File Name:  %SystemRoot%\system32\svchost.exe -k print
Service Type:  user mode service
Service Start Type:  demand start
Service Account:  LocalSystem

Event[96]:
  Log Name: System
  Source: Service Control Manager
  Date: 2017-05-15T15:58:20.340
  Event ID: 7030
  Task: N/A
  Level: Error
  Opcode: N/A
  Keyword: Classic
  User: N/A
  User Name: N/A
  Computer: asus
  Description: 
The Printer Extensions and Notifications service is marked as an interactive service. However, the system is configured to not allow interactive services. This service may not function properly.

Event[97]:
  Log Name: System
  Source: Microsoft-Windows-UserPnp
  Date: 2017-05-15T15:58:20.539
  Event ID: 20001
  Task: N/A
  Level: Information
  Opcode: Info
  Keyword: N/A
  User: S-1-5-18
  User Name: NT AUTHORITY\SYSTEM
  Computer: asus
  Description: 
Driver Management concluded the process to install driver intelcp2.inf_amd64_bc1b2f92e65260e5\intelcp2.inf for Device Instance ID PCI\VEN_8086&DEV_D158&SUBSYS_00000000&REV_11\3&11583659&0&43 with the following status: 0x0.

Event[98]:
  Log Name: System
  Source: Service Control Manager
  Date: 2017-05-15T15:58:20.621
  Event ID: 7045
  Task: N/A
  Level: Information
  Opcode: N/A
  Keyword: Classic
  User: S-1-5-18
  User Name: NT AUTHORITY\SYSTEM
  Computer: asus
  Description: 
A service was installed in the system.

Service Name:  Intel(R) Management Engine Interface
Service File Name:  \SystemRoot\System32\drivers\HECIx64.sys
Service Type:  kernel mode driver
Service Start Type:  demand start
Service Account:  

Event[99]:
  Log Name: System
  Source: HECIx64
  Date: 2017-05-15T15:58:21.261
  Event ID: 2
  Task: N/A
  Level: Information
  Opcode: N/A
  Keyword: Classic
  User: N/A
  User Name: N/A
  Computer: asus
  Description: 
Intel(R) Management Engine Interface driver has started successfully.

Event[100]:
  Log Name: System
  Source: Microsoft-Windows-UserPnp
  Date: 2017-05-15T15:58:21.264
  Event ID: 20001
  Task: N/A
  Level: Information
  Opcode: Info
  Keyword: N/A
  User: S-1-5-18
  User Name: NT AUTHORITY\SYSTEM
  Computer: asus
  Description: 
Driver Management concluded the process to install driver heci.inf_amd64_5357ab4065c59b94\heci.inf for Device Instance ID PCI\VEN_8086&DEV_3B64&SUBSYS_83831043&REV_06\3&11583659&0&B0 with the following status: 0x0.

Event[101]:
  Log Name: System
  Source: Microsoft-Windows-UserPnp
  Date: 2017-05-15T15:58:21.433
  Event ID: 20001
  Task: N/A
  Level: Information
  Opcode: Info
  Keyword: N/A
  User: S-1-5-18
  User Name: NT AUTHORITY\SYSTEM
  Computer: asus
  Description: 
Driver Management concluded the process to install driver intelcp2.inf_amd64_bc1b2f92e65260e5\intelcp2.inf for Device Instance ID PCI\VEN_8086&DEV_D156&SUBSYS_00830043&REV_11\3&11583659&0&41 with the following status: 0x0.

Event[102]:
  Log Name: System
  Source: Service Control Manager
  Date: 2017-05-15T15:58:21.696
  Event ID: 7045
  Task: N/A
  Level: Information
  Opcode: N/A
  Keyword: Classic
  User: S-1-5-18
  User Name: NT AUTHORITY\SYSTEM
  Computer: asus
  Description: 
A service was installed in the system.

Service Name:  ATK0110 ACPI UTILITY
Service File Name:  \SystemRoot\system32\DRIVERS\ASACPI.sys
Service Type:  kernel mode driver
Service Start Type:  demand start
Service Account:  

Event[103]:
  Log Name: System
  Source: Microsoft-Windows-UserPnp
  Date: 2017-05-15T15:58:21.706
  Event ID: 20003
  Task: N/A
  Level: Information
  Opcode: Info
  Keyword: N/A
  User: S-1-5-18
  User Name: NT AUTHORITY\SYSTEM
  Computer: asus
  Description: 
Driver Management has concluded the process to add Service MTsensor for Device Instance ID ACPI\ATK0110\1010110 with the following status: 0.

Event[104]:
  Log Name: System
  Source: Microsoft-Windows-UserPnp
  Date: 2017-05-15T15:58:21.938
  Event ID: 20001
  Task: N/A
  Level: Information
  Opcode: Info
  Keyword: N/A
  User: S-1-5-18
  User Name: NT AUTHORITY\SYSTEM
  Computer: asus
  Description: 
Driver Management concluded the process to install driver asacpi.inf_amd64_11b845f17a848cf7\asacpi.inf for Device Instance ID ACPI\ATK0110\1010110 with the following status: 0x0.

Event[105]:
  Log Name: System
  Source: Microsoft-Windows-UserPnp
  Date: 2017-05-15T15:58:22.392
  Event ID: 20003
  Task: N/A
  Level: Information
  Opcode: Info
  Keyword: N/A
  User: S-1-5-18
  User Name: NT AUTHORITY\SYSTEM
  Computer: asus
  Description: 
Driver Management has concluded the process to add Service Serial for Device Instance ID ACPI\PNP0501\1 with the following status: 0.

Event[106]:
  Log Name: System
  Source: Microsoft-Windows-UserPnp
  Date: 2017-05-15T15:58:22.401
  Event ID: 20003
  Task: N/A
  Level: Information
  Opcode: Info
  Keyword: N/A
  User: S-1-5-18
  User Name: NT AUTHORITY\SYSTEM
  Computer: asus
  Description: 
Driver Management has concluded the process to add Service Serenum for Device Instance ID ACPI\PNP0501\1 with the following status: 0.

Event[107]:
  Log Name: System
  Source: Microsoft-Windows-UserPnp
  Date: 2017-05-15T15:58:22.691
  Event ID: 20001
  Task: N/A
  Level: Information
  Opcode: Info
  Keyword: N/A
  User: S-1-5-18
  User Name: NT AUTHORITY\SYSTEM
  Computer: asus
  Description: 
Driver Management concluded the process to install driver msports.inf_amd64_05d977a8d9cb7c99\msports.inf for Device Instance ID ACPI\PNP0501\1 with the following status: 0x0.

Event[108]:
  Log Name: System
  Source: Service Control Manager
  Date: 2017-05-15T15:58:28.571
  Event ID: 7045
  Task: N/A
  Level: Information
  Opcode: N/A
  Keyword: Classic
  User: S-1-5-18
  User Name: NT AUTHORITY\SYSTEM
  Computer: asus
  Description: 
A service was installed in the system.

Service Name:  winachsf
Service File Name:  \SystemRoot\system32\DRIVERS\CAX_CNXT.sys
Service Type:  kernel mode driver
Service Start Type:  demand start
Service Account:  

Event[109]:
  Log Name: System
  Source: Microsoft-Windows-UserPnp
  Date: 2017-05-15T15:58:28.579
  Event ID: 20003
  Task: N/A
  Level: Information
  Opcode: Info
  Keyword: N/A
  User: S-1-5-18
  User Name: NT AUTHORITY\SYSTEM
  Computer: asus
  Description: 
Driver Management has concluded the process to add Service winachsf for Device Instance ID PCI\VEN_14F1&DEV_2F00&SUBSYS_200414F1&REV_01\4&3A440333&0&10F0 with the following status: 0.

Event[110]:
  Log Name: System
  Source: Service Control Manager
  Date: 2017-05-15T15:58:28.571
  Event ID: 7045
  Task: N/A
  Level: Information
  Opcode: N/A
  Keyword: Classic
  User: S-1-5-18
  User Name: NT AUTHORITY\SYSTEM
  Computer: asus
  Description: 
A service was installed in the system.

Service Name:  HSF_DPV
Service File Name:  \SystemRoot\system32\DRIVERS\CAX_DPV.sys
Service Type:  kernel mode driver
Service Start Type:  demand start
Service Account:  

Event[111]:
  Log Name: System
  Source: Microsoft-Windows-UserPnp
  Date: 2017-05-15T15:58:28.580
  Event ID: 20003
  Task: N/A
  Level: Information
  Opcode: Info
  Keyword: N/A
  User: S-1-5-18
  User Name: NT AUTHORITY\SYSTEM
  Computer: asus
  Description: 
Driver Management has concluded the process to add Service HSF_DPV for Device Instance ID PCI\VEN_14F1&DEV_2F00&SUBSYS_200414F1&REV_01\4&3A440333&0&10F0 with the following status: 0.

Event[112]:
  Log Name: System
  Source: Service Control Manager
  Date: 2017-05-15T15:58:28.571
  Event ID: 7045
  Task: N/A
  Level: Information
  Opcode: N/A
  Keyword: Classic
  User: S-1-5-18
  User Name: NT AUTHORITY\SYSTEM
  Computer: asus
  Description: 
A service was installed in the system.

Service Name:  CAXHWBS2
Service File Name:  \SystemRoot\system32\DRIVERS\CAXHWBS2.sys
Service Type:  kernel mode driver
Service Start Type:  demand start
Service Account:  

Event[113]:
  Log Name: System
  Source: Microsoft-Windows-UserPnp
  Date: 2017-05-15T15:58:28.581
  Event ID: 20003
  Task: N/A
  Level: Information
  Opcode: Info
  Keyword: N/A
  User: S-1-5-18
  User Name: NT AUTHORITY\SYSTEM
  Computer: asus
  Description: 
Driver Management has concluded the process to add Service CAXHWBS2 for Device Instance ID PCI\VEN_14F1&DEV_2F00&SUBSYS_200414F1&REV_01\4&3A440333&0&10F0 with the following status: 0.

Event[114]:
  Log Name: System
  Source: Service Control Manager
  Date: 2017-05-15T15:58:28.571
  Event ID: 7045
  Task: N/A
  Level: Information
  Opcode: N/A
  Keyword: Classic
  User: S-1-5-18
  User Name: NT AUTHORITY\SYSTEM
  Computer: asus
  Description: 
A service was installed in the system.

Service Name:  mdmxsdk
Service File Name:  \SystemRoot\system32\DRIVERS\mdmxsdk.sys
Service Type:  kernel mode driver
Service Start Type:  auto start
Service Account:  

Event[115]:
  Log Name: System
  Source: Microsoft-Windows-UserPnp
  Date: 2017-05-15T15:58:28.582
  Event ID: 20003
  Task: N/A
  Level: Information
  Opcode: Info
  Keyword: N/A
  User: S-1-5-18
  User Name: NT AUTHORITY\SYSTEM
  Computer: asus
  Description: 
Driver Management has concluded the process to add Service mdmxsdk for Device Instance ID PCI\VEN_14F1&DEV_2F00&SUBSYS_200414F1&REV_01\4&3A440333&0&10F0 with the following status: 0.

Event[116]:
  Log Name: System
  Source: Service Control Manager
  Date: 2017-05-15T15:58:28.571
  Event ID: 7045
  Task: N/A
  Level: Information
  Opcode: N/A
  Keyword: Classic
  User: S-1-5-18
  User Name: NT AUTHORITY\SYSTEM
  Computer: asus
  Description: 
A service was installed in the system.

Service Name:  XAudio
Service File Name:  \SystemRoot\system32\DRIVERS\XAudio64.sys
Service Type:  kernel mode driver
Service Start Type:  auto start
Service Account:  

Event[117]:
