  Log Name: System
  Source: Service Control Manager
  Date: 2017-06-02T12:02:13.276
  Event ID: 7040
  Task: N/A
  Level: Information
  Opcode: N/A
  Keyword: Classic
  User: S-1-5-18
  User Name: NT AUTHORITY\SYSTEM
  Computer: asus
  Description: 
The start type of the Background Intelligent Transfer Service service was changed from demand start to auto start.

Event[1141]:
  Log Name: System
  Source: Microsoft-Windows-WindowsUpdateClient
  Date: 2017-06-02T12:02:26.772
  Event ID: 44
  Task: Windows Update Agent
  Level: Information
  Opcode: Download
  Keyword: Download,Started
  User: S-1-5-18
  User Name: NT AUTHORITY\SYSTEM
  Computer: asus
  Description: 
Windows Update started downloading an update.

Event[1142]:
  Log Name: System
  Source: Microsoft-Windows-Kernel-General
  Date: 2017-06-02T12:03:19.686
  Event ID: 16
  Task: N/A
  Level: Information
  Opcode: Info
  Keyword: N/A
  User: S-1-5-18
  User Name: NT AUTHORITY\SYSTEM
  Computer: asus
  Description: 
The access history in hive \??\C:\ProgramData\Microsoft\Windows\AppRepository\Packages\Microsoft.XboxApp_29.29.31001.0_x64__8wekyb3d8bbwe\ActivationStore.dat was cleared updating 0 keys and creating 0 modified pages.

Event[1143]:
  Log Name: System
  Source: Microsoft-Windows-Kernel-General
  Date: 2017-06-02T12:03:21.213
  Event ID: 16
  Task: N/A
  Level: Information
  Opcode: Info
  Keyword: N/A
  User: S-1-5-21-2727687409-414627687-575682064-1001
  User Name: ASUS\dypcdiver
  Computer: asus
  Description: 
The access history in hive \??\C:\Users\dypcdiver\AppData\Local\Packages\Microsoft.XboxApp_8wekyb3d8bbwe\Settings\settings.dat was cleared updating 2 keys and creating 1 modified pages.

Event[1144]:
  Log Name: System
  Source: Microsoft-Windows-WindowsUpdateClient
  Date: 2017-06-02T12:03:25.498
  Event ID: 43
  Task: Windows Update Agent
  Level: Information
  Opcode: Installation
  Keyword: Installation,Started
  User: S-1-5-18
  User Name: NT AUTHORITY\SYSTEM
  Computer: asus
  Description: 
Installation Started: Windows has started installing the following update: Xbox

Event[1145]:
  Log Name: System
  Source: Microsoft-Windows-WindowsUpdateClient
  Date: 2017-06-02T12:03:25.498
  Event ID: 19
  Task: Windows Update Agent
  Level: Information
  Opcode: Installation
  Keyword: Installation,Success
  User: S-1-5-18
  User Name: NT AUTHORITY\SYSTEM
  Computer: asus
  Description: 
Installation Successful: Windows successfully installed the following update: Xbox

Event[1146]:
  Log Name: System
  Source: Service Control Manager
  Date: 2017-06-02T12:04:16.014
  Event ID: 7040
  Task: N/A
  Level: Information
  Opcode: N/A
  Keyword: Classic
  User: S-1-5-18
  User Name: NT AUTHORITY\SYSTEM
  Computer: asus
  Description: 
The start type of the Background Intelligent Transfer Service service was changed from auto start to demand start.

Event[1147]:
  Log Name: System
  Source: BROWSER
  Date: 2017-06-02T12:29:35.107
  Event ID: 8033
  Task: N/A
  Level: Information
  Opcode: N/A
  Keyword: Classic
  User: N/A
  User Name: N/A
  Computer: asus
  Description: 
The browser has forced an election on network \Device\NetBT_Tcpip_{9BDEC3C0-593A-4153-9F03-5C10C29CCBFE} because a master browser was stopped.

Event[1148]:
  Log Name: System
  Source: Microsoft-Windows-Kernel-Power
  Date: 2017-06-02T12:29:34.828
  Event ID: 42
  Task: N/A
  Level: Information
  Opcode: Info
  Keyword: N/A
  User: N/A
  User Name: N/A
  Computer: asus
  Description: 
The system is entering sleep.

Sleep Reason: System Idle

Event[1149]:
  Log Name: System
  Source: Microsoft-Windows-Kernel-Power
  Date: 2017-06-02T12:29:35.422
  Event ID: 107
  Task: N/A
  Level: Information
  Opcode: Info
  Keyword: N/A
  User: N/A
  User Name: N/A
  Computer: asus
  Description: 
The system has resumed from sleep.

Event[1150]:
  Log Name: System
  Source: Microsoft-Windows-Kernel-General
  Date: 2017-06-02T12:31:59.500
  Event ID: 1
  Task: N/A
  Level: Information
  Opcode: Info
  Keyword: Time
  User: N/A
  User Name: N/A
  Computer: asus
  Description: 
The system time has changed to ?2017?-?06?-?02T10:31:59.500000000Z from ?2017?-?06?-?02T10:29:35.422231300Z.

Change Reason: System time synchronized with the hardware clock.

Event[1151]:
  Log Name: System
  Source: Microsoft-Windows-Power-Troubleshooter
  Date: 2017-06-02T12:32:14.079
  Event ID: 1
  Task: N/A
  Level: Information
  Opcode: Info
  Keyword: N/A
  User: S-1-5-19
  User Name: NT AUTHORITY\LOCAL SERVICE
  Computer: asus
  Description: 
The system has returned from a low power state.

Sleep Time: ?2017?-?06?-?02T10:29:34.439784700Z
Wake Time: ?2017?-?06?-?02T10:32:00.180080700Z

Wake Source: Device -USB Root Hub

Event[1152]:
  Log Name: System
  Source: Microsoft-Windows-DistributedCOM
  Date: 2017-06-02T12:33:24.827
  Event ID: 10016
  Task: N/A
  Level: Error
  Opcode: Info
  Keyword: Classic
  User: S-1-5-18
  User Name: NT AUTHORITY\SYSTEM
  Computer: asus
  Description: 
The application-specific permission settings do not grant Local Activation permission for the COM Server application with CLSID 
{D63B10C5-BB46-4990-A94F-E40B9D520160}
 and APPID 
{9CA88EE3-ACB7-47C8-AFC4-AB702511C276}
 to the user NT AUTHORITY\SYSTEM SID (S-1-5-18) from address LocalHost (Using LRPC) running in the application container Unavailable SID (Unavailable). This security permission can be modified using the Component Services administrative tool.

Event[1153]:
  Log Name: System
  Source: Service Control Manager
  Date: 2017-06-02T13:15:53.085
  Event ID: 7045
  Task: N/A
  Level: Information
  Opcode: N/A
  Keyword: Classic
  User: S-1-5-21-2727687409-414627687-575682064-1001
  User Name: ASUS\dypcdiver
  Computer: asus
  Description: 
A service was installed in the system.

Service Name:  WinRing0_1_2_0
Service File Name:  C:\Program Files (x86)\Hewlett-Packard\HP Support Framework\Resources\HPActiveHealth\ActiveHealth.sys
Service Type:  kernel mode driver
Service Start Type:  demand start
Service Account:  

Event[1154]:
  Log Name: System
  Source: BROWSER
  Date: 2017-06-02T15:56:59.709
  Event ID: 8033
  Task: N/A
  Level: Information
  Opcode: N/A
  Keyword: Classic
  User: N/A
  User Name: N/A
  Computer: asus
  Description: 
The browser has forced an election on network \Device\NetBT_Tcpip_{9BDEC3C0-593A-4153-9F03-5C10C29CCBFE} because a master browser was stopped.

Event[1155]:
  Log Name: System
  Source: Microsoft-Windows-Kernel-Power
  Date: 2017-06-02T15:56:59.339
  Event ID: 42
  Task: N/A
  Level: Information
  Opcode: Info
  Keyword: N/A
  User: N/A
  User Name: N/A
  Computer: asus
  Description: 
The system is entering sleep.

Sleep Reason: System Idle

Event[1156]:
  Log Name: System
  Source: Microsoft-Windows-Kernel-Power
  Date: 2017-06-02T15:57:00.053
  Event ID: 107
  Task: N/A
  Level: Information
  Opcode: Info
  Keyword: N/A
  User: N/A
  User Name: N/A
  Computer: asus
  Description: 
The system has resumed from sleep.

Event[1157]:
  Log Name: System
  Source: Microsoft-Windows-Kernel-General
  Date: 2017-06-02T16:12:57.500
  Event ID: 1
  Task: N/A
  Level: Information
  Opcode: Info
  Keyword: Time
  User: N/A
  User Name: N/A
  Computer: asus
  Description: 
The system time has changed to ?2017?-?06?-?02T14:12:57.500000000Z from ?2017?-?06?-?02T13:57:00.053434500Z.

Change Reason: System time synchronized with the hardware clock.

Event[1158]:
  Log Name: System
  Source: Microsoft-Windows-Power-Troubleshooter
  Date: 2017-06-02T16:13:11.737
  Event ID: 1
  Task: N/A
  Level: Information
  Opcode: Info
  Keyword: N/A
  User: S-1-5-19
  User Name: NT AUTHORITY\LOCAL SERVICE
  Computer: asus
  Description: 
The system has returned from a low power state.

Sleep Time: ?2017?-?06?-?02T13:56:58.510338700Z
Wake Time: ?2017?-?06?-?02T14:12:59.146826700Z

Wake Source: Device -USB Root Hub

Event[1159]:
  Log Name: System
  Source: Microsoft-Windows-DistributedCOM
  Date: 2017-06-02T16:13:27.786
  Event ID: 10016
  Task: N/A
  Level: Error
  Opcode: Info
  Keyword: Classic
  User: S-1-5-18
  User Name: NT AUTHORITY\SYSTEM
  Computer: asus
  Description: 
The application-specific permission settings do not grant Local Activation permission for the COM Server application with CLSID 
{D63B10C5-BB46-4990-A94F-E40B9D520160}
 and APPID 
{9CA88EE3-ACB7-47C8-AFC4-AB702511C276}
 to the user NT AUTHORITY\SYSTEM SID (S-1-5-18) from address LocalHost (Using LRPC) running in the application container Unavailable SID (Unavailable). This security permission can be modified using the Component Services administrative tool.

Event[1160]:
  Log Name: System
  Source: Microsoft-Windows-Kernel-General
  Date: 2017-06-02T17:10:58.631
  Event ID: 16
  Task: N/A
  Level: Information
  Opcode: Info
  Keyword: N/A
  User: S-1-5-18
  User Name: NT AUTHORITY\SYSTEM
  Computer: asus
  Description: 
The access history in hive \SystemRoot\System32\Config\RegBack\SECURITY was cleared updating 103 keys and creating 6 modified pages.

Event[1161]:
  Log Name: System
  Source: Microsoft-Windows-Kernel-General
  Date: 2017-06-02T17:11:06.824
  Event ID: 16
  Task: N/A
  Level: Information
  Opcode: Info
  Keyword: N/A
  User: S-1-5-18
  User Name: NT AUTHORITY\SYSTEM
  Computer: asus
  Description: 
The access history in hive \SystemRoot\System32\Config\RegBack\SOFTWARE was cleared updating 274779 keys and creating 18521 modified pages.

Event[1162]:
  Log Name: System
  Source: Microsoft-Windows-Kernel-General
  Date: 2017-06-02T17:11:09.611
  Event ID: 16
  Task: N/A
  Level: Information
  Opcode: Info
  Keyword: N/A
  User: S-1-5-18
  User Name: NT AUTHORITY\SYSTEM
  Computer: asus
  Description: 
The access history in hive \SystemRoot\System32\Config\RegBack\SYSTEM was cleared updating 14709 keys and creating 1397 modified pages.

Event[1163]:
  Log Name: System
  Source: Microsoft-Windows-Kernel-General
  Date: 2017-06-02T17:11:10.130
  Event ID: 16
  Task: N/A
  Level: Information
  Opcode: Info
  Keyword: N/A
  User: S-1-5-18
  User Name: NT AUTHORITY\SYSTEM
  Computer: asus
  Description: 
The access history in hive \SystemRoot\System32\Config\RegBack\DEFAULT was cleared updating 439 keys and creating 45 modified pages.

Event[1164]:
  Log Name: System
  Source: Microsoft-Windows-Kernel-General
  Date: 2017-06-02T17:11:10.667
  Event ID: 16
  Task: N/A
  Level: Information
  Opcode: Info
  Keyword: N/A
  User: S-1-5-18
  User Name: NT AUTHORITY\SYSTEM
  Computer: asus
  Description: 
The access history in hive \SystemRoot\System32\Config\RegBack\SAM was cleared updating 73 keys and creating 8 modified pages.

Event[1165]:
  Log Name: System
  Source: BROWSER
  Date: 2017-06-02T17:40:46.900
  Event ID: 8033
  Task: N/A
  Level: Information
  Opcode: N/A
  Keyword: Classic
  User: N/A
  User Name: N/A
  Computer: asus
  Description: 
The browser has forced an election on network \Device\NetBT_Tcpip_{9BDEC3C0-593A-4153-9F03-5C10C29CCBFE} because a master browser was stopped.

Event[1166]:
  Log Name: System
  Source: Microsoft-Windows-DNS-Client
  Date: 2017-06-02T17:41:00.455
  Event ID: 1014
  Task: N/A
  Level: Warning
  Opcode: Info
  Keyword: N/A
  User: S-1-5-20
  User Name: NT AUTHORITY\NETWORK SERVICE
  Computer: asus
  Description: 
Name resolution for the name _ldap._tcp.dc._msdcs.WORKGROUP timed out after none of the configured DNS servers responded.

Event[1167]:
  Log Name: System
  Source: Microsoft-Windows-DNS-Client
  Date: 2017-06-02T17:41:03.863
  Event ID: 1014
  Task: N/A
  Level: Warning
  Opcode: Info
  Keyword: N/A
  User: S-1-5-20
  User Name: NT AUTHORITY\NETWORK SERVICE
  Computer: asus
  Description: 
Name resolution for the name wpad timed out after none of the configured DNS servers responded.

Event[1168]:
  Log Name: System
  Source: Microsoft-Windows-DNS-Client
  Date: 2017-06-02T17:41:05.946
  Event ID: 1014
  Task: N/A
  Level: Warning
  Opcode: Info
  Keyword: N/A
  User: S-1-5-20
  User Name: NT AUTHORITY\NETWORK SERVICE
  Computer: asus
  Description: 
Name resolution for the name www.msftncsi.com timed out after none of the configured DNS servers responded.

Event[1169]:
  Log Name: System
  Source: Microsoft-Windows-DNS-Client
  Date: 2017-06-02T17:41:08.014
  Event ID: 1014
  Task: N/A
  Level: Warning
  Opcode: Info
  Keyword: N/A
  User: S-1-5-20
  User Name: NT AUTHORITY\NETWORK SERVICE
  Computer: asus
  Description: 
Name resolution for the name client.wns.windows.com timed out after none of the configured DNS servers responded.

Event[1170]:
  Log Name: System
  Source: Microsoft-Windows-DNS-Client
  Date: 2017-06-02T17:41:23.307
  Event ID: 1014
  Task: N/A
  Level: Warning
  Opcode: Info
  Keyword: N/A
  User: S-1-5-20
  User Name: NT AUTHORITY\NETWORK SERVICE
  Computer: asus
  Description: 
Name resolution for the name _ldap._tcp.dc._msdcs.WORKGROUP timed out after none of the configured DNS servers responded.

Event[1171]:
  Log Name: System
  Source: Microsoft-Windows-DNS-Client
  Date: 2017-06-02T17:41:31.960
  Event ID: 1014
  Task: N/A
  Level: Warning
  Opcode: Info
  Keyword: N/A
  User: S-1-5-20
  User Name: NT AUTHORITY\NETWORK SERVICE
  Computer: asus
  Description: 
Name resolution for the name kv201-prod.do.dsp.mp.microsoft.com timed out after none of the configured DNS servers responded.

Event[1172]:
  Log Name: System
  Source: Service Control Manager
  Date: 2017-06-02T18:29:51.870
  Event ID: 7040
  Task: N/A
  Level: Information
  Opcode: N/A
  Keyword: Classic
  User: S-1-5-18
  User Name: NT AUTHORITY\SYSTEM
  Computer: asus
  Description: 
The start type of the Background Intelligent Transfer Service service was changed from demand start to auto start.

Event[1173]:
  Log Name: System
  Source: BROWSER
  Date: 2017-06-02T19:05:13.649
  Event ID: 8033
  Task: N/A
  Level: Information
  Opcode: N/A
  Keyword: Classic
  User: N/A
  User Name: N/A
  Computer: asus
  Description: 
The browser has forced an election on network \Device\NetBT_Tcpip_{9BDEC3C0-593A-4153-9F03-5C10C29CCBFE} because a master browser was stopped.

Event[1174]:
  Log Name: System
  Source: Microsoft-Windows-Kernel-Power
  Date: 2017-06-02T19:05:13.261
  Event ID: 42
  Task: N/A
  Level: Information
  Opcode: Info
  Keyword: N/A
  User: N/A
  User Name: N/A
  Computer: asus
  Description: 
The system is entering sleep.

Sleep Reason: Application API

Event[1175]:
  Log Name: System
  Source: Microsoft-Windows-Kernel-Power
  Date: 2017-06-02T19:05:13.967
  Event ID: 107
  Task: N/A
  Level: Information
  Opcode: Info
  Keyword: N/A
  User: N/A
  User Name: N/A
  Computer: asus
  Description: 
The system has resumed from sleep.

Event[1176]:
  Log Name: System
  Source: Microsoft-Windows-Kernel-General
  Date: 2017-06-02T19:23:33.500
  Event ID: 1
  Task: N/A
  Level: Information
  Opcode: Info
  Keyword: Time
  User: N/A
  User Name: N/A
  Computer: asus
  Description: 
The system time has changed to ?2017?-?06?-?02T17:23:33.500000000Z from ?2017?-?06?-?02T17:05:13.967320200Z.

Change Reason: System time synchronized with the hardware clock.

Event[1177]:
  Log Name: System
  Source: Microsoft-Windows-DistributedCOM
  Date: 2017-06-02T19:24:10.687
  Event ID: 10016
  Task: N/A
  Level: Error
  Opcode: Info
  Keyword: Classic
  User: S-1-5-18
  User Name: NT AUTHORITY\SYSTEM
  Computer: asus
  Description: 
The application-specific permission settings do not grant Local Activation permission for the COM Server application with CLSID 
{D63B10C5-BB46-4990-A94F-E40B9D520160}
 and APPID 
{9CA88EE3-ACB7-47C8-AFC4-AB702511C276}
 to the user NT AUTHORITY\SYSTEM SID (S-1-5-18) from address LocalHost (Using LRPC) running in the application container Unavailable SID (Unavailable). This security permission can be modified using the Component Services administrative tool.

Event[1178]:
  Log Name: System
  Source: Service Control Manager
  Date: 2017-06-02T20:05:47.026
  Event ID: 7040
  Task: N/A
  Level: Information
  Opcode: N/A
  Keyword: Classic
  User: S-1-5-18
  User Name: NT AUTHORITY\SYSTEM
  Computer: asus
  Description: 
The start type of the Background Intelligent Transfer Service service was changed from auto start to demand start.

Event[1179]:
  Log Name: System
  Source: BROWSER
  Date: 2017-06-02T20:58:59.803
  Event ID: 8033
  Task: N/A
  Level: Information
  Opcode: N/A
  Keyword: Classic
  User: N/A
  User Name: N/A
  Computer: asus
  Description: 
The browser has forced an election on network \Device\NetBT_Tcpip_{9BDEC3C0-593A-4153-9F03-5C10C29CCBFE} because a master browser was stopped.

Event[1180]:
  Log Name: System
  Source: Microsoft-Windows-Kernel-Power
  Date: 2017-06-02T20:58:59.449
  Event ID: 42
  Task: N/A
  Level: Information
  Opcode: Info
  Keyword: N/A
  User: N/A
  User Name: N/A
  Computer: asus
  Description: 
The system is entering sleep.

Sleep Reason: Application API

Event[1181]:
  Log Name: System
  Source: Microsoft-Windows-Kernel-Power
  Date: 2017-06-02T20:59:00.210
  Event ID: 107
  Task: N/A
  Level: Information
  Opcode: Info
  Keyword: N/A
  User: N/A
  User Name: N/A
  Computer: asus
  Description: 
The system has resumed from sleep.

Event[1182]:
  Log Name: System
  Source: Microsoft-Windows-Kernel-General
  Date: 2017-06-03T09:13:37.500
  Event ID: 1
  Task: N/A
  Level: Information
  Opcode: Info
  Keyword: Time
  User: N/A
  User Name: N/A
  Computer: asus
  Description: 
The system time has changed to ?2017?-?06?-?03T07:13:37.500000000Z from ?2017?-?06?-?02T18:59:00.210907200Z.

Change Reason: System time synchronized with the hardware clock.

Event[1183]:
  Log Name: System
  Source: Microsoft-Windows-Time-Service
  Date: 2017-06-03T09:13:38.234
  Event ID: 134
  Task: N/A
  Level: Warning
  Opcode: Info
  Keyword: N/A
  User: S-1-5-19
  User Name: NT AUTHORITY\LOCAL SERVICE
  Computer: asus
  Description: 
NtpClient was unable to set a manual peer to use as a time source because of DNS resolution error on 'time.windows.com,0x9'. NtpClient will try again in 15 minutes and double the reattempt interval thereafter. The error was: No such host is known. (0x80072AF9)

Event[1184]:
  Log Name: System
  Source: Microsoft-Windows-Time-Service
  Date: 2017-06-03T09:13:40.810
  Event ID: 134
  Task: N/A
  Level: Warning
  Opcode: Info
  Keyword: N/A
  User: S-1-5-19
  User Name: NT AUTHORITY\LOCAL SERVICE
  Computer: asus
  Description: 
NtpClient was unable to set a manual peer to use as a time source because of DNS resolution error on 'time.windows.com,0x9'. NtpClient will try again in 15 minutes and double the reattempt interval thereafter. The error was: No such host is known. (0x80072AF9)

Event[1185]:
  Log Name: System
  Source: Microsoft-Windows-Time-Service
  Date: 2017-06-03T09:13:43.573
  Event ID: 37
  Task: N/A
  Level: Information
  Opcode: Info
  Keyword: N/A
  User: S-1-5-19
  User Name: NT AUTHORITY\LOCAL SERVICE
  Computer: asus
  Description: 
The time provider NtpClient is currently receiving valid time data from time.windows.com,0x9 (ntp.m|0x9|0.0.0.0:123->51.141.32.51:123).

Event[1186]:
  Log Name: System
  Source: Service Control Manager
  Date: 2017-06-03T09:16:38.886
  Event ID: 7040
  Task: N/A
  Level: Information
  Opcode: N/A
  Keyword: Classic
  User: S-1-5-18
  User Name: NT AUTHORITY\SYSTEM
  Computer: asus
  Description: 
The start type of the Background Intelligent Transfer Service service was changed from demand start to auto start.

Event[1187]:
  Log Name: System
  Source: Service Control Manager
  Date: 2017-06-03T09:18:41.780
  Event ID: 7040
  Task: N/A
  Level: Information
  Opcode: N/A
  Keyword: Classic
  User: S-1-5-18
  User Name: NT AUTHORITY\SYSTEM
  Computer: asus
  Description: 
The start type of the Background Intelligent Transfer Service service was changed from auto start to demand start.

Event[1188]:
  Log Name: System
  Source: Microsoft-Windows-DistributedCOM
  Date: 2017-06-03T09:22:40.422
  Event ID: 10016
  Task: N/A
  Level: Error
  Opcode: Info
  Keyword: Classic
  User: S-1-5-18
  User Name: NT AUTHORITY\SYSTEM
  Computer: asus
  Description: 
The application-specific permission settings do not grant Local Activation permission for the COM Server application with CLSID 
{D63B10C5-BB46-4990-A94F-E40B9D520160}
 and APPID 
{9CA88EE3-ACB7-47C8-AFC4-AB702511C276}
 to the user NT AUTHORITY\SYSTEM SID (S-1-5-18) from address LocalHost (Using LRPC) running in the application container Unavailable SID (Unavailable). This security permission can be modified using the Component Services administrative tool.

Event[1189]:
  Log Name: System
  Source: Service Control Manager
  Date: 2017-06-03T10:22:09.005
  Event ID: 7040
  Task: N/A
  Level: Information
  Opcode: N/A
  Keyword: Classic
  User: S-1-5-18
  User Name: NT AUTHORITY\SYSTEM
  Computer: asus
  Description: 
The start type of the Background Intelligent Transfer Service service was changed from demand start to auto start.

Event[1190]:
  Log Name: System
  Source: Service Control Manager
  Date: 2017-06-03T10:24:55.560
  Event ID: 7040
  Task: N/A
  Level: Information
  Opcode: N/A
  Keyword: Classic
  User: S-1-5-18
  User Name: NT AUTHORITY\SYSTEM
  Computer: asus
  Description: 
The start type of the Background Intelligent Transfer Service service was changed from auto start to demand start.

Event[1191]:
  Log Name: System
  Source: Service Control Manager
  Date: 2017-06-03T10:42:01.165
  Event ID: 7040
  Task: N/A
  Level: Information
  Opcode: N/A
  Keyword: Classic
  User: S-1-5-18
  User Name: NT AUTHORITY\SYSTEM
  Computer: asus
  Description: 
The start type of the Background Intelligent Transfer Service service was changed from demand start to auto start.

Event[1192]:
  Log Name: System
  Source: BROWSER
  Date: 2017-06-03T10:51:55.940
  Event ID: 8033
  Task: N/A
  Level: Information
  Opcode: N/A
  Keyword: Classic
  User: N/A
  User Name: N/A
  Computer: asus
  Description: 
The browser has forced an election on network \Device\NetBT_Tcpip_{9BDEC3C0-593A-4153-9F03-5C10C29CCBFE} because a master browser was stopped.

Event[1193]:
  Log Name: System
  Source: Microsoft-Windows-Kernel-General
  Date: 2017-06-03T10:51:55.198
  Event ID: 1
  Task: N/A
  Level: Information
  Opcode: Info
  Keyword: Time
  User: S-1-5-19
  User Name: NT AUTHORITY\LOCAL SERVICE
  Computer: asus
  Description: 
The system time has changed to ?2017?-?06?-?03T08:51:55.209000000Z from ?2017?-?06?-?03T08:51:55.220399200Z.

Change Reason: An application or system component changed the time.

Event[1194]:
  Log Name: System
  Source: Microsoft-Windows-Kernel-Power
  Date: 2017-06-03T10:51:55.534
  Event ID: 42
  Task: N/A
  Level: Information
  Opcode: Info
  Keyword: N/A
  User: N/A
  User Name: N/A
  Computer: asus
  Description: 
The system is entering sleep.

Sleep Reason: Application API

Event[1195]:
  Log Name: System
  Source: EventLog
  Date: 2017-06-04T10:17:30.916
  Event ID: 6013
  Task: N/A
  Level: Information
  Opcode: N/A
  Keyword: Classic
  User: N/A
  User Name: N/A
  Computer: asus
  Description: 
The system uptime is 1707103 seconds.

Event[1196]:
  Log Name: System
  Source: Microsoft-Windows-Kernel-Power
  Date: 2017-06-03T10:51:56.300
  Event ID: 107
  Task: N/A
  Level: Information
  Opcode: Info
  Keyword: N/A
  User: N/A
  User Name: N/A
  Computer: asus
  Description: 
The system has resumed from sleep.

Event[1197]:
  Log Name: System
  Source: Microsoft-Windows-Kernel-General
  Date: 2017-06-04T10:17:30.500
  Event ID: 1
  Task: N/A
  Level: Information
  Opcode: Info
  Keyword: Time
  User: N/A
  User Name: N/A
  Computer: asus
  Description: 
The system time has changed to ?2017?-?06?-?04T08:17:30.500000000Z from ?2017?-?06?-?03T08:51:56.300226700Z.

Change Reason: System time synchronized with the hardware clock.

Event[1198]:
  Log Name: System
  Source: Microsoft-Windows-Time-Service
  Date: 2017-06-04T10:17:32.058
  Event ID: 134
  Task: N/A
  Level: Warning
  Opcode: Info
  Keyword: N/A
  User: S-1-5-19
  User Name: NT AUTHORITY\LOCAL SERVICE
  Computer: asus
  Description: 
NtpClient was unable to set a manual peer to use as a time source because of DNS resolution error on 'time.windows.com,0x9'. NtpClient will try again in 15 minutes and double the reattempt interval thereafter. The error was: No such host is known. (0x80072AF9)

Event[1199]:
  Log Name: System
  Source: Microsoft-Windows-Time-Service
  Date: 2017-06-04T10:17:35.760
  Event ID: 134
  Task: N/A
  Level: Warning
  Opcode: Info
  Keyword: N/A
  User: S-1-5-19
  User Name: NT AUTHORITY\LOCAL SERVICE
  Computer: asus
  Description: 
NtpClient was unable to set a manual peer to use as a time source because of DNS resolution error on 'time.windows.com,0x9'. NtpClient will try again in 15 minutes and double the reattempt interval thereafter. The error was: No such host is known. (0x80072AF9)

Event[1200]:
  Log Name: System
  Source: Microsoft-Windows-Time-Service
  Date: 2017-06-04T10:17:44.260
  Event ID: 134
  Task: N/A
  Level: Warning
  Opcode: Info
  Keyword: N/A
  User: S-1-5-19
  User Name: NT AUTHORITY\LOCAL SERVICE
  Computer: asus
  Description: 
NtpClient was unable to set a manual peer to use as a time source because of DNS resolution error on 'time.windows.com,0x9'. NtpClient will try again in 15 minutes and double the reattempt interval thereafter. The error was: No such host is known. (0x80072AF9)

Event[1201]:
  Log Name: System
  Source: Microsoft-Windows-Power-Troubleshooter
  Date: 2017-06-04T10:17:45.589
  Event ID: 1
  Task: N/A
  Level: Information
  Opcode: Info
  Keyword: N/A
  User: S-1-5-19
  User Name: NT AUTHORITY\LOCAL SERVICE
  Computer: asus
  Description: 
The system has returned from a low power state.

Sleep Time: ?2017?-?06?-?03T08:51:54.777493200Z
Wake Time: ?2017?-?06?-?04T08:17:32.103907500Z

Wake Source: Device -USB Root Hub

Event[1202]:
  Log Name: System
  Source: Microsoft-Windows-Time-Service
  Date: 2017-06-04T10:17:51.039
  Event ID: 37
  Task: N/A
  Level: Information
  Opcode: Info
  Keyword: N/A
  User: S-1-5-19
  User Name: NT AUTHORITY\LOCAL SERVICE
  Computer: asus
  Description: 
The time provider NtpClient is currently receiving valid time data from time.windows.com,0x9 (ntp.m|0x9|0.0.0.0:123->51.141.32.51:123).

Event[1203]:
  Log Name: System
  Source: Microsoft-Windows-DNS-Client
  Date: 2017-06-04T10:17:53.879
  Event ID: 1014
  Task: N/A
  Level: Warning
  Opcode: Info
  Keyword: N/A
  User: S-1-5-20
  User Name: NT AUTHORITY\NETWORK SERVICE
  Computer: asus
  Description: 
Name resolution for the name win10.ipv6.microsoft.com. timed out after none of the configured DNS servers responded.

Event[1204]:
  Log Name: System
  Source: Microsoft-Windows-WindowsUpdateClient
  Date: 2017-06-04T10:18:02.203
  Event ID: 44
  Task: Windows Update Agent
  Level: Information
  Opcode: Download
  Keyword: Download,Started
  User: S-1-5-18
  User Name: NT AUTHORITY\SYSTEM
  Computer: asus
  Description: 
Windows Update started downloading an update.

Event[1205]:
  Log Name: System
  Source: Microsoft-Windows-DistributedCOM
  Date: 2017-06-04T10:18:28.019
  Event ID: 10016
  Task: N/A
  Level: Error
  Opcode: Info
  Keyword: Classic
  User: S-1-5-18
  User Name: NT AUTHORITY\SYSTEM
  Computer: asus
  Description: 
The application-specific permission settings do not grant Local Activation permission for the COM Server application with CLSID 
{D63B10C5-BB46-4990-A94F-E40B9D520160}
 and APPID 
{9CA88EE3-ACB7-47C8-AFC4-AB702511C276}
 to the user NT AUTHORITY\SYSTEM SID (S-1-5-18) from address LocalHost (Using LRPC) running in the application container Unavailable SID (Unavailable). This security permission can be modified using the Component Services administrative tool.

Event[1206]:
  Log Name: System
  Source: Service Control Manager
  Date: 2017-06-04T10:18:45.634
  Event ID: 7040
  Task: N/A
  Level: Information
  Opcode: N/A
  Keyword: Classic
  User: S-1-5-18
  User Name: NT AUTHORITY\SYSTEM
  Computer: asus
  Description: 
The start type of the Windows Modules Installer service was changed from demand start to auto start.

Event[1207]:
  Log Name: System
  Source: Service Control Manager
  Date: 2017-06-04T10:20:37.412
  Event ID: 7045
  Task: N/A
  Level: Information
  Opcode: N/A
  Keyword: Classic
  User: S-1-5-21-2727687409-414627687-575682064-1001
  User Name: ASUS\dypcdiver
  Computer: asus
  Description: 
A service was installed in the system.

Service Name:  WinRing0_1_2_0
Service File Name:  C:\Program Files (x86)\Hewlett-Packard\HP Support Framework\Resources\HPActiveHealth\ActiveHealth.sys
Service Type:  kernel mode driver
Service Start Type:  demand start
Service Account:  

Event[1208]:
  Log Name: System
  Source: Service Control Manager
  Date: 2017-06-04T10:21:27.356
  Event ID: 7040
  Task: N/A
  Level: Information
  Opcode: N/A
  Keyword: Classic
  User: S-1-5-18
  User Name: NT AUTHORITY\SYSTEM
  Computer: asus
  Description: 
The start type of the Windows Modules Installer service was changed from auto start to demand start.

Event[1209]:
  Log Name: System
  Source: Service Control Manager
  Date: 2017-06-04T10:27:33.128
  Event ID: 7040
  Task: N/A
  Level: Information
  Opcode: N/A
  Keyword: Classic
  User: S-1-5-18
  User Name: NT AUTHORITY\SYSTEM
  Computer: asus
  Description: 
The start type of the Background Intelligent Transfer Service service was changed from auto start to demand start.

Event[1210]:
  Log Name: System
  Source: Service Control Manager
  Date: 2017-06-04T10:38:53.250
  Event ID: 7040
  Task: N/A
  Level: Information
  Opcode: N/A
  Keyword: Classic
  User: S-1-5-18
  User Name: NT AUTHORITY\SYSTEM
  Computer: asus
  Description: 
The start type of the Windows Modules Installer service was changed from demand start to auto start.

Event[1211]:
  Log Name: System
  Source: Microsoft-Windows-WindowsUpdateClient
  Date: 2017-06-04T10:38:54.538
  Event ID: 43
  Task: Windows Update Agent
  Level: Information
  Opcode: Installation
  Keyword: Installation,Started
  User: S-1-5-18
  User Name: NT AUTHORITY\SYSTEM
  Computer: asus
  Description: 
Installation Started: Windows has started installing the following update: 2017-05 Cumulative Update for Windows 10 Version 1703 for x64-based Systems (KB4020102)

Event[1212]:
  Log Name: System
  Source: Microsoft-Windows-Ntfs
  Date: 2017-06-04T10:38:55.965
  Event ID: 98
  Task: N/A
  Level: Information
  Opcode: Info
  Keyword: N/A
  User: S-1-5-18
  User Name: NT AUTHORITY\SYSTEM
  Computer: asus
  Description: 
Volume Western Digital Mar 2013 (\Device\HarddiskVolumeShadowCopy4) is healthy.  No action is needed.

Event[1213]:
  Log Name: System
  Source: EventLog
  Date: 2017-06-04T12:00:00.665
  Event ID: 6013
  Task: N/A
  Level: Information
  Opcode: N/A
  Keyword: Classic
  User: N/A
  User Name: N/A
  Computer: asus
  Description: 
The system uptime is 1713253 seconds.

Event[1214]:
  Log Name: System
  Source: Service Control Manager
  Date: 2017-06-04T13:16:43.003
  Event ID: 7040
  Task: N/A
  Level: Information
  Opcode: N/A
  Keyword: Classic
  User: S-1-5-18
  User Name: NT AUTHORITY\SYSTEM
  Computer: asus
  Description: 
The start type of the Background Intelligent Transfer Service service was changed from demand start to auto start.

Event[1215]:
  Log Name: System
  Source: Service Control Manager
  Date: 2017-06-04T13:18:52.829
  Event ID: 7040
  Task: N/A
  Level: Information
  Opcode: N/A
  Keyword: Classic
  User: S-1-5-18
  User Name: NT AUTHORITY\SYSTEM
  Computer: asus
  Description: 
The start type of the Background Intelligent Transfer Service service was changed from auto start to demand start.

Event[1216]:
  Log Name: System
  Source: Microsoft-Windows-Kernel-General
  Date: 2017-06-04T13:39:12.882
  Event ID: 16
  Task: N/A
  Level: Information
  Opcode: Info
  Keyword: N/A
  User: S-1-5-21-2727687409-414627687-575682064-1001
  User Name: ASUS\dypcdiver
  Computer: asus
  Description: 
The access history in hive \??\C:\Users\dypcdiver\AppData\Local\Packages\Microsoft.LockApp_cw5n1h2txyewy\Settings\settings.dat was cleared updating 3 keys and creating 1 modified pages.

Event[1217]:
  Log Name: System
  Source: Microsoft-Windows-Kernel-General
  Date: 2017-06-04T13:39:14.210
  Event ID: 1
  Task: N/A
  Level: Information
  Opcode: Info
  Keyword: Time
  User: S-1-5-19
  User Name: NT AUTHORITY\LOCAL SERVICE
  Computer: asus
  Description: 
The system time has changed to ?2017?-?06?-?04T11:39:14.213000000Z from ?2017?-?06?-?04T11:39:14.678928500Z.

Change Reason: An application or system component changed the time.

Event[1218]:
  Log Name: System
  Source: Microsoft-Windows-DistributedCOM
  Date: 2017-06-04T13:39:14.777
  Event ID: 10016
  Task: N/A
  Level: Error
  Opcode: Info
  Keyword: Classic
  User: S-1-5-18
  User Name: NT AUTHORITY\SYSTEM
  Computer: asus
  Description: 
The application-specific permission settings do not grant Local Activation permission for the COM Server application with CLSID 
{D63B10C5-BB46-4990-A94F-E40B9D520160}
 and APPID 
{9CA88EE3-ACB7-47C8-AFC4-AB702511C276}
 to the user NT AUTHORITY\SYSTEM SID (S-1-5-18) from address LocalHost (Using LRPC) running in the application container Unavailable SID (Unavailable). This security permission can be modified using the Component Services administrative tool.

Event[1219]:
  Log Name: System
  Source: Microsoft-Windows-Kernel-Power
  Date: 2017-06-04T13:39:14.871
  Event ID: 42
  Task: N/A
  Level: Information
  Opcode: Info
  Keyword: N/A
  User: N/A
  User Name: N/A
  Computer: asus
  Description: 
The system is entering sleep.

Sleep Reason: Application API

Event[1220]:
  Log Name: System
  Source: BROWSER
  Date: 2017-06-04T13:39:15.307
  Event ID: 8033
  Task: N/A
  Level: Information
  Opcode: N/A
  Keyword: Classic
  User: N/A
  User Name: N/A
  Computer: asus
  Description: 
The browser has forced an election on network \Device\NetBT_Tcpip_{9BDEC3C0-593A-4153-9F03-5C10C29CCBFE} because a master browser was stopped.

Event[1221]:
  Log Name: System
  Source: Microsoft-Windows-Kernel-Power
  Date: 2017-06-04T13:39:16.240
  Event ID: 107
  Task: N/A
  Level: Information
  Opcode: Info
  Keyword: N/A
  User: N/A
  User Name: N/A
  Computer: asus
  Description: 
The system has resumed from sleep.

Event[1222]:
  Log Name: System
  Source: Microsoft-Windows-Kernel-General
  Date: 2017-06-04T13:39:28.500
  Event ID: 1
  Task: N/A
  Level: Information
  Opcode: Info
  Keyword: Time
  User: N/A
  User Name: N/A
  Computer: asus
  Description: 
The system time has changed to ?2017?-?06?-?04T11:39:28.500000000Z from ?2017?-?06?-?04T11:39:16.240727300Z.

Change Reason: System time synchronized with the hardware clock.

Event[1223]:
  Log Name: System
  Source: Microsoft-Windows-Power-Troubleshooter
  Date: 2017-06-04T13:39:40.693
  Event ID: 1
  Task: N/A
  Level: Information
  Opcode: Info
  Keyword: N/A
  User: S-1-5-19
  User Name: NT AUTHORITY\LOCAL SERVICE
  Computer: asus
  Description: 
The system has returned from a low power state.

Sleep Time: ?2017?-?06?-?04T11:39:09.782420800Z
Wake Time: ?2017?-?06?-?04T11:39:29.216253500Z

Wake Source: Device -USB Root Hub

Event[1224]:
  Log Name: System
  Source: User32
  Date: 2017-06-04T13:39:50.947
  Event ID: 1074
  Task: N/A
  Level: Information
  Opcode: N/A
  Keyword: Classic
  User: S-1-5-21-2727687409-414627687-575682064-1001
  User Name: ASUS\dypcdiver
  Computer: asus
  Description: 
The process C:\Windows\System32\RuntimeBroker.exe (ASUS) has initiated the restart of computer ASUS on behalf of user ASUS\dypcdiver for the following reason: Other (Unplanned)
 Reason Code: 0x0
 Shut-down Type: restart
 Comment: 

Event[1225]:
  Log Name: System
  Source: Microsoft-Windows-Winlogon
  Date: 2017-06-04T13:40:32.400
  Event ID: 7002
  Task: N/A
  Level: Information
  Opcode: Info
  Keyword: N/A
  User: S-1-5-18
  User Name: NT AUTHORITY\SYSTEM
  Computer: asus
  Description: 
User Log-off Notification for Customer Experience Improvement Program

Event[1226]:
  Log Name: System
  Source: EventLog
  Date: 2017-06-04T13:41:36.669
  Event ID: 6006
  Task: N/A
  Level: Information
  Opcode: N/A
  Keyword: Classic
  User: N/A
  User Name: N/A
  Computer: asus
  Description: 
The Event log service was stopped.

Event[1227]:
  Log Name: System
  Source: Microsoft-Windows-Kernel-General
  Date: 2017-06-04T13:41:36.221
  Event ID: 1
  Task: N/A
  Level: Information
  Opcode: Info
  Keyword: Time
  User: S-1-5-19
  User Name: NT AUTHORITY\LOCAL SERVICE
  Computer: asus
  Description: 
The system time has changed to ?2017?-?06?-?04T11:41:36.226000000Z from ?2017?-?06?-?04T11:41:36.231522000Z.

Change Reason: An application or system component changed the time.

Event[1228]:
  Log Name: System
  Source: Microsoft-Windows-Dhcp-Client
  Date: 2017-06-04T13:41:36.226
  Event ID: 50104
  Task: Service State Event
  Level: Information
  Opcode: ServiceShutdown
  Keyword: N/A
  User: S-1-5-19
  User Name: NT AUTHORITY\LOCAL SERVICE
  Computer: asus
  Description: 
DHCPv4 client received shutdown notification

Event[1229]:
  Log Name: System
  Source: Microsoft-Windows-Dhcp-Client
  Date: 2017-06-04T13:41:36.226
  Event ID: 50105
  Task: Service State Event
  Level: Information
  Opcode: ServiceShutdown
  Keyword: N/A
  User: S-1-5-19
  User Name: NT AUTHORITY\LOCAL SERVICE
  Computer: asus
  Description: 
DHCPv4 client ProcessDHCPRequestForever received TERMINATE_EVENT

Event[1230]:
  Log Name: System
  Source: Microsoft-Windows-Dhcp-Client
  Date: 2017-06-04T13:41:36.231
  Event ID: 50106
  Task: Service State Event
  Level: Information
  Opcode: ServiceShutdown
  Keyword: N/A
  User: S-1-5-19
  User Name: NT AUTHORITY\LOCAL SERVICE
  Computer: asus
  Description: 
DHCPv4 is waiting on DHCPv6 service to stop

Event[1231]:
  Log Name: System
  Source: Microsoft-Windows-DHCPv6-Client
  Date: 2017-06-04T13:41:36.527
  Event ID: 51047
  Task: Service State Event
  Level: Information
  Opcode: ServiceStop
  Keyword: N/A
  User: S-1-5-19
  User Name: NT AUTHORITY\LOCAL SERVICE
  Computer: asus
  Description: 
DHCPv6 client service is stopped. ShutDown Flag value is 1

Event[1232]:
  Log Name: System
  Source: Microsoft-Windows-DHCPv6-Client
  Date: 2017-06-04T13:41:36.527
  Event ID: 51057
  Task: Service State Event
  Level: Information
  Opcode: ServiceStopWithRefCount
  Keyword: N/A
  User: S-1-5-19
  User Name: NT AUTHORITY\LOCAL SERVICE
  Computer: asus
  Description: 
DHCPv6 client service stop is almost done.DHCP Context Ref count is 1

Event[1233]:
  Log Name: System
  Source: Microsoft-Windows-Dhcp-Client
  Date: 2017-06-04T13:41:36.822
  Event ID: 50037
  Task: Service State Event
  Level: Information
  Opcode: ServiceStop
  Keyword: N/A
  User: S-1-5-19
  User Name: NT AUTHORITY\LOCAL SERVICE
  Computer: asus
  Description: 
DHCPv4 client service is stopped. ShutDown Flag value is 1

Event[1234]:
  Log Name: System
  Source: EventLog
  Date: 2017-06-04T13:43:01.389
  Event ID: 6009
  Task: N/A
  Level: Information
  Opcode: N/A
  Keyword: Classic
  User: N/A
  User Name: N/A
  Computer: asus
  Description: 
Microsoft (R) Windows (R) 10.00. 15063  Multiprocessor Free.

Event[1235]:
  Log Name: System
  Source: EventLog
  Date: 2017-06-04T13:43:01.389
  Event ID: 6005
  Task: N/A
  Level: Information
  Opcode: N/A
  Keyword: Classic
  User: N/A
  User Name: N/A
  Computer: asus
  Description: 
The Event log service was started.

Event[1236]:
  Log Name: System
  Source: EventLog
  Date: 2017-06-04T13:43:01.529
  Event ID: 6013
  Task: N/A
  Level: Information
  Opcode: N/A
  Keyword: Classic
  User: N/A
  User Name: N/A
  Computer: asus
  Description: 
The system uptime is 40 seconds.

Event[1237]:
  Log Name: System
  Source: Microsoft-Windows-Kernel-Power
  Date: 2017-06-04T13:41:41.141
  Event ID: 109
  Task: N/A
  Level: Information
  Opcode: Info
  Keyword: N/A
  User: N/A
  User Name: N/A
  Computer: asus
  Description: 
The kernel power manager has initiated a shutdown transition.

Shutdown Reason: Kernel API

Event[1238]:
  Log Name: System
  Source: Microsoft-Windows-Kernel-General
  Date: 2017-06-04T13:41:52.879
  Event ID: 13
  Task: N/A
  Level: Information
  Opcode: Info
  Keyword: N/A
  User: N/A
  User Name: N/A
  Computer: asus
  Description: 
The operating system is shutting down at system time ?2017?-?06?-?04T11:41:52.879182100Z.

Event[1239]:
  Log Name: System
  Source: Microsoft-Windows-Kernel-General
  Date: 2017-06-04T13:42:20.934
  Event ID: 12
  Task: N/A
  Level: Information
  Opcode: Info
  Keyword: N/A
  User: S-1-5-18
  User Name: NT AUTHORITY\SYSTEM
  Computer: asus
  Description: 
The operating system started at system time ?2017?-?06?-?04T11:42:20.487523400Z.

Event[1240]:
  Log Name: System
  Source: Microsoft-Windows-Kernel-Boot
  Date: 2017-06-04T13:42:20.935
  Event ID: 153
  Task: N/A
  Level: Information
  Opcode: Info
  Keyword: N/A
  User: S-1-5-18
  User Name: NT AUTHORITY\SYSTEM
  Computer: asus
  Description: 
Virtualization-based security (policies: 0) is disabled.

Event[1241]:
  Log Name: System
  Source: Microsoft-Windows-Kernel-Boot
  Date: 2017-06-04T13:42:20.935
  Event ID: 20
  Task: N/A
  Level: Information
  Opcode: Info
  Keyword: N/A
  User: S-1-5-18
  User Name: NT AUTHORITY\SYSTEM
  Computer: asus
  Description: 
The last shutdown's success status was true. The last boot's success status was true.

Event[1242]:
  Log Name: System
  Source: Microsoft-Windows-Kernel-Boot
  Date: 2017-06-04T13:42:20.935
  Event ID: 27
  Task: N/A
  Level: Information
  Opcode: Info
  Keyword: N/A
  User: S-1-5-18
  User Name: NT AUTHORITY\SYSTEM
  Computer: asus
  Description: 
The boot type was 0x0.

Event[1243]:
  Log Name: System
  Source: Microsoft-Windows-Kernel-Boot
  Date: 2017-06-04T13:42:20.935
  Event ID: 25
  Task: N/A
  Level: Information
  Opcode: Info
  Keyword: N/A
  User: S-1-5-18
  User Name: NT AUTHORITY\SYSTEM
  Computer: asus
  Description: 
The boot menu policy was 0x1.

Event[1244]:
  Log Name: System
  Source: Microsoft-Windows-Kernel-Boot
  Date: 2017-06-04T13:42:20.935
  Event ID: 18
  Task: N/A
  Level: Information
  Opcode: Info
  Keyword: N/A
  User: S-1-5-18
  User Name: NT AUTHORITY\SYSTEM
  Computer: asus
  Description: 
There are 0x2 boot options on this system.

Event[1245]:
  Log Name: System
  Source: Microsoft-Windows-Kernel-Boot
  Date: 2017-06-04T13:42:20.935
  Event ID: 32
  Task: N/A
  Level: Information
  Opcode: Info
  Keyword: N/A
  User: S-1-5-18
  User Name: NT AUTHORITY\SYSTEM
  Computer: asus
  Description: 
The bootmgr spent 0 ms waiting for user input.

Event[1246]:
  Log Name: System
  Source: Microsoft-Windows-FilterManager
  Date: 2017-06-04T13:42:24.790
  Event ID: 6
  Task: N/A
  Level: Information
  Opcode: Info
  Keyword: N/A
  User: S-1-5-18
  User Name: NT AUTHORITY\SYSTEM
  Computer: asus
  Description: 
File System Filter 'FileInfo' (10.0, ?2042?-?06?-?30T16:43:32.000000000Z) has successfully loaded and registered with Filter Manager.

Event[1247]:
  Log Name: System
  Source: Microsoft-Windows-FilterManager
  Date: 2017-06-04T13:42:24.791
  Event ID: 6
  Task: N/A
  Level: Information
  Opcode: Info
  Keyword: N/A
  User: S-1-5-18
  User Name: NT AUTHORITY\SYSTEM
  Computer: asus
  Description: 
File System Filter 'Wof' (10.0, ?1974?-?03?-?12T00:47:45.000000000Z) has successfully loaded and registered with Filter Manager.

Event[1248]:
  Log Name: System
  Source: Microsoft-Windows-Ntfs
  Date: 2017-06-04T13:42:28.559
  Event ID: 98
  Task: N/A
  Level: Information
  Opcode: Info
  Keyword: N/A
  User: S-1-5-18
  User Name: NT AUTHORITY\SYSTEM
  Computer: asus
  Description: 
Volume C: (\Device\HarddiskVolume2) is healthy.  No action is needed.

Event[1249]:
  Log Name: System
  Source: Microsoft-Windows-FilterManager
  Date: 2017-06-04T13:42:29.075
  Event ID: 6
  Task: N/A
  Level: Information
  Opcode: Info
  Keyword: N/A
  User: S-1-5-18
  User Name: NT AUTHORITY\SYSTEM
  Computer: asus
  Description: 
File System Filter 'FileCrypt' (10.0, ?2030?-?05?-?28T10:10:59.000000000Z) has successfully loaded and registered with Filter Manager.

Event[1250]:
  Log Name: System
  Source: Microsoft-Windows-FilterManager
  Date: 2017-06-04T13:42:29.813
  Event ID: 6
  Task: N/A
  Level: Information
  Opcode: Info
  Keyword: N/A
  User: S-1-5-18
  User Name: NT AUTHORITY\SYSTEM
  Computer: asus
  Description: 
File System Filter 'npsvctrig' (10.0, ?2097?-?07?-?25T12:18:05.000000000Z) has successfully loaded and registered with Filter Manager.

Event[1251]:
  Log Name: System
  Source: avkmgr
  Date: 2017-06-04T13:42:29.928
  Event ID: 17
  Task: N/A
  Level: Information
  Opcode: N/A
  Keyword: Classic
  User: N/A
  User Name: N/A
  Computer: asus
  Description: 
avkmgr.sys successfully loaded

Event[1252]:
  Log Name: System
  Source: avipbb
  Date: 2017-06-04T13:42:30.053
  Event ID: 17
  Task: N/A
  Level: Information
  Opcode: N/A
  Keyword: Classic
  User: N/A
  User Name: N/A
  Computer: asus
  Description: 
avipbb.sys successfully loaded

Event[1253]:
  Log Name: System
  Source: Microsoft-Windows-Kernel-Power
  Date: 2017-06-04T13:42:30.254
  Event ID: 172
  Task: N/A
  Level: Information
  Opcode: Info
  Keyword: N/A
  User: S-1-5-18
  User Name: NT AUTHORITY\SYSTEM
  Computer: asus
  Description: 
Connectivity state in standby: Disconnected, Reason: NIC compliance

Event[1254]:
  Log Name: System
  Source: Microsoft-Windows-Kernel-Power
  Date: 2017-06-04T13:42:30.254
  Event ID: 508
  Task: N/A
  Level: Information
  Opcode: Info
  Keyword: N/A
  User: N/A
  User Name: N/A
  Computer: asus
  Description: 
The system has been constrained to a periodic tick 

Reason: Errata Manager override.

Event[1255]:
  Log Name: System
  Source: Microsoft-Windows-Ntfs
  Date: 2017-06-04T13:42:31.004
  Event ID: 98
  Task: N/A
  Level: Information
  Opcode: Info
  Keyword: N/A
  User: S-1-5-18
  User Name: NT AUTHORITY\SYSTEM
  Computer: asus
  Description: 
Volume D: (\Device\HarddiskVolume4) is healthy.  No action is needed.

Event[1256]:
  Log Name: System
  Source: Microsoft-Windows-Ntfs
  Date: 2017-06-04T13:42:31.473
  Event ID: 98
  Task: N/A
  Level: Information
  Opcode: Info
  Keyword: N/A
  User: S-1-5-18
  User Name: NT AUTHORITY\SYSTEM
  Computer: asus
  Description: 
Volume \\?\Volume{c5631e43-0000-0000-0000-100000000000} (\Device\HarddiskVolume1) is healthy.  No action is needed.

Event[1257]:
  Log Name: System
  Source: Microsoft-Windows-Kernel-Processor-Power
  Date: 2017-06-04T13:42:33.274
  Event ID: 55
  Task: N/A
  Level: Information
  Opcode: Info
  Keyword: N/A
  User: S-1-5-18
  User Name: NT AUTHORITY\SYSTEM
  Computer: asus
  Description: 
Processor 0 in group 0 exposes the following power management capabilities:

Idle state type: ACPI Idle (C) States (2 state(s))

Performance state type: ACPI Performance (P) / Throttle (T) States
Nominal Frequency (MHz): 2801
Maximum performance percentage: 100
Minimum performance percentage: 42
Minimum throttle percentage: 42

Event[1258]:
  Log Name: System
  Source: Microsoft-Windows-Kernel-Processor-Power
  Date: 2017-06-04T13:42:33.275
  Event ID: 55
  Task: N/A
  Level: Information
  Opcode: Info
  Keyword: N/A
  User: S-1-5-18
  User Name: NT AUTHORITY\SYSTEM
  Computer: asus
  Description: 
Processor 1 in group 0 exposes the following power management capabilities:

Idle state type: ACPI Idle (C) States (2 state(s))

Performance state type: ACPI Performance (P) / Throttle (T) States
Nominal Frequency (MHz): 2801
Maximum performance percentage: 100
Minimum performance percentage: 42
Minimum throttle percentage: 42

Event[1259]:
  Log Name: System
  Source: Microsoft-Windows-Kernel-Processor-Power
  Date: 2017-06-04T13:42:33.275
  Event ID: 55
  Task: N/A
  Level: Information
  Opcode: Info
  Keyword: N/A
  User: S-1-5-18
  User Name: NT AUTHORITY\SYSTEM
  Computer: asus
  Description: 
Processor 2 in group 0 exposes the following power management capabilities:

Idle state type: ACPI Idle (C) States (2 state(s))

Performance state type: ACPI Performance (P) / Throttle (T) States
Nominal Frequency (MHz): 2801
Maximum performance percentage: 100
Minimum performance percentage: 42
Minimum throttle percentage: 42

Event[1260]:
  Log Name: System
  Source: Microsoft-Windows-Kernel-Processor-Power
  Date: 2017-06-04T13:42:33.276
  Event ID: 55
  Task: N/A
  Level: Information
  Opcode: Info
  Keyword: N/A
  User: S-1-5-18
  User Name: NT AUTHORITY\SYSTEM
  Computer: asus
  Description: 
Processor 3 in group 0 exposes the following power management capabilities:

Idle state type: ACPI Idle (C) States (2 state(s))

Performance state type: ACPI Performance (P) / Throttle (T) States
Nominal Frequency (MHz): 2801
Maximum performance percentage: 100
Minimum performance percentage: 42
Minimum throttle percentage: 42

Event[1261]:
  Log Name: System
  Source: HECIx64
  Date: 2017-06-04T13:42:33.334
  Event ID: 2
  Task: N/A
  Level: Information
  Opcode: N/A
  Keyword: Classic
  User: N/A
  User Name: N/A
  Computer: asus
  Description: 
Intel(R) Management Engine Interface driver has started successfully.

Event[1262]:
  Log Name: System
  Source: Microsoft-Windows-Kernel-General
  Date: 2017-06-04T13:42:34.705
  Event ID: 15
  Task: N/A
  Level: Information
  Opcode: Info
  Keyword: N/A
  User: S-1-5-18
  User Name: NT AUTHORITY\SYSTEM
  Computer: asus
  Description: 
Hive \SystemRoot\System32\Config\SOFTWARE was reorganized with a starting size of 81530880 bytes and an ending size of 81223680 bytes.

Event[1263]:
  Log Name: System
  Source: Microsoft-Windows-Kernel-General
  Date: 2017-06-04T13:42:35.146
  Event ID: 16
  Task: N/A
  Level: Information
  Opcode: Info
  Keyword: N/A
  User: S-1-5-18
  User Name: NT AUTHORITY\SYSTEM
  Computer: asus
  Description: 
The access history in hive \SystemRoot\System32\Config\DEFAULT was cleared updating 443 keys and creating 46 modified pages.

Event[1264]:
