  Log Name: System
  Source: Microsoft-Windows-WindowsUpdateClient
  Date: 2017-06-01T15:04:24.889
  Event ID: 43
  Task: Windows Update Agent
  Level: Information
  Opcode: Installation
  Keyword: Installation,Started
  User: S-1-5-18
  User Name: NT AUTHORITY\SYSTEM
  Computer: DESKTOP-NGQE08I
  Description: 
Installation Started: Windows has started installing the following update: Phototastic Collage

Event[645]:
  Log Name: System
  Source: Microsoft-Windows-WindowsUpdateClient
  Date: 2017-06-01T15:04:30.286
  Event ID: 19
  Task: Windows Update Agent
  Level: Information
  Opcode: Installation
  Keyword: Installation,Success
  User: S-1-5-18
  User Name: NT AUTHORITY\SYSTEM
  Computer: DESKTOP-NGQE08I
  Description: 
Installation Successful: Windows successfully installed the following update: Phototastic Collage

Event[646]:
  Log Name: System
  Source: Service Control Manager
  Date: 2017-06-01T15:04:53.472
  Event ID: 7040
  Task: N/A
  Level: Information
  Opcode: N/A
  Keyword: Classic
  User: S-1-5-18
  User Name: NT AUTHORITY\SYSTEM
  Computer: DESKTOP-NGQE08I
  Description: 
The start type of the Background Intelligent Transfer Service service was changed from auto start to demand start.

Event[647]:
  Log Name: System
  Source: Service Control Manager
  Date: 2017-06-01T15:05:58.677
  Event ID: 7040
  Task: N/A
  Level: Information
  Opcode: N/A
  Keyword: Classic
  User: S-1-5-18
  User Name: NT AUTHORITY\SYSTEM
  Computer: DESKTOP-NGQE08I
  Description: 
The start type of the Background Intelligent Transfer Service service was changed from demand start to auto start.

Event[648]:
  Log Name: System
  Source: User32
  Date: 2017-06-01T15:06:01.611
  Event ID: 1074
  Task: N/A
  Level: Information
  Opcode: N/A
  Keyword: Classic
  User: S-1-5-21-1441030301-2801777419-3013317047-1001
  User Name: DESKTOP-NGQE08I\organ
  Computer: DESKTOP-NGQE08I
  Description: 
The process C:\Windows\System32\RuntimeBroker.exe (DESKTOP-NGQE08I) has initiated the restart of computer DESKTOP-NGQE08I on behalf of user DESKTOP-NGQE08I\organ for the following reason: Other (Unplanned)
 Reason Code: 0x0
 Shut-down Type: restart
 Comment: 

Event[649]:
  Log Name: System
  Source: EventLog
  Date: 2017-06-01T15:06:03.419
  Event ID: 6006
  Task: N/A
  Level: Information
  Opcode: N/A
  Keyword: Classic
  User: N/A
  User Name: N/A
  Computer: DESKTOP-NGQE08I
  Description: 
The Event log service was stopped.

Event[650]:
  Log Name: System
  Source: Microsoft-Windows-Winlogon
  Date: 2017-06-01T15:06:02.991
  Event ID: 7002
  Task: N/A
  Level: Information
  Opcode: Info
  Keyword: N/A
  User: S-1-5-18
  User Name: NT AUTHORITY\SYSTEM
  Computer: DESKTOP-NGQE08I
  Description: 
User Log-off Notification for Customer Experience Improvement Program

Event[651]:
  Log Name: System
  Source: Microsoft-Windows-Dhcp-Client
  Date: 2017-06-01T15:06:03.423
  Event ID: 50104
  Task: Service State Event
  Level: Information
  Opcode: ServiceShutdown
  Keyword: N/A
  User: S-1-5-19
  User Name: NT AUTHORITY\LOCAL SERVICE
  Computer: DESKTOP-NGQE08I
  Description: 
DHCPv4 client received shutdown notification

Event[652]:
  Log Name: System
  Source: Microsoft-Windows-Dhcp-Client
  Date: 2017-06-01T15:06:03.423
  Event ID: 50105
  Task: Service State Event
  Level: Information
  Opcode: ServiceShutdown
  Keyword: N/A
  User: S-1-5-19
  User Name: NT AUTHORITY\LOCAL SERVICE
  Computer: DESKTOP-NGQE08I
  Description: 
DHCPv4 client ProcessDHCPRequestForever received TERMINATE_EVENT

Event[653]:
  Log Name: System
  Source: Microsoft-Windows-DHCPv6-Client
  Date: 2017-06-01T15:06:03.426
  Event ID: 51047
  Task: Service State Event
  Level: Information
  Opcode: ServiceStop
  Keyword: N/A
  User: S-1-5-19
  User Name: NT AUTHORITY\LOCAL SERVICE
  Computer: DESKTOP-NGQE08I
  Description: 
DHCPv6 client service is stopped. ShutDown Flag value is 1

Event[654]:
  Log Name: System
  Source: Microsoft-Windows-DHCPv6-Client
  Date: 2017-06-01T15:06:03.426
  Event ID: 51057
  Task: Service State Event
  Level: Information
  Opcode: ServiceStopWithRefCount
  Keyword: N/A
  User: S-1-5-19
  User Name: NT AUTHORITY\LOCAL SERVICE
  Computer: DESKTOP-NGQE08I
  Description: 
DHCPv6 client service stop is almost done.DHCP Context Ref count is 1

Event[655]:
  Log Name: System
  Source: Microsoft-Windows-DHCPv6-Client
  Date: 2017-06-01T15:06:03.426
  Event ID: 51057
  Task: Service State Event
  Level: Information
  Opcode: ServiceStopWithRefCount
  Keyword: N/A
  User: S-1-5-19
  User Name: NT AUTHORITY\LOCAL SERVICE
  Computer: DESKTOP-NGQE08I
  Description: 
DHCPv6 client service stop is almost done.DHCP Context Ref count is 1

Event[656]:
  Log Name: System
  Source: Microsoft-Windows-Dhcp-Client
  Date: 2017-06-01T15:06:03.426
  Event ID: 50106
  Task: Service State Event
  Level: Information
  Opcode: ServiceShutdown
  Keyword: N/A
  User: S-1-5-19
  User Name: NT AUTHORITY\LOCAL SERVICE
  Computer: DESKTOP-NGQE08I
  Description: 
DHCPv4 is waiting on DHCPv6 service to stop

Event[657]:
  Log Name: System
  Source: Microsoft-Windows-Dhcp-Client
  Date: 2017-06-01T15:06:03.428
  Event ID: 50037
  Task: Service State Event
  Level: Information
  Opcode: ServiceStop
  Keyword: N/A
  User: S-1-5-19
  User Name: NT AUTHORITY\LOCAL SERVICE
  Computer: DESKTOP-NGQE08I
  Description: 
DHCPv4 client service is stopped. ShutDown Flag value is 1

Event[658]:
  Log Name: System
  Source: EventLog
  Date: 2017-06-01T15:06:39.911
  Event ID: 6009
  Task: N/A
  Level: Information
  Opcode: N/A
  Keyword: Classic
  User: N/A
  User Name: N/A
  Computer: DESKTOP-NGQE08I
  Description: 
Microsoft (R) Windows (R) 10.00. 15063  Multiprocessor Free.

Event[659]:
  Log Name: System
  Source: EventLog
  Date: 2017-06-01T15:06:39.911
  Event ID: 6005
  Task: N/A
  Level: Information
  Opcode: N/A
  Keyword: Classic
  User: N/A
  User Name: N/A
  Computer: DESKTOP-NGQE08I
  Description: 
The Event log service was started.

Event[660]:
  Log Name: System
  Source: EventLog
  Date: 2017-06-01T15:06:39.911
  Event ID: 6013
  Task: N/A
  Level: Information
  Opcode: N/A
  Keyword: Classic
  User: N/A
  User Name: N/A
  Computer: DESKTOP-NGQE08I
  Description: 
The system uptime is 11 seconds.

Event[661]:
  Log Name: System
  Source: Microsoft-Windows-Kernel-Power
  Date: 2017-06-01T15:06:05.283
  Event ID: 109
  Task: N/A
  Level: Information
  Opcode: Info
  Keyword: N/A
  User: N/A
  User Name: N/A
  Computer: DESKTOP-NGQE08I
  Description: 
The kernel power manager has initiated a shutdown transition.

Shutdown Reason: Kernel API

Event[662]:
  Log Name: System
  Source: Microsoft-Windows-Kernel-General
  Date: 2017-06-01T15:06:06.363
  Event ID: 13
  Task: N/A
  Level: Information
  Opcode: Info
  Keyword: N/A
  User: N/A
  User Name: N/A
  Computer: DESKTOP-NGQE08I
  Description: 
The operating system is shutting down at system time ?2017?-?06?-?01T14:06:06.363371100Z.

Event[663]:
  Log Name: System
  Source: Microsoft-Windows-Kernel-General
  Date: 2017-06-01T15:06:28.681
  Event ID: 12
  Task: N/A
  Level: Information
  Opcode: Info
  Keyword: N/A
  User: S-1-5-18
  User Name: NT AUTHORITY\SYSTEM
  Computer: DESKTOP-NGQE08I
  Description: 
The operating system started at system time ?2017?-?06?-?01T14:06:28.497495700Z.

Event[664]:
  Log Name: System
  Source: Microsoft-Windows-Kernel-Boot
  Date: 2017-06-01T15:06:28.681
  Event ID: 153
  Task: N/A
  Level: Information
  Opcode: Info
  Keyword: N/A
  User: S-1-5-18
  User Name: NT AUTHORITY\SYSTEM
  Computer: DESKTOP-NGQE08I
  Description: 
Virtualization-based security (policies: 0) is disabled.

Event[665]:
  Log Name: System
  Source: Microsoft-Windows-Kernel-Boot
  Date: 2017-06-01T15:06:28.681
  Event ID: 18
  Task: N/A
  Level: Information
  Opcode: Info
  Keyword: N/A
  User: S-1-5-18
  User Name: NT AUTHORITY\SYSTEM
  Computer: DESKTOP-NGQE08I
  Description: 
There are 0x1 boot options on this system.

Event[666]:
  Log Name: System
  Source: Microsoft-Windows-Kernel-Boot
  Date: 2017-06-01T15:06:28.681
  Event ID: 32
  Task: N/A
  Level: Information
  Opcode: Info
  Keyword: N/A
  User: S-1-5-18
  User Name: NT AUTHORITY\SYSTEM
  Computer: DESKTOP-NGQE08I
  Description: 
The bootmgr spent 0 ms waiting for user input.

Event[667]:
  Log Name: System
  Source: Microsoft-Windows-Kernel-Boot
  Date: 2017-06-01T15:06:28.681
  Event ID: 20
  Task: N/A
  Level: Information
  Opcode: Info
  Keyword: N/A
  User: S-1-5-18
  User Name: NT AUTHORITY\SYSTEM
  Computer: DESKTOP-NGQE08I
  Description: 
The last shutdown's success status was true. The last boot's success status was true.

Event[668]:
  Log Name: System
  Source: Microsoft-Windows-Kernel-Boot
  Date: 2017-06-01T15:06:28.681
  Event ID: 27
  Task: N/A
  Level: Information
  Opcode: Info
  Keyword: N/A
  User: S-1-5-18
  User Name: NT AUTHORITY\SYSTEM
  Computer: DESKTOP-NGQE08I
  Description: 
The boot type was 0x0.

Event[669]:
  Log Name: System
  Source: Microsoft-Windows-Kernel-Boot
  Date: 2017-06-01T15:06:28.681
  Event ID: 25
  Task: N/A
  Level: Information
  Opcode: Info
  Keyword: N/A
  User: S-1-5-18
  User Name: NT AUTHORITY\SYSTEM
  Computer: DESKTOP-NGQE08I
  Description: 
The boot menu policy was 0x1.

Event[670]:
  Log Name: System
  Source: Microsoft-Windows-Kernel-Boot
  Date: 2017-06-01T15:06:28.681
  Event ID: 30
  Task: N/A
  Level: Information
  Opcode: Info
  Keyword: N/A
  User: S-1-5-18
  User Name: NT AUTHORITY\SYSTEM
  Computer: DESKTOP-NGQE08I
  Description: 
The firmware reported boot metrics.

Event[671]:
  Log Name: System
  Source: Microsoft-Windows-FilterManager
  Date: 2017-06-01T15:06:32.290
  Event ID: 6
  Task: N/A
  Level: Information
  Opcode: Info
  Keyword: N/A
  User: S-1-5-18
  User Name: NT AUTHORITY\SYSTEM
  Computer: DESKTOP-NGQE08I
  Description: 
File System Filter 'FileInfo' (10.0, ?2042?-?06?-?30T15:43:32.000000000Z) has successfully loaded and registered with Filter Manager.

Event[672]:
  Log Name: System
  Source: Microsoft-Windows-FilterManager
  Date: 2017-06-01T15:06:32.291
  Event ID: 6
  Task: N/A
  Level: Information
  Opcode: Info
  Keyword: N/A
  User: S-1-5-18
  User Name: NT AUTHORITY\SYSTEM
  Computer: DESKTOP-NGQE08I
  Description: 
File System Filter 'Wof' (10.0, ?1974?-?03?-?11T23:47:45.000000000Z) has successfully loaded and registered with Filter Manager.

Event[673]:
  Log Name: System
  Source: Microsoft-Windows-FilterManager
  Date: 2017-06-01T15:06:32.292
  Event ID: 6
  Task: N/A
  Level: Information
  Opcode: Info
  Keyword: N/A
  User: S-1-5-18
  User Name: NT AUTHORITY\SYSTEM
  Computer: DESKTOP-NGQE08I
  Description: 
File System Filter 'WdFilter' (10.0, ?2102?-?10?-?04T17:25:01.000000000Z) has successfully loaded and registered with Filter Manager.

Event[674]:
  Log Name: System
  Source: Microsoft-Windows-Ntfs
  Date: 2017-06-01T15:06:33.866
  Event ID: 98
  Task: N/A
  Level: Information
  Opcode: Info
  Keyword: N/A
  User: S-1-5-18
  User Name: NT AUTHORITY\SYSTEM
  Computer: DESKTOP-NGQE08I
  Description: 
Volume C: (\Device\HarddiskVolume4) is healthy.  No action is needed.

Event[675]:
  Log Name: System
  Source: Microsoft-Windows-FilterManager
  Date: 2017-06-01T15:06:33.940
  Event ID: 6
  Task: N/A
  Level: Information
  Opcode: Info
  Keyword: N/A
  User: S-1-5-18
  User Name: NT AUTHORITY\SYSTEM
  Computer: DESKTOP-NGQE08I
  Description: 
File System Filter 'FileCrypt' (10.0, ?2030?-?05?-?28T09:10:59.000000000Z) has successfully loaded and registered with Filter Manager.

Event[676]:
  Log Name: System
  Source: Microsoft-Windows-FilterManager
  Date: 2017-06-01T15:06:33.997
  Event ID: 6
  Task: N/A
  Level: Information
  Opcode: Info
  Keyword: N/A
  User: S-1-5-18
  User Name: NT AUTHORITY\SYSTEM
  Computer: DESKTOP-NGQE08I
  Description: 
File System Filter 'npsvctrig' (10.0, ?2097?-?07?-?25T11:18:05.000000000Z) has successfully loaded and registered with Filter Manager.

Event[677]:
  Log Name: System
  Source: Microsoft-Windows-Kernel-Power
  Date: 2017-06-01T15:06:34.018
  Event ID: 172
  Task: N/A
  Level: Information
  Opcode: Info
  Keyword: N/A
  User: S-1-5-18
  User Name: NT AUTHORITY\SYSTEM
  Computer: DESKTOP-NGQE08I
  Description: 
Connectivity state in standby: Disconnected, Reason: NIC compliance

Event[678]:
  Log Name: System
  Source: Microsoft-Windows-DriverFrameworks-UserMode
  Date: 2017-06-01T15:06:34.137
  Event ID: 10114
  Task: Startup of the UMDF reflector
  Level: Information
  Opcode: Info
  Keyword: N/A
  User: S-1-5-18
  User Name: NT AUTHORITY\SYSTEM
  Computer: DESKTOP-NGQE08I
  Description: 
WUDFPf (part of UMDF) did not load yet. After it does, Windows will start the device again.

Event[679]:
  Log Name: System
  Source: Microsoft-Windows-Kernel-PnP
  Date: 2017-06-01T15:06:34.137
  Event ID: 219
  Task: N/A
  Level: Warning
  Opcode: Info
  Keyword: N/A
  User: S-1-5-18
  User Name: NT AUTHORITY\SYSTEM
  Computer: DESKTOP-NGQE08I
  Description: 
The driver \Driver\WUDFRd failed to load for the device ACPI\PNP0A0A\2&daba3ff&0.

Event[680]:
  Log Name: System
  Source: Microsoft-Windows-Kernel-Processor-Power
  Date: 2017-06-01T15:06:34.150
  Event ID: 55
  Task: N/A
  Level: Information
  Opcode: Info
  Keyword: N/A
  User: S-1-5-18
  User Name: NT AUTHORITY\SYSTEM
  Computer: DESKTOP-NGQE08I
  Description: 
Processor 0 in group 0 exposes the following power management capabilities:

Idle state type: ACPI Idle (C) States (2 state(s))

Performance state type: ACPI Performance (P) / Throttle (T) States
Nominal Frequency (MHz): 3501
Maximum performance percentage: 100
Minimum performance percentage: 34
Minimum throttle percentage: 4

Event[681]:
  Log Name: System
  Source: Microsoft-Windows-Kernel-Processor-Power
  Date: 2017-06-01T15:06:34.150
  Event ID: 55
  Task: N/A
  Level: Information
  Opcode: Info
  Keyword: N/A
  User: S-1-5-18
  User Name: NT AUTHORITY\SYSTEM
  Computer: DESKTOP-NGQE08I
  Description: 
Processor 2 in group 0 exposes the following power management capabilities:

Idle state type: ACPI Idle (C) States (2 state(s))

Performance state type: ACPI Performance (P) / Throttle (T) States
Nominal Frequency (MHz): 3501
Maximum performance percentage: 100
Minimum performance percentage: 34
Minimum throttle percentage: 4

Event[682]:
  Log Name: System
  Source: Microsoft-Windows-Kernel-Processor-Power
  Date: 2017-06-01T15:06:34.151
  Event ID: 55
  Task: N/A
  Level: Information
  Opcode: Info
  Keyword: N/A
  User: S-1-5-18
  User Name: NT AUTHORITY\SYSTEM
  Computer: DESKTOP-NGQE08I
  Description: 
Processor 4 in group 0 exposes the following power management capabilities:

Idle state type: ACPI Idle (C) States (2 state(s))

Performance state type: ACPI Performance (P) / Throttle (T) States
Nominal Frequency (MHz): 3501
Maximum performance percentage: 100
Minimum performance percentage: 34
Minimum throttle percentage: 4

Event[683]:
  Log Name: System
  Source: Microsoft-Windows-Kernel-Processor-Power
  Date: 2017-06-01T15:06:34.152
  Event ID: 55
  Task: N/A
  Level: Information
  Opcode: Info
  Keyword: N/A
  User: S-1-5-18
  User Name: NT AUTHORITY\SYSTEM
  Computer: DESKTOP-NGQE08I
  Description: 
Processor 6 in group 0 exposes the following power management capabilities:

Idle state type: ACPI Idle (C) States (2 state(s))

Performance state type: ACPI Performance (P) / Throttle (T) States
Nominal Frequency (MHz): 3501
Maximum performance percentage: 100
Minimum performance percentage: 34
Minimum throttle percentage: 4

Event[684]:
  Log Name: System
  Source: Microsoft-Windows-Kernel-Processor-Power
  Date: 2017-06-01T15:06:34.152
  Event ID: 55
  Task: N/A
  Level: Information
  Opcode: Info
  Keyword: N/A
  User: S-1-5-18
  User Name: NT AUTHORITY\SYSTEM
  Computer: DESKTOP-NGQE08I
  Description: 
Processor 8 in group 0 exposes the following power management capabilities:

Idle state type: ACPI Idle (C) States (2 state(s))

Performance state type: ACPI Performance (P) / Throttle (T) States
Nominal Frequency (MHz): 3501
Maximum performance percentage: 100
Minimum performance percentage: 34
Minimum throttle percentage: 4

Event[685]:
  Log Name: System
  Source: Microsoft-Windows-Kernel-Processor-Power
  Date: 2017-06-01T15:06:34.153
  Event ID: 55
  Task: N/A
  Level: Information
  Opcode: Info
  Keyword: N/A
  User: S-1-5-18
  User Name: NT AUTHORITY\SYSTEM
  Computer: DESKTOP-NGQE08I
  Description: 
Processor 10 in group 0 exposes the following power management capabilities:

Idle state type: ACPI Idle (C) States (2 state(s))

Performance state type: ACPI Performance (P) / Throttle (T) States
Nominal Frequency (MHz): 3501
Maximum performance percentage: 100
Minimum performance percentage: 34
Minimum throttle percentage: 4

Event[686]:
  Log Name: System
  Source: Microsoft-Windows-Kernel-Processor-Power
  Date: 2017-06-01T15:06:34.153
  Event ID: 55
  Task: N/A
  Level: Information
  Opcode: Info
  Keyword: N/A
  User: S-1-5-18
  User Name: NT AUTHORITY\SYSTEM
  Computer: DESKTOP-NGQE08I
  Description: 
Processor 1 in group 0 exposes the following power management capabilities:

Idle state type: ACPI Idle (C) States (2 state(s))

Performance state type: ACPI Performance (P) / Throttle (T) States
Nominal Frequency (MHz): 3501
Maximum performance percentage: 100
Minimum performance percentage: 34
Minimum throttle percentage: 4

Event[687]:
  Log Name: System
  Source: Microsoft-Windows-Kernel-Processor-Power
  Date: 2017-06-01T15:06:34.154
  Event ID: 55
  Task: N/A
  Level: Information
  Opcode: Info
  Keyword: N/A
  User: S-1-5-18
  User Name: NT AUTHORITY\SYSTEM
  Computer: DESKTOP-NGQE08I
  Description: 
Processor 3 in group 0 exposes the following power management capabilities:

Idle state type: ACPI Idle (C) States (2 state(s))

Performance state type: ACPI Performance (P) / Throttle (T) States
Nominal Frequency (MHz): 3501
Maximum performance percentage: 100
Minimum performance percentage: 34
Minimum throttle percentage: 4

Event[688]:
  Log Name: System
  Source: Microsoft-Windows-Kernel-Processor-Power
  Date: 2017-06-01T15:06:34.155
  Event ID: 55
  Task: N/A
  Level: Information
  Opcode: Info
  Keyword: N/A
  User: S-1-5-18
  User Name: NT AUTHORITY\SYSTEM
  Computer: DESKTOP-NGQE08I
  Description: 
Processor 5 in group 0 exposes the following power management capabilities:

Idle state type: ACPI Idle (C) States (2 state(s))

Performance state type: ACPI Performance (P) / Throttle (T) States
Nominal Frequency (MHz): 3501
Maximum performance percentage: 100
Minimum performance percentage: 34
Minimum throttle percentage: 4

Event[689]:
  Log Name: System
  Source: Microsoft-Windows-Kernel-Processor-Power
  Date: 2017-06-01T15:06:34.155
  Event ID: 55
  Task: N/A
  Level: Information
  Opcode: Info
  Keyword: N/A
  User: S-1-5-18
  User Name: NT AUTHORITY\SYSTEM
  Computer: DESKTOP-NGQE08I
  Description: 
Processor 7 in group 0 exposes the following power management capabilities:

Idle state type: ACPI Idle (C) States (2 state(s))

Performance state type: ACPI Performance (P) / Throttle (T) States
Nominal Frequency (MHz): 3501
Maximum performance percentage: 100
Minimum performance percentage: 34
Minimum throttle percentage: 4

Event[690]:
  Log Name: System
  Source: Microsoft-Windows-Kernel-Processor-Power
  Date: 2017-06-01T15:06:34.156
  Event ID: 55
  Task: N/A
  Level: Information
  Opcode: Info
  Keyword: N/A
  User: S-1-5-18
  User Name: NT AUTHORITY\SYSTEM
  Computer: DESKTOP-NGQE08I
  Description: 
Processor 9 in group 0 exposes the following power management capabilities:

Idle state type: ACPI Idle (C) States (2 state(s))

Performance state type: ACPI Performance (P) / Throttle (T) States
Nominal Frequency (MHz): 3501
Maximum performance percentage: 100
Minimum performance percentage: 34
Minimum throttle percentage: 4

Event[691]:
  Log Name: System
  Source: Microsoft-Windows-Kernel-Processor-Power
  Date: 2017-06-01T15:06:34.157
  Event ID: 55
  Task: N/A
  Level: Information
  Opcode: Info
  Keyword: N/A
  User: S-1-5-18
  User Name: NT AUTHORITY\SYSTEM
  Computer: DESKTOP-NGQE08I
  Description: 
Processor 11 in group 0 exposes the following power management capabilities:

Idle state type: ACPI Idle (C) States (2 state(s))

Performance state type: ACPI Performance (P) / Throttle (T) States
Nominal Frequency (MHz): 3501
Maximum performance percentage: 100
Minimum performance percentage: 34
Minimum throttle percentage: 4

Event[692]:
  Log Name: System
  Source: MEIx64
  Date: 2017-06-01T15:06:34.215
  Event ID: 2
  Task: N/A
  Level: Information
  Opcode: N/A
  Keyword: Classic
  User: N/A
  User Name: N/A
  Computer: DESKTOP-NGQE08I
  Description: 
Intel(R) Management Engine Interface driver has started successfully.

Event[693]:
  Log Name: System
  Source: Microsoft-Windows-Ntfs
  Date: 2017-06-01T15:06:34.633
  Event ID: 98
  Task: N/A
  Level: Information
  Opcode: Info
  Keyword: N/A
  User: S-1-5-18
  User Name: NT AUTHORITY\SYSTEM
  Computer: DESKTOP-NGQE08I
  Description: 
Volume D: (\Device\HarddiskVolume5) is healthy.  No action is needed.

Event[694]:
  Log Name: System
  Source: Microsoft-Windows-Ntfs
  Date: 2017-06-01T15:06:35.394
  Event ID: 98
  Task: N/A
  Level: Information
  Opcode: Info
  Keyword: N/A
  User: S-1-5-18
  User Name: NT AUTHORITY\SYSTEM
  Computer: DESKTOP-NGQE08I
  Description: 
Volume H: (\Device\HarddiskVolume10) is healthy.  No action is needed.

Event[695]:
  Log Name: System
  Source: Microsoft-Windows-Ntfs
  Date: 2017-06-01T15:06:36.469
  Event ID: 98
  Task: N/A
  Level: Information
  Opcode: Info
  Keyword: N/A
  User: S-1-5-18
  User Name: NT AUTHORITY\SYSTEM
  Computer: DESKTOP-NGQE08I
  Description: 
Volume E: (\Device\HarddiskVolume7) is healthy.  No action is needed.

Event[696]:
  Log Name: System
  Source: Microsoft-Windows-Ntfs
  Date: 2017-06-01T15:06:37.234
  Event ID: 98
  Task: N/A
  Level: Information
  Opcode: Info
  Keyword: N/A
  User: S-1-5-18
  User Name: NT AUTHORITY\SYSTEM
  Computer: DESKTOP-NGQE08I
  Description: 
Volume F: (\Device\HarddiskVolume8) is healthy.  No action is needed.

Event[697]:
  Log Name: System
  Source: Microsoft-Windows-Ntfs
  Date: 2017-06-01T15:06:37.747
  Event ID: 98
  Task: N/A
  Level: Information
  Opcode: Info
  Keyword: N/A
  User: S-1-5-18
  User Name: NT AUTHORITY\SYSTEM
  Computer: DESKTOP-NGQE08I
  Description: 
Volume G: (\Device\HarddiskVolume9) is healthy.  No action is needed.

Event[698]:
  Log Name: System
  Source: Microsoft-Windows-Ntfs
  Date: 2017-06-01T15:06:37.816
  Event ID: 98
  Task: N/A
  Level: Information
  Opcode: Info
  Keyword: N/A
  User: S-1-5-18
  User Name: NT AUTHORITY\SYSTEM
  Computer: DESKTOP-NGQE08I
  Description: 
Volume \\?\Volume{fccc927e-093e-491a-9791-61bb14ac26ca} (\Device\HarddiskVolume1) is healthy.  No action is needed.

Event[699]:
  Log Name: System
  Source: e1iexpress
  Date: 2017-06-01T15:06:37.893
  Event ID: 32
  Task: N/A
  Level: Information
  Opcode: N/A
  Keyword: Classic
  User: N/A
  User Name: N/A
  Computer: DESKTOP-NGQE08I
  Description: 
Intel(R) Ethernet Connection (2) I218-V
 Network link has been established at 1Gbps full duplex.


Event[700]:
  Log Name: System
  Source: Microsoft-Windows-Wininit
  Date: 2017-06-01T15:06:39.514
  Event ID: 14
  Task: N/A
  Level: Information
  Opcode: Info
  Keyword: N/A
  User: S-1-5-18
  User Name: NT AUTHORITY\SYSTEM
  Computer: DESKTOP-NGQE08I
  Description: 
Credential Guard (LsaIso.exe) configuration: 0x0, 0

Event[701]:
  Log Name: System
  Source: Microsoft-Windows-Directory-Services-SAM
  Date: 2017-06-01T15:06:39.667
  Event ID: 16962
  Task: N/A
  Level: Information
  Opcode: Info
  Keyword: N/A
  User: S-1-5-18
  User Name: NT AUTHORITY\SYSTEM
  Computer: DESKTOP-NGQE08I
  Description: 
Remote calls to the SAM database are being restricted using the default security descriptor: O:SYG:SYD:(A;;RC;;;BA).
For more information please see http://go.microsoft.com/fwlink/?LinkId=787651.

Event[702]:
  Log Name: System
  Source: Microsoft-Windows-FilterManager
  Date: 2017-06-01T15:06:39.894
  Event ID: 6
  Task: N/A
  Level: Information
  Opcode: Info
  Keyword: N/A
  User: S-1-5-18
  User Name: NT AUTHORITY\SYSTEM
  Computer: DESKTOP-NGQE08I
  Description: 
File System Filter 'wcifs' (10.0, ?2001?-?02?-?14T04:10:20.000000000Z) has successfully loaded and registered with Filter Manager.

Event[703]:
  Log Name: System
  Source: Microsoft-Windows-FilterManager
  Date: 2017-06-01T15:06:39.907
  Event ID: 6
  Task: N/A
  Level: Information
  Opcode: Info
  Keyword: N/A
  User: S-1-5-18
  User Name: NT AUTHORITY\SYSTEM
  Computer: DESKTOP-NGQE08I
  Description: 
File System Filter 'luafv' (10.0, ?2037?-?06?-?08T10:55:59.000000000Z) has successfully loaded and registered with Filter Manager.

Event[704]:
  Log Name: System
  Source: Service Control Manager
  Date: 2017-06-01T15:06:39.896
  Event ID: 7000
  Task: N/A
  Level: Error
  Opcode: N/A
  Keyword: Classic
  User: N/A
  User Name: N/A
  Computer: DESKTOP-NGQE08I
  Description: 
The CldFlt service failed to start due to the following error: 
The request is not supported.

Event[705]:
  Log Name: System
  Source: Microsoft-Windows-FilterManager
  Date: 2017-06-01T15:06:39.910
  Event ID: 6
  Task: N/A
  Level: Information
  Opcode: Info
  Keyword: N/A
  User: S-1-5-18
  User Name: NT AUTHORITY\SYSTEM
  Computer: DESKTOP-NGQE08I
  Description: 
File System Filter 'storqosflt' (10.0, ?2015?-?12?-?18T04:36:27.000000000Z) has successfully loaded and registered with Filter Manager.

Event[706]:
  Log Name: System
  Source: Microsoft-Windows-Dhcp-Client
  Date: 2017-06-01T15:06:39.933
  Event ID: 50036
  Task: Service State Event
  Level: Information
  Opcode: ServiceStart
  Keyword: N/A
  User: S-1-5-19
  User Name: NT AUTHORITY\LOCAL SERVICE
  Computer: DESKTOP-NGQE08I
  Description: 
DHCPv4 client service is started

Event[707]:
  Log Name: System
  Source: Microsoft-Windows-Dhcp-Client
  Date: 2017-06-01T15:06:39.934
  Event ID: 50103
  Task: Service State Event
  Level: Information
  Opcode: ServiceShutdown
  Keyword: N/A
  User: S-1-5-19
  User Name: NT AUTHORITY\LOCAL SERVICE
  Computer: DESKTOP-NGQE08I
  Description: 
DHCPv4 client registered for shutdown notification

Event[708]:
  Log Name: System
  Source: Microsoft-Windows-DHCPv6-Client
  Date: 2017-06-01T15:06:39.940
  Event ID: 51046
  Task: Service State Event
  Level: Information
  Opcode: ServiceStart
  Keyword: N/A
  User: S-1-5-19
  User Name: NT AUTHORITY\LOCAL SERVICE
  Computer: DESKTOP-NGQE08I
  Description: 
DHCPv6 client service is started

Event[709]:
  Log Name: System
  Source: Service Control Manager
  Date: 2017-06-01T15:06:40.646
  Event ID: 7026
  Task: N/A
  Level: Information
  Opcode: N/A
  Keyword: Classic
  User: N/A
  User Name: N/A
  Computer: DESKTOP-NGQE08I
  Description: 
The following boot-start or system-start driver(s) did not load: 
dam

Event[710]:
  Log Name: System
  Source: Microsoft-Windows-Winlogon
  Date: 2017-06-01T15:06:49.711
  Event ID: 7001
  Task: N/A
  Level: Information
  Opcode: Info
  Keyword: N/A
  User: S-1-5-18
  User Name: NT AUTHORITY\SYSTEM
  Computer: DESKTOP-NGQE08I
  Description: 
User Log-on Notification for Customer Experience Improvement Program

Event[711]:
  Log Name: System
  Source: Microsoft-Windows-UserPnp
  Date: 2017-06-01T15:09:18.677
  Event ID: 20003
  Task: N/A
  Level: Information
  Opcode: Info
  Keyword: N/A
  User: S-1-5-18
  User Name: NT AUTHORITY\SYSTEM
  Computer: DESKTOP-NGQE08I
  Description: 
Driver Management has concluded the process to add Service NVHDA for Device Instance ID HDAUDIO\FUNC_01&VEN_10DE&DEV_0070&SUBSYS_10DE1151&REV_1001\5&2CC6AD20&0&0001 with the following status: 0.

Event[712]:
  Log Name: System
  Source: Microsoft-Windows-UserPnp
  Date: 2017-06-01T15:09:19.149
  Event ID: 20001
  Task: N/A
  Level: Information
  Opcode: Info
  Keyword: N/A
  User: S-1-5-18
  User Name: NT AUTHORITY\SYSTEM
  Computer: DESKTOP-NGQE08I
  Description: 
Driver Management concluded the process to install driver nvhda.inf_amd64_179715376f3cae4c\nvhda.inf for Device Instance ID HDAUDIO\FUNC_01&VEN_10DE&DEV_0070&SUBSYS_10DE1151&REV_1001\5&2CC6AD20&0&0001 with the following status: 0x0.

Event[713]:
  Log Name: System
  Source: Service Control Manager
  Date: 2017-06-01T15:09:20.014
  Event ID: 7045
  Task: N/A
  Level: Information
  Opcode: N/A
  Keyword: Classic
  User: S-1-5-18
  User Name: NT AUTHORITY\SYSTEM
  Computer: DESKTOP-NGQE08I
  Description: 
A service was installed in the system.

Service Name:  Sound Blaster Audio Driver
Service File Name:  \SystemRoot\system32\drivers\cthda.sys
Service Type:  kernel mode driver
Service Start Type:  demand start
Service Account:  

Event[714]:
  Log Name: System
  Source: Microsoft-Windows-UserPnp
  Date: 2017-06-01T15:09:20.027
  Event ID: 20003
  Task: N/A
  Level: Information
  Opcode: Info
  Keyword: N/A
  User: S-1-5-18
  User Name: NT AUTHORITY\SYSTEM
  Computer: DESKTOP-NGQE08I
  Description: 
Driver Management has concluded the process to add Service cthda for Device Instance ID HDAUDIO\FUNC_01&VEN_1102&DEV_0011&SUBSYS_11020023&REV_1009\5&1DC61192&0&0101 with the following status: 0.

Event[715]:
  Log Name: System
  Source: Service Control Manager
  Date: 2017-06-01T15:09:20.014
  Event ID: 7045
  Task: N/A
  Level: Information
  Opcode: N/A
  Keyword: Classic
  User: S-1-5-18
  User Name: NT AUTHORITY\SYSTEM
  Computer: DESKTOP-NGQE08I
  Description: 
A service was installed in the system.

Service Name:  Sound Blaster Audio Service
Service File Name:  %SystemRoot%\sysWow64\CtHdaSvc.exe
Service Type:  user mode service
Service Start Type:  auto start
Service Account:  LocalSystem

Event[716]:
  Log Name: System
  Source: Microsoft-Windows-UserPnp
  Date: 2017-06-01T15:09:20.029
  Event ID: 20003
  Task: N/A
  Level: Information
  Opcode: Info
  Keyword: N/A
  User: S-1-5-18
  User Name: NT AUTHORITY\SYSTEM
  Computer: DESKTOP-NGQE08I
  Description: 
Driver Management has concluded the process to add Service CtHdaSvc for Device Instance ID HDAUDIO\FUNC_01&VEN_1102&DEV_0011&SUBSYS_11020023&REV_1009\5&1DC61192&0&0101 with the following status: 0.

Event[717]:
  Log Name: System
  Source: Microsoft-Windows-UserPnp
  Date: 2017-06-01T15:09:22.914
  Event ID: 20001
  Task: N/A
  Level: Information
  Opcode: Info
  Keyword: N/A
  User: S-1-5-18
  User Name: NT AUTHORITY\SYSTEM
  Computer: DESKTOP-NGQE08I
  Description: 
Driver Management concluded the process to install driver cthda.inf_amd64_ace4ed8a0528f3d4\cthda.inf for Device Instance ID HDAUDIO\FUNC_01&VEN_1102&DEV_0011&SUBSYS_11020023&REV_1009\5&1DC61192&0&0101 with the following status: 0x0.

Event[718]:
  Log Name: System
  Source: Microsoft-Windows-UserPnp
  Date: 2017-06-01T15:10:33.422
  Event ID: 20003
  Task: N/A
  Level: Information
  Opcode: Info
  Keyword: N/A
  User: S-1-5-18
  User Name: NT AUTHORITY\SYSTEM
  Computer: DESKTOP-NGQE08I
  Description: 
Driver Management has concluded the process to add Service HdAudAddService for Device Instance ID HDAUDIO\FUNC_01&VEN_10DE&DEV_0070&SUBSYS_10DE1151&REV_1001\5&2CC6AD20&0&0001 with the following status: 0.

Event[719]:
  Log Name: System
  Source: Microsoft-Windows-UserPnp
  Date: 2017-06-01T15:10:33.510
  Event ID: 20001
  Task: N/A
  Level: Information
  Opcode: Info
  Keyword: N/A
  User: S-1-5-18
  User Name: NT AUTHORITY\SYSTEM
  Computer: DESKTOP-NGQE08I
  Description: 
Driver Management concluded the process to install driver hdaudio.inf_amd64_bafd539d04140276\hdaudio.inf for Device Instance ID HDAUDIO\FUNC_01&VEN_10DE&DEV_0070&SUBSYS_10DE1151&REV_1001\5&2CC6AD20&0&0001 with the following status: 0x0.

Event[720]:
  Log Name: System
  Source: Microsoft-Windows-UserPnp
  Date: 2017-06-01T15:10:33.717
  Event ID: 20003
  Task: N/A
  Level: Information
  Opcode: Info
  Keyword: N/A
  User: S-1-5-18
  User Name: NT AUTHORITY\SYSTEM
  Computer: DESKTOP-NGQE08I
  Description: 
Driver Management has concluded the process to add Service cthdb for Device Instance ID PCI\VEN_1102&DEV_0012&SUBSYS_00231102&REV_01\4&55FC86E&0&00E7 with the following status: 0.

Event[721]:
  Log Name: System
  Source: Microsoft-Windows-UserPnp
  Date: 2017-06-01T15:10:33.719
  Event ID: 20003
  Task: N/A
  Level: Information
  Opcode: Info
  Keyword: N/A
  User: S-1-5-18
  User Name: NT AUTHORITY\SYSTEM
  Computer: DESKTOP-NGQE08I
  Description: 
Driver Management has concluded the process to add Service HDAudBus for Device Instance ID PCI\VEN_1102&DEV_0012&SUBSYS_00231102&REV_01\4&55FC86E&0&00E7 with the following status: 0.

Event[722]:
  Log Name: System
  Source: Microsoft-Windows-UserPnp
  Date: 2017-06-01T15:10:34.201
  Event ID: 20001
  Task: N/A
  Level: Information
  Opcode: Info
  Keyword: N/A
  User: S-1-5-18
  User Name: NT AUTHORITY\SYSTEM
  Computer: DESKTOP-NGQE08I
  Description: 
Driver Management concluded the process to install driver cthda.inf_amd64_ace4ed8a0528f3d4\cthda.inf for Device Instance ID PCI\VEN_1102&DEV_0012&SUBSYS_00231102&REV_01\4&55FC86E&0&00E7 with the following status: 0x0.

Event[723]:
  Log Name: System
  Source: Microsoft-Windows-UserPnp
  Date: 2017-06-01T15:10:34.768
  Event ID: 20003
  Task: N/A
  Level: Information
  Opcode: Info
  Keyword: N/A
  User: S-1-5-18
  User Name: NT AUTHORITY\SYSTEM
  Computer: DESKTOP-NGQE08I
  Description: 
Driver Management has concluded the process to add Service cthda for Device Instance ID HDAUDIO\FUNC_01&VEN_1102&DEV_0011&SUBSYS_11020023&REV_1009\5&1DC61192&0&0101 with the following status: 0.

Event[724]:
  Log Name: System
  Source: Microsoft-Windows-UserPnp
  Date: 2017-06-01T15:10:34.770
  Event ID: 20003
  Task: N/A
  Level: Information
  Opcode: Info
  Keyword: N/A
  User: S-1-5-18
  User Name: NT AUTHORITY\SYSTEM
  Computer: DESKTOP-NGQE08I
  Description: 
Driver Management has concluded the process to add Service CtHdaSvc for Device Instance ID HDAUDIO\FUNC_01&VEN_1102&DEV_0011&SUBSYS_11020023&REV_1009\5&1DC61192&0&0101 with the following status: 0.

Event[725]:
  Log Name: System
  Source: Microsoft-Windows-UserPnp
  Date: 2017-06-01T15:10:40.191
  Event ID: 20001
  Task: N/A
  Level: Information
  Opcode: Info
  Keyword: N/A
  User: S-1-5-18
  User Name: NT AUTHORITY\SYSTEM
  Computer: DESKTOP-NGQE08I
  Description: 
Driver Management concluded the process to install driver cthda.inf_amd64_ace4ed8a0528f3d4\cthda.inf for Device Instance ID HDAUDIO\FUNC_01&VEN_1102&DEV_0011&SUBSYS_11020023&REV_1009\5&1DC61192&0&0101 with the following status: 0x0.

Event[726]:
  Log Name: System
  Source: Microsoft-Windows-UserPnp
  Date: 2017-06-01T15:10:40.677
  Event ID: 20003
  Task: N/A
  Level: Information
  Opcode: Info
  Keyword: N/A
  User: S-1-5-18
  User Name: NT AUTHORITY\SYSTEM
  Computer: DESKTOP-NGQE08I
  Description: 
Driver Management has concluded the process to add Service cthda for Device Instance ID HDAUDIO\FUNC_01&VEN_1102&DEV_0011&SUBSYS_11020023&REV_1009\5&1DC61192&0&0101 with the following status: 0.

Event[727]:
  Log Name: System
  Source: Microsoft-Windows-UserPnp
  Date: 2017-06-01T15:10:40.679
  Event ID: 20003
  Task: N/A
  Level: Information
  Opcode: Info
  Keyword: N/A
  User: S-1-5-18
  User Name: NT AUTHORITY\SYSTEM
  Computer: DESKTOP-NGQE08I
  Description: 
Driver Management has concluded the process to add Service CtHdaSvc for Device Instance ID HDAUDIO\FUNC_01&VEN_1102&DEV_0011&SUBSYS_11020023&REV_1009\5&1DC61192&0&0101 with the following status: 0.

Event[728]:
  Log Name: System
  Source: Microsoft-Windows-UserPnp
  Date: 2017-06-01T15:10:40.995
  Event ID: 20001
  Task: N/A
  Level: Information
  Opcode: Info
  Keyword: N/A
  User: S-1-5-18
  User Name: NT AUTHORITY\SYSTEM
  Computer: DESKTOP-NGQE08I
  Description: 
Driver Management concluded the process to install driver cthda.inf_amd64_ace4ed8a0528f3d4\cthda.inf for Device Instance ID HDAUDIO\FUNC_01&VEN_1102&DEV_0011&SUBSYS_11020023&REV_1009\5&1DC61192&0&0101 with the following status: 0x0.

Event[729]:
  Log Name: System
  Source: Service Control Manager
  Date: 2017-06-01T15:10:43.002
  Event ID: 7040
  Task: N/A
  Level: Information
  Opcode: N/A
  Keyword: Classic
  User: S-1-5-18
  User Name: NT AUTHORITY\SYSTEM
  Computer: DESKTOP-NGQE08I
  Description: 
The start type of the Background Intelligent Transfer Service service was changed from auto start to demand start.

Event[730]:
  Log Name: System
  Source: Service Control Manager
  Date: 2017-06-01T15:11:28.458
  Event ID: 7045
  Task: N/A
  Level: Information
  Opcode: N/A
  Keyword: Classic
  User: S-1-5-21-1441030301-2801777419-3013317047-1001
  User Name: DESKTOP-NGQE08I\organ
  Computer: DESKTOP-NGQE08I
  Description: 
A service was installed in the system.

Service Name:  Creative Audio Service
Service File Name:  C:\Program Files (x86)\Creative\Shared Files\CTAudSvc.exe
Service Type:  user mode service
Service Start Type:  auto start
Service Account:  LocalSystem

Event[731]:
  Log Name: System
  Source: User32
  Date: 2017-06-01T15:11:36.149
  Event ID: 1074
  Task: N/A
  Level: Information
  Opcode: N/A
  Keyword: Classic
  User: S-1-5-18
  User Name: NT AUTHORITY\SYSTEM
  Computer: DESKTOP-NGQE08I
  Description: 
The process msiexec.exe has initiated the restart of computer DESKTOP-NGQE08I on behalf of user NT AUTHORITY\SYSTEM for the following reason: No title for this reason could be found
 Reason Code: 0x80030002
 Shut-down Type: restart
 Comment: The Windows Installer initiated a system restart to complete or continue the configuration of 'Sound Blaster Z-Series'.

Event[732]:
  Log Name: System
  Source: Microsoft-Windows-DistributedCOM
  Date: 2017-06-01T15:11:38.602
  Event ID: 10010
  Task: N/A
  Level: Error
  Opcode: Info
  Keyword: Classic
  User: S-1-5-21-1441030301-2801777419-3013317047-1001
  User Name: DESKTOP-NGQE08I\organ
  Computer: DESKTOP-NGQE08I
  Description: 
The server {AB8902B4-09CA-4BB6-B78D-A8F59079A8D5} did not register with DCOM within the required timeout.

Event[733]:
  Log Name: System
  Source: Microsoft-Windows-DistributedCOM
  Date: 2017-06-01T15:11:38.602
  Event ID: 10010
  Task: N/A
  Level: Error
  Opcode: Info
  Keyword: Classic
  User: S-1-5-21-1441030301-2801777419-3013317047-1001
  User Name: DESKTOP-NGQE08I\organ
  Computer: DESKTOP-NGQE08I
  Description: 
The server {AB8902B4-09CA-4BB6-B78D-A8F59079A8D5} did not register with DCOM within the required timeout.

Event[734]:
  Log Name: System
  Source: Microsoft-Windows-DistributedCOM
  Date: 2017-06-01T15:11:38.602
  Event ID: 10010
  Task: N/A
  Level: Error
  Opcode: Info
  Keyword: Classic
  User: S-1-5-21-1441030301-2801777419-3013317047-1001
  User Name: DESKTOP-NGQE08I\organ
  Computer: DESKTOP-NGQE08I
  Description: 
The server {AB8902B4-09CA-4BB6-B78D-A8F59079A8D5} did not register with DCOM within the required timeout.

Event[735]:
  Log Name: System
  Source: Microsoft-Windows-DistributedCOM
  Date: 2017-06-01T15:11:38.618
  Event ID: 10010
  Task: N/A
  Level: Error
  Opcode: Info
  Keyword: Classic
  User: S-1-5-21-1441030301-2801777419-3013317047-1001
  User Name: DESKTOP-NGQE08I\organ
  Computer: DESKTOP-NGQE08I
  Description: 
The server {AB8902B4-09CA-4BB6-B78D-A8F59079A8D5} did not register with DCOM within the required timeout.

Event[736]:
  Log Name: System
  Source: Microsoft-Windows-DistributedCOM
  Date: 2017-06-01T15:11:38.618
  Event ID: 10010
  Task: N/A
  Level: Error
  Opcode: Info
  Keyword: Classic
  User: S-1-5-21-1441030301-2801777419-3013317047-1001
  User Name: DESKTOP-NGQE08I\organ
  Computer: DESKTOP-NGQE08I
  Description: 
The server {AB8902B4-09CA-4BB6-B78D-A8F59079A8D5} did not register with DCOM within the required timeout.

Event[737]:
  Log Name: System
  Source: EventLog
  Date: 2017-06-01T15:11:47.799
  Event ID: 6006
  Task: N/A
  Level: Information
  Opcode: N/A
  Keyword: Classic
  User: N/A
  User Name: N/A
  Computer: DESKTOP-NGQE08I
  Description: 
The Event log service was stopped.

Event[738]:
  Log Name: System
  Source: Microsoft-Windows-Winlogon
  Date: 2017-06-01T15:11:47.359
  Event ID: 7002
  Task: N/A
  Level: Information
  Opcode: Info
  Keyword: N/A
  User: S-1-5-18
  User Name: NT AUTHORITY\SYSTEM
  Computer: DESKTOP-NGQE08I
  Description: 
User Log-off Notification for Customer Experience Improvement Program

Event[739]:
  Log Name: System
  Source: Microsoft-Windows-Dhcp-Client
  Date: 2017-06-01T15:11:47.802
  Event ID: 50104
  Task: Service State Event
  Level: Information
  Opcode: ServiceShutdown
  Keyword: N/A
  User: S-1-5-19
  User Name: NT AUTHORITY\LOCAL SERVICE
  Computer: DESKTOP-NGQE08I
  Description: 
DHCPv4 client received shutdown notification

Event[740]:
  Log Name: System
  Source: Microsoft-Windows-Dhcp-Client
  Date: 2017-06-01T15:11:47.803
  Event ID: 50105
  Task: Service State Event
  Level: Information
  Opcode: ServiceShutdown
  Keyword: N/A
  User: S-1-5-19
  User Name: NT AUTHORITY\LOCAL SERVICE
  Computer: DESKTOP-NGQE08I
  Description: 
DHCPv4 client ProcessDHCPRequestForever received TERMINATE_EVENT

Event[741]:
  Log Name: System
  Source: Microsoft-Windows-DHCPv6-Client
  Date: 2017-06-01T15:11:47.806
  Event ID: 51047
  Task: Service State Event
  Level: Information
  Opcode: ServiceStop
  Keyword: N/A
  User: S-1-5-19
  User Name: NT AUTHORITY\LOCAL SERVICE
  Computer: DESKTOP-NGQE08I
  Description: 
DHCPv6 client service is stopped. ShutDown Flag value is 1

Event[742]:
  Log Name: System
  Source: Microsoft-Windows-DHCPv6-Client
  Date: 2017-06-01T15:11:47.806
  Event ID: 51057
  Task: Service State Event
  Level: Information
  Opcode: ServiceStopWithRefCount
  Keyword: N/A
  User: S-1-5-19
  User Name: NT AUTHORITY\LOCAL SERVICE
  Computer: DESKTOP-NGQE08I
  Description: 
DHCPv6 client service stop is almost done.DHCP Context Ref count is 1

Event[743]:
  Log Name: System
  Source: Microsoft-Windows-DHCPv6-Client
  Date: 2017-06-01T15:11:47.806
  Event ID: 51057
  Task: Service State Event
  Level: Information
  Opcode: ServiceStopWithRefCount
  Keyword: N/A
  User: S-1-5-19
  User Name: NT AUTHORITY\LOCAL SERVICE
  Computer: DESKTOP-NGQE08I
  Description: 
DHCPv6 client service stop is almost done.DHCP Context Ref count is 1

Event[744]:
  Log Name: System
  Source: Microsoft-Windows-Dhcp-Client
  Date: 2017-06-01T15:11:47.808
  Event ID: 50106
  Task: Service State Event
  Level: Information
  Opcode: ServiceShutdown
  Keyword: N/A
  User: S-1-5-19
  User Name: NT AUTHORITY\LOCAL SERVICE
  Computer: DESKTOP-NGQE08I
  Description: 
DHCPv4 is waiting on DHCPv6 service to stop

Event[745]:
  Log Name: System
  Source: Microsoft-Windows-Dhcp-Client
  Date: 2017-06-01T15:11:47.808
  Event ID: 50037
  Task: Service State Event
  Level: Information
  Opcode: ServiceStop
  Keyword: N/A
  User: S-1-5-19
  User Name: NT AUTHORITY\LOCAL SERVICE
  Computer: DESKTOP-NGQE08I
  Description: 
DHCPv4 client service is stopped. ShutDown Flag value is 1

Event[746]:
  Log Name: System
  Source: EventLog
  Date: 2017-06-01T15:12:26.865
  Event ID: 6009
  Task: N/A
  Level: Information
  Opcode: N/A
  Keyword: Classic
  User: N/A
  User Name: N/A
  Computer: DESKTOP-NGQE08I
  Description: 
Microsoft (R) Windows (R) 10.00. 15063  Multiprocessor Free.

Event[747]:
  Log Name: System
  Source: EventLog
  Date: 2017-06-01T15:12:26.865
  Event ID: 6005
  Task: N/A
  Level: Information
  Opcode: N/A
  Keyword: Classic
  User: N/A
  User Name: N/A
  Computer: DESKTOP-NGQE08I
  Description: 
The Event log service was started.

Event[748]:
  Log Name: System
  Source: EventLog
  Date: 2017-06-01T15:12:26.865
  Event ID: 6013
  Task: N/A
  Level: Information
  Opcode: N/A
  Keyword: Classic
  User: N/A
  User Name: N/A
  Computer: DESKTOP-NGQE08I
  Description: 
The system uptime is 11 seconds.

Event[749]:
  Log Name: System
  Source: Microsoft-Windows-Kernel-Power
  Date: 2017-06-01T15:11:52.777
  Event ID: 109
  Task: N/A
  Level: Information
  Opcode: Info
  Keyword: N/A
  User: N/A
  User Name: N/A
  Computer: DESKTOP-NGQE08I
  Description: 
The kernel power manager has initiated a shutdown transition.

Shutdown Reason: Kernel API

Event[750]:
  Log Name: System
  Source: Microsoft-Windows-Kernel-General
  Date: 2017-06-01T15:11:53.716
  Event ID: 13
  Task: N/A
  Level: Information
  Opcode: Info
  Keyword: N/A
  User: N/A
  User Name: N/A
  Computer: DESKTOP-NGQE08I
  Description: 
The operating system is shutting down at system time ?2017?-?06?-?01T14:11:53.716663900Z.

Event[751]:
  Log Name: System
  Source: Microsoft-Windows-Kernel-General
  Date: 2017-06-01T15:12:15.679
  Event ID: 12
  Task: N/A
  Level: Information
  Opcode: Info
  Keyword: N/A
  User: S-1-5-18
  User Name: NT AUTHORITY\SYSTEM
  Computer: DESKTOP-NGQE08I
  Description: 
The operating system started at system time ?2017?-?06?-?01T14:12:15.497089900Z.

Event[752]:
  Log Name: System
  Source: Microsoft-Windows-Kernel-Boot
  Date: 2017-06-01T15:12:15.679
  Event ID: 153
  Task: N/A
  Level: Information
  Opcode: Info
  Keyword: N/A
  User: S-1-5-18
  User Name: NT AUTHORITY\SYSTEM
  Computer: DESKTOP-NGQE08I
  Description: 
Virtualization-based security (policies: 0) is disabled.

Event[753]:
  Log Name: System
  Source: Microsoft-Windows-Kernel-Boot
  Date: 2017-06-01T15:12:15.679
  Event ID: 18
  Task: N/A
  Level: Information
  Opcode: Info
  Keyword: N/A
  User: S-1-5-18
  User Name: NT AUTHORITY\SYSTEM
  Computer: DESKTOP-NGQE08I
  Description: 
There are 0x1 boot options on this system.

Event[754]:
  Log Name: System
  Source: Microsoft-Windows-Kernel-Boot
  Date: 2017-06-01T15:12:15.679
  Event ID: 32
  Task: N/A
  Level: Information
  Opcode: Info
  Keyword: N/A
  User: S-1-5-18
  User Name: NT AUTHORITY\SYSTEM
  Computer: DESKTOP-NGQE08I
  Description: 
The bootmgr spent 0 ms waiting for user input.

Event[755]:
  Log Name: System
  Source: Microsoft-Windows-Kernel-Boot
  Date: 2017-06-01T15:12:15.679
  Event ID: 20
  Task: N/A
  Level: Information
  Opcode: Info
  Keyword: N/A
  User: S-1-5-18
  User Name: NT AUTHORITY\SYSTEM
  Computer: DESKTOP-NGQE08I
  Description: 
The last shutdown's success status was true. The last boot's success status was true.

Event[756]:
  Log Name: System
  Source: Microsoft-Windows-Kernel-Boot
  Date: 2017-06-01T15:12:15.679
  Event ID: 27
  Task: N/A
  Level: Information
  Opcode: Info
  Keyword: N/A
  User: S-1-5-18
  User Name: NT AUTHORITY\SYSTEM
  Computer: DESKTOP-NGQE08I
  Description: 
The boot type was 0x0.

Event[757]:
  Log Name: System
  Source: Microsoft-Windows-Kernel-Boot
  Date: 2017-06-01T15:12:15.679
  Event ID: 25
  Task: N/A
  Level: Information
  Opcode: Info
  Keyword: N/A
  User: S-1-5-18
  User Name: NT AUTHORITY\SYSTEM
  Computer: DESKTOP-NGQE08I
  Description: 
The boot menu policy was 0x1.

Event[758]:
  Log Name: System
  Source: Microsoft-Windows-Kernel-Boot
  Date: 2017-06-01T15:12:15.679
  Event ID: 30
  Task: N/A
  Level: Information
  Opcode: Info
  Keyword: N/A
  User: S-1-5-18
  User Name: NT AUTHORITY\SYSTEM
  Computer: DESKTOP-NGQE08I
  Description: 
The firmware reported boot metrics.

Event[759]:
  Log Name: System
  Source: Microsoft-Windows-FilterManager
  Date: 2017-06-01T15:12:19.318
  Event ID: 6
  Task: N/A
  Level: Information
  Opcode: Info
  Keyword: N/A
  User: S-1-5-18
  User Name: NT AUTHORITY\SYSTEM
  Computer: DESKTOP-NGQE08I
  Description: 
File System Filter 'FileInfo' (10.0, ?2042?-?06?-?30T15:43:32.000000000Z) has successfully loaded and registered with Filter Manager.

Event[760]:
  Log Name: System
  Source: Microsoft-Windows-FilterManager
  Date: 2017-06-01T15:12:19.319
  Event ID: 6
  Task: N/A
  Level: Information
  Opcode: Info
  Keyword: N/A
  User: S-1-5-18
  User Name: NT AUTHORITY\SYSTEM
  Computer: DESKTOP-NGQE08I
  Description: 
File System Filter 'Wof' (10.0, ?1974?-?03?-?11T23:47:45.000000000Z) has successfully loaded and registered with Filter Manager.

Event[761]:
  Log Name: System
  Source: Microsoft-Windows-FilterManager
  Date: 2017-06-01T15:12:19.320
  Event ID: 6
  Task: N/A
  Level: Information
  Opcode: Info
  Keyword: N/A
  User: S-1-5-18
  User Name: NT AUTHORITY\SYSTEM
  Computer: DESKTOP-NGQE08I
  Description: 
File System Filter 'WdFilter' (10.0, ?2102?-?10?-?04T17:25:01.000000000Z) has successfully loaded and registered with Filter Manager.

Event[762]:
  Log Name: System
  Source: Microsoft-Windows-Ntfs
  Date: 2017-06-01T15:12:20.850
  Event ID: 98
  Task: N/A
  Level: Information
  Opcode: Info
  Keyword: N/A
  User: S-1-5-18
  User Name: NT AUTHORITY\SYSTEM
  Computer: DESKTOP-NGQE08I
  Description: 
Volume C: (\Device\HarddiskVolume4) is healthy.  No action is needed.

Event[763]:
  Log Name: System
  Source: Microsoft-Windows-FilterManager
  Date: 2017-06-01T15:12:20.926
  Event ID: 6
  Task: N/A
  Level: Information
  Opcode: Info
  Keyword: N/A
  User: S-1-5-18
  User Name: NT AUTHORITY\SYSTEM
  Computer: DESKTOP-NGQE08I
  Description: 
File System Filter 'FileCrypt' (10.0, ?2030?-?05?-?28T09:10:59.000000000Z) has successfully loaded and registered with Filter Manager.

Event[764]:
  Log Name: System
  Source: Microsoft-Windows-FilterManager
  Date: 2017-06-01T15:12:20.983
  Event ID: 6
  Task: N/A
  Level: Information
  Opcode: Info
  Keyword: N/A
  User: S-1-5-18
  User Name: NT AUTHORITY\SYSTEM
  Computer: DESKTOP-NGQE08I
  Description: 
File System Filter 'npsvctrig' (10.0, ?2097?-?07?-?25T11:18:05.000000000Z) has successfully loaded and registered with Filter Manager.

Event[765]:
  Log Name: System
  Source: Microsoft-Windows-Kernel-Power
  Date: 2017-06-01T15:12:20.999
  Event ID: 172
  Task: N/A
  Level: Information
  Opcode: Info
  Keyword: N/A
  User: S-1-5-18
  User Name: NT AUTHORITY\SYSTEM
  Computer: DESKTOP-NGQE08I
  Description: 
Connectivity state in standby: Disconnected, Reason: NIC compliance

Event[766]:
