Log Name:      System
Source:        Microsoft-Windows-Kernel-Power
Date:          16/06/2017 22:16:34
Event ID:      41
Task Category: (63)
Level:         Critical
Keywords:      (70368744177664),(2)
User:          SYSTEM
Computer:      DESKTOP-9KLOST5
Description:
The system has rebooted without cleanly shutting down first. This error could be caused if the system stopped responding, crashed, or lost power unexpectedly.
Event Xml:
<Event xmlns="http://schemas.microsoft.com/win/2004/08/events/event">
  <System>
    <Provider Name="Microsoft-Windows-Kernel-Power" Guid="{331C3B3A-2005-44C2-AC5E-77220C37D6B4}" />
    <EventID>41</EventID>
    <Version>5</Version>
    <Level>1</Level>
    <Task>63</Task>
    <Opcode>0</Opcode>
    <Keywords>0x8000400000000002</Keywords>
    <TimeCreated SystemTime="2017-06-16T15:16:34.593169700Z" />
    <EventRecordID>1265</EventRecordID>
    <Correlation />
    <Execution ProcessID="4" ThreadID="8" />
    <Channel>System</Channel>
    <Computer>DESKTOP-9KLOST5</Computer>
    <Security UserID="S-1-5-18" />
  </System>
  <EventData>
    <Data Name="BugcheckCode">239</Data>
    <Data Name="BugcheckParameter1">0xffff9480789fb2c0</Data>
    <Data Name="BugcheckParameter2">0x0</Data>
    <Data Name="BugcheckParameter3">0x0</Data>
    <Data Name="BugcheckParameter4">0x0</Data>
    <Data Name="SleepInProgress">0</Data>
    <Data Name="PowerButtonTimestamp">0</Data>
    <Data Name="BootAppStatus">0</Data>
    <Data Name="Checkpoint">0</Data>
    <Data Name="ConnectedStandbyInProgress">false</Data>
    <Data Name="SystemSleepTransitionsToOn">0</Data>
    <Data Name="CsEntryScenarioInstanceId">0</Data>
    <Data Name="BugcheckInfoFromEFI">true</Data>
  </EventData>
</Event>

Log Name:      System
Source:        nvlddmkm
Date:          16/06/2017 07:07:28
Event ID:      13
Task Category: None
Level:         Error
Keywords:      Classic
User:          N/A
Computer:      DESKTOP-9KLOST5
Description:
The description for Event ID 13 from source nvlddmkm cannot be found. Either the component that raises this event is not installed on your local computer or the installation is corrupted. You can install or repair the component on the local computer.

If the event originated on another computer, the display information had to be saved with the event.

The following information was included with the event: 

\Device\UVMLiteController0x1
NVRM: Graphics TEX Exception on (GPC 0, TPC 0):    TEX FORMAT

the message resource is present but the message is not found in the string/message table

Event Xml:
<Event xmlns="http://schemas.microsoft.com/win/2004/08/events/event">
  <System>
    <Provider Name="nvlddmkm" />
    <EventID Qualifiers="49322">13</EventID>
    <Level>2</Level>
    <Task>0</Task>
    <Keywords>0x80000000000000</Keywords>
    <TimeCreated SystemTime="2017-06-16T00:07:28.042291800Z" />
    <EventRecordID>749</EventRecordID>
    <Channel>System</Channel>
    <Computer>DESKTOP-9KLOST5</Computer>
    <Security />
  </System>
  <EventData>
    <Data>\Device\UVMLiteController0x1</Data>
    <Data>NVRM: Graphics TEX Exception on (GPC 0, TPC 0):    TEX FORMAT</Data>
    <Binary>0000000002003000000000000D00AAC0000000000000000000000000000000000000000000000000</Binary>
  </EventData>
</Event>

Log Name:      System
Source:        Service Control Manager
Date:          16/06/2017 12:57:36
Event ID:      7032
Task Category: None
Level:         Error
Keywords:      Classic
User:          N/A
Computer:      DESKTOP-9KLOST5
Description:
The Service Control Manager tried to take a corrective action (Restart the service) after the unexpected termination of the Windows Update service, but this action failed with the following error: 
An instance of the service is already running.
Event Xml:
<Event xmlns="http://schemas.microsoft.com/win/2004/08/events/event">
  <System>
    <Provider Name="Service Control Manager" Guid="{555908d1-a6d7-4695-8e1e-26931d2012f4}" EventSourceName="Service Control Manager" />
    <EventID Qualifiers="49152">7032</EventID>
    <Version>0</Version>
    <Level>2</Level>
    <Task>0</Task>
    <Opcode>0</Opcode>
    <Keywords>0x8080000000000000</Keywords>
    <TimeCreated SystemTime="2017-06-16T05:57:36.404711300Z" />
    <EventRecordID>1050</EventRecordID>
    <Correlation />
    <Execution ProcessID="812" ThreadID="1284" />
    <Channel>System</Channel>
    <Computer>DESKTOP-9KLOST5</Computer>
    <Security />
  </System>
  <EventData>
    <Data Name="param1">1</Data>
    <Data Name="param2">Restart the service</Data>
    <Data Name="param3">Windows Update</Data>
    <Data Name="param4">%%1056</Data>
  </EventData>
</Event>

Log Name:      System
Source:        nvlddmkm
Date:          16/06/2017 07:07:28
Event ID:      13
Task Category: None
Level:         Error
Keywords:      Classic
User:          N/A
Computer:      DESKTOP-9KLOST5
Description:
The description for Event ID 13 from source nvlddmkm cannot be found. Either the component that raises this event is not installed on your local computer or the installation is corrupted. You can install or repair the component on the local computer.

If the event originated on another computer, the display information had to be saved with the event.

The following information was included with the event: 

\Device\UVMLiteController0x1
NVRM: Graphics TEX Exception on (GPC 0, TPC 0):    TEX FORMAT

the message resource is present but the message is not found in the string/message table

Event Xml:
<Event xmlns="http://schemas.microsoft.com/win/2004/08/events/event">
  <System>
    <Provider Name="nvlddmkm" />
    <EventID Qualifiers="49322">13</EventID>
    <Level>2</Level>
    <Task>0</Task>
    <Keywords>0x80000000000000</Keywords>
    <TimeCreated SystemTime="2017-06-16T00:07:28.042291800Z" />
    <EventRecordID>747</EventRecordID>
    <Channel>System</Channel>
    <Computer>DESKTOP-9KLOST5</Computer>
    <Security />
  </System>
  <EventData>
    <Data>\Device\UVMLiteController0x1</Data>
    <Data>NVRM: Graphics TEX Exception on (GPC 0, TPC 0):    TEX FORMAT</Data>
    <Binary>0000000002003000000000000D00AAC0000000000000000000000000000000000000000000000000</Binary>
  </EventData>
</Event>

Log Name:      System
Source:        nvlddmkm
Date:          16/06/2017 07:07:28
Event ID:      13
Task Category: None
Level:         Error
Keywords:      Classic
User:          N/A
Computer:      DESKTOP-9KLOST5
Description:
The description for Event ID 13 from source nvlddmkm cannot be found. Either the component that raises this event is not installed on your local computer or the installation is corrupted. You can install or repair the component on the local computer.

If the event originated on another computer, the display information had to be saved with the event.

The following information was included with the event: 

\Device\UVMLiteController0x1
Variable String too Large

the message resource is present but the message is not found in the string/message table

Event Xml:
<Event xmlns="http://schemas.microsoft.com/win/2004/08/events/event">
  <System>
    <Provider Name="nvlddmkm" />
    <EventID Qualifiers="49322">13</EventID>
    <Level>2</Level>
    <Task>0</Task>
    <Keywords>0x80000000000000</Keywords>
    <TimeCreated SystemTime="2017-06-16T00:07:28.042291800Z" />
    <EventRecordID>748</EventRecordID>
    <Channel>System</Channel>
    <Computer>DESKTOP-9KLOST5</Computer>
    <Security />
  </System>
  <EventData>
    <Data>\Device\UVMLiteController0x1</Data>
    <Data>Variable String too Large</Data>
    <Binary>0000000002003000000000000D00AAC0000000000000000000000000000000000000000000000000</Binary>
  </EventData>
</Event>

Log Name:      System
Source:        nvlddmkm
Date:          16/06/2017 07:07:28
Event ID:      13
Task Category: None
Level:         Error
Keywords:      Classic
User:          N/A
Computer:      DESKTOP-9KLOST5
Description:
The description for Event ID 13 from source nvlddmkm cannot be found. Either the component that raises this event is not installed on your local computer or the installation is corrupted. You can install or repair the component on the local computer.

If the event originated on another computer, the display information had to be saved with the event.

The following information was included with the event: 

\Device\UVMLiteController0x1
Variable String too Large

the message resource is present but the message is not found in the string/message table

Event Xml:
<Event xmlns="http://schemas.microsoft.com/win/2004/08/events/event">
  <System>
    <Provider Name="nvlddmkm" />
    <EventID Qualifiers="49322">13</EventID>
    <Level>2</Level>
    <Task>0</Task>
    <Keywords>0x80000000000000</Keywords>
    <TimeCreated SystemTime="2017-06-16T00:07:28.042291800Z" />
    <EventRecordID>750</EventRecordID>
    <Channel>System</Channel>
    <Computer>DESKTOP-9KLOST5</Computer>
    <Security />
  </System>
  <EventData>
    <Data>\Device\UVMLiteController0x1</Data>
    <Data>Variable String too Large</Data>
    <Binary>0000000002003000000000000D00AAC0000000000000000000000000000000000000000000000000</Binary>
  </EventData>
</Event>

Log Name:      System
Source:        nvlddmkm
Date:          16/06/2017 07:07:28
Event ID:      13
Task Category: None
Level:         Error
Keywords:      Classic
User:          N/A
Computer:      DESKTOP-9KLOST5
Description:
The description for Event ID 13 from source nvlddmkm cannot be found. Either the component that raises this event is not installed on your local computer or the installation is corrupted. You can install or repair the component on the local computer.

If the event originated on another computer, the display information had to be saved with the event.

The following information was included with the event: 

\Device\UVMLiteController0x1
Variable String too Large

the message resource is present but the message is not found in the string/message table

Event Xml:
<Event xmlns="http://schemas.microsoft.com/win/2004/08/events/event">
  <System>
    <Provider Name="nvlddmkm" />
    <EventID Qualifiers="49322">13</EventID>
    <Level>2</Level>
    <Task>0</Task>
    <Keywords>0x80000000000000</Keywords>
    <TimeCreated SystemTime="2017-06-16T00:07:28.042291800Z" />
    <EventRecordID>752</EventRecordID>
    <Channel>System</Channel>
    <Computer>DESKTOP-9KLOST5</Computer>
    <Security />
  </System>
  <EventData>
    <Data>\Device\UVMLiteController0x1</Data>
    <Data>Variable String too Large</Data>
    <Binary>0000000002003000000000000D00AAC0000000000000000000000000000000000000000000000000</Binary>
  </EventData>
</Event>

Log Name:      System
Source:        Service Control Manager
Date:          16/06/2017 12:56:36
Event ID:      7031
Task Category: None
Level:         Error
Keywords:      Classic
User:          N/A
Computer:      DESKTOP-9KLOST5
Description:
The Windows Update service terminated unexpectedly.  It has done this 1 time(s).  The following corrective action will be taken in 60000 milliseconds: Restart the service.
Event Xml:
<Event xmlns="http://schemas.microsoft.com/win/2004/08/events/event">
  <System>
    <Provider Name="Service Control Manager" Guid="{555908d1-a6d7-4695-8e1e-26931d2012f4}" EventSourceName="Service Control Manager" />
    <EventID Qualifiers="49152">7031</EventID>
    <Version>0</Version>
    <Level>2</Level>
    <Task>0</Task>
    <Opcode>0</Opcode>
    <Keywords>0x8080000000000000</Keywords>
    <TimeCreated SystemTime="2017-06-16T05:56:36.391852500Z" />
    <EventRecordID>1046</EventRecordID>
    <Correlation />
    <Execution ProcessID="812" ThreadID="1184" />
    <Channel>System</Channel>
    <Computer>DESKTOP-9KLOST5</Computer>
    <Security />
  </System>
  <EventData>
    <Data Name="param1">Windows Update</Data>
    <Data Name="param2">1</Data>
    <Data Name="param3">60000</Data>
    <Data Name="param4">1</Data>
    <Data Name="param5">Restart the service</Data>
    <Binary>770075006100750073006500720076000000</Binary>
  </EventData>
</Event>

Log Name:      System
Source:        Service Control Manager
Date:          16/06/2017 12:56:36
Event ID:      7034
Task Category: None
Level:         Error
Keywords:      Classic
User:          N/A
Computer:      DESKTOP-9KLOST5
Description:
The Update Orchestrator Service service terminated unexpectedly.  It has done this 1 time(s).
Event Xml:
<Event xmlns="http://schemas.microsoft.com/win/2004/08/events/event">
  <System>
    <Provider Name="Service Control Manager" Guid="{555908d1-a6d7-4695-8e1e-26931d2012f4}" EventSourceName="Service Control Manager" />
    <EventID Qualifiers="49152">7034</EventID>
    <Version>0</Version>
    <Level>2</Level>
    <Task>0</Task>
    <Opcode>0</Opcode>
    <Keywords>0x8080000000000000</Keywords>
    <TimeCreated SystemTime="2017-06-16T05:56:36.391361200Z" />
    <EventRecordID>1045</EventRecordID>
    <Correlation />
    <Execution ProcessID="812" ThreadID="1184" />
    <Channel>System</Channel>
    <Computer>DESKTOP-9KLOST5</Computer>
    <Security />
  </System>
  <EventData>
    <Data Name="param1">Update Orchestrator Service</Data>
    <Data Name="param2">1</Data>
    <Binary>550073006F005300760063000000</Binary>
  </EventData>
</Event>

Log Name:      System
Source:        nvlddmkm
Date:          16/06/2017 07:07:28
Event ID:      13
Task Category: None
Level:         Error
Keywords:      Classic
User:          N/A
Computer:      DESKTOP-9KLOST5
Description:
The description for Event ID 13 from source nvlddmkm cannot be found. Either the component that raises this event is not installed on your local computer or the installation is corrupted. You can install or repair the component on the local computer.

If the event originated on another computer, the display information had to be saved with the event.

The following information was included with the event: 

\Device\UVMLiteController0x1
NVRM: Graphics TEX Exception on (GPC 0, TPC 1):    TEX FORMAT

the message resource is present but the message is not found in the string/message table

Event Xml:
<Event xmlns="http://schemas.microsoft.com/win/2004/08/events/event">
  <System>
    <Provider Name="nvlddmkm" />
    <EventID Qualifiers="49322">13</EventID>
    <Level>2</Level>
    <Task>0</Task>
    <Keywords>0x80000000000000</Keywords>
    <TimeCreated SystemTime="2017-06-16T00:07:28.042291800Z" />
    <EventRecordID>751</EventRecordID>
    <Channel>System</Channel>
    <Computer>DESKTOP-9KLOST5</Computer>
    <Security />
  </System>
  <EventData>
    <Data>\Device\UVMLiteController0x1</Data>
    <Data>NVRM: Graphics TEX Exception on (GPC 0, TPC 1):    TEX FORMAT</Data>
    <Binary>0000000002003000000000000D00AAC0000000000000000000000000000000000000000000000000</Binary>
  </EventData>
</Event>

Log Name:      System
Source:        nvlddmkm
Date:          16/06/2017 07:07:28
Event ID:      13
Task Category: None
Level:         Error
Keywords:      Classic
User:          N/A
Computer:      DESKTOP-9KLOST5
Description:
The description for Event ID 13 from source nvlddmkm cannot be found. Either the component that raises this event is not installed on your local computer or the installation is corrupted. You can install or repair the component on the local computer.

If the event originated on another computer, the display information had to be saved with the event.

The following information was included with the event: 

\Device\UVMLiteController0x1
Variable String too Large

the message resource is present but the message is not found in the string/message table

Event Xml:
<Event xmlns="http://schemas.microsoft.com/win/2004/08/events/event">
  <System>
    <Provider Name="nvlddmkm" />
    <EventID Qualifiers="49322">13</EventID>
    <Level>2</Level>
    <Task>0</Task>
    <Keywords>0x80000000000000</Keywords>
    <TimeCreated SystemTime="2017-06-16T00:07:28.041141000Z" />
    <EventRecordID>746</EventRecordID>
    <Channel>System</Channel>
    <Computer>DESKTOP-9KLOST5</Computer>
    <Security />
  </System>
  <EventData>
    <Data>\Device\UVMLiteController0x1</Data>
    <Data>Variable String too Large</Data>
    <Binary>0000000002003000000000000D00AAC0000000000000000000000000000000000000000000000000</Binary>
  </EventData>
</Event>

Log Name:      System
Source:        Microsoft-Windows-DistributedCOM
Date:          16/06/2017 18:13:53
Event ID:      10010
Task Category: None
Level:         Error
Keywords:      Classic
User:          SYSTEM
Computer:      DESKTOP-9KLOST5
Description:
The server {A47979D2-C419-11D9-A5B4-001185AD2B89} did not register with DCOM within the required timeout.
Event Xml:
<Event xmlns="http://schemas.microsoft.com/win/2004/08/events/event">
  <System>
    <Provider Name="Microsoft-Windows-DistributedCOM" Guid="{1B562E86-B7AA-4131-BADC-B6F3A001407E}" EventSourceName="DCOM" />
    <EventID Qualifiers="0">10010</EventID>
    <Version>0</Version>
    <Level>2</Level>
    <Task>0</Task>
    <Opcode>0</Opcode>
    <Keywords>0x8080000000000000</Keywords>
    <TimeCreated SystemTime="2017-06-16T11:13:53.038251800Z" />
    <EventRecordID>202</EventRecordID>
    <Correlation />
    <Execution ProcessID="940" ThreadID="1376" />
    <Channel>System</Channel>
    <Computer>DESKTOP-9KLOST5</Computer>
    <Security UserID="S-1-5-18" />
  </System>
  <EventData>
    <Data Name="param1">{A47979D2-C419-11D9-A5B4-001185AD2B89}</Data>
  </EventData>
</Event>

Log Name:      System
Source:        Service Control Manager
Date:          16/06/2017 18:13:53
Event ID:      7023
Task Category: None
Level:         Error
Keywords:      Classic
User:          N/A
Computer:      DESKTOP-9KLOST5
Description:
The Network Connection Broker service terminated with the following error: 
A device attached to the system is not functioning.
Event Xml:
<Event xmlns="http://schemas.microsoft.com/win/2004/08/events/event">
  <System>
    <Provider Name="Service Control Manager" Guid="{555908d1-a6d7-4695-8e1e-26931d2012f4}" EventSourceName="Service Control Manager" />
    <EventID Qualifiers="49152">7023</EventID>
    <Version>0</Version>
    <Level>2</Level>
    <Task>0</Task>
    <Opcode>0</Opcode>
    <Keywords>0x8080000000000000</Keywords>
    <TimeCreated SystemTime="2017-06-16T11:13:53.569527300Z" />
    <EventRecordID>203</EventRecordID>
    <Correlation />
    <Execution ProcessID="676" ThreadID="4052" />
    <Channel>System</Channel>
    <Computer>DESKTOP-9KLOST5</Computer>
    <Security />
  </System>
  <EventData>
    <Data Name="param1">Network Connection Broker</Data>
    <Data Name="param2">%%31</Data>
    <Binary>4E006300620053006500720076006900630065000000</Binary>
  </EventData>
</Event>

Log Name:      System
Source:        nvlddmkm
Date:          16/06/2017 07:07:28
Event ID:      13
Task Category: None
Level:         Error
Keywords:      Classic
User:          N/A
Computer:      DESKTOP-9KLOST5
Description:
The description for Event ID 13 from source nvlddmkm cannot be found. Either the component that raises this event is not installed on your local computer or the installation is corrupted. You can install or repair the component on the local computer.

If the event originated on another computer, the display information had to be saved with the event.

The following information was included with the event: 

\Device\UVMLiteController0x1
NVRM: Graphics TEX Exception on (GPC 0, TPC 0):    TEX FORMAT

the message resource is present but the message is not found in the string/message table

Event Xml:
<Event xmlns="http://schemas.microsoft.com/win/2004/08/events/event">
  <System>
    <Provider Name="nvlddmkm" />
    <EventID Qualifiers="49322">13</EventID>
    <Level>2</Level>
    <Task>0</Task>
    <Keywords>0x80000000000000</Keywords>
    <TimeCreated SystemTime="2017-06-16T00:07:28.041141000Z" />
    <EventRecordID>741</EventRecordID>
    <Channel>System</Channel>
    <Computer>DESKTOP-9KLOST5</Computer>
    <Security />
  </System>
  <EventData>
    <Data>\Device\UVMLiteController0x1</Data>
    <Data>NVRM: Graphics TEX Exception on (GPC 0, TPC 0):    TEX FORMAT</Data>
    <Binary>0000000002003000000000000D00AAC0000000000000000000000000000000000000000000000000</Binary>
  </EventData>
</Event>

Log Name:      System
Source:        nvlddmkm
Date:          16/06/2017 07:07:28
Event ID:      13
Task Category: None
Level:         Error
Keywords:      Classic
User:          N/A
Computer:      DESKTOP-9KLOST5
Description:
The description for Event ID 13 from source nvlddmkm cannot be found. Either the component that raises this event is not installed on your local computer or the installation is corrupted. You can install or repair the component on the local computer.

If the event originated on another computer, the display information had to be saved with the event.

The following information was included with the event: 

\Device\UVMLiteController0x1
Variable String too Large

the message resource is present but the message is not found in the string/message table

Event Xml:
<Event xmlns="http://schemas.microsoft.com/win/2004/08/events/event">
  <System>
    <Provider Name="nvlddmkm" />
    <EventID Qualifiers="49322">13</EventID>
    <Level>2</Level>
    <Task>0</Task>
    <Keywords>0x80000000000000</Keywords>
    <TimeCreated SystemTime="2017-06-16T00:07:28.041141000Z" />
    <EventRecordID>742</EventRecordID>
    <Channel>System</Channel>
    <Computer>DESKTOP-9KLOST5</Computer>
    <Security />
  </System>
  <EventData>
    <Data>\Device\UVMLiteController0x1</Data>
    <Data>Variable String too Large</Data>
    <Binary>0000000002003000000000000D00AAC0000000000000000000000000000000000000000000000000</Binary>
  </EventData>
</Event>

Log Name:      System
Source:        Microsoft-Windows-Bits-Client
Date:          16/06/2017 18:13:53
Event ID:      16392
Task Category: None
Level:         Error
Keywords:      
User:          SYSTEM
Computer:      DESKTOP-9KLOST5
Description:
The BITS service failed to start.  Error 0x80080005.
Event Xml:
<Event xmlns="http://schemas.microsoft.com/win/2004/08/events/event">
  <System>
    <Provider Name="Microsoft-Windows-Bits-Client" Guid="{EF1CC15B-46C1-414E-BB95-E76B077BD51E}" />
    <EventID>16392</EventID>
    <Version>0</Version>
    <Level>2</Level>
    <Task>0</Task>
    <Opcode>0</Opcode>
    <Keywords>0x8000000000000000</Keywords>
    <TimeCreated SystemTime="2017-06-16T11:13:53.651890400Z" />
    <EventRecordID>204</EventRecordID>
    <Correlation />
    <Execution ProcessID="2464" ThreadID="2596" />
    <Channel>System</Channel>
    <Computer>DESKTOP-9KLOST5</Computer>
    <Security UserID="S-1-5-18" />
  </System>
  <EventData>
    <Data Name="ErrorCode">2148007941</Data>
  </EventData>
</Event>

Log Name:      System
Source:        nvlddmkm
Date:          16/06/2017 07:07:28
Event ID:      13
Task Category: None
Level:         Error
Keywords:      Classic
User:          N/A
Computer:      DESKTOP-9KLOST5
Description:
The description for Event ID 13 from source nvlddmkm cannot be found. Either the component that raises this event is not installed on your local computer or the installation is corrupted. You can install or repair the component on the local computer.

If the event originated on another computer, the display information had to be saved with the event.

The following information was included with the event: 

\Device\UVMLiteController0x1
Variable String too Large

the message resource is present but the message is not found in the string/message table

Event Xml:
<Event xmlns="http://schemas.microsoft.com/win/2004/08/events/event">
  <System>
    <Provider Name="nvlddmkm" />
    <EventID Qualifiers="49322">13</EventID>
    <Level>2</Level>
    <Task>0</Task>
    <Keywords>0x80000000000000</Keywords>
    <TimeCreated SystemTime="2017-06-16T00:07:28.041141000Z" />
    <EventRecordID>744</EventRecordID>
    <Channel>System</Channel>
    <Computer>DESKTOP-9KLOST5</Computer>
    <Security />
  </System>
  <EventData>
    <Data>\Device\UVMLiteController0x1</Data>
    <Data>Variable String too Large</Data>
    <Binary>0000000002003000000000000D00AAC0000000000000000000000000000000000000000000000000</Binary>
  </EventData>
</Event>

Log Name:      System
Source:        nvlddmkm
Date:          16/06/2017 07:07:28
Event ID:      13
Task Category: None
Level:         Error
Keywords:      Classic
User:          N/A
Computer:      DESKTOP-9KLOST5
Description:
The description for Event ID 13 from source nvlddmkm cannot be found. Either the component that raises this event is not installed on your local computer or the installation is corrupted. You can install or repair the component on the local computer.

If the event originated on another computer, the display information had to be saved with the event.

The following information was included with the event: 

\Device\UVMLiteController0x1
NVRM: Graphics TEX Exception on (GPC 0, TPC 1):    TEX FORMAT

the message resource is present but the message is not found in the string/message table

Event Xml:
<Event xmlns="http://schemas.microsoft.com/win/2004/08/events/event">
  <System>
    <Provider Name="nvlddmkm" />
    <EventID Qualifiers="49322">13</EventID>
    <Level>2</Level>
    <Task>0</Task>
    <Keywords>0x80000000000000</Keywords>
    <TimeCreated SystemTime="2017-06-16T00:07:28.041141000Z" />
    <EventRecordID>745</EventRecordID>
    <Channel>System</Channel>
    <Computer>DESKTOP-9KLOST5</Computer>
    <Security />
  </System>
  <EventData>
    <Data>\Device\UVMLiteController0x1</Data>
    <Data>NVRM: Graphics TEX Exception on (GPC 0, TPC 1):    TEX FORMAT</Data>
    <Binary>0000000002003000000000000D00AAC0000000000000000000000000000000000000000000000000</Binary>
  </EventData>
</Event>

Log Name:      System
Source:        Service Control Manager
Date:          16/06/2017 18:13:53
Event ID:      7024
Task Category: None
Level:         Error
Keywords:      Classic
User:          N/A
Computer:      DESKTOP-9KLOST5
Description:
The Background Intelligent Transfer Service service terminated with the following service-specific error: 
Server execution failed
Event Xml:
<Event xmlns="http://schemas.microsoft.com/win/2004/08/events/event">
  <System>
    <Provider Name="Service Control Manager" Guid="{555908d1-a6d7-4695-8e1e-26931d2012f4}" EventSourceName="Service Control Manager" />
    <EventID Qualifiers="49152">7024</EventID>
    <Version>0</Version>
    <Level>2</Level>
    <Task>0</Task>
    <Opcode>0</Opcode>
    <Keywords>0x8080000000000000</Keywords>
    <TimeCreated SystemTime="2017-06-16T11:13:53.647652400Z" />
    <EventRecordID>205</EventRecordID>
    <Correlation />
    <Execution ProcessID="676" ThreadID="3832" />
    <Channel>System</Channel>
    <Computer>DESKTOP-9KLOST5</Computer>
    <Security />
  </System>
  <EventData>
    <Data Name="param1">Background Intelligent Transfer Service</Data>
    <Data Name="param2">%%2148007941</Data>
    <Binary>42004900540053000000</Binary>
  </EventData>
</Event>

Log Name:      System
Source:        nvlddmkm
Date:          16/06/2017 07:07:28
Event ID:      13
Task Category: None
Level:         Error
Keywords:      Classic
User:          N/A
Computer:      DESKTOP-9KLOST5
Description:
The description for Event ID 13 from source nvlddmkm cannot be found. Either the component that raises this event is not installed on your local computer or the installation is corrupted. You can install or repair the component on the local computer.

If the event originated on another computer, the display information had to be saved with the event.

The following information was included with the event: 

\Device\UVMLiteController0x1
NVRM: Graphics TEX Exception on (GPC 0, TPC 1):    TEX FORMAT

the message resource is present but the message is not found in the string/message table

Event Xml:
<Event xmlns="http://schemas.microsoft.com/win/2004/08/events/event">
  <System>
    <Provider Name="nvlddmkm" />
    <EventID Qualifiers="49322">13</EventID>
    <Level>2</Level>
    <Task>0</Task>
    <Keywords>0x80000000000000</Keywords>
    <TimeCreated SystemTime="2017-06-16T00:07:28.041141000Z" />
    <EventRecordID>743</EventRecordID>
    <Channel>System</Channel>
    <Computer>DESKTOP-9KLOST5</Computer>
    <Security />
  </System>
  <EventData>
    <Data>\Device\UVMLiteController0x1</Data>
    <Data>NVRM: Graphics TEX Exception on (GPC 0, TPC 1):    TEX FORMAT</Data>
    <Binary>0000000002003000000000000D00AAC0000000000000000000000000000000000000000000000000</Binary>
  </EventData>
</Event>

Log Name:      System
Source:        nvlddmkm
Date:          16/06/2017 07:07:28
Event ID:      13
Task Category: None
Level:         Error
Keywords:      Classic
User:          N/A
Computer:      DESKTOP-9KLOST5
Description:
The description for Event ID 13 from source nvlddmkm cannot be found. Either the component that raises this event is not installed on your local computer or the installation is corrupted. You can install or repair the component on the local computer.

If the event originated on another computer, the display information had to be saved with the event.

The following information was included with the event: 

\Device\UVMLiteController0x1
NVRM: Graphics TEX Exception on (GPC 0, TPC 0):    TEX FORMAT

the message resource is present but the message is not found in the string/message table

Event Xml:
<Event xmlns="http://schemas.microsoft.com/win/2004/08/events/event">
  <System>
    <Provider Name="nvlddmkm" />
    <EventID Qualifiers="49322">13</EventID>
    <Level>2</Level>
    <Task>0</Task>
    <Keywords>0x80000000000000</Keywords>
    <TimeCreated SystemTime="2017-06-16T00:07:28.043537100Z" />
    <EventRecordID>765</EventRecordID>
    <Channel>System</Channel>
    <Computer>DESKTOP-9KLOST5</Computer>
    <Security />
  </System>
  <EventData>
    <Data>\Device\UVMLiteController0x1</Data>
    <Data>NVRM: Graphics TEX Exception on (GPC 0, TPC 0):    TEX FORMAT</Data>
    <Binary>0000000002003000000000000D00AAC0000000000000000000000000000000000000000000000000</Binary>
  </EventData>
</Event>

Log Name:      System
Source:        nvlddmkm
Date:          16/06/2017 07:07:28
Event ID:      13
Task Category: None
Level:         Error
Keywords:      Classic
User:          N/A
Computer:      DESKTOP-9KLOST5
Description:
The description for Event ID 13 from source nvlddmkm cannot be found. Either the component that raises this event is not installed on your local computer or the installation is corrupted. You can install or repair the component on the local computer.

If the event originated on another computer, the display information had to be saved with the event.

The following information was included with the event: 

\Device\UVMLiteController0x1
Variable String too Large

the message resource is present but the message is not found in the string/message table

Event Xml:
<Event xmlns="http://schemas.microsoft.com/win/2004/08/events/event">
  <System>
    <Provider Name="nvlddmkm" />
    <EventID Qualifiers="49322">13</EventID>
    <Level>2</Level>
    <Task>0</Task>
    <Keywords>0x80000000000000</Keywords>
    <TimeCreated SystemTime="2017-06-16T00:07:28.043537100Z" />
    <EventRecordID>766</EventRecordID>
    <Channel>System</Channel>
    <Computer>DESKTOP-9KLOST5</Computer>
    <Security />
  </System>
  <EventData>
    <Data>\Device\UVMLiteController0x1</Data>
    <Data>Variable String too Large</Data>
    <Binary>0000000002003000000000000D00AAC0000000000000000000000000000000000000000000000000</Binary>
  </EventData>
</Event>

Log Name:      System
Source:        nvlddmkm
Date:          16/06/2017 07:07:28
Event ID:      13
Task Category: None
Level:         Error
Keywords:      Classic
User:          N/A
Computer:      DESKTOP-9KLOST5
Description:
The description for Event ID 13 from source nvlddmkm cannot be found. Either the component that raises this event is not installed on your local computer or the installation is corrupted. You can install or repair the component on the local computer.

If the event originated on another computer, the display information had to be saved with the event.

The following information was included with the event: 

\Device\UVMLiteController0x1
Variable String too Large

the message resource is present but the message is not found in the string/message table

Event Xml:
<Event xmlns="http://schemas.microsoft.com/win/2004/08/events/event">
  <System>
    <Provider Name="nvlddmkm" />
    <EventID Qualifiers="49322">13</EventID>
    <Level>2</Level>
    <Task>0</Task>
    <Keywords>0x80000000000000</Keywords>
    <TimeCreated SystemTime="2017-06-16T00:07:28.043537100Z" />
    <EventRecordID>764</EventRecordID>
    <Channel>System</Channel>
    <Computer>DESKTOP-9KLOST5</Computer>
    <Security />
  </System>
  <EventData>
    <Data>\Device\UVMLiteController0x1</Data>
    <Data>Variable String too Large</Data>
    <Binary>0000000002003000000000000D00AAC0000000000000000000000000000000000000000000000000</Binary>
  </EventData>
</Event>

Log Name:      System
Source:        Service Control Manager
Date:          16/06/2017 12:51:00
Event ID:      7000
Task Category: None
Level:         Error
Keywords:      Classic
User:          N/A
Computer:      DESKTOP-9KLOST5
Description:
The CldFlt service failed to start due to the following error: 
The request is not supported.
Event Xml:
<Event xmlns="http://schemas.microsoft.com/win/2004/08/events/event">
  <System>
    <Provider Name="Service Control Manager" Guid="{555908d1-a6d7-4695-8e1e-26931d2012f4}" EventSourceName="Service Control Manager" />
    <EventID Qualifiers="49152">7000</EventID>
    <Version>0</Version>
    <Level>2</Level>
    <Task>0</Task>
    <Opcode>0</Opcode>
    <Keywords>0x8080000000000000</Keywords>
    <TimeCreated SystemTime="2017-06-16T05:51:00.634796200Z" />
    <EventRecordID>1034</EventRecordID>
    <Correlation />
    <Execution ProcessID="812" ThreadID="904" />
    <Channel>System</Channel>
    <Computer>DESKTOP-9KLOST5</Computer>
    <Security />
  </System>
  <EventData>
    <Data Name="param1">CldFlt</Data>
    <Data Name="param2">%%50</Data>
    <Binary>43006C00640046006C0074000000</Binary>
  </EventData>
</Event>

Log Name:      System
Source:        nvlddmkm
Date:          16/06/2017 07:07:28
Event ID:      13
Task Category: None
Level:         Error
Keywords:      Classic
User:          N/A
Computer:      DESKTOP-9KLOST5
Description:
The description for Event ID 13 from source nvlddmkm cannot be found. Either the component that raises this event is not installed on your local computer or the installation is corrupted. You can install or repair the component on the local computer.

If the event originated on another computer, the display information had to be saved with the event.

The following information was included with the event: 

\Device\UVMLiteController0x1
NVRM: Graphics TEX Exception on (GPC 0, TPC 0):    TEX FORMAT

the message resource is present but the message is not found in the string/message table

Event Xml:
<Event xmlns="http://schemas.microsoft.com/win/2004/08/events/event">
  <System>
    <Provider Name="nvlddmkm" />
    <EventID Qualifiers="49322">13</EventID>
    <Level>2</Level>
    <Task>0</Task>
    <Keywords>0x80000000000000</Keywords>
    <TimeCreated SystemTime="2017-06-16T00:07:28.043537100Z" />
    <EventRecordID>763</EventRecordID>
    <Channel>System</Channel>
    <Computer>DESKTOP-9KLOST5</Computer>
    <Security />
  </System>
  <EventData>
    <Data>\Device\UVMLiteController0x1</Data>
    <Data>NVRM: Graphics TEX Exception on (GPC 0, TPC 0):    TEX FORMAT</Data>
    <Binary>0000000002003000000000000D00AAC0000000000000000000000000000000000000000000000000</Binary>
  </EventData>
</Event>

Log Name:      System
Source:        nvlddmkm
Date:          16/06/2017 07:07:28
Event ID:      13
Task Category: None
Level:         Error
Keywords:      Classic
User:          N/A
Computer:      DESKTOP-9KLOST5
Description:
The description for Event ID 13 from source nvlddmkm cannot be found. Either the component that raises this event is not installed on your local computer or the installation is corrupted. You can install or repair the component on the local computer.

If the event originated on another computer, the display information had to be saved with the event.

The following information was included with the event: 

\Device\UVMLiteController0x1
Variable String too Large

the message resource is present but the message is not found in the string/message table

Event Xml:
<Event xmlns="http://schemas.microsoft.com/win/2004/08/events/event">
  <System>
    <Provider Name="nvlddmkm" />
    <EventID Qualifiers="49322">13</EventID>
    <Level>2</Level>
    <Task>0</Task>
    <Keywords>0x80000000000000</Keywords>
    <TimeCreated SystemTime="2017-06-16T00:07:28.043537100Z" />
    <EventRecordID>770</EventRecordID>
    <Channel>System</Channel>
    <Computer>DESKTOP-9KLOST5</Computer>
    <Security />
  </System>
  <EventData>
    <Data>\Device\UVMLiteController0x1</Data>
    <Data>Variable String too Large</Data>
    <Binary>0000000002003000000000000D00AAC0000000000000000000000000000000000000000000000000</Binary>
  </EventData>
</Event>

Log Name:      System
Source:        nvlddmkm
Date:          16/06/2017 07:07:28
Event ID:      13
Task Category: None
Level:         Error
Keywords:      Classic
User:          N/A
Computer:      DESKTOP-9KLOST5
Description:
The description for Event ID 13 from source nvlddmkm cannot be found. Either the component that raises this event is not installed on your local computer or the installation is corrupted. You can install or repair the component on the local computer.

If the event originated on another computer, the display information had to be saved with the event.

The following information was included with the event: 

\Device\UVMLiteController0x1
NVRM: Graphics TEX Exception on (GPC 0, TPC 0):    TEX FORMAT

the message resource is present but the message is not found in the string/message table

Event Xml:
<Event xmlns="http://schemas.microsoft.com/win/2004/08/events/event">
  <System>
    <Provider Name="nvlddmkm" />
    <EventID Qualifiers="49322">13</EventID>
    <Level>2</Level>
    <Task>0</Task>
    <Keywords>0x80000000000000</Keywords>
    <TimeCreated SystemTime="2017-06-16T00:07:28.043981500Z" />
    <EventRecordID>771</EventRecordID>
    <Channel>System</Channel>
    <Computer>DESKTOP-9KLOST5</Computer>
    <Security />
  </System>
  <EventData>
    <Data>\Device\UVMLiteController0x1</Data>
    <Data>NVRM: Graphics TEX Exception on (GPC 0, TPC 0):    TEX FORMAT</Data>
    <Binary>0000000002003000000000000D00AAC0000000000000000000000000000000000000000000000000</Binary>
  </EventData>
</Event>

Log Name:      System
Source:        nvlddmkm
Date:          16/06/2017 07:07:28
Event ID:      13
Task Category: None
Level:         Error
Keywords:      Classic
User:          N/A
Computer:      DESKTOP-9KLOST5
Description:
The description for Event ID 13 from source nvlddmkm cannot be found. Either the component that raises this event is not installed on your local computer or the installation is corrupted. You can install or repair the component on the local computer.

If the event originated on another computer, the display information had to be saved with the event.

The following information was included with the event: 

\Device\UVMLiteController0x1
NVRM: Graphics TEX Exception on (GPC 0, TPC 1):    TEX FORMAT

the message resource is present but the message is not found in the string/message table

Event Xml:
<Event xmlns="http://schemas.microsoft.com/win/2004/08/events/event">
  <System>
    <Provider Name="nvlddmkm" />
    <EventID Qualifiers="49322">13</EventID>
    <Level>2</Level>
    <Task>0</Task>
    <Keywords>0x80000000000000</Keywords>
    <TimeCreated SystemTime="2017-06-16T00:07:28.043537100Z" />
    <EventRecordID>769</EventRecordID>
    <Channel>System</Channel>
    <Computer>DESKTOP-9KLOST5</Computer>
    <Security />
  </System>
  <EventData>
    <Data>\Device\UVMLiteController0x1</Data>
    <Data>NVRM: Graphics TEX Exception on (GPC 0, TPC 1):    TEX FORMAT</Data>
    <Binary>0000000002003000000000000D00AAC0000000000000000000000000000000000000000000000000</Binary>
  </EventData>
</Event>

Log Name:      System
Source:        nvlddmkm
Date:          16/06/2017 07:07:28
Event ID:      13
Task Category: None
Level:         Error
Keywords:      Classic
User:          N/A
Computer:      DESKTOP-9KLOST5
Description:
The description for Event ID 13 from source nvlddmkm cannot be found. Either the component that raises this event is not installed on your local computer or the installation is corrupted. You can install or repair the component on the local computer.

If the event originated on another computer, the display information had to be saved with the event.

The following information was included with the event: 

\Device\UVMLiteController0x1
NVRM: Graphics TEX Exception on (GPC 0, TPC 1):    TEX FORMAT

the message resource is present but the message is not found in the string/message table

Event Xml:
<Event xmlns="http://schemas.microsoft.com/win/2004/08/events/event">
  <System>
    <Provider Name="nvlddmkm" />
    <EventID Qualifiers="49322">13</EventID>
    <Level>2</Level>
    <Task>0</Task>
    <Keywords>0x80000000000000</Keywords>
    <TimeCreated SystemTime="2017-06-16T00:07:28.043537100Z" />
    <EventRecordID>767</EventRecordID>
    <Channel>System</Channel>
    <Computer>DESKTOP-9KLOST5</Computer>
    <Security />
  </System>
  <EventData>
    <Data>\Device\UVMLiteController0x1</Data>
    <Data>NVRM: Graphics TEX Exception on (GPC 0, TPC 1):    TEX FORMAT</Data>
    <Binary>0000000002003000000000000D00AAC0000000000000000000000000000000000000000000000000</Binary>
  </EventData>
</Event>

Log Name:      System
Source:        nvlddmkm
Date:          16/06/2017 07:07:28
Event ID:      13
Task Category: None
Level:         Error
Keywords:      Classic
User:          N/A
Computer:      DESKTOP-9KLOST5
Description:
The description for Event ID 13 from source nvlddmkm cannot be found. Either the component that raises this event is not installed on your local computer or the installation is corrupted. You can install or repair the component on the local computer.

If the event originated on another computer, the display information had to be saved with the event.

The following information was included with the event: 

\Device\UVMLiteController0x1
Variable String too Large

the message resource is present but the message is not found in the string/message table

Event Xml:
<Event xmlns="http://schemas.microsoft.com/win/2004/08/events/event">
  <System>
    <Provider Name="nvlddmkm" />
    <EventID Qualifiers="49322">13</EventID>
    <Level>2</Level>
    <Task>0</Task>
    <Keywords>0x80000000000000</Keywords>
    <TimeCreated SystemTime="2017-06-16T00:07:28.043537100Z" />
    <EventRecordID>768</EventRecordID>
    <Channel>System</Channel>
    <Computer>DESKTOP-9KLOST5</Computer>
    <Security />
  </System>
  <EventData>
    <Data>\Device\UVMLiteController0x1</Data>
    <Data>Variable String too Large</Data>
    <Binary>0000000002003000000000000D00AAC0000000000000000000000000000000000000000000000000</Binary>
  </EventData>
</Event>

Log Name:      System
Source:        nvlddmkm
Date:          16/06/2017 07:07:28
Event ID:      13
Task Category: None
Level:         Error
Keywords:      Classic
User:          N/A
Computer:      DESKTOP-9KLOST5
Description:
The description for Event ID 13 from source nvlddmkm cannot be found. Either the component that raises this event is not installed on your local computer or the installation is corrupted. You can install or repair the component on the local computer.

If the event originated on another computer, the display information had to be saved with the event.

The following information was included with the event: 

\Device\UVMLiteController0x1
Variable String too Large

the message resource is present but the message is not found in the string/message table

Event Xml:
<Event xmlns="http://schemas.microsoft.com/win/2004/08/events/event">
  <System>
    <Provider Name="nvlddmkm" />
    <EventID Qualifiers="49322">13</EventID>
    <Level>2</Level>
    <Task>0</Task>
    <Keywords>0x80000000000000</Keywords>
    <TimeCreated SystemTime="2017-06-16T00:07:28.042291800Z" />
    <EventRecordID>756</EventRecordID>
    <Channel>System</Channel>
    <Computer>DESKTOP-9KLOST5</Computer>
    <Security />
  </System>
  <EventData>
    <Data>\Device\UVMLiteController0x1</Data>
    <Data>Variable String too Large</Data>
    <Binary>0000000002003000000000000D00AAC0000000000000000000000000000000000000000000000000</Binary>
  </EventData>
</Event>

Log Name:      System
Source:        nvlddmkm
Date:          16/06/2017 07:07:28
Event ID:      13
Task Category: None
Level:         Error
Keywords:      Classic
User:          N/A
Computer:      DESKTOP-9KLOST5
Description:
The description for Event ID 13 from source nvlddmkm cannot be found. Either the component that raises this event is not installed on your local computer or the installation is corrupted. You can install or repair the component on the local computer.

If the event originated on another computer, the display information had to be saved with the event.

The following information was included with the event: 

\Device\UVMLiteController0x1
NVRM: Graphics TEX Exception on (GPC 0, TPC 0):    TEX FORMAT

the message resource is present but the message is not found in the string/message table

Event Xml:
<Event xmlns="http://schemas.microsoft.com/win/2004/08/events/event">
  <System>
    <Provider Name="nvlddmkm" />
    <EventID Qualifiers="49322">13</EventID>
    <Level>2</Level>
    <Task>0</Task>
    <Keywords>0x80000000000000</Keywords>
    <TimeCreated SystemTime="2017-06-16T00:07:28.042291800Z" />
    <EventRecordID>757</EventRecordID>
    <Channel>System</Channel>
    <Computer>DESKTOP-9KLOST5</Computer>
    <Security />
  </System>
  <EventData>
    <Data>\Device\UVMLiteController0x1</Data>
    <Data>NVRM: Graphics TEX Exception on (GPC 0, TPC 0):    TEX FORMAT</Data>
    <Binary>0000000002003000000000000D00AAC0000000000000000000000000000000000000000000000000</Binary>
  </EventData>
</Event>

Log Name:      System
Source:        nvlddmkm
Date:          16/06/2017 07:07:28
Event ID:      13
Task Category: None
Level:         Error
Keywords:      Classic
User:          N/A
Computer:      DESKTOP-9KLOST5
Description:
The description for Event ID 13 from source nvlddmkm cannot be found. Either the component that raises this event is not installed on your local computer or the installation is corrupted. You can install or repair the component on the local computer.

If the event originated on another computer, the display information had to be saved with the event.

The following information was included with the event: 

\Device\UVMLiteController0x1
NVRM: Graphics TEX Exception on (GPC 0, TPC 0):    TEX FORMAT

the message resource is present but the message is not found in the string/message table

Event Xml:
<Event xmlns="http://schemas.microsoft.com/win/2004/08/events/event">
  <System>
    <Provider Name="nvlddmkm" />
    <EventID Qualifiers="49322">13</EventID>
    <Level>2</Level>
    <Task>0</Task>
    <Keywords>0x80000000000000</Keywords>
    <TimeCreated SystemTime="2017-06-16T00:07:28.042291800Z" />
    <EventRecordID>755</EventRecordID>
    <Channel>System</Channel>
    <Computer>DESKTOP-9KLOST5</Computer>
    <Security />
  </System>
  <EventData>
    <Data>\Device\UVMLiteController0x1</Data>
    <Data>NVRM: Graphics TEX Exception on (GPC 0, TPC 0):    TEX FORMAT</Data>
    <Binary>0000000002003000000000000D00AAC0000000000000000000000000000000000000000000000000</Binary>
  </EventData>
</Event>

Log Name:      System
Source:        nvlddmkm
Date:          16/06/2017 07:07:28
Event ID:      13
Task Category: None
Level:         Error
Keywords:      Classic
User:          N/A
Computer:      DESKTOP-9KLOST5
Description:
The description for Event ID 13 from source nvlddmkm cannot be found. Either the component that raises this event is not installed on your local computer or the installation is corrupted. You can install or repair the component on the local computer.

If the event originated on another computer, the display information had to be saved with the event.

The following information was included with the event: 

\Device\UVMLiteController0x1
NVRM: Graphics TEX Exception on (GPC 0, TPC 1):    TEX FORMAT

the message resource is present but the message is not found in the string/message table

Event Xml:
<Event xmlns="http://schemas.microsoft.com/win/2004/08/events/event">
  <System>
    <Provider Name="nvlddmkm" />
    <EventID Qualifiers="49322">13</EventID>
    <Level>2</Level>
    <Task>0</Task>
    <Keywords>0x80000000000000</Keywords>
    <TimeCreated SystemTime="2017-06-16T00:07:28.042291800Z" />
    <EventRecordID>753</EventRecordID>
    <Channel>System</Channel>
    <Computer>DESKTOP-9KLOST5</Computer>
    <Security />
  </System>
  <EventData>
    <Data>\Device\UVMLiteController0x1</Data>
    <Data>NVRM: Graphics TEX Exception on (GPC 0, TPC 1):    TEX FORMAT</Data>
    <Binary>0000000002003000000000000D00AAC0000000000000000000000000000000000000000000000000</Binary>
  </EventData>
</Event>

