Log Name:      System
Source:        BTHUSB
Date:          16/06/2017 22:16:41
Event ID:      34
Task Category: None
Level:         Warning
Keywords:      Classic
User:          N/A
Computer:      DESKTOP-9KLOST5
Description:
The local adapter does not support an important Low Energy controller state to support peripheral mode.  The minimum required supported state mask is 0x491f7fffff, got 0x1fffffff.  Low Energy peripheral role functionality will not be available.
Event Xml:
<Event xmlns="http://schemas.microsoft.com/win/2004/08/events/event">
  <System>
    <Provider Name="BTHUSB" />
    <EventID Qualifiers="32773">34</EventID>
    <Level>3</Level>
    <Task>0</Task>
    <Keywords>0x80000000000000</Keywords>
    <TimeCreated SystemTime="2017-06-16T15:16:41.105429500Z" />
    <EventRecordID>1281</EventRecordID>
    <Channel>System</Channel>
    <Computer>DESKTOP-9KLOST5</Computer>
    <Security />
  </System>
  <EventData>
    <Data>
    </Data>
    <Data>0x491f7fffff</Data>
    <Data>0x1fffffff</Data>
    <Binary>00000000030028000000000022000580000000000000000000000000000000000000000000000000</Binary>
  </EventData>
</Event>

Log Name:      System
Source:        Display
Date:          16/06/2017 06:16:59
Event ID:      4101
Task Category: None
Level:         Warning
Keywords:      Classic
User:          N/A
Computer:      DESKTOP-9KLOST5
Description:
Display driver nvlddmkm stopped responding and has successfully recovered.
Event Xml:
<Event xmlns="http://schemas.microsoft.com/win/2004/08/events/event">
  <System>
    <Provider Name="Display" />
    <EventID Qualifiers="0">4101</EventID>
    <Level>3</Level>
    <Task>0</Task>
    <Keywords>0x80000000000000</Keywords>
    <TimeCreated SystemTime="2017-06-15T23:16:59.504692600Z" />
    <EventRecordID>700</EventRecordID>
    <Channel>System</Channel>
    <Computer>DESKTOP-9KLOST5</Computer>
    <Security />
  </System>
  <EventData>
    <Data>nvlddmkm</Data>
    <Data>
    </Data>
  </EventData>
</Event>

Log Name:      System
Source:        Microsoft-Windows-Kernel-Processor-Power
Date:          16/06/2017 05:44:18
Event ID:      37
Task Category: (7)
Level:         Warning
Keywords:      
User:          SYSTEM
Computer:      DESKTOP-9KLOST5
Description:
The speed of processor 0 in group 0 is being limited by system firmware. The processor has been in this reduced performance state for 45 seconds since the last report.
Event Xml:
<Event xmlns="http://schemas.microsoft.com/win/2004/08/events/event">
  <System>
    <Provider Name="Microsoft-Windows-Kernel-Processor-Power" Guid="{0F67E49F-FE51-4E9F-B490-6F2948CC6027}" />
    <EventID>37</EventID>
    <Version>0</Version>
    <Level>3</Level>
    <Task>7</Task>
    <Opcode>0</Opcode>
    <Keywords>0x8000000000000000</Keywords>
    <TimeCreated SystemTime="2017-06-15T22:44:18.588187900Z" />
    <EventRecordID>698</EventRecordID>
    <Correlation />
    <Execution ProcessID="4" ThreadID="4656" />
    <Channel>System</Channel>
    <Computer>DESKTOP-9KLOST5</Computer>
    <Security UserID="S-1-5-18" />
  </System>
  <EventData>
    <Data Name="Group">0</Data>
    <Data Name="Number">0</Data>
    <Data Name="CapDurationInSeconds">45</Data>
    <Data Name="PpcChanges">2</Data>
    <Data Name="TpcChanges">0</Data>
    <Data Name="PccChanges">0</Data>
  </EventData>
</Event>

Log Name:      System
Source:        Display
Date:          16/06/2017 06:16:59
Event ID:      4101
Task Category: None
Level:         Warning
Keywords:      Classic
User:          N/A
Computer:      DESKTOP-9KLOST5
Description:
Display driver nvlddmkm stopped responding and has successfully recovered.
Event Xml:
<Event xmlns="http://schemas.microsoft.com/win/2004/08/events/event">
  <System>
    <Provider Name="Display" />
    <EventID Qualifiers="0">4101</EventID>
    <Level>3</Level>
    <Task>0</Task>
    <Keywords>0x80000000000000</Keywords>
    <TimeCreated SystemTime="2017-06-15T23:16:59.505697600Z" />
    <EventRecordID>701</EventRecordID>
    <Channel>System</Channel>
    <Computer>DESKTOP-9KLOST5</Computer>
    <Security />
  </System>
  <EventData>
    <Data>nvlddmkm</Data>
    <Data>
    </Data>
  </EventData>
</Event>

Log Name:      System
Source:        Microsoft-Windows-Kernel-Processor-Power
Date:          16/06/2017 05:44:18
Event ID:      37
Task Category: (7)
Level:         Warning
Keywords:      
User:          SYSTEM
Computer:      DESKTOP-9KLOST5
Description:
The speed of processor 3 in group 0 is being limited by system firmware. The processor has been in this reduced performance state for 45 seconds since the last report.
Event Xml:
<Event xmlns="http://schemas.microsoft.com/win/2004/08/events/event">
  <System>
    <Provider Name="Microsoft-Windows-Kernel-Processor-Power" Guid="{0F67E49F-FE51-4E9F-B490-6F2948CC6027}" />
    <EventID>37</EventID>
    <Version>0</Version>
    <Level>3</Level>
    <Task>7</Task>
    <Opcode>0</Opcode>
    <Keywords>0x8000000000000000</Keywords>
    <TimeCreated SystemTime="2017-06-15T22:44:18.588113100Z" />
    <EventRecordID>696</EventRecordID>
    <Correlation />
    <Execution ProcessID="4" ThreadID="8" />
    <Channel>System</Channel>
    <Computer>DESKTOP-9KLOST5</Computer>
    <Security UserID="S-1-5-18" />
  </System>
  <EventData>
    <Data Name="Group">0</Data>
    <Data Name="Number">3</Data>
    <Data Name="CapDurationInSeconds">45</Data>
    <Data Name="PpcChanges">2</Data>
    <Data Name="TpcChanges">0</Data>
    <Data Name="PccChanges">0</Data>
  </EventData>
</Event>

Log Name:      System
Source:        Microsoft-Windows-Kernel-Processor-Power
Date:          16/06/2017 05:44:18
Event ID:      37
Task Category: (7)
Level:         Warning
Keywords:      
User:          SYSTEM
Computer:      DESKTOP-9KLOST5
Description:
The speed of processor 4 in group 0 is being limited by system firmware. The processor has been in this reduced performance state for 45 seconds since the last report.
Event Xml:
<Event xmlns="http://schemas.microsoft.com/win/2004/08/events/event">
  <System>
    <Provider Name="Microsoft-Windows-Kernel-Processor-Power" Guid="{0F67E49F-FE51-4E9F-B490-6F2948CC6027}" />
    <EventID>37</EventID>
    <Version>0</Version>
    <Level>3</Level>
    <Task>7</Task>
    <Opcode>0</Opcode>
    <Keywords>0x8000000000000000</Keywords>
    <TimeCreated SystemTime="2017-06-15T22:44:18.588163100Z" />
    <EventRecordID>697</EventRecordID>
    <Correlation />
    <Execution ProcessID="4" ThreadID="2924" />
    <Channel>System</Channel>
    <Computer>DESKTOP-9KLOST5</Computer>
    <Security UserID="S-1-5-18" />
  </System>
  <EventData>
    <Data Name="Group">0</Data>
    <Data Name="Number">4</Data>
    <Data Name="CapDurationInSeconds">45</Data>
    <Data Name="PpcChanges">2</Data>
    <Data Name="TpcChanges">0</Data>
    <Data Name="PccChanges">0</Data>
  </EventData>
</Event>

Log Name:      System
Source:        Microsoft-Windows-DNS-Client
Date:          16/06/2017 04:27:25
Event ID:      1014
Task Category: (1014)
Level:         Warning
Keywords:      (268435456)
User:          NETWORK SERVICE
Computer:      DESKTOP-9KLOST5
Description:
Name resolution for the name disc301-prod.do.dsp.mp.microsoft.com timed out after none of the configured DNS servers responded.
Event Xml:
<Event xmlns="http://schemas.microsoft.com/win/2004/08/events/event">
  <System>
    <Provider Name="Microsoft-Windows-DNS-Client" Guid="{1C95126E-7EEA-49A9-A3FE-A378B03DDB4D}" />
    <EventID>1014</EventID>
    <Version>0</Version>
    <Level>3</Level>
    <Task>1014</Task>
    <Opcode>0</Opcode>
    <Keywords>0x4000000010000000</Keywords>
    <TimeCreated SystemTime="2017-06-15T21:27:25.445972000Z" />
    <EventRecordID>353</EventRecordID>
    <Correlation />
    <Execution ProcessID="1052" ThreadID="5532" />
    <Channel>System</Channel>
    <Computer>DESKTOP-9KLOST5</Computer>
    <Security UserID="S-1-5-20" />
  </System>
  <EventData>
    <Data Name="QueryName">disc301-prod.do.dsp.mp.microsoft.com</Data>
    <Data Name="AddressLength">128</Data>
    <Data Name="Address">02000000CA496304000000000000000000000000000000000000000000000000000000000000000000000000000000000000000000000000000000000000000000000000000000000000000000000000000000000000000000000000000000000000000000000000000000000000000000000000000000000000000000000000</Data>
  </EventData>
</Event>

Log Name:      System
Source:        BTHUSB
Date:          16/06/2017 05:30:14
Event ID:      34
Task Category: None
Level:         Warning
Keywords:      Classic
User:          N/A
Computer:      DESKTOP-9KLOST5
Description:
The local adapter does not support an important Low Energy controller state to support peripheral mode.  The minimum required supported state mask is 0x491f7fffff, got 0x1fffffff.  Low Energy peripheral role functionality will not be available.
Event Xml:
<Event xmlns="http://schemas.microsoft.com/win/2004/08/events/event">
  <System>
    <Provider Name="BTHUSB" />
    <EventID Qualifiers="32773">34</EventID>
    <Level>3</Level>
    <Task>0</Task>
    <Keywords>0x80000000000000</Keywords>
    <TimeCreated SystemTime="2017-06-15T22:30:14.801771200Z" />
    <EventRecordID>674</EventRecordID>
    <Channel>System</Channel>
    <Computer>DESKTOP-9KLOST5</Computer>
    <Security />
  </System>
  <EventData>
    <Data>
    </Data>
    <Data>0x491f7fffff</Data>
    <Data>0x1fffffff</Data>
    <Binary>00000000030028000000000022000580000000000000000000000000000000000000000000000000</Binary>
  </EventData>
</Event>

Log Name:      System
Source:        Microsoft-Windows-Kernel-PnP
Date:          16/06/2017 04:51:53
Event ID:      225
Task Category: (223)
Level:         Warning
Keywords:      
User:          SYSTEM
Computer:      DESKTOP-9KLOST5
Description:
The application \Device\HarddiskVolume5\Windows\System32\audiodg.exe with process id 7304 stopped the removal or ejection for the device HDAUDIO\FUNC_01&VEN_10EC&DEV_0282&SUBSYS_17AA1000&REV_1000\4&2426718c&0&0001.
Event Xml:
<Event xmlns="http://schemas.microsoft.com/win/2004/08/events/event">
  <System>
    <Provider Name="Microsoft-Windows-Kernel-PnP" Guid="{9C205A39-1250-487D-ABD7-E831C6290539}" />
    <EventID>225</EventID>
    <Version>0</Version>
    <Level>3</Level>
    <Task>223</Task>
    <Opcode>0</Opcode>
    <Keywords>0x8000000000000000</Keywords>
    <TimeCreated SystemTime="2017-06-15T21:51:53.062747200Z" />
    <EventRecordID>416</EventRecordID>
    <Correlation />
    <Execution ProcessID="4" ThreadID="3228" />
    <Channel>System</Channel>
    <Computer>DESKTOP-9KLOST5</Computer>
    <Security UserID="S-1-5-18" />
  </System>
  <EventData>
    <Data Name="ProcessId">7304</Data>
    <Data Name="ProcessNameLength">52</Data>
    <Data Name="ProcessName">\Device\HarddiskVolume5\Windows\System32\audiodg.exe</Data>
    <Data Name="DeviceInstanceLength">76</Data>
    <Data Name="DeviceInstance">HDAUDIO\FUNC_01&amp;VEN_10EC&amp;DEV_0282&amp;SUBSYS_17AA1000&amp;REV_1000\4&amp;2426718c&amp;0&amp;0001</Data>
  </EventData>
</Event>

Log Name:      System
Source:        storahci
Date:          16/06/2017 18:12:54
Event ID:      129
Task Category: None
Level:         Warning
Keywords:      Classic
User:          N/A
Computer:      WIN-QK4MAFSA5GB
Description:
Reset to device, \Device\RaidPort0, was issued.
Event Xml:
<Event xmlns="http://schemas.microsoft.com/win/2004/08/events/event">
  <System>
    <Provider Name="storahci" />
    <EventID Qualifiers="32772">129</EventID>
    <Level>3</Level>
    <Task>0</Task>
    <Keywords>0x80000000000000</Keywords>
    <TimeCreated SystemTime="2017-06-16T11:12:54.819077600Z" />
    <EventRecordID>172</EventRecordID>
    <Channel>System</Channel>
    <Computer>WIN-QK4MAFSA5GB</Computer>
    <Security />
  </System>
  <EventData>
    <Data>\Device\RaidPort0</Data>
    <Binary>0F001800010000000000000081000480010000000000000000000000000000000000000000000000000000000000000005000000810004800000000000000000</Binary>
  </EventData>
</Event>