Log Name:      System
Source:        Disk
Date:          16/06/2017 18:17:27
Event ID:      7
Task Category: None
Level:         Error
Keywords:      Classic
User:          N/A
Computer:      DESKTOP-9KLOST5
Description:
The device, \Device\Harddisk0\DR0, has a bad block.
Event Xml:
<Event xmlns="http://schemas.microsoft.com/win/2004/08/events/event">
  <System>
    <Provider Name="Disk" />
    <EventID Qualifiers="49156">7</EventID>
    <Level>2</Level>
    <Task>0</Task>
    <Keywords>0x80000000000000</Keywords>
    <TimeCreated SystemTime="2017-06-16T11:17:27.343330900Z" />
    <EventRecordID>1232</EventRecordID>
    <Channel>System</Channel>
    <Computer>DESKTOP-9KLOST5</Computer>
    <Security />
  </System>
  <EventData>
    <Data>\Device\Harddisk0\DR0</Data>
    <Binary>030081000100000000000000070004C0000100009C0000C0000000000000000000D08BC52100000004E2010000000000FFFFFFFF00000000580000840205000000200AFF42072000000002001E0000000000A4748094FFFFC02C1D7F8094FFFF0000000000000000B0DA027F8094FFFF0000000000000000E8C5E21000000000280010E2C5E800010000000000000000F00003000000000B0000000000000000000000000000000000</Binary>
  </EventData>
</Event>

Log Name:      System
Source:        nvlddmkm
Date:          16/06/2017 07:01:28
Event ID:      13
Task Category: None
Level:         Error
Keywords:      Classic
User:          N/A
Computer:      DESKTOP-9KLOST5
Description:
The description for Event ID 13 from source nvlddmkm cannot be found. Either the component that raises this event is not installed on your local computer or the installation is corrupted. You can install or repair the component on the local computer.

If the event originated on another computer, the display information had to be saved with the event.

The following information was included with the event: 

\Device\UVMLiteController0x1
Graphics Exception: Shader Program Header 9 Error

the message resource is present but the message is not found in the string/message table

Event Xml:
<Event xmlns="http://schemas.microsoft.com/win/2004/08/events/event">
  <System>
    <Provider Name="nvlddmkm" />
    <EventID Qualifiers="49322">13</EventID>
    <Level>2</Level>
    <Task>0</Task>
    <Keywords>0x80000000000000</Keywords>
    <TimeCreated SystemTime="2017-06-16T00:01:28.601940300Z" />
    <EventRecordID>725</EventRecordID>
    <Channel>System</Channel>
    <Computer>DESKTOP-9KLOST5</Computer>
    <Security />
  </System>
  <EventData>
    <Data>\Device\UVMLiteController0x1</Data>
    <Data>Graphics Exception: Shader Program Header 9 Error</Data>
    <Binary>0000000002003000000000000D00AAC0000000000000000000000000000000000000000000000000</Binary>
  </EventData>
</Event>

Log Name:      System
Source:        Disk
Date:          16/06/2017 18:31:58
Event ID:      7
Task Category: None
Level:         Error
Keywords:      Classic
User:          N/A
Computer:      DESKTOP-9KLOST5
Description:
The device, \Device\Harddisk0\DR0, has a bad block.
Event Xml:
<Event xmlns="http://schemas.microsoft.com/win/2004/08/events/event">
  <System>
    <Provider Name="Disk" />
    <EventID Qualifiers="49156">7</EventID>
    <Level>2</Level>
    <Task>0</Task>
    <Keywords>0x80000000000000</Keywords>
    <TimeCreated SystemTime="2017-06-16T11:31:58.166268500Z" />
    <EventRecordID>1236</EventRecordID>
    <Channel>System</Channel>
    <Computer>DESKTOP-9KLOST5</Computer>
    <Security />
  </System>
  <EventData>
    <Data>\Device\Harddisk0\DR0</Data>
    <Binary>030081000100000000000000070004C0000100009C0000C0000000000000000000902E69D1000000B8BB020000000000FFFFFFFF00000000580000840205000000200AFF42072000000002001E0000000000C0748094FFFF3027117F8094FFFF0000000000000000605533758094FFFF00000000000000004897B46800000000280068B4974800010000000000000000F00003000000000B0000000000000000000000000000000000</Binary>
  </EventData>
</Event>

Log Name:      System
Source:        Disk
Date:          16/06/2017 18:18:13
Event ID:      7
Task Category: None
Level:         Error
Keywords:      Classic
User:          N/A
Computer:      DESKTOP-9KLOST5
Description:
The device, \Device\Harddisk0\DR0, has a bad block.
Event Xml:
<Event xmlns="http://schemas.microsoft.com/win/2004/08/events/event">
  <System>
    <Provider Name="Disk" />
    <EventID Qualifiers="49156">7</EventID>
    <Level>2</Level>
    <Task>0</Task>
    <Keywords>0x80000000000000</Keywords>
    <TimeCreated SystemTime="2017-06-16T11:18:13.124313700Z" />
    <EventRecordID>1234</EventRecordID>
    <Channel>System</Channel>
    <Computer>DESKTOP-9KLOST5</Computer>
    <Security />
  </System>
  <EventData>
    <Data>\Device\Harddisk0\DR0</Data>
    <Binary>030081000100000000000000070004C0000100009C0000C000000000000000000020BBC42100000076ED010000000000FFFFFFFF00000000580000840205000000200AFF42072000000002001E0000000000CE748094FFFFC02C1D7F8094FFFF000000000000000010904E758094FFFF0000000000000000905DE21000000000280010E25D9000010000000000000000F00003000000000B0000000000000000000000000000000000</Binary>
  </EventData>
</Event>

Log Name:      System
Source:        Disk
Date:          16/06/2017 18:18:17
Event ID:      7
Task Category: None
Level:         Error
Keywords:      Classic
User:          N/A
Computer:      DESKTOP-9KLOST5
Description:
The device, \Device\Harddisk0\DR0, has a bad block.
Event Xml:
<Event xmlns="http://schemas.microsoft.com/win/2004/08/events/event">
  <System>
    <Provider Name="Disk" />
    <EventID Qualifiers="49156">7</EventID>
    <Level>2</Level>
    <Task>0</Task>
    <Keywords>0x80000000000000</Keywords>
    <TimeCreated SystemTime="2017-06-16T11:18:17.390365400Z" />
    <EventRecordID>1235</EventRecordID>
    <Channel>System</Channel>
    <Computer>DESKTOP-9KLOST5</Computer>
    <Security />
  </System>
  <EventData>
    <Data>\Device\Harddisk0\DR0</Data>
    <Binary>030081000100000000000000070004C0000100009C0000C0000000000000000000D08BC52100000087EE010000000000FFFFFFFF00000000580000840205000000200AFF42072000000002001E0000000000C4748094FFFFC02C1D7F8094FFFF0000000000000000105033758094FFFF0000000000000000E8C5E21000000000280010E2C5E800010000000000000000F00003000000000B0000000000000000000000000000000000</Binary>
  </EventData>
</Event>

Log Name:      System
Source:        Disk
Date:          16/06/2017 18:18:09
Event ID:      7
Task Category: None
Level:         Error
Keywords:      Classic
User:          N/A
Computer:      DESKTOP-9KLOST5
Description:
The device, \Device\Harddisk0\DR0, has a bad block.
Event Xml:
<Event xmlns="http://schemas.microsoft.com/win/2004/08/events/event">
  <System>
    <Provider Name="Disk" />
    <EventID Qualifiers="49156">7</EventID>
    <Level>2</Level>
    <Task>0</Task>
    <Keywords>0x80000000000000</Keywords>
    <TimeCreated SystemTime="2017-06-16T11:18:09.469556300Z" />
    <EventRecordID>1233</EventRecordID>
    <Channel>System</Channel>
    <Computer>DESKTOP-9KLOST5</Computer>
    <Security />
  </System>
  <EventData>
    <Data>\Device\Harddisk0\DR0</Data>
    <Binary>030081000100000000000000070004C0000100009C0000C0000000000000000000E0B9C6210000008CEC010000000000FFFFFFFF00000000580000840205000000200AFF42072000000002001E0000000000C2748094FFFFC02C1D7F8094FFFF000000000000000010E040798094FFFF0000000000000000F05CE31000000000280010E35CF000010000000000000000F00003000000000B0000000000000000000000000000000000</Binary>
  </EventData>
</Event>

Log Name:      System
Source:        Disk
Date:          16/06/2017 18:48:12
Event ID:      7
Task Category: None
Level:         Error
Keywords:      Classic
User:          N/A
Computer:      DESKTOP-9KLOST5
Description:
The device, \Device\Harddisk0\DR0, has a bad block.
Event Xml:
<Event xmlns="http://schemas.microsoft.com/win/2004/08/events/event">
  <System>
    <Provider Name="Disk" />
    <EventID Qualifiers="49156">7</EventID>
    <Level>2</Level>
    <Task>0</Task>
    <Keywords>0x80000000000000</Keywords>
    <TimeCreated SystemTime="2017-06-16T11:48:12.361830300Z" />
    <EventRecordID>1240</EventRecordID>
    <Channel>System</Channel>
    <Computer>DESKTOP-9KLOST5</Computer>
    <Security />
  </System>
  <EventData>
    <Data>\Device\Harddisk0\DR0</Data>
    <Binary>030081000100000000000000070004C0000100009C0000C0000000000000000000903469D100000045AF030000000000FFFFFFFF00000000580000840205000000200AFF42072000000002001E0000000000E6748094FFFFA076A3798094FFFF0000000000000000D0BB1E7F8094FFFF0000000000000000489AB46800000000280068B49A4800010000000000000000F00003000000000B0000000000000000000000000000000000</Binary>
  </EventData>
</Event>

Log Name:      System
Source:        Microsoft-Windows-WER-SystemErrorReporting
Date:          16/06/2017 22:17:51
Event ID:      1001
Task Category: None
Level:         Error
Keywords:      Classic
User:          N/A
Computer:      DESKTOP-9KLOST5
Description:
The computer has rebooted from a bugcheck.  The bugcheck was: 0x000000ef (0xffff9480789fb2c0, 0x0000000000000000, 0x0000000000000000, 0x0000000000000000). A dump was saved in: C:\Windows\MEMORY.DMP. Report Id: a43e8bf3-365f-456f-a2b7-9970f754b5b5.
Event Xml:
<Event xmlns="http://schemas.microsoft.com/win/2004/08/events/event">
  <System>
    <Provider Name="Microsoft-Windows-WER-SystemErrorReporting" Guid="{ABCE23E7-DE45-4366-8631-84FA6C525952}" EventSourceName="BugCheck" />
    <EventID Qualifiers="16384">1001</EventID>
    <Version>0</Version>
    <Level>2</Level>
    <Task>0</Task>
    <Opcode>0</Opcode>
    <Keywords>0x80000000000000</Keywords>
    <TimeCreated SystemTime="2017-06-16T15:17:51.974770900Z" />
    <EventRecordID>1295</EventRecordID>
    <Correlation />
    <Execution ProcessID="0" ThreadID="0" />
    <Channel>System</Channel>
    <Computer>DESKTOP-9KLOST5</Computer>
    <Security />
  </System>
  <EventData>
    <Data Name="param1">0x000000ef (0xffff9480789fb2c0, 0x0000000000000000, 0x0000000000000000, 0x0000000000000000)</Data>
    <Data Name="param2">C:\Windows\MEMORY.DMP</Data>
    <Data Name="param3">a43e8bf3-365f-456f-a2b7-9970f754b5b5</Data>
  </EventData>
</Event>

Log Name:      System
Source:        Disk
Date:          16/06/2017 18:00:02
Event ID:      7
Task Category: None
Level:         Error
Keywords:      Classic
User:          N/A
Computer:      DESKTOP-9KLOST5
Description:
The device, \Device\Harddisk0\DR0, has a bad block.
Event Xml:
<Event xmlns="http://schemas.microsoft.com/win/2004/08/events/event">
  <System>
    <Provider Name="Disk" />
    <EventID Qualifiers="49156">7</EventID>
    <Level>2</Level>
    <Task>0</Task>
    <Keywords>0x80000000000000</Keywords>
    <TimeCreated SystemTime="2017-06-16T11:00:02.522505600Z" />
    <EventRecordID>1228</EventRecordID>
    <Channel>System</Channel>
    <Computer>DESKTOP-9KLOST5</Computer>
    <Security />
  </System>
  <EventData>
    <Data>\Device\Harddisk0\DR0</Data>
    <Binary>030081000100000000000000070004C0000100009C0000C000000000000000000020BBC421000000CFDC000000000000FFFFFFFF00000000580000840205000000200AFF42072000000002001E00000000002E7F8094FFFFA0271D7F8094FFFF000000000000000040F51E7F8094FFFF0000000000000000905DE21000000000280010E25D9000010000000000000000F00003000000000B0000000000000000000000000000000000</Binary>
  </EventData>
</Event>

Log Name:      System
Source:        Disk
Date:          16/06/2017 18:48:08
Event ID:      7
Task Category: None
Level:         Error
Keywords:      Classic
User:          N/A
Computer:      DESKTOP-9KLOST5
Description:
The device, \Device\Harddisk0\DR0, has a bad block.
Event Xml:
<Event xmlns="http://schemas.microsoft.com/win/2004/08/events/event">
  <System>
    <Provider Name="Disk" />
    <EventID Qualifiers="49156">7</EventID>
    <Level>2</Level>
    <Task>0</Task>
    <Keywords>0x80000000000000</Keywords>
    <TimeCreated SystemTime="2017-06-16T11:48:08.972765800Z" />
    <EventRecordID>1239</EventRecordID>
    <Channel>System</Channel>
    <Computer>DESKTOP-9KLOST5</Computer>
    <Security />
  </System>
  <EventData>
    <Data>\Device\Harddisk0\DR0</Data>
    <Binary>030081000100000000000000070004C0000100009C0000C0000000000000000000903269D10000006CAE030000000000FFFFFFFF00000000580000840205000000200AFF42072000000002001E0000000000E4748094FFFFA076A3798094FFFF000000000000000010805B788094FFFF00000000000000004899B46800000000280068B4994800010000000000000000F00003000000000B0000000000000000000000000000000000</Binary>
  </EventData>
</Event>

Log Name:      System
Source:        storahci
Date:          16/06/2017 18:09:34
Event ID:      129
Task Category: None
Level:         Warning
Keywords:      Classic
User:          N/A
Computer:      WIN-QK4MAFSA5GB
Description:
Reset to device, \Device\RaidPort0, was issued.
Event Xml:
<Event xmlns="http://schemas.microsoft.com/win/2004/08/events/event">
  <System>
    <Provider Name="storahci" />
    <EventID Qualifiers="32772">129</EventID>
    <Level>3</Level>
    <Task>0</Task>
    <Keywords>0x80000000000000</Keywords>
    <TimeCreated SystemTime="2017-06-16T11:09:34.255030300Z" />
    <EventRecordID>103</EventRecordID>
    <Channel>System</Channel>
    <Computer>WIN-QK4MAFSA5GB</Computer>
    <Security />
  </System>
  <EventData>
    <Data>\Device\RaidPort0</Data>
    <Binary>0F001800010000000000000081000480010000000000000000000000000000000000000000000000000000000000000005000000810004800000000000000000</Binary>
  </EventData>
</Event>

Log Name:      System
Source:        BTHUSB
Date:          16/06/2017 05:17:27
Event ID:      34
Task Category: None
Level:         Warning
Keywords:      Classic
User:          N/A
Computer:      DESKTOP-9KLOST5
Description:
The local adapter does not support an important Low Energy controller state to support peripheral mode.  The minimum required supported state mask is 0x491f7fffff, got 0x1fffffff.  Low Energy peripheral role functionality will not be available.
Event Xml:
<Event xmlns="http://schemas.microsoft.com/win/2004/08/events/event">
  <System>
    <Provider Name="BTHUSB" />
    <EventID Qualifiers="32773">34</EventID>
    <Level>3</Level>
    <Task>0</Task>
    <Keywords>0x80000000000000</Keywords>
    <TimeCreated SystemTime="2017-06-15T22:17:27.607222400Z" />
    <EventRecordID>586</EventRecordID>
    <Channel>System</Channel>
    <Computer>DESKTOP-9KLOST5</Computer>
    <Security />
  </System>
  <EventData>
    <Data>
    </Data>
    <Data>0x491f7fffff</Data>
    <Data>0x1fffffff</Data>
    <Binary>00000000030028000000000022000580000000000000000000000000000000000000000000000000</Binary>
  </EventData>
</Event>

Log Name:      System
Source:        storahci
Date:          16/06/2017 04:24:07
Event ID:      129
Task Category: None
Level:         Warning
Keywords:      Classic
User:          N/A
Computer:      DESKTOP-9KLOST5
Description:
Reset to device, \Device\RaidPort0, was issued.
Event Xml:
<Event xmlns="http://schemas.microsoft.com/win/2004/08/events/event">
  <System>
    <Provider Name="storahci" />
    <EventID Qualifiers="32772">129</EventID>
    <Level>3</Level>
    <Task>0</Task>
    <Keywords>0x80000000000000</Keywords>
    <TimeCreated SystemTime="2017-06-15T21:24:07.761159400Z" />
    <EventRecordID>328</EventRecordID>
    <Channel>System</Channel>
    <Computer>DESKTOP-9KLOST5</Computer>
    <Security />
  </System>
  <EventData>
    <Data>\Device\RaidPort0</Data>
    <Binary>0F001800010000000000000081000480010000000000000000000000000000000000000000000000000000000000000005000000810004800000000000000000</Binary>
  </EventData>
</Event>

Log Name:      System
Source:        Microsoft-Windows-Kernel-Processor-Power
Date:          16/06/2017 12:58:21
Event ID:      37
Task Category: (7)
Level:         Warning
Keywords:      
User:          SYSTEM
Computer:      DESKTOP-9KLOST5
Description:
The speed of processor 5 in group 0 is being limited by system firmware. The processor has been in this reduced performance state for 4 seconds since the last report.
Event Xml:
<Event xmlns="http://schemas.microsoft.com/win/2004/08/events/event">
  <System>
    <Provider Name="Microsoft-Windows-Kernel-Processor-Power" Guid="{0F67E49F-FE51-4E9F-B490-6F2948CC6027}" />
    <EventID>37</EventID>
    <Version>0</Version>
    <Level>3</Level>
    <Task>7</Task>
    <Opcode>0</Opcode>
    <Keywords>0x8000000000000000</Keywords>
    <TimeCreated SystemTime="2017-06-16T05:58:21.983454000Z" />
    <EventRecordID>1060</EventRecordID>
    <Correlation />
    <Execution ProcessID="4" ThreadID="976" />
    <Channel>System</Channel>
    <Computer>DESKTOP-9KLOST5</Computer>
    <Security UserID="S-1-5-18" />
  </System>
  <EventData>
    <Data Name="Group">0</Data>
    <Data Name="Number">5</Data>
    <Data Name="CapDurationInSeconds">4</Data>
    <Data Name="PpcChanges">2</Data>
    <Data Name="TpcChanges">0</Data>
    <Data Name="PccChanges">0</Data>
  </EventData>
</Event>

Log Name:      System
Source:        Microsoft-Windows-Kernel-Processor-Power
Date:          16/06/2017 12:58:21
Event ID:      37
Task Category: (7)
Level:         Warning
Keywords:      
User:          SYSTEM
Computer:      DESKTOP-9KLOST5
Description:
The speed of processor 3 in group 0 is being limited by system firmware. The processor has been in this reduced performance state for 4 seconds since the last report.
Event Xml:
<Event xmlns="http://schemas.microsoft.com/win/2004/08/events/event">
  <System>
    <Provider Name="Microsoft-Windows-Kernel-Processor-Power" Guid="{0F67E49F-FE51-4E9F-B490-6F2948CC6027}" />
    <EventID>37</EventID>
    <Version>0</Version>
    <Level>3</Level>
    <Task>7</Task>
    <Opcode>0</Opcode>
    <Keywords>0x8000000000000000</Keywords>
    <TimeCreated SystemTime="2017-06-16T05:58:21.983463000Z" />
    <EventRecordID>1061</EventRecordID>
    <Correlation />
    <Execution ProcessID="4" ThreadID="5964" />
    <Channel>System</Channel>
    <Computer>DESKTOP-9KLOST5</Computer>
    <Security UserID="S-1-5-18" />
  </System>
  <EventData>
    <Data Name="Group">0</Data>
    <Data Name="Number">3</Data>
    <Data Name="CapDurationInSeconds">4</Data>
    <Data Name="PpcChanges">2</Data>
    <Data Name="TpcChanges">0</Data>
    <Data Name="PccChanges">0</Data>
  </EventData>
</Event>

Log Name:      System
Source:        Microsoft-Windows-Kernel-Processor-Power
Date:          16/06/2017 12:58:21
Event ID:      37
Task Category: (7)
Level:         Warning
Keywords:      
User:          SYSTEM
Computer:      DESKTOP-9KLOST5
Description:
The speed of processor 7 in group 0 is being limited by system firmware. The processor has been in this reduced performance state for 4 seconds since the last report.
Event Xml:
<Event xmlns="http://schemas.microsoft.com/win/2004/08/events/event">
  <System>
    <Provider Name="Microsoft-Windows-Kernel-Processor-Power" Guid="{0F67E49F-FE51-4E9F-B490-6F2948CC6027}" />
    <EventID>37</EventID>
    <Version>0</Version>
    <Level>3</Level>
    <Task>7</Task>
    <Opcode>0</Opcode>
    <Keywords>0x8000000000000000</Keywords>
    <TimeCreated SystemTime="2017-06-16T05:58:21.983471500Z" />
    <EventRecordID>1062</EventRecordID>
    <Correlation />
    <Execution ProcessID="4" ThreadID="6508" />
    <Channel>System</Channel>
    <Computer>DESKTOP-9KLOST5</Computer>
    <Security UserID="S-1-5-18" />
  </System>
  <EventData>
    <Data Name="Group">0</Data>
    <Data Name="Number">7</Data>
    <Data Name="CapDurationInSeconds">4</Data>
    <Data Name="PpcChanges">2</Data>
    <Data Name="TpcChanges">0</Data>
    <Data Name="PccChanges">0</Data>
  </EventData>
</Event>

Log Name:      System
Source:        Microsoft-Windows-Kernel-Processor-Power
Date:          16/06/2017 12:58:21
Event ID:      37
Task Category: (7)
Level:         Warning
Keywords:      
User:          SYSTEM
Computer:      DESKTOP-9KLOST5
Description:
The speed of processor 4 in group 0 is being limited by system firmware. The processor has been in this reduced performance state for 4 seconds since the last report.
Event Xml:
<Event xmlns="http://schemas.microsoft.com/win/2004/08/events/event">
  <System>
    <Provider Name="Microsoft-Windows-Kernel-Processor-Power" Guid="{0F67E49F-FE51-4E9F-B490-6F2948CC6027}" />
    <EventID>37</EventID>
    <Version>0</Version>
    <Level>3</Level>
    <Task>7</Task>
    <Opcode>0</Opcode>
    <Keywords>0x8000000000000000</Keywords>
    <TimeCreated SystemTime="2017-06-16T05:58:21.983514300Z" />
    <EventRecordID>1064</EventRecordID>
    <Correlation />
    <Execution ProcessID="4" ThreadID="4996" />
    <Channel>System</Channel>
    <Computer>DESKTOP-9KLOST5</Computer>
    <Security UserID="S-1-5-18" />
  </System>
  <EventData>
    <Data Name="Group">0</Data>
    <Data Name="Number">4</Data>
    <Data Name="CapDurationInSeconds">4</Data>
    <Data Name="PpcChanges">2</Data>
    <Data Name="TpcChanges">0</Data>
    <Data Name="PccChanges">0</Data>
  </EventData>
</Event>

Log Name:      System
Source:        Microsoft-Windows-Kernel-Processor-Power
Date:          16/06/2017 12:58:21
Event ID:      37
Task Category: (7)
Level:         Warning
Keywords:      
User:          SYSTEM
Computer:      DESKTOP-9KLOST5
Description:
The speed of processor 1 in group 0 is being limited by system firmware. The processor has been in this reduced performance state for 4 seconds since the last report.
Event Xml:
<Event xmlns="http://schemas.microsoft.com/win/2004/08/events/event">
  <System>
    <Provider Name="Microsoft-Windows-Kernel-Processor-Power" Guid="{0F67E49F-FE51-4E9F-B490-6F2948CC6027}" />
    <EventID>37</EventID>
    <Version>0</Version>
    <Level>3</Level>
    <Task>7</Task>
    <Opcode>0</Opcode>
    <Keywords>0x8000000000000000</Keywords>
    <TimeCreated SystemTime="2017-06-16T05:58:21.983536100Z" />
    <EventRecordID>1065</EventRecordID>
    <Correlation />
    <Execution ProcessID="4" ThreadID="252" />
    <Channel>System</Channel>
    <Computer>DESKTOP-9KLOST5</Computer>
    <Security UserID="S-1-5-18" />
  </System>
  <EventData>
    <Data Name="Group">0</Data>
    <Data Name="Number">1</Data>
    <Data Name="CapDurationInSeconds">4</Data>
    <Data Name="PpcChanges">2</Data>
    <Data Name="TpcChanges">0</Data>
    <Data Name="PccChanges">0</Data>
  </EventData>
</Event>

Log Name:      System
Source:        Microsoft-Windows-DNS-Client
Date:          16/06/2017 12:29:44
Event ID:      1014
Task Category: (1014)
Level:         Warning
Keywords:      (268435456)
User:          NETWORK SERVICE
Computer:      DESKTOP-9KLOST5
Description:
Name resolution for the name web.vortex.data.microsoft.com timed out after none of the configured DNS servers responded.
Event Xml:
<Event xmlns="http://schemas.microsoft.com/win/2004/08/events/event">
  <System>
    <Provider Name="Microsoft-Windows-DNS-Client" Guid="{1C95126E-7EEA-49A9-A3FE-A378B03DDB4D}" />
    <EventID>1014</EventID>
    <Version>0</Version>
    <Level>3</Level>
    <Task>1014</Task>
    <Opcode>0</Opcode>
    <Keywords>0x4000000010000000</Keywords>
    <TimeCreated SystemTime="2017-06-16T05:29:44.181239500Z" />
    <EventRecordID>919</EventRecordID>
    <Correlation />
    <Execution ProcessID="2128" ThreadID="408" />
    <Channel>System</Channel>
    <Computer>DESKTOP-9KLOST5</Computer>
    <Security UserID="S-1-5-20" />
  </System>
  <EventData>
    <Data Name="QueryName">web.vortex.data.microsoft.com</Data>
    <Data Name="AddressLength">128</Data>
    <Data Name="Address">02000000CA496304000000000000000000000000000000000000000000000000000000000000000000000000000000000000000000000000000000000000000000000000000000000000000000000000000000000000000000000000000000000000000000000000000000000000000000000000000000000000000000000000</Data>
  </EventData>
</Event>

Log Name:      System
Source:        Microsoft-Windows-Kernel-Processor-Power
Date:          16/06/2017 12:58:21
Event ID:      37
Task Category: (7)
Level:         Warning
Keywords:      
User:          SYSTEM
Computer:      DESKTOP-9KLOST5
Description:
The speed of processor 6 in group 0 is being limited by system firmware. The processor has been in this reduced performance state for 4 seconds since the last report.
Event Xml:
<Event xmlns="http://schemas.microsoft.com/win/2004/08/events/event">
  <System>
    <Provider Name="Microsoft-Windows-Kernel-Processor-Power" Guid="{0F67E49F-FE51-4E9F-B490-6F2948CC6027}" />
    <EventID>37</EventID>
    <Version>0</Version>
    <Level>3</Level>
    <Task>7</Task>
    <Opcode>0</Opcode>
    <Keywords>0x8000000000000000</Keywords>
    <TimeCreated SystemTime="2017-06-16T05:58:21.983480900Z" />
    <EventRecordID>1063</EventRecordID>
    <Correlation />
    <Execution ProcessID="4" ThreadID="232" />
    <Channel>System</Channel>
    <Computer>DESKTOP-9KLOST5</Computer>
    <Security UserID="S-1-5-18" />
  </System>
  <EventData>
    <Data Name="Group">0</Data>
    <Data Name="Number">6</Data>
    <Data Name="CapDurationInSeconds">4</Data>
    <Data Name="PpcChanges">2</Data>
    <Data Name="TpcChanges">0</Data>
    <Data Name="PccChanges">0</Data>
  </EventData>
</Event>

Log Name:      System
Source:        Microsoft-Windows-Time-Service
Date:          16/06/2017 18:14:56
Event ID:      134
Task Category: None
Level:         Warning
Keywords:      
User:          LOCAL SERVICE
Computer:      DESKTOP-9KLOST5
Description:
NtpClient was unable to set a manual peer to use as a time source because of DNS resolution error on 'time.windows.com,0x9'. NtpClient will try again in 15 minutes and double the reattempt interval thereafter. The error was: No such host is known. (0x80072AF9)
Event Xml:
<Event xmlns="http://schemas.microsoft.com/win/2004/08/events/event">
  <System>
    <Provider Name="Microsoft-Windows-Time-Service" Guid="{06EDCFEB-0FD0-4E53-ACCA-A6F8BBF81BCB}" />
    <EventID>134</EventID>
    <Version>0</Version>
    <Level>3</Level>
    <Task>0</Task>
    <Opcode>0</Opcode>
    <Keywords>0x8000000000000000</Keywords>
    <TimeCreated SystemTime="2017-06-16T11:14:56.484524500Z" />
    <EventRecordID>244</EventRecordID>
    <Correlation />
    <Execution ProcessID="1812" ThreadID="1896" />
    <Channel>System</Channel>
    <Computer>DESKTOP-9KLOST5</Computer>
    <Security UserID="S-1-5-19" />
  </System>
  <EventData Name="TMP_EVENT_MANUAL_PEER_DNS_ERROR">
    <Data Name="ErrorMessage">No such host is known. (0x80072AF9)</Data>
    <Data Name="RetryMinutes">15</Data>
    <Data Name="DomainPeer">time.windows.com,0x9</Data>
  </EventData>
</Event>

Log Name:      System
Source:        Microsoft-Windows-Time-Service
Date:          16/06/2017 18:14:56
Event ID:      134
Task Category: None
Level:         Warning
Keywords:      
User:          LOCAL SERVICE
Computer:      DESKTOP-9KLOST5
Description:
NtpClient was unable to set a manual peer to use as a time source because of DNS resolution error on 'time.windows.com,0x9'. NtpClient will try again in 15 minutes and double the reattempt interval thereafter. The error was: No such host is known. (0x80072AF9)
Event Xml:
<Event xmlns="http://schemas.microsoft.com/win/2004/08/events/event">
  <System>
    <Provider Name="Microsoft-Windows-Time-Service" Guid="{06EDCFEB-0FD0-4E53-ACCA-A6F8BBF81BCB}" />
    <EventID>134</EventID>
    <Version>0</Version>
    <Level>3</Level>
    <Task>0</Task>
    <Opcode>0</Opcode>
    <Keywords>0x8000000000000000</Keywords>
    <TimeCreated SystemTime="2017-06-16T11:14:56.247552700Z" />
    <EventRecordID>243</EventRecordID>
    <Correlation />
    <Execution ProcessID="1812" ThreadID="1896" />
    <Channel>System</Channel>
    <Computer>DESKTOP-9KLOST5</Computer>
    <Security UserID="S-1-5-19" />
  </System>
  <EventData Name="TMP_EVENT_MANUAL_PEER_DNS_ERROR">
    <Data Name="ErrorMessage">No such host is known. (0x80072AF9)</Data>
    <Data Name="RetryMinutes">15</Data>
    <Data Name="DomainPeer">time.windows.com,0x9</Data>
  </EventData>
</Event>

Log Name:      System
Source:        Display
Date:          16/06/2017 07:07:34
Event ID:      4101
Task Category: None
Level:         Warning
Keywords:      Classic
User:          N/A
Computer:      DESKTOP-9KLOST5
Description:
Display driver nvlddmkm stopped responding and has successfully recovered.
Event Xml:
<Event xmlns="http://schemas.microsoft.com/win/2004/08/events/event">
  <System>
    <Provider Name="Display" />
    <EventID Qualifiers="0">4101</EventID>
    <Level>3</Level>
    <Task>0</Task>
    <Keywords>0x80000000000000</Keywords>
    <TimeCreated SystemTime="2017-06-16T00:07:34.400128600Z" />
    <EventRecordID>779</EventRecordID>
    <Channel>System</Channel>
    <Computer>DESKTOP-9KLOST5</Computer>
    <Security />
  </System>
  <EventData>
    <Data>nvlddmkm</Data>
    <Data>
    </Data>
  </EventData>
</Event>

Log Name:      System
Source:        Microsoft-Windows-Time-Service
Date:          16/06/2017 18:14:57
Event ID:      134
Task Category: None
Level:         Warning
Keywords:      
User:          LOCAL SERVICE
Computer:      DESKTOP-9KLOST5
Description:
NtpClient was unable to set a manual peer to use as a time source because of DNS resolution error on 'time.windows.com,0x9'. NtpClient will try again in 15 minutes and double the reattempt interval thereafter. The error was: No such host is known. (0x80072AF9)
Event Xml:
<Event xmlns="http://schemas.microsoft.com/win/2004/08/events/event">
  <System>
    <Provider Name="Microsoft-Windows-Time-Service" Guid="{06EDCFEB-0FD0-4E53-ACCA-A6F8BBF81BCB}" />
    <EventID>134</EventID>
    <Version>0</Version>
    <Level>3</Level>
    <Task>0</Task>
    <Opcode>0</Opcode>
    <Keywords>0x8000000000000000</Keywords>
    <TimeCreated SystemTime="2017-06-16T11:14:57.760591400Z" />
    <EventRecordID>247</EventRecordID>
    <Correlation />
    <Execution ProcessID="1812" ThreadID="1896" />
    <Channel>System</Channel>
    <Computer>DESKTOP-9KLOST5</Computer>
    <Security UserID="S-1-5-19" />
  </System>
  <EventData Name="TMP_EVENT_MANUAL_PEER_DNS_ERROR">
    <Data Name="ErrorMessage">No such host is known. (0x80072AF9)</Data>
    <Data Name="RetryMinutes">15</Data>
    <Data Name="DomainPeer">time.windows.com,0x9</Data>
  </EventData>
</Event>

Log Name:      System
Source:        Microsoft-Windows-Kernel-PnP
Date:          16/06/2017 18:14:57
Event ID:      219
Task Category: (212)
Level:         Warning
Keywords:      
User:          SYSTEM
Computer:      DESKTOP-9KLOST5
Description:
The driver \Driver\WudfRd failed to load for the device SWD\WPDBUSENUM\{50f32053-528c-11e7-ba10-806e6f6e6963}#0000000000100000.
Event Xml:
<Event xmlns="http://schemas.microsoft.com/win/2004/08/events/event">
  <System>
    <Provider Name="Microsoft-Windows-Kernel-PnP" Guid="{9C205A39-1250-487D-ABD7-E831C6290539}" />
    <EventID>219</EventID>
    <Version>0</Version>
    <Level>3</Level>
    <Task>212</Task>
    <Opcode>0</Opcode>
    <Keywords>0x8000000000000000</Keywords>
    <TimeCreated SystemTime="2017-06-16T11:14:57.381697100Z" />
    <EventRecordID>246</EventRecordID>
    <Correlation />
    <Execution ProcessID="4" ThreadID="1588" />
    <Channel>System</Channel>
    <Computer>DESKTOP-9KLOST5</Computer>
    <Security UserID="S-1-5-18" />
  </System>
  <EventData>
    <Data Name="DriverNameLength">70</Data>
    <Data Name="DriverName">SWD\WPDBUSENUM\{50f32053-528c-11e7-ba10-806e6f6e6963}#0000000000100000</Data>
    <Data Name="Status">3221226341</Data>
    <Data Name="FailureNameLength">14</Data>
    <Data Name="FailureName">\Driver\WudfRd</Data>
    <Data Name="Version">0</Data>
  </EventData>
</Event>

Log Name:      System
Source:        Display
Date:          16/06/2017 07:08:41
Event ID:      4101
Task Category: None
Level:         Warning
Keywords:      Classic
User:          N/A
Computer:      DESKTOP-9KLOST5
Description:
Display driver nvlddmkm stopped responding and has successfully recovered.
Event Xml:
<Event xmlns="http://schemas.microsoft.com/win/2004/08/events/event">
  <System>
    <Provider Name="Display" />
    <EventID Qualifiers="0">4101</EventID>
    <Level>3</Level>
    <Task>0</Task>
    <Keywords>0x80000000000000</Keywords>
    <TimeCreated SystemTime="2017-06-16T00:08:41.915712800Z" />
    <EventRecordID>780</EventRecordID>
    <Channel>System</Channel>
    <Computer>DESKTOP-9KLOST5</Computer>
    <Security />
  </System>
  <EventData>
    <Data>nvlddmkm</Data>
    <Data>
    </Data>
  </EventData>
</Event>

Log Name:      System
Source:        BTHUSB
Date:          16/06/2017 12:50:46
Event ID:      34
Task Category: None
Level:         Warning
Keywords:      Classic
User:          N/A
Computer:      DESKTOP-9KLOST5
Description:
The local adapter does not support an important Low Energy controller state to support peripheral mode.  The minimum required supported state mask is 0x491f7fffff, got 0x1fffffff.  Low Energy peripheral role functionality will not be available.
Event Xml:
<Event xmlns="http://schemas.microsoft.com/win/2004/08/events/event">
  <System>
    <Provider Name="BTHUSB" />
    <EventID Qualifiers="32773">34</EventID>
    <Level>3</Level>
    <Task>0</Task>
    <Keywords>0x80000000000000</Keywords>
    <TimeCreated SystemTime="2017-06-16T05:50:46.961241200Z" />
    <EventRecordID>1026</EventRecordID>
    <Channel>System</Channel>
    <Computer>DESKTOP-9KLOST5</Computer>
    <Security />
  </System>
  <EventData>
    <Data>
    </Data>
    <Data>0x491f7fffff</Data>
    <Data>0x1fffffff</Data>
    <Binary>00000000030028000000000022000580000000000000000000000000000000000000000000000000</Binary>
  </EventData>
</Event>

Log Name:      System
Source:        Microsoft-Windows-Time-Service
Date:          16/06/2017 04:19:37
Event ID:      52
Task Category: None
Level:         Warning
Keywords:      
User:          LOCAL SERVICE
Computer:      DESKTOP-9KLOST5
Description:
The time service has set the time with offset 50397 seconds.
Event Xml:
<Event xmlns="http://schemas.microsoft.com/win/2004/08/events/event">
  <System>
    <Provider Name="Microsoft-Windows-Time-Service" Guid="{06EDCFEB-0FD0-4E53-ACCA-A6F8BBF81BCB}" />
    <EventID>52</EventID>
    <Version>0</Version>
    <Level>3</Level>
    <Task>0</Task>
    <Opcode>0</Opcode>
    <Keywords>0x8000000000000000</Keywords>
    <TimeCreated SystemTime="2017-06-15T21:19:37.227118200Z" />
    <EventRecordID>268</EventRecordID>
    <Correlation />
    <Execution ProcessID="1812" ThreadID="1900" />
    <Channel>System</Channel>
    <Computer>DESKTOP-9KLOST5</Computer>
    <Security UserID="S-1-5-19" />
  </System>
  <EventData Name="TMP_EVENT_TIME_JUMP_AUDIT">
    <Data Name="TimeOffsetSeconds">50397</Data>
  </EventData>
</Event>

Log Name:      System
Source:        Microsoft-Windows-Kernel-Processor-Power
Date:          16/06/2017 12:58:21
Event ID:      37
Task Category: (7)
Level:         Warning
Keywords:      
User:          SYSTEM
Computer:      DESKTOP-9KLOST5
Description:
The speed of processor 2 in group 0 is being limited by system firmware. The processor has been in this reduced performance state for 4 seconds since the last report.
Event Xml:
<Event xmlns="http://schemas.microsoft.com/win/2004/08/events/event">
  <System>
    <Provider Name="Microsoft-Windows-Kernel-Processor-Power" Guid="{0F67E49F-FE51-4E9F-B490-6F2948CC6027}" />
    <EventID>37</EventID>
    <Version>0</Version>
    <Level>3</Level>
    <Task>7</Task>
    <Opcode>0</Opcode>
    <Keywords>0x8000000000000000</Keywords>
    <TimeCreated SystemTime="2017-06-16T05:58:21.983432600Z" />
    <EventRecordID>1058</EventRecordID>
    <Correlation />
    <Execution ProcessID="4" ThreadID="224" />
    <Channel>System</Channel>
    <Computer>DESKTOP-9KLOST5</Computer>
    <Security UserID="S-1-5-18" />
  </System>
  <EventData>
    <Data Name="Group">0</Data>
    <Data Name="Number">2</Data>
    <Data Name="CapDurationInSeconds">4</Data>
    <Data Name="PpcChanges">2</Data>
    <Data Name="TpcChanges">0</Data>
    <Data Name="PccChanges">0</Data>
  </EventData>
</Event>

Log Name:      System
Source:        Microsoft-Windows-Kernel-Processor-Power
Date:          16/06/2017 12:58:21
Event ID:      37
Task Category: (7)
Level:         Warning
Keywords:      
User:          SYSTEM
Computer:      DESKTOP-9KLOST5
Description:
The speed of processor 0 in group 0 is being limited by system firmware. The processor has been in this reduced performance state for 4 seconds since the last report.
Event Xml:
<Event xmlns="http://schemas.microsoft.com/win/2004/08/events/event">
  <System>
    <Provider Name="Microsoft-Windows-Kernel-Processor-Power" Guid="{0F67E49F-FE51-4E9F-B490-6F2948CC6027}" />
    <EventID>37</EventID>
    <Version>0</Version>
    <Level>3</Level>
    <Task>7</Task>
    <Opcode>0</Opcode>
    <Keywords>0x8000000000000000</Keywords>
    <TimeCreated SystemTime="2017-06-16T05:58:21.983448000Z" />
    <EventRecordID>1059</EventRecordID>
    <Correlation />
    <Execution ProcessID="4" ThreadID="248" />
    <Channel>System</Channel>
    <Computer>DESKTOP-9KLOST5</Computer>
    <Security UserID="S-1-5-18" />
  </System>
  <EventData>
    <Data Name="Group">0</Data>
    <Data Name="Number">0</Data>
    <Data Name="CapDurationInSeconds">4</Data>
    <Data Name="PpcChanges">2</Data>
    <Data Name="TpcChanges">0</Data>
    <Data Name="PccChanges">0</Data>
  </EventData>
</Event>

Log Name:      System
Source:        BTHUSB
Date:          16/06/2017 04:22:37
Event ID:      34
Task Category: None
Level:         Warning
Keywords:      Classic
User:          N/A
Computer:      DESKTOP-9KLOST5
Description:
The local adapter does not support an important Low Energy controller state to support peripheral mode.  The minimum required supported state mask is 0x491f7fffff, got 0x1fffffff.  Low Energy peripheral role functionality will not be available.
Event Xml:
<Event xmlns="http://schemas.microsoft.com/win/2004/08/events/event">
  <System>
    <Provider Name="BTHUSB" />
    <EventID Qualifiers="32773">34</EventID>
    <Level>3</Level>
    <Task>0</Task>
    <Keywords>0x80000000000000</Keywords>
    <TimeCreated SystemTime="2017-06-15T21:22:37.615380200Z" />
    <EventRecordID>299</EventRecordID>
    <Channel>System</Channel>
    <Computer>DESKTOP-9KLOST5</Computer>
    <Security />
  </System>
  <EventData>
    <Data>
    </Data>
    <Data>0x491f7fffff</Data>
    <Data>0x1fffffff</Data>
    <Binary>00000000030028000000000022000580000000000000000000000000000000000000000000000000</Binary>
  </EventData>
</Event>

Log Name:      System
Source:        BTHUSB
Date:          16/06/2017 17:45:31
Event ID:      34
Task Category: None
Level:         Warning
Keywords:      Classic
User:          N/A
Computer:      DESKTOP-9KLOST5
Description:
The local adapter does not support an important Low Energy controller state to support peripheral mode.  The minimum required supported state mask is 0x491f7fffff, got 0x1fffffff.  Low Energy peripheral role functionality will not be available.
Event Xml:
<Event xmlns="http://schemas.microsoft.com/win/2004/08/events/event">
  <System>
    <Provider Name="BTHUSB" />
    <EventID Qualifiers="32773">34</EventID>
    <Level>3</Level>
    <Task>0</Task>
    <Keywords>0x80000000000000</Keywords>
    <TimeCreated SystemTime="2017-06-16T10:45:31.174449900Z" />
    <EventRecordID>1207</EventRecordID>
    <Channel>System</Channel>
    <Computer>DESKTOP-9KLOST5</Computer>
    <Security />
  </System>
  <EventData>
    <Data>
    </Data>
    <Data>0x491f7fffff</Data>
    <Data>0x1fffffff</Data>
    <Binary>00000000030028000000000022000580000000000000000000000000000000000000000000000000</Binary>
  </EventData>
</Event>

Log Name:      System
Source:        BTHUSB
Date:          16/06/2017 12:49:05
Event ID:      34
Task Category: None
Level:         Warning
Keywords:      Classic
User:          N/A
Computer:      DESKTOP-9KLOST5
Description:
The local adapter does not support an important Low Energy controller state to support peripheral mode.  The minimum required supported state mask is 0x491f7fffff, got 0x1fffffff.  Low Energy peripheral role functionality will not be available.
Event Xml:
<Event xmlns="http://schemas.microsoft.com/win/2004/08/events/event">
  <System>
    <Provider Name="BTHUSB" />
    <EventID Qualifiers="32773">34</EventID>
    <Level>3</Level>
    <Task>0</Task>
    <Keywords>0x80000000000000</Keywords>
    <TimeCreated SystemTime="2017-06-16T05:49:05.385973600Z" />
    <EventRecordID>966</EventRecordID>
    <Channel>System</Channel>
    <Computer>DESKTOP-9KLOST5</Computer>
    <Security />
  </System>
  <EventData>
    <Data>
    </Data>
    <Data>0x491f7fffff</Data>
    <Data>0x1fffffff</Data>
    <Binary>00000000030028000000000022000580000000000000000000000000000000000000000000000000</Binary>
  </EventData>
</Event>

Log Name:      System
Source:        Microsoft-Windows-Kernel-Processor-Power
Date:          16/06/2017 05:44:18
Event ID:      37
Task Category: (7)
Level:         Warning
Keywords:      
User:          SYSTEM
Computer:      DESKTOP-9KLOST5
Description:
The speed of processor 7 in group 0 is being limited by system firmware. The processor has been in this reduced performance state for 45 seconds since the last report.
Event Xml:
<Event xmlns="http://schemas.microsoft.com/win/2004/08/events/event">
  <System>
    <Provider Name="Microsoft-Windows-Kernel-Processor-Power" Guid="{0F67E49F-FE51-4E9F-B490-6F2948CC6027}" />
    <EventID>37</EventID>
    <Version>0</Version>
    <Level>3</Level>
    <Task>7</Task>
    <Opcode>0</Opcode>
    <Keywords>0x8000000000000000</Keywords>
    <TimeCreated SystemTime="2017-06-15T22:44:18.588036900Z" />
    <EventRecordID>694</EventRecordID>
    <Correlation />
    <Execution ProcessID="4" ThreadID="2100" />
    <Channel>System</Channel>
    <Computer>DESKTOP-9KLOST5</Computer>
    <Security UserID="S-1-5-18" />
  </System>
  <EventData>
    <Data Name="Group">0</Data>
    <Data Name="Number">7</Data>
    <Data Name="CapDurationInSeconds">45</Data>
    <Data Name="PpcChanges">2</Data>
    <Data Name="TpcChanges">0</Data>
    <Data Name="PccChanges">0</Data>
  </EventData>
</Event>

Log Name:      System
Source:        Microsoft-Windows-Kernel-Processor-Power
Date:          16/06/2017 05:44:18
Event ID:      37
Task Category: (7)
Level:         Warning
Keywords:      
User:          SYSTEM
Computer:      DESKTOP-9KLOST5
Description:
The speed of processor 6 in group 0 is being limited by system firmware. The processor has been in this reduced performance state for 45 seconds since the last report.
Event Xml:
<Event xmlns="http://schemas.microsoft.com/win/2004/08/events/event">
  <System>
    <Provider Name="Microsoft-Windows-Kernel-Processor-Power" Guid="{0F67E49F-FE51-4E9F-B490-6F2948CC6027}" />
    <EventID>37</EventID>
    <Version>0</Version>
    <Level>3</Level>
    <Task>7</Task>
    <Opcode>0</Opcode>
    <Keywords>0x8000000000000000</Keywords>
    <TimeCreated SystemTime="2017-06-15T22:44:18.588075800Z" />
    <EventRecordID>695</EventRecordID>
    <Correlation />
    <Execution ProcessID="4" ThreadID="892" />
    <Channel>System</Channel>
    <Computer>DESKTOP-9KLOST5</Computer>
    <Security UserID="S-1-5-18" />
  </System>
  <EventData>
    <Data Name="Group">0</Data>
    <Data Name="Number">6</Data>
    <Data Name="CapDurationInSeconds">45</Data>
    <Data Name="PpcChanges">2</Data>
    <Data Name="TpcChanges">0</Data>
    <Data Name="PccChanges">0</Data>
  </EventData>
</Event>

Log Name:      System
Source:        Disk
Date:          16/06/2017 18:12:54
Event ID:      153
Task Category: None
Level:         Warning
Keywords:      Classic
User:          N/A
Computer:      WIN-QK4MAFSA5GB
Description:
The IO operation at logical block address 0x1b29550 for Disk 0 (PDO name: \Device\0000002d) was retried.
Event Xml:
<Event xmlns="http://schemas.microsoft.com/win/2004/08/events/event">
  <System>
    <Provider Name="Disk" />
    <EventID Qualifiers="32772">153</EventID>
    <Level>3</Level>
    <Task>0</Task>
    <Keywords>0x80000000000000</Keywords>
    <TimeCreated SystemTime="2017-06-16T11:12:54.819077600Z" />
    <EventRecordID>173</EventRecordID>
    <Channel>System</Channel>
    <Computer>WIN-QK4MAFSA5GB</Computer>
    <Security />
  </System>
  <EventData>
    <Data>\Device\Harddisk0\DR0</Data>
    <Data>0x1b29550</Data>
    <Data>0</Data>
    <Data>\Device\0000002d</Data>
    <Binary>0F01040004002C0000000000990004800000000000000000000000000000000000000000000000000000042A</Binary>
  </EventData>
</Event>

Log Name:      System
Source:        Microsoft-Windows-Kernel-Processor-Power
Date:          16/06/2017 05:44:18
Event ID:      37
Task Category: (7)
Level:         Warning
Keywords:      
User:          SYSTEM
Computer:      DESKTOP-9KLOST5
Description:
The speed of processor 2 in group 0 is being limited by system firmware. The processor has been in this reduced performance state for 45 seconds since the last report.
Event Xml:
<Event xmlns="http://schemas.microsoft.com/win/2004/08/events/event">
  <System>
    <Provider Name="Microsoft-Windows-Kernel-Processor-Power" Guid="{0F67E49F-FE51-4E9F-B490-6F2948CC6027}" />
    <EventID>37</EventID>
    <Version>0</Version>
    <Level>3</Level>
    <Task>7</Task>
    <Opcode>0</Opcode>
    <Keywords>0x8000000000000000</Keywords>
    <TimeCreated SystemTime="2017-06-15T22:44:18.588010400Z" />
    <EventRecordID>693</EventRecordID>
    <Correlation />
    <Execution ProcessID="4" ThreadID="5516" />
    <Channel>System</Channel>
    <Computer>DESKTOP-9KLOST5</Computer>
    <Security UserID="S-1-5-18" />
  </System>
  <EventData>
    <Data Name="Group">0</Data>
    <Data Name="Number">2</Data>
    <Data Name="CapDurationInSeconds">45</Data>
    <Data Name="PpcChanges">2</Data>
    <Data Name="TpcChanges">0</Data>
    <Data Name="PccChanges">0</Data>
  </EventData>
</Event>

Log Name:      System
Source:        Microsoft-Windows-Kernel-Processor-Power
Date:          16/06/2017 05:44:18
Event ID:      37
Task Category: (7)
Level:         Warning
Keywords:      
User:          SYSTEM
Computer:      DESKTOP-9KLOST5
Description:
The speed of processor 1 in group 0 is being limited by system firmware. The processor has been in this reduced performance state for 45 seconds since the last report.
Event Xml:
<Event xmlns="http://schemas.microsoft.com/win/2004/08/events/event">
  <System>
    <Provider Name="Microsoft-Windows-Kernel-Processor-Power" Guid="{0F67E49F-FE51-4E9F-B490-6F2948CC6027}" />
    <EventID>37</EventID>
    <Version>0</Version>
    <Level>3</Level>
    <Task>7</Task>
    <Opcode>0</Opcode>
    <Keywords>0x8000000000000000</Keywords>
    <TimeCreated SystemTime="2017-06-15T22:44:18.587948400Z" />
    <EventRecordID>691</EventRecordID>
    <Correlation />
    <Execution ProcessID="4" ThreadID="6232" />
    <Channel>System</Channel>
    <Computer>DESKTOP-9KLOST5</Computer>
    <Security UserID="S-1-5-18" />
  </System>
  <EventData>
    <Data Name="Group">0</Data>
    <Data Name="Number">1</Data>
    <Data Name="CapDurationInSeconds">45</Data>
    <Data Name="PpcChanges">2</Data>
    <Data Name="TpcChanges">0</Data>
    <Data Name="PccChanges">0</Data>
  </EventData>
</Event>

Log Name:      System
Source:        Microsoft-Windows-Kernel-Processor-Power
Date:          16/06/2017 05:44:18
Event ID:      37
Task Category: (7)
Level:         Warning
Keywords:      
User:          SYSTEM
Computer:      DESKTOP-9KLOST5
Description:
The speed of processor 5 in group 0 is being limited by system firmware. The processor has been in this reduced performance state for 45 seconds since the last report.
Event Xml:
<Event xmlns="http://schemas.microsoft.com/win/2004/08/events/event">
  <System>
    <Provider Name="Microsoft-Windows-Kernel-Processor-Power" Guid="{0F67E49F-FE51-4E9F-B490-6F2948CC6027}" />
    <EventID>37</EventID>
    <Version>0</Version>
    <Level>3</Level>
    <Task>7</Task>
    <Opcode>0</Opcode>
    <Keywords>0x8000000000000000</Keywords>
    <TimeCreated SystemTime="2017-06-15T22:44:18.587960000Z" />
    <EventRecordID>692</EventRecordID>
    <Correlation />
    <Execution ProcessID="4" ThreadID="240" />
    <Channel>System</Channel>
    <Computer>DESKTOP-9KLOST5</Computer>
    <Security UserID="S-1-5-18" />
  </System>
  <EventData>
    <Data Name="Group">0</Data>
    <Data Name="Number">5</Data>
    <Data Name="CapDurationInSeconds">45</Data>
    <Data Name="PpcChanges">2</Data>
    <Data Name="TpcChanges">0</Data>
    <Data Name="PccChanges">0</Data>
  </EventData>
</Event>

Log Name:      System
Source:        Display
Date:          16/06/2017 06:33:12
Event ID:      4101
Task Category: None
Level:         Warning
Keywords:      Classic
User:          N/A
Computer:      DESKTOP-9KLOST5
Description:
Display driver nvlddmkm stopped responding and has successfully recovered.
Event Xml:
<Event xmlns="http://schemas.microsoft.com/win/2004/08/events/event">
  <System>
    <Provider Name="Display" />
    <EventID Qualifiers="0">4101</EventID>
    <Level>3</Level>
    <Task>0</Task>
    <Keywords>0x80000000000000</Keywords>
    <TimeCreated SystemTime="2017-06-15T23:33:12.839767700Z" />
    <EventRecordID>722</EventRecordID>
    <Channel>System</Channel>
    <Computer>DESKTOP-9KLOST5</Computer>
    <Security />
  </System>
  <EventData>
    <Data>nvlddmkm</Data>
    <Data>
    </Data>
  </EventData>
</Event>

Log Name:      System
Source:        Display
Date:          16/06/2017 06:16:57
Event ID:      4101
Task Category: None
Level:         Warning
Keywords:      Classic
User:          N/A
Computer:      DESKTOP-9KLOST5
Description:
Display driver nvlddmkm stopped responding and has successfully recovered.
Event Xml:
<Event xmlns="http://schemas.microsoft.com/win/2004/08/events/event">
  <System>
    <Provider Name="Display" />
    <EventID Qualifiers="0">4101</EventID>
    <Level>3</Level>
    <Task>0</Task>
    <Keywords>0x80000000000000</Keywords>
    <TimeCreated SystemTime="2017-06-15T23:16:57.018716300Z" />
    <EventRecordID>699</EventRecordID>
    <Channel>System</Channel>
    <Computer>DESKTOP-9KLOST5</Computer>
    <Security />
  </System>
  <EventData>
    <Data>nvlddmkm</Data>
    <Data>
    </Data>
  </EventData>
</Event>

