  Log Name: System
  Source: Microsoft-Windows-Dhcp-Client
  Date: 2017-06-09T15:18:25.269
  Event ID: 50104
  Task: Service State Event
  Level: Information
  Opcode: ServiceShutdown
  Keyword: N/A
  User: S-1-5-19
  User Name: NT AUTHORITY\LOCAL SERVICE
  Computer: DESKTOP-NGQE08I
  Description: 
DHCPv4 client received shutdown notification

Event[3964]:
  Log Name: System
  Source: Microsoft-Windows-Dhcp-Client
  Date: 2017-06-09T15:18:25.270
  Event ID: 50105
  Task: Service State Event
  Level: Information
  Opcode: ServiceShutdown
  Keyword: N/A
  User: S-1-5-19
  User Name: NT AUTHORITY\LOCAL SERVICE
  Computer: DESKTOP-NGQE08I
  Description: 
DHCPv4 client ProcessDHCPRequestForever received TERMINATE_EVENT

Event[3965]:
  Log Name: System
  Source: Microsoft-Windows-DHCPv6-Client
  Date: 2017-06-09T15:18:25.273
  Event ID: 51047
  Task: Service State Event
  Level: Information
  Opcode: ServiceStop
  Keyword: N/A
  User: S-1-5-19
  User Name: NT AUTHORITY\LOCAL SERVICE
  Computer: DESKTOP-NGQE08I
  Description: 
DHCPv6 client service is stopped. ShutDown Flag value is 1

Event[3966]:
  Log Name: System
  Source: Microsoft-Windows-DHCPv6-Client
  Date: 2017-06-09T15:18:25.273
  Event ID: 51057
  Task: Service State Event
  Level: Information
  Opcode: ServiceStopWithRefCount
  Keyword: N/A
  User: S-1-5-19
  User Name: NT AUTHORITY\LOCAL SERVICE
  Computer: DESKTOP-NGQE08I
  Description: 
DHCPv6 client service stop is almost done.DHCP Context Ref count is 1

Event[3967]:
  Log Name: System
  Source: Microsoft-Windows-DHCPv6-Client
  Date: 2017-06-09T15:18:25.273
  Event ID: 51057
  Task: Service State Event
  Level: Information
  Opcode: ServiceStopWithRefCount
  Keyword: N/A
  User: S-1-5-19
  User Name: NT AUTHORITY\LOCAL SERVICE
  Computer: DESKTOP-NGQE08I
  Description: 
DHCPv6 client service stop is almost done.DHCP Context Ref count is 1

Event[3968]:
  Log Name: System
  Source: Microsoft-Windows-Dhcp-Client
  Date: 2017-06-09T15:18:25.275
  Event ID: 50106
  Task: Service State Event
  Level: Information
  Opcode: ServiceShutdown
  Keyword: N/A
  User: S-1-5-19
  User Name: NT AUTHORITY\LOCAL SERVICE
  Computer: DESKTOP-NGQE08I
  Description: 
DHCPv4 is waiting on DHCPv6 service to stop

Event[3969]:
  Log Name: System
  Source: Microsoft-Windows-Dhcp-Client
  Date: 2017-06-09T15:18:25.275
  Event ID: 50037
  Task: Service State Event
  Level: Information
  Opcode: ServiceStop
  Keyword: N/A
  User: S-1-5-19
  User Name: NT AUTHORITY\LOCAL SERVICE
  Computer: DESKTOP-NGQE08I
  Description: 
DHCPv4 client service is stopped. ShutDown Flag value is 1

Event[3970]:
  Log Name: System
  Source: EventLog
  Date: 2017-06-09T15:31:08.998
  Event ID: 6009
  Task: N/A
  Level: Information
  Opcode: N/A
  Keyword: Classic
  User: N/A
  User Name: N/A
  Computer: DESKTOP-NGQE08I
  Description: 
Microsoft (R) Windows (R) 10.00. 15063  Multiprocessor Free.

Event[3971]:
  Log Name: System
  Source: EventLog
  Date: 2017-06-09T15:31:08.998
  Event ID: 6005
  Task: N/A
  Level: Information
  Opcode: N/A
  Keyword: Classic
  User: N/A
  User Name: N/A
  Computer: DESKTOP-NGQE08I
  Description: 
The Event log service was started.

Event[3972]:
  Log Name: System
  Source: EventLog
  Date: 2017-06-09T15:31:08.998
  Event ID: 6013
  Task: N/A
  Level: Information
  Opcode: N/A
  Keyword: Classic
  User: N/A
  User Name: N/A
  Computer: DESKTOP-NGQE08I
  Description: 
The system uptime is 13 seconds.

Event[3973]:
  Log Name: System
  Source: Microsoft-Windows-Kernel-Power
  Date: 2017-06-09T15:18:30.248
  Event ID: 109
  Task: N/A
  Level: Information
  Opcode: Info
  Keyword: N/A
  User: N/A
  User Name: N/A
  Computer: DESKTOP-NGQE08I
  Description: 
The kernel power manager has initiated a shutdown transition.

Shutdown Reason: Kernel API

Event[3974]:
  Log Name: System
  Source: Microsoft-Windows-Kernel-General
  Date: 2017-06-09T15:18:31.158
  Event ID: 13
  Task: N/A
  Level: Information
  Opcode: Info
  Keyword: N/A
  User: N/A
  User Name: N/A
  Computer: DESKTOP-NGQE08I
  Description: 
The operating system is shutting down at system time ?2017?-?06?-?09T14:18:31.158553600Z.

Event[3975]:
  Log Name: System
  Source: Microsoft-Windows-Kernel-General
  Date: 2017-06-09T15:30:55.738
  Event ID: 12
  Task: N/A
  Level: Information
  Opcode: Info
  Keyword: N/A
  User: S-1-5-18
  User Name: NT AUTHORITY\SYSTEM
  Computer: DESKTOP-NGQE08I
  Description: 
The operating system started at system time ?2017?-?06?-?09T14:30:55.498889700Z.

Event[3976]:
  Log Name: System
  Source: Microsoft-Windows-Kernel-Boot
  Date: 2017-06-09T15:30:55.738
  Event ID: 153
  Task: N/A
  Level: Information
  Opcode: Info
  Keyword: N/A
  User: S-1-5-18
  User Name: NT AUTHORITY\SYSTEM
  Computer: DESKTOP-NGQE08I
  Description: 
Virtualization-based security (policies: 0) is disabled.

Event[3977]:
  Log Name: System
  Source: Microsoft-Windows-Kernel-Boot
  Date: 2017-06-09T15:30:55.738
  Event ID: 18
  Task: N/A
  Level: Information
  Opcode: Info
  Keyword: N/A
  User: S-1-5-18
  User Name: NT AUTHORITY\SYSTEM
  Computer: DESKTOP-NGQE08I
  Description: 
There are 0x1 boot options on this system.

Event[3978]:
  Log Name: System
  Source: Microsoft-Windows-Kernel-Boot
  Date: 2017-06-09T15:30:55.738
  Event ID: 32
  Task: N/A
  Level: Information
  Opcode: Info
  Keyword: N/A
  User: S-1-5-18
  User Name: NT AUTHORITY\SYSTEM
  Computer: DESKTOP-NGQE08I
  Description: 
The bootmgr spent 0 ms waiting for user input.

Event[3979]:
  Log Name: System
  Source: Microsoft-Windows-Kernel-Boot
  Date: 2017-06-09T15:30:55.738
  Event ID: 20
  Task: N/A
  Level: Information
  Opcode: Info
  Keyword: N/A
  User: S-1-5-18
  User Name: NT AUTHORITY\SYSTEM
  Computer: DESKTOP-NGQE08I
  Description: 
The last shutdown's success status was true. The last boot's success status was true.

Event[3980]:
  Log Name: System
  Source: Microsoft-Windows-Kernel-Boot
  Date: 2017-06-09T15:30:55.738
  Event ID: 27
  Task: N/A
  Level: Information
  Opcode: Info
  Keyword: N/A
  User: S-1-5-18
  User Name: NT AUTHORITY\SYSTEM
  Computer: DESKTOP-NGQE08I
  Description: 
The boot type was 0x0.

Event[3981]:
  Log Name: System
  Source: Microsoft-Windows-Kernel-Boot
  Date: 2017-06-09T15:30:55.738
  Event ID: 25
  Task: N/A
  Level: Information
  Opcode: Info
  Keyword: N/A
  User: S-1-5-18
  User Name: NT AUTHORITY\SYSTEM
  Computer: DESKTOP-NGQE08I
  Description: 
The boot menu policy was 0x1.

Event[3982]:
  Log Name: System
  Source: Microsoft-Windows-Kernel-Boot
  Date: 2017-06-09T15:30:55.738
  Event ID: 30
  Task: N/A
  Level: Information
  Opcode: Info
  Keyword: N/A
  User: S-1-5-18
  User Name: NT AUTHORITY\SYSTEM
  Computer: DESKTOP-NGQE08I
  Description: 
The firmware reported boot metrics.

Event[3983]:
  Log Name: System
  Source: Microsoft-Windows-Kernel-XDV
  Date: 2017-06-09T15:30:55.742
  Event ID: 1
  Task: N/A
  Level: Information
  Opcode: Start
  Keyword: N/A
  User: S-1-5-18
  User Name: NT AUTHORITY\SYSTEM
  Computer: DESKTOP-NGQE08I
  Description: 
XDV driver loaded!

Event[3984]:
  Log Name: System
  Source: Microsoft-Windows-FilterManager
  Date: 2017-06-09T15:30:59.482
  Event ID: 6
  Task: N/A
  Level: Information
  Opcode: Info
  Keyword: N/A
  User: S-1-5-18
  User Name: NT AUTHORITY\SYSTEM
  Computer: DESKTOP-NGQE08I
  Description: 
File System Filter 'FileInfo' (10.0, ?2042?-?06?-?30T15:43:32.000000000Z) has successfully loaded and registered with Filter Manager.

Event[3985]:
  Log Name: System
  Source: Microsoft-Windows-FilterManager
  Date: 2017-06-09T15:30:59.485
  Event ID: 6
  Task: N/A
  Level: Information
  Opcode: Info
  Keyword: N/A
  User: S-1-5-18
  User Name: NT AUTHORITY\SYSTEM
  Computer: DESKTOP-NGQE08I
  Description: 
File System Filter 'Wof' (10.0, ?1974?-?03?-?11T23:47:45.000000000Z) has successfully loaded and registered with Filter Manager.

Event[3986]:
  Log Name: System
  Source: Microsoft-Windows-FilterManager
  Date: 2017-06-09T15:30:59.488
  Event ID: 6
  Task: N/A
  Level: Information
  Opcode: Info
  Keyword: N/A
  User: S-1-5-18
  User Name: NT AUTHORITY\SYSTEM
  Computer: DESKTOP-NGQE08I
  Description: 
File System Filter 'WdFilter' (10.0, ?2102?-?10?-?04T17:25:01.000000000Z) has successfully loaded and registered with Filter Manager.

Event[3987]:
  Log Name: System
  Source: Microsoft-Windows-Ntfs
  Date: 2017-06-09T15:31:02.023
  Event ID: 98
  Task: N/A
  Level: Information
  Opcode: Info
  Keyword: N/A
  User: S-1-5-18
  User Name: NT AUTHORITY\SYSTEM
  Computer: DESKTOP-NGQE08I
  Description: 
Volume \\?\Volume{fccc927e-093e-491a-9791-61bb14ac26ca} (\Device\HarddiskVolume1) is healthy.  No action is needed.

Event[3988]:
  Log Name: System
  Source: Microsoft-Windows-Ntfs
  Date: 2017-06-09T15:31:02.155
  Event ID: 98
  Task: N/A
  Level: Information
  Opcode: Info
  Keyword: N/A
  User: S-1-5-18
  User Name: NT AUTHORITY\SYSTEM
  Computer: DESKTOP-NGQE08I
  Description: 
Volume C: (\Device\HarddiskVolume4) is healthy.  No action is needed.

Event[3989]:
  Log Name: System
  Source: Microsoft-Windows-FilterManager
  Date: 2017-06-09T15:31:02.224
  Event ID: 6
  Task: N/A
  Level: Information
  Opcode: Info
  Keyword: N/A
  User: S-1-5-18
  User Name: NT AUTHORITY\SYSTEM
  Computer: DESKTOP-NGQE08I
  Description: 
File System Filter 'FileCrypt' (10.0, ?2030?-?05?-?28T09:10:59.000000000Z) has successfully loaded and registered with Filter Manager.

Event[3990]:
  Log Name: System
  Source: Microsoft-Windows-FilterManager
  Date: 2017-06-09T15:31:02.281
  Event ID: 6
  Task: N/A
  Level: Information
  Opcode: Info
  Keyword: N/A
  User: S-1-5-18
  User Name: NT AUTHORITY\SYSTEM
  Computer: DESKTOP-NGQE08I
  Description: 
File System Filter 'npsvctrig' (10.0, ?2097?-?07?-?25T11:18:05.000000000Z) has successfully loaded and registered with Filter Manager.

Event[3991]:
  Log Name: System
  Source: Microsoft-Windows-Kernel-Power
  Date: 2017-06-09T15:31:02.302
  Event ID: 172
  Task: N/A
  Level: Information
  Opcode: Info
  Keyword: N/A
  User: S-1-5-18
  User Name: NT AUTHORITY\SYSTEM
  Computer: DESKTOP-NGQE08I
  Description: 
Connectivity state in standby: Disconnected, Reason: NIC compliance

Event[3992]:
  Log Name: System
  Source: Microsoft-Windows-DriverFrameworks-UserMode
  Date: 2017-06-09T15:31:02.438
  Event ID: 10114
  Task: Startup of the UMDF reflector
  Level: Information
  Opcode: Info
  Keyword: N/A
  User: S-1-5-18
  User Name: NT AUTHORITY\SYSTEM
  Computer: DESKTOP-NGQE08I
  Description: 
WUDFPf (part of UMDF) did not load yet. After it does, Windows will start the device again.

Event[3993]:
  Log Name: System
  Source: Microsoft-Windows-Kernel-PnP
  Date: 2017-06-09T15:31:02.439
  Event ID: 219
  Task: N/A
  Level: Warning
  Opcode: Info
  Keyword: N/A
  User: S-1-5-18
  User Name: NT AUTHORITY\SYSTEM
  Computer: DESKTOP-NGQE08I
  Description: 
The driver \Driver\WUDFRd failed to load for the device ACPI\PNP0A0A\2&daba3ff&0.

Event[3994]:
  Log Name: System
  Source: Microsoft-Windows-Kernel-Processor-Power
  Date: 2017-06-09T15:31:02.458
  Event ID: 55
  Task: N/A
  Level: Information
  Opcode: Info
  Keyword: N/A
  User: S-1-5-18
  User Name: NT AUTHORITY\SYSTEM
  Computer: DESKTOP-NGQE08I
  Description: 
Processor 0 in group 0 exposes the following power management capabilities:

Idle state type: ACPI Idle (C) States (1 state(s))

Performance state type: ACPI Performance (P) / Throttle (T) States
Nominal Frequency (MHz): 3501
Maximum performance percentage: 100
Minimum performance percentage: 34
Minimum throttle percentage: 4

Event[3995]:
  Log Name: System
  Source: Microsoft-Windows-Kernel-Processor-Power
  Date: 2017-06-09T15:31:02.460
  Event ID: 55
  Task: N/A
  Level: Information
  Opcode: Info
  Keyword: N/A
  User: S-1-5-18
  User Name: NT AUTHORITY\SYSTEM
  Computer: DESKTOP-NGQE08I
  Description: 
Processor 2 in group 0 exposes the following power management capabilities:

Idle state type: ACPI Idle (C) States (1 state(s))

Performance state type: ACPI Performance (P) / Throttle (T) States
Nominal Frequency (MHz): 3501
Maximum performance percentage: 100
Minimum performance percentage: 34
Minimum throttle percentage: 4

Event[3996]:
  Log Name: System
  Source: Microsoft-Windows-Kernel-Processor-Power
  Date: 2017-06-09T15:31:02.461
  Event ID: 55
  Task: N/A
  Level: Information
  Opcode: Info
  Keyword: N/A
  User: S-1-5-18
  User Name: NT AUTHORITY\SYSTEM
  Computer: DESKTOP-NGQE08I
  Description: 
Processor 4 in group 0 exposes the following power management capabilities:

Idle state type: ACPI Idle (C) States (1 state(s))

Performance state type: ACPI Performance (P) / Throttle (T) States
Nominal Frequency (MHz): 3501
Maximum performance percentage: 100
Minimum performance percentage: 34
Minimum throttle percentage: 4

Event[3997]:
  Log Name: System
  Source: Microsoft-Windows-Kernel-Processor-Power
  Date: 2017-06-09T15:31:02.462
  Event ID: 55
  Task: N/A
  Level: Information
  Opcode: Info
  Keyword: N/A
  User: S-1-5-18
  User Name: NT AUTHORITY\SYSTEM
  Computer: DESKTOP-NGQE08I
  Description: 
Processor 6 in group 0 exposes the following power management capabilities:

Idle state type: ACPI Idle (C) States (1 state(s))

Performance state type: ACPI Performance (P) / Throttle (T) States
Nominal Frequency (MHz): 3501
Maximum performance percentage: 100
Minimum performance percentage: 34
Minimum throttle percentage: 4

Event[3998]:
  Log Name: System
  Source: Microsoft-Windows-Kernel-Processor-Power
  Date: 2017-06-09T15:31:02.463
  Event ID: 55
  Task: N/A
  Level: Information
  Opcode: Info
  Keyword: N/A
  User: S-1-5-18
  User Name: NT AUTHORITY\SYSTEM
  Computer: DESKTOP-NGQE08I
  Description: 
Processor 8 in group 0 exposes the following power management capabilities:

Idle state type: ACPI Idle (C) States (1 state(s))

Performance state type: ACPI Performance (P) / Throttle (T) States
Nominal Frequency (MHz): 3501
Maximum performance percentage: 100
Minimum performance percentage: 34
Minimum throttle percentage: 4

Event[3999]:
  Log Name: System
  Source: Microsoft-Windows-Kernel-Processor-Power
  Date: 2017-06-09T15:31:02.464
  Event ID: 55
  Task: N/A
  Level: Information
  Opcode: Info
  Keyword: N/A
  User: S-1-5-18
  User Name: NT AUTHORITY\SYSTEM
  Computer: DESKTOP-NGQE08I
  Description: 
Processor 10 in group 0 exposes the following power management capabilities:

Idle state type: ACPI Idle (C) States (1 state(s))

Performance state type: ACPI Performance (P) / Throttle (T) States
Nominal Frequency (MHz): 3501
Maximum performance percentage: 100
Minimum performance percentage: 34
Minimum throttle percentage: 4

Event[4000]:
  Log Name: System
  Source: Microsoft-Windows-Kernel-Processor-Power
  Date: 2017-06-09T15:31:02.465
  Event ID: 55
  Task: N/A
  Level: Information
  Opcode: Info
  Keyword: N/A
  User: S-1-5-18
  User Name: NT AUTHORITY\SYSTEM
  Computer: DESKTOP-NGQE08I
  Description: 
Processor 1 in group 0 exposes the following power management capabilities:

Idle state type: ACPI Idle (C) States (1 state(s))

Performance state type: ACPI Performance (P) / Throttle (T) States
Nominal Frequency (MHz): 3501
Maximum performance percentage: 100
Minimum performance percentage: 34
Minimum throttle percentage: 4

Event[4001]:
  Log Name: System
  Source: Microsoft-Windows-Kernel-Processor-Power
  Date: 2017-06-09T15:31:02.466
  Event ID: 55
  Task: N/A
  Level: Information
  Opcode: Info
  Keyword: N/A
  User: S-1-5-18
  User Name: NT AUTHORITY\SYSTEM
  Computer: DESKTOP-NGQE08I
  Description: 
Processor 3 in group 0 exposes the following power management capabilities:

Idle state type: ACPI Idle (C) States (1 state(s))

Performance state type: ACPI Performance (P) / Throttle (T) States
Nominal Frequency (MHz): 3501
Maximum performance percentage: 100
Minimum performance percentage: 34
Minimum throttle percentage: 4

Event[4002]:
  Log Name: System
  Source: Microsoft-Windows-Kernel-Processor-Power
  Date: 2017-06-09T15:31:02.467
  Event ID: 55
  Task: N/A
  Level: Information
  Opcode: Info
  Keyword: N/A
  User: S-1-5-18
  User Name: NT AUTHORITY\SYSTEM
  Computer: DESKTOP-NGQE08I
  Description: 
Processor 5 in group 0 exposes the following power management capabilities:

Idle state type: ACPI Idle (C) States (1 state(s))

Performance state type: ACPI Performance (P) / Throttle (T) States
Nominal Frequency (MHz): 3501
Maximum performance percentage: 100
Minimum performance percentage: 34
Minimum throttle percentage: 4

Event[4003]:
  Log Name: System
  Source: Microsoft-Windows-Kernel-Processor-Power
  Date: 2017-06-09T15:31:02.469
  Event ID: 55
  Task: N/A
  Level: Information
  Opcode: Info
  Keyword: N/A
  User: S-1-5-18
  User Name: NT AUTHORITY\SYSTEM
  Computer: DESKTOP-NGQE08I
  Description: 
Processor 7 in group 0 exposes the following power management capabilities:

Idle state type: ACPI Idle (C) States (1 state(s))

Performance state type: ACPI Performance (P) / Throttle (T) States
Nominal Frequency (MHz): 3501
Maximum performance percentage: 100
Minimum performance percentage: 34
Minimum throttle percentage: 4

Event[4004]:
  Log Name: System
  Source: Microsoft-Windows-Kernel-Processor-Power
  Date: 2017-06-09T15:31:02.470
  Event ID: 55
  Task: N/A
  Level: Information
  Opcode: Info
  Keyword: N/A
  User: S-1-5-18
  User Name: NT AUTHORITY\SYSTEM
  Computer: DESKTOP-NGQE08I
  Description: 
Processor 9 in group 0 exposes the following power management capabilities:

Idle state type: ACPI Idle (C) States (1 state(s))

Performance state type: ACPI Performance (P) / Throttle (T) States
Nominal Frequency (MHz): 3501
Maximum performance percentage: 100
Minimum performance percentage: 34
Minimum throttle percentage: 4

Event[4005]:
  Log Name: System
  Source: Microsoft-Windows-Kernel-Processor-Power
  Date: 2017-06-09T15:31:02.471
  Event ID: 55
  Task: N/A
  Level: Information
  Opcode: Info
  Keyword: N/A
  User: S-1-5-18
  User Name: NT AUTHORITY\SYSTEM
  Computer: DESKTOP-NGQE08I
  Description: 
Processor 11 in group 0 exposes the following power management capabilities:

Idle state type: ACPI Idle (C) States (1 state(s))

Performance state type: ACPI Performance (P) / Throttle (T) States
Nominal Frequency (MHz): 3501
Maximum performance percentage: 100
Minimum performance percentage: 34
Minimum throttle percentage: 4

Event[4006]:
  Log Name: System
  Source: MEIx64
  Date: 2017-06-09T15:31:02.536
  Event ID: 2
  Task: N/A
  Level: Information
  Opcode: N/A
  Keyword: Classic
  User: N/A
  User Name: N/A
  Computer: DESKTOP-NGQE08I
  Description: 
Intel(R) Management Engine Interface driver has started successfully.

Event[4007]:
  Log Name: System
  Source: Microsoft-Windows-Ntfs
  Date: 2017-06-09T15:31:02.904
  Event ID: 98
  Task: N/A
  Level: Information
  Opcode: Info
  Keyword: N/A
  User: S-1-5-18
  User Name: NT AUTHORITY\SYSTEM
  Computer: DESKTOP-NGQE08I
  Description: 
Volume D: (\Device\HarddiskVolume5) is healthy.  No action is needed.

Event[4008]:
  Log Name: System
  Source: Microsoft-Windows-Ntfs
  Date: 2017-06-09T15:31:03.654
  Event ID: 98
  Task: N/A
  Level: Information
  Opcode: Info
  Keyword: N/A
  User: S-1-5-18
  User Name: NT AUTHORITY\SYSTEM
  Computer: DESKTOP-NGQE08I
  Description: 
Volume H: (\Device\HarddiskVolume10) is healthy.  No action is needed.

Event[4009]:
  Log Name: System
  Source: Microsoft-Windows-Ntfs
  Date: 2017-06-09T15:31:04.713
  Event ID: 98
  Task: N/A
  Level: Information
  Opcode: Info
  Keyword: N/A
  User: S-1-5-18
  User Name: NT AUTHORITY\SYSTEM
  Computer: DESKTOP-NGQE08I
  Description: 
Volume E: (\Device\HarddiskVolume7) is healthy.  No action is needed.

Event[4010]:
  Log Name: System
  Source: Microsoft-Windows-Ntfs
  Date: 2017-06-09T15:31:05.479
  Event ID: 98
  Task: N/A
  Level: Information
  Opcode: Info
  Keyword: N/A
  User: S-1-5-18
  User Name: NT AUTHORITY\SYSTEM
  Computer: DESKTOP-NGQE08I
  Description: 
Volume F: (\Device\HarddiskVolume8) is healthy.  No action is needed.

Event[4011]:
  Log Name: System
  Source: Microsoft-Windows-Ntfs
  Date: 2017-06-09T15:31:05.976
  Event ID: 98
  Task: N/A
  Level: Information
  Opcode: Info
  Keyword: N/A
  User: S-1-5-18
  User Name: NT AUTHORITY\SYSTEM
  Computer: DESKTOP-NGQE08I
  Description: 
Volume G: (\Device\HarddiskVolume9) is healthy.  No action is needed.

Event[4012]:
  Log Name: System
  Source: e1iexpress
  Date: 2017-06-09T15:31:06.186
  Event ID: 32
  Task: N/A
  Level: Information
  Opcode: N/A
  Keyword: Classic
  User: N/A
  User Name: N/A
  Computer: DESKTOP-NGQE08I
  Description: 
Intel(R) Ethernet Connection (2) I218-V
 Network link has been established at 1Gbps full duplex.


Event[4013]:
  Log Name: System
  Source: Microsoft-Windows-Wininit
  Date: 2017-06-09T15:31:08.516
  Event ID: 14
  Task: N/A
  Level: Information
  Opcode: Info
  Keyword: N/A
  User: S-1-5-18
  User Name: NT AUTHORITY\SYSTEM
  Computer: DESKTOP-NGQE08I
  Description: 
Credential Guard (LsaIso.exe) configuration: 0x0, 0

Event[4014]:
  Log Name: System
  Source: Microsoft-Windows-Directory-Services-SAM
  Date: 2017-06-09T15:31:08.677
  Event ID: 16962
  Task: N/A
  Level: Information
  Opcode: Info
  Keyword: N/A
  User: S-1-5-18
  User Name: NT AUTHORITY\SYSTEM
  Computer: DESKTOP-NGQE08I
  Description: 
Remote calls to the SAM database are being restricted using the default security descriptor: O:SYG:SYD:(A;;RC;;;BA).
For more information please see http://go.microsoft.com/fwlink/?LinkId=787651.

Event[4015]:
  Log Name: System
  Source: Microsoft-Windows-FilterManager
  Date: 2017-06-09T15:31:08.942
  Event ID: 6
  Task: N/A
  Level: Information
  Opcode: Info
  Keyword: N/A
  User: S-1-5-18
  User Name: NT AUTHORITY\SYSTEM
  Computer: DESKTOP-NGQE08I
  Description: 
File System Filter 'wcifs' (10.0, ?2088?-?07?-?29T04:04:59.000000000Z) has successfully loaded and registered with Filter Manager.

Event[4016]:
  Log Name: System
  Source: Microsoft-Windows-FilterManager
  Date: 2017-06-09T15:31:08.973
  Event ID: 6
  Task: N/A
  Level: Information
  Opcode: Info
  Keyword: N/A
  User: S-1-5-18
  User Name: NT AUTHORITY\SYSTEM
  Computer: DESKTOP-NGQE08I
  Description: 
File System Filter 'luafv' (10.0, ?2037?-?06?-?08T10:55:59.000000000Z) has successfully loaded and registered with Filter Manager.

Event[4017]:
  Log Name: System
  Source: Service Control Manager
  Date: 2017-06-09T15:31:08.967
  Event ID: 7000
  Task: N/A
  Level: Error
  Opcode: N/A
  Keyword: Classic
  User: N/A
  User Name: N/A
  Computer: DESKTOP-NGQE08I
  Description: 
The CldFlt service failed to start due to the following error: 
The request is not supported.

Event[4018]:
  Log Name: System
  Source: Microsoft-Windows-FilterManager
  Date: 2017-06-09T15:31:08.977
  Event ID: 6
  Task: N/A
  Level: Information
  Opcode: Info
  Keyword: N/A
  User: S-1-5-18
  User Name: NT AUTHORITY\SYSTEM
  Computer: DESKTOP-NGQE08I
  Description: 
File System Filter 'storqosflt' (10.0, ?2015?-?12?-?18T04:36:27.000000000Z) has successfully loaded and registered with Filter Manager.

Event[4019]:
  Log Name: System
  Source: Microsoft-Windows-Dhcp-Client
  Date: 2017-06-09T15:31:09.052
  Event ID: 50036
  Task: Service State Event
  Level: Information
  Opcode: ServiceStart
  Keyword: N/A
  User: S-1-5-19
  User Name: NT AUTHORITY\LOCAL SERVICE
  Computer: DESKTOP-NGQE08I
  Description: 
DHCPv4 client service is started

Event[4020]:
  Log Name: System
  Source: Microsoft-Windows-Dhcp-Client
  Date: 2017-06-09T15:31:09.053
  Event ID: 50103
  Task: Service State Event
  Level: Information
  Opcode: ServiceShutdown
  Keyword: N/A
  User: S-1-5-19
  User Name: NT AUTHORITY\LOCAL SERVICE
  Computer: DESKTOP-NGQE08I
  Description: 
DHCPv4 client registered for shutdown notification

Event[4021]:
  Log Name: System
  Source: Microsoft-Windows-DHCPv6-Client
  Date: 2017-06-09T15:31:09.060
  Event ID: 51046
  Task: Service State Event
  Level: Information
  Opcode: ServiceStart
  Keyword: N/A
  User: S-1-5-19
  User Name: NT AUTHORITY\LOCAL SERVICE
  Computer: DESKTOP-NGQE08I
  Description: 
DHCPv6 client service is started

Event[4022]:
  Log Name: System
  Source: Service Control Manager
  Date: 2017-06-09T15:31:10.451
  Event ID: 7026
  Task: N/A
  Level: Information
  Opcode: N/A
  Keyword: Classic
  User: N/A
  User Name: N/A
  Computer: DESKTOP-NGQE08I
  Description: 
The following boot-start or system-start driver(s) did not load: 
dam

Event[4023]:
  Log Name: System
  Source: Microsoft-Windows-Winlogon
  Date: 2017-06-09T15:31:16.050
  Event ID: 7001
  Task: N/A
  Level: Information
  Opcode: Info
  Keyword: N/A
  User: S-1-5-18
  User Name: NT AUTHORITY\SYSTEM
  Computer: DESKTOP-NGQE08I
  Description: 
User Log-on Notification for Customer Experience Improvement Program

Event[4024]:
  Log Name: System
  Source: Service Control Manager
  Date: 2017-06-09T15:35:13.002
  Event ID: 7040
  Task: N/A
  Level: Information
  Opcode: N/A
  Keyword: Classic
  User: S-1-5-18
  User Name: NT AUTHORITY\SYSTEM
  Computer: DESKTOP-NGQE08I
  Description: 
The start type of the Background Intelligent Transfer Service service was changed from auto start to demand start.

Event[4025]:
  Log Name: System
  Source: Microsoft-Windows-WindowsUpdateClient
  Date: 2017-06-09T15:37:33.696
  Event ID: 44
  Task: Windows Update Agent
  Level: Information
  Opcode: Download
  Keyword: Download,Started
  User: S-1-5-18
  User Name: NT AUTHORITY\SYSTEM
  Computer: DESKTOP-NGQE08I
  Description: 
Windows Update started downloading an update.

Event[4026]:
  Log Name: System
  Source: Microsoft-Windows-WindowsUpdateClient
  Date: 2017-06-09T15:37:33.696
  Event ID: 43
  Task: Windows Update Agent
  Level: Information
  Opcode: Installation
  Keyword: Installation,Started
  User: S-1-5-18
  User Name: NT AUTHORITY\SYSTEM
  Computer: DESKTOP-NGQE08I
  Description: 
Installation Started: Windows has started installing the following update: Definition Update for Windows Defender - KB2267602 (Definition 1.245.683.0)

Event[4027]:
  Log Name: System
  Source: Microsoft-Windows-WindowsUpdateClient
  Date: 2017-06-09T15:37:43.358
  Event ID: 19
  Task: Windows Update Agent
  Level: Information
  Opcode: Installation
  Keyword: Installation,Success
  User: S-1-5-18
  User Name: NT AUTHORITY\SYSTEM
  Computer: DESKTOP-NGQE08I
  Description: 
Installation Successful: Windows successfully installed the following update: Definition Update for Windows Defender - KB2267602 (Definition 1.245.683.0)

Event[4028]:
  Log Name: System
  Source: Lfsvc
  Date: 2017-06-09T15:41:10.030
  Event ID: 1
  Task: N/A
  Level: Information
  Opcode: Info
  Keyword: Classic
  User: N/A
  User Name: N/A
  Computer: DESKTOP-NGQE08I
  Description: 
Geolocation positioning is enabled.

Event[4029]:
  Log Name: System
  Source: Service Control Manager
  Date: 2017-06-09T15:42:13.348
  Event ID: 7045
  Task: N/A
  Level: Information
  Opcode: N/A
  Keyword: Classic
  User: S-1-5-18
  User Name: NT AUTHORITY\SYSTEM
  Computer: DESKTOP-NGQE08I
  Description: 
A service was installed in the system.

Service Name:  MpKslcf66f786
Service File Name:  C:\ProgramData\Microsoft\Windows Defender\Definition Updates\{A9871AE2-85EC-48C0-A9AA-D4C2C2BC5F98}\MpKslcf66f786.sys
Service Type:  kernel mode driver
Service Start Type:  system start
Service Account:  

Event[4030]:
  Log Name: System
  Source: Microsoft-Windows-Kernel-General
  Date: 2017-06-09T15:52:23.570
  Event ID: 16
  Task: N/A
  Level: Information
  Opcode: Info
  Keyword: N/A
  User: S-1-5-18
  User Name: NT AUTHORITY\SYSTEM
  Computer: DESKTOP-NGQE08I
  Description: 
The access history in hive \??\C:\ProgramData\Microsoft\Provisioning\Microsoft-Desktop-Provisioning-Sequence.dat was cleared updating 0 keys and creating 0 modified pages.

Event[4031]:
  Log Name: System
  Source: Microsoft-Windows-UserModePowerService
  Date: 2017-06-09T15:52:25.093
  Event ID: 22
  Task: N/A
  Level: Information
  Opcode: Info
  Keyword: N/A
  User: S-1-5-18
  User Name: NT AUTHORITY\SYSTEM
  Computer: DESKTOP-NGQE08I
  Description: 
Reapply power settings upon completion of the provisioning engine's turn 5

Event[4032]:
  Log Name: System
  Source: Microsoft-Windows-Kernel-General
  Date: 2017-06-09T15:52:25.303
  Event ID: 11
  Task: N/A
  Level: Information
  Opcode: Info
  Keyword: N/A
  User: S-1-5-18
  User Name: NT AUTHORITY\SYSTEM
  Computer: DESKTOP-NGQE08I
  Description: 
TxR init phase for hive \??\GLOBALROOT\Device\HarddiskVolumeShadowCopy4\Windows\System32\config\SYSTEM (TM: {3F61DC86-4D20-11E7-92F1-54A050D4EFF2}, RM: {3F61DC85-4D20-11E7-92F1-54A050D4EFF2}) finished with result=0xC00000A2 (Internal code=7).

Event[4033]:
  Log Name: System
  Source: Microsoft-Windows-Kernel-General
  Date: 2017-06-09T15:52:25.352
  Event ID: 11
  Task: N/A
  Level: Information
  Opcode: Info
  Keyword: N/A
  User: S-1-5-18
  User Name: NT AUTHORITY\SYSTEM
  Computer: DESKTOP-NGQE08I
  Description: 
TxR init phase for hive \??\GLOBALROOT\Device\HarddiskVolumeShadowCopy4\Windows\System32\config\DRIVERS (TM: {3F61DC88-4D20-11E7-92F1-54A050D4EFF2}, RM: {3F61DC87-4D20-11E7-92F1-54A050D4EFF2}) finished with result=0xC00000A2 (Internal code=7).

Event[4034]:
  Log Name: System
  Source: Microsoft-Windows-Kernel-General
  Date: 2017-06-09T15:52:31.730
  Event ID: 15
  Task: N/A
  Level: Information
  Opcode: Info
  Keyword: N/A
  User: S-1-5-18
  User Name: NT AUTHORITY\SYSTEM
  Computer: DESKTOP-NGQE08I
  Description: 
Hive \??\GLOBALROOT\Device\HarddiskVolumeShadowCopy2\Windows\System32\config\SYSTEM was reorganized with a starting size of 12447744 bytes and an ending size of 12390400 bytes.

Event[4035]:
  Log Name: System
  Source: Microsoft-Windows-Kernel-General
  Date: 2017-06-09T15:52:31.756
  Event ID: 11
  Task: N/A
  Level: Information
  Opcode: Info
  Keyword: N/A
  User: S-1-5-18
  User Name: NT AUTHORITY\SYSTEM
  Computer: DESKTOP-NGQE08I
  Description: 
TxR init phase for hive \??\GLOBALROOT\Device\HarddiskVolumeShadowCopy2\Windows\System32\config\SYSTEM (TM: {3F61DCA8-4D20-11E7-92F1-54A050D4EFF2}, RM: {3F61DCA7-4D20-11E7-92F1-54A050D4EFF2}) finished with result=0xC00000A2 (Internal code=7).

Event[4036]:
  Log Name: System
  Source: Microsoft-Windows-Kernel-General
  Date: 2017-06-09T15:52:31.976
  Event ID: 11
  Task: N/A
  Level: Information
  Opcode: Info
  Keyword: N/A
  User: S-1-5-18
  User Name: NT AUTHORITY\SYSTEM
  Computer: DESKTOP-NGQE08I
  Description: 
TxR init phase for hive \??\GLOBALROOT\Device\HarddiskVolumeShadowCopy2\Windows\System32\config\DRIVERS (TM: {3F61DCAA-4D20-11E7-92F1-54A050D4EFF2}, RM: {3F61DCA9-4D20-11E7-92F1-54A050D4EFF2}) finished with result=0xC00000A2 (Internal code=7).

Event[4037]:
  Log Name: System
  Source: Microsoft-Windows-Kernel-General
  Date: 2017-06-09T15:52:35.326
  Event ID: 15
  Task: N/A
  Level: Information
  Opcode: Info
  Keyword: N/A
  User: S-1-5-18
  User Name: NT AUTHORITY\SYSTEM
  Computer: DESKTOP-NGQE08I
  Description: 
Hive \??\Volume{41705400-9ad2-422f-9ce8-7d20ea4f879a}\System Volume Information\SPP\SppCbsHiveStore\{cd42efe1-f6f1-427c-b004-033192c625a4}{4B4133A5-B320-4A96-997A-8BCE60A7AF04} was reorganized with a starting size of 12447744 bytes and an ending size of 12390400 bytes.

Event[4038]:
  Log Name: System
  Source: Microsoft-Windows-Kernel-General
  Date: 2017-06-09T15:52:35.578
  Event ID: 16
  Task: N/A
  Level: Information
  Opcode: Info
  Keyword: N/A
  User: S-1-5-18
  User Name: NT AUTHORITY\SYSTEM
  Computer: DESKTOP-NGQE08I
  Description: 
The access history in hive \??\Volume{41705400-9ad2-422f-9ce8-7d20ea4f879a}\System Volume Information\SPP\SppCbsHiveStore\{cd42efe1-f6f1-427c-b004-033192c625a4}{7086A20B-80E3-4F41-90CB-25C1C1FEE317} was cleared updating 76 keys and creating 6 modified pages.

Event[4039]:
  Log Name: System
  Source: Microsoft-Windows-Kernel-General
  Date: 2017-06-09T15:52:35.814
  Event ID: 16
  Task: N/A
  Level: Information
  Opcode: Info
  Keyword: N/A
  User: S-1-5-18
  User Name: NT AUTHORITY\SYSTEM
  Computer: DESKTOP-NGQE08I
  Description: 
The access history in hive \??\Volume{41705400-9ad2-422f-9ce8-7d20ea4f879a}\System Volume Information\SPP\SppCbsHiveStore\{cd42efe1-f6f1-427c-b004-033192c625a4}{5127D79C-DB60-4272-B28A-A9401BFBD116} was cleared updating 103 keys and creating 5 modified pages.

Event[4040]:
  Log Name: System
  Source: Microsoft-Windows-Kernel-General
  Date: 2017-06-09T15:52:36.885
  Event ID: 15
  Task: N/A
  Level: Information
  Opcode: Info
  Keyword: N/A
  User: S-1-5-18
  User Name: NT AUTHORITY\SYSTEM
  Computer: DESKTOP-NGQE08I
  Description: 
Hive \??\Volume{41705400-9ad2-422f-9ce8-7d20ea4f879a}\System Volume Information\SPP\SppCbsHiveStore\{cd42efe1-f6f1-427c-b004-033192c625a4}{F397B5F6-FBA5-452B-A7FE-6E172BF0CF0F} was reorganized with a starting size of 32575488 bytes and an ending size of 32567296 bytes.

Event[4041]:
  Log Name: System
  Source: Microsoft-Windows-Kernel-General
  Date: 2017-06-09T15:52:37.405
  Event ID: 15
  Task: N/A
  Level: Information
  Opcode: Info
  Keyword: N/A
  User: S-1-5-18
  User Name: NT AUTHORITY\SYSTEM
  Computer: DESKTOP-NGQE08I
  Description: 
Hive \??\Volume{41705400-9ad2-422f-9ce8-7d20ea4f879a}\System Volume Information\SPP\SppCbsHiveStore\{cd42efe1-f6f1-427c-b004-033192c625a4}{B96BDFAF-F8E7-4728-BA74-5A29B1EE3D94} was reorganized with a starting size of 12591104 bytes and an ending size of 11776000 bytes.

Event[4042]:
  Log Name: System
  Source: Microsoft-Windows-Kernel-General
  Date: 2017-06-09T15:52:37.870
  Event ID: 16
  Task: N/A
  Level: Information
  Opcode: Info
  Keyword: N/A
  User: S-1-5-18
  User Name: NT AUTHORITY\SYSTEM
  Computer: DESKTOP-NGQE08I
  Description: 
The access history in hive \??\Volume{41705400-9ad2-422f-9ce8-7d20ea4f879a}\System Volume Information\SPP\SppCbsHiveStore\{cd42efe1-f6f1-427c-b004-033192c625a4}{585001B6-0CF3-4A24-B294-19AEE41DC320} was cleared updating 331 keys and creating 37 modified pages.

Event[4043]:
  Log Name: System
  Source: Microsoft-Windows-Kernel-General
  Date: 2017-06-09T15:52:40.183
  Event ID: 15
  Task: N/A
  Level: Information
  Opcode: Info
  Keyword: N/A
  User: S-1-5-18
  User Name: NT AUTHORITY\SYSTEM
  Computer: DESKTOP-NGQE08I
  Description: 
Hive \??\Volume{41705400-9ad2-422f-9ce8-7d20ea4f879a}\System Volume Information\SPP\SppCbsHiveStore\{cd42efe1-f6f1-427c-b004-033192c625a4}{967530B2-7499-4FCD-830F-3BECCDDB94EA} was reorganized with a starting size of 66560000 bytes and an ending size of 66965504 bytes.

Event[4044]:
  Log Name: System
  Source: Microsoft-Windows-Time-Service
  Date: 2017-06-09T15:52:42.947
  Event ID: 158
  Task: N/A
  Level: Information
  Opcode: Info
  Keyword: N/A
  User: S-1-5-19
  User Name: NT AUTHORITY\LOCAL SERVICE
  Computer: DESKTOP-NGQE08I
  Description: 
The time provider 'VMICTimeProvider' has indicated that the current hardware and operating environment is not supported and has stopped. This behavior is expected for VMICTimeProvider on non-HyperV-guest environments. This may be the expected behavior for the current provider in the current operating environment as well.

Event[4045]:
  Log Name: System
  Source: Microsoft-Windows-Time-Service
  Date: 2017-06-09T15:52:44.519
  Event ID: 37
  Task: N/A
  Level: Information
  Opcode: Info
  Keyword: N/A
  User: S-1-5-19
  User Name: NT AUTHORITY\LOCAL SERVICE
  Computer: DESKTOP-NGQE08I
  Description: 
The time provider NtpClient is currently receiving valid time data from time.windows.com,0x9 (ntp.m|0x9|0.0.0.0:123->13.79.239.69:123).

Event[4046]:
  Log Name: System
  Source: Microsoft-Windows-Kernel-General
  Date: 2017-06-09T15:52:46.009
  Event ID: 16
  Task: N/A
  Level: Information
  Opcode: Info
  Keyword: N/A
  User: S-1-5-21-1441030301-2801777419-3013317047-1001
  User Name: DESKTOP-NGQE08I\organ
  Computer: DESKTOP-NGQE08I
  Description: 
The access history in hive \??\C:\Users\organ\AppData\Local\Packages\1527c705-839a-4832-9118-54d4bd6a0c89_cw5n1h2txyewy\Settings\settings.dat was cleared updating 2 keys and creating 1 modified pages.

Event[4047]:
  Log Name: System
  Source: Microsoft-Windows-Kernel-General
  Date: 2017-06-09T15:52:46.039
  Event ID: 16
  Task: N/A
  Level: Information
  Opcode: Info
  Keyword: N/A
  User: S-1-5-21-1441030301-2801777419-3013317047-1001
  User Name: DESKTOP-NGQE08I\organ
  Computer: DESKTOP-NGQE08I
  Description: 
The access history in hive \??\C:\Users\organ\AppData\Local\Packages\34791e63.canoninkjetprintutility_6e5tt8cgb93ep\Settings\settings.dat was cleared updating 2 keys and creating 1 modified pages.

Event[4048]:
  Log Name: System
  Source: Microsoft-Windows-Kernel-General
  Date: 2017-06-09T15:52:46.068
  Event ID: 16
  Task: N/A
  Level: Information
  Opcode: Info
  Keyword: N/A
  User: S-1-5-21-1441030301-2801777419-3013317047-1001
  User Name: DESKTOP-NGQE08I\organ
  Computer: DESKTOP-NGQE08I
  Description: 
The access history in hive \??\C:\Users\organ\AppData\Local\Packages\9e2f88e3.twitter_wgeqdkkx372wm\Settings\settings.dat was cleared updating 2 keys and creating 1 modified pages.

Event[4049]:
  Log Name: System
  Source: Microsoft-Windows-Kernel-General
  Date: 2017-06-09T15:52:46.097
  Event ID: 16
  Task: N/A
  Level: Information
  Opcode: Info
  Keyword: N/A
  User: S-1-5-21-1441030301-2801777419-3013317047-1001
  User Name: DESKTOP-NGQE08I\organ
  Computer: DESKTOP-NGQE08I
  Description: 
The access history in hive \??\C:\Users\organ\AppData\Local\Packages\a278ab0d.marchofempires_h6adky7gbf63m\Settings\settings.dat was cleared updating 2 keys and creating 1 modified pages.

Event[4050]:
  Log Name: System
  Source: Microsoft-Windows-Kernel-General
  Date: 2017-06-09T15:52:46.126
  Event ID: 16
  Task: N/A
  Level: Information
  Opcode: Info
  Keyword: N/A
  User: S-1-5-21-1441030301-2801777419-3013317047-1001
  User Name: DESKTOP-NGQE08I\organ
  Computer: DESKTOP-NGQE08I
  Description: 
The access history in hive \??\C:\Users\organ\AppData\Local\Packages\c5e2524a-ea46-4f67-841f-6a9465d9d515_cw5n1h2txyewy\Settings\settings.dat was cleared updating 2 keys and creating 1 modified pages.

Event[4051]:
  Log Name: System
  Source: Microsoft-Windows-Kernel-General
  Date: 2017-06-09T15:52:46.181
  Event ID: 16
  Task: N/A
  Level: Information
  Opcode: Info
  Keyword: N/A
  User: S-1-5-21-1441030301-2801777419-3013317047-1001
  User Name: DESKTOP-NGQE08I\organ
  Computer: DESKTOP-NGQE08I
  Description: 
The access history in hive \??\C:\Users\organ\AppData\Local\Packages\cortanalistenuiapp_cw5n1h2txyewy\Settings\settings.dat was cleared updating 2 keys and creating 1 modified pages.

Event[4052]:
  Log Name: System
  Source: Microsoft-Windows-Kernel-General
  Date: 2017-06-09T15:52:46.210
  Event ID: 16
  Task: N/A
  Level: Information
  Opcode: Info
  Keyword: N/A
  User: S-1-5-21-1441030301-2801777419-3013317047-1001
  User Name: DESKTOP-NGQE08I\organ
  Computer: DESKTOP-NGQE08I
  Description: 
The access history in hive \??\C:\Users\organ\AppData\Local\Packages\desktoplearning_cw5n1h2txyewy\Settings\settings.dat was cleared updating 2 keys and creating 1 modified pages.

Event[4053]:
  Log Name: System
  Source: Microsoft-Windows-Kernel-General
  Date: 2017-06-09T15:52:46.240
  Event ID: 16
  Task: N/A
  Level: Information
  Opcode: Info
  Keyword: N/A
  User: S-1-5-21-1441030301-2801777419-3013317047-1001
  User Name: DESKTOP-NGQE08I\organ
  Computer: DESKTOP-NGQE08I
  Description: 
The access history in hive \??\C:\Users\organ\AppData\Local\Packages\desktopview_cw5n1h2txyewy\Settings\settings.dat was cleared updating 2 keys and creating 1 modified pages.

Event[4054]:
  Log Name: System
  Source: Microsoft-Windows-Kernel-General
  Date: 2017-06-09T15:52:46.269
  Event ID: 16
  Task: N/A
  Level: Information
  Opcode: Info
  Keyword: N/A
  User: S-1-5-21-1441030301-2801777419-3013317047-1001
  User Name: DESKTOP-NGQE08I\organ
  Computer: DESKTOP-NGQE08I
  Description: 
The access history in hive \??\C:\Users\organ\AppData\Local\Packages\e2a4f912-2574-4a75-9bb0-0d023378592b_cw5n1h2txyewy\Settings\settings.dat was cleared updating 2 keys and creating 1 modified pages.

Event[4055]:
  Log Name: System
  Source: Microsoft-Windows-Kernel-General
  Date: 2017-06-09T15:52:46.299
  Event ID: 16
  Task: N/A
  Level: Information
  Opcode: Info
  Keyword: N/A
  User: S-1-5-21-1441030301-2801777419-3013317047-1001
  User Name: DESKTOP-NGQE08I\organ
  Computer: DESKTOP-NGQE08I
  Description: 
The access history in hive \??\C:\Users\organ\AppData\Local\Packages\environmentsapp_cw5n1h2txyewy\Settings\settings.dat was cleared updating 2 keys and creating 1 modified pages.

Event[4056]:
  Log Name: System
  Source: Microsoft-Windows-Kernel-General
  Date: 2017-06-09T15:52:46.330
  Event ID: 16
  Task: N/A
  Level: Information
  Opcode: Info
  Keyword: N/A
  User: S-1-5-21-1441030301-2801777419-3013317047-1001
  User Name: DESKTOP-NGQE08I\organ
  Computer: DESKTOP-NGQE08I
  Description: 
The access history in hive \??\C:\Users\organ\AppData\Local\Packages\facebook.facebook_8xx8rvfyw5nnt\Settings\settings.dat was cleared updating 3 keys and creating 1 modified pages.

Event[4057]:
  Log Name: System
  Source: Microsoft-Windows-Kernel-General
  Date: 2017-06-09T15:52:46.384
  Event ID: 16
  Task: N/A
  Level: Information
  Opcode: Info
  Keyword: N/A
  User: S-1-5-21-1441030301-2801777419-3013317047-1001
  User Name: DESKTOP-NGQE08I\organ
  Computer: DESKTOP-NGQE08I
  Description: 
The access history in hive \??\C:\Users\organ\AppData\Local\Packages\flaregamesgmbh.royalrevolt2_g0q0z3kw54rap\Settings\settings.dat was cleared updating 2 keys and creating 1 modified pages.

Event[4058]:
  Log Name: System
  Source: Microsoft-Windows-Kernel-General
  Date: 2017-06-09T15:52:46.413
  Event ID: 16
  Task: N/A
  Level: Information
  Opcode: Info
  Keyword: N/A
  User: S-1-5-21-1441030301-2801777419-3013317047-1001
  User Name: DESKTOP-NGQE08I\organ
  Computer: DESKTOP-NGQE08I
  Description: 
The access history in hive \??\C:\Users\organ\AppData\Local\Packages\holocamera_cw5n1h2txyewy\Settings\settings.dat was cleared updating 2 keys and creating 1 modified pages.

Event[4059]:
  Log Name: System
  Source: Microsoft-Windows-Kernel-General
  Date: 2017-06-09T15:52:46.442
  Event ID: 16
  Task: N/A
  Level: Information
  Opcode: Info
  Keyword: N/A
  User: S-1-5-21-1441030301-2801777419-3013317047-1001
  User Name: DESKTOP-NGQE08I\organ
  Computer: DESKTOP-NGQE08I
  Description: 
The access history in hive \??\C:\Users\organ\AppData\Local\Packages\holoitemplayerapp_cw5n1h2txyewy\Settings\settings.dat was cleared updating 2 keys and creating 1 modified pages.

Event[4060]:
  Log Name: System
  Source: Microsoft-Windows-Kernel-General
  Date: 2017-06-09T15:52:46.497
  Event ID: 16
  Task: N/A
  Level: Information
  Opcode: Info
  Keyword: N/A
  User: S-1-5-21-1441030301-2801777419-3013317047-1001
  User Name: DESKTOP-NGQE08I\organ
  Computer: DESKTOP-NGQE08I
  Description: 
The access history in hive \??\C:\Users\organ\AppData\Local\Packages\holoshell_cw5n1h2txyewy\Settings\settings.dat was cleared updating 2 keys and creating 1 modified pages.

Event[4061]:
  Log Name: System
  Source: Microsoft-Windows-Kernel-General
  Date: 2017-06-09T15:52:46.535
  Event ID: 16
  Task: N/A
  Level: Information
  Opcode: Info
  Keyword: N/A
  User: S-1-5-21-1441030301-2801777419-3013317047-1001
  User Name: DESKTOP-NGQE08I\organ
  Computer: DESKTOP-NGQE08I
  Description: 
The access history in hive \??\C:\Users\organ\AppData\Local\Packages\keepersecurityinc.keeper_kejf07qmg0jnm\Settings\settings.dat was cleared updating 2 keys and creating 1 modified pages.

Event[4062]:
  Log Name: System
  Source: Microsoft-Windows-Kernel-General
  Date: 2017-06-09T15:52:46.589
  Event ID: 16
  Task: N/A
  Level: Information
  Opcode: Info
  Keyword: N/A
  User: S-1-5-21-1441030301-2801777419-3013317047-1001
  User Name: DESKTOP-NGQE08I\organ
  Computer: DESKTOP-NGQE08I
  Description: 
The access history in hive \??\C:\Users\organ\AppData\Local\Packages\king.com.candycrushsodasaga_kgqvnymyfvs32\Settings\settings.dat was cleared updating 2 keys and creating 1 modified pages.

Event[4063]:
  Log Name: System
  Source: Microsoft-Windows-Kernel-General
  Date: 2017-06-09T15:52:46.622
  Event ID: 16
  Task: N/A
  Level: Information
  Opcode: Info
  Keyword: N/A
  User: S-1-5-21-1441030301-2801777419-3013317047-1001
  User Name: DESKTOP-NGQE08I\organ
  Computer: DESKTOP-NGQE08I
  Description: 
The access history in hive \??\C:\Users\organ\AppData\Local\Packages\microsoft.3dbuilder_8wekyb3d8bbwe\Settings\settings.dat was cleared updating 2 keys and creating 1 modified pages.

Event[4064]:
  Log Name: System
  Source: Microsoft-Windows-Kernel-General
  Date: 2017-06-09T15:52:46.695
  Event ID: 16
  Task: N/A
  Level: Information
  Opcode: Info
  Keyword: N/A
  User: S-1-5-21-1441030301-2801777419-3013317047-1001
  User Name: DESKTOP-NGQE08I\organ
  Computer: DESKTOP-NGQE08I
  Description: 
The access history in hive \??\C:\Users\organ\AppData\Local\Packages\microsoft.accountscontrol_cw5n1h2txyewy\Settings\settings.dat was cleared updating 2 keys and creating 1 modified pages.

Event[4065]:
  Log Name: System
  Source: Microsoft-Windows-Kernel-General
  Date: 2017-06-09T15:52:46.740
  Event ID: 16
  Task: N/A
  Level: Information
  Opcode: Info
  Keyword: N/A
  User: S-1-5-21-1441030301-2801777419-3013317047-1001
  User Name: DESKTOP-NGQE08I\organ
  Computer: DESKTOP-NGQE08I
  Description: 
The access history in hive \??\C:\Users\organ\AppData\Local\Packages\microsoft.bingnews_8wekyb3d8bbwe\Settings\settings.dat was cleared updating 2 keys and creating 1 modified pages.

Event[4066]:
  Log Name: System
  Source: Microsoft-Windows-Kernel-General
  Date: 2017-06-09T15:52:46.796
  Event ID: 16
  Task: N/A
  Level: Information
  Opcode: Info
  Keyword: N/A
  User: S-1-5-21-1441030301-2801777419-3013317047-1001
  User Name: DESKTOP-NGQE08I\organ
  Computer: DESKTOP-NGQE08I
  Description: 
The access history in hive \??\C:\Users\organ\AppData\Local\Packages\microsoft.bingweather_8wekyb3d8bbwe\Settings\settings.dat was cleared updating 3 keys and creating 1 modified pages.

Event[4067]:
  Log Name: System
  Source: Microsoft-Windows-Kernel-General
  Date: 2017-06-09T15:52:46.823
  Event ID: 16
  Task: N/A
  Level: Information
  Opcode: Info
  Keyword: N/A
  User: S-1-5-21-1441030301-2801777419-3013317047-1001
  User Name: DESKTOP-NGQE08I\organ
  Computer: DESKTOP-NGQE08I
  Description: 
The access history in hive \??\C:\Users\organ\AppData\Local\Packages\microsoft.bioenrollment_cw5n1h2txyewy\Settings\settings.dat was cleared updating 2 keys and creating 1 modified pages.

Event[4068]:
  Log Name: System
  Source: Microsoft-Windows-Kernel-General
  Date: 2017-06-09T15:52:46.851
  Event ID: 16
  Task: N/A
  Level: Information
  Opcode: Info
  Keyword: N/A
  User: S-1-5-21-1441030301-2801777419-3013317047-1001
  User Name: DESKTOP-NGQE08I\organ
  Computer: DESKTOP-NGQE08I
  Description: 
The access history in hive \??\C:\Users\organ\AppData\Local\Packages\microsoft.creddialoghost_cw5n1h2txyewy\Settings\settings.dat was cleared updating 2 keys and creating 1 modified pages.

Event[4069]:
  Log Name: System
  Source: Microsoft-Windows-Kernel-General
  Date: 2017-06-09T15:52:46.880
  Event ID: 16
  Task: N/A
  Level: Information
  Opcode: Info
  Keyword: N/A
  User: S-1-5-21-1441030301-2801777419-3013317047-1001
  User Name: DESKTOP-NGQE08I\organ
  Computer: DESKTOP-NGQE08I
  Description: 
The access history in hive \??\C:\Users\organ\AppData\Local\Packages\microsoft.desktopappinstaller_8wekyb3d8bbwe\Settings\settings.dat was cleared updating 2 keys and creating 1 modified pages.

Event[4070]:
  Log Name: System
  Source: Microsoft-Windows-Kernel-General
  Date: 2017-06-09T15:52:46.908
  Event ID: 16
  Task: N/A
  Level: Information
  Opcode: Info
  Keyword: N/A
  User: S-1-5-21-1441030301-2801777419-3013317047-1001
  User Name: DESKTOP-NGQE08I\organ
  Computer: DESKTOP-NGQE08I
  Description: 
The access history in hive \??\C:\Users\organ\AppData\Local\Packages\microsoft.getstarted_8wekyb3d8bbwe\Settings\settings.dat was cleared updating 2 keys and creating 1 modified pages.

Event[4071]:
  Log Name: System
  Source: Microsoft-Windows-Kernel-General
  Date: 2017-06-09T15:52:46.962
  Event ID: 16
  Task: N/A
  Level: Information
  Opcode: Info
  Keyword: N/A
  User: S-1-5-21-1441030301-2801777419-3013317047-1001
  User Name: DESKTOP-NGQE08I\organ
  Computer: DESKTOP-NGQE08I
  Description: 
The access history in hive \??\C:\Users\organ\AppData\Local\Packages\microsoft.lockapp_cw5n1h2txyewy\Settings\settings.dat was cleared updating 4 keys and creating 1 modified pages.

Event[4072]:
  Log Name: System
  Source: Microsoft-Windows-Kernel-General
  Date: 2017-06-09T15:52:46.999
  Event ID: 16
  Task: N/A
  Level: Information
  Opcode: Info
  Keyword: N/A
  User: S-1-5-21-1441030301-2801777419-3013317047-1001
  User Name: DESKTOP-NGQE08I\organ
  Computer: DESKTOP-NGQE08I
  Description: 
The access history in hive \??\C:\Users\organ\AppData\Local\Packages\microsoft.messaging_8wekyb3d8bbwe\Settings\settings.dat was cleared updating 2 keys and creating 1 modified pages.

Event[4073]:
  Log Name: System
  Source: Microsoft-Windows-Kernel-General
  Date: 2017-06-09T15:52:47.057
  Event ID: 16
  Task: N/A
  Level: Information
  Opcode: Info
  Keyword: N/A
  User: S-1-5-21-1441030301-2801777419-3013317047-1001
  User Name: DESKTOP-NGQE08I\organ
  Computer: DESKTOP-NGQE08I
  Description: 
The access history in hive \??\C:\Users\organ\AppData\Local\Packages\microsoft.microsoft3dviewer_8wekyb3d8bbwe\Settings\settings.dat was cleared updating 2 keys and creating 1 modified pages.

Event[4074]:
