  Log Name: System
  Source: Microsoft-Windows-Ntfs
  Date: 2017-06-01T14:43:02.691
  Event ID: 98
  Task: N/A
  Level: Information
  Opcode: Info
  Keyword: N/A
  User: S-1-5-18
  User Name: NT AUTHORITY\SYSTEM
  Computer: DESKTOP-NGQE08I
  Description: 
Volume G: (\Device\HarddiskVolume9) is healthy.  No action is needed.

Event[219]:
  Log Name: System
  Source: Microsoft-Windows-Ntfs
  Date: 2017-06-01T14:43:02.781
  Event ID: 98
  Task: N/A
  Level: Information
  Opcode: Info
  Keyword: N/A
  User: S-1-5-18
  User Name: NT AUTHORITY\SYSTEM
  Computer: DESKTOP-NGQE08I
  Description: 
Volume \\?\Volume{fccc927e-093e-491a-9791-61bb14ac26ca} (\Device\HarddiskVolume1) is healthy.  No action is needed.

Event[220]:
  Log Name: System
  Source: e1iexpress
  Date: 2017-06-01T14:43:02.832
  Event ID: 32
  Task: N/A
  Level: Information
  Opcode: N/A
  Keyword: Classic
  User: N/A
  User Name: N/A
  Computer: DESKTOP-NGQE08I
  Description: 
Intel(R) Ethernet Connection (2) I218-V
 Network link has been established at 1Gbps full duplex.


Event[221]:
  Log Name: System
  Source: Microsoft-Windows-Wininit
  Date: 2017-06-01T14:43:11.839
  Event ID: 14
  Task: N/A
  Level: Information
  Opcode: Info
  Keyword: N/A
  User: S-1-5-18
  User Name: NT AUTHORITY\SYSTEM
  Computer: DESKTOP-NGQE08I
  Description: 
Credential Guard (LsaIso.exe) configuration: 0x0, 0

Event[222]:
  Log Name: System
  Source: Microsoft-Windows-Directory-Services-SAM
  Date: 2017-06-01T14:43:11.995
  Event ID: 16962
  Task: N/A
  Level: Information
  Opcode: Info
  Keyword: N/A
  User: S-1-5-18
  User Name: NT AUTHORITY\SYSTEM
  Computer: DESKTOP-NGQE08I
  Description: 
Remote calls to the SAM database are being restricted using the default security descriptor: O:SYG:SYD:(A;;RC;;;BA).
For more information please see http://go.microsoft.com/fwlink/?LinkId=787651.

Event[223]:
  Log Name: System
  Source: Microsoft-Windows-Time-Service
  Date: 2017-06-01T14:43:17.731
  Event ID: 158
  Task: N/A
  Level: Information
  Opcode: Info
  Keyword: N/A
  User: S-1-5-19
  User Name: NT AUTHORITY\LOCAL SERVICE
  Computer: DESKTOP-NGQE08I
  Description: 
The time provider 'VMICTimeProvider' has indicated that the current hardware and operating environment is not supported and has stopped. This behavior is expected for VMICTimeProvider on non-HyperV-guest environments. This may be the expected behavior for the current provider in the current operating environment as well.

Event[224]:
  Log Name: System
  Source: Microsoft-Windows-Dhcp-Client
  Date: 2017-06-01T14:43:17.756
  Event ID: 50036
  Task: Service State Event
  Level: Information
  Opcode: ServiceStart
  Keyword: N/A
  User: S-1-5-19
  User Name: NT AUTHORITY\LOCAL SERVICE
  Computer: DESKTOP-NGQE08I
  Description: 
DHCPv4 client service is started

Event[225]:
  Log Name: System
  Source: Microsoft-Windows-Dhcp-Client
  Date: 2017-06-01T14:43:17.758
  Event ID: 50103
  Task: Service State Event
  Level: Information
  Opcode: ServiceShutdown
  Keyword: N/A
  User: S-1-5-19
  User Name: NT AUTHORITY\LOCAL SERVICE
  Computer: DESKTOP-NGQE08I
  Description: 
DHCPv4 client registered for shutdown notification

Event[226]:
  Log Name: System
  Source: Microsoft-Windows-DHCPv6-Client
  Date: 2017-06-01T14:43:17.774
  Event ID: 51046
  Task: Service State Event
  Level: Information
  Opcode: ServiceStart
  Keyword: N/A
  User: S-1-5-19
  User Name: NT AUTHORITY\LOCAL SERVICE
  Computer: DESKTOP-NGQE08I
  Description: 
DHCPv6 client service is started

Event[227]:
  Log Name: System
  Source: Microsoft-Windows-FilterManager
  Date: 2017-06-01T14:43:17.881
  Event ID: 6
  Task: N/A
  Level: Information
  Opcode: Info
  Keyword: N/A
  User: S-1-5-18
  User Name: NT AUTHORITY\SYSTEM
  Computer: DESKTOP-NGQE08I
  Description: 
File System Filter 'wcifs' (10.0, ?2001?-?02?-?14T04:10:20.000000000Z) has successfully loaded and registered with Filter Manager.

Event[228]:
  Log Name: System
  Source: storahci
  Date: 2017-06-01T14:43:47.890
  Event ID: 129
  Task: N/A
  Level: Warning
  Opcode: N/A
  Keyword: Classic
  User: N/A
  User Name: N/A
  Computer: DESKTOP-NGQE08I
  Description: 
Reset to device, \Device\RaidPort2, was issued.

Event[229]:
  Log Name: System
  Source: Microsoft-Windows-DriverFrameworks-UserMode
  Date: 2017-06-01T14:43:47.908
  Event ID: 10114
  Task: Startup of the UMDF reflector
  Level: Information
  Opcode: Info
  Keyword: N/A
  User: S-1-5-18
  User Name: NT AUTHORITY\SYSTEM
  Computer: DESKTOP-NGQE08I
  Description: 
WUDFPf (part of UMDF) did not load yet. After it does, Windows will start the device again.

Event[230]:
  Log Name: System
  Source: Microsoft-Windows-Kernel-PnP
  Date: 2017-06-01T14:43:47.908
  Event ID: 219
  Task: N/A
  Level: Warning
  Opcode: Info
  Keyword: N/A
  User: S-1-5-18
  User Name: NT AUTHORITY\SYSTEM
  Computer: DESKTOP-NGQE08I
  Description: 
The driver \Driver\WudfRd failed to load for the device SWD\WPDBUSENUM\_??_USBSTOR#Disk&Ven_SanDisk&Prod_Extreme&Rev_0001#AA011024120029355045&0#{53f56307-b6bf-11d0-94f2-00a0c91efb8b}.

Event[231]:
  Log Name: System
  Source: Microsoft-Windows-Time-Service
  Date: 2017-06-01T14:43:47.935
  Event ID: 37
  Task: N/A
  Level: Information
  Opcode: Info
  Keyword: N/A
  User: S-1-5-19
  User Name: NT AUTHORITY\LOCAL SERVICE
  Computer: DESKTOP-NGQE08I
  Description: 
The time provider NtpClient is currently receiving valid time data from time.windows.com,0x9 (ntp.m|0x9|0.0.0.0:123->13.79.239.69:123).

Event[232]:
  Log Name: System
  Source: Microsoft-Windows-FilterManager
  Date: 2017-06-01T14:43:47.948
  Event ID: 6
  Task: N/A
  Level: Information
  Opcode: Info
  Keyword: N/A
  User: S-1-5-18
  User Name: NT AUTHORITY\SYSTEM
  Computer: DESKTOP-NGQE08I
  Description: 
File System Filter 'luafv' (10.0, ?2037?-?06?-?08T10:55:59.000000000Z) has successfully loaded and registered with Filter Manager.

Event[233]:
  Log Name: System
  Source: Service Control Manager
  Date: 2017-06-01T14:43:47.952
  Event ID: 7000
  Task: N/A
  Level: Error
  Opcode: N/A
  Keyword: Classic
  User: N/A
  User Name: N/A
  Computer: DESKTOP-NGQE08I
  Description: 
The CldFlt service failed to start due to the following error: 
The request is not supported.

Event[234]:
  Log Name: System
  Source: Microsoft-Windows-FilterManager
  Date: 2017-06-01T14:43:47.960
  Event ID: 6
  Task: N/A
  Level: Information
  Opcode: Info
  Keyword: N/A
  User: S-1-5-18
  User Name: NT AUTHORITY\SYSTEM
  Computer: DESKTOP-NGQE08I
  Description: 
File System Filter 'storqosflt' (10.0, ?2015?-?12?-?18T04:36:27.000000000Z) has successfully loaded and registered with Filter Manager.

Event[235]:
  Log Name: System
  Source: Service Control Manager
  Date: 2017-06-01T14:43:48.296
  Event ID: 7026
  Task: N/A
  Level: Information
  Opcode: N/A
  Keyword: Classic
  User: N/A
  User Name: N/A
  Computer: DESKTOP-NGQE08I
  Description: 
The following boot-start or system-start driver(s) did not load: 
dam
EhStorClass

Event[236]:
  Log Name: System
  Source: Microsoft-Windows-Kernel-General
  Date: 2017-06-01T14:43:50.069
  Event ID: 1
  Task: N/A
  Level: Information
  Opcode: Info
  Keyword: Time
  User: S-1-5-18
  User Name: NT AUTHORITY\SYSTEM
  Computer: DESKTOP-NGQE08I
  Description: 
The system time has changed to ?2017?-?06?-?01T13:43:50.067269000Z from ?2017?-?06?-?01T13:43:50.067269000Z.

Change Reason: System time adjusted to the new time zone.

Event[237]:
  Log Name: System
  Source: Microsoft-Windows-Time-Service
  Date: 2017-06-01T14:43:50.786
  Event ID: 35
  Task: N/A
  Level: Information
  Opcode: Info
  Keyword: N/A
  User: S-1-5-19
  User Name: NT AUTHORITY\LOCAL SERVICE
  Computer: DESKTOP-NGQE08I
  Description: 
The time service is now synchronizing the system time with the time source time.windows.com,0x9 (ntp.m|0x9|0.0.0.0:123->13.79.239.69:123).

Event[238]:
  Log Name: System
  Source: Microsoft-Windows-Kernel-General
  Date: 2017-06-01T14:43:50.785
  Event ID: 1
  Task: N/A
  Level: Information
  Opcode: Info
  Keyword: Time
  User: S-1-5-19
  User Name: NT AUTHORITY\LOCAL SERVICE
  Computer: DESKTOP-NGQE08I
  Description: 
The system time has changed to ?2017?-?06?-?01T13:43:50.786000000Z from ?2017?-?06?-?01T13:43:50.786817400Z.

Change Reason: An application or system component changed the time.

Event[239]:
  Log Name: System
  Source: Service Control Manager
  Date: 2017-06-01T14:43:51.425
  Event ID: 7045
  Task: N/A
  Level: Information
  Opcode: N/A
  Keyword: Classic
  User: S-1-5-18
  User Name: NT AUTHORITY\SYSTEM
  Computer: DESKTOP-NGQE08I
  Description: 
A service was installed in the system.

Service Name:  Microsoft Tunnel Miniport Adapter Driver
Service File Name:  \SystemRoot\System32\drivers\tunnel.sys
Service Type:  kernel mode driver
Service Start Type:  demand start
Service Account:  

Event[240]:
  Log Name: System
  Source: Microsoft-Windows-UserPnp
  Date: 2017-06-01T14:43:51.443
  Event ID: 20001
  Task: N/A
  Level: Information
  Opcode: Info
  Keyword: N/A
  User: S-1-5-18
  User Name: NT AUTHORITY\SYSTEM
  Computer: DESKTOP-NGQE08I
  Description: 
Driver Management concluded the process to install driver nettun.inf_amd64_837305602f93b1b9\nettun.inf for Device Instance ID SWD\IP_TUNNEL_VBUS\TEREDO_TUNNEL_DEVICE with the following status: 0x0.

Event[241]:
  Log Name: System
  Source: Microsoft-Windows-GroupPolicy
  Date: 2017-06-01T14:43:51.767
  Event ID: 1500
  Task: N/A
  Level: Information
  Opcode: Start
  Keyword: N/A
  User: S-1-5-18
  User Name: NT AUTHORITY\SYSTEM
  Computer: DESKTOP-NGQE08I
  Description: 
The Group Policy settings for the computer were processed successfully. There were no changes detected since the last successful processing of Group Policy.

Event[242]:
  Log Name: System
  Source: Microsoft-Windows-Winlogon
  Date: 2017-06-01T14:43:51.967
  Event ID: 7001
  Task: N/A
  Level: Information
  Opcode: Info
  Keyword: N/A
  User: S-1-5-18
  User Name: NT AUTHORITY\SYSTEM
  Computer: DESKTOP-NGQE08I
  Description: 
User Log-on Notification for Customer Experience Improvement Program

Event[243]:
  Log Name: System
  Source: Microsoft-Windows-GroupPolicy
  Date: 2017-06-01T14:43:52.123
  Event ID: 1501
  Task: N/A
  Level: Information
  Opcode: Start
  Keyword: N/A
  User: S-1-5-21-1441030301-2801777419-3013317047-1000
  User Name: N/A
  Computer: DESKTOP-NGQE08I
  Description: 
The Group Policy settings for the user were processed successfully. There were no changes detected since the last successful processing of Group Policy.

Event[244]:
  Log Name: System
  Source: Microsoft-Windows-Kernel-General
  Date: 2017-06-01T14:43:53.644
  Event ID: 16
  Task: N/A
  Level: Information
  Opcode: Info
  Keyword: N/A
  User: S-1-5-21-1441030301-2801777419-3013317047-1000
  User Name: N/A
  Computer: DESKTOP-NGQE08I
  Description: 
The access history in hive \??\C:\Users\defaultuser0\AppData\Local\Packages\Microsoft.Windows.CloudExperienceHost_cw5n1h2txyewy\Settings\settings.dat was cleared updating 3 keys and creating 1 modified pages.

Event[245]:
  Log Name: System
  Source: Microsoft-Windows-TPM-WMI
  Date: 2017-06-01T14:43:53.920
  Event ID: 1281
  Task: N/A
  Level: Information
  Opcode: Info
  Keyword: N/A
  User: S-1-5-18
  User Name: NT AUTHORITY\SYSTEM
  Computer: DESKTOP-NGQE08I
  Description: 
This event triggers the TBS device identifier generation.

Event[246]:
  Log Name: System
  Source: Microsoft-Windows-Kernel-General
  Date: 2017-06-01T14:43:54.010
  Event ID: 16
  Task: N/A
  Level: Information
  Opcode: Info
  Keyword: N/A
  User: S-1-5-21-1441030301-2801777419-3013317047-1000
  User Name: N/A
  Computer: DESKTOP-NGQE08I
  Description: 
The access history in hive \??\C:\Users\defaultuser0\AppData\Local\Packages\Microsoft.Windows.ContentDeliveryManager_cw5n1h2txyewy\Settings\settings.dat was cleared updating 3 keys and creating 1 modified pages.

Event[247]:
  Log Name: System
  Source: Lfsvc
  Date: 2017-06-01T14:43:55.085
  Event ID: 1
  Task: N/A
  Level: Information
  Opcode: Info
  Keyword: Classic
  User: N/A
  User Name: N/A
  Computer: DESKTOP-NGQE08I
  Description: 
Geolocation positioning is enabled.

Event[248]:
  Log Name: System
  Source: Microsoft-Windows-TPM-WMI
  Date: 2017-06-01T14:43:55.026
  Event ID: 1282
  Task: N/A
  Level: Information
  Opcode: Info
  Keyword: N/A
  User: S-1-5-18
  User Name: NT AUTHORITY\SYSTEM
  Computer: DESKTOP-NGQE08I
  Description: 
The TBS device identifier has been generated.

Event[249]:
  Log Name: System
  Source: Service Control Manager
  Date: 2017-06-01T14:44:53.601
  Event ID: 7040
  Task: N/A
  Level: Information
  Opcode: N/A
  Keyword: Classic
  User: S-1-5-18
  User Name: NT AUTHORITY\SYSTEM
  Computer: DESKTOP-NGQE08I
  Description: 
The start type of the Background Intelligent Transfer Service service was changed from demand start to auto start.

Event[250]:
  Log Name: System
  Source: Microsoft-Windows-DistributedCOM
  Date: 2017-06-01T14:45:05.583
  Event ID: 10016
  Task: N/A
  Level: Error
  Opcode: Info
  Keyword: Classic
  User: S-1-5-18
  User Name: NT AUTHORITY\SYSTEM
  Computer: DESKTOP-NGQE08I
  Description: 
The application-specific permission settings do not grant Local Activation permission for the COM Server application with CLSID 
{D63B10C5-BB46-4990-A94F-E40B9D520160}
 and APPID 
{9CA88EE3-ACB7-47C8-AFC4-AB702511C276}
 to the user NT AUTHORITY\SYSTEM SID (S-1-5-18) from address LocalHost (Using LRPC) running in the application container Unavailable SID (Unavailable). This security permission can be modified using the Component Services administrative tool.

Event[251]:
  Log Name: System
  Source: Microsoft-Windows-Kernel-General
  Date: 2017-06-01T14:45:14.027
  Event ID: 16
  Task: N/A
  Level: Information
  Opcode: Info
  Keyword: N/A
  User: S-1-5-21-1441030301-2801777419-3013317047-1000
  User Name: N/A
  Computer: DESKTOP-NGQE08I
  Description: 
The access history in hive \??\C:\ProgramData\Microsoft\Provisioning\Microsoft-Desktop-Provisioning-Sequence.dat was cleared updating 0 keys and creating 0 modified pages.

Event[252]:
  Log Name: System
  Source: Service Control Manager
  Date: 2017-06-01T14:45:17.761
  Event ID: 7045
  Task: N/A
  Level: Information
  Opcode: N/A
  Keyword: Classic
  User: S-1-5-18
  User Name: NT AUTHORITY\SYSTEM
  Computer: DESKTOP-NGQE08I
  Description: 
A service was installed in the system.

Service Name:  Printer Extensions and Notifications
Service File Name:  %SystemRoot%\system32\svchost.exe -k print
Service Type:  user mode service
Service Start Type:  demand start
Service Account:  LocalSystem

Event[253]:
  Log Name: System
  Source: Service Control Manager
  Date: 2017-06-01T14:45:17.761
  Event ID: 7030
  Task: N/A
  Level: Error
  Opcode: N/A
  Keyword: Classic
  User: N/A
  User Name: N/A
  Computer: DESKTOP-NGQE08I
  Description: 
The Printer Extensions and Notifications service is marked as an interactive service. However, the system is configured to not allow interactive services. This service may not function properly.

Event[254]:
  Log Name: System
  Source: Service Control Manager
  Date: 2017-06-01T14:46:39.455
  Event ID: 7045
  Task: N/A
  Level: Information
  Opcode: N/A
  Keyword: Classic
  User: S-1-5-18
  User Name: NT AUTHORITY\SYSTEM
  Computer: DESKTOP-NGQE08I
  Description: 
A service was installed in the system.

Service Name:  Sound Blaster Audio Controller Driver
Service File Name:  \SystemRoot\system32\DRIVERS\cthdb.sys
Service Type:  kernel mode driver
Service Start Type:  demand start
Service Account:  

Event[255]:
  Log Name: System
  Source: Microsoft-Windows-UserPnp
  Date: 2017-06-01T14:46:39.459
  Event ID: 20003
  Task: N/A
  Level: Information
  Opcode: Info
  Keyword: N/A
  User: S-1-5-18
  User Name: NT AUTHORITY\SYSTEM
  Computer: DESKTOP-NGQE08I
  Description: 
Driver Management has concluded the process to add Service cthdb for Device Instance ID PCI\VEN_1102&DEV_0012&SUBSYS_00231102&REV_01\4&55FC86E&0&00E7 with the following status: 0.

Event[256]:
  Log Name: System
  Source: Microsoft-Windows-UserPnp
  Date: 2017-06-01T14:46:39.462
  Event ID: 20003
  Task: N/A
  Level: Information
  Opcode: Info
  Keyword: N/A
  User: S-1-5-18
  User Name: NT AUTHORITY\SYSTEM
  Computer: DESKTOP-NGQE08I
  Description: 
Driver Management has concluded the process to add Service HDAudBus for Device Instance ID PCI\VEN_1102&DEV_0012&SUBSYS_00231102&REV_01\4&55FC86E&0&00E7 with the following status: 0.

Event[257]:
  Log Name: System
  Source: Microsoft-Windows-Kernel-PnP
  Date: 2017-06-01T14:46:39.526
  Event ID: 225
  Task: N/A
  Level: Warning
  Opcode: Info
  Keyword: N/A
  User: S-1-5-18
  User Name: NT AUTHORITY\SYSTEM
  Computer: DESKTOP-NGQE08I
  Description: 
The application \Device\HarddiskVolume4\Windows\System32\audiodg.exe with process id 1496 stopped the removal or ejection for the device PCI\VEN_1102&DEV_0012&SUBSYS_00231102&REV_01\4&55fc86e&0&00E7.

Event[258]:
  Log Name: System
  Source: Microsoft-Windows-UserPnp
  Date: 2017-06-01T14:46:39.785
  Event ID: 20001
  Task: N/A
  Level: Information
  Opcode: Info
  Keyword: N/A
  User: S-1-5-18
  User Name: NT AUTHORITY\SYSTEM
  Computer: DESKTOP-NGQE08I
  Description: 
Driver Management concluded the process to install driver cthda.inf_amd64_ace4ed8a0528f3d4\cthda.inf for Device Instance ID PCI\VEN_1102&DEV_0012&SUBSYS_00231102&REV_01\4&55FC86E&0&00E7 with the following status: 0x0.

Event[259]:
  Log Name: System
  Source: Microsoft-Windows-WindowsUpdateClient
  Date: 2017-06-01T14:46:39.875
  Event ID: 44
  Task: Windows Update Agent
  Level: Information
  Opcode: Download
  Keyword: Download,Started
  User: S-1-5-18
  User Name: NT AUTHORITY\SYSTEM
  Computer: DESKTOP-NGQE08I
  Description: 
Windows Update started downloading an update.

Event[260]:
  Log Name: System
  Source: Microsoft-Windows-WindowsUpdateClient
  Date: 2017-06-01T14:46:39.875
  Event ID: 43
  Task: Windows Update Agent
  Level: Information
  Opcode: Installation
  Keyword: Installation,Started
  User: S-1-5-18
  User Name: NT AUTHORITY\SYSTEM
  Computer: DESKTOP-NGQE08I
  Description: 
Installation Started: Windows has started installing the following update: CREATIVE - MEDIA - 12/20/2016 12:00:00 AM - 6.0.102.50

Event[261]:
  Log Name: System
  Source: Microsoft-Windows-WindowsUpdateClient
  Date: 2017-06-01T14:46:39.875
  Event ID: 19
  Task: Windows Update Agent
  Level: Information
  Opcode: Installation
  Keyword: Installation,Success
  User: S-1-5-18
  User Name: NT AUTHORITY\SYSTEM
  Computer: DESKTOP-NGQE08I
  Description: 
Installation Successful: Windows successfully installed the following update: CREATIVE - MEDIA - 12/20/2016 12:00:00 AM - 6.0.102.50

Event[262]:
  Log Name: System
  Source: Microsoft-Windows-WindowsUpdateClient
  Date: 2017-06-01T14:46:44.770
  Event ID: 44
  Task: Windows Update Agent
  Level: Information
  Opcode: Download
  Keyword: Download,Started
  User: S-1-5-18
  User Name: NT AUTHORITY\SYSTEM
  Computer: DESKTOP-NGQE08I
  Description: 
Windows Update started downloading an update.

Event[263]:
  Log Name: System
  Source: Microsoft-Windows-WindowsUpdateClient
  Date: 2017-06-01T14:46:44.969
  Event ID: 43
  Task: Windows Update Agent
  Level: Information
  Opcode: Installation
  Keyword: Installation,Started
  User: S-1-5-18
  User Name: NT AUTHORITY\SYSTEM
  Computer: DESKTOP-NGQE08I
  Description: 
Installation Started: Windows has started installing the following update: Intel - Other hardware - Intel(R) Xeon(R) E7 v3/Xeon(R) E5 v3/Core i7 Power Control Unit - 2F99

Event[264]:
  Log Name: System
  Source: Microsoft-Windows-UserPnp
  Date: 2017-06-01T14:46:45.737
  Event ID: 20001
  Task: N/A
  Level: Information
  Opcode: Info
  Keyword: N/A
  User: S-1-5-18
  User Name: NT AUTHORITY\SYSTEM
  Computer: DESKTOP-NGQE08I
  Description: 
Driver Management concluded the process to install driver haswellesystem.inf_amd64_1e60b252821b6945\haswellesystem.inf for Device Instance ID PCI\VEN_8086&DEV_2F99&SUBSYS_2F998086&REV_02\3&103A9D54&0&F1 with the following status: 0x0.

Event[265]:
  Log Name: System
  Source: Microsoft-Windows-WindowsUpdateClient
  Date: 2017-06-01T14:46:45.827
  Event ID: 19
  Task: Windows Update Agent
  Level: Information
  Opcode: Installation
  Keyword: Installation,Success
  User: S-1-5-18
  User Name: NT AUTHORITY\SYSTEM
  Computer: DESKTOP-NGQE08I
  Description: 
Installation Successful: Windows successfully installed the following update: Intel - Other hardware - Intel(R) Xeon(R) E7 v3/Xeon(R) E5 v3/Core i7 Power Control Unit - 2F99

Event[266]:
  Log Name: System
  Source: Service Control Manager
  Date: 2017-06-01T14:47:20.723
  Event ID: 7040
  Task: N/A
  Level: Information
  Opcode: N/A
  Keyword: Classic
  User: S-1-5-18
  User Name: NT AUTHORITY\SYSTEM
  Computer: DESKTOP-NGQE08I
  Description: 
The start type of the Background Intelligent Transfer Service service was changed from auto start to demand start.

Event[267]:
  Log Name: System
  Source: Microsoft-Windows-WindowsUpdateClient
  Date: 2017-06-01T14:48:51.190
  Event ID: 43
  Task: Windows Update Agent
  Level: Information
  Opcode: Installation
  Keyword: Installation,Started
  User: S-1-5-18
  User Name: NT AUTHORITY\SYSTEM
  Computer: DESKTOP-NGQE08I
  Description: 
Installation Started: Windows has started installing the following update: Intel - Other hardware - Intel(R) Xeon(R) E7 v3/Xeon(R) E5 v3/Core i7 DDRIO Channel 0/1 Broadcast - 2FAE

Event[268]:
  Log Name: System
  Source: Microsoft-Windows-UserPnp
  Date: 2017-06-01T14:48:51.720
  Event ID: 20001
  Task: N/A
  Level: Information
  Opcode: Info
  Keyword: N/A
  User: S-1-5-18
  User Name: NT AUTHORITY\SYSTEM
  Computer: DESKTOP-NGQE08I
  Description: 
Driver Management concluded the process to install driver haswellesystem.inf_amd64_1e60b252821b6945\haswellesystem.inf for Device Instance ID PCI\VEN_8086&DEV_2FAE&SUBSYS_00000000&REV_02\3&103A9D54&0&9E with the following status: 0x0.

Event[269]:
  Log Name: System
  Source: Microsoft-Windows-WindowsUpdateClient
  Date: 2017-06-01T14:48:51.775
  Event ID: 19
  Task: Windows Update Agent
  Level: Information
  Opcode: Installation
  Keyword: Installation,Success
  User: S-1-5-18
  User Name: NT AUTHORITY\SYSTEM
  Computer: DESKTOP-NGQE08I
  Description: 
Installation Successful: Windows successfully installed the following update: Intel - Other hardware - Intel(R) Xeon(R) E7 v3/Xeon(R) E5 v3/Core i7 DDRIO Channel 0/1 Broadcast - 2FAE

Event[270]:
  Log Name: System
  Source: Microsoft-Windows-Winlogon
  Date: 2017-06-01T14:50:54.510
  Event ID: 7002
  Task: N/A
  Level: Information
  Opcode: Info
  Keyword: N/A
  User: S-1-5-18
  User Name: NT AUTHORITY\SYSTEM
  Computer: DESKTOP-NGQE08I
  Description: 
User Log-off Notification for Customer Experience Improvement Program

Event[271]:
  Log Name: System
  Source: Microsoft-Windows-Winlogon
  Date: 2017-06-01T14:50:54.886
  Event ID: 7001
  Task: N/A
  Level: Information
  Opcode: Info
  Keyword: N/A
  User: S-1-5-18
  User Name: NT AUTHORITY\SYSTEM
  Computer: DESKTOP-NGQE08I
  Description: 
User Log-on Notification for Customer Experience Improvement Program

Event[272]:
  Log Name: System
  Source: Microsoft-Windows-GroupPolicy
  Date: 2017-06-01T14:50:55.022
  Event ID: 1501
  Task: N/A
  Level: Information
  Opcode: Start
  Keyword: N/A
  User: S-1-5-21-1441030301-2801777419-3013317047-1001
  User Name: DESKTOP-NGQE08I\organ
  Computer: DESKTOP-NGQE08I
  Description: 
The Group Policy settings for the user were processed successfully. There were no changes detected since the last successful processing of Group Policy.

Event[273]:
  Log Name: System
  Source: Microsoft-Windows-Kernel-General
  Date: 2017-06-01T14:50:55.612
  Event ID: 16
  Task: N/A
  Level: Information
  Opcode: Info
  Keyword: N/A
  User: S-1-5-21-1441030301-2801777419-3013317047-1001
  User Name: DESKTOP-NGQE08I\organ
  Computer: DESKTOP-NGQE08I
  Description: 
The access history in hive \??\C:\Users\organ\AppData\Local\Packages\Microsoft.Windows.CloudExperienceHost_cw5n1h2txyewy\Settings\settings.dat was cleared updating 3 keys and creating 1 modified pages.

Event[274]:
  Log Name: System
  Source: Microsoft-Windows-Kernel-General
  Date: 2017-06-01T14:50:56.732
  Event ID: 16
  Task: N/A
  Level: Information
  Opcode: Info
  Keyword: N/A
  User: S-1-5-21-1441030301-2801777419-3013317047-1001
  User Name: DESKTOP-NGQE08I\organ
  Computer: DESKTOP-NGQE08I
  Description: 
The access history in hive \??\C:\Users\organ\AppData\Local\Packages\Microsoft.Windows.ContentDeliveryManager_cw5n1h2txyewy\Settings\settings.dat was cleared updating 3 keys and creating 1 modified pages.

Event[275]:
  Log Name: System
  Source: Microsoft-Windows-Kernel-General
  Date: 2017-06-01T14:50:57.223
  Event ID: 16
  Task: N/A
  Level: Information
  Opcode: Info
  Keyword: N/A
  User: S-1-5-21-1441030301-2801777419-3013317047-1001
  User Name: DESKTOP-NGQE08I\organ
  Computer: DESKTOP-NGQE08I
  Description: 
The access history in hive \??\C:\Users\organ\AppData\Local\Packages\Microsoft.Windows.ShellExperienceHost_cw5n1h2txyewy\Settings\settings.dat was cleared updating 3 keys and creating 1 modified pages.

Event[276]:
  Log Name: System
  Source: Microsoft-Windows-Kernel-General
  Date: 2017-06-01T14:50:57.243
  Event ID: 16
  Task: N/A
  Level: Information
  Opcode: Info
  Keyword: N/A
  User: S-1-5-21-1441030301-2801777419-3013317047-1001
  User Name: DESKTOP-NGQE08I\organ
  Computer: DESKTOP-NGQE08I
  Description: 
The access history in hive \??\C:\Users\organ\AppData\Local\Packages\Microsoft.Windows.Cortana_cw5n1h2txyewy\Settings\settings.dat was cleared updating 3 keys and creating 1 modified pages.

Event[277]:
  Log Name: System
  Source: Microsoft-Windows-WindowsUpdateClient
  Date: 2017-06-01T14:50:57.444
  Event ID: 43
  Task: Windows Update Agent
  Level: Information
  Opcode: Installation
  Keyword: Installation,Started
  User: S-1-5-18
  User Name: NT AUTHORITY\SYSTEM
  Computer: DESKTOP-NGQE08I
  Description: 
Installation Started: Windows has started installing the following update: Intel - Other hardware - Intel(R) Xeon(R) E7 v3/Xeon(R) E5 v3/Core i7 DDRIO (VMSE) 2 & 3 - 2FBA

Event[278]:
  Log Name: System
  Source: Microsoft-Windows-UserPnp
  Date: 2017-06-01T14:50:57.842
  Event ID: 20001
  Task: N/A
  Level: Information
  Opcode: Info
  Keyword: N/A
  User: S-1-5-18
  User Name: NT AUTHORITY\SYSTEM
  Computer: DESKTOP-NGQE08I
  Description: 
Driver Management concluded the process to install driver haswellesystem.inf_amd64_1e60b252821b6945\haswellesystem.inf for Device Instance ID PCI\VEN_8086&DEV_2FBA&SUBSYS_00000000&REV_02\3&103A9D54&0&BE with the following status: 0x0.

Event[279]:
  Log Name: System
  Source: Microsoft-Windows-WindowsUpdateClient
  Date: 2017-06-01T14:50:57.913
  Event ID: 19
  Task: Windows Update Agent
  Level: Information
  Opcode: Installation
  Keyword: Installation,Success
  User: S-1-5-18
  User Name: NT AUTHORITY\SYSTEM
  Computer: DESKTOP-NGQE08I
  Description: 
Installation Successful: Windows successfully installed the following update: Intel - Other hardware - Intel(R) Xeon(R) E7 v3/Xeon(R) E5 v3/Core i7 DDRIO (VMSE) 2 & 3 - 2FBA

Event[280]:
  Log Name: System
  Source: Microsoft-Windows-Kernel-General
  Date: 2017-06-01T14:52:00.453
  Event ID: 16
  Task: N/A
  Level: Information
  Opcode: Info
  Keyword: N/A
  User: S-1-5-21-1441030301-2801777419-3013317047-1001
  User Name: DESKTOP-NGQE08I\organ
  Computer: DESKTOP-NGQE08I
  Description: 
The access history in hive \??\C:\Users\organ\AppData\Local\Packages\Microsoft.AAD.BrokerPlugin_cw5n1h2txyewy\Settings\settings.dat was cleared updating 3 keys and creating 1 modified pages.

Event[281]:
  Log Name: System
  Source: Microsoft-Windows-Kernel-General
  Date: 2017-06-01T14:52:00.461
  Event ID: 16
  Task: N/A
  Level: Information
  Opcode: Info
  Keyword: N/A
  User: S-1-5-21-1441030301-2801777419-3013317047-1001
  User Name: DESKTOP-NGQE08I\organ
  Computer: DESKTOP-NGQE08I
  Description: 
The access history in hive \??\C:\Users\organ\AppData\Local\Packages\Microsoft.AAD.BrokerPlugin_cw5n1h2txyewy\Settings\settings.dat was cleared updating 2 keys and creating 1 modified pages.

Event[282]:
  Log Name: System
  Source: Microsoft-Windows-Kernel-General
  Date: 2017-06-01T14:52:01.528
  Event ID: 16
  Task: N/A
  Level: Information
  Opcode: Info
  Keyword: N/A
  User: S-1-5-21-1441030301-2801777419-3013317047-1001
  User Name: DESKTOP-NGQE08I\organ
  Computer: DESKTOP-NGQE08I
  Description: 
The access history in hive \??\C:\Users\organ\AppData\Local\Packages\Microsoft.MicrosoftEdge_8wekyb3d8bbwe\Settings\settings.dat was cleared updating 3 keys and creating 1 modified pages.

Event[283]:
  Log Name: System
  Source: Microsoft-Windows-Kernel-General
  Date: 2017-06-01T14:52:01.559
  Event ID: 16
  Task: N/A
  Level: Information
  Opcode: Info
  Keyword: N/A
  User: S-1-5-21-1441030301-2801777419-3013317047-1001
  User Name: DESKTOP-NGQE08I\organ
  Computer: DESKTOP-NGQE08I
  Description: 
The access history in hive \??\C:\Users\organ\AppData\Local\Packages\Microsoft.Windows.Photos_8wekyb3d8bbwe\Settings\settings.dat was cleared updating 3 keys and creating 1 modified pages.

Event[284]:
  Log Name: System
  Source: Microsoft-Windows-Kernel-General
  Date: 2017-06-01T14:52:01.620
  Event ID: 16
  Task: N/A
  Level: Information
  Opcode: Info
  Keyword: N/A
  User: S-1-5-21-1441030301-2801777419-3013317047-1001
  User Name: DESKTOP-NGQE08I\organ
  Computer: DESKTOP-NGQE08I
  Description: 
The access history in hive \??\C:\Users\organ\AppData\Local\Packages\Microsoft.WindowsCamera_8wekyb3d8bbwe\Settings\settings.dat was cleared updating 3 keys and creating 1 modified pages.

Event[285]:
  Log Name: System
  Source: Microsoft-Windows-Kernel-General
  Date: 2017-06-01T14:52:01.656
  Event ID: 16
  Task: N/A
  Level: Information
  Opcode: Info
  Keyword: N/A
  User: S-1-5-21-1441030301-2801777419-3013317047-1001
  User Name: DESKTOP-NGQE08I\organ
  Computer: DESKTOP-NGQE08I
  Description: 
The access history in hive \??\C:\Users\organ\AppData\Local\Packages\microsoft.windowscommunicationsapps_8wekyb3d8bbwe\Settings\settings.dat was cleared updating 3 keys and creating 1 modified pages.

Event[286]:
  Log Name: System
  Source: Microsoft-Windows-Kernel-General
  Date: 2017-06-01T14:52:01.687
  Event ID: 16
  Task: N/A
  Level: Information
  Opcode: Info
  Keyword: N/A
  User: S-1-5-21-1441030301-2801777419-3013317047-1001
  User Name: DESKTOP-NGQE08I\organ
  Computer: DESKTOP-NGQE08I
  Description: 
The access history in hive \??\C:\Users\organ\AppData\Local\Packages\Microsoft.WindowsStore_8wekyb3d8bbwe\Settings\settings.dat was cleared updating 3 keys and creating 1 modified pages.

Event[287]:
  Log Name: System
  Source: Microsoft-Windows-Kernel-General
  Date: 2017-06-01T14:52:01.734
  Event ID: 16
  Task: N/A
  Level: Information
  Opcode: Info
  Keyword: N/A
  User: S-1-5-21-1441030301-2801777419-3013317047-1001
  User Name: DESKTOP-NGQE08I\organ
  Computer: DESKTOP-NGQE08I
  Description: 
The access history in hive \??\C:\Users\organ\AppData\Local\Packages\Microsoft.XboxIdentityProvider_8wekyb3d8bbwe\Settings\settings.dat was cleared updating 3 keys and creating 1 modified pages.

Event[288]:
  Log Name: System
  Source: Microsoft-Windows-Kernel-General
  Date: 2017-06-01T14:52:01.758
  Event ID: 16
  Task: N/A
  Level: Information
  Opcode: Info
  Keyword: N/A
  User: S-1-5-21-1441030301-2801777419-3013317047-1001
  User Name: DESKTOP-NGQE08I\organ
  Computer: DESKTOP-NGQE08I
  Description: 
The access history in hive \??\C:\Users\organ\AppData\Local\Packages\windows.immersivecontrolpanel_cw5n1h2txyewy\Settings\settings.dat was cleared updating 3 keys and creating 1 modified pages.

Event[289]:
  Log Name: System
  Source: Service Control Manager
  Date: 2017-06-01T14:52:17.718
  Event ID: 7040
  Task: N/A
  Level: Information
  Opcode: N/A
  Keyword: Classic
  User: S-1-5-18
  User Name: NT AUTHORITY\SYSTEM
  Computer: DESKTOP-NGQE08I
  Description: 
The start type of the Background Intelligent Transfer Service service was changed from demand start to auto start.

Event[290]:
  Log Name: System
  Source: storahci
  Date: 2017-06-01T14:53:38.019
  Event ID: 129
  Task: N/A
  Level: Warning
  Opcode: N/A
  Keyword: Classic
  User: N/A
  User Name: N/A
  Computer: DESKTOP-NGQE08I
  Description: 
Reset to device, \Device\RaidPort2, was issued.

Event[291]:
  Log Name: System
  Source: Microsoft-Windows-WindowsUpdateClient
  Date: 2017-06-01T14:53:38.489
  Event ID: 43
  Task: Windows Update Agent
  Level: Information
  Opcode: Installation
  Keyword: Installation,Started
  User: S-1-5-18
  User Name: NT AUTHORITY\SYSTEM
  Computer: DESKTOP-NGQE08I
  Description: 
Installation Started: Windows has started installing the following update: Intel - Other hardware - Intel(R) Xeon(R) E7 v3/Xeon(R) E5 v3/Core i7 Integrated Memory Controller 0 Channel 2 Thermal Control - 2FB4

Event[292]:
  Log Name: System
  Source: Microsoft-Windows-Ntfs
  Date: 2017-06-01T14:53:38.586
  Event ID: 98
  Task: N/A
  Level: Information
  Opcode: Info
  Keyword: N/A
  User: S-1-5-18
  User Name: NT AUTHORITY\SYSTEM
  Computer: DESKTOP-NGQE08I
  Description: 
Volume ?? (\Device\HarddiskVolumeShadowCopy1) is healthy.  No action is needed.

Event[293]:
  Log Name: System
  Source: Microsoft-Windows-UserPnp
  Date: 2017-06-01T14:53:39.131
  Event ID: 20001
  Task: N/A
  Level: Information
  Opcode: Info
  Keyword: N/A
  User: S-1-5-18
  User Name: NT AUTHORITY\SYSTEM
  Computer: DESKTOP-NGQE08I
  Description: 
Driver Management concluded the process to install driver haswellesystem.inf_amd64_1e60b252821b6945\haswellesystem.inf for Device Instance ID PCI\VEN_8086&DEV_2FB4&SUBSYS_2FB48086&REV_02\3&103A9D54&0&A8 with the following status: 0x0.

Event[294]:
  Log Name: System
  Source: Microsoft-Windows-WindowsUpdateClient
  Date: 2017-06-01T14:53:39.202
  Event ID: 19
  Task: Windows Update Agent
  Level: Information
  Opcode: Installation
  Keyword: Installation,Success
  User: S-1-5-18
  User Name: NT AUTHORITY\SYSTEM
  Computer: DESKTOP-NGQE08I
  Description: 
Installation Successful: Windows successfully installed the following update: Intel - Other hardware - Intel(R) Xeon(R) E7 v3/Xeon(R) E5 v3/Core i7 Integrated Memory Controller 0 Channel 2 Thermal Control - 2FB4

Event[295]:
  Log Name: System
  Source: Service Control Manager
  Date: 2017-06-01T14:54:19.801
  Event ID: 7040
  Task: N/A
  Level: Information
  Opcode: N/A
  Keyword: Classic
  User: S-1-5-18
  User Name: NT AUTHORITY\SYSTEM
  Computer: DESKTOP-NGQE08I
  Description: 
The start type of the Background Intelligent Transfer Service service was changed from auto start to demand start.

Event[296]:
  Log Name: System
  Source: Microsoft-Windows-UserPnp
  Date: 2017-06-01T14:59:17.048
  Event ID: 20001
  Task: N/A
  Level: Information
  Opcode: Info
  Keyword: N/A
  User: S-1-5-18
  User Name: NT AUTHORITY\SYSTEM
  Computer: DESKTOP-NGQE08I
  Description: 
Driver Management concluded the process to install driver haswellesystem.inf_amd64_8c3b192712fbc4ae\haswellesystem.inf for Device Instance ID PCI\VEN_8086&DEV_2F02&SUBSYS_00008086&REV_02\3&11583659&0&08 with the following status: 0x0.

Event[297]:
  Log Name: System
  Source: Microsoft-Windows-Kernel-PnP
  Date: 2017-06-01T14:59:17.373
  Event ID: 225
  Task: N/A
  Level: Warning
  Opcode: Info
  Keyword: N/A
  User: S-1-5-18
  User Name: NT AUTHORITY\SYSTEM
  Computer: DESKTOP-NGQE08I
  Description: 
The application System with process id 4 stopped the removal or ejection for the device PCI\VEN_8086&DEV_2F03&SUBSYS_00008086&REV_02\3&11583659&0&09.

Event[298]:
  Log Name: System
  Source: Microsoft-Windows-Kernel-PnP
  Date: 2017-06-01T14:59:17.373
  Event ID: 225
  Task: N/A
  Level: Warning
  Opcode: Info
  Keyword: N/A
  User: S-1-5-18
  User Name: NT AUTHORITY\SYSTEM
  Computer: DESKTOP-NGQE08I
  Description: 
The application \Device\HarddiskVolume4\Windows\System32\svchost.exe with process id 100 stopped the removal or ejection for the device PCI\VEN_8086&DEV_2F03&SUBSYS_00008086&REV_02\3&11583659&0&09.

Event[299]:
  Log Name: System
  Source: Microsoft-Windows-Kernel-PnP
  Date: 2017-06-01T14:59:17.373
  Event ID: 225
  Task: N/A
  Level: Warning
  Opcode: Info
  Keyword: N/A
  User: S-1-5-18
  User Name: NT AUTHORITY\SYSTEM
  Computer: DESKTOP-NGQE08I
  Description: 
The application \Device\HarddiskVolume4\Windows\System32\svchost.exe with process id 108 stopped the removal or ejection for the device PCI\VEN_8086&DEV_2F03&SUBSYS_00008086&REV_02\3&11583659&0&09.

Event[300]:
  Log Name: System
  Source: Microsoft-Windows-Kernel-PnP
  Date: 2017-06-01T14:59:17.373
  Event ID: 225
  Task: N/A
  Level: Warning
  Opcode: Info
  Keyword: N/A
  User: S-1-5-18
  User Name: NT AUTHORITY\SYSTEM
  Computer: DESKTOP-NGQE08I
  Description: 
The application \Device\HarddiskVolume4\Windows\System32\smss.exe with process id 396 stopped the removal or ejection for the device PCI\VEN_8086&DEV_2F03&SUBSYS_00008086&REV_02\3&11583659&0&09.

Event[301]:
  Log Name: System
  Source: Microsoft-Windows-Kernel-PnP
  Date: 2017-06-01T14:59:17.373
  Event ID: 225
  Task: N/A
  Level: Warning
  Opcode: Info
  Keyword: N/A
  User: S-1-5-18
  User Name: NT AUTHORITY\SYSTEM
  Computer: DESKTOP-NGQE08I
  Description: 
The application \Device\HarddiskVolume4\Windows\System32\SettingSyncHost.exe with process id 416 stopped the removal or ejection for the device PCI\VEN_8086&DEV_2F03&SUBSYS_00008086&REV_02\3&11583659&0&09.

Event[302]:
  Log Name: System
  Source: Microsoft-Windows-Kernel-PnP
  Date: 2017-06-01T14:59:17.373
  Event ID: 225
  Task: N/A
  Level: Warning
  Opcode: Info
  Keyword: N/A
  User: S-1-5-18
  User Name: NT AUTHORITY\SYSTEM
  Computer: DESKTOP-NGQE08I
  Description: 
The application \Device\HarddiskVolume4\Windows\System32\svchost.exe with process id 444 stopped the removal or ejection for the device PCI\VEN_8086&DEV_2F03&SUBSYS_00008086&REV_02\3&11583659&0&09.

Event[303]:
  Log Name: System
  Source: Microsoft-Windows-Kernel-PnP
  Date: 2017-06-01T14:59:17.373
  Event ID: 225
  Task: N/A
  Level: Warning
  Opcode: Info
  Keyword: N/A
  User: S-1-5-18
  User Name: NT AUTHORITY\SYSTEM
  Computer: DESKTOP-NGQE08I
  Description: 
The application \Device\HarddiskVolume4\Windows\System32\csrss.exe with process id 520 stopped the removal or ejection for the device PCI\VEN_8086&DEV_2F03&SUBSYS_00008086&REV_02\3&11583659&0&09.

Event[304]:
  Log Name: System
  Source: Microsoft-Windows-Kernel-PnP
  Date: 2017-06-01T14:59:17.373
  Event ID: 225
  Task: N/A
  Level: Warning
  Opcode: Info
  Keyword: N/A
  User: S-1-5-18
  User Name: NT AUTHORITY\SYSTEM
  Computer: DESKTOP-NGQE08I
  Description: 
The application \Device\HarddiskVolume4\Windows\System32\wininit.exe with process id 600 stopped the removal or ejection for the device PCI\VEN_8086&DEV_2F03&SUBSYS_00008086&REV_02\3&11583659&0&09.

Event[305]:
  Log Name: System
  Source: Microsoft-Windows-Kernel-PnP
  Date: 2017-06-01T14:59:17.373
  Event ID: 225
  Task: N/A
  Level: Warning
  Opcode: Info
  Keyword: N/A
  User: S-1-5-18
  User Name: NT AUTHORITY\SYSTEM
  Computer: DESKTOP-NGQE08I
  Description: 
The application \Device\HarddiskVolume4\Windows\System32\taskhostw.exe with process id 668 stopped the removal or ejection for the device PCI\VEN_8086&DEV_2F03&SUBSYS_00008086&REV_02\3&11583659&0&09.

Event[306]:
  Log Name: System
  Source: Microsoft-Windows-Kernel-PnP
  Date: 2017-06-01T14:59:17.373
  Event ID: 225
  Task: N/A
  Level: Warning
  Opcode: Info
  Keyword: N/A
  User: S-1-5-18
  User Name: NT AUTHORITY\SYSTEM
  Computer: DESKTOP-NGQE08I
  Description: 
The application \Device\HarddiskVolume4\Windows\System32\services.exe with process id 676 stopped the removal or ejection for the device PCI\VEN_8086&DEV_2F03&SUBSYS_00008086&REV_02\3&11583659&0&09.

Event[307]:
  Log Name: System
  Source: Microsoft-Windows-Kernel-PnP
  Date: 2017-06-01T14:59:17.373
  Event ID: 225
  Task: N/A
  Level: Warning
  Opcode: Info
  Keyword: N/A
  User: S-1-5-18
  User Name: NT AUTHORITY\SYSTEM
  Computer: DESKTOP-NGQE08I
  Description: 
The application \Device\HarddiskVolume4\Windows\System32\lsass.exe with process id 684 stopped the removal or ejection for the device PCI\VEN_8086&DEV_2F03&SUBSYS_00008086&REV_02\3&11583659&0&09.

Event[308]:
  Log Name: System
  Source: Microsoft-Windows-Kernel-PnP
  Date: 2017-06-01T14:59:17.373
  Event ID: 225
  Task: N/A
  Level: Warning
  Opcode: Info
  Keyword: N/A
  User: S-1-5-18
  User Name: NT AUTHORITY\SYSTEM
  Computer: DESKTOP-NGQE08I
  Description: 
The application \Device\HarddiskVolume4\Windows\System32\smartscreen.exe with process id 748 stopped the removal or ejection for the device PCI\VEN_8086&DEV_2F03&SUBSYS_00008086&REV_02\3&11583659&0&09.

Event[309]:
  Log Name: System
  Source: Microsoft-Windows-Kernel-PnP
  Date: 2017-06-01T14:59:17.373
  Event ID: 225
  Task: N/A
  Level: Warning
  Opcode: Info
  Keyword: N/A
  User: S-1-5-18
  User Name: NT AUTHORITY\SYSTEM
  Computer: DESKTOP-NGQE08I
  Description: 
The application \Device\HarddiskVolume4\Windows\System32\msiexec.exe with process id 808 stopped the removal or ejection for the device PCI\VEN_8086&DEV_2F03&SUBSYS_00008086&REV_02\3&11583659&0&09.

Event[310]:
  Log Name: System
  Source: Microsoft-Windows-Kernel-PnP
  Date: 2017-06-01T14:59:17.373
  Event ID: 225
  Task: N/A
  Level: Warning
  Opcode: Info
  Keyword: N/A
  User: S-1-5-18
  User Name: NT AUTHORITY\SYSTEM
  Computer: DESKTOP-NGQE08I
  Description: 
The application \Device\HarddiskVolume4\Windows\System32\svchost.exe with process id 872 stopped the removal or ejection for the device PCI\VEN_8086&DEV_2F03&SUBSYS_00008086&REV_02\3&11583659&0&09.

Event[311]:
  Log Name: System
  Source: Microsoft-Windows-Kernel-PnP
  Date: 2017-06-01T14:59:17.373
  Event ID: 225
  Task: N/A
  Level: Warning
  Opcode: Info
  Keyword: N/A
  User: S-1-5-18
  User Name: NT AUTHORITY\SYSTEM
  Computer: DESKTOP-NGQE08I
  Description: 
The application \Device\HarddiskVolume4\Windows\System32\svchost.exe with process id 884 stopped the removal or ejection for the device PCI\VEN_8086&DEV_2F03&SUBSYS_00008086&REV_02\3&11583659&0&09.

Event[312]:
  Log Name: System
  Source: Microsoft-Windows-Kernel-PnP
  Date: 2017-06-01T14:59:17.373
  Event ID: 225
  Task: N/A
  Level: Warning
  Opcode: Info
  Keyword: N/A
  User: S-1-5-18
  User Name: NT AUTHORITY\SYSTEM
  Computer: DESKTOP-NGQE08I
  Description: 
The application \Device\HarddiskVolume4\Windows\System32\svchost.exe with process id 896 stopped the removal or ejection for the device PCI\VEN_8086&DEV_2F03&SUBSYS_00008086&REV_02\3&11583659&0&09.

Event[313]:
  Log Name: System
  Source: Microsoft-Windows-Kernel-PnP
  Date: 2017-06-01T14:59:17.373
  Event ID: 225
  Task: N/A
  Level: Warning
  Opcode: Info
  Keyword: N/A
  User: S-1-5-18
  User Name: NT AUTHORITY\SYSTEM
  Computer: DESKTOP-NGQE08I
  Description: 
The application \Device\HarddiskVolume4\Windows\System32\fontdrvhost.exe with process id 920 stopped the removal or ejection for the device PCI\VEN_8086&DEV_2F03&SUBSYS_00008086&REV_02\3&11583659&0&09.

Event[314]:
  Log Name: System
  Source: Microsoft-Windows-Kernel-PnP
  Date: 2017-06-01T14:59:17.373
  Event ID: 225
  Task: N/A
  Level: Warning
  Opcode: Info
  Keyword: N/A
  User: S-1-5-18
  User Name: NT AUTHORITY\SYSTEM
  Computer: DESKTOP-NGQE08I
  Description: 
The application \Device\HarddiskVolume4\Windows\System32\SearchFilterHost.exe with process id 940 stopped the removal or ejection for the device PCI\VEN_8086&DEV_2F03&SUBSYS_00008086&REV_02\3&11583659&0&09.

Event[315]:
  Log Name: System
  Source: Microsoft-Windows-Kernel-PnP
  Date: 2017-06-01T14:59:17.373
  Event ID: 225
  Task: N/A
  Level: Warning
  Opcode: Info
  Keyword: N/A
  User: S-1-5-18
  User Name: NT AUTHORITY\SYSTEM
  Computer: DESKTOP-NGQE08I
  Description: 
The application \Device\HarddiskVolume4\Windows\System32\svchost.exe with process id 1084 stopped the removal or ejection for the device PCI\VEN_8086&DEV_2F03&SUBSYS_00008086&REV_02\3&11583659&0&09.

Event[316]:
  Log Name: System
  Source: Microsoft-Windows-Kernel-PnP
  Date: 2017-06-01T14:59:17.373
  Event ID: 225
  Task: N/A
  Level: Warning
  Opcode: Info
  Keyword: N/A
  User: S-1-5-18
  User Name: NT AUTHORITY\SYSTEM
  Computer: DESKTOP-NGQE08I
  Description: 
The application \Device\HarddiskVolume4\Windows\System32\svchost.exe with process id 1112 stopped the removal or ejection for the device PCI\VEN_8086&DEV_2F03&SUBSYS_00008086&REV_02\3&11583659&0&09.

Event[317]:
  Log Name: System
  Source: Microsoft-Windows-Kernel-PnP
  Date: 2017-06-01T14:59:17.373
  Event ID: 225
  Task: N/A
  Level: Warning
  Opcode: Info
  Keyword: N/A
  User: S-1-5-18
  User Name: NT AUTHORITY\SYSTEM
  Computer: DESKTOP-NGQE08I
  Description: 
The application \Device\HarddiskVolume4\Users\organ\Desktop\Asus Rampage V Extreme Win 10 Drivers\Intel_Chipset_Win7-8-81-10_Vv10128\AsusSetup.exe with process id 1240 stopped the removal or ejection for the device PCI\VEN_8086&DEV_2F03&SUBSYS_00008086&REV_02\3&11583659&0&09.

Event[318]:
  Log Name: System
  Source: Microsoft-Windows-Kernel-PnP
  Date: 2017-06-01T14:59:17.373
  Event ID: 225
  Task: N/A
  Level: Warning
  Opcode: Info
  Keyword: N/A
  User: S-1-5-18
  User Name: NT AUTHORITY\SYSTEM
  Computer: DESKTOP-NGQE08I
  Description: 
The application \Device\HarddiskVolume4\Windows\System32\dwm.exe with process id 1264 stopped the removal or ejection for the device PCI\VEN_8086&DEV_2F03&SUBSYS_00008086&REV_02\3&11583659&0&09.

Event[319]:
  Log Name: System
  Source: Microsoft-Windows-Kernel-PnP
  Date: 2017-06-01T14:59:17.373
  Event ID: 225
  Task: N/A
  Level: Warning
  Opcode: Info
  Keyword: N/A
  User: S-1-5-18
  User Name: NT AUTHORITY\SYSTEM
  Computer: DESKTOP-NGQE08I
  Description: 
The application \Device\HarddiskVolume4\Windows\System32\SearchProtocolHost.exe with process id 1280 stopped the removal or ejection for the device PCI\VEN_8086&DEV_2F03&SUBSYS_00008086&REV_02\3&11583659&0&09.

Event[320]:
  Log Name: System
  Source: Microsoft-Windows-Kernel-PnP
  Date: 2017-06-01T14:59:17.373
  Event ID: 225
  Task: N/A
  Level: Warning
  Opcode: Info
  Keyword: N/A
  User: S-1-5-18
  User Name: NT AUTHORITY\SYSTEM
  Computer: DESKTOP-NGQE08I
  Description: 
The application \Device\HarddiskVolume4\Windows\System32\SearchProtocolHost.exe with process id 1296 stopped the removal or ejection for the device PCI\VEN_8086&DEV_2F03&SUBSYS_00008086&REV_02\3&11583659&0&09.

Event[321]:
  Log Name: System
  Source: Microsoft-Windows-Kernel-PnP
  Date: 2017-06-01T14:59:17.373
  Event ID: 225
  Task: N/A
  Level: Warning
  Opcode: Info
  Keyword: N/A
  User: S-1-5-18
  User Name: NT AUTHORITY\SYSTEM
  Computer: DESKTOP-NGQE08I
  Description: 
The application \Device\HarddiskVolume4\Windows\System32\svchost.exe with process id 1300 stopped the removal or ejection for the device PCI\VEN_8086&DEV_2F03&SUBSYS_00008086&REV_02\3&11583659&0&09.

Event[322]:
  Log Name: System
  Source: Microsoft-Windows-Kernel-PnP
  Date: 2017-06-01T14:59:17.373
  Event ID: 225
  Task: N/A
  Level: Warning
  Opcode: Info
  Keyword: N/A
  User: S-1-5-18
  User Name: NT AUTHORITY\SYSTEM
  Computer: DESKTOP-NGQE08I
  Description: 
The application \Device\HarddiskVolume4\Windows\System32\wbem\WmiPrvSE.exe with process id 1352 stopped the removal or ejection for the device PCI\VEN_8086&DEV_2F03&SUBSYS_00008086&REV_02\3&11583659&0&09.

Event[323]:
  Log Name: System
  Source: Microsoft-Windows-Kernel-PnP
  Date: 2017-06-01T14:59:17.373
  Event ID: 225
  Task: N/A
  Level: Warning
  Opcode: Info
  Keyword: N/A
  User: S-1-5-18
  User Name: NT AUTHORITY\SYSTEM
  Computer: DESKTOP-NGQE08I
  Description: 
The application \Device\HarddiskVolume4\Windows\System32\svchost.exe with process id 1364 stopped the removal or ejection for the device PCI\VEN_8086&DEV_2F03&SUBSYS_00008086&REV_02\3&11583659&0&09.

Event[324]:
  Log Name: System
  Source: Microsoft-Windows-Kernel-PnP
  Date: 2017-06-01T14:59:17.373
  Event ID: 225
  Task: N/A
  Level: Warning
  Opcode: Info
  Keyword: N/A
  User: S-1-5-18
  User Name: NT AUTHORITY\SYSTEM
  Computer: DESKTOP-NGQE08I
  Description: 
The application \Device\HarddiskVolume4\Windows\System32\svchost.exe with process id 1420 stopped the removal or ejection for the device PCI\VEN_8086&DEV_2F03&SUBSYS_00008086&REV_02\3&11583659&0&09.

Event[325]:
  Log Name: System
  Source: Microsoft-Windows-Kernel-PnP
  Date: 2017-06-01T14:59:17.373
  Event ID: 225
  Task: N/A
  Level: Warning
  Opcode: Info
  Keyword: N/A
  User: S-1-5-18
  User Name: NT AUTHORITY\SYSTEM
  Computer: DESKTOP-NGQE08I
  Description: 
The application \Device\HarddiskVolume4\Windows\System32\svchost.exe with process id 1444 stopped the removal or ejection for the device PCI\VEN_8086&DEV_2F03&SUBSYS_00008086&REV_02\3&11583659&0&09.

Event[326]:
  Log Name: System
  Source: Microsoft-Windows-Kernel-PnP
  Date: 2017-06-01T14:59:17.373
  Event ID: 225
  Task: N/A
  Level: Warning
  Opcode: Info
  Keyword: N/A
  User: S-1-5-18
  User Name: NT AUTHORITY\SYSTEM
  Computer: DESKTOP-NGQE08I
  Description: 
The application \Device\HarddiskVolume4\Windows\System32\audiodg.exe with process id 1496 stopped the removal or ejection for the device PCI\VEN_8086&DEV_2F03&SUBSYS_00008086&REV_02\3&11583659&0&09.

Event[327]:
