  Log Name: System
  Source: Service Control Manager
  Date: 2017-06-08T22:09:24.012
  Event ID: 7001
  Task: N/A
  Level: Error
  Opcode: N/A
  Keyword: Classic
  User: N/A
  User Name: N/A
  Computer: DESKTOP-NGQE08I
  Description: 
The mrxsmb10 service depends on the mrxsmb service which failed to start because of the following error: 
The dependency service or group failed to start.

Event[3405]:
  Log Name: System
  Source: Service Control Manager
  Date: 2017-06-08T22:09:24.012
  Event ID: 7001
  Task: N/A
  Level: Error
  Opcode: N/A
  Keyword: Classic
  User: N/A
  User Name: N/A
  Computer: DESKTOP-NGQE08I
  Description: 
The NlaSvc service depends on the Dhcp service which failed to start because of the following error: 
The dependency service or group failed to start.

Event[3406]:
  Log Name: System
  Source: Service Control Manager
  Date: 2017-06-08T22:09:24.028
  Event ID: 7001
  Task: N/A
  Level: Error
  Opcode: N/A
  Keyword: Classic
  User: N/A
  User Name: N/A
  Computer: DESKTOP-NGQE08I
  Description: 
The WinHttpAutoProxySvc service depends on the Dhcp service which failed to start because of the following error: 
The dependency service or group failed to start.

Event[3407]:
  Log Name: System
  Source: Service Control Manager
  Date: 2017-06-08T22:09:24.028
  Event ID: 7001
  Task: N/A
  Level: Error
  Opcode: N/A
  Keyword: Classic
  User: N/A
  User Name: N/A
  Computer: DESKTOP-NGQE08I
  Description: 
The iphlpsvc service depends on the WinHttpAutoProxySvc service which failed to start because of the following error: 
The dependency service or group failed to start.

Event[3408]:
  Log Name: System
  Source: Service Control Manager
  Date: 2017-06-08T22:09:24.215
  Event ID: 7026
  Task: N/A
  Level: Information
  Opcode: N/A
  Keyword: Classic
  User: N/A
  User Name: N/A
  Computer: DESKTOP-NGQE08I
  Description: 
The following boot-start or system-start driver(s) did not load: 
AsIO
CSC
dam
Dfsc
FileCrypt
GpuEnergyDrv
NetBIOS
npsvctrig
nsiproxy
Psched
rdbss
vwififlt
WdFilter

Event[3409]:
  Log Name: System
  Source: Microsoft-Windows-DistributedCOM
  Date: 2017-06-08T22:09:25.059
  Event ID: 10005
  Task: N/A
  Level: Error
  Opcode: Info
  Keyword: Classic
  User: S-1-5-18
  User Name: NT AUTHORITY\SYSTEM
  Computer: DESKTOP-NGQE08I
  Description: 
DCOM got error "1084" attempting to start the service netprofm with arguments "Unavailable" in order to run the server:
{A47979D2-C419-11D9-A5B4-001185AD2B89}

Event[3410]:
  Log Name: System
  Source: Microsoft-Windows-DistributedCOM
  Date: 2017-06-08T22:09:25.075
  Event ID: 10005
  Task: N/A
  Level: Error
  Opcode: Info
  Keyword: Classic
  User: S-1-5-18
  User Name: NT AUTHORITY\SYSTEM
  Computer: DESKTOP-NGQE08I
  Description: 
DCOM got error "1084" attempting to start the service UsoSvc with arguments "Unavailable" in order to run the server:
{B91D5831-B1BD-4608-8198-D72E155020F7}

Event[3411]:
  Log Name: System
  Source: Microsoft-Windows-DistributedCOM
  Date: 2017-06-08T22:09:25.247
  Event ID: 10005
  Task: N/A
  Level: Error
  Opcode: Info
  Keyword: Classic
  User: S-1-5-18
  User Name: NT AUTHORITY\SYSTEM
  Computer: DESKTOP-NGQE08I
  Description: 
DCOM got error "1084" attempting to start the service netprofm with arguments "Unavailable" in order to run the server:
{A47979D2-C419-11D9-A5B4-001185AD2B89}

Event[3412]:
  Log Name: System
  Source: Microsoft-Windows-DistributedCOM
  Date: 2017-06-08T22:09:25.622
  Event ID: 10005
  Task: N/A
  Level: Error
  Opcode: Info
  Keyword: Classic
  User: S-1-5-18
  User Name: NT AUTHORITY\SYSTEM
  Computer: DESKTOP-NGQE08I
  Description: 
DCOM got error "1084" attempting to start the service WSearch with arguments "Unavailable" in order to run the server:
{9E175B6D-F52A-11D8-B9A5-505054503030}

Event[3413]:
  Log Name: System
  Source: Microsoft-Windows-Winlogon
  Date: 2017-06-08T22:09:50.386
  Event ID: 7001
  Task: N/A
  Level: Information
  Opcode: Info
  Keyword: N/A
  User: S-1-5-18
  User Name: NT AUTHORITY\SYSTEM
  Computer: DESKTOP-NGQE08I
  Description: 
User Log-on Notification for Customer Experience Improvement Program

Event[3414]:
  Log Name: System
  Source: Microsoft-Windows-Kernel-General
  Date: 2017-06-08T22:09:50.426
  Event ID: 16
  Task: N/A
  Level: Information
  Opcode: Info
  Keyword: N/A
  User: S-1-5-18
  User Name: NT AUTHORITY\SYSTEM
  Computer: DESKTOP-NGQE08I
  Description: 
The access history in hive \??\C:\Users\organ\AppData\Local\Microsoft\Windows\UsrClass.dat was cleared updating 6779 keys and creating 707 modified pages.

Event[3415]:
  Log Name: System
  Source: Microsoft-Windows-DistributedCOM
  Date: 2017-06-08T22:09:50.731
  Event ID: 10005
  Task: N/A
  Level: Error
  Opcode: Info
  Keyword: Classic
  User: S-1-5-21-1441030301-2801777419-3013317047-1001
  User Name: DESKTOP-NGQE08I\organ
  Computer: DESKTOP-NGQE08I
  Description: 
DCOM got error "1084" attempting to start the service ShellHWDetection with arguments "Unavailable" in order to run the server:
{DD522ACC-F821-461A-A407-50B198B896DC}

Event[3416]:
  Log Name: System
  Source: Microsoft-Windows-DistributedCOM
  Date: 2017-06-08T22:09:50.778
  Event ID: 10005
  Task: N/A
  Level: Error
  Opcode: Info
  Keyword: Classic
  User: S-1-5-21-1441030301-2801777419-3013317047-1001
  User Name: DESKTOP-NGQE08I\organ
  Computer: DESKTOP-NGQE08I
  Description: 
DCOM got error "1084" attempting to start the service TokenBroker with arguments "Unavailable" in order to run the server:
Windows.Internal.Security.Authentication.Web.TokenBrokerInternal

Event[3417]:
  Log Name: System
  Source: Microsoft-Windows-DistributedCOM
  Date: 2017-06-08T22:09:51.497
  Event ID: 10005
  Task: N/A
  Level: Error
  Opcode: Info
  Keyword: Classic
  User: S-1-5-21-1441030301-2801777419-3013317047-1001
  User Name: DESKTOP-NGQE08I\organ
  Computer: DESKTOP-NGQE08I
  Description: 
DCOM got error "1084" attempting to start the service ShellHWDetection with arguments "Unavailable" in order to run the server:
{DD522ACC-F821-461A-A407-50B198B896DC}

Event[3418]:
  Log Name: System
  Source: Microsoft-Windows-DistributedCOM
  Date: 2017-06-08T22:09:52.075
  Event ID: 10005
  Task: N/A
  Level: Error
  Opcode: Info
  Keyword: Classic
  User: S-1-5-21-1441030301-2801777419-3013317047-1001
  User Name: DESKTOP-NGQE08I\organ
  Computer: DESKTOP-NGQE08I
  Description: 
DCOM got error "1084" attempting to start the service WSearch with arguments "Unavailable" in order to run the server:
{B52D54BB-4818-4EB9-AA80-F9EACD371DF8}

Event[3419]:
  Log Name: System
  Source: Microsoft-Windows-DistributedCOM
  Date: 2017-06-08T22:09:52.075
  Event ID: 10005
  Task: N/A
  Level: Error
  Opcode: Info
  Keyword: Classic
  User: S-1-5-21-1441030301-2801777419-3013317047-1001
  User Name: DESKTOP-NGQE08I\organ
  Computer: DESKTOP-NGQE08I
  Description: 
DCOM got error "1084" attempting to start the service WSearch with arguments "Unavailable" in order to run the server:
{B52D54BB-4818-4EB9-AA80-F9EACD371DF8}

Event[3420]:
  Log Name: System
  Source: Microsoft-Windows-DistributedCOM
  Date: 2017-06-08T22:09:52.075
  Event ID: 10005
  Task: N/A
  Level: Error
  Opcode: Info
  Keyword: Classic
  User: S-1-5-21-1441030301-2801777419-3013317047-1001
  User Name: DESKTOP-NGQE08I\organ
  Computer: DESKTOP-NGQE08I
  Description: 
DCOM got error "1084" attempting to start the service WSearch with arguments "Unavailable" in order to run the server:
{B52D54BB-4818-4EB9-AA80-F9EACD371DF8}

Event[3421]:
  Log Name: System
  Source: Microsoft-Windows-DistributedCOM
  Date: 2017-06-08T22:09:52.075
  Event ID: 10005
  Task: N/A
  Level: Error
  Opcode: Info
  Keyword: Classic
  User: S-1-5-21-1441030301-2801777419-3013317047-1001
  User Name: DESKTOP-NGQE08I\organ
  Computer: DESKTOP-NGQE08I
  Description: 
DCOM got error "1084" attempting to start the service WSearch with arguments "Unavailable" in order to run the server:
{B52D54BB-4818-4EB9-AA80-F9EACD371DF8}

Event[3422]:
  Log Name: System
  Source: Microsoft-Windows-DistributedCOM
  Date: 2017-06-08T22:09:52.075
  Event ID: 10005
  Task: N/A
  Level: Error
  Opcode: Info
  Keyword: Classic
  User: S-1-5-21-1441030301-2801777419-3013317047-1001
  User Name: DESKTOP-NGQE08I\organ
  Computer: DESKTOP-NGQE08I
  Description: 
DCOM got error "1084" attempting to start the service WSearch with arguments "Unavailable" in order to run the server:
{B52D54BB-4818-4EB9-AA80-F9EACD371DF8}

Event[3423]:
  Log Name: System
  Source: Microsoft-Windows-DistributedCOM
  Date: 2017-06-08T22:09:52.075
  Event ID: 10005
  Task: N/A
  Level: Error
  Opcode: Info
  Keyword: Classic
  User: S-1-5-21-1441030301-2801777419-3013317047-1001
  User Name: DESKTOP-NGQE08I\organ
  Computer: DESKTOP-NGQE08I
  Description: 
DCOM got error "1084" attempting to start the service WSearch with arguments "Unavailable" in order to run the server:
{B52D54BB-4818-4EB9-AA80-F9EACD371DF8}

Event[3424]:
  Log Name: System
  Source: Microsoft-Windows-DistributedCOM
  Date: 2017-06-08T22:09:52.075
  Event ID: 10005
  Task: N/A
  Level: Error
  Opcode: Info
  Keyword: Classic
  User: S-1-5-21-1441030301-2801777419-3013317047-1001
  User Name: DESKTOP-NGQE08I\organ
  Computer: DESKTOP-NGQE08I
  Description: 
DCOM got error "1084" attempting to start the service WSearch with arguments "Unavailable" in order to run the server:
{B52D54BB-4818-4EB9-AA80-F9EACD371DF8}

Event[3425]:
  Log Name: System
  Source: Microsoft-Windows-DistributedCOM
  Date: 2017-06-08T22:09:52.075
  Event ID: 10005
  Task: N/A
  Level: Error
  Opcode: Info
  Keyword: Classic
  User: S-1-5-21-1441030301-2801777419-3013317047-1001
  User Name: DESKTOP-NGQE08I\organ
  Computer: DESKTOP-NGQE08I
  Description: 
DCOM got error "1084" attempting to start the service WSearch with arguments "Unavailable" in order to run the server:
{B52D54BB-4818-4EB9-AA80-F9EACD371DF8}

Event[3426]:
  Log Name: System
  Source: Microsoft-Windows-DistributedCOM
  Date: 2017-06-08T22:09:52.075
  Event ID: 10005
  Task: N/A
  Level: Error
  Opcode: Info
  Keyword: Classic
  User: S-1-5-21-1441030301-2801777419-3013317047-1001
  User Name: DESKTOP-NGQE08I\organ
  Computer: DESKTOP-NGQE08I
  Description: 
DCOM got error "1084" attempting to start the service WSearch with arguments "Unavailable" in order to run the server:
{B52D54BB-4818-4EB9-AA80-F9EACD371DF8}

Event[3427]:
  Log Name: System
  Source: Microsoft-Windows-DistributedCOM
  Date: 2017-06-08T22:09:52.075
  Event ID: 10005
  Task: N/A
  Level: Error
  Opcode: Info
  Keyword: Classic
  User: S-1-5-21-1441030301-2801777419-3013317047-1001
  User Name: DESKTOP-NGQE08I\organ
  Computer: DESKTOP-NGQE08I
  Description: 
DCOM got error "1084" attempting to start the service WSearch with arguments "Unavailable" in order to run the server:
{B52D54BB-4818-4EB9-AA80-F9EACD371DF8}

Event[3428]:
  Log Name: System
  Source: Microsoft-Windows-DistributedCOM
  Date: 2017-06-08T22:09:52.075
  Event ID: 10005
  Task: N/A
  Level: Error
  Opcode: Info
  Keyword: Classic
  User: S-1-5-21-1441030301-2801777419-3013317047-1001
  User Name: DESKTOP-NGQE08I\organ
  Computer: DESKTOP-NGQE08I
  Description: 
DCOM got error "1084" attempting to start the service WSearch with arguments "Unavailable" in order to run the server:
{B52D54BB-4818-4EB9-AA80-F9EACD371DF8}

Event[3429]:
  Log Name: System
  Source: Microsoft-Windows-DistributedCOM
  Date: 2017-06-08T22:09:52.090
  Event ID: 10005
  Task: N/A
  Level: Error
  Opcode: Info
  Keyword: Classic
  User: S-1-5-21-1441030301-2801777419-3013317047-1001
  User Name: DESKTOP-NGQE08I\organ
  Computer: DESKTOP-NGQE08I
  Description: 
DCOM got error "1084" attempting to start the service WSearch with arguments "Unavailable" in order to run the server:
{B52D54BB-4818-4EB9-AA80-F9EACD371DF8}

Event[3430]:
  Log Name: System
  Source: Microsoft-Windows-DistributedCOM
  Date: 2017-06-08T22:09:52.090
  Event ID: 10005
  Task: N/A
  Level: Error
  Opcode: Info
  Keyword: Classic
  User: S-1-5-21-1441030301-2801777419-3013317047-1001
  User Name: DESKTOP-NGQE08I\organ
  Computer: DESKTOP-NGQE08I
  Description: 
DCOM got error "1084" attempting to start the service WSearch with arguments "Unavailable" in order to run the server:
{B52D54BB-4818-4EB9-AA80-F9EACD371DF8}

Event[3431]:
  Log Name: System
  Source: Microsoft-Windows-DistributedCOM
  Date: 2017-06-08T22:09:52.090
  Event ID: 10005
  Task: N/A
  Level: Error
  Opcode: Info
  Keyword: Classic
  User: S-1-5-21-1441030301-2801777419-3013317047-1001
  User Name: DESKTOP-NGQE08I\organ
  Computer: DESKTOP-NGQE08I
  Description: 
DCOM got error "1084" attempting to start the service WSearch with arguments "Unavailable" in order to run the server:
{B52D54BB-4818-4EB9-AA80-F9EACD371DF8}

Event[3432]:
  Log Name: System
  Source: Microsoft-Windows-DistributedCOM
  Date: 2017-06-08T22:09:52.090
  Event ID: 10005
  Task: N/A
  Level: Error
  Opcode: Info
  Keyword: Classic
  User: S-1-5-21-1441030301-2801777419-3013317047-1001
  User Name: DESKTOP-NGQE08I\organ
  Computer: DESKTOP-NGQE08I
  Description: 
DCOM got error "1084" attempting to start the service WSearch with arguments "Unavailable" in order to run the server:
{B52D54BB-4818-4EB9-AA80-F9EACD371DF8}

Event[3433]:
  Log Name: System
  Source: Microsoft-Windows-DistributedCOM
  Date: 2017-06-08T22:09:52.090
  Event ID: 10005
  Task: N/A
  Level: Error
  Opcode: Info
  Keyword: Classic
  User: S-1-5-21-1441030301-2801777419-3013317047-1001
  User Name: DESKTOP-NGQE08I\organ
  Computer: DESKTOP-NGQE08I
  Description: 
DCOM got error "1084" attempting to start the service WSearch with arguments "Unavailable" in order to run the server:
{B52D54BB-4818-4EB9-AA80-F9EACD371DF8}

Event[3434]:
  Log Name: System
  Source: Microsoft-Windows-DistributedCOM
  Date: 2017-06-08T22:09:52.090
  Event ID: 10005
  Task: N/A
  Level: Error
  Opcode: Info
  Keyword: Classic
  User: S-1-5-21-1441030301-2801777419-3013317047-1001
  User Name: DESKTOP-NGQE08I\organ
  Computer: DESKTOP-NGQE08I
  Description: 
DCOM got error "1084" attempting to start the service WSearch with arguments "Unavailable" in order to run the server:
{B52D54BB-4818-4EB9-AA80-F9EACD371DF8}

Event[3435]:
  Log Name: System
  Source: Microsoft-Windows-DistributedCOM
  Date: 2017-06-08T22:09:52.090
  Event ID: 10005
  Task: N/A
  Level: Error
  Opcode: Info
  Keyword: Classic
  User: S-1-5-21-1441030301-2801777419-3013317047-1001
  User Name: DESKTOP-NGQE08I\organ
  Computer: DESKTOP-NGQE08I
  Description: 
DCOM got error "1084" attempting to start the service WSearch with arguments "Unavailable" in order to run the server:
{B52D54BB-4818-4EB9-AA80-F9EACD371DF8}

Event[3436]:
  Log Name: System
  Source: Microsoft-Windows-DistributedCOM
  Date: 2017-06-08T22:09:52.090
  Event ID: 10005
  Task: N/A
  Level: Error
  Opcode: Info
  Keyword: Classic
  User: S-1-5-21-1441030301-2801777419-3013317047-1001
  User Name: DESKTOP-NGQE08I\organ
  Computer: DESKTOP-NGQE08I
  Description: 
DCOM got error "1084" attempting to start the service WSearch with arguments "Unavailable" in order to run the server:
{B52D54BB-4818-4EB9-AA80-F9EACD371DF8}

Event[3437]:
  Log Name: System
  Source: Microsoft-Windows-DistributedCOM
  Date: 2017-06-08T22:09:52.090
  Event ID: 10005
  Task: N/A
  Level: Error
  Opcode: Info
  Keyword: Classic
  User: S-1-5-21-1441030301-2801777419-3013317047-1001
  User Name: DESKTOP-NGQE08I\organ
  Computer: DESKTOP-NGQE08I
  Description: 
DCOM got error "1084" attempting to start the service WSearch with arguments "Unavailable" in order to run the server:
{B52D54BB-4818-4EB9-AA80-F9EACD371DF8}

Event[3438]:
  Log Name: System
  Source: Microsoft-Windows-DistributedCOM
  Date: 2017-06-08T22:09:52.090
  Event ID: 10005
  Task: N/A
  Level: Error
  Opcode: Info
  Keyword: Classic
  User: S-1-5-21-1441030301-2801777419-3013317047-1001
  User Name: DESKTOP-NGQE08I\organ
  Computer: DESKTOP-NGQE08I
  Description: 
DCOM got error "1084" attempting to start the service WSearch with arguments "Unavailable" in order to run the server:
{B52D54BB-4818-4EB9-AA80-F9EACD371DF8}

Event[3439]:
  Log Name: System
  Source: Microsoft-Windows-DistributedCOM
  Date: 2017-06-08T22:09:52.090
  Event ID: 10005
  Task: N/A
  Level: Error
  Opcode: Info
  Keyword: Classic
  User: S-1-5-21-1441030301-2801777419-3013317047-1001
  User Name: DESKTOP-NGQE08I\organ
  Computer: DESKTOP-NGQE08I
  Description: 
DCOM got error "1084" attempting to start the service WSearch with arguments "Unavailable" in order to run the server:
{B52D54BB-4818-4EB9-AA80-F9EACD371DF8}

Event[3440]:
  Log Name: System
  Source: Microsoft-Windows-DistributedCOM
  Date: 2017-06-08T22:09:52.090
  Event ID: 10005
  Task: N/A
  Level: Error
  Opcode: Info
  Keyword: Classic
  User: S-1-5-21-1441030301-2801777419-3013317047-1001
  User Name: DESKTOP-NGQE08I\organ
  Computer: DESKTOP-NGQE08I
  Description: 
DCOM got error "1084" attempting to start the service WSearch with arguments "Unavailable" in order to run the server:
{B52D54BB-4818-4EB9-AA80-F9EACD371DF8}

Event[3441]:
  Log Name: System
  Source: Microsoft-Windows-DistributedCOM
  Date: 2017-06-08T22:09:52.090
  Event ID: 10005
  Task: N/A
  Level: Error
  Opcode: Info
  Keyword: Classic
  User: S-1-5-21-1441030301-2801777419-3013317047-1001
  User Name: DESKTOP-NGQE08I\organ
  Computer: DESKTOP-NGQE08I
  Description: 
DCOM got error "1084" attempting to start the service WSearch with arguments "Unavailable" in order to run the server:
{B52D54BB-4818-4EB9-AA80-F9EACD371DF8}

Event[3442]:
  Log Name: System
  Source: Microsoft-Windows-DistributedCOM
  Date: 2017-06-08T22:09:52.090
  Event ID: 10005
  Task: N/A
  Level: Error
  Opcode: Info
  Keyword: Classic
  User: S-1-5-21-1441030301-2801777419-3013317047-1001
  User Name: DESKTOP-NGQE08I\organ
  Computer: DESKTOP-NGQE08I
  Description: 
DCOM got error "1084" attempting to start the service WSearch with arguments "Unavailable" in order to run the server:
{B52D54BB-4818-4EB9-AA80-F9EACD371DF8}

Event[3443]:
  Log Name: System
  Source: Microsoft-Windows-DistributedCOM
  Date: 2017-06-08T22:09:52.090
  Event ID: 10005
  Task: N/A
  Level: Error
  Opcode: Info
  Keyword: Classic
  User: S-1-5-21-1441030301-2801777419-3013317047-1001
  User Name: DESKTOP-NGQE08I\organ
  Computer: DESKTOP-NGQE08I
  Description: 
DCOM got error "1084" attempting to start the service WSearch with arguments "Unavailable" in order to run the server:
{B52D54BB-4818-4EB9-AA80-F9EACD371DF8}

Event[3444]:
  Log Name: System
  Source: Microsoft-Windows-DistributedCOM
  Date: 2017-06-08T22:09:52.090
  Event ID: 10005
  Task: N/A
  Level: Error
  Opcode: Info
  Keyword: Classic
  User: S-1-5-21-1441030301-2801777419-3013317047-1001
  User Name: DESKTOP-NGQE08I\organ
  Computer: DESKTOP-NGQE08I
  Description: 
DCOM got error "1084" attempting to start the service WSearch with arguments "Unavailable" in order to run the server:
{B52D54BB-4818-4EB9-AA80-F9EACD371DF8}

Event[3445]:
  Log Name: System
  Source: Microsoft-Windows-DistributedCOM
  Date: 2017-06-08T22:09:52.090
  Event ID: 10005
  Task: N/A
  Level: Error
  Opcode: Info
  Keyword: Classic
  User: S-1-5-21-1441030301-2801777419-3013317047-1001
  User Name: DESKTOP-NGQE08I\organ
  Computer: DESKTOP-NGQE08I
  Description: 
DCOM got error "1084" attempting to start the service WSearch with arguments "Unavailable" in order to run the server:
{B52D54BB-4818-4EB9-AA80-F9EACD371DF8}

Event[3446]:
  Log Name: System
  Source: Microsoft-Windows-DistributedCOM
  Date: 2017-06-08T22:09:52.090
  Event ID: 10005
  Task: N/A
  Level: Error
  Opcode: Info
  Keyword: Classic
  User: S-1-5-21-1441030301-2801777419-3013317047-1001
  User Name: DESKTOP-NGQE08I\organ
  Computer: DESKTOP-NGQE08I
  Description: 
DCOM got error "1084" attempting to start the service WSearch with arguments "Unavailable" in order to run the server:
{B52D54BB-4818-4EB9-AA80-F9EACD371DF8}

Event[3447]:
  Log Name: System
  Source: Microsoft-Windows-DistributedCOM
  Date: 2017-06-08T22:09:52.090
  Event ID: 10005
  Task: N/A
  Level: Error
  Opcode: Info
  Keyword: Classic
  User: S-1-5-21-1441030301-2801777419-3013317047-1001
  User Name: DESKTOP-NGQE08I\organ
  Computer: DESKTOP-NGQE08I
  Description: 
DCOM got error "1084" attempting to start the service WSearch with arguments "Unavailable" in order to run the server:
{B52D54BB-4818-4EB9-AA80-F9EACD371DF8}

Event[3448]:
  Log Name: System
  Source: Microsoft-Windows-DistributedCOM
  Date: 2017-06-08T22:09:52.090
  Event ID: 10005
  Task: N/A
  Level: Error
  Opcode: Info
  Keyword: Classic
  User: S-1-5-21-1441030301-2801777419-3013317047-1001
  User Name: DESKTOP-NGQE08I\organ
  Computer: DESKTOP-NGQE08I
  Description: 
DCOM got error "1084" attempting to start the service WSearch with arguments "Unavailable" in order to run the server:
{B52D54BB-4818-4EB9-AA80-F9EACD371DF8}

Event[3449]:
  Log Name: System
  Source: Microsoft-Windows-DistributedCOM
  Date: 2017-06-08T22:09:52.090
  Event ID: 10005
  Task: N/A
  Level: Error
  Opcode: Info
  Keyword: Classic
  User: S-1-5-21-1441030301-2801777419-3013317047-1001
  User Name: DESKTOP-NGQE08I\organ
  Computer: DESKTOP-NGQE08I
  Description: 
DCOM got error "1084" attempting to start the service WSearch with arguments "Unavailable" in order to run the server:
{B52D54BB-4818-4EB9-AA80-F9EACD371DF8}

Event[3450]:
  Log Name: System
  Source: Microsoft-Windows-Kernel-General
  Date: 2017-06-08T22:09:52.781
  Event ID: 16
  Task: N/A
  Level: Information
  Opcode: Info
  Keyword: N/A
  User: S-1-5-21-1441030301-2801777419-3013317047-1001
  User Name: DESKTOP-NGQE08I\organ
  Computer: DESKTOP-NGQE08I
  Description: 
The access history in hive \??\C:\Users\organ\AppData\Local\Packages\Microsoft.Windows.Cortana_cw5n1h2txyewy\Settings\settings.dat was cleared updating 90 keys and creating 13 modified pages.

Event[3451]:
  Log Name: System
  Source: Microsoft-Windows-DistributedCOM
  Date: 2017-06-08T22:09:52.809
  Event ID: 10005
  Task: N/A
  Level: Error
  Opcode: Info
  Keyword: Classic
  User: S-1-5-21-1441030301-2801777419-3013317047-1001
  User Name: DESKTOP-NGQE08I\organ
  Computer: DESKTOP-NGQE08I
  Description: 
DCOM got error "1084" attempting to start the service TokenBroker with arguments "Unavailable" in order to run the server:
Windows.Internal.Security.Authentication.Web.TokenBrokerInternal

Event[3452]:
  Log Name: System
  Source: Microsoft-Windows-DistributedCOM
  Date: 2017-06-08T22:09:52.872
  Event ID: 10005
  Task: N/A
  Level: Error
  Opcode: Info
  Keyword: Classic
  User: S-1-5-21-1441030301-2801777419-3013317047-1001
  User Name: DESKTOP-NGQE08I\organ
  Computer: DESKTOP-NGQE08I
  Description: 
DCOM got error "1084" attempting to start the service lfsvc with arguments "Unavailable" in order to run the server:
{08D9DFDF-C6F7-404A-A20F-66EEC0A609CD}

Event[3453]:
  Log Name: System
  Source: Microsoft-Windows-DistributedCOM
  Date: 2017-06-08T22:09:52.872
  Event ID: 10005
  Task: N/A
  Level: Error
  Opcode: Info
  Keyword: Classic
  User: S-1-5-21-1441030301-2801777419-3013317047-1001
  User Name: DESKTOP-NGQE08I\organ
  Computer: DESKTOP-NGQE08I
  Description: 
DCOM got error "1084" attempting to start the service lfsvc with arguments "Unavailable" in order to run the server:
{08D9DFDF-C6F7-404A-A20F-66EEC0A609CD}

Event[3454]:
  Log Name: System
  Source: Microsoft-Windows-Kernel-General
  Date: 2017-06-08T22:09:52.969
  Event ID: 16
  Task: N/A
  Level: Information
  Opcode: Info
  Keyword: N/A
  User: S-1-5-21-1441030301-2801777419-3013317047-1001
  User Name: DESKTOP-NGQE08I\organ
  Computer: DESKTOP-NGQE08I
  Description: 
The access history in hive \??\C:\Users\organ\AppData\Local\Packages\Microsoft.Windows.ShellExperienceHost_cw5n1h2txyewy\Settings\settings.dat was cleared updating 5 keys and creating 1 modified pages.

Event[3455]:
  Log Name: System
  Source: Microsoft-Windows-DistributedCOM
  Date: 2017-06-08T22:09:53.653
  Event ID: 10005
  Task: N/A
  Level: Error
  Opcode: Info
  Keyword: Classic
  User: S-1-5-21-1441030301-2801777419-3013317047-1001
  User Name: DESKTOP-NGQE08I\organ
  Computer: DESKTOP-NGQE08I
  Description: 
DCOM got error "1084" attempting to start the service TokenBroker with arguments "Unavailable" in order to run the server:
Windows.Internal.Security.Authentication.Web.TokenBrokerInternal

Event[3456]:
  Log Name: System
  Source: Microsoft-Windows-DistributedCOM
  Date: 2017-06-08T22:09:53.825
  Event ID: 10005
  Task: N/A
  Level: Error
  Opcode: Info
  Keyword: Classic
  User: S-1-5-21-1441030301-2801777419-3013317047-1001
  User Name: DESKTOP-NGQE08I\organ
  Computer: DESKTOP-NGQE08I
  Description: 
DCOM got error "1084" attempting to start the service EventSystem with arguments "Unavailable" in order to run the server:
{1BE1F766-5536-11D1-B726-00C04FB926AF}

Event[3457]:
  Log Name: System
  Source: Microsoft-Windows-DistributedCOM
  Date: 2017-06-08T22:09:54.497
  Event ID: 10005
  Task: N/A
  Level: Error
  Opcode: Info
  Keyword: Classic
  User: S-1-5-21-1441030301-2801777419-3013317047-1001
  User Name: DESKTOP-NGQE08I\organ
  Computer: DESKTOP-NGQE08I
  Description: 
DCOM got error "1084" attempting to start the service netprofm with arguments "Unavailable" in order to run the server:
{A47979D2-C419-11D9-A5B4-001185AD2B89}

Event[3458]:
  Log Name: System
  Source: Service Control Manager
  Date: 2017-06-08T22:09:55.778
  Event ID: 7045
  Task: N/A
  Level: Information
  Opcode: N/A
  Keyword: Classic
  User: S-1-5-21-1441030301-2801777419-3013317047-1001
  User Name: DESKTOP-NGQE08I\organ
  Computer: DESKTOP-NGQE08I
  Description: 
A service was installed in the system.

Service Name:  PAExec
Service File Name:  C:\Windows\PAExec.exe -service
Service Type:  user mode service
Service Start Type:  demand start
Service Account:  LocalSystem

Event[3459]:
  Log Name: System
  Source: Service Control Manager
  Date: 2017-06-08T22:09:55.778
  Event ID: 7030
  Task: N/A
  Level: Error
  Opcode: N/A
  Keyword: Classic
  User: N/A
  User Name: N/A
  Computer: DESKTOP-NGQE08I
  Description: 
The PAExec service is marked as an interactive service. However, the system is configured to not allow interactive services. This service may not function properly.

Event[3460]:
  Log Name: System
  Source: Microsoft-Windows-DistributedCOM
  Date: 2017-06-08T22:09:56.169
  Event ID: 10005
  Task: N/A
  Level: Error
  Opcode: Info
  Keyword: Classic
  User: S-1-5-21-1441030301-2801777419-3013317047-1001
  User Name: DESKTOP-NGQE08I\organ
  Computer: DESKTOP-NGQE08I
  Description: 
DCOM got error "1084" attempting to start the service ShellHWDetection with arguments "Unavailable" in order to run the server:
{DD522ACC-F821-461A-A407-50B198B896DC}

Event[3461]:
  Log Name: System
  Source: Microsoft-Windows-DistributedCOM
  Date: 2017-06-08T22:10:02.591
  Event ID: 10005
  Task: N/A
  Level: Error
  Opcode: Info
  Keyword: Classic
  User: S-1-5-21-1441030301-2801777419-3013317047-1001
  User Name: DESKTOP-NGQE08I\organ
  Computer: DESKTOP-NGQE08I
  Description: 
DCOM got error "1084" attempting to start the service ShellHWDetection with arguments "Unavailable" in order to run the server:
{DD522ACC-F821-461A-A407-50B198B896DC}

Event[3462]:
  Log Name: System
  Source: Microsoft-Windows-DistributedCOM
  Date: 2017-06-08T22:10:03.262
  Event ID: 10005
  Task: N/A
  Level: Error
  Opcode: Info
  Keyword: Classic
  User: S-1-5-21-1441030301-2801777419-3013317047-1001
  User Name: DESKTOP-NGQE08I\organ
  Computer: DESKTOP-NGQE08I
  Description: 
DCOM got error "1084" attempting to start the service netprofm with arguments "Unavailable" in order to run the server:
{A47979D2-C419-11D9-A5B4-001185AD2B89}

Event[3463]:
  Log Name: System
  Source: Microsoft-Windows-DistributedCOM
  Date: 2017-06-08T22:10:03.262
  Event ID: 10005
  Task: N/A
  Level: Error
  Opcode: Info
  Keyword: Classic
  User: S-1-5-21-1441030301-2801777419-3013317047-1001
  User Name: DESKTOP-NGQE08I\organ
  Computer: DESKTOP-NGQE08I
  Description: 
DCOM got error "1084" attempting to start the service netprofm with arguments "Unavailable" in order to run the server:
{A47979D2-C419-11D9-A5B4-001185AD2B89}

Event[3464]:
  Log Name: System
  Source: Microsoft-Windows-DistributedCOM
  Date: 2017-06-08T22:10:03.341
  Event ID: 10005
  Task: N/A
  Level: Error
  Opcode: Info
  Keyword: Classic
  User: S-1-5-21-1441030301-2801777419-3013317047-1001
  User Name: DESKTOP-NGQE08I\organ
  Computer: DESKTOP-NGQE08I
  Description: 
DCOM got error "1084" attempting to start the service WSearch with arguments "Unavailable" in order to run the server:
{B52D54BB-4818-4EB9-AA80-F9EACD371DF8}

Event[3465]:
  Log Name: System
  Source: Microsoft-Windows-DistributedCOM
  Date: 2017-06-08T22:10:03.341
  Event ID: 10005
  Task: N/A
  Level: Error
  Opcode: Info
  Keyword: Classic
  User: S-1-5-21-1441030301-2801777419-3013317047-1001
  User Name: DESKTOP-NGQE08I\organ
  Computer: DESKTOP-NGQE08I
  Description: 
DCOM got error "1084" attempting to start the service WSearch with arguments "Unavailable" in order to run the server:
{B52D54BB-4818-4EB9-AA80-F9EACD371DF8}

Event[3466]:
  Log Name: System
  Source: Microsoft-Windows-DistributedCOM
  Date: 2017-06-08T22:10:03.341
  Event ID: 10005
  Task: N/A
  Level: Error
  Opcode: Info
  Keyword: Classic
  User: S-1-5-21-1441030301-2801777419-3013317047-1001
  User Name: DESKTOP-NGQE08I\organ
  Computer: DESKTOP-NGQE08I
  Description: 
DCOM got error "1084" attempting to start the service WSearch with arguments "Unavailable" in order to run the server:
{B52D54BB-4818-4EB9-AA80-F9EACD371DF8}

Event[3467]:
  Log Name: System
  Source: Microsoft-Windows-DistributedCOM
  Date: 2017-06-08T22:10:03.341
  Event ID: 10005
  Task: N/A
  Level: Error
  Opcode: Info
  Keyword: Classic
  User: S-1-5-21-1441030301-2801777419-3013317047-1001
  User Name: DESKTOP-NGQE08I\organ
  Computer: DESKTOP-NGQE08I
  Description: 
DCOM got error "1084" attempting to start the service WSearch with arguments "Unavailable" in order to run the server:
{B52D54BB-4818-4EB9-AA80-F9EACD371DF8}

Event[3468]:
  Log Name: System
  Source: Microsoft-Windows-DistributedCOM
  Date: 2017-06-08T22:10:03.341
  Event ID: 10005
  Task: N/A
  Level: Error
  Opcode: Info
  Keyword: Classic
  User: S-1-5-21-1441030301-2801777419-3013317047-1001
  User Name: DESKTOP-NGQE08I\organ
  Computer: DESKTOP-NGQE08I
  Description: 
DCOM got error "1084" attempting to start the service WSearch with arguments "Unavailable" in order to run the server:
{B52D54BB-4818-4EB9-AA80-F9EACD371DF8}

Event[3469]:
  Log Name: System
  Source: Microsoft-Windows-DistributedCOM
  Date: 2017-06-08T22:10:03.341
  Event ID: 10005
  Task: N/A
  Level: Error
  Opcode: Info
  Keyword: Classic
  User: S-1-5-21-1441030301-2801777419-3013317047-1001
  User Name: DESKTOP-NGQE08I\organ
  Computer: DESKTOP-NGQE08I
  Description: 
DCOM got error "1084" attempting to start the service WSearch with arguments "Unavailable" in order to run the server:
{B52D54BB-4818-4EB9-AA80-F9EACD371DF8}

Event[3470]:
  Log Name: System
  Source: Microsoft-Windows-DistributedCOM
  Date: 2017-06-08T22:10:03.341
  Event ID: 10005
  Task: N/A
  Level: Error
  Opcode: Info
  Keyword: Classic
  User: S-1-5-21-1441030301-2801777419-3013317047-1001
  User Name: DESKTOP-NGQE08I\organ
  Computer: DESKTOP-NGQE08I
  Description: 
DCOM got error "1084" attempting to start the service WSearch with arguments "Unavailable" in order to run the server:
{B52D54BB-4818-4EB9-AA80-F9EACD371DF8}

Event[3471]:
  Log Name: System
  Source: Microsoft-Windows-DistributedCOM
  Date: 2017-06-08T22:10:03.341
  Event ID: 10005
  Task: N/A
  Level: Error
  Opcode: Info
  Keyword: Classic
  User: S-1-5-21-1441030301-2801777419-3013317047-1001
  User Name: DESKTOP-NGQE08I\organ
  Computer: DESKTOP-NGQE08I
  Description: 
DCOM got error "1084" attempting to start the service WSearch with arguments "Unavailable" in order to run the server:
{B52D54BB-4818-4EB9-AA80-F9EACD371DF8}

Event[3472]:
  Log Name: System
  Source: Microsoft-Windows-DistributedCOM
  Date: 2017-06-08T22:10:03.341
  Event ID: 10005
  Task: N/A
  Level: Error
  Opcode: Info
  Keyword: Classic
  User: S-1-5-21-1441030301-2801777419-3013317047-1001
  User Name: DESKTOP-NGQE08I\organ
  Computer: DESKTOP-NGQE08I
  Description: 
DCOM got error "1084" attempting to start the service WSearch with arguments "Unavailable" in order to run the server:
{B52D54BB-4818-4EB9-AA80-F9EACD371DF8}

Event[3473]:
  Log Name: System
  Source: Microsoft-Windows-DistributedCOM
  Date: 2017-06-08T22:10:03.341
  Event ID: 10005
  Task: N/A
  Level: Error
  Opcode: Info
  Keyword: Classic
  User: S-1-5-21-1441030301-2801777419-3013317047-1001
  User Name: DESKTOP-NGQE08I\organ
  Computer: DESKTOP-NGQE08I
  Description: 
DCOM got error "1084" attempting to start the service WSearch with arguments "Unavailable" in order to run the server:
{B52D54BB-4818-4EB9-AA80-F9EACD371DF8}

Event[3474]:
  Log Name: System
  Source: Microsoft-Windows-DistributedCOM
  Date: 2017-06-08T22:10:03.341
  Event ID: 10005
  Task: N/A
  Level: Error
  Opcode: Info
  Keyword: Classic
  User: S-1-5-21-1441030301-2801777419-3013317047-1001
  User Name: DESKTOP-NGQE08I\organ
  Computer: DESKTOP-NGQE08I
  Description: 
DCOM got error "1084" attempting to start the service WSearch with arguments "Unavailable" in order to run the server:
{B52D54BB-4818-4EB9-AA80-F9EACD371DF8}

Event[3475]:
  Log Name: System
  Source: Microsoft-Windows-DistributedCOM
  Date: 2017-06-08T22:10:03.341
  Event ID: 10005
  Task: N/A
  Level: Error
  Opcode: Info
  Keyword: Classic
  User: S-1-5-21-1441030301-2801777419-3013317047-1001
  User Name: DESKTOP-NGQE08I\organ
  Computer: DESKTOP-NGQE08I
  Description: 
DCOM got error "1084" attempting to start the service WSearch with arguments "Unavailable" in order to run the server:
{B52D54BB-4818-4EB9-AA80-F9EACD371DF8}

Event[3476]:
  Log Name: System
  Source: Microsoft-Windows-DistributedCOM
  Date: 2017-06-08T22:10:03.341
  Event ID: 10005
  Task: N/A
  Level: Error
  Opcode: Info
  Keyword: Classic
  User: S-1-5-21-1441030301-2801777419-3013317047-1001
  User Name: DESKTOP-NGQE08I\organ
  Computer: DESKTOP-NGQE08I
  Description: 
DCOM got error "1084" attempting to start the service WSearch with arguments "Unavailable" in order to run the server:
{B52D54BB-4818-4EB9-AA80-F9EACD371DF8}

Event[3477]:
  Log Name: System
  Source: Microsoft-Windows-DistributedCOM
  Date: 2017-06-08T22:10:03.341
  Event ID: 10005
  Task: N/A
  Level: Error
  Opcode: Info
  Keyword: Classic
  User: S-1-5-21-1441030301-2801777419-3013317047-1001
  User Name: DESKTOP-NGQE08I\organ
  Computer: DESKTOP-NGQE08I
  Description: 
DCOM got error "1084" attempting to start the service WSearch with arguments "Unavailable" in order to run the server:
{B52D54BB-4818-4EB9-AA80-F9EACD371DF8}

Event[3478]:
  Log Name: System
  Source: Microsoft-Windows-DistributedCOM
  Date: 2017-06-08T22:10:03.341
  Event ID: 10005
  Task: N/A
  Level: Error
  Opcode: Info
  Keyword: Classic
  User: S-1-5-21-1441030301-2801777419-3013317047-1001
  User Name: DESKTOP-NGQE08I\organ
  Computer: DESKTOP-NGQE08I
  Description: 
DCOM got error "1084" attempting to start the service WSearch with arguments "Unavailable" in order to run the server:
{B52D54BB-4818-4EB9-AA80-F9EACD371DF8}

Event[3479]:
  Log Name: System
  Source: Microsoft-Windows-DistributedCOM
  Date: 2017-06-08T22:10:03.341
  Event ID: 10005
  Task: N/A
  Level: Error
  Opcode: Info
  Keyword: Classic
  User: S-1-5-21-1441030301-2801777419-3013317047-1001
  User Name: DESKTOP-NGQE08I\organ
  Computer: DESKTOP-NGQE08I
  Description: 
DCOM got error "1084" attempting to start the service WSearch with arguments "Unavailable" in order to run the server:
{B52D54BB-4818-4EB9-AA80-F9EACD371DF8}

Event[3480]:
  Log Name: System
  Source: Microsoft-Windows-DistributedCOM
  Date: 2017-06-08T22:10:03.341
  Event ID: 10005
  Task: N/A
  Level: Error
  Opcode: Info
  Keyword: Classic
  User: S-1-5-21-1441030301-2801777419-3013317047-1001
  User Name: DESKTOP-NGQE08I\organ
  Computer: DESKTOP-NGQE08I
  Description: 
DCOM got error "1084" attempting to start the service WSearch with arguments "Unavailable" in order to run the server:
{B52D54BB-4818-4EB9-AA80-F9EACD371DF8}

Event[3481]:
  Log Name: System
  Source: Microsoft-Windows-DistributedCOM
  Date: 2017-06-08T22:10:03.356
  Event ID: 10005
  Task: N/A
  Level: Error
  Opcode: Info
  Keyword: Classic
  User: S-1-5-21-1441030301-2801777419-3013317047-1001
  User Name: DESKTOP-NGQE08I\organ
  Computer: DESKTOP-NGQE08I
  Description: 
DCOM got error "1084" attempting to start the service WSearch with arguments "Unavailable" in order to run the server:
{B52D54BB-4818-4EB9-AA80-F9EACD371DF8}

Event[3482]:
  Log Name: System
  Source: Microsoft-Windows-DistributedCOM
  Date: 2017-06-08T22:10:03.356
  Event ID: 10005
  Task: N/A
  Level: Error
  Opcode: Info
  Keyword: Classic
  User: S-1-5-21-1441030301-2801777419-3013317047-1001
  User Name: DESKTOP-NGQE08I\organ
  Computer: DESKTOP-NGQE08I
  Description: 
DCOM got error "1084" attempting to start the service WSearch with arguments "Unavailable" in order to run the server:
{B52D54BB-4818-4EB9-AA80-F9EACD371DF8}

Event[3483]:
  Log Name: System
  Source: Microsoft-Windows-DistributedCOM
  Date: 2017-06-08T22:10:03.356
  Event ID: 10005
  Task: N/A
  Level: Error
  Opcode: Info
  Keyword: Classic
  User: S-1-5-21-1441030301-2801777419-3013317047-1001
  User Name: DESKTOP-NGQE08I\organ
  Computer: DESKTOP-NGQE08I
  Description: 
DCOM got error "1084" attempting to start the service WSearch with arguments "Unavailable" in order to run the server:
{B52D54BB-4818-4EB9-AA80-F9EACD371DF8}

Event[3484]:
  Log Name: System
  Source: Microsoft-Windows-DistributedCOM
  Date: 2017-06-08T22:10:03.356
  Event ID: 10005
  Task: N/A
  Level: Error
  Opcode: Info
  Keyword: Classic
  User: S-1-5-21-1441030301-2801777419-3013317047-1001
  User Name: DESKTOP-NGQE08I\organ
  Computer: DESKTOP-NGQE08I
  Description: 
DCOM got error "1084" attempting to start the service WSearch with arguments "Unavailable" in order to run the server:
{B52D54BB-4818-4EB9-AA80-F9EACD371DF8}

Event[3485]:
  Log Name: System
  Source: Microsoft-Windows-DistributedCOM
  Date: 2017-06-08T22:10:03.356
  Event ID: 10005
  Task: N/A
  Level: Error
  Opcode: Info
  Keyword: Classic
  User: S-1-5-21-1441030301-2801777419-3013317047-1001
  User Name: DESKTOP-NGQE08I\organ
  Computer: DESKTOP-NGQE08I
  Description: 
DCOM got error "1084" attempting to start the service WSearch with arguments "Unavailable" in order to run the server:
{B52D54BB-4818-4EB9-AA80-F9EACD371DF8}

Event[3486]:
  Log Name: System
  Source: Microsoft-Windows-DistributedCOM
  Date: 2017-06-08T22:10:03.356
  Event ID: 10005
  Task: N/A
  Level: Error
  Opcode: Info
  Keyword: Classic
  User: S-1-5-21-1441030301-2801777419-3013317047-1001
  User Name: DESKTOP-NGQE08I\organ
  Computer: DESKTOP-NGQE08I
  Description: 
DCOM got error "1084" attempting to start the service WSearch with arguments "Unavailable" in order to run the server:
{B52D54BB-4818-4EB9-AA80-F9EACD371DF8}

Event[3487]:
  Log Name: System
  Source: Microsoft-Windows-DistributedCOM
  Date: 2017-06-08T22:10:03.356
  Event ID: 10005
  Task: N/A
  Level: Error
  Opcode: Info
  Keyword: Classic
  User: S-1-5-21-1441030301-2801777419-3013317047-1001
  User Name: DESKTOP-NGQE08I\organ
  Computer: DESKTOP-NGQE08I
  Description: 
DCOM got error "1084" attempting to start the service WSearch with arguments "Unavailable" in order to run the server:
{B52D54BB-4818-4EB9-AA80-F9EACD371DF8}

Event[3488]:
  Log Name: System
  Source: Microsoft-Windows-DistributedCOM
  Date: 2017-06-08T22:10:03.356
  Event ID: 10005
  Task: N/A
  Level: Error
  Opcode: Info
  Keyword: Classic
  User: S-1-5-21-1441030301-2801777419-3013317047-1001
  User Name: DESKTOP-NGQE08I\organ
  Computer: DESKTOP-NGQE08I
  Description: 
DCOM got error "1084" attempting to start the service WSearch with arguments "Unavailable" in order to run the server:
{B52D54BB-4818-4EB9-AA80-F9EACD371DF8}

Event[3489]:
  Log Name: System
  Source: Microsoft-Windows-DistributedCOM
  Date: 2017-06-08T22:10:03.356
  Event ID: 10005
  Task: N/A
  Level: Error
  Opcode: Info
  Keyword: Classic
  User: S-1-5-21-1441030301-2801777419-3013317047-1001
  User Name: DESKTOP-NGQE08I\organ
  Computer: DESKTOP-NGQE08I
  Description: 
DCOM got error "1084" attempting to start the service WSearch with arguments "Unavailable" in order to run the server:
{B52D54BB-4818-4EB9-AA80-F9EACD371DF8}

Event[3490]:
  Log Name: System
  Source: Microsoft-Windows-DistributedCOM
  Date: 2017-06-08T22:10:03.356
  Event ID: 10005
  Task: N/A
  Level: Error
  Opcode: Info
  Keyword: Classic
  User: S-1-5-21-1441030301-2801777419-3013317047-1001
  User Name: DESKTOP-NGQE08I\organ
  Computer: DESKTOP-NGQE08I
  Description: 
DCOM got error "1084" attempting to start the service WSearch with arguments "Unavailable" in order to run the server:
{B52D54BB-4818-4EB9-AA80-F9EACD371DF8}

Event[3491]:
  Log Name: System
  Source: Microsoft-Windows-DistributedCOM
  Date: 2017-06-08T22:10:03.356
  Event ID: 10005
  Task: N/A
  Level: Error
  Opcode: Info
  Keyword: Classic
  User: S-1-5-21-1441030301-2801777419-3013317047-1001
  User Name: DESKTOP-NGQE08I\organ
  Computer: DESKTOP-NGQE08I
  Description: 
DCOM got error "1084" attempting to start the service WSearch with arguments "Unavailable" in order to run the server:
{B52D54BB-4818-4EB9-AA80-F9EACD371DF8}

Event[3492]:
  Log Name: System
  Source: Microsoft-Windows-DistributedCOM
  Date: 2017-06-08T22:10:03.356
  Event ID: 10005
  Task: N/A
  Level: Error
  Opcode: Info
  Keyword: Classic
  User: S-1-5-21-1441030301-2801777419-3013317047-1001
  User Name: DESKTOP-NGQE08I\organ
  Computer: DESKTOP-NGQE08I
  Description: 
DCOM got error "1084" attempting to start the service WSearch with arguments "Unavailable" in order to run the server:
{B52D54BB-4818-4EB9-AA80-F9EACD371DF8}

Event[3493]:
  Log Name: System
  Source: Microsoft-Windows-DistributedCOM
  Date: 2017-06-08T22:10:03.356
  Event ID: 10005
  Task: N/A
  Level: Error
  Opcode: Info
  Keyword: Classic
  User: S-1-5-21-1441030301-2801777419-3013317047-1001
  User Name: DESKTOP-NGQE08I\organ
  Computer: DESKTOP-NGQE08I
  Description: 
DCOM got error "1084" attempting to start the service WSearch with arguments "Unavailable" in order to run the server:
{B52D54BB-4818-4EB9-AA80-F9EACD371DF8}

Event[3494]:
  Log Name: System
  Source: Microsoft-Windows-DistributedCOM
  Date: 2017-06-08T22:10:03.356
  Event ID: 10005
  Task: N/A
  Level: Error
  Opcode: Info
  Keyword: Classic
  User: S-1-5-21-1441030301-2801777419-3013317047-1001
  User Name: DESKTOP-NGQE08I\organ
  Computer: DESKTOP-NGQE08I
  Description: 
DCOM got error "1084" attempting to start the service WSearch with arguments "Unavailable" in order to run the server:
{B52D54BB-4818-4EB9-AA80-F9EACD371DF8}

Event[3495]:
  Log Name: System
  Source: Microsoft-Windows-DistributedCOM
  Date: 2017-06-08T22:10:03.356
  Event ID: 10005
  Task: N/A
  Level: Error
  Opcode: Info
  Keyword: Classic
  User: S-1-5-21-1441030301-2801777419-3013317047-1001
  User Name: DESKTOP-NGQE08I\organ
  Computer: DESKTOP-NGQE08I
  Description: 
DCOM got error "1084" attempting to start the service WSearch with arguments "Unavailable" in order to run the server:
{B52D54BB-4818-4EB9-AA80-F9EACD371DF8}

Event[3496]:
  Log Name: System
  Source: Microsoft-Windows-DistributedCOM
  Date: 2017-06-08T22:10:03.466
  Event ID: 10005
  Task: N/A
  Level: Error
  Opcode: Info
  Keyword: Classic
  User: S-1-5-21-1441030301-2801777419-3013317047-1001
  User Name: DESKTOP-NGQE08I\organ
  Computer: DESKTOP-NGQE08I
  Description: 
DCOM got error "1084" attempting to start the service TokenBroker with arguments "Unavailable" in order to run the server:
Windows.Internal.Security.Authentication.Web.TokenBrokerInternal

Event[3497]:
  Log Name: System
  Source: Microsoft-Windows-DistributedCOM
  Date: 2017-06-08T22:10:03.528
  Event ID: 10005
  Task: N/A
  Level: Error
  Opcode: Info
  Keyword: Classic
  User: S-1-5-21-1441030301-2801777419-3013317047-1001
  User Name: DESKTOP-NGQE08I\organ
  Computer: DESKTOP-NGQE08I
  Description: 
DCOM got error "1084" attempting to start the service WSearch with arguments "Unavailable" in order to run the server:
{7D096C5F-AC08-4F1F-BEB7-5C22C517CE39}

Event[3498]:
  Log Name: System
  Source: Microsoft-Windows-DistributedCOM
  Date: 2017-06-08T22:10:03.528
  Event ID: 10005
  Task: N/A
  Level: Error
  Opcode: Info
  Keyword: Classic
  User: S-1-5-21-1441030301-2801777419-3013317047-1001
  User Name: DESKTOP-NGQE08I\organ
  Computer: DESKTOP-NGQE08I
  Description: 
DCOM got error "1084" attempting to start the service WSearch with arguments "Unavailable" in order to run the server:
{7D096C5F-AC08-4F1F-BEB7-5C22C517CE39}

Event[3499]:
  Log Name: System
  Source: Microsoft-Windows-DistributedCOM
  Date: 2017-06-08T22:10:03.684
  Event ID: 10005
  Task: N/A
  Level: Error
  Opcode: Info
  Keyword: Classic
  User: S-1-5-21-1441030301-2801777419-3013317047-1001
  User Name: DESKTOP-NGQE08I\organ
  Computer: DESKTOP-NGQE08I
  Description: 
DCOM got error "1084" attempting to start the service netprofm with arguments "Unavailable" in order to run the server:
{A47979D2-C419-11D9-A5B4-001185AD2B89}

Event[3500]:
  Log Name: System
  Source: Microsoft-Windows-DistributedCOM
  Date: 2017-06-08T22:10:03.716
  Event ID: 10005
  Task: N/A
  Level: Error
  Opcode: Info
  Keyword: Classic
  User: S-1-5-21-1441030301-2801777419-3013317047-1001
  User Name: DESKTOP-NGQE08I\organ
  Computer: DESKTOP-NGQE08I
  Description: 
DCOM got error "1084" attempting to start the service netprofm with arguments "Unavailable" in order to run the server:
{A47979D2-C419-11D9-A5B4-001185AD2B89}

Event[3501]:
  Log Name: System
  Source: Microsoft-Windows-DistributedCOM
  Date: 2017-06-08T22:10:03.731
  Event ID: 10005
  Task: N/A
  Level: Error
  Opcode: Info
  Keyword: Classic
  User: S-1-5-21-1441030301-2801777419-3013317047-1001
  User Name: DESKTOP-NGQE08I\organ
  Computer: DESKTOP-NGQE08I
  Description: 
DCOM got error "1084" attempting to start the service netprofm with arguments "Unavailable" in order to run the server:
{A47979D2-C419-11D9-A5B4-001185AD2B89}

Event[3502]:
  Log Name: System
  Source: Microsoft-Windows-DistributedCOM
  Date: 2017-06-08T22:10:03.731
  Event ID: 10005
  Task: N/A
  Level: Error
  Opcode: Info
  Keyword: Classic
  User: S-1-5-21-1441030301-2801777419-3013317047-1001
  User Name: DESKTOP-NGQE08I\organ
  Computer: DESKTOP-NGQE08I
  Description: 
DCOM got error "1084" attempting to start the service netprofm with arguments "Unavailable" in order to run the server:
{A47979D2-C419-11D9-A5B4-001185AD2B89}

Event[3503]:
  Log Name: System
  Source: Microsoft-Windows-DistributedCOM
  Date: 2017-06-08T22:10:51.132
  Event ID: 10005
  Task: N/A
  Level: Error
  Opcode: Info
  Keyword: Classic
  User: S-1-5-21-1441030301-2801777419-3013317047-1001
  User Name: DESKTOP-NGQE08I\organ
  Computer: DESKTOP-NGQE08I
  Description: 
DCOM got error "1084" attempting to start the service ShellHWDetection with arguments "Unavailable" in order to run the server:
{DD522ACC-F821-461A-A407-50B198B896DC}

Event[3504]:
  Log Name: System
  Source: Microsoft-Windows-DistributedCOM
  Date: 2017-06-08T22:10:51.132
  Event ID: 10005
  Task: N/A
  Level: Error
  Opcode: Info
  Keyword: Classic
  User: S-1-5-21-1441030301-2801777419-3013317047-1001
  User Name: DESKTOP-NGQE08I\organ
  Computer: DESKTOP-NGQE08I
  Description: 
DCOM got error "1084" attempting to start the service WSearch with arguments "Unavailable" in order to run the server:
{B52D54BB-4818-4EB9-AA80-F9EACD371DF8}

Event[3505]:
  Log Name: System
  Source: Microsoft-Windows-DistributedCOM
  Date: 2017-06-08T22:10:51.147
  Event ID: 10005
  Task: N/A
  Level: Error
  Opcode: Info
  Keyword: Classic
  User: S-1-5-21-1441030301-2801777419-3013317047-1001
  User Name: DESKTOP-NGQE08I\organ
  Computer: DESKTOP-NGQE08I
  Description: 
DCOM got error "1084" attempting to start the service WSearch with arguments "Unavailable" in order to run the server:
{B52D54BB-4818-4EB9-AA80-F9EACD371DF8}

Event[3506]:
  Log Name: System
  Source: Microsoft-Windows-DistributedCOM
  Date: 2017-06-08T22:10:51.147
  Event ID: 10005
  Task: N/A
  Level: Error
  Opcode: Info
  Keyword: Classic
  User: S-1-5-21-1441030301-2801777419-3013317047-1001
  User Name: DESKTOP-NGQE08I\organ
  Computer: DESKTOP-NGQE08I
  Description: 
DCOM got error "1084" attempting to start the service WSearch with arguments "Unavailable" in order to run the server:
{B52D54BB-4818-4EB9-AA80-F9EACD371DF8}

Event[3507]:
  Log Name: System
  Source: Microsoft-Windows-DistributedCOM
  Date: 2017-06-08T22:10:51.147
  Event ID: 10005
  Task: N/A
  Level: Error
  Opcode: Info
  Keyword: Classic
  User: S-1-5-21-1441030301-2801777419-3013317047-1001
  User Name: DESKTOP-NGQE08I\organ
  Computer: DESKTOP-NGQE08I
  Description: 
DCOM got error "1084" attempting to start the service WSearch with arguments "Unavailable" in order to run the server:
{B52D54BB-4818-4EB9-AA80-F9EACD371DF8}

Event[3508]:
  Log Name: System
  Source: Microsoft-Windows-DistributedCOM
  Date: 2017-06-08T22:10:51.147
  Event ID: 10005
  Task: N/A
  Level: Error
  Opcode: Info
  Keyword: Classic
  User: S-1-5-21-1441030301-2801777419-3013317047-1001
  User Name: DESKTOP-NGQE08I\organ
  Computer: DESKTOP-NGQE08I
  Description: 
DCOM got error "1084" attempting to start the service WSearch with arguments "Unavailable" in order to run the server:
{B52D54BB-4818-4EB9-AA80-F9EACD371DF8}

Event[3509]:
