Log Name:      System
Source:        Disk
Date:          16/06/2017 08:49:13
Event ID:      7
Task Category: None
Level:         Error
Keywords:      Classic
User:          N/A
Computer:      DESKTOP-9KLOST5
Description:
The device, \Device\Harddisk0\DR0, has a bad block.
Event Xml:
<Event xmlns="http://schemas.microsoft.com/win/2004/08/events/event">
  <System>
    <Provider Name="Disk" />
    <EventID Qualifiers="49156">7</EventID>
    <Level>2</Level>
    <Task>0</Task>
    <Keywords>0x80000000000000</Keywords>
    <TimeCreated SystemTime="2017-06-16T01:49:13.485782900Z" />
    <EventRecordID>846</EventRecordID>
    <Channel>System</Channel>
    <Computer>DESKTOP-9KLOST5</Computer>
    <Security />
  </System>
  <EventData>
    <Data>\Device\Harddisk0\DR0</Data>
    <Binary>030081000100000000000000070004C0000100009C0000C0000000000000000000E0B9C62100000050AC0B0000000000FFFFFFFF00000000580000840205000000200AFF42072000000002001E00000000C069E003A6FFFFE0EA24E103A6FFFF00000000000000009011AEEA03A6FFFF0000000000000000F05CE31000000000280010E35CF000010000000000000000F00003000000000B0000000000000000000000000000000000</Binary>
  </EventData>
</Event>

Log Name:      System
Source:        Disk
Date:          16/06/2017 09:09:14
Event ID:      7
Task Category: None
Level:         Error
Keywords:      Classic
User:          N/A
Computer:      DESKTOP-9KLOST5
Description:
The device, \Device\Harddisk0\DR0, has a bad block.
Event Xml:
<Event xmlns="http://schemas.microsoft.com/win/2004/08/events/event">
  <System>
    <Provider Name="Disk" />
    <EventID Qualifiers="49156">7</EventID>
    <Level>2</Level>
    <Task>0</Task>
    <Keywords>0x80000000000000</Keywords>
    <TimeCreated SystemTime="2017-06-16T02:09:14.556068800Z" />
    <EventRecordID>851</EventRecordID>
    <Channel>System</Channel>
    <Computer>DESKTOP-9KLOST5</Computer>
    <Security />
  </System>
  <EventData>
    <Data>\Device\Harddisk0\DR0</Data>
    <Binary>030081000100000000000000070004C0000100009C0000C0000000000000000000E0B9C62100000094D80C0000000000FFFFFFFF00000000580000840205000000200AFF42072000000002001E000000000082E003A6FFFF3045E3EA03A6FFFF0000000000000000601C53E003A6FFFF0000000000000000F05CE31000000000280010E35CF000010000000000000000F00003000000000B0000000000000000000000000000000000</Binary>
  </EventData>
</Event>

Log Name:      System
Source:        Disk
Date:          16/06/2017 09:16:16
Event ID:      7
Task Category: None
Level:         Error
Keywords:      Classic
User:          N/A
Computer:      DESKTOP-9KLOST5
Description:
The device, \Device\Harddisk0\DR0, has a bad block.
Event Xml:
<Event xmlns="http://schemas.microsoft.com/win/2004/08/events/event">
  <System>
    <Provider Name="Disk" />
    <EventID Qualifiers="49156">7</EventID>
    <Level>2</Level>
    <Task>0</Task>
    <Keywords>0x80000000000000</Keywords>
    <TimeCreated SystemTime="2017-06-16T02:16:16.436270300Z" />
    <EventRecordID>854</EventRecordID>
    <Channel>System</Channel>
    <Computer>DESKTOP-9KLOST5</Computer>
    <Security />
  </System>
  <EventData>
    <Data>\Device\Harddisk0\DR0</Data>
    <Binary>030081000100000000000000070004C0000100009C0000C0000000000000000000E0B9C6210000000D420D0000000000FFFFFFFF00000000580000840205000000200AFF42072000000002001E000000000082E003A6FFFFA0D110E103A6FFFF000000000000000070F59AE403A6FFFF0000000000000000F05CE31000000000280010E35CF000010000000000000000F00003000000000B0000000000000000000000000000000000</Binary>
  </EventData>
</Event>

Log Name:      System
Source:        Service Control Manager
Date:          16/06/2017 12:48:29
Event ID:      7043
Task Category: None
Level:         Error
Keywords:      Classic
User:          N/A
Computer:      DESKTOP-9KLOST5
Description:
The Windows Modules Installer service did not shut down properly after receiving a preshutdown control.
Event Xml:
<Event xmlns="http://schemas.microsoft.com/win/2004/08/events/event">
  <System>
    <Provider Name="Service Control Manager" Guid="{555908d1-a6d7-4695-8e1e-26931d2012f4}" EventSourceName="Service Control Manager" />
    <EventID Qualifiers="49152">7043</EventID>
    <Version>0</Version>
    <Level>2</Level>
    <Task>0</Task>
    <Opcode>0</Opcode>
    <Keywords>0x8080000000000000</Keywords>
    <TimeCreated SystemTime="2017-06-16T05:48:29.054019100Z" />
    <EventRecordID>922</EventRecordID>
    <Correlation ActivityID="{ED109BFD-E626-0004-88F0-10ED26E6D201}" />
    <Execution ProcessID="720" ThreadID="6156" />
    <Channel>System</Channel>
    <Computer>DESKTOP-9KLOST5</Computer>
    <Security />
  </System>
  <EventData>
    <Data Name="param1">Windows Modules Installer</Data>
    <Binary>540072007500730074006500640049006E007300740061006C006C00650072000000</Binary>
  </EventData>
</Event>

Log Name:      System
Source:        Disk
Date:          16/06/2017 09:09:18
Event ID:      7
Task Category: None
Level:         Error
Keywords:      Classic
User:          N/A
Computer:      DESKTOP-9KLOST5
Description:
The device, \Device\Harddisk0\DR0, has a bad block.
Event Xml:
<Event xmlns="http://schemas.microsoft.com/win/2004/08/events/event">
  <System>
    <Provider Name="Disk" />
    <EventID Qualifiers="49156">7</EventID>
    <Level>2</Level>
    <Task>0</Task>
    <Keywords>0x80000000000000</Keywords>
    <TimeCreated SystemTime="2017-06-16T02:09:18.086254400Z" />
    <EventRecordID>852</EventRecordID>
    <Channel>System</Channel>
    <Computer>DESKTOP-9KLOST5</Computer>
    <Security />
  </System>
  <EventData>
    <Data>\Device\Harddisk0\DR0</Data>
    <Binary>030081000100000000000000070004C0000100009C0000C000000000000000000020BBC42100000076D90C0000000000FFFFFFFF00000000580000840205000000200AFF42072000000002001E00000000008EE003A6FFFF207938E403A6FFFF000000000000000070F59AE403A6FFFF0000000000000000905DE21000000000280010E25D9000010000000000000000F00003000000000B0000000000000000000000000000000000</Binary>
  </EventData>
</Event>

Log Name:      System
Source:        Disk
Date:          16/06/2017 09:09:22
Event ID:      7
Task Category: None
Level:         Error
Keywords:      Classic
User:          N/A
Computer:      DESKTOP-9KLOST5
Description:
The device, \Device\Harddisk0\DR0, has a bad block.
Event Xml:
<Event xmlns="http://schemas.microsoft.com/win/2004/08/events/event">
  <System>
    <Provider Name="Disk" />
    <EventID Qualifiers="49156">7</EventID>
    <Level>2</Level>
    <Task>0</Task>
    <Keywords>0x80000000000000</Keywords>
    <TimeCreated SystemTime="2017-06-16T02:09:22.311197000Z" />
    <EventRecordID>853</EventRecordID>
    <Channel>System</Channel>
    <Computer>DESKTOP-9KLOST5</Computer>
    <Security />
  </System>
  <EventData>
    <Data>\Device\Harddisk0\DR0</Data>
    <Binary>030081000100000000000000070004C0000100009C0000C0000000000000000000D08BC52100000085DA0C0000000000FFFFFFFF00000000580000840205000000200AFF42072000000002001E000000000084E003A6FFFF207938E403A6FFFF0000000000000000C057DAE203A6FFFF0000000000000000E8C5E21000000000280010E2C5E800010000000000000000F00003000000000B0000000000000000000000000000000000</Binary>
  </EventData>
</Event>

Log Name:      System
Source:        Disk
Date:          16/06/2017 08:39:25
Event ID:      7
Task Category: None
Level:         Error
Keywords:      Classic
User:          N/A
Computer:      DESKTOP-9KLOST5
Description:
The device, \Device\Harddisk0\DR0, has a bad block.
Event Xml:
<Event xmlns="http://schemas.microsoft.com/win/2004/08/events/event">
  <System>
    <Provider Name="Disk" />
    <EventID Qualifiers="49156">7</EventID>
    <Level>2</Level>
    <Task>0</Task>
    <Keywords>0x80000000000000</Keywords>
    <TimeCreated SystemTime="2017-06-16T01:39:25.744326300Z" />
    <EventRecordID>842</EventRecordID>
    <Channel>System</Channel>
    <Computer>DESKTOP-9KLOST5</Computer>
    <Security />
  </System>
  <EventData>
    <Data>\Device\Harddisk0\DR0</Data>
    <Binary>030081000100000000000000070004C0000100009C0000C000000000000000000020BBC42100000060190B0000000000FFFFFFFF00000000580000840205000000200AFF42072000000002001E00000000C075E003A6FFFF00CE17E103A6FFFF0000000000000000C0A43FE103A6FFFF0000000000000000905DE21000000000280010E25D9000010000000000000000F00003000000000B0000000000000000000000000000000000</Binary>
  </EventData>
</Event>

Log Name:      System
Source:        Microsoft-Windows-DistributedCOM
Date:          16/06/2017 04:22:39
Event ID:      10016
Task Category: None
Level:         Error
Keywords:      Classic
User:          LOCAL SERVICE
Computer:      DESKTOP-9KLOST5
Description:
The machine-default permission settings do not grant Local Activation permission for the COM Server application with CLSID 
{C2F03A33-21F5-47FA-B4BB-156362A2F239}
 and APPID 
{316CDED5-E4AE-4B15-9113-7055D84DCC97}
 to the user NT AUTHORITY\LOCAL SERVICE SID (S-1-5-19) from address LocalHost (Using LRPC) running in the application container Unavailable SID (Unavailable). This security permission can be modified using the Component Services administrative tool.
Event Xml:
<Event xmlns="http://schemas.microsoft.com/win/2004/08/events/event">
  <System>
    <Provider Name="Microsoft-Windows-DistributedCOM" Guid="{1B562E86-B7AA-4131-BADC-B6F3A001407E}" EventSourceName="DCOM" />
    <EventID Qualifiers="0">10016</EventID>
    <Version>0</Version>
    <Level>2</Level>
    <Task>0</Task>
    <Opcode>0</Opcode>
    <Keywords>0x8080000000000000</Keywords>
    <TimeCreated SystemTime="2017-06-15T21:22:39.490362400Z" />
    <EventRecordID>307</EventRecordID>
    <Correlation />
    <Execution ProcessID="960" ThreadID="2324" />
    <Channel>System</Channel>
    <Computer>DESKTOP-9KLOST5</Computer>
    <Security UserID="S-1-5-19" />
  </System>
  <EventData>
    <Data Name="param1">machine-default</Data>
    <Data Name="param2">Local</Data>
    <Data Name="param3">Activation</Data>
    <Data Name="param4">{C2F03A33-21F5-47FA-B4BB-156362A2F239}</Data>
    <Data Name="param5">{316CDED5-E4AE-4B15-9113-7055D84DCC97}</Data>
    <Data Name="param6">NT AUTHORITY</Data>
    <Data Name="param7">LOCAL SERVICE</Data>
    <Data Name="param8">S-1-5-19</Data>
    <Data Name="param9">LocalHost (Using LRPC)</Data>
    <Data Name="param10">Unavailable</Data>
    <Data Name="param11">Unavailable</Data>
  </EventData>
</Event>

Log Name:      System
Source:        Microsoft-Windows-DistributedCOM
Date:          16/06/2017 04:22:39
Event ID:      10016
Task Category: None
Level:         Error
Keywords:      Classic
User:          LOCAL SERVICE
Computer:      DESKTOP-9KLOST5
Description:
The application-specific permission settings do not grant Local Activation permission for the COM Server application with CLSID 
{6B3B8D23-FA8D-40B9-8DBD-B950333E2C52}
 and APPID 
{4839DDB7-58C2-48F5-8283-E1D1807D0D7D}
 to the user NT AUTHORITY\LOCAL SERVICE SID (S-1-5-19) from address LocalHost (Using LRPC) running in the application container Unavailable SID (Unavailable). This security permission can be modified using the Component Services administrative tool.
Event Xml:
<Event xmlns="http://schemas.microsoft.com/win/2004/08/events/event">
  <System>
    <Provider Name="Microsoft-Windows-DistributedCOM" Guid="{1B562E86-B7AA-4131-BADC-B6F3A001407E}" EventSourceName="DCOM" />
    <EventID Qualifiers="0">10016</EventID>
    <Version>0</Version>
    <Level>2</Level>
    <Task>0</Task>
    <Opcode>0</Opcode>
    <Keywords>0x8080000000000000</Keywords>
    <TimeCreated SystemTime="2017-06-15T21:22:39.490362400Z" />
    <EventRecordID>308</EventRecordID>
    <Correlation />
    <Execution ProcessID="960" ThreadID="2324" />
    <Channel>System</Channel>
    <Computer>DESKTOP-9KLOST5</Computer>
    <Security UserID="S-1-5-19" />
  </System>
  <EventData>
    <Data Name="param1">application-specific</Data>
    <Data Name="param2">Local</Data>
    <Data Name="param3">Activation</Data>
    <Data Name="param4">{6B3B8D23-FA8D-40B9-8DBD-B950333E2C52}</Data>
    <Data Name="param5">{4839DDB7-58C2-48F5-8283-E1D1807D0D7D}</Data>
    <Data Name="param6">NT AUTHORITY</Data>
    <Data Name="param7">LOCAL SERVICE</Data>
    <Data Name="param8">S-1-5-19</Data>
    <Data Name="param9">LocalHost (Using LRPC)</Data>
    <Data Name="param10">Unavailable</Data>
    <Data Name="param11">Unavailable</Data>
  </EventData>
</Event>

Log Name:      System
Source:        Microsoft-Windows-DistributedCOM
Date:          16/06/2017 04:44:38
Event ID:      10016
Task Category: None
Level:         Error
Keywords:      Classic
User:          LOCAL SERVICE
Computer:      DESKTOP-9KLOST5
Description:
The application-specific permission settings do not grant Local Activation permission for the COM Server application with CLSID 
{6B3B8D23-FA8D-40B9-8DBD-B950333E2C52}
 and APPID 
{4839DDB7-58C2-48F5-8283-E1D1807D0D7D}
 to the user NT AUTHORITY\LOCAL SERVICE SID (S-1-5-19) from address LocalHost (Using LRPC) running in the application container Unavailable SID (Unavailable). This security permission can be modified using the Component Services administrative tool.
Event Xml:
<Event xmlns="http://schemas.microsoft.com/win/2004/08/events/event">
  <System>
    <Provider Name="Microsoft-Windows-DistributedCOM" Guid="{1B562E86-B7AA-4131-BADC-B6F3A001407E}" EventSourceName="DCOM" />
    <EventID Qualifiers="0">10016</EventID>
    <Version>0</Version>
    <Level>2</Level>
    <Task>0</Task>
    <Opcode>0</Opcode>
    <Keywords>0x8080000000000000</Keywords>
    <TimeCreated SystemTime="2017-06-15T21:44:38.283233100Z" />
    <EventRecordID>385</EventRecordID>
    <Correlation />
    <Execution ProcessID="960" ThreadID="792" />
    <Channel>System</Channel>
    <Computer>DESKTOP-9KLOST5</Computer>
    <Security UserID="S-1-5-19" />
  </System>
  <EventData>
    <Data Name="param1">application-specific</Data>
    <Data Name="param2">Local</Data>
    <Data Name="param3">Activation</Data>
    <Data Name="param4">{6B3B8D23-FA8D-40B9-8DBD-B950333E2C52}</Data>
    <Data Name="param5">{4839DDB7-58C2-48F5-8283-E1D1807D0D7D}</Data>
    <Data Name="param6">NT AUTHORITY</Data>
    <Data Name="param7">LOCAL SERVICE</Data>
    <Data Name="param8">S-1-5-19</Data>
    <Data Name="param9">LocalHost (Using LRPC)</Data>
    <Data Name="param10">Unavailable</Data>
    <Data Name="param11">Unavailable</Data>
  </EventData>
</Event>

Log Name:      System
Source:        Microsoft-Windows-DistributedCOM
Date:          16/06/2017 04:22:39
Event ID:      10016
Task Category: None
Level:         Error
Keywords:      Classic
User:          LOCAL SERVICE
Computer:      DESKTOP-9KLOST5
Description:
The application-specific permission settings do not grant Local Activation permission for the COM Server application with CLSID 
{6B3B8D23-FA8D-40B9-8DBD-B950333E2C52}
 and APPID 
{4839DDB7-58C2-48F5-8283-E1D1807D0D7D}
 to the user NT AUTHORITY\LOCAL SERVICE SID (S-1-5-19) from address LocalHost (Using LRPC) running in the application container Unavailable SID (Unavailable). This security permission can be modified using the Component Services administrative tool.
Event Xml:
<Event xmlns="http://schemas.microsoft.com/win/2004/08/events/event">
  <System>
    <Provider Name="Microsoft-Windows-DistributedCOM" Guid="{1B562E86-B7AA-4131-BADC-B6F3A001407E}" EventSourceName="DCOM" />
    <EventID Qualifiers="0">10016</EventID>
    <Version>0</Version>
    <Level>2</Level>
    <Task>0</Task>
    <Opcode>0</Opcode>
    <Keywords>0x8080000000000000</Keywords>
    <TimeCreated SystemTime="2017-06-15T21:22:39.490362400Z" />
    <EventRecordID>306</EventRecordID>
    <Correlation />
    <Execution ProcessID="960" ThreadID="2324" />
    <Channel>System</Channel>
    <Computer>DESKTOP-9KLOST5</Computer>
    <Security UserID="S-1-5-19" />
  </System>
  <EventData>
    <Data Name="param1">application-specific</Data>
    <Data Name="param2">Local</Data>
    <Data Name="param3">Activation</Data>
    <Data Name="param4">{6B3B8D23-FA8D-40B9-8DBD-B950333E2C52}</Data>
    <Data Name="param5">{4839DDB7-58C2-48F5-8283-E1D1807D0D7D}</Data>
    <Data Name="param6">NT AUTHORITY</Data>
    <Data Name="param7">LOCAL SERVICE</Data>
    <Data Name="param8">S-1-5-19</Data>
    <Data Name="param9">LocalHost (Using LRPC)</Data>
    <Data Name="param10">Unavailable</Data>
    <Data Name="param11">Unavailable</Data>
  </EventData>
</Event>

Log Name:      System
Source:        Microsoft-Windows-DistributedCOM
Date:          16/06/2017 04:22:39
Event ID:      10016
Task Category: None
Level:         Error
Keywords:      Classic
User:          LOCAL SERVICE
Computer:      DESKTOP-9KLOST5
Description:
The machine-default permission settings do not grant Local Activation permission for the COM Server application with CLSID 
{C2F03A33-21F5-47FA-B4BB-156362A2F239}
 and APPID 
{316CDED5-E4AE-4B15-9113-7055D84DCC97}
 to the user NT AUTHORITY\LOCAL SERVICE SID (S-1-5-19) from address LocalHost (Using LRPC) running in the application container Unavailable SID (Unavailable). This security permission can be modified using the Component Services administrative tool.
Event Xml:
<Event xmlns="http://schemas.microsoft.com/win/2004/08/events/event">
  <System>
    <Provider Name="Microsoft-Windows-DistributedCOM" Guid="{1B562E86-B7AA-4131-BADC-B6F3A001407E}" EventSourceName="DCOM" />
    <EventID Qualifiers="0">10016</EventID>
    <Version>0</Version>
    <Level>2</Level>
    <Task>0</Task>
    <Opcode>0</Opcode>
    <Keywords>0x8080000000000000</Keywords>
    <TimeCreated SystemTime="2017-06-15T21:22:39.490362400Z" />
    <EventRecordID>309</EventRecordID>
    <Correlation />
    <Execution ProcessID="960" ThreadID="2324" />
    <Channel>System</Channel>
    <Computer>DESKTOP-9KLOST5</Computer>
    <Security UserID="S-1-5-19" />
  </System>
  <EventData>
    <Data Name="param1">machine-default</Data>
    <Data Name="param2">Local</Data>
    <Data Name="param3">Activation</Data>
    <Data Name="param4">{C2F03A33-21F5-47FA-B4BB-156362A2F239}</Data>
    <Data Name="param5">{316CDED5-E4AE-4B15-9113-7055D84DCC97}</Data>
    <Data Name="param6">NT AUTHORITY</Data>
    <Data Name="param7">LOCAL SERVICE</Data>
    <Data Name="param8">S-1-5-19</Data>
    <Data Name="param9">LocalHost (Using LRPC)</Data>
    <Data Name="param10">Unavailable</Data>
    <Data Name="param11">Unavailable</Data>
  </EventData>
</Event>

Log Name:      System
Source:        Disk
Date:          16/06/2017 08:19:02
Event ID:      7
Task Category: None
Level:         Error
Keywords:      Classic
User:          N/A
Computer:      DESKTOP-9KLOST5
Description:
The device, \Device\Harddisk0\DR0, has a bad block.
Event Xml:
<Event xmlns="http://schemas.microsoft.com/win/2004/08/events/event">
  <System>
    <Provider Name="Disk" />
    <EventID Qualifiers="49156">7</EventID>
    <Level>2</Level>
    <Task>0</Task>
    <Keywords>0x80000000000000</Keywords>
    <TimeCreated SystemTime="2017-06-16T01:19:02.427273300Z" />
    <EventRecordID>838</EventRecordID>
    <Channel>System</Channel>
    <Computer>DESKTOP-9KLOST5</Computer>
    <Security />
  </System>
  <EventData>
    <Data>\Device\Harddisk0\DR0</Data>
    <Binary>030081000100000000000000070004C0000100009C0000C0000000000000000000D08BC5210000008CE7090000000000FFFFFFFF00000000580000840205000000200AFF42072000000002001E000000008073E003A6FFFF80FE4DEA03A6FFFF0000000000000000D00BD5E003A6FFFF0000000000000000E8C5E21000000000280010E2C5E800010000000000000000F00003000000000B0000000000000000000000000000000000</Binary>
  </EventData>
</Event>

Log Name:      System
Source:        Disk
Date:          16/06/2017 08:39:22
Event ID:      7
Task Category: None
Level:         Error
Keywords:      Classic
User:          N/A
Computer:      DESKTOP-9KLOST5
Description:
The device, \Device\Harddisk0\DR0, has a bad block.
Event Xml:
<Event xmlns="http://schemas.microsoft.com/win/2004/08/events/event">
  <System>
    <Provider Name="Disk" />
    <EventID Qualifiers="49156">7</EventID>
    <Level>2</Level>
    <Task>0</Task>
    <Keywords>0x80000000000000</Keywords>
    <TimeCreated SystemTime="2017-06-16T01:39:22.186905500Z" />
    <EventRecordID>841</EventRecordID>
    <Channel>System</Channel>
    <Computer>DESKTOP-9KLOST5</Computer>
    <Security />
  </System>
  <EventData>
    <Data>\Device\Harddisk0\DR0</Data>
    <Binary>030081000100000000000000070004C0000100009C0000C0000000000000000000E0B9C6210000007D180B0000000000FFFFFFFF00000000580000840205000000200AFF42072000000002001E00000000C069E003A6FFFF00CE17E103A6FFFF0000000000000000D02B55E003A6FFFF0000000000000000F05CE31000000000280010E35CF000010000000000000000F00003000000000B0000000000000000000000000000000000</Binary>
  </EventData>
</Event>

Log Name:      System
Source:        Disk
Date:          16/06/2017 08:18:54
Event ID:      7
Task Category: None
Level:         Error
Keywords:      Classic
User:          N/A
Computer:      DESKTOP-9KLOST5
Description:
The device, \Device\Harddisk0\DR0, has a bad block.
Event Xml:
<Event xmlns="http://schemas.microsoft.com/win/2004/08/events/event">
  <System>
    <Provider Name="Disk" />
    <EventID Qualifiers="49156">7</EventID>
    <Level>2</Level>
    <Task>0</Task>
    <Keywords>0x80000000000000</Keywords>
    <TimeCreated SystemTime="2017-06-16T01:18:54.582367000Z" />
    <EventRecordID>836</EventRecordID>
    <Channel>System</Channel>
    <Computer>DESKTOP-9KLOST5</Computer>
    <Security />
  </System>
  <EventData>
    <Data>\Device\Harddisk0\DR0</Data>
    <Binary>030081000100000000000000070004C0000100009C0000C0000000000000000000E0B9C62100000096E5090000000000FFFFFFFF00000000580000840205000000200AFF42072000000002001E000000008071E003A6FFFF10B68CE303A6FFFF0000000000000000C05DB5EA03A6FFFF0000000000000000F05CE31000000000280010E35CF000010000000000000000F00003000000000B0000000000000000000000000000000000</Binary>
  </EventData>
</Event>

Log Name:      System
Source:        Disk
Date:          16/06/2017 08:18:58
Event ID:      7
Task Category: None
Level:         Error
Keywords:      Classic
User:          N/A
Computer:      DESKTOP-9KLOST5
Description:
The device, \Device\Harddisk0\DR0, has a bad block.
Event Xml:
<Event xmlns="http://schemas.microsoft.com/win/2004/08/events/event">
  <System>
    <Provider Name="Disk" />
    <EventID Qualifiers="49156">7</EventID>
    <Level>2</Level>
    <Task>0</Task>
    <Keywords>0x80000000000000</Keywords>
    <TimeCreated SystemTime="2017-06-16T01:18:58.150057100Z" />
    <EventRecordID>837</EventRecordID>
    <Channel>System</Channel>
    <Computer>DESKTOP-9KLOST5</Computer>
    <Security />
  </System>
  <EventData>
    <Data>\Device\Harddisk0\DR0</Data>
    <Binary>030081000100000000000000070004C0000100009C0000C000000000000000000020BBC4210000007AE6090000000000FFFFFFFF00000000580000840205000000200AFF42072000000002001E00000000807DE003A6FFFF80FE4DEA03A6FFFF00000000000000009011AEEA03A6FFFF0000000000000000905DE21000000000280010E25D9000010000000000000000F00003000000000B0000000000000000000000000000000000</Binary>
  </EventData>
</Event>

Log Name:      System
Source:        Disk
Date:          16/06/2017 18:48:26
Event ID:      7
Task Category: None
Level:         Error
Keywords:      Classic
User:          N/A
Computer:      DESKTOP-9KLOST5
Description:
The device, \Device\Harddisk0\DR0, has a bad block.
Event Xml:
<Event xmlns="http://schemas.microsoft.com/win/2004/08/events/event">
  <System>
    <Provider Name="Disk" />
    <EventID Qualifiers="49156">7</EventID>
    <Level>2</Level>
    <Task>0</Task>
    <Keywords>0x80000000000000</Keywords>
    <TimeCreated SystemTime="2017-06-16T11:48:26.329228300Z" />
    <EventRecordID>1244</EventRecordID>
    <Channel>System</Channel>
    <Computer>DESKTOP-9KLOST5</Computer>
    <Security />
  </System>
  <EventData>
    <Data>\Device\Harddisk0\DR0</Data>
    <Binary>030081000100000000000000070004C0000100009C0000C0000000000000000000903C69D1000000C3B2030000000000FFFFFFFF00000000580000840205000000200AFF42072000000002001E0000000000EE748094FFFFA076A3798094FFFF000000000000000070D5DE7E8094FFFF0000000000000000489EB46800000000280068B49E4800010000000000000000F00003000000000B0000000000000000000000000000000000</Binary>
  </EventData>
</Event>

Log Name:      System
Source:        Disk
Date:          16/06/2017 18:48:22
Event ID:      7
Task Category: None
Level:         Error
Keywords:      Classic
User:          N/A
Computer:      DESKTOP-9KLOST5
Description:
The device, \Device\Harddisk0\DR0, has a bad block.
Event Xml:
<Event xmlns="http://schemas.microsoft.com/win/2004/08/events/event">
  <System>
    <Provider Name="Disk" />
    <EventID Qualifiers="49156">7</EventID>
    <Level>2</Level>
    <Task>0</Task>
    <Keywords>0x80000000000000</Keywords>
    <TimeCreated SystemTime="2017-06-16T11:48:22.783690200Z" />
    <EventRecordID>1243</EventRecordID>
    <Channel>System</Channel>
    <Computer>DESKTOP-9KLOST5</Computer>
    <Security />
  </System>
  <EventData>
    <Data>\Device\Harddisk0\DR0</Data>
    <Binary>030081000100000000000000070004C0000100009C0000C0000000000000000000903A69D1000000E0B1030000000000FFFFFFFF00000000580000840205000000200AFF42072000000002001E0000000000EC748094FFFFA076A3798094FFFF000000000000000010904E758094FFFF0000000000000000489DB46800000000280068B49D4800010000000000000000F00003000000000B0000000000000000000000000000000000</Binary>
  </EventData>
</Event>

Log Name:      System
Source:        EventLog
Date:          16/06/2017 22:16:58
Event ID:      6008
Task Category: None
Level:         Error
Keywords:      Classic
User:          N/A
Computer:      DESKTOP-9KLOST5
Description:
The previous system shutdown at 21:45:44 on ?16/?06/?2017 was unexpected.
Event Xml:
<Event xmlns="http://schemas.microsoft.com/win/2004/08/events/event">
  <System>
    <Provider Name="EventLog" />
    <EventID Qualifiers="32768">6008</EventID>
    <Level>2</Level>
    <Task>0</Task>
    <Keywords>0x80000000000000</Keywords>
    <TimeCreated SystemTime="2017-06-16T15:16:58.399751800Z" />
    <EventRecordID>1248</EventRecordID>
    <Channel>System</Channel>
    <Computer>DESKTOP-9KLOST5</Computer>
    <Security />
  </System>
  <EventData>
    <Data>21:45:44</Data>
    <Data>?16/?06/?2017</Data>
    <Data>
    </Data>
    <Data>
    </Data>
    <Data>14424</Data>
    <Data>
    </Data>
    <Data>
    </Data>
    <Binary>E10706000500100015002D002C00D000E1070600050010000E002D002C00D000600900003C000000010000006009000001000000B00400000100000000000000</Binary>
  </EventData>
</Event>

Log Name:      System
Source:        Service Control Manager
Date:          16/06/2017 18:08:02
Event ID:      7023
Task Category: None
Level:         Error
Keywords:      Classic
User:          N/A
Computer:      WIN-QK4MAFSA5GB
Description:
The iphlpsvc service terminated with the following error: 
The service cannot be started, either because it is disabled or because it has no enabled devices associated with it.
Event Xml:
<Event xmlns="http://schemas.microsoft.com/win/2004/08/events/event">
  <System>
    <Provider Name="Service Control Manager" Guid="{555908d1-a6d7-4695-8e1e-26931d2012f4}" EventSourceName="Service Control Manager" />
    <EventID Qualifiers="49152">7023</EventID>
    <Version>0</Version>
    <Level>2</Level>
    <Task>0</Task>
    <Opcode>0</Opcode>
    <Keywords>0x8080000000000000</Keywords>
    <TimeCreated SystemTime="2017-06-16T11:08:02.423412300Z" />
    <EventRecordID>50</EventRecordID>
    <Correlation />
    <Execution ProcessID="676" ThreadID="2240" />
    <Channel>System</Channel>
    <Computer>WIN-QK4MAFSA5GB</Computer>
    <Security />
  </System>
  <EventData>
    <Data Name="param1">iphlpsvc</Data>
    <Data Name="param2">%%1058</Data>
    <Binary>6900700068006C0070007300760063000000</Binary>
  </EventData>
</Event>

Log Name:      System
Source:        Service Control Manager
Date:          16/06/2017 17:45:45
Event ID:      7000
Task Category: None
Level:         Error
Keywords:      Classic
User:          N/A
Computer:      DESKTOP-9KLOST5
Description:
The CldFlt service failed to start due to the following error: 
The request is not supported.
Event Xml:
<Event xmlns="http://schemas.microsoft.com/win/2004/08/events/event">
  <System>
    <Provider Name="Service Control Manager" Guid="{555908d1-a6d7-4695-8e1e-26931d2012f4}" EventSourceName="Service Control Manager" />
    <EventID Qualifiers="49152">7000</EventID>
    <Version>0</Version>
    <Level>2</Level>
    <Task>0</Task>
    <Opcode>0</Opcode>
    <Keywords>0x8080000000000000</Keywords>
    <TimeCreated SystemTime="2017-06-16T10:45:45.589731200Z" />
    <EventRecordID>1215</EventRecordID>
    <Correlation />
    <Execution ProcessID="812" ThreadID="904" />
    <Channel>System</Channel>
    <Computer>DESKTOP-9KLOST5</Computer>
    <Security />
  </System>
  <EventData>
    <Data Name="param1">CldFlt</Data>
    <Data Name="param2">%%50</Data>
    <Binary>43006C00640046006C0074000000</Binary>
  </EventData>
</Event>

Log Name:      System
Source:        Disk
Date:          16/06/2017 17:59:59
Event ID:      7
Task Category: None
Level:         Error
Keywords:      Classic
User:          N/A
Computer:      DESKTOP-9KLOST5
Description:
The device, \Device\Harddisk0\DR0, has a bad block.
Event Xml:
<Event xmlns="http://schemas.microsoft.com/win/2004/08/events/event">
  <System>
    <Provider Name="Disk" />
    <EventID Qualifiers="49156">7</EventID>
    <Level>2</Level>
    <Task>0</Task>
    <Keywords>0x80000000000000</Keywords>
    <TimeCreated SystemTime="2017-06-16T10:59:59.043834700Z" />
    <EventRecordID>1227</EventRecordID>
    <Channel>System</Channel>
    <Computer>DESKTOP-9KLOST5</Computer>
    <Security />
  </System>
  <EventData>
    <Data>\Device\Harddisk0\DR0</Data>
    <Binary>030081000100000000000000070004C0000100009C0000C0000000000000000000E0B9C621000000F0DB000000000000FFFFFFFF00000000580000840205000000200AFF42072000000002001E0000000000227F8094FFFFA0271D7F8094FFFF000000000000000060A234758094FFFF0000000000000000F05CE31000000000280010E35CF000010000000000000000F00003000000000B0000000000000000000000000000000000</Binary>
  </EventData>
</Event>

Log Name:      System
Source:        Disk
Date:          16/06/2017 18:48:19
Event ID:      7
Task Category: None
Level:         Error
Keywords:      Classic
User:          N/A
Computer:      DESKTOP-9KLOST5
Description:
The device, \Device\Harddisk0\DR0, has a bad block.
Event Xml:
<Event xmlns="http://schemas.microsoft.com/win/2004/08/events/event">
  <System>
    <Provider Name="Disk" />
    <EventID Qualifiers="49156">7</EventID>
    <Level>2</Level>
    <Task>0</Task>
    <Keywords>0x80000000000000</Keywords>
    <TimeCreated SystemTime="2017-06-16T11:48:19.305892200Z" />
    <EventRecordID>1242</EventRecordID>
    <Channel>System</Channel>
    <Computer>DESKTOP-9KLOST5</Computer>
    <Security />
  </System>
  <EventData>
    <Data>\Device\Harddisk0\DR0</Data>
    <Binary>030081000100000000000000070004C0000100009C0000C0000000000000000000903869D100000001B1030000000000FFFFFFFF00000000580000840205000000200AFF42072000000002001E0000000000EA748094FFFFA076A3798094FFFF00000000000000001000D6768094FFFF0000000000000000489CB46800000000280068B49C4800010000000000000000F00003000000000B0000000000000000000000000000000000</Binary>
  </EventData>
</Event>

Log Name:      System
Source:        Service Control Manager
Date:          16/06/2017 22:16:57
Event ID:      7000
Task Category: None
Level:         Error
Keywords:      Classic
User:          N/A
Computer:      DESKTOP-9KLOST5
Description:
The CldFlt service failed to start due to the following error: 
The request is not supported.
Event Xml:
<Event xmlns="http://schemas.microsoft.com/win/2004/08/events/event">
  <System>
    <Provider Name="Service Control Manager" Guid="{555908d1-a6d7-4695-8e1e-26931d2012f4}" EventSourceName="Service Control Manager" />
    <EventID Qualifiers="49152">7000</EventID>
    <Version>0</Version>
    <Level>2</Level>
    <Task>0</Task>
    <Opcode>0</Opcode>
    <Keywords>0x8080000000000000</Keywords>
    <TimeCreated SystemTime="2017-06-16T15:16:57.837071800Z" />
    <EventRecordID>1286</EventRecordID>
    <Correlation />
    <Execution ProcessID="768" ThreadID="932" />
    <Channel>System</Channel>
    <Computer>DESKTOP-9KLOST5</Computer>
    <Security />
  </System>
  <EventData>
    <Data Name="param1">CldFlt</Data>
    <Data Name="param2">%%50</Data>
    <Binary>43006C00640046006C0074000000</Binary>
  </EventData>
</Event>

Log Name:      System
Source:        Microsoft-Windows-DistributedCOM
Date:          16/06/2017 18:09:52
Event ID:      10010
Task Category: None
Level:         Error
Keywords:      Classic
User:          SYSTEM
Computer:      WIN-QK4MAFSA5GB
Description:
The server {A47979D2-C419-11D9-A5B4-001185AD2B89} did not register with DCOM within the required timeout.
Event Xml:
<Event xmlns="http://schemas.microsoft.com/win/2004/08/events/event">
  <System>
    <Provider Name="Microsoft-Windows-DistributedCOM" Guid="{1B562E86-B7AA-4131-BADC-B6F3A001407E}" EventSourceName="DCOM" />
    <EventID Qualifiers="0">10010</EventID>
    <Version>0</Version>
    <Level>2</Level>
    <Task>0</Task>
    <Opcode>0</Opcode>
    <Keywords>0x8080000000000000</Keywords>
    <TimeCreated SystemTime="2017-06-16T11:09:52.833264100Z" />
    <EventRecordID>117</EventRecordID>
    <Correlation />
    <Execution ProcessID="940" ThreadID="972" />
    <Channel>System</Channel>
    <Computer>WIN-QK4MAFSA5GB</Computer>
    <Security UserID="S-1-5-18" />
  </System>
  <EventData>
    <Data Name="param1">{A47979D2-C419-11D9-A5B4-001185AD2B89}</Data>
  </EventData>
</Event>

Log Name:      System
Source:        Microsoft-Windows-DistributedCOM
Date:          16/06/2017 17:07:19
Event ID:      10010
Task Category: None
Level:         Error
Keywords:      Classic
User:          DESKTOP-9KLOST5\trays
Computer:      DESKTOP-9KLOST5
Description:
The server Microsoft.Windows.Photos_17.524.10020.0_x64__8wekyb3d8bbwe!App.AppXy9rh3t8m2jfpvhhxp6y2ksgeq77vymbq.mca did not register with DCOM within the required timeout.
Event Xml:
<Event xmlns="http://schemas.microsoft.com/win/2004/08/events/event">
  <System>
    <Provider Name="Microsoft-Windows-DistributedCOM" Guid="{1B562E86-B7AA-4131-BADC-B6F3A001407E}" EventSourceName="DCOM" />
    <EventID Qualifiers="0">10010</EventID>
    <Version>0</Version>
    <Level>2</Level>
    <Task>0</Task>
    <Opcode>0</Opcode>
    <Keywords>0x8080000000000000</Keywords>
    <TimeCreated SystemTime="2017-06-16T10:07:19.594344000Z" />
    <EventRecordID>1156</EventRecordID>
    <Correlation />
    <Execution ProcessID="420" ThreadID="3840" />
    <Channel>System</Channel>
    <Computer>DESKTOP-9KLOST5</Computer>
    <Security UserID="S-1-5-21-587206502-3826500695-1328122230-1001" />
  </System>
  <EventData>
    <Data Name="param1">Microsoft.Windows.Photos_17.524.10020.0_x64__8wekyb3d8bbwe!App.AppXy9rh3t8m2jfpvhhxp6y2ksgeq77vymbq.mca</Data>
  </EventData>
</Event>

Log Name:      System
Source:        Service Control Manager
Date:          16/06/2017 17:44:27
Event ID:      7043
Task Category: None
Level:         Error
Keywords:      Classic
User:          N/A
Computer:      DESKTOP-9KLOST5
Description:
The Update Orchestrator Service service did not shut down properly after receiving a preshutdown control.
Event Xml:
<Event xmlns="http://schemas.microsoft.com/win/2004/08/events/event">
  <System>
    <Provider Name="Service Control Manager" Guid="{555908d1-a6d7-4695-8e1e-26931d2012f4}" EventSourceName="Service Control Manager" />
    <EventID Qualifiers="49152">7043</EventID>
    <Version>0</Version>
    <Level>2</Level>
    <Task>0</Task>
    <Opcode>0</Opcode>
    <Keywords>0x8080000000000000</Keywords>
    <TimeCreated SystemTime="2017-06-16T10:44:27.568456300Z" />
    <EventRecordID>1163</EventRecordID>
    <Correlation ActivityID="{798D879D-E664-0007-1902-8E7964E6D201}" />
    <Execution ProcessID="812" ThreadID="5276" />
    <Channel>System</Channel>
    <Computer>DESKTOP-9KLOST5</Computer>
    <Security />
  </System>
  <EventData>
    <Data Name="param1">Update Orchestrator Service</Data>
    <Binary>550073006F005300760063000000</Binary>
  </EventData>
</Event>

Log Name:      System
Source:        Microsoft-Windows-DistributedCOM
Date:          16/06/2017 17:43:18
Event ID:      10010
Task Category: None
Level:         Error
Keywords:      Classic
User:          DESKTOP-9KLOST5\trays
Computer:      DESKTOP-9KLOST5
Description:
The server {4AA0A5C4-1B9B-4F2E-99D7-99C6AEC83474} did not register with DCOM within the required timeout.
Event Xml:
<Event xmlns="http://schemas.microsoft.com/win/2004/08/events/event">
  <System>
    <Provider Name="Microsoft-Windows-DistributedCOM" Guid="{1B562E86-B7AA-4131-BADC-B6F3A001407E}" EventSourceName="DCOM" />
    <EventID Qualifiers="0">10010</EventID>
    <Version>0</Version>
    <Level>2</Level>
    <Task>0</Task>
    <Opcode>0</Opcode>
    <Keywords>0x8080000000000000</Keywords>
    <TimeCreated SystemTime="2017-06-16T10:43:18.450803900Z" />
    <EventRecordID>1158</EventRecordID>
    <Correlation />
    <Execution ProcessID="420" ThreadID="252" />
    <Channel>System</Channel>
    <Computer>DESKTOP-9KLOST5</Computer>
    <Security UserID="S-1-5-21-587206502-3826500695-1328122230-1001" />
  </System>
  <EventData>
    <Data Name="param1">{4AA0A5C4-1B9B-4F2E-99D7-99C6AEC83474}</Data>
  </EventData>
</Event>

Log Name:      System
Source:        Service Control Manager
Date:          16/06/2017 18:07:50
Event ID:      7000
Task Category: None
Level:         Error
Keywords:      Classic
User:          N/A
Computer:      WIN-QK4MAFSA5GB
Description:
The CldFlt service failed to start due to the following error: 
The request is not supported.
Event Xml:
<Event xmlns="http://schemas.microsoft.com/win/2004/08/events/event">
  <System>
    <Provider Name="Service Control Manager" Guid="{555908d1-a6d7-4695-8e1e-26931d2012f4}" EventSourceName="Service Control Manager" />
    <EventID Qualifiers="49152">7000</EventID>
    <Version>0</Version>
    <Level>2</Level>
    <Task>0</Task>
    <Opcode>0</Opcode>
    <Keywords>0x8080000000000000</Keywords>
    <TimeCreated SystemTime="2017-06-16T11:07:50.282693000Z" />
    <EventRecordID>45</EventRecordID>
    <Correlation />
    <Execution ProcessID="676" ThreadID="1284" />
    <Channel>System</Channel>
    <Computer>WIN-QK4MAFSA5GB</Computer>
    <Security />
  </System>
  <EventData>
    <Data Name="param1">CldFlt</Data>
    <Data Name="param2">%%50</Data>
    <Binary>43006C00640046006C0074000000</Binary>
  </EventData>
</Event>

Log Name:      System
Source:        Service Control Manager
Date:          16/06/2017 18:07:54
Event ID:      7023
Task Category: None
Level:         Error
Keywords:      Classic
User:          N/A
Computer:      WIN-QK4MAFSA5GB
Description:
The Spooler service terminated with the following error: 
Ran out of memory
Event Xml:
<Event xmlns="http://schemas.microsoft.com/win/2004/08/events/event">
  <System>
    <Provider Name="Service Control Manager" Guid="{555908d1-a6d7-4695-8e1e-26931d2012f4}" EventSourceName="Service Control Manager" />
    <EventID Qualifiers="49152">7023</EventID>
    <Version>0</Version>
    <Level>2</Level>
    <Task>0</Task>
    <Opcode>0</Opcode>
    <Keywords>0x8080000000000000</Keywords>
    <TimeCreated SystemTime="2017-06-16T11:07:54.845228500Z" />
    <EventRecordID>48</EventRecordID>
    <Correlation />
    <Execution ProcessID="676" ThreadID="1284" />
    <Channel>System</Channel>
    <Computer>WIN-QK4MAFSA5GB</Computer>
    <Security />
  </System>
  <EventData>
    <Data Name="param1">Spooler</Data>
    <Data Name="param2">%%2147942414</Data>
    <Binary>530070006F006F006C00650072000000</Binary>
  </EventData>
</Event>

Log Name:      System
Source:        Microsoft-Windows-DistributedCOM
Date:          16/06/2017 16:40:57
Event ID:      10010
Task Category: None
Level:         Error
Keywords:      Classic
User:          DESKTOP-9KLOST5\trays
Computer:      DESKTOP-9KLOST5
Description:
The server Microsoft.Windows.ShellExperienceHost_10.0.15063.332_neutral_neutral_cw5n1h2txyewy!App did not register with DCOM within the required timeout.
Event Xml:
<Event xmlns="http://schemas.microsoft.com/win/2004/08/events/event">
  <System>
    <Provider Name="Microsoft-Windows-DistributedCOM" Guid="{1B562E86-B7AA-4131-BADC-B6F3A001407E}" EventSourceName="DCOM" />
    <EventID Qualifiers="0">10010</EventID>
    <Version>0</Version>
    <Level>2</Level>
    <Task>0</Task>
    <Opcode>0</Opcode>
    <Keywords>0x8080000000000000</Keywords>
    <TimeCreated SystemTime="2017-06-16T09:40:57.871964900Z" />
    <EventRecordID>1153</EventRecordID>
    <Correlation />
    <Execution ProcessID="420" ThreadID="5708" />
    <Channel>System</Channel>
    <Computer>DESKTOP-9KLOST5</Computer>
    <Security UserID="S-1-5-21-587206502-3826500695-1328122230-1001" />
  </System>
  <EventData>
    <Data Name="param1">Microsoft.Windows.ShellExperienceHost_10.0.15063.332_neutral_neutral_cw5n1h2txyewy!App</Data>
  </EventData>
</Event>

Log Name:      System
Source:        Service Control Manager
Date:          16/06/2017 05:17:53
Event ID:      7000
Task Category: None
Level:         Error
Keywords:      Classic
User:          N/A
Computer:      DESKTOP-9KLOST5
Description:
The CldFlt service failed to start due to the following error: 
The request is not supported.
Event Xml:
<Event xmlns="http://schemas.microsoft.com/win/2004/08/events/event">
  <System>
    <Provider Name="Service Control Manager" Guid="{555908d1-a6d7-4695-8e1e-26931d2012f4}" EventSourceName="Service Control Manager" />
    <EventID Qualifiers="49152">7000</EventID>
    <Version>0</Version>
    <Level>2</Level>
    <Task>0</Task>
    <Opcode>0</Opcode>
    <Keywords>0x8080000000000000</Keywords>
    <TimeCreated SystemTime="2017-06-15T22:17:53.632516400Z" />
    <EventRecordID>597</EventRecordID>
    <Correlation />
    <Execution ProcessID="728" ThreadID="1220" />
    <Channel>System</Channel>
    <Computer>DESKTOP-9KLOST5</Computer>
    <Security />
  </System>
  <EventData>
    <Data Name="param1">CldFlt</Data>
    <Data Name="param2">%%50</Data>
    <Binary>43006C00640046006C0074000000</Binary>
  </EventData>
</Event>

Log Name:      System
Source:        Disk
Date:          16/06/2017 18:48:15
Event ID:      7
Task Category: None
Level:         Error
Keywords:      Classic
User:          N/A
Computer:      DESKTOP-9KLOST5
Description:
The device, \Device\Harddisk0\DR0, has a bad block.
Event Xml:
<Event xmlns="http://schemas.microsoft.com/win/2004/08/events/event">
  <System>
    <Provider Name="Disk" />
    <EventID Qualifiers="49156">7</EventID>
    <Level>2</Level>
    <Task>0</Task>
    <Keywords>0x80000000000000</Keywords>
    <TimeCreated SystemTime="2017-06-16T11:48:15.817561100Z" />
    <EventRecordID>1241</EventRecordID>
    <Channel>System</Channel>
    <Computer>DESKTOP-9KLOST5</Computer>
    <Security />
  </System>
  <EventData>
    <Data>\Device\Harddisk0\DR0</Data>
    <Binary>030081000100000000000000070004C0000100009C0000C0000000000000000000903669D100000022B0030000000000FFFFFFFF00000000580000840205000000200AFF42072000000002001E0000000000E8748094FFFFA076A3798094FFFF0000000000000000105033758094FFFF0000000000000000489BB46800000000280068B49B4800010000000000000000F00003000000000B0000000000000000000000000000000000</Binary>
  </EventData>
</Event>

Log Name:      System
Source:        Disk
Date:          16/06/2017 18:48:02
Event ID:      7
Task Category: None
Level:         Error
Keywords:      Classic
User:          N/A
Computer:      DESKTOP-9KLOST5
Description:
The device, \Device\Harddisk0\DR0, has a bad block.
Event Xml:
<Event xmlns="http://schemas.microsoft.com/win/2004/08/events/event">
  <System>
    <Provider Name="Disk" />
    <EventID Qualifiers="49156">7</EventID>
    <Level>2</Level>
    <Task>0</Task>
    <Keywords>0x80000000000000</Keywords>
    <TimeCreated SystemTime="2017-06-16T11:48:02.206108500Z" />
    <EventRecordID>1237</EventRecordID>
    <Channel>System</Channel>
    <Computer>DESKTOP-9KLOST5</Computer>
    <Security />
  </System>
  <EventData>
    <Data>\Device\Harddisk0\DR0</Data>
    <Binary>030081000100000000000000070004C0000100009C0000C0000000000000000000902E69D1000000BBAC030000000000FFFFFFFF00000000580000840205000000200AFF42072000000002001E0000000000E0748094FFFFA076A3798094FFFF000000000000000010D086768094FFFF00000000000000004897B46800000000280068B4974800010000000000000000F00003000000000B0000000000000000000000000000000000</Binary>
  </EventData>
</Event>

Log Name:      System
Source:        Disk
Date:          16/06/2017 18:17:23
Event ID:      7
Task Category: None
Level:         Error
Keywords:      Classic
User:          N/A
Computer:      DESKTOP-9KLOST5
Description:
The device, \Device\Harddisk0\DR0, has a bad block.
Event Xml:
<Event xmlns="http://schemas.microsoft.com/win/2004/08/events/event">
  <System>
    <Provider Name="Disk" />
    <EventID Qualifiers="49156">7</EventID>
    <Level>2</Level>
    <Task>0</Task>
    <Keywords>0x80000000000000</Keywords>
    <TimeCreated SystemTime="2017-06-16T11:17:23.154220700Z" />
    <EventRecordID>1231</EventRecordID>
    <Channel>System</Channel>
    <Computer>DESKTOP-9KLOST5</Computer>
    <Security />
  </System>
  <EventData>
    <Data>\Device\Harddisk0\DR0</Data>
    <Binary>030081000100000000000000070004C0000100009C0000C000000000000000000020BBC421000000F8E0010000000000FFFFFFFF00000000580000840205000000200AFF42072000000002001E0000000000AE748094FFFFE07D047F8094FFFF0000000000000000E006D6768094FFFF0000000000000000905DE21000000000280010E25D9000010000000000000000F00003000000000B0000000000000000000000000000000000</Binary>
  </EventData>
</Event>

Log Name:      System
Source:        Disk
Date:          16/06/2017 18:17:19
Event ID:      7
Task Category: None
Level:         Error
Keywords:      Classic
User:          N/A
Computer:      DESKTOP-9KLOST5
Description:
The device, \Device\Harddisk0\DR0, has a bad block.
Event Xml:
<Event xmlns="http://schemas.microsoft.com/win/2004/08/events/event">
  <System>
    <Provider Name="Disk" />
    <EventID Qualifiers="49156">7</EventID>
    <Level>2</Level>
    <Task>0</Task>
    <Keywords>0x80000000000000</Keywords>
    <TimeCreated SystemTime="2017-06-16T11:17:19.491229700Z" />
    <EventRecordID>1230</EventRecordID>
    <Channel>System</Channel>
    <Computer>DESKTOP-9KLOST5</Computer>
    <Security />
  </System>
  <EventData>
    <Data>\Device\Harddisk0\DR0</Data>
    <Binary>030081000100000000000000070004C0000100009C0000C0000000000000000000E0B9C6210000000DE0010000000000FFFFFFFF00000000580000840205000000200AFF42072000000002001E0000000000A2748094FFFFC02C1D7F8094FFFF0000000000000000D01BD37E8094FFFF0000000000000000F05CE31000000000280010E35CF000010000000000000000F00003000000000B0000000000000000000000000000000000</Binary>
  </EventData>
</Event>

Log Name:      System
Source:        Disk
Date:          16/06/2017 18:48:05
Event ID:      7
Task Category: None
Level:         Error
Keywords:      Classic
User:          N/A
Computer:      DESKTOP-9KLOST5
Description:
The device, \Device\Harddisk0\DR0, has a bad block.
Event Xml:
<Event xmlns="http://schemas.microsoft.com/win/2004/08/events/event">
  <System>
    <Provider Name="Disk" />
    <EventID Qualifiers="49156">7</EventID>
    <Level>2</Level>
    <Task>0</Task>
    <Keywords>0x80000000000000</Keywords>
    <TimeCreated SystemTime="2017-06-16T11:48:05.564411600Z" />
    <EventRecordID>1238</EventRecordID>
    <Channel>System</Channel>
    <Computer>DESKTOP-9KLOST5</Computer>
    <Security />
  </System>
  <EventData>
    <Data>\Device\Harddisk0\DR0</Data>
    <Binary>030081000100000000000000070004C0000100009C0000C0000000000000000000903069D100000092AD030000000000FFFFFFFF00000000580000840205000000200AFF42072000000002001E0000000000E2748094FFFFA076A3798094FFFF0000000000000000605533758094FFFF00000000000000004898B46800000000280068B4984800010000000000000000F00003000000000B0000000000000000000000000000000000</Binary>
  </EventData>
</Event>

Log Name:      System
Source:        Disk
Date:          16/06/2017 18:00:06
Event ID:      7
Task Category: None
Level:         Error
Keywords:      Classic
User:          N/A
Computer:      DESKTOP-9KLOST5
Description:
The device, \Device\Harddisk0\DR0, has a bad block.
Event Xml:
<Event xmlns="http://schemas.microsoft.com/win/2004/08/events/event">
  <System>
    <Provider Name="Disk" />
    <EventID Qualifiers="49156">7</EventID>
    <Level>2</Level>
    <Task>0</Task>
    <Keywords>0x80000000000000</Keywords>
    <TimeCreated SystemTime="2017-06-16T11:00:06.845471800Z" />
    <EventRecordID>1229</EventRecordID>
    <Channel>System</Channel>
    <Computer>DESKTOP-9KLOST5</Computer>
    <Security />
  </System>
  <EventData>
    <Data>\Device\Harddisk0\DR0</Data>
    <Binary>030081000100000000000000070004C0000100009C0000C0000000000000000000D08BC521000000E4DD000000000000FFFFFFFF00000000580000840205000000200AFF42072000000002001E0000000000247F8094FFFFA0271D7F8094FFFF000000000000000020E4F67E8094FFFF0000000000000000E8C5E21000000000280010E2C5E800010000000000000000F00003000000000B0000000000000000000000000000000000</Binary>
  </EventData>
</Event>

