  Log Name: System
  Source: Microsoft-Windows-DHCPv6-Client
  Date: 2017-06-12T15:24:31.393
  Event ID: 51046
  Task: Service State Event
  Level: Information
  Opcode: ServiceStart
  Keyword: N/A
  User: S-1-5-19
  User Name: NT AUTHORITY\LOCAL SERVICE
  Computer: DESKTOP-NGQE08I
  Description: 
DHCPv6 client service is started

Event[4549]:
  Log Name: System
  Source: Service Control Manager
  Date: 2017-06-12T15:24:32.600
  Event ID: 7026
  Task: N/A
  Level: Information
  Opcode: N/A
  Keyword: Classic
  User: N/A
  User Name: N/A
  Computer: DESKTOP-NGQE08I
  Description: 
The following boot-start or system-start driver(s) did not load: 
dam

Event[4550]:
  Log Name: System
  Source: Microsoft-Windows-Winlogon
  Date: 2017-06-12T15:24:41.648
  Event ID: 7001
  Task: N/A
  Level: Information
  Opcode: Info
  Keyword: N/A
  User: S-1-5-18
  User Name: NT AUTHORITY\SYSTEM
  Computer: DESKTOP-NGQE08I
  Description: 
User Log-on Notification for Customer Experience Improvement Program

Event[4551]:
  Log Name: System
  Source: Service Control Manager
  Date: 2017-06-12T15:24:53.725
  Event ID: 7040
  Task: N/A
  Level: Information
  Opcode: N/A
  Keyword: Classic
  User: S-1-5-18
  User Name: NT AUTHORITY\SYSTEM
  Computer: DESKTOP-NGQE08I
  Description: 
The start type of the Background Intelligent Transfer Service service was changed from demand start to auto start.

Event[4552]:
  Log Name: System
  Source: Service Control Manager
  Date: 2017-06-12T15:26:56.225
  Event ID: 7040
  Task: N/A
  Level: Information
  Opcode: N/A
  Keyword: Classic
  User: S-1-5-18
  User Name: NT AUTHORITY\SYSTEM
  Computer: DESKTOP-NGQE08I
  Description: 
The start type of the Background Intelligent Transfer Service service was changed from auto start to demand start.

Event[4553]:
  Log Name: System
  Source: Lfsvc
  Date: 2017-06-12T15:34:32.113
  Event ID: 1
  Task: N/A
  Level: Information
  Opcode: Info
  Keyword: Classic
  User: N/A
  User Name: N/A
  Computer: DESKTOP-NGQE08I
  Description: 
Geolocation positioning is enabled.

Event[4554]:
  Log Name: System
  Source: Lfsvc
  Date: 2017-06-12T15:34:32.113
  Event ID: 1
  Task: N/A
  Level: Information
  Opcode: Info
  Keyword: Classic
  User: N/A
  User Name: N/A
  Computer: DESKTOP-NGQE08I
  Description: 
Geolocation positioning is enabled.

Event[4555]:
  Log Name: System
  Source: User32
  Date: 2017-06-12T15:49:59.447
  Event ID: 1074
  Task: N/A
  Level: Information
  Opcode: N/A
  Keyword: Classic
  User: S-1-5-21-1441030301-2801777419-3013317047-1001
  User Name: DESKTOP-NGQE08I\organ
  Computer: DESKTOP-NGQE08I
  Description: 
The process C:\Windows\Explorer.EXE (DESKTOP-NGQE08I) has initiated the restart of computer DESKTOP-NGQE08I on behalf of user DESKTOP-NGQE08I\organ for the following reason: Other (Unplanned)
 Reason Code: 0x0
 Shut-down Type: restart
 Comment: 

Event[4556]:
  Log Name: System
  Source: EventLog
  Date: 2017-06-12T15:50:01.150
  Event ID: 6006
  Task: N/A
  Level: Information
  Opcode: N/A
  Keyword: Classic
  User: N/A
  User Name: N/A
  Computer: DESKTOP-NGQE08I
  Description: 
The Event log service was stopped.

Event[4557]:
  Log Name: System
  Source: Microsoft-Windows-Winlogon
  Date: 2017-06-12T15:50:00.766
  Event ID: 7002
  Task: N/A
  Level: Information
  Opcode: Info
  Keyword: N/A
  User: S-1-5-18
  User Name: NT AUTHORITY\SYSTEM
  Computer: DESKTOP-NGQE08I
  Description: 
User Log-off Notification for Customer Experience Improvement Program

Event[4558]:
  Log Name: System
  Source: Microsoft-Windows-Dhcp-Client
  Date: 2017-06-12T15:50:01.144
  Event ID: 50104
  Task: Service State Event
  Level: Information
  Opcode: ServiceShutdown
  Keyword: N/A
  User: S-1-5-19
  User Name: NT AUTHORITY\LOCAL SERVICE
  Computer: DESKTOP-NGQE08I
  Description: 
DHCPv4 client received shutdown notification

Event[4559]:
  Log Name: System
  Source: Microsoft-Windows-Dhcp-Client
  Date: 2017-06-12T15:50:01.145
  Event ID: 50105
  Task: Service State Event
  Level: Information
  Opcode: ServiceShutdown
  Keyword: N/A
  User: S-1-5-19
  User Name: NT AUTHORITY\LOCAL SERVICE
  Computer: DESKTOP-NGQE08I
  Description: 
DHCPv4 client ProcessDHCPRequestForever received TERMINATE_EVENT

Event[4560]:
  Log Name: System
  Source: Microsoft-Windows-DHCPv6-Client
  Date: 2017-06-12T15:50:01.145
  Event ID: 51047
  Task: Service State Event
  Level: Information
  Opcode: ServiceStop
  Keyword: N/A
  User: S-1-5-19
  User Name: NT AUTHORITY\LOCAL SERVICE
  Computer: DESKTOP-NGQE08I
  Description: 
DHCPv6 client service is stopped. ShutDown Flag value is 1

Event[4561]:
  Log Name: System
  Source: Microsoft-Windows-DHCPv6-Client
  Date: 2017-06-12T15:50:01.145
  Event ID: 51057
  Task: Service State Event
  Level: Information
  Opcode: ServiceStopWithRefCount
  Keyword: N/A
  User: S-1-5-19
  User Name: NT AUTHORITY\LOCAL SERVICE
  Computer: DESKTOP-NGQE08I
  Description: 
DHCPv6 client service stop is almost done.DHCP Context Ref count is 1

Event[4562]:
  Log Name: System
  Source: Microsoft-Windows-DHCPv6-Client
  Date: 2017-06-12T15:50:01.145
  Event ID: 51057
  Task: Service State Event
  Level: Information
  Opcode: ServiceStopWithRefCount
  Keyword: N/A
  User: S-1-5-19
  User Name: NT AUTHORITY\LOCAL SERVICE
  Computer: DESKTOP-NGQE08I
  Description: 
DHCPv6 client service stop is almost done.DHCP Context Ref count is 1

Event[4563]:
  Log Name: System
  Source: Microsoft-Windows-Dhcp-Client
  Date: 2017-06-12T15:50:01.146
  Event ID: 50106
  Task: Service State Event
  Level: Information
  Opcode: ServiceShutdown
  Keyword: N/A
  User: S-1-5-19
  User Name: NT AUTHORITY\LOCAL SERVICE
  Computer: DESKTOP-NGQE08I
  Description: 
DHCPv4 is waiting on DHCPv6 service to stop

Event[4564]:
  Log Name: System
  Source: Microsoft-Windows-Dhcp-Client
  Date: 2017-06-12T15:50:01.146
  Event ID: 50037
  Task: Service State Event
  Level: Information
  Opcode: ServiceStop
  Keyword: N/A
  User: S-1-5-19
  User Name: NT AUTHORITY\LOCAL SERVICE
  Computer: DESKTOP-NGQE08I
  Description: 
DHCPv4 client service is stopped. ShutDown Flag value is 1

Event[4565]:
  Log Name: System
  Source: EventLog
  Date: 2017-06-12T15:50:36.101
  Event ID: 6009
  Task: N/A
  Level: Information
  Opcode: N/A
  Keyword: Classic
  User: N/A
  User Name: N/A
  Computer: DESKTOP-NGQE08I
  Description: 
Microsoft (R) Windows (R) 10.00. 15063  Multiprocessor Free.

Event[4566]:
  Log Name: System
  Source: EventLog
  Date: 2017-06-12T15:50:36.101
  Event ID: 6005
  Task: N/A
  Level: Information
  Opcode: N/A
  Keyword: Classic
  User: N/A
  User Name: N/A
  Computer: DESKTOP-NGQE08I
  Description: 
The Event log service was started.

Event[4567]:
  Log Name: System
  Source: EventLog
  Date: 2017-06-12T15:50:36.101
  Event ID: 6013
  Task: N/A
  Level: Information
  Opcode: N/A
  Keyword: Classic
  User: N/A
  User Name: N/A
  Computer: DESKTOP-NGQE08I
  Description: 
The system uptime is 11 seconds.

Event[4568]:
  Log Name: System
  Source: Microsoft-Windows-Kernel-Power
  Date: 2017-06-12T15:50:02.248
  Event ID: 109
  Task: N/A
  Level: Information
  Opcode: Info
  Keyword: N/A
  User: N/A
  User Name: N/A
  Computer: DESKTOP-NGQE08I
  Description: 
The kernel power manager has initiated a shutdown transition.

Shutdown Reason: Kernel API

Event[4569]:
  Log Name: System
  Source: Microsoft-Windows-Kernel-General
  Date: 2017-06-12T15:50:02.952
  Event ID: 13
  Task: N/A
  Level: Information
  Opcode: Info
  Keyword: N/A
  User: N/A
  User Name: N/A
  Computer: DESKTOP-NGQE08I
  Description: 
The operating system is shutting down at system time ?2017?-?06?-?12T14:50:02.952471400Z.

Event[4570]:
  Log Name: System
  Source: Microsoft-Windows-Kernel-General
  Date: 2017-06-12T15:50:24.641
  Event ID: 12
  Task: N/A
  Level: Information
  Opcode: Info
  Keyword: N/A
  User: S-1-5-18
  User Name: NT AUTHORITY\SYSTEM
  Computer: DESKTOP-NGQE08I
  Description: 
The operating system started at system time ?2017?-?06?-?12T14:50:24.497584600Z.

Event[4571]:
  Log Name: System
  Source: Microsoft-Windows-Kernel-Boot
  Date: 2017-06-12T15:50:24.641
  Event ID: 153
  Task: N/A
  Level: Information
  Opcode: Info
  Keyword: N/A
  User: S-1-5-18
  User Name: NT AUTHORITY\SYSTEM
  Computer: DESKTOP-NGQE08I
  Description: 
Virtualization-based security (policies: 0) is disabled.

Event[4572]:
  Log Name: System
  Source: Microsoft-Windows-Kernel-Boot
  Date: 2017-06-12T15:50:24.641
  Event ID: 18
  Task: N/A
  Level: Information
  Opcode: Info
  Keyword: N/A
  User: S-1-5-18
  User Name: NT AUTHORITY\SYSTEM
  Computer: DESKTOP-NGQE08I
  Description: 
There are 0x1 boot options on this system.

Event[4573]:
  Log Name: System
  Source: Microsoft-Windows-Kernel-Boot
  Date: 2017-06-12T15:50:24.641
  Event ID: 32
  Task: N/A
  Level: Information
  Opcode: Info
  Keyword: N/A
  User: S-1-5-18
  User Name: NT AUTHORITY\SYSTEM
  Computer: DESKTOP-NGQE08I
  Description: 
The bootmgr spent 0 ms waiting for user input.

Event[4574]:
  Log Name: System
  Source: Microsoft-Windows-Kernel-Boot
  Date: 2017-06-12T15:50:24.641
  Event ID: 20
  Task: N/A
  Level: Information
  Opcode: Info
  Keyword: N/A
  User: S-1-5-18
  User Name: NT AUTHORITY\SYSTEM
  Computer: DESKTOP-NGQE08I
  Description: 
The last shutdown's success status was true. The last boot's success status was true.

Event[4575]:
  Log Name: System
  Source: Microsoft-Windows-Kernel-Boot
  Date: 2017-06-12T15:50:24.641
  Event ID: 27
  Task: N/A
  Level: Information
  Opcode: Info
  Keyword: N/A
  User: S-1-5-18
  User Name: NT AUTHORITY\SYSTEM
  Computer: DESKTOP-NGQE08I
  Description: 
The boot type was 0x0.

Event[4576]:
  Log Name: System
  Source: Microsoft-Windows-Kernel-Boot
  Date: 2017-06-12T15:50:24.641
  Event ID: 25
  Task: N/A
  Level: Information
  Opcode: Info
  Keyword: N/A
  User: S-1-5-18
  User Name: NT AUTHORITY\SYSTEM
  Computer: DESKTOP-NGQE08I
  Description: 
The boot menu policy was 0x1.

Event[4577]:
  Log Name: System
  Source: Microsoft-Windows-Kernel-Boot
  Date: 2017-06-12T15:50:24.641
  Event ID: 30
  Task: N/A
  Level: Information
  Opcode: Info
  Keyword: N/A
  User: S-1-5-18
  User Name: NT AUTHORITY\SYSTEM
  Computer: DESKTOP-NGQE08I
  Description: 
The firmware reported boot metrics.

Event[4578]:
  Log Name: System
  Source: Microsoft-Windows-FilterManager
  Date: 2017-06-12T15:50:28.037
  Event ID: 6
  Task: N/A
  Level: Information
  Opcode: Info
  Keyword: N/A
  User: S-1-5-18
  User Name: NT AUTHORITY\SYSTEM
  Computer: DESKTOP-NGQE08I
  Description: 
File System Filter 'FileInfo' (10.0, ?2042?-?06?-?30T15:43:32.000000000Z) has successfully loaded and registered with Filter Manager.

Event[4579]:
  Log Name: System
  Source: Microsoft-Windows-FilterManager
  Date: 2017-06-12T15:50:28.038
  Event ID: 6
  Task: N/A
  Level: Information
  Opcode: Info
  Keyword: N/A
  User: S-1-5-18
  User Name: NT AUTHORITY\SYSTEM
  Computer: DESKTOP-NGQE08I
  Description: 
File System Filter 'Wof' (10.0, ?1974?-?03?-?11T23:47:45.000000000Z) has successfully loaded and registered with Filter Manager.

Event[4580]:
  Log Name: System
  Source: Microsoft-Windows-FilterManager
  Date: 2017-06-12T15:50:28.039
  Event ID: 6
  Task: N/A
  Level: Information
  Opcode: Info
  Keyword: N/A
  User: S-1-5-18
  User Name: NT AUTHORITY\SYSTEM
  Computer: DESKTOP-NGQE08I
  Description: 
File System Filter 'WdFilter' (10.0, ?2102?-?10?-?04T17:25:01.000000000Z) has successfully loaded and registered with Filter Manager.

Event[4581]:
  Log Name: System
  Source: Microsoft-Windows-Ntfs
  Date: 2017-06-12T15:50:30.824
  Event ID: 98
  Task: N/A
  Level: Information
  Opcode: Info
  Keyword: N/A
  User: S-1-5-18
  User Name: NT AUTHORITY\SYSTEM
  Computer: DESKTOP-NGQE08I
  Description: 
Volume \\?\Volume{fccc927e-093e-491a-9791-61bb14ac26ca} (\Device\HarddiskVolume1) is healthy.  No action is needed.

Event[4582]:
  Log Name: System
  Source: Microsoft-Windows-Ntfs
  Date: 2017-06-12T15:50:30.896
  Event ID: 98
  Task: N/A
  Level: Information
  Opcode: Info
  Keyword: N/A
  User: S-1-5-18
  User Name: NT AUTHORITY\SYSTEM
  Computer: DESKTOP-NGQE08I
  Description: 
Volume C: (\Device\HarddiskVolume4) is healthy.  No action is needed.

Event[4583]:
  Log Name: System
  Source: Microsoft-Windows-FilterManager
  Date: 2017-06-12T15:50:30.960
  Event ID: 6
  Task: N/A
  Level: Information
  Opcode: Info
  Keyword: N/A
  User: S-1-5-18
  User Name: NT AUTHORITY\SYSTEM
  Computer: DESKTOP-NGQE08I
  Description: 
File System Filter 'FileCrypt' (10.0, ?2030?-?05?-?28T09:10:59.000000000Z) has successfully loaded and registered with Filter Manager.

Event[4584]:
  Log Name: System
  Source: Microsoft-Windows-FilterManager
  Date: 2017-06-12T15:50:31.011
  Event ID: 6
  Task: N/A
  Level: Information
  Opcode: Info
  Keyword: N/A
  User: S-1-5-18
  User Name: NT AUTHORITY\SYSTEM
  Computer: DESKTOP-NGQE08I
  Description: 
File System Filter 'npsvctrig' (10.0, ?2097?-?07?-?25T11:18:05.000000000Z) has successfully loaded and registered with Filter Manager.

Event[4585]:
  Log Name: System
  Source: Microsoft-Windows-Kernel-Power
  Date: 2017-06-12T15:50:31.027
  Event ID: 172
  Task: N/A
  Level: Information
  Opcode: Info
  Keyword: N/A
  User: S-1-5-18
  User Name: NT AUTHORITY\SYSTEM
  Computer: DESKTOP-NGQE08I
  Description: 
Connectivity state in standby: Disconnected, Reason: NIC compliance

Event[4586]:
  Log Name: System
  Source: Microsoft-Windows-DriverFrameworks-UserMode
  Date: 2017-06-12T15:50:31.133
  Event ID: 10114
  Task: Startup of the UMDF reflector
  Level: Information
  Opcode: Info
  Keyword: N/A
  User: S-1-5-18
  User Name: NT AUTHORITY\SYSTEM
  Computer: DESKTOP-NGQE08I
  Description: 
WUDFPf (part of UMDF) did not load yet. After it does, Windows will start the device again.

Event[4587]:
  Log Name: System
  Source: Microsoft-Windows-Kernel-PnP
  Date: 2017-06-12T15:50:31.133
  Event ID: 219
  Task: N/A
  Level: Warning
  Opcode: Info
  Keyword: N/A
  User: S-1-5-18
  User Name: NT AUTHORITY\SYSTEM
  Computer: DESKTOP-NGQE08I
  Description: 
The driver \Driver\WUDFRd failed to load for the device ACPI\PNP0A0A\2&daba3ff&0.

Event[4588]:
  Log Name: System
  Source: Microsoft-Windows-Kernel-Processor-Power
  Date: 2017-06-12T15:50:31.143
  Event ID: 55
  Task: N/A
  Level: Information
  Opcode: Info
  Keyword: N/A
  User: S-1-5-18
  User Name: NT AUTHORITY\SYSTEM
  Computer: DESKTOP-NGQE08I
  Description: 
Processor 0 in group 0 exposes the following power management capabilities:

Idle state type: ACPI Idle (C) States (1 state(s))

Performance state type: ACPI Performance (P) / Throttle (T) States
Nominal Frequency (MHz): 3501
Maximum performance percentage: 100
Minimum performance percentage: 34
Minimum throttle percentage: 4

Event[4589]:
  Log Name: System
  Source: Microsoft-Windows-Kernel-Processor-Power
  Date: 2017-06-12T15:50:31.144
  Event ID: 55
  Task: N/A
  Level: Information
  Opcode: Info
  Keyword: N/A
  User: S-1-5-18
  User Name: NT AUTHORITY\SYSTEM
  Computer: DESKTOP-NGQE08I
  Description: 
Processor 2 in group 0 exposes the following power management capabilities:

Idle state type: ACPI Idle (C) States (1 state(s))

Performance state type: ACPI Performance (P) / Throttle (T) States
Nominal Frequency (MHz): 3501
Maximum performance percentage: 100
Minimum performance percentage: 34
Minimum throttle percentage: 4

Event[4590]:
  Log Name: System
  Source: Microsoft-Windows-Kernel-Processor-Power
  Date: 2017-06-12T15:50:31.145
  Event ID: 55
  Task: N/A
  Level: Information
  Opcode: Info
  Keyword: N/A
  User: S-1-5-18
  User Name: NT AUTHORITY\SYSTEM
  Computer: DESKTOP-NGQE08I
  Description: 
Processor 4 in group 0 exposes the following power management capabilities:

Idle state type: ACPI Idle (C) States (1 state(s))

Performance state type: ACPI Performance (P) / Throttle (T) States
Nominal Frequency (MHz): 3501
Maximum performance percentage: 100
Minimum performance percentage: 34
Minimum throttle percentage: 4

Event[4591]:
  Log Name: System
  Source: Microsoft-Windows-Kernel-Processor-Power
  Date: 2017-06-12T15:50:31.145
  Event ID: 55
  Task: N/A
  Level: Information
  Opcode: Info
  Keyword: N/A
  User: S-1-5-18
  User Name: NT AUTHORITY\SYSTEM
  Computer: DESKTOP-NGQE08I
  Description: 
Processor 6 in group 0 exposes the following power management capabilities:

Idle state type: ACPI Idle (C) States (1 state(s))

Performance state type: ACPI Performance (P) / Throttle (T) States
Nominal Frequency (MHz): 3501
Maximum performance percentage: 100
Minimum performance percentage: 34
Minimum throttle percentage: 4

Event[4592]:
  Log Name: System
  Source: Microsoft-Windows-Kernel-Processor-Power
  Date: 2017-06-12T15:50:31.146
  Event ID: 55
  Task: N/A
  Level: Information
  Opcode: Info
  Keyword: N/A
  User: S-1-5-18
  User Name: NT AUTHORITY\SYSTEM
  Computer: DESKTOP-NGQE08I
  Description: 
Processor 8 in group 0 exposes the following power management capabilities:

Idle state type: ACPI Idle (C) States (1 state(s))

Performance state type: ACPI Performance (P) / Throttle (T) States
Nominal Frequency (MHz): 3501
Maximum performance percentage: 100
Minimum performance percentage: 34
Minimum throttle percentage: 4

Event[4593]:
  Log Name: System
  Source: Microsoft-Windows-Kernel-Processor-Power
  Date: 2017-06-12T15:50:31.146
  Event ID: 55
  Task: N/A
  Level: Information
  Opcode: Info
  Keyword: N/A
  User: S-1-5-18
  User Name: NT AUTHORITY\SYSTEM
  Computer: DESKTOP-NGQE08I
  Description: 
Processor 10 in group 0 exposes the following power management capabilities:

Idle state type: ACPI Idle (C) States (1 state(s))

Performance state type: ACPI Performance (P) / Throttle (T) States
Nominal Frequency (MHz): 3501
Maximum performance percentage: 100
Minimum performance percentage: 34
Minimum throttle percentage: 4

Event[4594]:
  Log Name: System
  Source: Microsoft-Windows-Kernel-Processor-Power
  Date: 2017-06-12T15:50:31.147
  Event ID: 55
  Task: N/A
  Level: Information
  Opcode: Info
  Keyword: N/A
  User: S-1-5-18
  User Name: NT AUTHORITY\SYSTEM
  Computer: DESKTOP-NGQE08I
  Description: 
Processor 1 in group 0 exposes the following power management capabilities:

Idle state type: ACPI Idle (C) States (1 state(s))

Performance state type: ACPI Performance (P) / Throttle (T) States
Nominal Frequency (MHz): 3501
Maximum performance percentage: 100
Minimum performance percentage: 34
Minimum throttle percentage: 4

Event[4595]:
  Log Name: System
  Source: Microsoft-Windows-Kernel-Processor-Power
  Date: 2017-06-12T15:50:31.147
  Event ID: 55
  Task: N/A
  Level: Information
  Opcode: Info
  Keyword: N/A
  User: S-1-5-18
  User Name: NT AUTHORITY\SYSTEM
  Computer: DESKTOP-NGQE08I
  Description: 
Processor 3 in group 0 exposes the following power management capabilities:

Idle state type: ACPI Idle (C) States (1 state(s))

Performance state type: ACPI Performance (P) / Throttle (T) States
Nominal Frequency (MHz): 3501
Maximum performance percentage: 100
Minimum performance percentage: 34
Minimum throttle percentage: 4

Event[4596]:
  Log Name: System
  Source: Microsoft-Windows-Kernel-Processor-Power
  Date: 2017-06-12T15:50:31.148
  Event ID: 55
  Task: N/A
  Level: Information
  Opcode: Info
  Keyword: N/A
  User: S-1-5-18
  User Name: NT AUTHORITY\SYSTEM
  Computer: DESKTOP-NGQE08I
  Description: 
Processor 5 in group 0 exposes the following power management capabilities:

Idle state type: ACPI Idle (C) States (1 state(s))

Performance state type: ACPI Performance (P) / Throttle (T) States
Nominal Frequency (MHz): 3501
Maximum performance percentage: 100
Minimum performance percentage: 34
Minimum throttle percentage: 4

Event[4597]:
  Log Name: System
  Source: Microsoft-Windows-Kernel-Processor-Power
  Date: 2017-06-12T15:50:31.148
  Event ID: 55
  Task: N/A
  Level: Information
  Opcode: Info
  Keyword: N/A
  User: S-1-5-18
  User Name: NT AUTHORITY\SYSTEM
  Computer: DESKTOP-NGQE08I
  Description: 
Processor 7 in group 0 exposes the following power management capabilities:

Idle state type: ACPI Idle (C) States (1 state(s))

Performance state type: ACPI Performance (P) / Throttle (T) States
Nominal Frequency (MHz): 3501
Maximum performance percentage: 100
Minimum performance percentage: 34
Minimum throttle percentage: 4

Event[4598]:
  Log Name: System
  Source: Microsoft-Windows-Kernel-Processor-Power
  Date: 2017-06-12T15:50:31.149
  Event ID: 55
  Task: N/A
  Level: Information
  Opcode: Info
  Keyword: N/A
  User: S-1-5-18
  User Name: NT AUTHORITY\SYSTEM
  Computer: DESKTOP-NGQE08I
  Description: 
Processor 9 in group 0 exposes the following power management capabilities:

Idle state type: ACPI Idle (C) States (1 state(s))

Performance state type: ACPI Performance (P) / Throttle (T) States
Nominal Frequency (MHz): 3501
Maximum performance percentage: 100
Minimum performance percentage: 34
Minimum throttle percentage: 4

Event[4599]:
  Log Name: System
  Source: Microsoft-Windows-Kernel-Processor-Power
  Date: 2017-06-12T15:50:31.149
  Event ID: 55
  Task: N/A
  Level: Information
  Opcode: Info
  Keyword: N/A
  User: S-1-5-18
  User Name: NT AUTHORITY\SYSTEM
  Computer: DESKTOP-NGQE08I
  Description: 
Processor 11 in group 0 exposes the following power management capabilities:

Idle state type: ACPI Idle (C) States (1 state(s))

Performance state type: ACPI Performance (P) / Throttle (T) States
Nominal Frequency (MHz): 3501
Maximum performance percentage: 100
Minimum performance percentage: 34
Minimum throttle percentage: 4

Event[4600]:
  Log Name: System
  Source: MEIx64
  Date: 2017-06-12T15:50:31.216
  Event ID: 2
  Task: N/A
  Level: Information
  Opcode: N/A
  Keyword: Classic
  User: N/A
  User Name: N/A
  Computer: DESKTOP-NGQE08I
  Description: 
Intel(R) Management Engine Interface driver has started successfully.

Event[4601]:
  Log Name: System
  Source: Microsoft-Windows-Ntfs
  Date: 2017-06-12T15:50:31.636
  Event ID: 98
  Task: N/A
  Level: Information
  Opcode: Info
  Keyword: N/A
  User: S-1-5-18
  User Name: NT AUTHORITY\SYSTEM
  Computer: DESKTOP-NGQE08I
  Description: 
Volume D: (\Device\HarddiskVolume5) is healthy.  No action is needed.

Event[4602]:
  Log Name: System
  Source: Microsoft-Windows-Ntfs
  Date: 2017-06-12T15:50:31.661
  Event ID: 98
  Task: N/A
  Level: Information
  Opcode: Info
  Keyword: N/A
  User: S-1-5-18
  User Name: NT AUTHORITY\SYSTEM
  Computer: DESKTOP-NGQE08I
  Description: 
Volume F: (\Device\HarddiskVolume8) is healthy.  No action is needed.

Event[4603]:
  Log Name: System
  Source: Microsoft-Windows-Ntfs
  Date: 2017-06-12T15:50:32.366
  Event ID: 98
  Task: N/A
  Level: Information
  Opcode: Info
  Keyword: N/A
  User: S-1-5-18
  User Name: NT AUTHORITY\SYSTEM
  Computer: DESKTOP-NGQE08I
  Description: 
Volume H: (\Device\HarddiskVolume10) is healthy.  No action is needed.

Event[4604]:
  Log Name: System
  Source: Microsoft-Windows-Ntfs
  Date: 2017-06-12T15:50:33.417
  Event ID: 98
  Task: N/A
  Level: Information
  Opcode: Info
  Keyword: N/A
  User: S-1-5-18
  User Name: NT AUTHORITY\SYSTEM
  Computer: DESKTOP-NGQE08I
  Description: 
Volume E: (\Device\HarddiskVolume7) is healthy.  No action is needed.

Event[4605]:
  Log Name: System
  Source: Microsoft-Windows-Ntfs
  Date: 2017-06-12T15:50:33.958
  Event ID: 98
  Task: N/A
  Level: Information
  Opcode: Info
  Keyword: N/A
  User: S-1-5-18
  User Name: NT AUTHORITY\SYSTEM
  Computer: DESKTOP-NGQE08I
  Description: 
Volume G: (\Device\HarddiskVolume9) is healthy.  No action is needed.

Event[4606]:
  Log Name: System
  Source: e1iexpress
  Date: 2017-06-12T15:50:34.929
  Event ID: 32
  Task: N/A
  Level: Information
  Opcode: N/A
  Keyword: Classic
  User: N/A
  User Name: N/A
  Computer: DESKTOP-NGQE08I
  Description: 
Intel(R) Ethernet Connection (2) I218-V
 Network link has been established at 1Gbps full duplex.


Event[4607]:
  Log Name: System
  Source: Microsoft-Windows-Wininit
  Date: 2017-06-12T15:50:35.724
  Event ID: 14
  Task: N/A
  Level: Information
  Opcode: Info
  Keyword: N/A
  User: S-1-5-18
  User Name: NT AUTHORITY\SYSTEM
  Computer: DESKTOP-NGQE08I
  Description: 
Credential Guard (LsaIso.exe) configuration: 0x0, 0

Event[4608]:
  Log Name: System
  Source: Microsoft-Windows-Directory-Services-SAM
  Date: 2017-06-12T15:50:35.859
  Event ID: 16962
  Task: N/A
  Level: Information
  Opcode: Info
  Keyword: N/A
  User: S-1-5-18
  User Name: NT AUTHORITY\SYSTEM
  Computer: DESKTOP-NGQE08I
  Description: 
Remote calls to the SAM database are being restricted using the default security descriptor: O:SYG:SYD:(A;;RC;;;BA).
For more information please see http://go.microsoft.com/fwlink/?LinkId=787651.

Event[4609]:
  Log Name: System
  Source: Microsoft-Windows-FilterManager
  Date: 2017-06-12T15:50:36.067
  Event ID: 6
  Task: N/A
  Level: Information
  Opcode: Info
  Keyword: N/A
  User: S-1-5-18
  User Name: NT AUTHORITY\SYSTEM
  Computer: DESKTOP-NGQE08I
  Description: 
File System Filter 'wcifs' (10.0, ?2088?-?07?-?29T04:04:59.000000000Z) has successfully loaded and registered with Filter Manager.

Event[4610]:
  Log Name: System
  Source: Microsoft-Windows-FilterManager
  Date: 2017-06-12T15:50:36.080
  Event ID: 6
  Task: N/A
  Level: Information
  Opcode: Info
  Keyword: N/A
  User: S-1-5-18
  User Name: NT AUTHORITY\SYSTEM
  Computer: DESKTOP-NGQE08I
  Description: 
File System Filter 'luafv' (10.0, ?2037?-?06?-?08T10:55:59.000000000Z) has successfully loaded and registered with Filter Manager.

Event[4611]:
  Log Name: System
  Source: Service Control Manager
  Date: 2017-06-12T15:50:36.069
  Event ID: 7000
  Task: N/A
  Level: Error
  Opcode: N/A
  Keyword: Classic
  User: N/A
  User Name: N/A
  Computer: DESKTOP-NGQE08I
  Description: 
The CldFlt service failed to start due to the following error: 
The request is not supported.

Event[4612]:
  Log Name: System
  Source: Microsoft-Windows-FilterManager
  Date: 2017-06-12T15:50:36.084
  Event ID: 6
  Task: N/A
  Level: Information
  Opcode: Info
  Keyword: N/A
  User: S-1-5-18
  User Name: NT AUTHORITY\SYSTEM
  Computer: DESKTOP-NGQE08I
  Description: 
File System Filter 'storqosflt' (10.0, ?2015?-?12?-?18T04:36:27.000000000Z) has successfully loaded and registered with Filter Manager.

Event[4613]:
  Log Name: System
  Source: Microsoft-Windows-Dhcp-Client
  Date: 2017-06-12T15:50:36.117
  Event ID: 50036
  Task: Service State Event
  Level: Information
  Opcode: ServiceStart
  Keyword: N/A
  User: S-1-5-19
  User Name: NT AUTHORITY\LOCAL SERVICE
  Computer: DESKTOP-NGQE08I
  Description: 
DHCPv4 client service is started

Event[4614]:
  Log Name: System
  Source: Microsoft-Windows-Dhcp-Client
  Date: 2017-06-12T15:50:36.117
  Event ID: 50103
  Task: Service State Event
  Level: Information
  Opcode: ServiceShutdown
  Keyword: N/A
  User: S-1-5-19
  User Name: NT AUTHORITY\LOCAL SERVICE
  Computer: DESKTOP-NGQE08I
  Description: 
DHCPv4 client registered for shutdown notification

Event[4615]:
  Log Name: System
  Source: Microsoft-Windows-DHCPv6-Client
  Date: 2017-06-12T15:50:36.124
  Event ID: 51046
  Task: Service State Event
  Level: Information
  Opcode: ServiceStart
  Keyword: N/A
  User: S-1-5-19
  User Name: NT AUTHORITY\LOCAL SERVICE
  Computer: DESKTOP-NGQE08I
  Description: 
DHCPv6 client service is started

Event[4616]:
  Log Name: System
  Source: Service Control Manager
  Date: 2017-06-12T15:50:37.319
  Event ID: 7026
  Task: N/A
  Level: Information
  Opcode: N/A
  Keyword: Classic
  User: N/A
  User Name: N/A
  Computer: DESKTOP-NGQE08I
  Description: 
The following boot-start or system-start driver(s) did not load: 
dam

Event[4617]:
  Log Name: System
  Source: Microsoft-Windows-Winlogon
  Date: 2017-06-12T15:50:43.777
  Event ID: 7001
  Task: N/A
  Level: Information
  Opcode: Info
  Keyword: N/A
  User: S-1-5-18
  User Name: NT AUTHORITY\SYSTEM
  Computer: DESKTOP-NGQE08I
  Description: 
User Log-on Notification for Customer Experience Improvement Program

Event[4618]:
  Log Name: System
  Source: Lfsvc
  Date: 2017-06-12T16:00:36.820
  Event ID: 1
  Task: N/A
  Level: Information
  Opcode: Info
  Keyword: Classic
  User: N/A
  User Name: N/A
  Computer: DESKTOP-NGQE08I
  Description: 
Geolocation positioning is enabled.

Event[4619]:
  Log Name: System
  Source: Microsoft-Windows-Kernel-General
  Date: 2017-06-12T16:31:37.147
  Event ID: 16
  Task: N/A
  Level: Information
  Opcode: Info
  Keyword: N/A
  User: S-1-5-18
  User Name: NT AUTHORITY\SYSTEM
  Computer: DESKTOP-NGQE08I
  Description: 
The access history in hive \??\C:\ProgramData\Microsoft\Provisioning\Microsoft-Desktop-Provisioning-Sequence.dat was cleared updating 0 keys and creating 0 modified pages.

Event[4620]:
  Log Name: System
  Source: Microsoft-Windows-Time-Service
  Date: 2017-06-12T16:31:37.936
  Event ID: 158
  Task: N/A
  Level: Information
  Opcode: Info
  Keyword: N/A
  User: S-1-5-19
  User Name: NT AUTHORITY\LOCAL SERVICE
  Computer: DESKTOP-NGQE08I
  Description: 
The time provider 'VMICTimeProvider' has indicated that the current hardware and operating environment is not supported and has stopped. This behavior is expected for VMICTimeProvider on non-HyperV-guest environments. This may be the expected behavior for the current provider in the current operating environment as well.

Event[4621]:
  Log Name: System
  Source: Service Control Manager
  Date: 2017-06-12T16:31:38.031
  Event ID: 7040
  Task: N/A
  Level: Information
  Opcode: N/A
  Keyword: Classic
  User: S-1-5-18
  User Name: NT AUTHORITY\SYSTEM
  Computer: DESKTOP-NGQE08I
  Description: 
The start type of the Windows Modules Installer service was changed from demand start to auto start.

Event[4622]:
  Log Name: System
  Source: Microsoft-Windows-Time-Service
  Date: 2017-06-12T16:31:39.499
  Event ID: 37
  Task: N/A
  Level: Information
  Opcode: Info
  Keyword: N/A
  User: S-1-5-19
  User Name: NT AUTHORITY\LOCAL SERVICE
  Computer: DESKTOP-NGQE08I
  Description: 
The time provider NtpClient is currently receiving valid time data from time.windows.com,0x9 (ntp.m|0x9|0.0.0.0:123->13.79.239.69:123).

Event[4623]:
  Log Name: System
  Source: Service Control Manager
  Date: 2017-06-12T16:31:40.764
  Event ID: 7040
  Task: N/A
  Level: Information
  Opcode: N/A
  Keyword: Classic
  User: S-1-5-18
  User Name: NT AUTHORITY\SYSTEM
  Computer: DESKTOP-NGQE08I
  Description: 
The start type of the Windows Modules Installer service was changed from auto start to demand start.

Event[4624]:
  Log Name: System
  Source: Microsoft-Windows-UserModePowerService
  Date: 2017-06-12T16:31:40.764
  Event ID: 22
  Task: N/A
  Level: Information
  Opcode: Info
  Keyword: N/A
  User: S-1-5-18
  User Name: NT AUTHORITY\SYSTEM
  Computer: DESKTOP-NGQE08I
  Description: 
Reapply power settings upon completion of the provisioning engine's turn 5

Event[4625]:
  Log Name: System
  Source: Microsoft-Windows-Time-Service
  Date: 2017-06-12T16:31:53.965
  Event ID: 35
  Task: N/A
  Level: Information
  Opcode: Info
  Keyword: N/A
  User: S-1-5-19
  User Name: NT AUTHORITY\LOCAL SERVICE
  Computer: DESKTOP-NGQE08I
  Description: 
The time service is now synchronizing the system time with the time source time.windows.com,0x9 (ntp.m|0x9|0.0.0.0:123->13.79.239.69:123).

Event[4626]:
  Log Name: System
  Source: Microsoft-Windows-Kernel-General
  Date: 2017-06-12T16:31:53.964
  Event ID: 1
  Task: N/A
  Level: Information
  Opcode: Info
  Keyword: Time
  User: S-1-5-19
  User Name: NT AUTHORITY\LOCAL SERVICE
  Computer: DESKTOP-NGQE08I
  Description: 
The system time has changed to ?2017?-?06?-?12T15:31:53.965000000Z from ?2017?-?06?-?12T15:31:53.965429900Z.

Change Reason: An application or system component changed the time.

Event[4627]:
  Log Name: System
  Source: Service Control Manager
  Date: 2017-06-12T16:31:59.937
  Event ID: 7045
  Task: N/A
  Level: Information
  Opcode: N/A
  Keyword: Classic
  User: S-1-5-18
  User Name: NT AUTHORITY\SYSTEM
  Computer: DESKTOP-NGQE08I
  Description: 
A service was installed in the system.

Service Name:  MpKslf9a9af3e
Service File Name:  C:\ProgramData\Microsoft\Windows Defender\Definition Updates\{083635E2-A16D-4DDC-AB3E-6E80B5D863C8}\MpKslf9a9af3e.sys
Service Type:  kernel mode driver
Service Start Type:  system start
Service Account:  

Event[4628]:
  Log Name: System
  Source: Microsoft-Windows-WindowsUpdateClient
  Date: 2017-06-12T17:50:53.948
  Event ID: 44
  Task: Windows Update Agent
  Level: Information
  Opcode: Download
  Keyword: Download,Started
  User: S-1-5-18
  User Name: NT AUTHORITY\SYSTEM
  Computer: DESKTOP-NGQE08I
  Description: 
Windows Update started downloading an update.

Event[4629]:
  Log Name: System
  Source: Microsoft-Windows-WindowsUpdateClient
  Date: 2017-06-12T17:50:53.948
  Event ID: 43
  Task: Windows Update Agent
  Level: Information
  Opcode: Installation
  Keyword: Installation,Started
  User: S-1-5-18
  User Name: NT AUTHORITY\SYSTEM
  Computer: DESKTOP-NGQE08I
  Description: 
Installation Started: Windows has started installing the following update: Definition Update for Windows Defender - KB2267602 (Definition 1.245.777.0)

Event[4630]:
  Log Name: System
  Source: Service Control Manager
  Date: 2017-06-12T17:50:59.299
  Event ID: 7045
  Task: N/A
  Level: Information
  Opcode: N/A
  Keyword: Classic
  User: S-1-5-18
  User Name: NT AUTHORITY\SYSTEM
  Computer: DESKTOP-NGQE08I
  Description: 
A service was installed in the system.

Service Name:  MpKsl76d9a47c
Service File Name:  C:\ProgramData\Microsoft\Windows Defender\Definition Updates\{866541D1-D5CE-44ED-87E2-486E742C9AED}\MpKsl76d9a47c.sys
Service Type:  kernel mode driver
Service Start Type:  system start
Service Account:  

Event[4631]:
  Log Name: System
  Source: Microsoft-Windows-WindowsUpdateClient
  Date: 2017-06-12T17:51:02.683
  Event ID: 19
  Task: Windows Update Agent
  Level: Information
  Opcode: Installation
  Keyword: Installation,Success
  User: S-1-5-18
  User Name: NT AUTHORITY\SYSTEM
  Computer: DESKTOP-NGQE08I
  Description: 
Installation Successful: Windows successfully installed the following update: Definition Update for Windows Defender - KB2267602 (Definition 1.245.777.0)

Event[4632]:
  Log Name: System
  Source: Microsoft-Windows-WindowsUpdateClient
  Date: 2017-06-12T20:15:05.428
  Event ID: 44
  Task: Windows Update Agent
  Level: Information
  Opcode: Download
  Keyword: Download,Started
  User: S-1-5-18
  User Name: NT AUTHORITY\SYSTEM
  Computer: DESKTOP-NGQE08I
  Description: 
Windows Update started downloading an update.

Event[4633]:
  Log Name: System
  Source: Microsoft-Windows-Kernel-General
  Date: 2017-06-12T20:15:10.173
  Event ID: 16
  Task: N/A
  Level: Information
  Opcode: Info
  Keyword: N/A
  User: S-1-5-18
  User Name: NT AUTHORITY\SYSTEM
  Computer: DESKTOP-NGQE08I
  Description: 
The access history in hive \??\C:\ProgramData\Microsoft\Windows\AppRepository\Packages\Microsoft.Getstarted_5.10.1441.0_x64__8wekyb3d8bbwe\ActivationStore.dat was cleared updating 0 keys and creating 0 modified pages.

Event[4634]:
  Log Name: System
  Source: Microsoft-Windows-WindowsUpdateClient
  Date: 2017-06-12T20:15:15.426
  Event ID: 43
  Task: Windows Update Agent
  Level: Information
  Opcode: Installation
  Keyword: Installation,Started
  User: S-1-5-18
  User Name: NT AUTHORITY\SYSTEM
  Computer: DESKTOP-NGQE08I
  Description: 
Installation Started: Windows has started installing the following update: Microsoft Tips

Event[4635]:
  Log Name: System
  Source: Microsoft-Windows-WindowsUpdateClient
  Date: 2017-06-12T20:15:15.426
  Event ID: 19
  Task: Windows Update Agent
  Level: Information
  Opcode: Installation
  Keyword: Installation,Success
  User: S-1-5-18
  User Name: NT AUTHORITY\SYSTEM
  Computer: DESKTOP-NGQE08I
  Description: 
Installation Successful: Windows successfully installed the following update: Microsoft Tips

Event[4636]:
  Log Name: System
  Source: Service Control Manager
  Date: 2017-06-12T23:22:36.278
  Event ID: 7040
  Task: N/A
  Level: Information
  Opcode: N/A
  Keyword: Classic
  User: S-1-5-18
  User Name: NT AUTHORITY\SYSTEM
  Computer: DESKTOP-NGQE08I
  Description: 
The start type of the Background Intelligent Transfer Service service was changed from demand start to auto start.

Event[4637]:
  Log Name: System
  Source: Microsoft-Windows-UserModePowerService
  Date: 2017-06-12T23:51:14.158
  Event ID: 12
  Task: N/A
  Level: Information
  Opcode: Info
  Keyword: N/A
  User: S-1-5-18
  User Name: NT AUTHORITY\SYSTEM
  Computer: DESKTOP-NGQE08I
  Description: 
Process C:\Program Files (x86)\HD Tune Pro\HDTunePro.exe (process ID:5416) reset policy scheme from {381B4222-F694-41F0-9685-FF5BB260DF2E} to {381B4222-F694-41F0-9685-FF5BB260DF2E}

Event[4638]:
  Log Name: System
  Source: Microsoft-Windows-UserModePowerService
  Date: 2017-06-12T23:51:14.173
  Event ID: 12
  Task: N/A
  Level: Information
  Opcode: Info
  Keyword: N/A
  User: S-1-5-18
  User Name: NT AUTHORITY\SYSTEM
  Computer: DESKTOP-NGQE08I
  Description: 
Process C:\Program Files (x86)\HD Tune Pro\HDTunePro.exe (process ID:5416) reset policy scheme from {381B4222-F694-41F0-9685-FF5BB260DF2E} to {381B4222-F694-41F0-9685-FF5BB260DF2E}

Event[4639]:
  Log Name: System
  Source: Microsoft-Windows-UserModePowerService
  Date: 2017-06-12T23:51:14.190
  Event ID: 12
  Task: N/A
  Level: Information
  Opcode: Info
  Keyword: N/A
  User: S-1-5-18
  User Name: NT AUTHORITY\SYSTEM
  Computer: DESKTOP-NGQE08I
  Description: 
Process C:\Program Files (x86)\HD Tune Pro\HDTunePro.exe (process ID:5416) reset policy scheme from {381B4222-F694-41F0-9685-FF5BB260DF2E} to {381B4222-F694-41F0-9685-FF5BB260DF2E}

Event[4640]:
  Log Name: System
  Source: Microsoft-Windows-UserModePowerService
  Date: 2017-06-12T23:51:14.203
  Event ID: 12
  Task: N/A
  Level: Information
  Opcode: Info
  Keyword: N/A
  User: S-1-5-18
  User Name: NT AUTHORITY\SYSTEM
  Computer: DESKTOP-NGQE08I
  Description: 
Process C:\Program Files (x86)\HD Tune Pro\HDTunePro.exe (process ID:5416) reset policy scheme from {381B4222-F694-41F0-9685-FF5BB260DF2E} to {381B4222-F694-41F0-9685-FF5BB260DF2E}

Event[4641]:
  Log Name: System
  Source: Microsoft-Windows-UserModePowerService
  Date: 2017-06-13T00:01:21.890
  Event ID: 12
  Task: N/A
  Level: Information
  Opcode: Info
  Keyword: N/A
  User: S-1-5-18
  User Name: NT AUTHORITY\SYSTEM
  Computer: DESKTOP-NGQE08I
  Description: 
Process C:\Program Files (x86)\HD Tune Pro\HDTunePro.exe (process ID:5416) reset policy scheme from {381B4222-F694-41F0-9685-FF5BB260DF2E} to {381B4222-F694-41F0-9685-FF5BB260DF2E}

Event[4642]:
  Log Name: System
  Source: Microsoft-Windows-UserModePowerService
  Date: 2017-06-13T00:01:21.905
  Event ID: 12
  Task: N/A
  Level: Information
  Opcode: Info
  Keyword: N/A
  User: S-1-5-18
  User Name: NT AUTHORITY\SYSTEM
  Computer: DESKTOP-NGQE08I
  Description: 
Process C:\Program Files (x86)\HD Tune Pro\HDTunePro.exe (process ID:5416) reset policy scheme from {381B4222-F694-41F0-9685-FF5BB260DF2E} to {381B4222-F694-41F0-9685-FF5BB260DF2E}

Event[4643]:
  Log Name: System
  Source: Microsoft-Windows-UserModePowerService
  Date: 2017-06-13T00:01:21.921
  Event ID: 12
  Task: N/A
  Level: Information
  Opcode: Info
  Keyword: N/A
  User: S-1-5-18
  User Name: NT AUTHORITY\SYSTEM
  Computer: DESKTOP-NGQE08I
  Description: 
Process C:\Program Files (x86)\HD Tune Pro\HDTunePro.exe (process ID:5416) reset policy scheme from {381B4222-F694-41F0-9685-FF5BB260DF2E} to {381B4222-F694-41F0-9685-FF5BB260DF2E}

Event[4644]:
  Log Name: System
  Source: Microsoft-Windows-UserModePowerService
  Date: 2017-06-13T00:01:21.934
  Event ID: 12
  Task: N/A
  Level: Information
  Opcode: Info
  Keyword: N/A
  User: S-1-5-18
  User Name: NT AUTHORITY\SYSTEM
  Computer: DESKTOP-NGQE08I
  Description: 
Process C:\Program Files (x86)\HD Tune Pro\HDTunePro.exe (process ID:5416) reset policy scheme from {381B4222-F694-41F0-9685-FF5BB260DF2E} to {381B4222-F694-41F0-9685-FF5BB260DF2E}

Event[4645]:
  Log Name: System
  Source: Microsoft-Windows-UserModePowerService
  Date: 2017-06-13T00:04:12.183
  Event ID: 12
  Task: N/A
  Level: Information
  Opcode: Info
  Keyword: N/A
  User: S-1-5-18
  User Name: NT AUTHORITY\SYSTEM
  Computer: DESKTOP-NGQE08I
  Description: 
Process C:\Program Files (x86)\HD Tune Pro\HDTunePro.exe (process ID:5416) reset policy scheme from {381B4222-F694-41F0-9685-FF5BB260DF2E} to {381B4222-F694-41F0-9685-FF5BB260DF2E}

Event[4646]:
  Log Name: System
  Source: Microsoft-Windows-UserModePowerService
  Date: 2017-06-13T00:04:12.196
  Event ID: 12
  Task: N/A
  Level: Information
  Opcode: Info
  Keyword: N/A
  User: S-1-5-18
  User Name: NT AUTHORITY\SYSTEM
  Computer: DESKTOP-NGQE08I
  Description: 
Process C:\Program Files (x86)\HD Tune Pro\HDTunePro.exe (process ID:5416) reset policy scheme from {381B4222-F694-41F0-9685-FF5BB260DF2E} to {381B4222-F694-41F0-9685-FF5BB260DF2E}

Event[4647]:
  Log Name: System
  Source: Microsoft-Windows-UserModePowerService
  Date: 2017-06-13T00:07:32.814
  Event ID: 12
  Task: N/A
  Level: Information
  Opcode: Info
  Keyword: N/A
  User: S-1-5-18
  User Name: NT AUTHORITY\SYSTEM
  Computer: DESKTOP-NGQE08I
  Description: 
Process C:\Program Files (x86)\HD Tune Pro\HDTunePro.exe (process ID:5416) reset policy scheme from {381B4222-F694-41F0-9685-FF5BB260DF2E} to {381B4222-F694-41F0-9685-FF5BB260DF2E}

Event[4648]:
  Log Name: System
  Source: Microsoft-Windows-UserModePowerService
  Date: 2017-06-13T00:07:32.835
  Event ID: 12
  Task: N/A
  Level: Information
  Opcode: Info
  Keyword: N/A
  User: S-1-5-18
  User Name: NT AUTHORITY\SYSTEM
  Computer: DESKTOP-NGQE08I
  Description: 
Process C:\Program Files (x86)\HD Tune Pro\HDTunePro.exe (process ID:5416) reset policy scheme from {381B4222-F694-41F0-9685-FF5BB260DF2E} to {381B4222-F694-41F0-9685-FF5BB260DF2E}

Event[4649]:
  Log Name: System
  Source: Microsoft-Windows-UserModePowerService
  Date: 2017-06-13T00:11:12.366
  Event ID: 12
  Task: N/A
  Level: Information
  Opcode: Info
  Keyword: N/A
  User: S-1-5-18
  User Name: NT AUTHORITY\SYSTEM
  Computer: DESKTOP-NGQE08I
  Description: 
Process C:\Program Files (x86)\HD Tune Pro\HDTunePro.exe (process ID:5416) reset policy scheme from {381B4222-F694-41F0-9685-FF5BB260DF2E} to {381B4222-F694-41F0-9685-FF5BB260DF2E}

Event[4650]:
  Log Name: System
  Source: Microsoft-Windows-UserModePowerService
  Date: 2017-06-13T00:11:12.379
  Event ID: 12
  Task: N/A
  Level: Information
  Opcode: Info
  Keyword: N/A
  User: S-1-5-18
  User Name: NT AUTHORITY\SYSTEM
  Computer: DESKTOP-NGQE08I
  Description: 
Process C:\Program Files (x86)\HD Tune Pro\HDTunePro.exe (process ID:5416) reset policy scheme from {381B4222-F694-41F0-9685-FF5BB260DF2E} to {381B4222-F694-41F0-9685-FF5BB260DF2E}

Event[4651]:
  Log Name: System
  Source: Microsoft-Windows-UserModePowerService
  Date: 2017-06-13T00:11:12.395
  Event ID: 12
  Task: N/A
  Level: Information
  Opcode: Info
  Keyword: N/A
  User: S-1-5-18
  User Name: NT AUTHORITY\SYSTEM
  Computer: DESKTOP-NGQE08I
  Description: 
Process C:\Program Files (x86)\HD Tune Pro\HDTunePro.exe (process ID:5416) reset policy scheme from {381B4222-F694-41F0-9685-FF5BB260DF2E} to {381B4222-F694-41F0-9685-FF5BB260DF2E}

Event[4652]:
  Log Name: System
  Source: Microsoft-Windows-UserModePowerService
  Date: 2017-06-13T00:11:12.408
  Event ID: 12
  Task: N/A
  Level: Information
  Opcode: Info
  Keyword: N/A
  User: S-1-5-18
  User Name: NT AUTHORITY\SYSTEM
  Computer: DESKTOP-NGQE08I
  Description: 
Process C:\Program Files (x86)\HD Tune Pro\HDTunePro.exe (process ID:5416) reset policy scheme from {381B4222-F694-41F0-9685-FF5BB260DF2E} to {381B4222-F694-41F0-9685-FF5BB260DF2E}

Event[4653]:
  Log Name: System
  Source: Microsoft-Windows-UserModePowerService
  Date: 2017-06-13T00:28:51.510
  Event ID: 12
  Task: N/A
  Level: Information
  Opcode: Info
  Keyword: N/A
  User: S-1-5-18
  User Name: NT AUTHORITY\SYSTEM
  Computer: DESKTOP-NGQE08I
  Description: 
Process C:\Program Files (x86)\HD Tune Pro\HDTunePro.exe (process ID:5416) reset policy scheme from {381B4222-F694-41F0-9685-FF5BB260DF2E} to {381B4222-F694-41F0-9685-FF5BB260DF2E}

Event[4654]:
  Log Name: System
  Source: Microsoft-Windows-UserModePowerService
  Date: 2017-06-13T00:28:51.523
  Event ID: 12
  Task: N/A
  Level: Information
  Opcode: Info
  Keyword: N/A
  User: S-1-5-18
  User Name: NT AUTHORITY\SYSTEM
  Computer: DESKTOP-NGQE08I
  Description: 
Process C:\Program Files (x86)\HD Tune Pro\HDTunePro.exe (process ID:5416) reset policy scheme from {381B4222-F694-41F0-9685-FF5BB260DF2E} to {381B4222-F694-41F0-9685-FF5BB260DF2E}

Event[4655]:
  Log Name: System
  Source: Microsoft-Windows-UserModePowerService
  Date: 2017-06-13T00:28:51.538
  Event ID: 12
  Task: N/A
  Level: Information
  Opcode: Info
  Keyword: N/A
  User: S-1-5-18
  User Name: NT AUTHORITY\SYSTEM
  Computer: DESKTOP-NGQE08I
  Description: 
Process C:\Program Files (x86)\HD Tune Pro\HDTunePro.exe (process ID:5416) reset policy scheme from {381B4222-F694-41F0-9685-FF5BB260DF2E} to {381B4222-F694-41F0-9685-FF5BB260DF2E}

Event[4656]:
  Log Name: System
  Source: Microsoft-Windows-UserModePowerService
  Date: 2017-06-13T00:28:51.551
  Event ID: 12
  Task: N/A
  Level: Information
  Opcode: Info
  Keyword: N/A
  User: S-1-5-18
  User Name: NT AUTHORITY\SYSTEM
  Computer: DESKTOP-NGQE08I
  Description: 
Process C:\Program Files (x86)\HD Tune Pro\HDTunePro.exe (process ID:5416) reset policy scheme from {381B4222-F694-41F0-9685-FF5BB260DF2E} to {381B4222-F694-41F0-9685-FF5BB260DF2E}

Event[4657]:
  Log Name: System
  Source: Microsoft-Windows-UserModePowerService
  Date: 2017-06-13T00:30:41.818
  Event ID: 12
  Task: N/A
  Level: Information
  Opcode: Info
  Keyword: N/A
  User: S-1-5-18
  User Name: NT AUTHORITY\SYSTEM
  Computer: DESKTOP-NGQE08I
  Description: 
Process C:\Program Files (x86)\HD Tune Pro\HDTunePro.exe (process ID:5416) reset policy scheme from {381B4222-F694-41F0-9685-FF5BB260DF2E} to {381B4222-F694-41F0-9685-FF5BB260DF2E}

Event[4658]:
  Log Name: System
  Source: Microsoft-Windows-UserModePowerService
  Date: 2017-06-13T00:30:41.831
  Event ID: 12
  Task: N/A
  Level: Information
  Opcode: Info
  Keyword: N/A
  User: S-1-5-18
  User Name: NT AUTHORITY\SYSTEM
  Computer: DESKTOP-NGQE08I
  Description: 
Process C:\Program Files (x86)\HD Tune Pro\HDTunePro.exe (process ID:5416) reset policy scheme from {381B4222-F694-41F0-9685-FF5BB260DF2E} to {381B4222-F694-41F0-9685-FF5BB260DF2E}

Event[4659]:
  Log Name: System
  Source: Microsoft-Windows-UserModePowerService
  Date: 2017-06-13T00:30:41.847
  Event ID: 12
  Task: N/A
  Level: Information
  Opcode: Info
  Keyword: N/A
  User: S-1-5-18
  User Name: NT AUTHORITY\SYSTEM
  Computer: DESKTOP-NGQE08I
  Description: 
Process C:\Program Files (x86)\HD Tune Pro\HDTunePro.exe (process ID:5416) reset policy scheme from {381B4222-F694-41F0-9685-FF5BB260DF2E} to {381B4222-F694-41F0-9685-FF5BB260DF2E}

Event[4660]:
  Log Name: System
  Source: Microsoft-Windows-UserModePowerService
  Date: 2017-06-13T00:30:41.861
  Event ID: 12
  Task: N/A
  Level: Information
  Opcode: Info
  Keyword: N/A
  User: S-1-5-18
  User Name: NT AUTHORITY\SYSTEM
  Computer: DESKTOP-NGQE08I
  Description: 
Process C:\Program Files (x86)\HD Tune Pro\HDTunePro.exe (process ID:5416) reset policy scheme from {381B4222-F694-41F0-9685-FF5BB260DF2E} to {381B4222-F694-41F0-9685-FF5BB260DF2E}

Event[4661]:
  Log Name: System
  Source: Microsoft-Windows-UserModePowerService
  Date: 2017-06-13T08:46:51.604
  Event ID: 12
  Task: N/A
  Level: Information
  Opcode: Info
  Keyword: N/A
  User: S-1-5-18
  User Name: NT AUTHORITY\SYSTEM
  Computer: DESKTOP-NGQE08I
  Description: 
Process C:\Program Files (x86)\HD Tune Pro\HDTunePro.exe (process ID:5416) reset policy scheme from {381B4222-F694-41F0-9685-FF5BB260DF2E} to {381B4222-F694-41F0-9685-FF5BB260DF2E}

Event[4662]:
  Log Name: System
  Source: Microsoft-Windows-UserModePowerService
  Date: 2017-06-13T08:46:51.618
  Event ID: 12
  Task: N/A
  Level: Information
  Opcode: Info
  Keyword: N/A
  User: S-1-5-18
  User Name: NT AUTHORITY\SYSTEM
  Computer: DESKTOP-NGQE08I
  Description: 
Process C:\Program Files (x86)\HD Tune Pro\HDTunePro.exe (process ID:5416) reset policy scheme from {381B4222-F694-41F0-9685-FF5BB260DF2E} to {381B4222-F694-41F0-9685-FF5BB260DF2E}

Event[4663]:
  Log Name: System
  Source: Microsoft-Windows-UserModePowerService
  Date: 2017-06-13T08:46:51.635
  Event ID: 12
  Task: N/A
  Level: Information
  Opcode: Info
  Keyword: N/A
  User: S-1-5-18
  User Name: NT AUTHORITY\SYSTEM
  Computer: DESKTOP-NGQE08I
  Description: 
Process C:\Program Files (x86)\HD Tune Pro\HDTunePro.exe (process ID:5416) reset policy scheme from {381B4222-F694-41F0-9685-FF5BB260DF2E} to {381B4222-F694-41F0-9685-FF5BB260DF2E}

Event[4664]:
  Log Name: System
  Source: Microsoft-Windows-UserModePowerService
  Date: 2017-06-13T08:46:51.648
  Event ID: 12
  Task: N/A
  Level: Information
  Opcode: Info
  Keyword: N/A
  User: S-1-5-18
  User Name: NT AUTHORITY\SYSTEM
  Computer: DESKTOP-NGQE08I
  Description: 
Process C:\Program Files (x86)\HD Tune Pro\HDTunePro.exe (process ID:5416) reset policy scheme from {381B4222-F694-41F0-9685-FF5BB260DF2E} to {381B4222-F694-41F0-9685-FF5BB260DF2E}

Event[4665]:
  Log Name: System
  Source: Microsoft-Windows-UserModePowerService
  Date: 2017-06-13T09:49:16.984
  Event ID: 12
  Task: N/A
  Level: Information
  Opcode: Info
  Keyword: N/A
  User: S-1-5-18
  User Name: NT AUTHORITY\SYSTEM
  Computer: DESKTOP-NGQE08I
  Description: 
Process C:\Program Files (x86)\HD Tune Pro\HDTunePro.exe (process ID:5416) reset policy scheme from {381B4222-F694-41F0-9685-FF5BB260DF2E} to {381B4222-F694-41F0-9685-FF5BB260DF2E}

Event[4666]:
