  Log Name: System
  Source: Microsoft-Windows-Kernel-Processor-Power
  Date: 2017-06-02T13:18:31.981
  Event ID: 55
  Task: N/A
  Level: Information
  Opcode: Info
  Keyword: N/A
  User: S-1-5-18
  User Name: NT AUTHORITY\SYSTEM
  Computer: DESKTOP-NGQE08I
  Description: 
Processor 6 in group 0 exposes the following power management capabilities:

Idle state type: ACPI Idle (C) States (2 state(s))

Performance state type: ACPI Performance (P) / Throttle (T) States
Nominal Frequency (MHz): 3501
Maximum performance percentage: 100
Minimum performance percentage: 34
Minimum throttle percentage: 4

Event[1716]:
  Log Name: System
  Source: Microsoft-Windows-Kernel-Processor-Power
  Date: 2017-06-02T13:18:31.982
  Event ID: 55
  Task: N/A
  Level: Information
  Opcode: Info
  Keyword: N/A
  User: S-1-5-18
  User Name: NT AUTHORITY\SYSTEM
  Computer: DESKTOP-NGQE08I
  Description: 
Processor 8 in group 0 exposes the following power management capabilities:

Idle state type: ACPI Idle (C) States (2 state(s))

Performance state type: ACPI Performance (P) / Throttle (T) States
Nominal Frequency (MHz): 3501
Maximum performance percentage: 100
Minimum performance percentage: 34
Minimum throttle percentage: 4

Event[1717]:
  Log Name: System
  Source: Microsoft-Windows-Kernel-Processor-Power
  Date: 2017-06-02T13:18:31.982
  Event ID: 55
  Task: N/A
  Level: Information
  Opcode: Info
  Keyword: N/A
  User: S-1-5-18
  User Name: NT AUTHORITY\SYSTEM
  Computer: DESKTOP-NGQE08I
  Description: 
Processor 10 in group 0 exposes the following power management capabilities:

Idle state type: ACPI Idle (C) States (2 state(s))

Performance state type: ACPI Performance (P) / Throttle (T) States
Nominal Frequency (MHz): 3501
Maximum performance percentage: 100
Minimum performance percentage: 34
Minimum throttle percentage: 4

Event[1718]:
  Log Name: System
  Source: Microsoft-Windows-Kernel-Processor-Power
  Date: 2017-06-02T13:18:31.983
  Event ID: 55
  Task: N/A
  Level: Information
  Opcode: Info
  Keyword: N/A
  User: S-1-5-18
  User Name: NT AUTHORITY\SYSTEM
  Computer: DESKTOP-NGQE08I
  Description: 
Processor 1 in group 0 exposes the following power management capabilities:

Idle state type: ACPI Idle (C) States (2 state(s))

Performance state type: ACPI Performance (P) / Throttle (T) States
Nominal Frequency (MHz): 3501
Maximum performance percentage: 100
Minimum performance percentage: 34
Minimum throttle percentage: 4

Event[1719]:
  Log Name: System
  Source: Microsoft-Windows-Kernel-Processor-Power
  Date: 2017-06-02T13:18:31.983
  Event ID: 55
  Task: N/A
  Level: Information
  Opcode: Info
  Keyword: N/A
  User: S-1-5-18
  User Name: NT AUTHORITY\SYSTEM
  Computer: DESKTOP-NGQE08I
  Description: 
Processor 3 in group 0 exposes the following power management capabilities:

Idle state type: ACPI Idle (C) States (2 state(s))

Performance state type: ACPI Performance (P) / Throttle (T) States
Nominal Frequency (MHz): 3501
Maximum performance percentage: 100
Minimum performance percentage: 34
Minimum throttle percentage: 4

Event[1720]:
  Log Name: System
  Source: Microsoft-Windows-Kernel-Processor-Power
  Date: 2017-06-02T13:18:31.984
  Event ID: 55
  Task: N/A
  Level: Information
  Opcode: Info
  Keyword: N/A
  User: S-1-5-18
  User Name: NT AUTHORITY\SYSTEM
  Computer: DESKTOP-NGQE08I
  Description: 
Processor 5 in group 0 exposes the following power management capabilities:

Idle state type: ACPI Idle (C) States (2 state(s))

Performance state type: ACPI Performance (P) / Throttle (T) States
Nominal Frequency (MHz): 3501
Maximum performance percentage: 100
Minimum performance percentage: 34
Minimum throttle percentage: 4

Event[1721]:
  Log Name: System
  Source: Microsoft-Windows-Kernel-Processor-Power
  Date: 2017-06-02T13:18:31.985
  Event ID: 55
  Task: N/A
  Level: Information
  Opcode: Info
  Keyword: N/A
  User: S-1-5-18
  User Name: NT AUTHORITY\SYSTEM
  Computer: DESKTOP-NGQE08I
  Description: 
Processor 7 in group 0 exposes the following power management capabilities:

Idle state type: ACPI Idle (C) States (2 state(s))

Performance state type: ACPI Performance (P) / Throttle (T) States
Nominal Frequency (MHz): 3501
Maximum performance percentage: 100
Minimum performance percentage: 34
Minimum throttle percentage: 4

Event[1722]:
  Log Name: System
  Source: Microsoft-Windows-Kernel-Processor-Power
  Date: 2017-06-02T13:18:31.985
  Event ID: 55
  Task: N/A
  Level: Information
  Opcode: Info
  Keyword: N/A
  User: S-1-5-18
  User Name: NT AUTHORITY\SYSTEM
  Computer: DESKTOP-NGQE08I
  Description: 
Processor 9 in group 0 exposes the following power management capabilities:

Idle state type: ACPI Idle (C) States (2 state(s))

Performance state type: ACPI Performance (P) / Throttle (T) States
Nominal Frequency (MHz): 3501
Maximum performance percentage: 100
Minimum performance percentage: 34
Minimum throttle percentage: 4

Event[1723]:
  Log Name: System
  Source: Microsoft-Windows-Kernel-Processor-Power
  Date: 2017-06-02T13:18:31.986
  Event ID: 55
  Task: N/A
  Level: Information
  Opcode: Info
  Keyword: N/A
  User: S-1-5-18
  User Name: NT AUTHORITY\SYSTEM
  Computer: DESKTOP-NGQE08I
  Description: 
Processor 11 in group 0 exposes the following power management capabilities:

Idle state type: ACPI Idle (C) States (2 state(s))

Performance state type: ACPI Performance (P) / Throttle (T) States
Nominal Frequency (MHz): 3501
Maximum performance percentage: 100
Minimum performance percentage: 34
Minimum throttle percentage: 4

Event[1724]:
  Log Name: System
  Source: MEIx64
  Date: 2017-06-02T13:18:32.052
  Event ID: 2
  Task: N/A
  Level: Information
  Opcode: N/A
  Keyword: Classic
  User: N/A
  User Name: N/A
  Computer: DESKTOP-NGQE08I
  Description: 
Intel(R) Management Engine Interface driver has started successfully.

Event[1725]:
  Log Name: System
  Source: Microsoft-Windows-Ntfs
  Date: 2017-06-02T13:18:32.454
  Event ID: 98
  Task: N/A
  Level: Information
  Opcode: Info
  Keyword: N/A
  User: S-1-5-18
  User Name: NT AUTHORITY\SYSTEM
  Computer: DESKTOP-NGQE08I
  Description: 
Volume D: (\Device\HarddiskVolume5) is healthy.  No action is needed.

Event[1726]:
  Log Name: System
  Source: Microsoft-Windows-Ntfs
  Date: 2017-06-02T13:18:33.212
  Event ID: 98
  Task: N/A
  Level: Information
  Opcode: Info
  Keyword: N/A
  User: S-1-5-18
  User Name: NT AUTHORITY\SYSTEM
  Computer: DESKTOP-NGQE08I
  Description: 
Volume H: (\Device\HarddiskVolume10) is healthy.  No action is needed.

Event[1727]:
  Log Name: System
  Source: Microsoft-Windows-Ntfs
  Date: 2017-06-02T13:18:34.174
  Event ID: 98
  Task: N/A
  Level: Information
  Opcode: Info
  Keyword: N/A
  User: S-1-5-18
  User Name: NT AUTHORITY\SYSTEM
  Computer: DESKTOP-NGQE08I
  Description: 
Volume E: (\Device\HarddiskVolume7) is healthy.  No action is needed.

Event[1728]:
  Log Name: System
  Source: Microsoft-Windows-Ntfs
  Date: 2017-06-02T13:18:34.936
  Event ID: 98
  Task: N/A
  Level: Information
  Opcode: Info
  Keyword: N/A
  User: S-1-5-18
  User Name: NT AUTHORITY\SYSTEM
  Computer: DESKTOP-NGQE08I
  Description: 
Volume F: (\Device\HarddiskVolume8) is healthy.  No action is needed.

Event[1729]:
  Log Name: System
  Source: Microsoft-Windows-Ntfs
  Date: 2017-06-02T13:18:35.440
  Event ID: 98
  Task: N/A
  Level: Information
  Opcode: Info
  Keyword: N/A
  User: S-1-5-18
  User Name: NT AUTHORITY\SYSTEM
  Computer: DESKTOP-NGQE08I
  Description: 
Volume G: (\Device\HarddiskVolume9) is healthy.  No action is needed.

Event[1730]:
  Log Name: System
  Source: e1iexpress
  Date: 2017-06-02T13:18:35.717
  Event ID: 32
  Task: N/A
  Level: Information
  Opcode: N/A
  Keyword: Classic
  User: N/A
  User Name: N/A
  Computer: DESKTOP-NGQE08I
  Description: 
Intel(R) Ethernet Connection (2) I218-V
 Network link has been established at 1Gbps full duplex.


Event[1731]:
  Log Name: System
  Source: Microsoft-Windows-Wininit
  Date: 2017-06-02T13:18:37.207
  Event ID: 14
  Task: N/A
  Level: Information
  Opcode: Info
  Keyword: N/A
  User: S-1-5-18
  User Name: NT AUTHORITY\SYSTEM
  Computer: DESKTOP-NGQE08I
  Description: 
Credential Guard (LsaIso.exe) configuration: 0x0, 0

Event[1732]:
  Log Name: System
  Source: Microsoft-Windows-Directory-Services-SAM
  Date: 2017-06-02T13:18:37.361
  Event ID: 16962
  Task: N/A
  Level: Information
  Opcode: Info
  Keyword: N/A
  User: S-1-5-18
  User Name: NT AUTHORITY\SYSTEM
  Computer: DESKTOP-NGQE08I
  Description: 
Remote calls to the SAM database are being restricted using the default security descriptor: O:SYG:SYD:(A;;RC;;;BA).
For more information please see http://go.microsoft.com/fwlink/?LinkId=787651.

Event[1733]:
  Log Name: System
  Source: Microsoft-Windows-FilterManager
  Date: 2017-06-02T13:18:37.573
  Event ID: 6
  Task: N/A
  Level: Information
  Opcode: Info
  Keyword: N/A
  User: S-1-5-18
  User Name: NT AUTHORITY\SYSTEM
  Computer: DESKTOP-NGQE08I
  Description: 
File System Filter 'wcifs' (10.0, ?2088?-?07?-?29T04:04:59.000000000Z) has successfully loaded and registered with Filter Manager.

Event[1734]:
  Log Name: System
  Source: Microsoft-Windows-FilterManager
  Date: 2017-06-02T13:18:37.588
  Event ID: 6
  Task: N/A
  Level: Information
  Opcode: Info
  Keyword: N/A
  User: S-1-5-18
  User Name: NT AUTHORITY\SYSTEM
  Computer: DESKTOP-NGQE08I
  Description: 
File System Filter 'luafv' (10.0, ?2037?-?06?-?08T10:55:59.000000000Z) has successfully loaded and registered with Filter Manager.

Event[1735]:
  Log Name: System
  Source: Service Control Manager
  Date: 2017-06-02T13:18:37.576
  Event ID: 7000
  Task: N/A
  Level: Error
  Opcode: N/A
  Keyword: Classic
  User: N/A
  User Name: N/A
  Computer: DESKTOP-NGQE08I
  Description: 
The CldFlt service failed to start due to the following error: 
The request is not supported.

Event[1736]:
  Log Name: System
  Source: Microsoft-Windows-FilterManager
  Date: 2017-06-02T13:18:37.592
  Event ID: 6
  Task: N/A
  Level: Information
  Opcode: Info
  Keyword: N/A
  User: S-1-5-18
  User Name: NT AUTHORITY\SYSTEM
  Computer: DESKTOP-NGQE08I
  Description: 
File System Filter 'storqosflt' (10.0, ?2015?-?12?-?18T04:36:27.000000000Z) has successfully loaded and registered with Filter Manager.

Event[1737]:
  Log Name: System
  Source: Microsoft-Windows-Dhcp-Client
  Date: 2017-06-02T13:18:37.652
  Event ID: 50036
  Task: Service State Event
  Level: Information
  Opcode: ServiceStart
  Keyword: N/A
  User: S-1-5-19
  User Name: NT AUTHORITY\LOCAL SERVICE
  Computer: DESKTOP-NGQE08I
  Description: 
DHCPv4 client service is started

Event[1738]:
  Log Name: System
  Source: Microsoft-Windows-Dhcp-Client
  Date: 2017-06-02T13:18:37.652
  Event ID: 50103
  Task: Service State Event
  Level: Information
  Opcode: ServiceShutdown
  Keyword: N/A
  User: S-1-5-19
  User Name: NT AUTHORITY\LOCAL SERVICE
  Computer: DESKTOP-NGQE08I
  Description: 
DHCPv4 client registered for shutdown notification

Event[1739]:
  Log Name: System
  Source: Microsoft-Windows-DHCPv6-Client
  Date: 2017-06-02T13:18:37.659
  Event ID: 51046
  Task: Service State Event
  Level: Information
  Opcode: ServiceStart
  Keyword: N/A
  User: S-1-5-19
  User Name: NT AUTHORITY\LOCAL SERVICE
  Computer: DESKTOP-NGQE08I
  Description: 
DHCPv6 client service is started

Event[1740]:
  Log Name: System
  Source: Microsoft-Windows-WPDClassInstaller
  Date: 2017-06-02T13:18:38.686
  Event ID: 24576
  Task: Driver Installation
  Level: Information
  Opcode: N/A
  Keyword: Classic
  User: N/A
  User Name: N/A
  Computer: DESKTOP-NGQE08I
  Description: 
Drivers were successfully installed for device WPD Device.

Event[1741]:
  Log Name: System
  Source: Microsoft-Windows-WPDClassInstaller
  Date: 2017-06-02T13:18:38.702
  Event ID: 24577
  Task: Driver Post-Install Configuration
  Level: Information
  Opcode: N/A
  Keyword: Classic
  User: N/A
  User Name: N/A
  Computer: DESKTOP-NGQE08I
  Description: 
Media player and imaging program compatibility layers were successfully registered for device %1. Layer bits %2 were requested, layer bits %3 were registered.

Event[1742]:
  Log Name: System
  Source: Microsoft-Windows-WPDClassInstaller
  Date: 2017-06-02T13:18:38.702
  Event ID: 24579
  Task: Driver Post-Install Configuration
  Level: Information
  Opcode: N/A
  Keyword: Classic
  User: N/A
  User Name: N/A
  Computer: DESKTOP-NGQE08I
  Description: 
Autoplay registration was skipped for device %1.

Event[1743]:
  Log Name: System
  Source: Microsoft-Windows-WPDClassInstaller
  Date: 2017-06-02T13:18:38.873
  Event ID: 24576
  Task: Driver Installation
  Level: Information
  Opcode: N/A
  Keyword: Classic
  User: N/A
  User Name: N/A
  Computer: DESKTOP-NGQE08I
  Description: 
Drivers were successfully installed for device WPD Device.

Event[1744]:
  Log Name: System
  Source: Microsoft-Windows-WPDClassInstaller
  Date: 2017-06-02T13:18:38.889
  Event ID: 24577
  Task: Driver Post-Install Configuration
  Level: Information
  Opcode: N/A
  Keyword: Classic
  User: N/A
  User Name: N/A
  Computer: DESKTOP-NGQE08I
  Description: 
Media player and imaging program compatibility layers were successfully registered for device %1. Layer bits %2 were requested, layer bits %3 were registered.

Event[1745]:
  Log Name: System
  Source: Microsoft-Windows-WPDClassInstaller
  Date: 2017-06-02T13:18:38.889
  Event ID: 24579
  Task: Driver Post-Install Configuration
  Level: Information
  Opcode: N/A
  Keyword: Classic
  User: N/A
  User Name: N/A
  Computer: DESKTOP-NGQE08I
  Description: 
Autoplay registration was skipped for device %1.

Event[1746]:
  Log Name: System
  Source: Service Control Manager
  Date: 2017-06-02T13:18:38.498
  Event ID: 7026
  Task: N/A
  Level: Information
  Opcode: N/A
  Keyword: Classic
  User: N/A
  User Name: N/A
  Computer: DESKTOP-NGQE08I
  Description: 
The following boot-start or system-start driver(s) did not load: 
dam
EhStorClass

Event[1747]:
  Log Name: System
  Source: Microsoft-Windows-DriverFrameworks-UserMode
  Date: 2017-06-02T13:18:38.599
  Event ID: 10000
  Task: Installation or update of device drivers.
  Level: Information
  Opcode: Start
  Keyword: N/A
  User: S-1-5-18
  User Name: NT AUTHORITY\SYSTEM
  Computer: DESKTOP-NGQE08I
  Description: 
A driver package which uses user-mode driver framework version 2.21.0 is being installed on device SWD\WPDBUSENUM\{C48C177E-471B-11E7-92D7-54A050D4EFF2}#0000000003300000.

Event[1748]:
  Log Name: System
  Source: Microsoft-Windows-DriverFrameworks-UserMode
  Date: 2017-06-02T13:18:38.610
  Event ID: 10002
  Task: Installation or update of device drivers.
  Level: Information
  Opcode: Info
  Keyword: N/A
  User: S-1-5-18
  User Name: NT AUTHORITY\SYSTEM
  Computer: DESKTOP-NGQE08I
  Description: 
The UMDF service WpdFs (CLSID {112DE495-AC4C-46F8-B663-6A4266C53313}) was upgraded.  It requires framework version 2.21.0 or higher.

Event[1749]:
  Log Name: System
  Source: Microsoft-Windows-DriverFrameworks-UserMode
  Date: 2017-06-02T13:18:38.633
  Event ID: 10100
  Task: Installation or update of device drivers.
  Level: Information
  Opcode: Stop
  Keyword: N/A
  User: S-1-5-18
  User Name: NT AUTHORITY\SYSTEM
  Computer: DESKTOP-NGQE08I
  Description: 
The driver package installation has succeeded.

Event[1750]:
  Log Name: System
  Source: Microsoft-Windows-UserPnp
  Date: 2017-06-02T13:18:38.641
  Event ID: 20003
  Task: N/A
  Level: Information
  Opcode: Info
  Keyword: N/A
  User: S-1-5-18
  User Name: NT AUTHORITY\SYSTEM
  Computer: DESKTOP-NGQE08I
  Description: 
Driver Management has concluded the process to add Service WUDFWpdFs for Device Instance ID SWD\WPDBUSENUM\{C48C177E-471B-11E7-92D7-54A050D4EFF2}#0000000003300000 with the following status: 0.

Event[1751]:
  Log Name: System
  Source: Microsoft-Windows-UserPnp
  Date: 2017-06-02T13:18:38.725
  Event ID: 20001
  Task: N/A
  Level: Information
  Opcode: Info
  Keyword: N/A
  User: S-1-5-18
  User Name: NT AUTHORITY\SYSTEM
  Computer: DESKTOP-NGQE08I
  Description: 
Driver Management concluded the process to install driver wpdfs.inf_amd64_e898714e5623f0fe\wpdfs.inf for Device Instance ID SWD\WPDBUSENUM\{C48C177E-471B-11E7-92D7-54A050D4EFF2}#0000000003300000 with the following status: 0x0.

Event[1752]:
  Log Name: System
  Source: Microsoft-Windows-DriverFrameworks-UserMode
  Date: 2017-06-02T13:18:38.768
  Event ID: 10000
  Task: Installation or update of device drivers.
  Level: Information
  Opcode: Start
  Keyword: N/A
  User: S-1-5-18
  User Name: NT AUTHORITY\SYSTEM
  Computer: DESKTOP-NGQE08I
  Description: 
A driver package which uses user-mode driver framework version 2.21.0 is being installed on device SWD\WPDBUSENUM\{C48C177E-471B-11E7-92D7-54A050D4EFF2}#0000000000100000.

Event[1753]:
  Log Name: System
  Source: Microsoft-Windows-DriverFrameworks-UserMode
  Date: 2017-06-02T13:18:38.779
  Event ID: 10002
  Task: Installation or update of device drivers.
  Level: Information
  Opcode: Info
  Keyword: N/A
  User: S-1-5-18
  User Name: NT AUTHORITY\SYSTEM
  Computer: DESKTOP-NGQE08I
  Description: 
The UMDF service WpdFs (CLSID {112DE495-AC4C-46F8-B663-6A4266C53313}) was upgraded.  It requires framework version 2.21.0 or higher.

Event[1754]:
  Log Name: System
  Source: Microsoft-Windows-DriverFrameworks-UserMode
  Date: 2017-06-02T13:18:38.801
  Event ID: 10100
  Task: Installation or update of device drivers.
  Level: Information
  Opcode: Stop
  Keyword: N/A
  User: S-1-5-18
  User Name: NT AUTHORITY\SYSTEM
  Computer: DESKTOP-NGQE08I
  Description: 
The driver package installation has succeeded.

Event[1755]:
  Log Name: System
  Source: Microsoft-Windows-UserPnp
  Date: 2017-06-02T13:18:38.858
  Event ID: 20003
  Task: N/A
  Level: Information
  Opcode: Info
  Keyword: N/A
  User: S-1-5-18
  User Name: NT AUTHORITY\SYSTEM
  Computer: DESKTOP-NGQE08I
  Description: 
Driver Management has concluded the process to add Service WUDFWpdFs for Device Instance ID SWD\WPDBUSENUM\{C48C177E-471B-11E7-92D7-54A050D4EFF2}#0000000000100000 with the following status: 0.

Event[1756]:
  Log Name: System
  Source: Microsoft-Windows-UserPnp
  Date: 2017-06-02T13:18:38.902
  Event ID: 20001
  Task: N/A
  Level: Information
  Opcode: Info
  Keyword: N/A
  User: S-1-5-18
  User Name: NT AUTHORITY\SYSTEM
  Computer: DESKTOP-NGQE08I
  Description: 
Driver Management concluded the process to install driver wpdfs.inf_amd64_e898714e5623f0fe\wpdfs.inf for Device Instance ID SWD\WPDBUSENUM\{C48C177E-471B-11E7-92D7-54A050D4EFF2}#0000000000100000 with the following status: 0x0.

Event[1757]:
  Log Name: System
  Source: Microsoft-Windows-Winlogon
  Date: 2017-06-02T13:22:05.076
  Event ID: 7001
  Task: N/A
  Level: Information
  Opcode: Info
  Keyword: N/A
  User: S-1-5-18
  User Name: NT AUTHORITY\SYSTEM
  Computer: DESKTOP-NGQE08I
  Description: 
User Log-on Notification for Customer Experience Improvement Program

Event[1758]:
  Log Name: System
  Source: Service Control Manager
  Date: 2017-06-02T13:22:40.983
  Event ID: 7040
  Task: N/A
  Level: Information
  Opcode: N/A
  Keyword: Classic
  User: S-1-5-18
  User Name: NT AUTHORITY\SYSTEM
  Computer: DESKTOP-NGQE08I
  Description: 
The start type of the Background Intelligent Transfer Service service was changed from auto start to demand start.

Event[1759]:
  Log Name: System
  Source: Service Control Manager
  Date: 2017-06-02T13:24:37.968
  Event ID: 7040
  Task: N/A
  Level: Information
  Opcode: N/A
  Keyword: Classic
  User: S-1-5-18
  User Name: NT AUTHORITY\SYSTEM
  Computer: DESKTOP-NGQE08I
  Description: 
The start type of the Background Intelligent Transfer Service service was changed from demand start to auto start.

Event[1760]:
  Log Name: System
  Source: Service Control Manager
  Date: 2017-06-02T13:26:40.736
  Event ID: 7040
  Task: N/A
  Level: Information
  Opcode: N/A
  Keyword: Classic
  User: S-1-5-18
  User Name: NT AUTHORITY\SYSTEM
  Computer: DESKTOP-NGQE08I
  Description: 
The start type of the Background Intelligent Transfer Service service was changed from auto start to demand start.

Event[1761]:
  Log Name: System
  Source: Lfsvc
  Date: 2017-06-02T13:28:38.343
  Event ID: 1
  Task: N/A
  Level: Information
  Opcode: Info
  Keyword: Classic
  User: N/A
  User Name: N/A
  Computer: DESKTOP-NGQE08I
  Description: 
Geolocation positioning is enabled.

Event[1762]:
  Log Name: System
  Source: Microsoft-Windows-Kernel-General
  Date: 2017-06-02T13:29:18.002
  Event ID: 16
  Task: N/A
  Level: Information
  Opcode: Info
  Keyword: N/A
  User: S-1-5-18
  User Name: NT AUTHORITY\SYSTEM
  Computer: DESKTOP-NGQE08I
  Description: 
The access history in hive \??\C:\ProgramData\Microsoft\Provisioning\Microsoft-Desktop-Provisioning-Sequence.dat was cleared updating 0 keys and creating 0 modified pages.

Event[1763]:
  Log Name: System
  Source: Microsoft-Windows-UserModePowerService
  Date: 2017-06-02T13:29:18.859
  Event ID: 22
  Task: N/A
  Level: Information
  Opcode: Info
  Keyword: N/A
  User: S-1-5-18
  User Name: NT AUTHORITY\SYSTEM
  Computer: DESKTOP-NGQE08I
  Description: 
Reapply power settings upon completion of the provisioning engine's turn 5

Event[1764]:
  Log Name: System
  Source: Service Control Manager
  Date: 2017-06-02T14:25:28.090
  Event ID: 7040
  Task: N/A
  Level: Information
  Opcode: N/A
  Keyword: Classic
  User: S-1-5-18
  User Name: NT AUTHORITY\SYSTEM
  Computer: DESKTOP-NGQE08I
  Description: 
The start type of the Background Intelligent Transfer Service service was changed from demand start to auto start.

Event[1765]:
  Log Name: System
  Source: Microsoft-Windows-WindowsUpdateClient
  Date: 2017-06-02T14:25:41.037
  Event ID: 44
  Task: Windows Update Agent
  Level: Information
  Opcode: Download
  Keyword: Download,Started
  User: S-1-5-18
  User Name: NT AUTHORITY\SYSTEM
  Computer: DESKTOP-NGQE08I
  Description: 
Windows Update started downloading an update.

Event[1766]:
  Log Name: System
  Source: Microsoft-Windows-WindowsUpdateClient
  Date: 2017-06-02T14:25:46.029
  Event ID: 43
  Task: Windows Update Agent
  Level: Information
  Opcode: Installation
  Keyword: Installation,Started
  User: S-1-5-18
  User Name: NT AUTHORITY\SYSTEM
  Computer: DESKTOP-NGQE08I
  Description: 
Installation Started: Windows has started installing the following update: Definition Update for Windows Defender - KB2267602 (Definition 1.245.398.0)

Event[1767]:
  Log Name: System
  Source: Microsoft-Windows-WindowsUpdateClient
  Date: 2017-06-02T14:25:52.998
  Event ID: 19
  Task: Windows Update Agent
  Level: Information
  Opcode: Installation
  Keyword: Installation,Success
  User: S-1-5-18
  User Name: NT AUTHORITY\SYSTEM
  Computer: DESKTOP-NGQE08I
  Description: 
Installation Successful: Windows successfully installed the following update: Definition Update for Windows Defender - KB2267602 (Definition 1.245.398.0)

Event[1768]:
  Log Name: System
  Source: Volsnap
  Date: 2017-06-02T14:33:05.772
  Event ID: 33
  Task: N/A
  Level: Information
  Opcode: N/A
  Keyword: Classic
  User: N/A
  User Name: N/A
  Computer: DESKTOP-NGQE08I
  Description: 
The oldest shadow copy of volume \\?\Volume{fccc927e-093e-491a-9791-61bb14ac26ca} was deleted to keep disk space usage for shadow copies of volume \\?\Volume{fccc927e-093e-491a-9791-61bb14ac26ca} below the user defined limit.

Event[1769]:
  Log Name: System
  Source: Microsoft-Windows-Ntfs
  Date: 2017-06-02T14:33:05.847
  Event ID: 98
  Task: N/A
  Level: Information
  Opcode: Info
  Keyword: N/A
  User: S-1-5-18
  User Name: NT AUTHORITY\SYSTEM
  Computer: DESKTOP-NGQE08I
  Description: 
Volume ?? (\Device\HarddiskVolumeShadowCopy7) is healthy.  No action is needed.

Event[1770]:
  Log Name: System
  Source: Microsoft-Windows-Ntfs
  Date: 2017-06-02T14:33:05.874
  Event ID: 98
  Task: N/A
  Level: Information
  Opcode: Info
  Keyword: N/A
  User: S-1-5-18
  User Name: NT AUTHORITY\SYSTEM
  Computer: DESKTOP-NGQE08I
  Description: 
Volume Recovery (\Device\HarddiskVolumeShadowCopy8) is healthy.  No action is needed.

Event[1771]:
  Log Name: System
  Source: Virtual Disk Service
  Date: 2017-06-02T14:34:20.526
  Event ID: 3
  Task: N/A
  Level: Information
  Opcode: N/A
  Keyword: Classic
  User: N/A
  User Name: N/A
  Computer: DESKTOP-NGQE08I
  Description: 
Service started.

Event[1772]:
  Log Name: System
  Source: Microsoft-Windows-Kernel-General
  Date: 2017-06-02T14:34:30.657
  Event ID: 11
  Task: N/A
  Level: Information
  Opcode: Info
  Keyword: N/A
  User: S-1-5-18
  User Name: NT AUTHORITY\SYSTEM
  Computer: DESKTOP-NGQE08I
  Description: 
TxR init phase for hive \??\GLOBALROOT\Device\HarddiskVolumeShadowCopy7\Windows\System32\config\SYSTEM (TM: {93E4CBC5-478D-11E7-92D8-54A050D4EFF2}, RM: {93E4CBC4-478D-11E7-92D8-54A050D4EFF2}) finished with result=0xC00000A2 (Internal code=7).

Event[1773]:
  Log Name: System
  Source: Microsoft-Windows-Kernel-General
  Date: 2017-06-02T14:34:30.708
  Event ID: 11
  Task: N/A
  Level: Information
  Opcode: Info
  Keyword: N/A
  User: S-1-5-18
  User Name: NT AUTHORITY\SYSTEM
  Computer: DESKTOP-NGQE08I
  Description: 
TxR init phase for hive \??\GLOBALROOT\Device\HarddiskVolumeShadowCopy7\Windows\System32\config\DRIVERS (TM: {93E4CBC7-478D-11E7-92D8-54A050D4EFF2}, RM: {93E4CBC6-478D-11E7-92D8-54A050D4EFF2}) finished with result=0xC00000A2 (Internal code=7).

Event[1774]:
  Log Name: System
  Source: Microsoft-Windows-FilterManager
  Date: 2017-06-02T14:34:35.963
  Event ID: 6
  Task: N/A
  Level: Information
  Opcode: Info
  Keyword: N/A
  User: S-1-5-18
  User Name: NT AUTHORITY\SYSTEM
  Computer: DESKTOP-NGQE08I
  Description: 
File System Filter 'FsDepends' (10.0, ?2018?-?04?-?21T00:09:27.000000000Z) has successfully loaded and registered with Filter Manager.

Event[1775]:
  Log Name: System
  Source: Microsoft-Windows-Kernel-General
  Date: 2017-06-02T14:39:31.702
  Event ID: 12
  Task: N/A
  Level: Information
  Opcode: Info
  Keyword: N/A
  User: S-1-5-18
  User Name: NT AUTHORITY\SYSTEM
  Computer: DESKTOP-NGQE08I
  Description: 
The operating system started at system time ?2017?-?06?-?02T13:39:31.497558900Z.

Event[1776]:
  Log Name: System
  Source: Microsoft-Windows-Kernel-Boot
  Date: 2017-06-02T14:39:31.702
  Event ID: 153
  Task: N/A
  Level: Information
  Opcode: Info
  Keyword: N/A
  User: S-1-5-18
  User Name: NT AUTHORITY\SYSTEM
  Computer: DESKTOP-NGQE08I
  Description: 
Virtualization-based security (policies: 0) is disabled.

Event[1777]:
  Log Name: System
  Source: Microsoft-Windows-Kernel-Boot
  Date: 2017-06-02T14:39:31.702
  Event ID: 18
  Task: N/A
  Level: Information
  Opcode: Info
  Keyword: N/A
  User: S-1-5-18
  User Name: NT AUTHORITY\SYSTEM
  Computer: DESKTOP-NGQE08I
  Description: 
There are 0x1 boot options on this system.

Event[1778]:
  Log Name: System
  Source: Microsoft-Windows-Kernel-Boot
  Date: 2017-06-02T14:39:31.702
  Event ID: 32
  Task: N/A
  Level: Information
  Opcode: Info
  Keyword: N/A
  User: S-1-5-18
  User Name: NT AUTHORITY\SYSTEM
  Computer: DESKTOP-NGQE08I
  Description: 
The bootmgr spent 0 ms waiting for user input.

Event[1779]:
  Log Name: System
  Source: Microsoft-Windows-Kernel-Boot
  Date: 2017-06-02T14:39:31.702
  Event ID: 20
  Task: N/A
  Level: Information
  Opcode: Info
  Keyword: N/A
  User: S-1-5-18
  User Name: NT AUTHORITY\SYSTEM
  Computer: DESKTOP-NGQE08I
  Description: 
The last shutdown's success status was false. The last boot's success status was true.

Event[1780]:
  Log Name: System
  Source: Microsoft-Windows-Kernel-Boot
  Date: 2017-06-02T14:39:31.702
  Event ID: 27
  Task: N/A
  Level: Information
  Opcode: Info
  Keyword: N/A
  User: S-1-5-18
  User Name: NT AUTHORITY\SYSTEM
  Computer: DESKTOP-NGQE08I
  Description: 
The boot type was 0x0.

Event[1781]:
  Log Name: System
  Source: Microsoft-Windows-Kernel-Boot
  Date: 2017-06-02T14:39:31.702
  Event ID: 25
  Task: N/A
  Level: Information
  Opcode: Info
  Keyword: N/A
  User: S-1-5-18
  User Name: NT AUTHORITY\SYSTEM
  Computer: DESKTOP-NGQE08I
  Description: 
The boot menu policy was 0x1.

Event[1782]:
  Log Name: System
  Source: Microsoft-Windows-Kernel-Boot
  Date: 2017-06-02T14:39:31.702
  Event ID: 30
  Task: N/A
  Level: Information
  Opcode: Info
  Keyword: N/A
  User: S-1-5-18
  User Name: NT AUTHORITY\SYSTEM
  Computer: DESKTOP-NGQE08I
  Description: 
The firmware reported boot metrics.

Event[1783]:
  Log Name: System
  Source: EventLog
  Date: 2017-06-02T14:39:44.313
  Event ID: 6008
  Task: N/A
  Level: Error
  Opcode: N/A
  Keyword: Classic
  User: N/A
  User Name: N/A
  Computer: DESKTOP-NGQE08I
  Description: 
The previous system shutdown at 14:38:37 on ?02/?06/?2017 was unexpected.

Event[1784]:
  Log Name: System
  Source: EventLog
  Date: 2017-06-02T14:39:44.313
  Event ID: 6009
  Task: N/A
  Level: Information
  Opcode: N/A
  Keyword: Classic
  User: N/A
  User Name: N/A
  Computer: DESKTOP-NGQE08I
  Description: 
Microsoft (R) Windows (R) 10.00. 15063  Multiprocessor Free.

Event[1785]:
  Log Name: System
  Source: EventLog
  Date: 2017-06-02T14:39:44.313
  Event ID: 6005
  Task: N/A
  Level: Information
  Opcode: N/A
  Keyword: Classic
  User: N/A
  User Name: N/A
  Computer: DESKTOP-NGQE08I
  Description: 
The Event log service was started.

Event[1786]:
  Log Name: System
  Source: EventLog
  Date: 2017-06-02T14:39:44.313
  Event ID: 6013
  Task: N/A
  Level: Information
  Opcode: N/A
  Keyword: Classic
  User: N/A
  User Name: N/A
  Computer: DESKTOP-NGQE08I
  Description: 
The system uptime is 12 seconds.

Event[1787]:
  Log Name: System
  Source: Microsoft-Windows-FilterManager
  Date: 2017-06-02T14:39:35.188
  Event ID: 6
  Task: N/A
  Level: Information
  Opcode: Info
  Keyword: N/A
  User: S-1-5-18
  User Name: NT AUTHORITY\SYSTEM
  Computer: DESKTOP-NGQE08I
  Description: 
File System Filter 'FileInfo' (10.0, ?2042?-?06?-?30T15:43:32.000000000Z) has successfully loaded and registered with Filter Manager.

Event[1788]:
  Log Name: System
  Source: Microsoft-Windows-FilterManager
  Date: 2017-06-02T14:39:35.189
  Event ID: 6
  Task: N/A
  Level: Information
  Opcode: Info
  Keyword: N/A
  User: S-1-5-18
  User Name: NT AUTHORITY\SYSTEM
  Computer: DESKTOP-NGQE08I
  Description: 
File System Filter 'Wof' (10.0, ?1974?-?03?-?11T23:47:45.000000000Z) has successfully loaded and registered with Filter Manager.

Event[1789]:
  Log Name: System
  Source: Microsoft-Windows-FilterManager
  Date: 2017-06-02T14:39:35.190
  Event ID: 6
  Task: N/A
  Level: Information
  Opcode: Info
  Keyword: N/A
  User: S-1-5-18
  User Name: NT AUTHORITY\SYSTEM
  Computer: DESKTOP-NGQE08I
  Description: 
File System Filter 'WdFilter' (10.0, ?2102?-?10?-?04T17:25:01.000000000Z) has successfully loaded and registered with Filter Manager.

Event[1790]:
  Log Name: System
  Source: Microsoft-Windows-Ntfs
  Date: 2017-06-02T14:39:37.730
  Event ID: 98
  Task: N/A
  Level: Information
  Opcode: Info
  Keyword: N/A
  User: S-1-5-18
  User Name: NT AUTHORITY\SYSTEM
  Computer: DESKTOP-NGQE08I
  Description: 
Volume \\?\Volume{fccc927e-093e-491a-9791-61bb14ac26ca} (\Device\HarddiskVolume1) is healthy.  No action is needed.

Event[1791]:
  Log Name: System
  Source: Microsoft-Windows-Ntfs
  Date: 2017-06-02T14:39:37.828
  Event ID: 98
  Task: N/A
  Level: Information
  Opcode: Info
  Keyword: N/A
  User: S-1-5-18
  User Name: NT AUTHORITY\SYSTEM
  Computer: DESKTOP-NGQE08I
  Description: 
Volume C: (\Device\HarddiskVolume4) is healthy.  No action is needed.

Event[1792]:
  Log Name: System
  Source: Microsoft-Windows-FilterManager
  Date: 2017-06-02T14:39:37.908
  Event ID: 6
  Task: N/A
  Level: Information
  Opcode: Info
  Keyword: N/A
  User: S-1-5-18
  User Name: NT AUTHORITY\SYSTEM
  Computer: DESKTOP-NGQE08I
  Description: 
File System Filter 'FileCrypt' (10.0, ?2030?-?05?-?28T09:10:59.000000000Z) has successfully loaded and registered with Filter Manager.

Event[1793]:
  Log Name: System
  Source: Microsoft-Windows-FilterManager
  Date: 2017-06-02T14:39:37.968
  Event ID: 6
  Task: N/A
  Level: Information
  Opcode: Info
  Keyword: N/A
  User: S-1-5-18
  User Name: NT AUTHORITY\SYSTEM
  Computer: DESKTOP-NGQE08I
  Description: 
File System Filter 'npsvctrig' (10.0, ?2097?-?07?-?25T11:18:05.000000000Z) has successfully loaded and registered with Filter Manager.

Event[1794]:
  Log Name: System
  Source: Microsoft-Windows-Kernel-Power
  Date: 2017-06-02T14:39:37.986
  Event ID: 41
  Task: N/A
  Level: Critical
  Opcode: Info
  Keyword: N/A
  User: S-1-5-18
  User Name: NT AUTHORITY\SYSTEM
  Computer: DESKTOP-NGQE08I
  Description: 
The system has rebooted without cleanly shutting down first. This error could be caused if the system stopped responding, crashed, or lost power unexpectedly.

Event[1795]:
  Log Name: System
  Source: Microsoft-Windows-Kernel-Power
  Date: 2017-06-02T14:39:37.987
  Event ID: 172
  Task: N/A
  Level: Information
  Opcode: Info
  Keyword: N/A
  User: S-1-5-18
  User Name: NT AUTHORITY\SYSTEM
  Computer: DESKTOP-NGQE08I
  Description: 
Connectivity state in standby: Disconnected, Reason: NIC compliance

Event[1796]:
  Log Name: System
  Source: Microsoft-Windows-DriverFrameworks-UserMode
  Date: 2017-06-02T14:39:38.105
  Event ID: 10114
  Task: Startup of the UMDF reflector
  Level: Information
  Opcode: Info
  Keyword: N/A
  User: S-1-5-18
  User Name: NT AUTHORITY\SYSTEM
  Computer: DESKTOP-NGQE08I
  Description: 
WUDFPf (part of UMDF) did not load yet. After it does, Windows will start the device again.

Event[1797]:
  Log Name: System
  Source: Microsoft-Windows-Kernel-PnP
  Date: 2017-06-02T14:39:38.105
  Event ID: 219
  Task: N/A
  Level: Warning
  Opcode: Info
  Keyword: N/A
  User: S-1-5-18
  User Name: NT AUTHORITY\SYSTEM
  Computer: DESKTOP-NGQE08I
  Description: 
The driver \Driver\WUDFRd failed to load for the device ACPI\PNP0A0A\2&daba3ff&0.

Event[1798]:
  Log Name: System
  Source: Microsoft-Windows-Kernel-Processor-Power
  Date: 2017-06-02T14:39:38.122
  Event ID: 55
  Task: N/A
  Level: Information
  Opcode: Info
  Keyword: N/A
  User: S-1-5-18
  User Name: NT AUTHORITY\SYSTEM
  Computer: DESKTOP-NGQE08I
  Description: 
Processor 0 in group 0 exposes the following power management capabilities:

Idle state type: ACPI Idle (C) States (2 state(s))

Performance state type: ACPI Performance (P) / Throttle (T) States
Nominal Frequency (MHz): 3501
Maximum performance percentage: 100
Minimum performance percentage: 34
Minimum throttle percentage: 4

Event[1799]:
  Log Name: System
  Source: Microsoft-Windows-Kernel-Processor-Power
  Date: 2017-06-02T14:39:38.123
  Event ID: 55
  Task: N/A
  Level: Information
  Opcode: Info
  Keyword: N/A
  User: S-1-5-18
  User Name: NT AUTHORITY\SYSTEM
  Computer: DESKTOP-NGQE08I
  Description: 
Processor 2 in group 0 exposes the following power management capabilities:

Idle state type: ACPI Idle (C) States (2 state(s))

Performance state type: ACPI Performance (P) / Throttle (T) States
Nominal Frequency (MHz): 3501
Maximum performance percentage: 100
Minimum performance percentage: 34
Minimum throttle percentage: 4

Event[1800]:
  Log Name: System
  Source: Microsoft-Windows-Kernel-Processor-Power
  Date: 2017-06-02T14:39:38.124
  Event ID: 55
  Task: N/A
  Level: Information
  Opcode: Info
  Keyword: N/A
  User: S-1-5-18
  User Name: NT AUTHORITY\SYSTEM
  Computer: DESKTOP-NGQE08I
  Description: 
Processor 4 in group 0 exposes the following power management capabilities:

Idle state type: ACPI Idle (C) States (2 state(s))

Performance state type: ACPI Performance (P) / Throttle (T) States
Nominal Frequency (MHz): 3501
Maximum performance percentage: 100
Minimum performance percentage: 34
Minimum throttle percentage: 4

Event[1801]:
  Log Name: System
  Source: Microsoft-Windows-Kernel-Processor-Power
  Date: 2017-06-02T14:39:38.124
  Event ID: 55
  Task: N/A
  Level: Information
  Opcode: Info
  Keyword: N/A
  User: S-1-5-18
  User Name: NT AUTHORITY\SYSTEM
  Computer: DESKTOP-NGQE08I
  Description: 
Processor 6 in group 0 exposes the following power management capabilities:

Idle state type: ACPI Idle (C) States (2 state(s))

Performance state type: ACPI Performance (P) / Throttle (T) States
Nominal Frequency (MHz): 3501
Maximum performance percentage: 100
Minimum performance percentage: 34
Minimum throttle percentage: 4

Event[1802]:
  Log Name: System
  Source: Microsoft-Windows-Kernel-Processor-Power
  Date: 2017-06-02T14:39:38.125
  Event ID: 55
  Task: N/A
  Level: Information
  Opcode: Info
  Keyword: N/A
  User: S-1-5-18
  User Name: NT AUTHORITY\SYSTEM
  Computer: DESKTOP-NGQE08I
  Description: 
Processor 8 in group 0 exposes the following power management capabilities:

Idle state type: ACPI Idle (C) States (2 state(s))

Performance state type: ACPI Performance (P) / Throttle (T) States
Nominal Frequency (MHz): 3501
Maximum performance percentage: 100
Minimum performance percentage: 34
Minimum throttle percentage: 4

Event[1803]:
  Log Name: System
  Source: Microsoft-Windows-Kernel-Processor-Power
  Date: 2017-06-02T14:39:38.126
  Event ID: 55
  Task: N/A
  Level: Information
  Opcode: Info
  Keyword: N/A
  User: S-1-5-18
  User Name: NT AUTHORITY\SYSTEM
  Computer: DESKTOP-NGQE08I
  Description: 
Processor 10 in group 0 exposes the following power management capabilities:

Idle state type: ACPI Idle (C) States (2 state(s))

Performance state type: ACPI Performance (P) / Throttle (T) States
Nominal Frequency (MHz): 3501
Maximum performance percentage: 100
Minimum performance percentage: 34
Minimum throttle percentage: 4

Event[1804]:
  Log Name: System
  Source: Microsoft-Windows-Kernel-Processor-Power
  Date: 2017-06-02T14:39:38.126
  Event ID: 55
  Task: N/A
  Level: Information
  Opcode: Info
  Keyword: N/A
  User: S-1-5-18
  User Name: NT AUTHORITY\SYSTEM
  Computer: DESKTOP-NGQE08I
  Description: 
Processor 1 in group 0 exposes the following power management capabilities:

Idle state type: ACPI Idle (C) States (2 state(s))

Performance state type: ACPI Performance (P) / Throttle (T) States
Nominal Frequency (MHz): 3501
Maximum performance percentage: 100
Minimum performance percentage: 34
Minimum throttle percentage: 4

Event[1805]:
  Log Name: System
  Source: Microsoft-Windows-Kernel-Processor-Power
  Date: 2017-06-02T14:39:38.127
  Event ID: 55
  Task: N/A
  Level: Information
  Opcode: Info
  Keyword: N/A
  User: S-1-5-18
  User Name: NT AUTHORITY\SYSTEM
  Computer: DESKTOP-NGQE08I
  Description: 
Processor 3 in group 0 exposes the following power management capabilities:

Idle state type: ACPI Idle (C) States (2 state(s))

Performance state type: ACPI Performance (P) / Throttle (T) States
Nominal Frequency (MHz): 3501
Maximum performance percentage: 100
Minimum performance percentage: 34
Minimum throttle percentage: 4

Event[1806]:
  Log Name: System
  Source: Microsoft-Windows-Kernel-Processor-Power
  Date: 2017-06-02T14:39:38.127
  Event ID: 55
  Task: N/A
  Level: Information
  Opcode: Info
  Keyword: N/A
  User: S-1-5-18
  User Name: NT AUTHORITY\SYSTEM
  Computer: DESKTOP-NGQE08I
  Description: 
Processor 5 in group 0 exposes the following power management capabilities:

Idle state type: ACPI Idle (C) States (2 state(s))

Performance state type: ACPI Performance (P) / Throttle (T) States
Nominal Frequency (MHz): 3501
Maximum performance percentage: 100
Minimum performance percentage: 34
Minimum throttle percentage: 4

Event[1807]:
  Log Name: System
  Source: Microsoft-Windows-Kernel-Processor-Power
  Date: 2017-06-02T14:39:38.128
  Event ID: 55
  Task: N/A
  Level: Information
  Opcode: Info
  Keyword: N/A
  User: S-1-5-18
  User Name: NT AUTHORITY\SYSTEM
  Computer: DESKTOP-NGQE08I
  Description: 
Processor 7 in group 0 exposes the following power management capabilities:

Idle state type: ACPI Idle (C) States (2 state(s))

Performance state type: ACPI Performance (P) / Throttle (T) States
Nominal Frequency (MHz): 3501
Maximum performance percentage: 100
Minimum performance percentage: 34
Minimum throttle percentage: 4

Event[1808]:
  Log Name: System
  Source: Microsoft-Windows-Kernel-Processor-Power
  Date: 2017-06-02T14:39:38.129
  Event ID: 55
  Task: N/A
  Level: Information
  Opcode: Info
  Keyword: N/A
  User: S-1-5-18
  User Name: NT AUTHORITY\SYSTEM
  Computer: DESKTOP-NGQE08I
  Description: 
Processor 9 in group 0 exposes the following power management capabilities:

Idle state type: ACPI Idle (C) States (2 state(s))

Performance state type: ACPI Performance (P) / Throttle (T) States
Nominal Frequency (MHz): 3501
Maximum performance percentage: 100
Minimum performance percentage: 34
Minimum throttle percentage: 4

Event[1809]:
  Log Name: System
  Source: Microsoft-Windows-Kernel-Processor-Power
  Date: 2017-06-02T14:39:38.129
  Event ID: 55
  Task: N/A
  Level: Information
  Opcode: Info
  Keyword: N/A
  User: S-1-5-18
  User Name: NT AUTHORITY\SYSTEM
  Computer: DESKTOP-NGQE08I
  Description: 
Processor 11 in group 0 exposes the following power management capabilities:

Idle state type: ACPI Idle (C) States (2 state(s))

Performance state type: ACPI Performance (P) / Throttle (T) States
Nominal Frequency (MHz): 3501
Maximum performance percentage: 100
Minimum performance percentage: 34
Minimum throttle percentage: 4

Event[1810]:
  Log Name: System
  Source: MEIx64
  Date: 2017-06-02T14:39:38.198
  Event ID: 2
  Task: N/A
  Level: Information
  Opcode: N/A
  Keyword: Classic
  User: N/A
  User Name: N/A
  Computer: DESKTOP-NGQE08I
  Description: 
Intel(R) Management Engine Interface driver has started successfully.

Event[1811]:
  Log Name: System
  Source: Microsoft-Windows-Ntfs
  Date: 2017-06-02T14:39:38.613
  Event ID: 98
  Task: N/A
  Level: Information
  Opcode: Info
  Keyword: N/A
  User: S-1-5-18
  User Name: NT AUTHORITY\SYSTEM
  Computer: DESKTOP-NGQE08I
  Description: 
Volume D: (\Device\HarddiskVolume5) is healthy.  No action is needed.

Event[1812]:
  Log Name: System
  Source: Microsoft-Windows-Ntfs
  Date: 2017-06-02T14:39:39.354
  Event ID: 98
  Task: N/A
  Level: Information
  Opcode: Info
  Keyword: N/A
  User: S-1-5-18
  User Name: NT AUTHORITY\SYSTEM
  Computer: DESKTOP-NGQE08I
  Description: 
Volume H: (\Device\HarddiskVolume10) is healthy.  No action is needed.

Event[1813]:
  Log Name: System
  Source: Microsoft-Windows-Ntfs
  Date: 2017-06-02T14:39:40.361
  Event ID: 98
  Task: N/A
  Level: Information
  Opcode: Info
  Keyword: N/A
  User: S-1-5-18
  User Name: NT AUTHORITY\SYSTEM
  Computer: DESKTOP-NGQE08I
  Description: 
Volume E: (\Device\HarddiskVolume7) is healthy.  No action is needed.

Event[1814]:
  Log Name: System
  Source: Microsoft-Windows-Ntfs
  Date: 2017-06-02T14:39:41.195
  Event ID: 98
  Task: N/A
  Level: Information
  Opcode: Info
  Keyword: N/A
  User: S-1-5-18
  User Name: NT AUTHORITY\SYSTEM
  Computer: DESKTOP-NGQE08I
  Description: 
Volume F: (\Device\HarddiskVolume8) is healthy.  No action is needed.

Event[1815]:
  Log Name: System
  Source: Microsoft-Windows-Ntfs
  Date: 2017-06-02T14:39:41.740
  Event ID: 98
  Task: N/A
  Level: Information
  Opcode: Info
  Keyword: N/A
  User: S-1-5-18
  User Name: NT AUTHORITY\SYSTEM
  Computer: DESKTOP-NGQE08I
  Description: 
Volume G: (\Device\HarddiskVolume9) is healthy.  No action is needed.

Event[1816]:
  Log Name: System
  Source: e1iexpress
  Date: 2017-06-02T14:39:41.895
  Event ID: 32
  Task: N/A
  Level: Information
  Opcode: N/A
  Keyword: Classic
  User: N/A
  User Name: N/A
  Computer: DESKTOP-NGQE08I
  Description: 
Intel(R) Ethernet Connection (2) I218-V
 Network link has been established at 1Gbps full duplex.


Event[1817]:
  Log Name: System
  Source: Microsoft-Windows-Wininit
  Date: 2017-06-02T14:39:43.892
  Event ID: 14
  Task: N/A
  Level: Information
  Opcode: Info
  Keyword: N/A
  User: S-1-5-18
  User Name: NT AUTHORITY\SYSTEM
  Computer: DESKTOP-NGQE08I
  Description: 
Credential Guard (LsaIso.exe) configuration: 0x0, 0

Event[1818]:
  Log Name: System
  Source: Microsoft-Windows-Directory-Services-SAM
  Date: 2017-06-02T14:39:44.037
  Event ID: 16962
  Task: N/A
  Level: Information
  Opcode: Info
  Keyword: N/A
  User: S-1-5-18
  User Name: NT AUTHORITY\SYSTEM
  Computer: DESKTOP-NGQE08I
  Description: 
Remote calls to the SAM database are being restricted using the default security descriptor: O:SYG:SYD:(A;;RC;;;BA).
For more information please see http://go.microsoft.com/fwlink/?LinkId=787651.

Event[1819]:
  Log Name: System
  Source: Microsoft-Windows-FilterManager
  Date: 2017-06-02T14:39:44.265
  Event ID: 6
  Task: N/A
  Level: Information
  Opcode: Info
  Keyword: N/A
  User: S-1-5-18
  User Name: NT AUTHORITY\SYSTEM
  Computer: DESKTOP-NGQE08I
  Description: 
File System Filter 'wcifs' (10.0, ?2088?-?07?-?29T04:04:59.000000000Z) has successfully loaded and registered with Filter Manager.

Event[1820]:
  Log Name: System
  Source: Microsoft-Windows-FilterManager
  Date: 2017-06-02T14:39:44.283
  Event ID: 6
  Task: N/A
  Level: Information
  Opcode: Info
  Keyword: N/A
  User: S-1-5-18
  User Name: NT AUTHORITY\SYSTEM
  Computer: DESKTOP-NGQE08I
  Description: 
File System Filter 'luafv' (10.0, ?2037?-?06?-?08T10:55:59.000000000Z) has successfully loaded and registered with Filter Manager.

Event[1821]:
  Log Name: System
  Source: Service Control Manager
  Date: 2017-06-02T14:39:44.282
  Event ID: 7000
  Task: N/A
  Level: Error
  Opcode: N/A
  Keyword: Classic
  User: N/A
  User Name: N/A
  Computer: DESKTOP-NGQE08I
  Description: 
The CldFlt service failed to start due to the following error: 
The request is not supported.

Event[1822]:
  Log Name: System
  Source: Microsoft-Windows-FilterManager
  Date: 2017-06-02T14:39:44.286
  Event ID: 6
  Task: N/A
  Level: Information
  Opcode: Info
  Keyword: N/A
  User: S-1-5-18
  User Name: NT AUTHORITY\SYSTEM
  Computer: DESKTOP-NGQE08I
  Description: 
File System Filter 'storqosflt' (10.0, ?2015?-?12?-?18T04:36:27.000000000Z) has successfully loaded and registered with Filter Manager.

Event[1823]:
  Log Name: System
  Source: Microsoft-Windows-WER-SystemErrorReporting
  Date: 2017-06-02T14:39:45.141
  Event ID: 1001
  Task: N/A
  Level: Error
  Opcode: N/A
  Keyword: Classic
  User: N/A
  User Name: N/A
  Computer: DESKTOP-NGQE08I
  Description: 
The computer has rebooted from a bugcheck.  The bugcheck was: 0x0000007e (0xffffffffc0000005, 0xfffff8020927ac50, 0xffffad01a4af26b8, 0xffffad01a4af1ef0). A dump was saved in: C:\Windows\MEMORY.DMP. Report Id: 2b17fe9f-63e5-40c6-8820-e4509ff0aa4d.

Event[1824]:
  Log Name: System
  Source: Microsoft-Windows-Dhcp-Client
  Date: 2017-06-02T14:39:44.354
  Event ID: 50036
  Task: Service State Event
  Level: Information
  Opcode: ServiceStart
  Keyword: N/A
  User: S-1-5-19
  User Name: NT AUTHORITY\LOCAL SERVICE
  Computer: DESKTOP-NGQE08I
  Description: 
DHCPv4 client service is started

Event[1825]:
  Log Name: System
  Source: Microsoft-Windows-Dhcp-Client
  Date: 2017-06-02T14:39:44.354
  Event ID: 50103
  Task: Service State Event
  Level: Information
  Opcode: ServiceShutdown
  Keyword: N/A
  User: S-1-5-19
  User Name: NT AUTHORITY\LOCAL SERVICE
  Computer: DESKTOP-NGQE08I
  Description: 
DHCPv4 client registered for shutdown notification

Event[1826]:
  Log Name: System
  Source: Microsoft-Windows-DHCPv6-Client
  Date: 2017-06-02T14:39:44.367
  Event ID: 51046
  Task: Service State Event
  Level: Information
  Opcode: ServiceStart
  Keyword: N/A
  User: S-1-5-19
  User Name: NT AUTHORITY\LOCAL SERVICE
  Computer: DESKTOP-NGQE08I
  Description: 
DHCPv6 client service is started

Event[1827]:
  Log Name: System
  Source: Service Control Manager
  Date: 2017-06-02T14:39:45.313
  Event ID: 7026
  Task: N/A
  Level: Information
  Opcode: N/A
  Keyword: Classic
  User: N/A
  User Name: N/A
  Computer: DESKTOP-NGQE08I
  Description: 
The following boot-start or system-start driver(s) did not load: 
dam

Event[1828]:
  Log Name: System
  Source: Microsoft-Windows-Winlogon
  Date: 2017-06-02T14:39:55.486
  Event ID: 7001
  Task: N/A
  Level: Information
  Opcode: Info
  Keyword: N/A
  User: S-1-5-18
  User Name: NT AUTHORITY\SYSTEM
  Computer: DESKTOP-NGQE08I
  Description: 
User Log-on Notification for Customer Experience Improvement Program

Event[1829]:
  Log Name: System
  Source: Service Control Manager
  Date: 2017-06-02T14:43:47.480
  Event ID: 7040
  Task: N/A
  Level: Information
  Opcode: N/A
  Keyword: Classic
  User: S-1-5-18
  User Name: NT AUTHORITY\SYSTEM
  Computer: DESKTOP-NGQE08I
  Description: 
The start type of the Background Intelligent Transfer Service service was changed from auto start to demand start.

Event[1830]:
  Log Name: System
  Source: Lfsvc
  Date: 2017-06-02T14:49:45.131
  Event ID: 1
  Task: N/A
  Level: Information
  Opcode: Info
  Keyword: Classic
  User: N/A
  User Name: N/A
  Computer: DESKTOP-NGQE08I
  Description: 
Geolocation positioning is enabled.

Event[1831]:
  Log Name: System
  Source: Service Control Manager
  Date: 2017-06-02T14:52:20.561
  Event ID: 7040
  Task: N/A
  Level: Information
  Opcode: N/A
  Keyword: Classic
  User: S-1-5-18
  User Name: NT AUTHORITY\SYSTEM
  Computer: DESKTOP-NGQE08I
  Description: 
The start type of the Background Intelligent Transfer Service service was changed from demand start to auto start.

Event[1832]:
  Log Name: System
  Source: Service Control Manager
  Date: 2017-06-02T14:54:23.027
  Event ID: 7040
  Task: N/A
  Level: Information
  Opcode: N/A
  Keyword: Classic
  User: S-1-5-18
  User Name: NT AUTHORITY\SYSTEM
  Computer: DESKTOP-NGQE08I
  Description: 
The start type of the Background Intelligent Transfer Service service was changed from auto start to demand start.

Event[1833]:
