  Log Name: System
  Source: Microsoft-Windows-UserPnp
  Date: 2017-06-01T14:59:23.468
  Event ID: 20001
  Task: N/A
  Level: Information
  Opcode: Info
  Keyword: N/A
  User: S-1-5-18
  User Name: NT AUTHORITY\SYSTEM
  Computer: DESKTOP-NGQE08I
  Description: 
Driver Management concluded the process to install driver haswellesystem.inf_amd64_8c3b192712fbc4ae\haswellesystem.inf for Device Instance ID PCI\VEN_8086&DEV_2FA8&SUBSYS_2FA88086&REV_02\3&103A9D54&0&98 with the following status: 0x0.

Event[431]:
  Log Name: System
  Source: Microsoft-Windows-UserPnp
  Date: 2017-06-01T14:59:23.651
  Event ID: 20001
  Task: N/A
  Level: Information
  Opcode: Info
  Keyword: N/A
  User: S-1-5-18
  User Name: NT AUTHORITY\SYSTEM
  Computer: DESKTOP-NGQE08I
  Description: 
Driver Management concluded the process to install driver haswellesystem.inf_amd64_8c3b192712fbc4ae\haswellesystem.inf for Device Instance ID PCI\VEN_8086&DEV_2FAA&SUBSYS_2FAA8086&REV_02\3&103A9D54&0&9A with the following status: 0x0.

Event[432]:
  Log Name: System
  Source: Microsoft-Windows-UserPnp
  Date: 2017-06-01T14:59:23.857
  Event ID: 20001
  Task: N/A
  Level: Information
  Opcode: Info
  Keyword: N/A
  User: S-1-5-18
  User Name: NT AUTHORITY\SYSTEM
  Computer: DESKTOP-NGQE08I
  Description: 
Driver Management concluded the process to install driver haswellesystem.inf_amd64_8c3b192712fbc4ae\haswellesystem.inf for Device Instance ID PCI\VEN_8086&DEV_2FAB&SUBSYS_2FAB8086&REV_02\3&103A9D54&0&9B with the following status: 0x0.

Event[433]:
  Log Name: System
  Source: Microsoft-Windows-UserPnp
  Date: 2017-06-01T14:59:24.071
  Event ID: 20001
  Task: N/A
  Level: Information
  Opcode: Info
  Keyword: N/A
  User: S-1-5-18
  User Name: NT AUTHORITY\SYSTEM
  Computer: DESKTOP-NGQE08I
  Description: 
Driver Management concluded the process to install driver haswellesystem.inf_amd64_8c3b192712fbc4ae\haswellesystem.inf for Device Instance ID PCI\VEN_8086&DEV_2FAC&SUBSYS_2FAC8086&REV_02\3&103A9D54&0&9C with the following status: 0x0.

Event[434]:
  Log Name: System
  Source: Microsoft-Windows-UserPnp
  Date: 2017-06-01T14:59:24.306
  Event ID: 20001
  Task: N/A
  Level: Information
  Opcode: Info
  Keyword: N/A
  User: S-1-5-18
  User Name: NT AUTHORITY\SYSTEM
  Computer: DESKTOP-NGQE08I
  Description: 
Driver Management concluded the process to install driver haswellesystem.inf_amd64_8c3b192712fbc4ae\haswellesystem.inf for Device Instance ID PCI\VEN_8086&DEV_2FAD&SUBSYS_2FAD8086&REV_02\3&103A9D54&0&9D with the following status: 0x0.

Event[435]:
  Log Name: System
  Source: Microsoft-Windows-UserPnp
  Date: 2017-06-01T14:59:24.580
  Event ID: 20001
  Task: N/A
  Level: Information
  Opcode: Info
  Keyword: N/A
  User: S-1-5-18
  User Name: NT AUTHORITY\SYSTEM
  Computer: DESKTOP-NGQE08I
  Description: 
Driver Management concluded the process to install driver haswellesystem.inf_amd64_8c3b192712fbc4ae\haswellesystem.inf for Device Instance ID PCI\VEN_8086&DEV_2FAF&SUBSYS_00000000&REV_02\3&103A9D54&0&9F with the following status: 0x0.

Event[436]:
  Log Name: System
  Source: Microsoft-Windows-UserPnp
  Date: 2017-06-01T14:59:24.779
  Event ID: 20001
  Task: N/A
  Level: Information
  Opcode: Info
  Keyword: N/A
  User: S-1-5-18
  User Name: NT AUTHORITY\SYSTEM
  Computer: DESKTOP-NGQE08I
  Description: 
Driver Management concluded the process to install driver haswellesystem.inf_amd64_8c3b192712fbc4ae\haswellesystem.inf for Device Instance ID PCI\VEN_8086&DEV_2FB0&SUBSYS_2FB08086&REV_02\3&103A9D54&0&A0 with the following status: 0x0.

Event[437]:
  Log Name: System
  Source: Microsoft-Windows-UserPnp
  Date: 2017-06-01T14:59:25.010
  Event ID: 20001
  Task: N/A
  Level: Information
  Opcode: Info
  Keyword: N/A
  User: S-1-5-18
  User Name: NT AUTHORITY\SYSTEM
  Computer: DESKTOP-NGQE08I
  Description: 
Driver Management concluded the process to install driver haswellesystem.inf_amd64_8c3b192712fbc4ae\haswellesystem.inf for Device Instance ID PCI\VEN_8086&DEV_2FB1&SUBSYS_2FB18086&REV_02\3&103A9D54&0&A1 with the following status: 0x0.

Event[438]:
  Log Name: System
  Source: Microsoft-Windows-UserPnp
  Date: 2017-06-01T14:59:25.233
  Event ID: 20001
  Task: N/A
  Level: Information
  Opcode: Info
  Keyword: N/A
  User: S-1-5-18
  User Name: NT AUTHORITY\SYSTEM
  Computer: DESKTOP-NGQE08I
  Description: 
Driver Management concluded the process to install driver haswellesystem.inf_amd64_8c3b192712fbc4ae\haswellesystem.inf for Device Instance ID PCI\VEN_8086&DEV_2FB2&SUBSYS_2FB28086&REV_02\3&103A9D54&0&A2 with the following status: 0x0.

Event[439]:
  Log Name: System
  Source: Microsoft-Windows-UserPnp
  Date: 2017-06-01T14:59:25.441
  Event ID: 20001
  Task: N/A
  Level: Information
  Opcode: Info
  Keyword: N/A
  User: S-1-5-18
  User Name: NT AUTHORITY\SYSTEM
  Computer: DESKTOP-NGQE08I
  Description: 
Driver Management concluded the process to install driver haswellesystem.inf_amd64_8c3b192712fbc4ae\haswellesystem.inf for Device Instance ID PCI\VEN_8086&DEV_2FB3&SUBSYS_2FB38086&REV_02\3&103A9D54&0&A3 with the following status: 0x0.

Event[440]:
  Log Name: System
  Source: Microsoft-Windows-UserPnp
  Date: 2017-06-01T14:59:25.751
  Event ID: 20001
  Task: N/A
  Level: Information
  Opcode: Info
  Keyword: N/A
  User: S-1-5-18
  User Name: NT AUTHORITY\SYSTEM
  Computer: DESKTOP-NGQE08I
  Description: 
Driver Management concluded the process to install driver haswellesystem.inf_amd64_8c3b192712fbc4ae\haswellesystem.inf for Device Instance ID PCI\VEN_8086&DEV_2FB5&SUBSYS_2FB58086&REV_02\3&103A9D54&0&A9 with the following status: 0x0.

Event[441]:
  Log Name: System
  Source: Microsoft-Windows-UserPnp
  Date: 2017-06-01T14:59:25.946
  Event ID: 20001
  Task: N/A
  Level: Information
  Opcode: Info
  Keyword: N/A
  User: S-1-5-18
  User Name: NT AUTHORITY\SYSTEM
  Computer: DESKTOP-NGQE08I
  Description: 
Driver Management concluded the process to install driver haswellesystem.inf_amd64_8c3b192712fbc4ae\haswellesystem.inf for Device Instance ID PCI\VEN_8086&DEV_2FB6&SUBSYS_2FB68086&REV_02\3&103A9D54&0&AA with the following status: 0x0.

Event[442]:
  Log Name: System
  Source: Microsoft-Windows-UserPnp
  Date: 2017-06-01T14:59:26.167
  Event ID: 20001
  Task: N/A
  Level: Information
  Opcode: Info
  Keyword: N/A
  User: S-1-5-18
  User Name: NT AUTHORITY\SYSTEM
  Computer: DESKTOP-NGQE08I
  Description: 
Driver Management concluded the process to install driver haswellesystem.inf_amd64_8c3b192712fbc4ae\haswellesystem.inf for Device Instance ID PCI\VEN_8086&DEV_2FB7&SUBSYS_2FB78086&REV_02\3&103A9D54&0&AB with the following status: 0x0.

Event[443]:
  Log Name: System
  Source: Microsoft-Windows-UserPnp
  Date: 2017-06-01T14:59:26.340
  Event ID: 20001
  Task: N/A
  Level: Information
  Opcode: Info
  Keyword: N/A
  User: S-1-5-18
  User Name: NT AUTHORITY\SYSTEM
  Computer: DESKTOP-NGQE08I
  Description: 
Driver Management concluded the process to install driver haswellesystem.inf_amd64_8c3b192712fbc4ae\haswellesystem.inf for Device Instance ID PCI\VEN_8086&DEV_2FB8&SUBSYS_00000000&REV_02\3&103A9D54&0&BC with the following status: 0x0.

Event[444]:
  Log Name: System
  Source: Microsoft-Windows-UserPnp
  Date: 2017-06-01T14:59:26.481
  Event ID: 20001
  Task: N/A
  Level: Information
  Opcode: Info
  Keyword: N/A
  User: S-1-5-18
  User Name: NT AUTHORITY\SYSTEM
  Computer: DESKTOP-NGQE08I
  Description: 
Driver Management concluded the process to install driver haswellesystem.inf_amd64_8c3b192712fbc4ae\haswellesystem.inf for Device Instance ID PCI\VEN_8086&DEV_2FB9&SUBSYS_00000000&REV_02\3&103A9D54&0&BD with the following status: 0x0.

Event[445]:
  Log Name: System
  Source: Microsoft-Windows-UserPnp
  Date: 2017-06-01T14:59:26.701
  Event ID: 20001
  Task: N/A
  Level: Information
  Opcode: Info
  Keyword: N/A
  User: S-1-5-18
  User Name: NT AUTHORITY\SYSTEM
  Computer: DESKTOP-NGQE08I
  Description: 
Driver Management concluded the process to install driver haswellesystem.inf_amd64_8c3b192712fbc4ae\haswellesystem.inf for Device Instance ID PCI\VEN_8086&DEV_2FBB&SUBSYS_00000000&REV_02\3&103A9D54&0&BF with the following status: 0x0.

Event[446]:
  Log Name: System
  Source: Microsoft-Windows-UserPnp
  Date: 2017-06-01T14:59:26.914
  Event ID: 20001
  Task: N/A
  Level: Information
  Opcode: Info
  Keyword: N/A
  User: S-1-5-18
  User Name: NT AUTHORITY\SYSTEM
  Computer: DESKTOP-NGQE08I
  Description: 
Driver Management concluded the process to install driver haswellesystem.inf_amd64_8c3b192712fbc4ae\haswellesystem.inf for Device Instance ID PCI\VEN_8086&DEV_2FBE&SUBSYS_00000000&REV_02\3&103A9D54&0&A6 with the following status: 0x0.

Event[447]:
  Log Name: System
  Source: Microsoft-Windows-UserPnp
  Date: 2017-06-01T14:59:27.091
  Event ID: 20001
  Task: N/A
  Level: Information
  Opcode: Info
  Keyword: N/A
  User: S-1-5-18
  User Name: NT AUTHORITY\SYSTEM
  Computer: DESKTOP-NGQE08I
  Description: 
Driver Management concluded the process to install driver haswellesystem.inf_amd64_8c3b192712fbc4ae\haswellesystem.inf for Device Instance ID PCI\VEN_8086&DEV_2FBF&SUBSYS_00000000&REV_02\3&103A9D54&0&A7 with the following status: 0x0.

Event[448]:
  Log Name: System
  Source: Microsoft-Windows-UserPnp
  Date: 2017-06-01T14:59:27.254
  Event ID: 20001
  Task: N/A
  Level: Information
  Opcode: Info
  Keyword: N/A
  User: S-1-5-18
  User Name: NT AUTHORITY\SYSTEM
  Computer: DESKTOP-NGQE08I
  Description: 
Driver Management concluded the process to install driver haswellesystem.inf_amd64_8c3b192712fbc4ae\haswellesystem.inf for Device Instance ID PCI\VEN_8086&DEV_2FC0&SUBSYS_2FC08086&REV_02\3&103A9D54&0&F3 with the following status: 0x0.

Event[449]:
  Log Name: System
  Source: Microsoft-Windows-UserPnp
  Date: 2017-06-01T14:59:27.415
  Event ID: 20001
  Task: N/A
  Level: Information
  Opcode: Info
  Keyword: N/A
  User: S-1-5-18
  User Name: NT AUTHORITY\SYSTEM
  Computer: DESKTOP-NGQE08I
  Description: 
Driver Management concluded the process to install driver haswellesystem.inf_amd64_8c3b192712fbc4ae\haswellesystem.inf for Device Instance ID PCI\VEN_8086&DEV_2FD0&SUBSYS_00000000&REV_02\3&103A9D54&0&B8 with the following status: 0x0.

Event[450]:
  Log Name: System
  Source: Microsoft-Windows-UserPnp
  Date: 2017-06-01T14:59:27.622
  Event ID: 20001
  Task: N/A
  Level: Information
  Opcode: Info
  Keyword: N/A
  User: S-1-5-18
  User Name: NT AUTHORITY\SYSTEM
  Computer: DESKTOP-NGQE08I
  Description: 
Driver Management concluded the process to install driver haswellesystem.inf_amd64_8c3b192712fbc4ae\haswellesystem.inf for Device Instance ID PCI\VEN_8086&DEV_2FE0&SUBSYS_2FE08086&REV_02\3&103A9D54&0&60 with the following status: 0x0.

Event[451]:
  Log Name: System
  Source: Microsoft-Windows-UserPnp
  Date: 2017-06-01T14:59:27.819
  Event ID: 20001
  Task: N/A
  Level: Information
  Opcode: Info
  Keyword: N/A
  User: S-1-5-18
  User Name: NT AUTHORITY\SYSTEM
  Computer: DESKTOP-NGQE08I
  Description: 
Driver Management concluded the process to install driver haswellesystem.inf_amd64_8c3b192712fbc4ae\haswellesystem.inf for Device Instance ID PCI\VEN_8086&DEV_2FE1&SUBSYS_2FE18086&REV_02\3&103A9D54&0&61 with the following status: 0x0.

Event[452]:
  Log Name: System
  Source: Microsoft-Windows-UserPnp
  Date: 2017-06-01T14:59:28.016
  Event ID: 20001
  Task: N/A
  Level: Information
  Opcode: Info
  Keyword: N/A
  User: S-1-5-18
  User Name: NT AUTHORITY\SYSTEM
  Computer: DESKTOP-NGQE08I
  Description: 
Driver Management concluded the process to install driver haswellesystem.inf_amd64_8c3b192712fbc4ae\haswellesystem.inf for Device Instance ID PCI\VEN_8086&DEV_2FE2&SUBSYS_2FE28086&REV_02\3&103A9D54&0&62 with the following status: 0x0.

Event[453]:
  Log Name: System
  Source: Microsoft-Windows-UserPnp
  Date: 2017-06-01T14:59:28.186
  Event ID: 20001
  Task: N/A
  Level: Information
  Opcode: Info
  Keyword: N/A
  User: S-1-5-18
  User Name: NT AUTHORITY\SYSTEM
  Computer: DESKTOP-NGQE08I
  Description: 
Driver Management concluded the process to install driver haswellesystem.inf_amd64_8c3b192712fbc4ae\haswellesystem.inf for Device Instance ID PCI\VEN_8086&DEV_2FE3&SUBSYS_2FE38086&REV_02\3&103A9D54&0&63 with the following status: 0x0.

Event[454]:
  Log Name: System
  Source: Microsoft-Windows-UserPnp
  Date: 2017-06-01T14:59:28.354
  Event ID: 20001
  Task: N/A
  Level: Information
  Opcode: Info
  Keyword: N/A
  User: S-1-5-18
  User Name: NT AUTHORITY\SYSTEM
  Computer: DESKTOP-NGQE08I
  Description: 
Driver Management concluded the process to install driver haswellesystem.inf_amd64_8c3b192712fbc4ae\haswellesystem.inf for Device Instance ID PCI\VEN_8086&DEV_2FE4&SUBSYS_2FE48086&REV_02\3&103A9D54&0&64 with the following status: 0x0.

Event[455]:
  Log Name: System
  Source: Microsoft-Windows-UserPnp
  Date: 2017-06-01T14:59:28.516
  Event ID: 20001
  Task: N/A
  Level: Information
  Opcode: Info
  Keyword: N/A
  User: S-1-5-18
  User Name: NT AUTHORITY\SYSTEM
  Computer: DESKTOP-NGQE08I
  Description: 
Driver Management concluded the process to install driver haswellesystem.inf_amd64_8c3b192712fbc4ae\haswellesystem.inf for Device Instance ID PCI\VEN_8086&DEV_2FE5&SUBSYS_2FE58086&REV_02\3&103A9D54&0&65 with the following status: 0x0.

Event[456]:
  Log Name: System
  Source: Microsoft-Windows-UserPnp
  Date: 2017-06-01T14:59:28.739
  Event ID: 20001
  Task: N/A
  Level: Information
  Opcode: Info
  Keyword: N/A
  User: S-1-5-18
  User Name: NT AUTHORITY\SYSTEM
  Computer: DESKTOP-NGQE08I
  Description: 
Driver Management concluded the process to install driver haswellesystem.inf_amd64_8c3b192712fbc4ae\haswellesystem.inf for Device Instance ID PCI\VEN_8086&DEV_2FF8&SUBSYS_00000000&REV_02\3&103A9D54&0&78 with the following status: 0x0.

Event[457]:
  Log Name: System
  Source: Microsoft-Windows-UserPnp
  Date: 2017-06-01T14:59:28.947
  Event ID: 20001
  Task: N/A
  Level: Information
  Opcode: Info
  Keyword: N/A
  User: S-1-5-18
  User Name: NT AUTHORITY\SYSTEM
  Computer: DESKTOP-NGQE08I
  Description: 
Driver Management concluded the process to install driver haswellesystem.inf_amd64_8c3b192712fbc4ae\haswellesystem.inf for Device Instance ID PCI\VEN_8086&DEV_2FF9&SUBSYS_00000000&REV_02\3&103A9D54&0&79 with the following status: 0x0.

Event[458]:
  Log Name: System
  Source: Microsoft-Windows-UserPnp
  Date: 2017-06-01T14:59:29.149
  Event ID: 20001
  Task: N/A
  Level: Information
  Opcode: Info
  Keyword: N/A
  User: S-1-5-18
  User Name: NT AUTHORITY\SYSTEM
  Computer: DESKTOP-NGQE08I
  Description: 
Driver Management concluded the process to install driver haswellesystem.inf_amd64_8c3b192712fbc4ae\haswellesystem.inf for Device Instance ID PCI\VEN_8086&DEV_2FFC&SUBSYS_2FE08086&REV_02\3&103A9D54&0&7C with the following status: 0x0.

Event[459]:
  Log Name: System
  Source: Microsoft-Windows-UserPnp
  Date: 2017-06-01T14:59:29.308
  Event ID: 20001
  Task: N/A
  Level: Information
  Opcode: Info
  Keyword: N/A
  User: S-1-5-18
  User Name: NT AUTHORITY\SYSTEM
  Computer: DESKTOP-NGQE08I
  Description: 
Driver Management concluded the process to install driver haswellesystem.inf_amd64_8c3b192712fbc4ae\haswellesystem.inf for Device Instance ID PCI\VEN_8086&DEV_2FFD&SUBSYS_2FE08086&REV_02\3&103A9D54&0&7D with the following status: 0x0.

Event[460]:
  Log Name: System
  Source: Microsoft-Windows-UserPnp
  Date: 2017-06-01T14:59:29.471
  Event ID: 20001
  Task: N/A
  Level: Information
  Opcode: Info
  Keyword: N/A
  User: S-1-5-18
  User Name: NT AUTHORITY\SYSTEM
  Computer: DESKTOP-NGQE08I
  Description: 
Driver Management concluded the process to install driver haswellesystem.inf_amd64_8c3b192712fbc4ae\haswellesystem.inf for Device Instance ID PCI\VEN_8086&DEV_2FFE&SUBSYS_2FE08086&REV_02\3&103A9D54&0&7E with the following status: 0x0.

Event[461]:
  Log Name: System
  Source: Microsoft-Windows-UserPnp
  Date: 2017-06-01T14:59:29.770
  Event ID: 20001
  Task: N/A
  Level: Information
  Opcode: Info
  Keyword: N/A
  User: S-1-5-18
  User Name: NT AUTHORITY\SYSTEM
  Computer: DESKTOP-NGQE08I
  Description: 
Driver Management concluded the process to install driver null_hecisystem.inf_amd64_6e02a1a9483376cb\null_hecisystem.inf for Device Instance ID PCI\VEN_8086&DEV_8D3A&SUBSYS_86001043&REV_05\3&11583659&0&B0 with the following status: 0x0.

Event[462]:
  Log Name: System
  Source: Microsoft-Windows-UserPnp
  Date: 2017-06-01T14:59:30.200
  Event ID: 20001
  Task: N/A
  Level: Information
  Opcode: Info
  Keyword: N/A
  User: S-1-5-18
  User Name: NT AUTHORITY\SYSTEM
  Computer: DESKTOP-NGQE08I
  Description: 
Driver Management concluded the process to install driver wellsburgsystem.inf_amd64_20672e0fc296c4ff\wellsburgsystem.inf for Device Instance ID PCI\VEN_8086&DEV_8D10&SUBSYS_86001043&REV_D5\3&11583659&0&E0 with the following status: 0x0.

Event[463]:
  Log Name: System
  Source: Microsoft-Windows-UserPnp
  Date: 2017-06-01T14:59:31.705
  Event ID: 20001
  Task: N/A
  Level: Information
  Opcode: Info
  Keyword: N/A
  User: S-1-5-18
  User Name: NT AUTHORITY\SYSTEM
  Computer: DESKTOP-NGQE08I
  Description: 
Driver Management concluded the process to install driver wellsburgsystem.inf_amd64_20672e0fc296c4ff\wellsburgsystem.inf for Device Instance ID PCI\VEN_8086&DEV_8D18&SUBSYS_86001043&REV_D5\3&11583659&0&E4 with the following status: 0x0.

Event[464]:
  Log Name: System
  Source: Microsoft-Windows-WindowsUpdateClient
  Date: 2017-06-01T14:59:31.798
  Event ID: 44
  Task: Windows Update Agent
  Level: Information
  Opcode: Download
  Keyword: Download,Started
  User: S-1-5-18
  User Name: NT AUTHORITY\SYSTEM
  Computer: DESKTOP-NGQE08I
  Description: 
Windows Update started downloading an update.

Event[465]:
  Log Name: System
  Source: Microsoft-Windows-UserPnp
  Date: 2017-06-01T14:59:32.392
  Event ID: 20001
  Task: N/A
  Level: Information
  Opcode: Info
  Keyword: N/A
  User: S-1-5-18
  User Name: NT AUTHORITY\SYSTEM
  Computer: DESKTOP-NGQE08I
  Description: 
Driver Management concluded the process to install driver wellsburgsystem.inf_amd64_20672e0fc296c4ff\wellsburgsystem.inf for Device Instance ID PCI\VEN_8086&DEV_8D1C&SUBSYS_86001043&REV_D5\3&11583659&0&E6 with the following status: 0x0.

Event[466]:
  Log Name: System
  Source: Microsoft-Windows-WindowsUpdateClient
  Date: 2017-06-01T14:59:33.013
  Event ID: 43
  Task: Windows Update Agent
  Level: Information
  Opcode: Installation
  Keyword: Installation,Started
  User: S-1-5-18
  User Name: NT AUTHORITY\SYSTEM
  Computer: DESKTOP-NGQE08I
  Description: 
Installation Started: Windows has started installing the following update: Intel driver update for Intel(R) Management Engine Interface

Event[467]:
  Log Name: System
  Source: Microsoft-Windows-UserPnp
  Date: 2017-06-01T14:59:33.037
  Event ID: 20001
  Task: N/A
  Level: Information
  Opcode: Info
  Keyword: N/A
  User: S-1-5-18
  User Name: NT AUTHORITY\SYSTEM
  Computer: DESKTOP-NGQE08I
  Description: 
Driver Management concluded the process to install driver wellsburgsystem.inf_amd64_20672e0fc296c4ff\wellsburgsystem.inf for Device Instance ID PCI\VEN_8086&DEV_8D1E&SUBSYS_86001043&REV_D5\3&11583659&0&E7 with the following status: 0x0.

Event[468]:
  Log Name: System
  Source: Microsoft-Windows-UserPnp
  Date: 2017-06-01T14:59:33.172
  Event ID: 20001
  Task: N/A
  Level: Information
  Opcode: Info
  Keyword: N/A
  User: S-1-5-18
  User Name: NT AUTHORITY\SYSTEM
  Computer: DESKTOP-NGQE08I
  Description: 
Driver Management concluded the process to install driver wellsburgsystem.inf_amd64_20672e0fc296c4ff\wellsburgsystem.inf for Device Instance ID PCI\VEN_8086&DEV_8D22&SUBSYS_86001043&REV_05\3&11583659&0&FB with the following status: 0x0.

Event[469]:
  Log Name: System
  Source: Microsoft-Windows-UserPnp
  Date: 2017-06-01T14:59:33.527
  Event ID: 20001
  Task: N/A
  Level: Information
  Opcode: Info
  Keyword: N/A
  User: S-1-5-18
  User Name: NT AUTHORITY\SYSTEM
  Computer: DESKTOP-NGQE08I
  Description: 
Driver Management concluded the process to install driver wellsburgsystem.inf_amd64_20672e0fc296c4ff\wellsburgsystem.inf for Device Instance ID PCI\VEN_8086&DEV_8D47&SUBSYS_86001043&REV_05\3&11583659&0&F8 with the following status: 0x0.

Event[470]:
  Log Name: System
  Source: Service Control Manager
  Date: 2017-06-01T14:59:33.682
  Event ID: 7045
  Task: N/A
  Level: Information
  Opcode: N/A
  Keyword: Classic
  User: S-1-5-18
  User Name: NT AUTHORITY\SYSTEM
  Computer: DESKTOP-NGQE08I
  Description: 
A service was installed in the system.

Service Name:  Intel(R) Management Engine Interface 
Service File Name:  \SystemRoot\System32\drivers\TeeDriverW8x64.sys
Service Type:  kernel mode driver
Service Start Type:  demand start
Service Account:  

Event[471]:
  Log Name: System
  Source: MEIx64
  Date: 2017-06-01T14:59:33.822
  Event ID: 2
  Task: N/A
  Level: Information
  Opcode: N/A
  Keyword: Classic
  User: N/A
  User Name: N/A
  Computer: DESKTOP-NGQE08I
  Description: 
Intel(R) Management Engine Interface driver has started successfully.

Event[472]:
  Log Name: System
  Source: Microsoft-Windows-UserPnp
  Date: 2017-06-01T14:59:33.831
  Event ID: 20001
  Task: N/A
  Level: Information
  Opcode: Info
  Keyword: N/A
  User: S-1-5-18
  User Name: NT AUTHORITY\SYSTEM
  Computer: DESKTOP-NGQE08I
  Description: 
Driver Management concluded the process to install driver heci.inf_amd64_7a37daa18a2c0756\heci.inf for Device Instance ID PCI\VEN_8086&DEV_8D3A&SUBSYS_86001043&REV_05\3&11583659&0&B0 with the following status: 0x0.

Event[473]:
  Log Name: System
  Source: Microsoft-Windows-UserPnp
  Date: 2017-06-01T14:59:33.900
  Event ID: 20001
  Task: N/A
  Level: Information
  Opcode: Info
  Keyword: N/A
  User: S-1-5-18
  User Name: NT AUTHORITY\SYSTEM
  Computer: DESKTOP-NGQE08I
  Description: 
Driver Management concluded the process to install driver wellsburgsystem.inf_amd64_20672e0fc296c4ff\wellsburgsystem.inf for Device Instance ID PCI\VEN_8086&DEV_8D7C&SUBSYS_86001043&REV_05\3&11583659&0&88 with the following status: 0x0.

Event[474]:
  Log Name: System
  Source: Microsoft-Windows-WindowsUpdateClient
  Date: 2017-06-01T14:59:34.011
  Event ID: 19
  Task: Windows Update Agent
  Level: Information
  Opcode: Installation
  Keyword: Installation,Success
  User: S-1-5-18
  User Name: NT AUTHORITY\SYSTEM
  Computer: DESKTOP-NGQE08I
  Description: 
Installation Successful: Windows successfully installed the following update: Intel driver update for Intel(R) Management Engine Interface

Event[475]:
  Log Name: System
  Source: Microsoft-Windows-UserPnp
  Date: 2017-06-01T14:59:34.385
  Event ID: 20001
  Task: N/A
  Level: Information
  Opcode: Info
  Keyword: N/A
  User: S-1-5-18
  User Name: NT AUTHORITY\SYSTEM
  Computer: DESKTOP-NGQE08I
  Description: 
Driver Management concluded the process to install driver wellsburgusb.inf_amd64_e0c381696791ff82\wellsburgusb.inf for Device Instance ID PCI\VEN_8086&DEV_8D26&SUBSYS_86001043&REV_05\3&11583659&0&E8 with the following status: 0x0.

Event[476]:
  Log Name: System
  Source: Microsoft-Windows-UserPnp
  Date: 2017-06-01T14:59:34.733
  Event ID: 20001
  Task: N/A
  Level: Information
  Opcode: Info
  Keyword: N/A
  User: S-1-5-18
  User Name: NT AUTHORITY\SYSTEM
  Computer: DESKTOP-NGQE08I
  Description: 
Driver Management concluded the process to install driver wellsburgusb.inf_amd64_e0c381696791ff82\wellsburgusb.inf for Device Instance ID PCI\VEN_8086&DEV_8D2D&SUBSYS_86001043&REV_05\3&11583659&0&D0 with the following status: 0x0.

Event[477]:
  Log Name: System
  Source: User32
  Date: 2017-06-01T14:59:42.081
  Event ID: 1074
  Task: N/A
  Level: Information
  Opcode: N/A
  Keyword: Classic
  User: S-1-5-21-1441030301-2801777419-3013317047-1001
  User Name: DESKTOP-NGQE08I\organ
  Computer: DESKTOP-NGQE08I
  Description: 
The process C:\Users\organ\Desktop\Asus Rampage V Extreme Win 10 Drivers\Intel_Chipset_Win7-8-81-10_Vv10128\SetupChipset.exe (WIN-DI0LKEPQF4N) has initiated the restart of computer DESKTOP-NGQE08I on behalf of user DESKTOP-NGQE08I\organ for the following reason: Application: Installation (Planned)
 Reason Code: 0x80040002
 Shut-down Type: restart
 Comment: 

Event[478]:
  Log Name: System
  Source: EventLog
  Date: 2017-06-01T15:00:12.726
  Event ID: 6006
  Task: N/A
  Level: Information
  Opcode: N/A
  Keyword: Classic
  User: N/A
  User Name: N/A
  Computer: DESKTOP-NGQE08I
  Description: 
The Event log service was stopped.

Event[479]:
  Log Name: System
  Source: storahci
  Date: 2017-06-01T15:00:12.148
  Event ID: 129
  Task: N/A
  Level: Warning
  Opcode: N/A
  Keyword: Classic
  User: N/A
  User Name: N/A
  Computer: DESKTOP-NGQE08I
  Description: 
Reset to device, \Device\RaidPort2, was issued.

Event[480]:
  Log Name: System
  Source: Microsoft-Windows-Winlogon
  Date: 2017-06-01T15:00:12.289
  Event ID: 7002
  Task: N/A
  Level: Information
  Opcode: Info
  Keyword: N/A
  User: S-1-5-18
  User Name: NT AUTHORITY\SYSTEM
  Computer: DESKTOP-NGQE08I
  Description: 
User Log-off Notification for Customer Experience Improvement Program

Event[481]:
  Log Name: System
  Source: Microsoft-Windows-DistributedCOM
  Date: 2017-06-01T15:00:12.476
  Event ID: 10005
  Task: N/A
  Level: Error
  Opcode: Info
  Keyword: Classic
  User: S-1-5-18
  User Name: NT AUTHORITY\SYSTEM
  Computer: DESKTOP-NGQE08I
  Description: 
DCOM got error "1115" attempting to start the service dosvc with arguments "Unavailable" in order to run the server:
{5B99FA76-721C-423C-ADAC-56D03C8A8007}

Event[482]:
  Log Name: System
  Source: Service Control Manager
  Date: 2017-06-01T15:00:12.491
  Event ID: 7040
  Task: N/A
  Level: Information
  Opcode: N/A
  Keyword: Classic
  User: S-1-5-18
  User Name: NT AUTHORITY\SYSTEM
  Computer: DESKTOP-NGQE08I
  Description: 
The start type of the Background Intelligent Transfer Service service was changed from demand start to auto start.

Event[483]:
  Log Name: System
  Source: Microsoft-Windows-Dhcp-Client
  Date: 2017-06-01T15:00:12.725
  Event ID: 50104
  Task: Service State Event
  Level: Information
  Opcode: ServiceShutdown
  Keyword: N/A
  User: S-1-5-19
  User Name: NT AUTHORITY\LOCAL SERVICE
  Computer: DESKTOP-NGQE08I
  Description: 
DHCPv4 client received shutdown notification

Event[484]:
  Log Name: System
  Source: Microsoft-Windows-Dhcp-Client
  Date: 2017-06-01T15:00:12.726
  Event ID: 50105
  Task: Service State Event
  Level: Information
  Opcode: ServiceShutdown
  Keyword: N/A
  User: S-1-5-19
  User Name: NT AUTHORITY\LOCAL SERVICE
  Computer: DESKTOP-NGQE08I
  Description: 
DHCPv4 client ProcessDHCPRequestForever received TERMINATE_EVENT

Event[485]:
  Log Name: System
  Source: Microsoft-Windows-Dhcp-Client
  Date: 2017-06-01T15:00:12.730
  Event ID: 50106
  Task: Service State Event
  Level: Information
  Opcode: ServiceShutdown
  Keyword: N/A
  User: S-1-5-19
  User Name: NT AUTHORITY\LOCAL SERVICE
  Computer: DESKTOP-NGQE08I
  Description: 
DHCPv4 is waiting on DHCPv6 service to stop

Event[486]:
  Log Name: System
  Source: Microsoft-Windows-DHCPv6-Client
  Date: 2017-06-01T15:00:12.731
  Event ID: 51047
  Task: Service State Event
  Level: Information
  Opcode: ServiceStop
  Keyword: N/A
  User: S-1-5-19
  User Name: NT AUTHORITY\LOCAL SERVICE
  Computer: DESKTOP-NGQE08I
  Description: 
DHCPv6 client service is stopped. ShutDown Flag value is 1

Event[487]:
  Log Name: System
  Source: Microsoft-Windows-DHCPv6-Client
  Date: 2017-06-01T15:00:12.731
  Event ID: 51057
  Task: Service State Event
  Level: Information
  Opcode: ServiceStopWithRefCount
  Keyword: N/A
  User: S-1-5-19
  User Name: NT AUTHORITY\LOCAL SERVICE
  Computer: DESKTOP-NGQE08I
  Description: 
DHCPv6 client service stop is almost done.DHCP Context Ref count is 1

Event[488]:
  Log Name: System
  Source: Microsoft-Windows-DHCPv6-Client
  Date: 2017-06-01T15:00:12.731
  Event ID: 51057
  Task: Service State Event
  Level: Information
  Opcode: ServiceStopWithRefCount
  Keyword: N/A
  User: S-1-5-19
  User Name: NT AUTHORITY\LOCAL SERVICE
  Computer: DESKTOP-NGQE08I
  Description: 
DHCPv6 client service stop is almost done.DHCP Context Ref count is 1

Event[489]:
  Log Name: System
  Source: Microsoft-Windows-Dhcp-Client
  Date: 2017-06-01T15:00:12.731
  Event ID: 50037
  Task: Service State Event
  Level: Information
  Opcode: ServiceStop
  Keyword: N/A
  User: S-1-5-19
  User Name: NT AUTHORITY\LOCAL SERVICE
  Computer: DESKTOP-NGQE08I
  Description: 
DHCPv4 client service is stopped. ShutDown Flag value is 1

Event[490]:
  Log Name: System
  Source: EventLog
  Date: 2017-06-01T15:00:50.865
  Event ID: 6009
  Task: N/A
  Level: Information
  Opcode: N/A
  Keyword: Classic
  User: N/A
  User Name: N/A
  Computer: DESKTOP-NGQE08I
  Description: 
Microsoft (R) Windows (R) 10.00. 15063  Multiprocessor Free.

Event[491]:
  Log Name: System
  Source: EventLog
  Date: 2017-06-01T15:00:50.865
  Event ID: 6005
  Task: N/A
  Level: Information
  Opcode: N/A
  Keyword: Classic
  User: N/A
  User Name: N/A
  Computer: DESKTOP-NGQE08I
  Description: 
The Event log service was started.

Event[492]:
  Log Name: System
  Source: EventLog
  Date: 2017-06-01T15:00:50.865
  Event ID: 6013
  Task: N/A
  Level: Information
  Opcode: N/A
  Keyword: Classic
  User: N/A
  User Name: N/A
  Computer: DESKTOP-NGQE08I
  Description: 
The system uptime is 10 seconds.

Event[493]:
  Log Name: System
  Source: Microsoft-Windows-Bits-Client
  Date: 2017-06-01T15:00:14.602
  Event ID: 16392
  Task: N/A
  Level: Error
  Opcode: Info
  Keyword: N/A
  User: S-1-5-18
  User Name: NT AUTHORITY\SYSTEM
  Computer: DESKTOP-NGQE08I
  Description: 
The BITS service failed to start.  Error 0x80004015.

Event[494]:
  Log Name: System
  Source: Service Control Manager
  Date: 2017-06-01T15:00:14.601
  Event ID: 7024
  Task: N/A
  Level: Error
  Opcode: N/A
  Keyword: Classic
  User: N/A
  User Name: N/A
  Computer: DESKTOP-NGQE08I
  Description: 
The Background Intelligent Transfer Service service terminated with the following service-specific error: 
The class is configured to run as a security id different from the caller

Event[495]:
  Log Name: System
  Source: Microsoft-Windows-Kernel-Power
  Date: 2017-06-01T15:00:17.697
  Event ID: 109
  Task: N/A
  Level: Information
  Opcode: Info
  Keyword: N/A
  User: N/A
  User Name: N/A
  Computer: DESKTOP-NGQE08I
  Description: 
The kernel power manager has initiated a shutdown transition.

Shutdown Reason: Kernel API

Event[496]:
  Log Name: System
  Source: Microsoft-Windows-Kernel-General
  Date: 2017-06-01T15:00:18.701
  Event ID: 13
  Task: N/A
  Level: Information
  Opcode: Info
  Keyword: N/A
  User: N/A
  User Name: N/A
  Computer: DESKTOP-NGQE08I
  Description: 
The operating system is shutting down at system time ?2017?-?06?-?01T14:00:18.701032900Z.

Event[497]:
  Log Name: System
  Source: Microsoft-Windows-Kernel-General
  Date: 2017-06-01T15:00:40.684
  Event ID: 12
  Task: N/A
  Level: Information
  Opcode: Info
  Keyword: N/A
  User: S-1-5-18
  User Name: NT AUTHORITY\SYSTEM
  Computer: DESKTOP-NGQE08I
  Description: 
The operating system started at system time ?2017?-?06?-?01T14:00:40.497495700Z.

Event[498]:
  Log Name: System
  Source: Microsoft-Windows-Kernel-Boot
  Date: 2017-06-01T15:00:40.684
  Event ID: 153
  Task: N/A
  Level: Information
  Opcode: Info
  Keyword: N/A
  User: S-1-5-18
  User Name: NT AUTHORITY\SYSTEM
  Computer: DESKTOP-NGQE08I
  Description: 
Virtualization-based security (policies: 0) is disabled.

Event[499]:
  Log Name: System
  Source: Microsoft-Windows-Kernel-Boot
  Date: 2017-06-01T15:00:40.684
  Event ID: 18
  Task: N/A
  Level: Information
  Opcode: Info
  Keyword: N/A
  User: S-1-5-18
  User Name: NT AUTHORITY\SYSTEM
  Computer: DESKTOP-NGQE08I
  Description: 
There are 0x1 boot options on this system.

Event[500]:
  Log Name: System
  Source: Microsoft-Windows-Kernel-Boot
  Date: 2017-06-01T15:00:40.684
  Event ID: 32
  Task: N/A
  Level: Information
  Opcode: Info
  Keyword: N/A
  User: S-1-5-18
  User Name: NT AUTHORITY\SYSTEM
  Computer: DESKTOP-NGQE08I
  Description: 
The bootmgr spent 0 ms waiting for user input.

Event[501]:
  Log Name: System
  Source: Microsoft-Windows-Kernel-Boot
  Date: 2017-06-01T15:00:40.684
  Event ID: 20
  Task: N/A
  Level: Information
  Opcode: Info
  Keyword: N/A
  User: S-1-5-18
  User Name: NT AUTHORITY\SYSTEM
  Computer: DESKTOP-NGQE08I
  Description: 
The last shutdown's success status was true. The last boot's success status was true.

Event[502]:
  Log Name: System
  Source: Microsoft-Windows-Kernel-Boot
  Date: 2017-06-01T15:00:40.684
  Event ID: 27
  Task: N/A
  Level: Information
  Opcode: Info
  Keyword: N/A
  User: S-1-5-18
  User Name: NT AUTHORITY\SYSTEM
  Computer: DESKTOP-NGQE08I
  Description: 
The boot type was 0x0.

Event[503]:
  Log Name: System
  Source: Microsoft-Windows-Kernel-Boot
  Date: 2017-06-01T15:00:40.684
  Event ID: 25
  Task: N/A
  Level: Information
  Opcode: Info
  Keyword: N/A
  User: S-1-5-18
  User Name: NT AUTHORITY\SYSTEM
  Computer: DESKTOP-NGQE08I
  Description: 
The boot menu policy was 0x1.

Event[504]:
  Log Name: System
  Source: Microsoft-Windows-Kernel-Boot
  Date: 2017-06-01T15:00:40.684
  Event ID: 30
  Task: N/A
  Level: Information
  Opcode: Info
  Keyword: N/A
  User: S-1-5-18
  User Name: NT AUTHORITY\SYSTEM
  Computer: DESKTOP-NGQE08I
  Description: 
The firmware reported boot metrics.

Event[505]:
  Log Name: System
  Source: Microsoft-Windows-FilterManager
  Date: 2017-06-01T15:00:44.321
  Event ID: 6
  Task: N/A
  Level: Information
  Opcode: Info
  Keyword: N/A
  User: S-1-5-18
  User Name: NT AUTHORITY\SYSTEM
  Computer: DESKTOP-NGQE08I
  Description: 
File System Filter 'FileInfo' (10.0, ?2042?-?06?-?30T15:43:32.000000000Z) has successfully loaded and registered with Filter Manager.

Event[506]:
  Log Name: System
  Source: Microsoft-Windows-FilterManager
  Date: 2017-06-01T15:00:44.322
  Event ID: 6
  Task: N/A
  Level: Information
  Opcode: Info
  Keyword: N/A
  User: S-1-5-18
  User Name: NT AUTHORITY\SYSTEM
  Computer: DESKTOP-NGQE08I
  Description: 
File System Filter 'Wof' (10.0, ?1974?-?03?-?11T23:47:45.000000000Z) has successfully loaded and registered with Filter Manager.

Event[507]:
  Log Name: System
  Source: Microsoft-Windows-FilterManager
  Date: 2017-06-01T15:00:44.323
  Event ID: 6
  Task: N/A
  Level: Information
  Opcode: Info
  Keyword: N/A
  User: S-1-5-18
  User Name: NT AUTHORITY\SYSTEM
  Computer: DESKTOP-NGQE08I
  Description: 
File System Filter 'WdFilter' (10.0, ?2102?-?10?-?04T17:25:01.000000000Z) has successfully loaded and registered with Filter Manager.

Event[508]:
  Log Name: System
  Source: Microsoft-Windows-Ntfs
  Date: 2017-06-01T15:00:45.875
  Event ID: 98
  Task: N/A
  Level: Information
  Opcode: Info
  Keyword: N/A
  User: S-1-5-18
  User Name: NT AUTHORITY\SYSTEM
  Computer: DESKTOP-NGQE08I
  Description: 
Volume C: (\Device\HarddiskVolume4) is healthy.  No action is needed.

Event[509]:
  Log Name: System
  Source: Microsoft-Windows-FilterManager
  Date: 2017-06-01T15:00:45.950
  Event ID: 6
  Task: N/A
  Level: Information
  Opcode: Info
  Keyword: N/A
  User: S-1-5-18
  User Name: NT AUTHORITY\SYSTEM
  Computer: DESKTOP-NGQE08I
  Description: 
File System Filter 'FileCrypt' (10.0, ?2030?-?05?-?28T09:10:59.000000000Z) has successfully loaded and registered with Filter Manager.

Event[510]:
  Log Name: System
  Source: Microsoft-Windows-FilterManager
  Date: 2017-06-01T15:00:46.007
  Event ID: 6
  Task: N/A
  Level: Information
  Opcode: Info
  Keyword: N/A
  User: S-1-5-18
  User Name: NT AUTHORITY\SYSTEM
  Computer: DESKTOP-NGQE08I
  Description: 
File System Filter 'npsvctrig' (10.0, ?2097?-?07?-?25T11:18:05.000000000Z) has successfully loaded and registered with Filter Manager.

Event[511]:
  Log Name: System
  Source: Microsoft-Windows-Kernel-Power
  Date: 2017-06-01T15:00:46.021
  Event ID: 172
  Task: N/A
  Level: Information
  Opcode: Info
  Keyword: N/A
  User: S-1-5-18
  User Name: NT AUTHORITY\SYSTEM
  Computer: DESKTOP-NGQE08I
  Description: 
Connectivity state in standby: Disconnected, Reason: NIC compliance

Event[512]:
  Log Name: System
  Source: Microsoft-Windows-Kernel-Processor-Power
  Date: 2017-06-01T15:00:46.083
  Event ID: 55
  Task: N/A
  Level: Information
  Opcode: Info
  Keyword: N/A
  User: S-1-5-18
  User Name: NT AUTHORITY\SYSTEM
  Computer: DESKTOP-NGQE08I
  Description: 
Processor 0 in group 0 exposes the following power management capabilities:

Idle state type: ACPI Idle (C) States (2 state(s))

Performance state type: ACPI Performance (P) / Throttle (T) States
Nominal Frequency (MHz): 3501
Maximum performance percentage: 100
Minimum performance percentage: 34
Minimum throttle percentage: 4

Event[513]:
  Log Name: System
  Source: Microsoft-Windows-Kernel-Processor-Power
  Date: 2017-06-01T15:00:46.083
  Event ID: 55
  Task: N/A
  Level: Information
  Opcode: Info
  Keyword: N/A
  User: S-1-5-18
  User Name: NT AUTHORITY\SYSTEM
  Computer: DESKTOP-NGQE08I
  Description: 
Processor 2 in group 0 exposes the following power management capabilities:

Idle state type: ACPI Idle (C) States (2 state(s))

Performance state type: ACPI Performance (P) / Throttle (T) States
Nominal Frequency (MHz): 3501
Maximum performance percentage: 100
Minimum performance percentage: 34
Minimum throttle percentage: 4

Event[514]:
  Log Name: System
  Source: Microsoft-Windows-Kernel-Processor-Power
  Date: 2017-06-01T15:00:46.084
  Event ID: 55
  Task: N/A
  Level: Information
  Opcode: Info
  Keyword: N/A
  User: S-1-5-18
  User Name: NT AUTHORITY\SYSTEM
  Computer: DESKTOP-NGQE08I
  Description: 
Processor 4 in group 0 exposes the following power management capabilities:

Idle state type: ACPI Idle (C) States (2 state(s))

Performance state type: ACPI Performance (P) / Throttle (T) States
Nominal Frequency (MHz): 3501
Maximum performance percentage: 100
Minimum performance percentage: 34
Minimum throttle percentage: 4

Event[515]:
  Log Name: System
  Source: Microsoft-Windows-Kernel-Processor-Power
  Date: 2017-06-01T15:00:46.085
  Event ID: 55
  Task: N/A
  Level: Information
  Opcode: Info
  Keyword: N/A
  User: S-1-5-18
  User Name: NT AUTHORITY\SYSTEM
  Computer: DESKTOP-NGQE08I
  Description: 
Processor 6 in group 0 exposes the following power management capabilities:

Idle state type: ACPI Idle (C) States (2 state(s))

Performance state type: ACPI Performance (P) / Throttle (T) States
Nominal Frequency (MHz): 3501
Maximum performance percentage: 100
Minimum performance percentage: 34
Minimum throttle percentage: 4

Event[516]:
  Log Name: System
  Source: Microsoft-Windows-Kernel-Processor-Power
  Date: 2017-06-01T15:00:46.085
  Event ID: 55
  Task: N/A
  Level: Information
  Opcode: Info
  Keyword: N/A
  User: S-1-5-18
  User Name: NT AUTHORITY\SYSTEM
  Computer: DESKTOP-NGQE08I
  Description: 
Processor 8 in group 0 exposes the following power management capabilities:

Idle state type: ACPI Idle (C) States (2 state(s))

Performance state type: ACPI Performance (P) / Throttle (T) States
Nominal Frequency (MHz): 3501
Maximum performance percentage: 100
Minimum performance percentage: 34
Minimum throttle percentage: 4

Event[517]:
  Log Name: System
  Source: Microsoft-Windows-Kernel-Processor-Power
  Date: 2017-06-01T15:00:46.086
  Event ID: 55
  Task: N/A
  Level: Information
  Opcode: Info
  Keyword: N/A
  User: S-1-5-18
  User Name: NT AUTHORITY\SYSTEM
  Computer: DESKTOP-NGQE08I
  Description: 
Processor 10 in group 0 exposes the following power management capabilities:

Idle state type: ACPI Idle (C) States (2 state(s))

Performance state type: ACPI Performance (P) / Throttle (T) States
Nominal Frequency (MHz): 3501
Maximum performance percentage: 100
Minimum performance percentage: 34
Minimum throttle percentage: 4

Event[518]:
  Log Name: System
  Source: Microsoft-Windows-Kernel-Processor-Power
  Date: 2017-06-01T15:00:46.087
  Event ID: 55
  Task: N/A
  Level: Information
  Opcode: Info
  Keyword: N/A
  User: S-1-5-18
  User Name: NT AUTHORITY\SYSTEM
  Computer: DESKTOP-NGQE08I
  Description: 
Processor 1 in group 0 exposes the following power management capabilities:

Idle state type: ACPI Idle (C) States (2 state(s))

Performance state type: ACPI Performance (P) / Throttle (T) States
Nominal Frequency (MHz): 3501
Maximum performance percentage: 100
Minimum performance percentage: 34
Minimum throttle percentage: 4

Event[519]:
  Log Name: System
  Source: Microsoft-Windows-Kernel-Processor-Power
  Date: 2017-06-01T15:00:46.087
  Event ID: 55
  Task: N/A
  Level: Information
  Opcode: Info
  Keyword: N/A
  User: S-1-5-18
  User Name: NT AUTHORITY\SYSTEM
  Computer: DESKTOP-NGQE08I
  Description: 
Processor 3 in group 0 exposes the following power management capabilities:

Idle state type: ACPI Idle (C) States (2 state(s))

Performance state type: ACPI Performance (P) / Throttle (T) States
Nominal Frequency (MHz): 3501
Maximum performance percentage: 100
Minimum performance percentage: 34
Minimum throttle percentage: 4

Event[520]:
  Log Name: System
  Source: Microsoft-Windows-Kernel-Processor-Power
  Date: 2017-06-01T15:00:46.088
  Event ID: 55
  Task: N/A
  Level: Information
  Opcode: Info
  Keyword: N/A
  User: S-1-5-18
  User Name: NT AUTHORITY\SYSTEM
  Computer: DESKTOP-NGQE08I
  Description: 
Processor 5 in group 0 exposes the following power management capabilities:

Idle state type: ACPI Idle (C) States (2 state(s))

Performance state type: ACPI Performance (P) / Throttle (T) States
Nominal Frequency (MHz): 3501
Maximum performance percentage: 100
Minimum performance percentage: 34
Minimum throttle percentage: 4

Event[521]:
  Log Name: System
  Source: Microsoft-Windows-Kernel-Processor-Power
  Date: 2017-06-01T15:00:46.089
  Event ID: 55
  Task: N/A
  Level: Information
  Opcode: Info
  Keyword: N/A
  User: S-1-5-18
  User Name: NT AUTHORITY\SYSTEM
  Computer: DESKTOP-NGQE08I
  Description: 
Processor 7 in group 0 exposes the following power management capabilities:

Idle state type: ACPI Idle (C) States (2 state(s))

Performance state type: ACPI Performance (P) / Throttle (T) States
Nominal Frequency (MHz): 3501
Maximum performance percentage: 100
Minimum performance percentage: 34
Minimum throttle percentage: 4

Event[522]:
  Log Name: System
  Source: Microsoft-Windows-Kernel-Processor-Power
  Date: 2017-06-01T15:00:46.089
  Event ID: 55
  Task: N/A
  Level: Information
  Opcode: Info
  Keyword: N/A
  User: S-1-5-18
  User Name: NT AUTHORITY\SYSTEM
  Computer: DESKTOP-NGQE08I
  Description: 
Processor 9 in group 0 exposes the following power management capabilities:

Idle state type: ACPI Idle (C) States (2 state(s))

Performance state type: ACPI Performance (P) / Throttle (T) States
Nominal Frequency (MHz): 3501
Maximum performance percentage: 100
Minimum performance percentage: 34
Minimum throttle percentage: 4

Event[523]:
  Log Name: System
  Source: Microsoft-Windows-Kernel-Processor-Power
  Date: 2017-06-01T15:00:46.090
  Event ID: 55
  Task: N/A
  Level: Information
  Opcode: Info
  Keyword: N/A
  User: S-1-5-18
  User Name: NT AUTHORITY\SYSTEM
  Computer: DESKTOP-NGQE08I
  Description: 
Processor 11 in group 0 exposes the following power management capabilities:

Idle state type: ACPI Idle (C) States (2 state(s))

Performance state type: ACPI Performance (P) / Throttle (T) States
Nominal Frequency (MHz): 3501
Maximum performance percentage: 100
Minimum performance percentage: 34
Minimum throttle percentage: 4

Event[524]:
  Log Name: System
  Source: MEIx64
  Date: 2017-06-01T15:00:46.162
  Event ID: 2
  Task: N/A
  Level: Information
  Opcode: N/A
  Keyword: Classic
  User: N/A
  User Name: N/A
  Computer: DESKTOP-NGQE08I
  Description: 
Intel(R) Management Engine Interface driver has started successfully.

Event[525]:
  Log Name: System
  Source: Microsoft-Windows-Ntfs
  Date: 2017-06-01T15:00:46.624
  Event ID: 98
  Task: N/A
  Level: Information
  Opcode: Info
  Keyword: N/A
  User: S-1-5-18
  User Name: NT AUTHORITY\SYSTEM
  Computer: DESKTOP-NGQE08I
  Description: 
Volume D: (\Device\HarddiskVolume5) is healthy.  No action is needed.

Event[526]:
  Log Name: System
  Source: Microsoft-Windows-Ntfs
  Date: 2017-06-01T15:00:47.387
  Event ID: 98
  Task: N/A
  Level: Information
  Opcode: Info
  Keyword: N/A
  User: S-1-5-18
  User Name: NT AUTHORITY\SYSTEM
  Computer: DESKTOP-NGQE08I
  Description: 
Volume H: (\Device\HarddiskVolume10) is healthy.  No action is needed.

Event[527]:
  Log Name: System
  Source: Microsoft-Windows-Ntfs
  Date: 2017-06-01T15:00:48.445
  Event ID: 98
  Task: N/A
  Level: Information
  Opcode: Info
  Keyword: N/A
  User: S-1-5-18
  User Name: NT AUTHORITY\SYSTEM
  Computer: DESKTOP-NGQE08I
  Description: 
Volume E: (\Device\HarddiskVolume7) is healthy.  No action is needed.

Event[528]:
  Log Name: System
  Source: Microsoft-Windows-Ntfs
  Date: 2017-06-01T15:00:49.214
  Event ID: 98
  Task: N/A
  Level: Information
  Opcode: Info
  Keyword: N/A
  User: S-1-5-18
  User Name: NT AUTHORITY\SYSTEM
  Computer: DESKTOP-NGQE08I
  Description: 
Volume F: (\Device\HarddiskVolume8) is healthy.  No action is needed.

Event[529]:
  Log Name: System
  Source: Microsoft-Windows-Ntfs
  Date: 2017-06-01T15:00:49.721
  Event ID: 98
  Task: N/A
  Level: Information
  Opcode: Info
  Keyword: N/A
  User: S-1-5-18
  User Name: NT AUTHORITY\SYSTEM
  Computer: DESKTOP-NGQE08I
  Description: 
Volume G: (\Device\HarddiskVolume9) is healthy.  No action is needed.

Event[530]:
  Log Name: System
  Source: Microsoft-Windows-Ntfs
  Date: 2017-06-01T15:00:49.808
  Event ID: 98
  Task: N/A
  Level: Information
  Opcode: Info
  Keyword: N/A
  User: S-1-5-18
  User Name: NT AUTHORITY\SYSTEM
  Computer: DESKTOP-NGQE08I
  Description: 
Volume \\?\Volume{fccc927e-093e-491a-9791-61bb14ac26ca} (\Device\HarddiskVolume1) is healthy.  No action is needed.

Event[531]:
  Log Name: System
  Source: e1iexpress
  Date: 2017-06-01T15:00:49.899
  Event ID: 32
  Task: N/A
  Level: Information
  Opcode: N/A
  Keyword: Classic
  User: N/A
  User Name: N/A
  Computer: DESKTOP-NGQE08I
  Description: 
Intel(R) Ethernet Connection (2) I218-V
 Network link has been established at 1Gbps full duplex.


Event[532]:
  Log Name: System
  Source: Microsoft-Windows-Wininit
  Date: 2017-06-01T15:00:50.532
  Event ID: 14
  Task: N/A
  Level: Information
  Opcode: Info
  Keyword: N/A
  User: S-1-5-18
  User Name: NT AUTHORITY\SYSTEM
  Computer: DESKTOP-NGQE08I
  Description: 
Credential Guard (LsaIso.exe) configuration: 0x0, 0

Event[533]:
  Log Name: System
  Source: Microsoft-Windows-Directory-Services-SAM
  Date: 2017-06-01T15:00:50.680
  Event ID: 16962
  Task: N/A
  Level: Information
  Opcode: Info
  Keyword: N/A
  User: S-1-5-18
  User Name: NT AUTHORITY\SYSTEM
  Computer: DESKTOP-NGQE08I
  Description: 
Remote calls to the SAM database are being restricted using the default security descriptor: O:SYG:SYD:(A;;RC;;;BA).
For more information please see http://go.microsoft.com/fwlink/?LinkId=787651.

Event[534]:
  Log Name: System
  Source: Microsoft-Windows-Dhcp-Client
  Date: 2017-06-01T15:00:50.891
  Event ID: 50036
  Task: Service State Event
  Level: Information
  Opcode: ServiceStart
  Keyword: N/A
  User: S-1-5-19
  User Name: NT AUTHORITY\LOCAL SERVICE
  Computer: DESKTOP-NGQE08I
  Description: 
DHCPv4 client service is started

Event[535]:
  Log Name: System
  Source: Microsoft-Windows-Dhcp-Client
  Date: 2017-06-01T15:00:50.892
  Event ID: 50103
  Task: Service State Event
  Level: Information
  Opcode: ServiceShutdown
  Keyword: N/A
  User: S-1-5-19
  User Name: NT AUTHORITY\LOCAL SERVICE
  Computer: DESKTOP-NGQE08I
  Description: 
DHCPv4 client registered for shutdown notification

Event[536]:
  Log Name: System
  Source: Microsoft-Windows-FilterManager
  Date: 2017-06-01T15:00:50.898
  Event ID: 6
  Task: N/A
  Level: Information
  Opcode: Info
  Keyword: N/A
  User: S-1-5-18
  User Name: NT AUTHORITY\SYSTEM
  Computer: DESKTOP-NGQE08I
  Description: 
File System Filter 'wcifs' (10.0, ?2001?-?02?-?14T04:10:20.000000000Z) has successfully loaded and registered with Filter Manager.

Event[537]:
  Log Name: System
  Source: Microsoft-Windows-DHCPv6-Client
  Date: 2017-06-01T15:00:50.898
  Event ID: 51046
  Task: Service State Event
  Level: Information
  Opcode: ServiceStart
  Keyword: N/A
  User: S-1-5-19
  User Name: NT AUTHORITY\LOCAL SERVICE
  Computer: DESKTOP-NGQE08I
  Description: 
DHCPv6 client service is started

Event[538]:
  Log Name: System
  Source: Microsoft-Windows-FilterManager
  Date: 2017-06-01T15:00:50.913
  Event ID: 6
  Task: N/A
  Level: Information
  Opcode: Info
  Keyword: N/A
  User: S-1-5-18
  User Name: NT AUTHORITY\SYSTEM
  Computer: DESKTOP-NGQE08I
  Description: 
File System Filter 'luafv' (10.0, ?2037?-?06?-?08T10:55:59.000000000Z) has successfully loaded and registered with Filter Manager.

Event[539]:
  Log Name: System
  Source: Service Control Manager
  Date: 2017-06-01T15:00:50.912
  Event ID: 7000
  Task: N/A
  Level: Error
  Opcode: N/A
  Keyword: Classic
  User: N/A
  User Name: N/A
  Computer: DESKTOP-NGQE08I
  Description: 
The CldFlt service failed to start due to the following error: 
The request is not supported.

Event[540]:
  Log Name: System
  Source: Microsoft-Windows-FilterManager
  Date: 2017-06-01T15:00:50.916
  Event ID: 6
  Task: N/A
  Level: Information
  Opcode: Info
  Keyword: N/A
  User: S-1-5-18
  User Name: NT AUTHORITY\SYSTEM
  Computer: DESKTOP-NGQE08I
  Description: 
File System Filter 'storqosflt' (10.0, ?2015?-?12?-?18T04:36:27.000000000Z) has successfully loaded and registered with Filter Manager.

Event[541]:
