Log Name:      System
Source:        Disk
Date:          16/06/2017 09:39:16
Event ID:      7
Task Category: None
Level:         Error
Keywords:      Classic
User:          N/A
Computer:      DESKTOP-9KLOST5
Description:
The device, \Device\Harddisk0\DR0, has a bad block.
Event Xml:
<Event xmlns="http://schemas.microsoft.com/win/2004/08/events/event">
  <System>
    <Provider Name="Disk" />
    <EventID Qualifiers="49156">7</EventID>
    <Level>2</Level>
    <Task>0</Task>
    <Keywords>0x80000000000000</Keywords>
    <TimeCreated SystemTime="2017-06-16T02:39:16.550257800Z" />
    <EventRecordID>874</EventRecordID>
    <Channel>System</Channel>
    <Computer>DESKTOP-9KLOST5</Computer>
    <Security />
  </System>
  <EventData>
    <Data>\Device\Harddisk0\DR0</Data>
    <Binary>030081000100000000000000070004C0000100009C0000C0000000000000000000E0B9C621000000149B0E0000000000FFFFFFFF00000000580000840205000000200AFF42072000000002001E000000000082E003A6FFFFD0063EE103A6FFFF000000000000000060931BE103A6FFFF0000000000000000F05CE31000000000280010E35CF000010000000000000000F00003000000000B0000000000000000000000000000000000</Binary>
  </EventData>
</Event>

Log Name:      System
Source:        Disk
Date:          16/06/2017 09:48:51
Event ID:      7
Task Category: None
Level:         Error
Keywords:      Classic
User:          N/A
Computer:      DESKTOP-9KLOST5
Description:
The device, \Device\Harddisk0\DR0, has a bad block.
Event Xml:
<Event xmlns="http://schemas.microsoft.com/win/2004/08/events/event">
  <System>
    <Provider Name="Disk" />
    <EventID Qualifiers="49156">7</EventID>
    <Level>2</Level>
    <Task>0</Task>
    <Keywords>0x80000000000000</Keywords>
    <TimeCreated SystemTime="2017-06-16T02:48:51.494293600Z" />
    <EventRecordID>880</EventRecordID>
    <Channel>System</Channel>
    <Computer>DESKTOP-9KLOST5</Computer>
    <Security />
  </System>
  <EventData>
    <Data>\Device\Harddisk0\DR0</Data>
    <Binary>030081000100000000000000070004C0000100009C0000C0000000000000000000D08BC521000000D02A0F0000000000FFFFFFFF00000000580000840205000000200AFF42072000000002001E000000000084E003A6FFFFF04737E103A6FFFF000000000000000030459EE303A6FFFF0000000000000000E8C5E21000000000280010E2C5E800010000000000000000F00003000000000B0000000000000000000000000000000000</Binary>
  </EventData>
</Event>

Log Name:      System
Source:        Disk
Date:          16/06/2017 09:48:47
Event ID:      7
Task Category: None
Level:         Error
Keywords:      Classic
User:          N/A
Computer:      DESKTOP-9KLOST5
Description:
The device, \Device\Harddisk0\DR0, has a bad block.
Event Xml:
<Event xmlns="http://schemas.microsoft.com/win/2004/08/events/event">
  <System>
    <Provider Name="Disk" />
    <EventID Qualifiers="49156">7</EventID>
    <Level>2</Level>
    <Task>0</Task>
    <Keywords>0x80000000000000</Keywords>
    <TimeCreated SystemTime="2017-06-16T02:48:47.236307800Z" />
    <EventRecordID>879</EventRecordID>
    <Channel>System</Channel>
    <Computer>DESKTOP-9KLOST5</Computer>
    <Security />
  </System>
  <EventData>
    <Data>\Device\Harddisk0\DR0</Data>
    <Binary>030081000100000000000000070004C0000100009C0000C000000000000000000020BBC421000000C0290F0000000000FFFFFFFF00000000580000840205000000200AFF42072000000002001E00000000008EE003A6FFFFF04737E103A6FFFF0000000000000000D05628E003A6FFFF0000000000000000905DE21000000000280010E25D9000010000000000000000F00003000000000B0000000000000000000000000000000000</Binary>
  </EventData>
</Event>

Log Name:      System
Source:        Disk
Date:          16/06/2017 09:57:37
Event ID:      7
Task Category: None
Level:         Error
Keywords:      Classic
User:          N/A
Computer:      DESKTOP-9KLOST5
Description:
The device, \Device\Harddisk0\DR0, has a bad block.
Event Xml:
<Event xmlns="http://schemas.microsoft.com/win/2004/08/events/event">
  <System>
    <Provider Name="Disk" />
    <EventID Qualifiers="49156">7</EventID>
    <Level>2</Level>
    <Task>0</Task>
    <Keywords>0x80000000000000</Keywords>
    <TimeCreated SystemTime="2017-06-16T02:57:37.058511600Z" />
    <EventRecordID>886</EventRecordID>
    <Channel>System</Channel>
    <Computer>DESKTOP-9KLOST5</Computer>
    <Security />
  </System>
  <EventData>
    <Data>\Device\Harddisk0\DR0</Data>
    <Binary>030081000100000000000000070004C0000100009C0000C0000000000000000000E0B9C62100000035AE0F0000000000FFFFFFFF00000000580000840205000000200AFF42072000000002001E000000000082E003A6FFFFE08D5AE003A6FFFF000000000000000060FA33E103A6FFFF0000000000000000F05CE31000000000280010E35CF000010000000000000000F00003000000000B0000000000000000000000000000000000</Binary>
  </EventData>
</Event>

Log Name:      System
Source:        Disk
Date:          16/06/2017 09:30:13
Event ID:      7
Task Category: None
Level:         Error
Keywords:      Classic
User:          N/A
Computer:      DESKTOP-9KLOST5
Description:
The device, \Device\Harddisk0\DR0, has a bad block.
Event Xml:
<Event xmlns="http://schemas.microsoft.com/win/2004/08/events/event">
  <System>
    <Provider Name="Disk" />
    <EventID Qualifiers="49156">7</EventID>
    <Level>2</Level>
    <Task>0</Task>
    <Keywords>0x80000000000000</Keywords>
    <TimeCreated SystemTime="2017-06-16T02:30:13.584439000Z" />
    <EventRecordID>868</EventRecordID>
    <Channel>System</Channel>
    <Computer>DESKTOP-9KLOST5</Computer>
    <Security />
  </System>
  <EventData>
    <Data>\Device\Harddisk0\DR0</Data>
    <Binary>030081000100000000000000070004C0000100009C0000C0000000000000000000D08BC52100000056130E0000000000FFFFFFFF00000000580000840205000000200AFF42072000000002001E000000000084E003A6FFFFE0AA37E403A6FFFF000000000000000070F59AE403A6FFFF0000000000000000E8C5E21000000000280010E2C5E800010000000000000000F00003000000000B0000000000000000000000000000000000</Binary>
  </EventData>
</Event>

Log Name:      System
Source:        Disk
Date:          16/06/2017 09:39:00
Event ID:      7
Task Category: None
Level:         Error
Keywords:      Classic
User:          N/A
Computer:      DESKTOP-9KLOST5
Description:
The device, \Device\Harddisk0\DR0, has a bad block.
Event Xml:
<Event xmlns="http://schemas.microsoft.com/win/2004/08/events/event">
  <System>
    <Provider Name="Disk" />
    <EventID Qualifiers="49156">7</EventID>
    <Level>2</Level>
    <Task>0</Task>
    <Keywords>0x80000000000000</Keywords>
    <TimeCreated SystemTime="2017-06-16T02:39:00.537296500Z" />
    <EventRecordID>871</EventRecordID>
    <Channel>System</Channel>
    <Computer>DESKTOP-9KLOST5</Computer>
    <Security />
  </System>
  <EventData>
    <Data>\Device\Harddisk0\DR0</Data>
    <Binary>030081000100000000000000070004C0000100009C0000C0000000000000000000E0B9C62100000013970E0000000000FFFFFFFF00000000580000840205000000200AFF42072000000002001E000000000082E003A6FFFF400B40E003A6FFFF0000000000000000D073F6E403A6FFFF0000000000000000F05CE31000000000280010E35CF000010000000000000000F00003000000000B0000000000000000000000000000000000</Binary>
  </EventData>
</Event>

Log Name:      System
Source:        Disk
Date:          16/06/2017 10:25:55
Event ID:      7
Task Category: None
Level:         Error
Keywords:      Classic
User:          N/A
Computer:      DESKTOP-9KLOST5
Description:
The device, \Device\Harddisk0\DR0, has a bad block.
Event Xml:
<Event xmlns="http://schemas.microsoft.com/win/2004/08/events/event">
  <System>
    <Provider Name="Disk" />
    <EventID Qualifiers="49156">7</EventID>
    <Level>2</Level>
    <Task>0</Task>
    <Keywords>0x80000000000000</Keywords>
    <TimeCreated SystemTime="2017-06-16T03:25:55.022574900Z" />
    <EventRecordID>897</EventRecordID>
    <Channel>System</Channel>
    <Computer>DESKTOP-9KLOST5</Computer>
    <Security />
  </System>
  <EventData>
    <Data>\Device\Harddisk0\DR0</Data>
    <Binary>030081000100000000000000070004C0000100009C0000C000000000000000000020BBC421000000B256110000000000FFFFFFFF00000000580000840205000000200AFF42072000000002001E00000000008EE003A6FFFF104037E003A6FFFF000000000000000080966DE103A6FFFF0000000000000000905DE21000000000280010E25D9000010000000000000000F00003000000000B0000000000000000000041000000000000</Binary>
  </EventData>
</Event>

Log Name:      System
Source:        Disk
Date:          16/06/2017 10:25:51
Event ID:      7
Task Category: None
Level:         Error
Keywords:      Classic
User:          N/A
Computer:      DESKTOP-9KLOST5
Description:
The device, \Device\Harddisk0\DR0, has a bad block.
Event Xml:
<Event xmlns="http://schemas.microsoft.com/win/2004/08/events/event">
  <System>
    <Provider Name="Disk" />
    <EventID Qualifiers="49156">7</EventID>
    <Level>2</Level>
    <Task>0</Task>
    <Keywords>0x80000000000000</Keywords>
    <TimeCreated SystemTime="2017-06-16T03:25:51.533931200Z" />
    <EventRecordID>896</EventRecordID>
    <Channel>System</Channel>
    <Computer>DESKTOP-9KLOST5</Computer>
    <Security />
  </System>
  <EventData>
    <Data>\Device\Harddisk0\DR0</Data>
    <Binary>030081000100000000000000070004C0000100009C0000C0000000000000000000E0B9C621000000D355110000000000FFFFFFFF00000000580000840205000000200AFF42072000000002001E000000000082E003A6FFFF508C49E003A6FFFF000000000000000020453DEA03A6FFFF0000000000000000F05CE31000000000280010E35CF000010000000000000000F00003000000000B0000000000000000000000000000000000</Binary>
  </EventData>
</Event>

Log Name:      System
Source:        Disk
Date:          16/06/2017 09:57:57
Event ID:      7
Task Category: None
Level:         Error
Keywords:      Classic
User:          N/A
Computer:      DESKTOP-9KLOST5
Description:
The device, \Device\Harddisk0\DR0, has a bad block.
Event Xml:
<Event xmlns="http://schemas.microsoft.com/win/2004/08/events/event">
  <System>
    <Provider Name="Disk" />
    <EventID Qualifiers="49156">7</EventID>
    <Level>2</Level>
    <Task>0</Task>
    <Keywords>0x80000000000000</Keywords>
    <TimeCreated SystemTime="2017-06-16T02:57:57.404950500Z" />
    <EventRecordID>891</EventRecordID>
    <Channel>System</Channel>
    <Computer>DESKTOP-9KLOST5</Computer>
    <Security />
  </System>
  <EventData>
    <Data>\Device\Harddisk0\DR0</Data>
    <Binary>030081000100000000000000070004C0000100009C0000C0000000000000000000D08BC5210000004BB30F0000000000FFFFFFFF00000000580000840205000000200AFF42072000000002001E000000000084E003A6FFFFE08D5AE003A6FFFF0000000000000000A0BECAE003A6FFFF0000000000000000E8C5E21000000000280010E2C5E800010000000000000000F00003000000000B0000000000000000000000000000000000</Binary>
  </EventData>
</Event>

Log Name:      System
Source:        Disk
Date:          16/06/2017 09:57:44
Event ID:      7
Task Category: None
Level:         Error
Keywords:      Classic
User:          N/A
Computer:      DESKTOP-9KLOST5
Description:
The device, \Device\Harddisk0\DR0, has a bad block.
Event Xml:
<Event xmlns="http://schemas.microsoft.com/win/2004/08/events/event">
  <System>
    <Provider Name="Disk" />
    <EventID Qualifiers="49156">7</EventID>
    <Level>2</Level>
    <Task>0</Task>
    <Keywords>0x80000000000000</Keywords>
    <TimeCreated SystemTime="2017-06-16T02:57:44.771984100Z" />
    <EventRecordID>888</EventRecordID>
    <Channel>System</Channel>
    <Computer>DESKTOP-9KLOST5</Computer>
    <Security />
  </System>
  <EventData>
    <Data>\Device\Harddisk0\DR0</Data>
    <Binary>030081000100000000000000070004C0000100009C0000C0000000000000000000D08BC52100000022B00F0000000000FFFFFFFF00000000580000840205000000200AFF42072000000002001E000000000084E003A6FFFFE08D5AE003A6FFFF000000000000000070F59AE403A6FFFF0000000000000000E8C5E21000000000280010E2C5E800010000000000000000F00003000000000B0000000000000000000032000000000000</Binary>
  </EventData>
</Event>

Log Name:      System
Source:        Disk
Date:          16/06/2017 09:57:40
Event ID:      7
Task Category: None
Level:         Error
Keywords:      Classic
User:          N/A
Computer:      DESKTOP-9KLOST5
Description:
The device, \Device\Harddisk0\DR0, has a bad block.
Event Xml:
<Event xmlns="http://schemas.microsoft.com/win/2004/08/events/event">
  <System>
    <Provider Name="Disk" />
    <EventID Qualifiers="49156">7</EventID>
    <Level>2</Level>
    <Task>0</Task>
    <Keywords>0x80000000000000</Keywords>
    <TimeCreated SystemTime="2017-06-16T02:57:40.590797400Z" />
    <EventRecordID>887</EventRecordID>
    <Channel>System</Channel>
    <Computer>DESKTOP-9KLOST5</Computer>
    <Security />
  </System>
  <EventData>
    <Data>\Device\Harddisk0\DR0</Data>
    <Binary>030081000100000000000000070004C0000100009C0000C000000000000000000020BBC42100000017AF0F0000000000FFFFFFFF00000000580000840205000000200AFF42072000000002001E00000000008EE003A6FFFFE08D5AE003A6FFFF000000000000000010D284EA03A6FFFF0000000000000000905DE21000000000280010E25D9000010000000000000000F00003000000000B0000000000000000000032000000000000</Binary>
  </EventData>
</Event>

Log Name:      System
Source:        Disk
Date:          16/06/2017 09:57:53
Event ID:      7
Task Category: None
Level:         Error
Keywords:      Classic
User:          N/A
Computer:      DESKTOP-9KLOST5
Description:
The device, \Device\Harddisk0\DR0, has a bad block.
Event Xml:
<Event xmlns="http://schemas.microsoft.com/win/2004/08/events/event">
  <System>
    <Provider Name="Disk" />
    <EventID Qualifiers="49156">7</EventID>
    <Level>2</Level>
    <Task>0</Task>
    <Keywords>0x80000000000000</Keywords>
    <TimeCreated SystemTime="2017-06-16T02:57:53.190775800Z" />
    <EventRecordID>890</EventRecordID>
    <Channel>System</Channel>
    <Computer>DESKTOP-9KLOST5</Computer>
    <Security />
  </System>
  <EventData>
    <Data>\Device\Harddisk0\DR0</Data>
    <Binary>030081000100000000000000070004C0000100009C0000C000000000000000000020BBC4210000003DB20F0000000000FFFFFFFF00000000580000840205000000200AFF42072000000002001E00000000008EE003A6FFFFE08D5AE003A6FFFF0000000000000000C0A43FE103A6FFFF0000000000000000905DE21000000000280010E25D9000010000000000000000F00003000000000B0000000000000000000000000000000000</Binary>
  </EventData>
</Event>

Log Name:      System
Source:        Disk
Date:          16/06/2017 09:57:49
Event ID:      7
Task Category: None
Level:         Error
Keywords:      Classic
User:          N/A
Computer:      DESKTOP-9KLOST5
Description:
The device, \Device\Harddisk0\DR0, has a bad block.
Event Xml:
<Event xmlns="http://schemas.microsoft.com/win/2004/08/events/event">
  <System>
    <Provider Name="Disk" />
    <EventID Qualifiers="49156">7</EventID>
    <Level>2</Level>
    <Task>0</Task>
    <Keywords>0x80000000000000</Keywords>
    <TimeCreated SystemTime="2017-06-16T02:57:49.638238800Z" />
    <EventRecordID>889</EventRecordID>
    <Channel>System</Channel>
    <Computer>DESKTOP-9KLOST5</Computer>
    <Security />
  </System>
  <EventData>
    <Data>\Device\Harddisk0\DR0</Data>
    <Binary>030081000100000000000000070004C0000100009C0000C0000000000000000000E0B9C6210000005AB10F0000000000FFFFFFFF00000000580000840205000000200AFF42072000000002001E000000000082E003A6FFFF309112E203A6FFFF000000000000000060931BE103A6FFFF0000000000000000F05CE31000000000280010E35CF000010000000000000000F00003000000000B0000000000000000000000000000000000</Binary>
  </EventData>
</Event>

Log Name:      System
Source:        Disk
Date:          16/06/2017 09:16:19
Event ID:      7
Task Category: None
Level:         Error
Keywords:      Classic
User:          N/A
Computer:      DESKTOP-9KLOST5
Description:
The device, \Device\Harddisk0\DR0, has a bad block.
Event Xml:
<Event xmlns="http://schemas.microsoft.com/win/2004/08/events/event">
  <System>
    <Provider Name="Disk" />
    <EventID Qualifiers="49156">7</EventID>
    <Level>2</Level>
    <Task>0</Task>
    <Keywords>0x80000000000000</Keywords>
    <TimeCreated SystemTime="2017-06-16T02:16:19.976040500Z" />
    <EventRecordID>855</EventRecordID>
    <Channel>System</Channel>
    <Computer>DESKTOP-9KLOST5</Computer>
    <Security />
  </System>
  <EventData>
    <Data>\Device\Harddisk0\DR0</Data>
    <Binary>030081000100000000000000070004C0000100009C0000C000000000000000000020BBC421000000EF420D0000000000FFFFFFFF00000000580000840205000000200AFF42072000000002001E00000000008EE003A6FFFFA0D110E103A6FFFF000000000000000060931BE103A6FFFF0000000000000000905DE21000000000280010E25D9000010000000000000000F00003000000000B0000000000000000000000000000000000</Binary>
  </EventData>
</Event>

Log Name:      System
Source:        Disk
Date:          16/06/2017 07:59:30
Event ID:      7
Task Category: None
Level:         Error
Keywords:      Classic
User:          N/A
Computer:      DESKTOP-9KLOST5
Description:
The device, \Device\Harddisk0\DR0, has a bad block.
Event Xml:
<Event xmlns="http://schemas.microsoft.com/win/2004/08/events/event">
  <System>
    <Provider Name="Disk" />
    <EventID Qualifiers="49156">7</EventID>
    <Level>2</Level>
    <Task>0</Task>
    <Keywords>0x80000000000000</Keywords>
    <TimeCreated SystemTime="2017-06-16T00:59:30.938081000Z" />
    <EventRecordID>794</EventRecordID>
    <Channel>System</Channel>
    <Computer>DESKTOP-9KLOST5</Computer>
    <Security />
  </System>
  <EventData>
    <Data>\Device\Harddisk0\DR0</Data>
    <Binary>030081000100000000000000070004C0000100009C0000C000000000000000000020BBC421000000ADC2080000000000FFFFFFFF00000000580000840205000000200AFF42072000000002001E00000000006EE003A6FFFF20EA42E103A6FFFF0000000000000000D08B3CE003A6FFFF0000000000000000905DE21000000000280010E25D9000010000000000000000F00003000000000B0000000000000000000032000000000000</Binary>
  </EventData>
</Event>

Log Name:      System
Source:        Disk
Date:          16/06/2017 07:59:35
Event ID:      7
Task Category: None
Level:         Error
Keywords:      Classic
User:          N/A
Computer:      DESKTOP-9KLOST5
Description:
The device, \Device\Harddisk0\DR0, has a bad block.
Event Xml:
<Event xmlns="http://schemas.microsoft.com/win/2004/08/events/event">
  <System>
    <Provider Name="Disk" />
    <EventID Qualifiers="49156">7</EventID>
    <Level>2</Level>
    <Task>0</Task>
    <Keywords>0x80000000000000</Keywords>
    <TimeCreated SystemTime="2017-06-16T00:59:35.171802100Z" />
    <EventRecordID>795</EventRecordID>
    <Channel>System</Channel>
    <Computer>DESKTOP-9KLOST5</Computer>
    <Security />
  </System>
  <EventData>
    <Data>\Device\Harddisk0\DR0</Data>
    <Binary>030081000100000000000000070004C0000100009C0000C0000000000000000000D08BC521000000BCC3080000000000FFFFFFFF00000000580000840205000000200AFF42072000000002001E000000000064E003A6FFFF20EA42E103A6FFFF0000000000000000D08B3CE003A6FFFF0000000000000000E8C5E21000000000280010E2C5E800010000000000000000F00003000000000B0000000000000000000000000000000000</Binary>
  </EventData>
</Event>

Log Name:      System
Source:        Microsoft-Windows-DistributedCOM
Date:          16/06/2017 18:19:11
Event ID:      10016
Task Category: None
Level:         Error
Keywords:      Classic
User:          SYSTEM
Computer:      DESKTOP-9KLOST5
Description:
The application-specific permission settings do not grant Local Activation permission for the COM Server application with CLSID 
{D63B10C5-BB46-4990-A94F-E40B9D520160}
 and APPID 
{9CA88EE3-ACB7-47C8-AFC4-AB702511C276}
 to the user NT AUTHORITY\SYSTEM SID (S-1-5-18) from address LocalHost (Using LRPC) running in the application container Unavailable SID (Unavailable). This security permission can be modified using the Component Services administrative tool.
Event Xml:
<Event xmlns="http://schemas.microsoft.com/win/2004/08/events/event">
  <System>
    <Provider Name="Microsoft-Windows-DistributedCOM" Guid="{1B562E86-B7AA-4131-BADC-B6F3A001407E}" EventSourceName="DCOM" />
    <EventID Qualifiers="0">10016</EventID>
    <Version>0</Version>
    <Level>2</Level>
    <Task>0</Task>
    <Opcode>0</Opcode>
    <Keywords>0x8080000000000000</Keywords>
    <TimeCreated SystemTime="2017-06-16T11:19:11.901074500Z" />
    <EventRecordID>261</EventRecordID>
    <Correlation />
    <Execution ProcessID="960" ThreadID="2324" />
    <Channel>System</Channel>
    <Computer>DESKTOP-9KLOST5</Computer>
    <Security UserID="S-1-5-18" />
  </System>
  <EventData>
    <Data Name="param1">application-specific</Data>
    <Data Name="param2">Local</Data>
    <Data Name="param3">Activation</Data>
    <Data Name="param4">{D63B10C5-BB46-4990-A94F-E40B9D520160}</Data>
    <Data Name="param5">{9CA88EE3-ACB7-47C8-AFC4-AB702511C276}</Data>
    <Data Name="param6">NT AUTHORITY</Data>
    <Data Name="param7">SYSTEM</Data>
    <Data Name="param8">S-1-5-18</Data>
    <Data Name="param9">LocalHost (Using LRPC)</Data>
    <Data Name="param10">Unavailable</Data>
    <Data Name="param11">Unavailable</Data>
  </EventData>
</Event>

Log Name:      System
Source:        Disk
Date:          16/06/2017 07:59:14
Event ID:      7
Task Category: None
Level:         Error
Keywords:      Classic
User:          N/A
Computer:      DESKTOP-9KLOST5
Description:
The device, \Device\Harddisk0\DR0, has a bad block.
Event Xml:
<Event xmlns="http://schemas.microsoft.com/win/2004/08/events/event">
  <System>
    <Provider Name="Disk" />
    <EventID Qualifiers="49156">7</EventID>
    <Level>2</Level>
    <Task>0</Task>
    <Keywords>0x80000000000000</Keywords>
    <TimeCreated SystemTime="2017-06-16T00:59:14.070307600Z" />
    <EventRecordID>793</EventRecordID>
    <Channel>System</Channel>
    <Computer>DESKTOP-9KLOST5</Computer>
    <Security />
  </System>
  <EventData>
    <Data>\Device\Harddisk0\DR0</Data>
    <Binary>030081000100000000000000070004C0000100009C0000C0000000000000000000E0B9C62100000075BE080000000000FFFFFFFF00000000580000840205000000200AFF42072000000002001E000000000062E003A6FFFF20EA42E103A6FFFF0000000000000000D04B4CE003A6FFFF0000000000000000F05CE31000000000280010E35CF000010000000000000000F00003000000000B0000000000000000000000000000000000</Binary>
  </EventData>
</Event>

Log Name:      System
Source:        Service Control Manager
Date:          16/06/2017 12:50:19
Event ID:      7000
Task Category: None
Level:         Error
Keywords:      Classic
User:          N/A
Computer:      DESKTOP-9KLOST5
Description:
The Windows Defender Antivirus Network Inspection Service service failed to start due to the following error: 
The service did not start due to a logon failure.
Event Xml:
<Event xmlns="http://schemas.microsoft.com/win/2004/08/events/event">
  <System>
    <Provider Name="Service Control Manager" Guid="{555908d1-a6d7-4695-8e1e-26931d2012f4}" EventSourceName="Service Control Manager" />
    <EventID Qualifiers="49152">7000</EventID>
    <Version>0</Version>
    <Level>2</Level>
    <Task>0</Task>
    <Opcode>0</Opcode>
    <Keywords>0x8080000000000000</Keywords>
    <TimeCreated SystemTime="2017-06-16T05:50:19.201722300Z" />
    <EventRecordID>983</EventRecordID>
    <Correlation />
    <Execution ProcessID="744" ThreadID="896" />
    <Channel>System</Channel>
    <Computer>DESKTOP-9KLOST5</Computer>
    <Security />
  </System>
  <EventData>
    <Data Name="param1">Windows Defender Antivirus Network Inspection Service</Data>
    <Data Name="param2">%%1069</Data>
    <Binary>570064004E00690073005300760063000000</Binary>
  </EventData>
</Event>

Log Name:      System
Source:        Service Control Manager
Date:          16/06/2017 12:49:18
Event ID:      7000
Task Category: None
Level:         Error
Keywords:      Classic
User:          N/A
Computer:      DESKTOP-9KLOST5
Description:
The CldFlt service failed to start due to the following error: 
The request is not supported.
Event Xml:
<Event xmlns="http://schemas.microsoft.com/win/2004/08/events/event">
  <System>
    <Provider Name="Service Control Manager" Guid="{555908d1-a6d7-4695-8e1e-26931d2012f4}" EventSourceName="Service Control Manager" />
    <EventID Qualifiers="49152">7000</EventID>
    <Version>0</Version>
    <Level>2</Level>
    <Task>0</Task>
    <Opcode>0</Opcode>
    <Keywords>0x8080000000000000</Keywords>
    <TimeCreated SystemTime="2017-06-16T05:49:18.076412600Z" />
    <EventRecordID>974</EventRecordID>
    <Correlation />
    <Execution ProcessID="744" ThreadID="900" />
    <Channel>System</Channel>
    <Computer>DESKTOP-9KLOST5</Computer>
    <Security />
  </System>
  <EventData>
    <Data Name="param1">CldFlt</Data>
    <Data Name="param2">%%50</Data>
    <Binary>43006C00640046006C0074000000</Binary>
  </EventData>
</Event>

Log Name:      System
Source:        Microsoft-Windows-DistributedCOM
Date:          16/06/2017 04:44:38
Event ID:      10016
Task Category: None
Level:         Error
Keywords:      Classic
User:          LOCAL SERVICE
Computer:      DESKTOP-9KLOST5
Description:
The application-specific permission settings do not grant Local Activation permission for the COM Server application with CLSID 
{6B3B8D23-FA8D-40B9-8DBD-B950333E2C52}
 and APPID 
{4839DDB7-58C2-48F5-8283-E1D1807D0D7D}
 to the user NT AUTHORITY\LOCAL SERVICE SID (S-1-5-19) from address LocalHost (Using LRPC) running in the application container Unavailable SID (Unavailable). This security permission can be modified using the Component Services administrative tool.
Event Xml:
<Event xmlns="http://schemas.microsoft.com/win/2004/08/events/event">
  <System>
    <Provider Name="Microsoft-Windows-DistributedCOM" Guid="{1B562E86-B7AA-4131-BADC-B6F3A001407E}" EventSourceName="DCOM" />
    <EventID Qualifiers="0">10016</EventID>
    <Version>0</Version>
    <Level>2</Level>
    <Task>0</Task>
    <Opcode>0</Opcode>
    <Keywords>0x8080000000000000</Keywords>
    <TimeCreated SystemTime="2017-06-15T21:44:38.284233800Z" />
    <EventRecordID>387</EventRecordID>
    <Correlation />
    <Execution ProcessID="960" ThreadID="792" />
    <Channel>System</Channel>
    <Computer>DESKTOP-9KLOST5</Computer>
    <Security UserID="S-1-5-19" />
  </System>
  <EventData>
    <Data Name="param1">application-specific</Data>
    <Data Name="param2">Local</Data>
    <Data Name="param3">Activation</Data>
    <Data Name="param4">{6B3B8D23-FA8D-40B9-8DBD-B950333E2C52}</Data>
    <Data Name="param5">{4839DDB7-58C2-48F5-8283-E1D1807D0D7D}</Data>
    <Data Name="param6">NT AUTHORITY</Data>
    <Data Name="param7">LOCAL SERVICE</Data>
    <Data Name="param8">S-1-5-19</Data>
    <Data Name="param9">LocalHost (Using LRPC)</Data>
    <Data Name="param10">Unavailable</Data>
    <Data Name="param11">Unavailable</Data>
  </EventData>
</Event>

Log Name:      System
Source:        Service Control Manager
Date:          16/06/2017 12:50:19
Event ID:      7038
Task Category: None
Level:         Error
Keywords:      Classic
User:          N/A
Computer:      DESKTOP-9KLOST5
Description:
The WdNisSvc service was unable to log on as NT AUTHORITY\LocalService with the currently configured password due to the following error: 
The security account manager (SAM) or local security authority (LSA) server was in the wrong state to perform the security operation.

To ensure that the service is configured properly, use the Services snap-in in Microsoft Management Console (MMC).
Event Xml:
<Event xmlns="http://schemas.microsoft.com/win/2004/08/events/event">
  <System>
    <Provider Name="Service Control Manager" Guid="{555908d1-a6d7-4695-8e1e-26931d2012f4}" EventSourceName="Service Control Manager" />
    <EventID Qualifiers="49152">7038</EventID>
    <Version>0</Version>
    <Level>2</Level>
    <Task>0</Task>
    <Opcode>0</Opcode>
    <Keywords>0x8080000000000000</Keywords>
    <TimeCreated SystemTime="2017-06-16T05:50:19.201722300Z" />
    <EventRecordID>982</EventRecordID>
    <Correlation />
    <Execution ProcessID="744" ThreadID="896" />
    <Channel>System</Channel>
    <Computer>DESKTOP-9KLOST5</Computer>
    <Security />
  </System>
  <EventData>
    <Data Name="param1">WdNisSvc</Data>
    <Data Name="param2">NT AUTHORITY\LocalService</Data>
    <Data Name="param3">%%1352</Data>
  </EventData>
</Event>

Log Name:      System
Source:        Microsoft-Windows-DistributedCOM
Date:          16/06/2017 04:44:38
Event ID:      10016
Task Category: None
Level:         Error
Keywords:      Classic
User:          LOCAL SERVICE
Computer:      DESKTOP-9KLOST5
Description:
The machine-default permission settings do not grant Local Activation permission for the COM Server application with CLSID 
{C2F03A33-21F5-47FA-B4BB-156362A2F239}
 and APPID 
{316CDED5-E4AE-4B15-9113-7055D84DCC97}
 to the user NT AUTHORITY\LOCAL SERVICE SID (S-1-5-19) from address LocalHost (Using LRPC) running in the application container Unavailable SID (Unavailable). This security permission can be modified using the Component Services administrative tool.
Event Xml:
<Event xmlns="http://schemas.microsoft.com/win/2004/08/events/event">
  <System>
    <Provider Name="Microsoft-Windows-DistributedCOM" Guid="{1B562E86-B7AA-4131-BADC-B6F3A001407E}" EventSourceName="DCOM" />
    <EventID Qualifiers="0">10016</EventID>
    <Version>0</Version>
    <Level>2</Level>
    <Task>0</Task>
    <Opcode>0</Opcode>
    <Keywords>0x8080000000000000</Keywords>
    <TimeCreated SystemTime="2017-06-15T21:44:38.284734100Z" />
    <EventRecordID>388</EventRecordID>
    <Correlation />
    <Execution ProcessID="960" ThreadID="792" />
    <Channel>System</Channel>
    <Computer>DESKTOP-9KLOST5</Computer>
    <Security UserID="S-1-5-19" />
  </System>
  <EventData>
    <Data Name="param1">machine-default</Data>
    <Data Name="param2">Local</Data>
    <Data Name="param3">Activation</Data>
    <Data Name="param4">{C2F03A33-21F5-47FA-B4BB-156362A2F239}</Data>
    <Data Name="param5">{316CDED5-E4AE-4B15-9113-7055D84DCC97}</Data>
    <Data Name="param6">NT AUTHORITY</Data>
    <Data Name="param7">LOCAL SERVICE</Data>
    <Data Name="param8">S-1-5-19</Data>
    <Data Name="param9">LocalHost (Using LRPC)</Data>
    <Data Name="param10">Unavailable</Data>
    <Data Name="param11">Unavailable</Data>
  </EventData>
</Event>

Log Name:      System
Source:        Service Control Manager
Date:          16/06/2017 18:17:41
Event ID:      7030
Task Category: None
Level:         Error
Keywords:      Classic
User:          N/A
Computer:      DESKTOP-9KLOST5
Description:
The Printer Extensions and Notifications service is marked as an interactive service.  However, the system is configured to not allow interactive services.  This service may not function properly.
Event Xml:
<Event xmlns="http://schemas.microsoft.com/win/2004/08/events/event">
  <System>
    <Provider Name="Service Control Manager" Guid="{555908d1-a6d7-4695-8e1e-26931d2012f4}" EventSourceName="Service Control Manager" />
    <EventID Qualifiers="49152">7030</EventID>
    <Version>0</Version>
    <Level>2</Level>
    <Task>0</Task>
    <Opcode>0</Opcode>
    <Keywords>0x8080000000000000</Keywords>
    <TimeCreated SystemTime="2017-06-16T11:17:41.765625800Z" />
    <EventRecordID>258</EventRecordID>
    <Correlation />
    <Execution ProcessID="696" ThreadID="4976" />
    <Channel>System</Channel>
    <Computer>DESKTOP-9KLOST5</Computer>
    <Security />
  </System>
  <EventData>
    <Data Name="param1">Printer Extensions and Notifications</Data>
  </EventData>
</Event>

Log Name:      System
Source:        nvlddmkm
Date:          16/06/2017 07:07:28
Event ID:      13
Task Category: None
Level:         Error
Keywords:      Classic
User:          N/A
Computer:      DESKTOP-9KLOST5
Description:
The description for Event ID 13 from source nvlddmkm cannot be found. Either the component that raises this event is not installed on your local computer or the installation is corrupted. You can install or repair the component on the local computer.

If the event originated on another computer, the display information had to be saved with the event.

The following information was included with the event: 

\Device\UVMLiteController0x1
Variable String too Large

the message resource is present but the message is not found in the string/message table

Event Xml:
<Event xmlns="http://schemas.microsoft.com/win/2004/08/events/event">
  <System>
    <Provider Name="nvlddmkm" />
    <EventID Qualifiers="49322">13</EventID>
    <Level>2</Level>
    <Task>0</Task>
    <Keywords>0x80000000000000</Keywords>
    <TimeCreated SystemTime="2017-06-16T00:07:28.043981500Z" />
    <EventRecordID>774</EventRecordID>
    <Channel>System</Channel>
    <Computer>DESKTOP-9KLOST5</Computer>
    <Security />
  </System>
  <EventData>
    <Data>\Device\UVMLiteController0x1</Data>
    <Data>Variable String too Large</Data>
    <Binary>0000000002003000000000000D00AAC0000000000000000000000000000000000000000000000000</Binary>
  </EventData>
</Event>

Log Name:      System
Source:        nvlddmkm
Date:          16/06/2017 07:07:28
Event ID:      13
Task Category: None
Level:         Error
Keywords:      Classic
User:          N/A
Computer:      DESKTOP-9KLOST5
Description:
The description for Event ID 13 from source nvlddmkm cannot be found. Either the component that raises this event is not installed on your local computer or the installation is corrupted. You can install or repair the component on the local computer.

If the event originated on another computer, the display information had to be saved with the event.

The following information was included with the event: 

\Device\UVMLiteController0x1
NVRM: Graphics TEX Exception on (GPC 0, TPC 1):    TEX FORMAT

the message resource is present but the message is not found in the string/message table

Event Xml:
<Event xmlns="http://schemas.microsoft.com/win/2004/08/events/event">
  <System>
    <Provider Name="nvlddmkm" />
    <EventID Qualifiers="49322">13</EventID>
    <Level>2</Level>
    <Task>0</Task>
    <Keywords>0x80000000000000</Keywords>
    <TimeCreated SystemTime="2017-06-16T00:07:28.043981500Z" />
    <EventRecordID>775</EventRecordID>
    <Channel>System</Channel>
    <Computer>DESKTOP-9KLOST5</Computer>
    <Security />
  </System>
  <EventData>
    <Data>\Device\UVMLiteController0x1</Data>
    <Data>NVRM: Graphics TEX Exception on (GPC 0, TPC 1):    TEX FORMAT</Data>
    <Binary>0000000002003000000000000D00AAC0000000000000000000000000000000000000000000000000</Binary>
  </EventData>
</Event>

Log Name:      System
Source:        nvlddmkm
Date:          16/06/2017 07:07:28
Event ID:      13
Task Category: None
Level:         Error
Keywords:      Classic
User:          N/A
Computer:      DESKTOP-9KLOST5
Description:
The description for Event ID 13 from source nvlddmkm cannot be found. Either the component that raises this event is not installed on your local computer or the installation is corrupted. You can install or repair the component on the local computer.

If the event originated on another computer, the display information had to be saved with the event.

The following information was included with the event: 

\Device\UVMLiteController0x1
Variable String too Large

the message resource is present but the message is not found in the string/message table

Event Xml:
<Event xmlns="http://schemas.microsoft.com/win/2004/08/events/event">
  <System>
    <Provider Name="nvlddmkm" />
    <EventID Qualifiers="49322">13</EventID>
    <Level>2</Level>
    <Task>0</Task>
    <Keywords>0x80000000000000</Keywords>
    <TimeCreated SystemTime="2017-06-16T00:07:28.043981500Z" />
    <EventRecordID>772</EventRecordID>
    <Channel>System</Channel>
    <Computer>DESKTOP-9KLOST5</Computer>
    <Security />
  </System>
  <EventData>
    <Data>\Device\UVMLiteController0x1</Data>
    <Data>Variable String too Large</Data>
    <Binary>0000000002003000000000000D00AAC0000000000000000000000000000000000000000000000000</Binary>
  </EventData>
</Event>

Log Name:      System
Source:        nvlddmkm
Date:          16/06/2017 07:07:28
Event ID:      13
Task Category: None
Level:         Error
Keywords:      Classic
User:          N/A
Computer:      DESKTOP-9KLOST5
Description:
The description for Event ID 13 from source nvlddmkm cannot be found. Either the component that raises this event is not installed on your local computer or the installation is corrupted. You can install or repair the component on the local computer.

If the event originated on another computer, the display information had to be saved with the event.

The following information was included with the event: 

\Device\UVMLiteController0x1
NVRM: Graphics TEX Exception on (GPC 0, TPC 0):    TEX FORMAT

the message resource is present but the message is not found in the string/message table

Event Xml:
<Event xmlns="http://schemas.microsoft.com/win/2004/08/events/event">
  <System>
    <Provider Name="nvlddmkm" />
    <EventID Qualifiers="49322">13</EventID>
    <Level>2</Level>
    <Task>0</Task>
    <Keywords>0x80000000000000</Keywords>
    <TimeCreated SystemTime="2017-06-16T00:07:28.043981500Z" />
    <EventRecordID>773</EventRecordID>
    <Channel>System</Channel>
    <Computer>DESKTOP-9KLOST5</Computer>
    <Security />
  </System>
  <EventData>
    <Data>\Device\UVMLiteController0x1</Data>
    <Data>NVRM: Graphics TEX Exception on (GPC 0, TPC 0):    TEX FORMAT</Data>
    <Binary>0000000002003000000000000D00AAC0000000000000000000000000000000000000000000000000</Binary>
  </EventData>
</Event>

Log Name:      System
Source:        nvlddmkm
Date:          16/06/2017 07:07:28
Event ID:      13
Task Category: None
Level:         Error
Keywords:      Classic
User:          N/A
Computer:      DESKTOP-9KLOST5
Description:
The description for Event ID 13 from source nvlddmkm cannot be found. Either the component that raises this event is not installed on your local computer or the installation is corrupted. You can install or repair the component on the local computer.

If the event originated on another computer, the display information had to be saved with the event.

The following information was included with the event: 

\Device\UVMLiteController0x1
Variable String too Large

the message resource is present but the message is not found in the string/message table

Event Xml:
<Event xmlns="http://schemas.microsoft.com/win/2004/08/events/event">
  <System>
    <Provider Name="nvlddmkm" />
    <EventID Qualifiers="49322">13</EventID>
    <Level>2</Level>
    <Task>0</Task>
    <Keywords>0x80000000000000</Keywords>
    <TimeCreated SystemTime="2017-06-16T00:07:28.043981500Z" />
    <EventRecordID>776</EventRecordID>
    <Channel>System</Channel>
    <Computer>DESKTOP-9KLOST5</Computer>
    <Security />
  </System>
  <EventData>
    <Data>\Device\UVMLiteController0x1</Data>
    <Data>Variable String too Large</Data>
    <Binary>0000000002003000000000000D00AAC0000000000000000000000000000000000000000000000000</Binary>
  </EventData>
</Event>

Log Name:      System
Source:        Service Control Manager
Date:          16/06/2017 18:15:00
Event ID:      7000
Task Category: None
Level:         Error
Keywords:      Classic
User:          N/A
Computer:      DESKTOP-9KLOST5
Description:
The CldFlt service failed to start due to the following error: 
The request is not supported.
Event Xml:
<Event xmlns="http://schemas.microsoft.com/win/2004/08/events/event">
  <System>
    <Provider Name="Service Control Manager" Guid="{555908d1-a6d7-4695-8e1e-26931d2012f4}" EventSourceName="Service Control Manager" />
    <EventID Qualifiers="49152">7000</EventID>
    <Version>0</Version>
    <Level>2</Level>
    <Task>0</Task>
    <Opcode>0</Opcode>
    <Keywords>0x8080000000000000</Keywords>
    <TimeCreated SystemTime="2017-06-16T11:15:00.275881300Z" />
    <EventRecordID>249</EventRecordID>
    <Correlation />
    <Execution ProcessID="696" ThreadID="2088" />
    <Channel>System</Channel>
    <Computer>DESKTOP-9KLOST5</Computer>
    <Security />
  </System>
  <EventData>
    <Data Name="param1">CldFlt</Data>
    <Data Name="param2">%%50</Data>
    <Binary>43006C00640046006C0074000000</Binary>
  </EventData>
</Event>

Log Name:      System
Source:        Microsoft-Windows-WindowsUpdateClient
Date:          16/06/2017 04:48:39
Event ID:      20
Task Category: Windows Update Agent
Level:         Error
Keywords:      Failure,Installation
User:          SYSTEM
Computer:      DESKTOP-9KLOST5
Description:
Installation Failure: Windows failed to install the following update with error 0x80070103: Intel Corporation driver update for Intel(R) HD Graphics 4600.
Event Xml:
<Event xmlns="http://schemas.microsoft.com/win/2004/08/events/event">
  <System>
    <Provider Name="Microsoft-Windows-WindowsUpdateClient" Guid="{945A8954-C147-4ACD-923F-40C45405A658}" />
    <EventID>20</EventID>
    <Version>1</Version>
    <Level>2</Level>
    <Task>1</Task>
    <Opcode>13</Opcode>
    <Keywords>0x8000000000000028</Keywords>
    <TimeCreated SystemTime="2017-06-15T21:48:39.960214600Z" />
    <EventRecordID>406</EventRecordID>
    <Correlation />
    <Execution ProcessID="2176" ThreadID="1540" />
    <Channel>System</Channel>
    <Computer>DESKTOP-9KLOST5</Computer>
    <Security UserID="S-1-5-18" />
  </System>
  <EventData>
    <Data Name="errorCode">0x80070103</Data>
    <Data Name="updateTitle">Intel Corporation driver update for Intel(R) HD Graphics 4600</Data>
    <Data Name="updateGuid">{3D6E693A-4F4C-4619-BCA9-732ADC3F47C2}</Data>
    <Data Name="updateRevisionNumber">201</Data>
    <Data Name="serviceGuid">{9482F4B4-E343-43B6-B170-9A65BC822C77}</Data>
  </EventData>
</Event>

Log Name:      System
Source:        nvlddmkm
Date:          16/06/2017 07:07:28
Event ID:      13
Task Category: None
Level:         Error
Keywords:      Classic
User:          N/A
Computer:      DESKTOP-9KLOST5
Description:
The description for Event ID 13 from source nvlddmkm cannot be found. Either the component that raises this event is not installed on your local computer or the installation is corrupted. You can install or repair the component on the local computer.

If the event originated on another computer, the display information had to be saved with the event.

The following information was included with the event: 

\Device\UVMLiteController0x1
NVRM: Graphics TEX Exception on (GPC 0, TPC 1):    TEX FORMAT

the message resource is present but the message is not found in the string/message table

Event Xml:
<Event xmlns="http://schemas.microsoft.com/win/2004/08/events/event">
  <System>
    <Provider Name="nvlddmkm" />
    <EventID Qualifiers="49322">13</EventID>
    <Level>2</Level>
    <Task>0</Task>
    <Keywords>0x80000000000000</Keywords>
    <TimeCreated SystemTime="2017-06-16T00:07:28.043981500Z" />
    <EventRecordID>777</EventRecordID>
    <Channel>System</Channel>
    <Computer>DESKTOP-9KLOST5</Computer>
    <Security />
  </System>
  <EventData>
    <Data>\Device\UVMLiteController0x1</Data>
    <Data>NVRM: Graphics TEX Exception on (GPC 0, TPC 1):    TEX FORMAT</Data>
    <Binary>0000000002003000000000000D00AAC0000000000000000000000000000000000000000000000000</Binary>
  </EventData>
</Event>

Log Name:      System
Source:        nvlddmkm
Date:          16/06/2017 07:07:28
Event ID:      13
Task Category: None
Level:         Error
Keywords:      Classic
User:          N/A
Computer:      DESKTOP-9KLOST5
Description:
The description for Event ID 13 from source nvlddmkm cannot be found. Either the component that raises this event is not installed on your local computer or the installation is corrupted. You can install or repair the component on the local computer.

If the event originated on another computer, the display information had to be saved with the event.

The following information was included with the event: 

\Device\UVMLiteController0x1
Variable String too Large

the message resource is present but the message is not found in the string/message table

Event Xml:
<Event xmlns="http://schemas.microsoft.com/win/2004/08/events/event">
  <System>
    <Provider Name="nvlddmkm" />
    <EventID Qualifiers="49322">13</EventID>
    <Level>2</Level>
    <Task>0</Task>
    <Keywords>0x80000000000000</Keywords>
    <TimeCreated SystemTime="2017-06-16T00:07:28.043981500Z" />
    <EventRecordID>778</EventRecordID>
    <Channel>System</Channel>
    <Computer>DESKTOP-9KLOST5</Computer>
    <Security />
  </System>
  <EventData>
    <Data>\Device\UVMLiteController0x1</Data>
    <Data>Variable String too Large</Data>
    <Binary>0000000002003000000000000D00AAC0000000000000000000000000000000000000000000000000</Binary>
  </EventData>
</Event>

Log Name:      System
Source:        Microsoft-Windows-DistributedCOM
Date:          16/06/2017 04:44:38
Event ID:      10016
Task Category: None
Level:         Error
Keywords:      Classic
User:          LOCAL SERVICE
Computer:      DESKTOP-9KLOST5
Description:
The machine-default permission settings do not grant Local Activation permission for the COM Server application with CLSID 
{C2F03A33-21F5-47FA-B4BB-156362A2F239}
 and APPID 
{316CDED5-E4AE-4B15-9113-7055D84DCC97}
 to the user NT AUTHORITY\LOCAL SERVICE SID (S-1-5-19) from address LocalHost (Using LRPC) running in the application container Unavailable SID (Unavailable). This security permission can be modified using the Component Services administrative tool.
Event Xml:
<Event xmlns="http://schemas.microsoft.com/win/2004/08/events/event">
  <System>
    <Provider Name="Microsoft-Windows-DistributedCOM" Guid="{1B562E86-B7AA-4131-BADC-B6F3A001407E}" EventSourceName="DCOM" />
    <EventID Qualifiers="0">10016</EventID>
    <Version>0</Version>
    <Level>2</Level>
    <Task>0</Task>
    <Opcode>0</Opcode>
    <Keywords>0x8080000000000000</Keywords>
    <TimeCreated SystemTime="2017-06-15T21:44:38.284233800Z" />
    <EventRecordID>386</EventRecordID>
    <Correlation />
    <Execution ProcessID="960" ThreadID="792" />
    <Channel>System</Channel>
    <Computer>DESKTOP-9KLOST5</Computer>
    <Security UserID="S-1-5-19" />
  </System>
  <EventData>
    <Data Name="param1">machine-default</Data>
    <Data Name="param2">Local</Data>
    <Data Name="param3">Activation</Data>
    <Data Name="param4">{C2F03A33-21F5-47FA-B4BB-156362A2F239}</Data>
    <Data Name="param5">{316CDED5-E4AE-4B15-9113-7055D84DCC97}</Data>
    <Data Name="param6">NT AUTHORITY</Data>
    <Data Name="param7">LOCAL SERVICE</Data>
    <Data Name="param8">S-1-5-19</Data>
    <Data Name="param9">LocalHost (Using LRPC)</Data>
    <Data Name="param10">Unavailable</Data>
    <Data Name="param11">Unavailable</Data>
  </EventData>
</Event>

Log Name:      System
Source:        Disk
Date:          16/06/2017 08:49:17
Event ID:      7
Task Category: None
Level:         Error
Keywords:      Classic
User:          N/A
Computer:      DESKTOP-9KLOST5
Description:
The device, \Device\Harddisk0\DR0, has a bad block.
Event Xml:
<Event xmlns="http://schemas.microsoft.com/win/2004/08/events/event">
  <System>
    <Provider Name="Disk" />
    <EventID Qualifiers="49156">7</EventID>
    <Level>2</Level>
    <Task>0</Task>
    <Keywords>0x80000000000000</Keywords>
    <TimeCreated SystemTime="2017-06-16T01:49:17.015594300Z" />
    <EventRecordID>847</EventRecordID>
    <Channel>System</Channel>
    <Computer>DESKTOP-9KLOST5</Computer>
    <Security />
  </System>
  <EventData>
    <Data>\Device\Harddisk0\DR0</Data>
    <Binary>030081000100000000000000070004C0000100009C0000C000000000000000000020BBC42100000032AD0B0000000000FFFFFFFF00000000580000840205000000200AFF42072000000002001E00000000C075E003A6FFFFE0EA24E103A6FFFF0000000000000000D02B55E003A6FFFF0000000000000000905DE21000000000280010E25D9000010000000000000000F00003000000000B0000000000000000000000000000000000</Binary>
  </EventData>
</Event>

Log Name:      System
Source:        Disk
Date:          16/06/2017 08:49:21
Event ID:      7
Task Category: None
Level:         Error
Keywords:      Classic
User:          N/A
Computer:      DESKTOP-9KLOST5
Description:
The device, \Device\Harddisk0\DR0, has a bad block.
Event Xml:
<Event xmlns="http://schemas.microsoft.com/win/2004/08/events/event">
  <System>
    <Provider Name="Disk" />
    <EventID Qualifiers="49156">7</EventID>
    <Level>2</Level>
    <Task>0</Task>
    <Keywords>0x80000000000000</Keywords>
    <TimeCreated SystemTime="2017-06-16T01:49:21.228572000Z" />
    <EventRecordID>848</EventRecordID>
    <Channel>System</Channel>
    <Computer>DESKTOP-9KLOST5</Computer>
    <Security />
  </System>
  <EventData>
    <Data>\Device\Harddisk0\DR0</Data>
    <Binary>030081000100000000000000070004C0000100009C0000C0000000000000000000D08BC5210000003FAE0B0000000000FFFFFFFF00000000580000840205000000200AFF42072000000002001E00000000C06BE003A6FFFFE0EA24E103A6FFFF0000000000000000807602E203A6FFFF0000000000000000E8C5E21000000000280010E2C5E800010000000000000000F00003000000000B0000000000000000000000000000000000</Binary>
  </EventData>
</Event>

Log Name:      System
Source:        Disk
Date:          16/06/2017 08:39:29
Event ID:      7
Task Category: None
Level:         Error
Keywords:      Classic
User:          N/A
Computer:      DESKTOP-9KLOST5
Description:
The device, \Device\Harddisk0\DR0, has a bad block.
Event Xml:
<Event xmlns="http://schemas.microsoft.com/win/2004/08/events/event">
  <System>
    <Provider Name="Disk" />
    <EventID Qualifiers="49156">7</EventID>
    <Level>2</Level>
    <Task>0</Task>
    <Keywords>0x80000000000000</Keywords>
    <TimeCreated SystemTime="2017-06-16T01:39:29.953739100Z" />
    <EventRecordID>843</EventRecordID>
    <Channel>System</Channel>
    <Computer>DESKTOP-9KLOST5</Computer>
    <Security />
  </System>
  <EventData>
    <Data>\Device\Harddisk0\DR0</Data>
    <Binary>030081000100000000000000070004C0000100009C0000C0000000000000000000D08BC5210000006E1A0B0000000000FFFFFFFF00000000580000840205000000200AFF42072000000002001E00000000C06BE003A6FFFF00CE17E103A6FFFF0000000000000000C0A43FE103A6FFFF0000000000000000E8C5E21000000000280010E2C5E800010000000000000000F00003000000000B0000000000000000000000000000000000</Binary>
  </EventData>
</Event>

