Log Name:      System
Source:        nvlddmkm
Date:          16/06/2017 07:07:28
Event ID:      13
Task Category: None
Level:         Error
Keywords:      Classic
User:          N/A
Computer:      DESKTOP-9KLOST5
Description:
The description for Event ID 13 from source nvlddmkm cannot be found. Either the component that raises this event is not installed on your local computer or the installation is corrupted. You can install or repair the component on the local computer.

If the event originated on another computer, the display information had to be saved with the event.

The following information was included with the event: 

\Device\UVMLiteController0x1
Variable String too Large

the message resource is present but the message is not found in the string/message table

Event Xml:
<Event xmlns="http://schemas.microsoft.com/win/2004/08/events/event">
  <System>
    <Provider Name="nvlddmkm" />
    <EventID Qualifiers="49322">13</EventID>
    <Level>2</Level>
    <Task>0</Task>
    <Keywords>0x80000000000000</Keywords>
    <TimeCreated SystemTime="2017-06-16T00:07:28.042291800Z" />
    <EventRecordID>754</EventRecordID>
    <Channel>System</Channel>
    <Computer>DESKTOP-9KLOST5</Computer>
    <Security />
  </System>
  <EventData>
    <Data>\Device\UVMLiteController0x1</Data>
    <Data>Variable String too Large</Data>
    <Binary>0000000002003000000000000D00AAC0000000000000000000000000000000000000000000000000</Binary>
  </EventData>
</Event>

Log Name:      System
Source:        nvlddmkm
Date:          16/06/2017 07:07:28
Event ID:      13
Task Category: None
Level:         Error
Keywords:      Classic
User:          N/A
Computer:      DESKTOP-9KLOST5
Description:
The description for Event ID 13 from source nvlddmkm cannot be found. Either the component that raises this event is not installed on your local computer or the installation is corrupted. You can install or repair the component on the local computer.

If the event originated on another computer, the display information had to be saved with the event.

The following information was included with the event: 

\Device\UVMLiteController0x1
NVRM: Graphics TEX Exception on (GPC 0, TPC 1):    TEX FORMAT

the message resource is present but the message is not found in the string/message table

Event Xml:
<Event xmlns="http://schemas.microsoft.com/win/2004/08/events/event">
  <System>
    <Provider Name="nvlddmkm" />
    <EventID Qualifiers="49322">13</EventID>
    <Level>2</Level>
    <Task>0</Task>
    <Keywords>0x80000000000000</Keywords>
    <TimeCreated SystemTime="2017-06-16T00:07:28.042291800Z" />
    <EventRecordID>761</EventRecordID>
    <Channel>System</Channel>
    <Computer>DESKTOP-9KLOST5</Computer>
    <Security />
  </System>
  <EventData>
    <Data>\Device\UVMLiteController0x1</Data>
    <Data>NVRM: Graphics TEX Exception on (GPC 0, TPC 1):    TEX FORMAT</Data>
    <Binary>0000000002003000000000000D00AAC0000000000000000000000000000000000000000000000000</Binary>
  </EventData>
</Event>

Log Name:      System
Source:        nvlddmkm
Date:          16/06/2017 07:07:28
Event ID:      13
Task Category: None
Level:         Error
Keywords:      Classic
User:          N/A
Computer:      DESKTOP-9KLOST5
Description:
The description for Event ID 13 from source nvlddmkm cannot be found. Either the component that raises this event is not installed on your local computer or the installation is corrupted. You can install or repair the component on the local computer.

If the event originated on another computer, the display information had to be saved with the event.

The following information was included with the event: 

\Device\UVMLiteController0x1
Variable String too Large

the message resource is present but the message is not found in the string/message table

Event Xml:
<Event xmlns="http://schemas.microsoft.com/win/2004/08/events/event">
  <System>
    <Provider Name="nvlddmkm" />
    <EventID Qualifiers="49322">13</EventID>
    <Level>2</Level>
    <Task>0</Task>
    <Keywords>0x80000000000000</Keywords>
    <TimeCreated SystemTime="2017-06-16T00:07:28.042291800Z" />
    <EventRecordID>762</EventRecordID>
    <Channel>System</Channel>
    <Computer>DESKTOP-9KLOST5</Computer>
    <Security />
  </System>
  <EventData>
    <Data>\Device\UVMLiteController0x1</Data>
    <Data>Variable String too Large</Data>
    <Binary>0000000002003000000000000D00AAC0000000000000000000000000000000000000000000000000</Binary>
  </EventData>
</Event>

Log Name:      System
Source:        nvlddmkm
Date:          16/06/2017 07:07:28
Event ID:      13
Task Category: None
Level:         Error
Keywords:      Classic
User:          N/A
Computer:      DESKTOP-9KLOST5
Description:
The description for Event ID 13 from source nvlddmkm cannot be found. Either the component that raises this event is not installed on your local computer or the installation is corrupted. You can install or repair the component on the local computer.

If the event originated on another computer, the display information had to be saved with the event.

The following information was included with the event: 

\Device\UVMLiteController0x1
Variable String too Large

the message resource is present but the message is not found in the string/message table

Event Xml:
<Event xmlns="http://schemas.microsoft.com/win/2004/08/events/event">
  <System>
    <Provider Name="nvlddmkm" />
    <EventID Qualifiers="49322">13</EventID>
    <Level>2</Level>
    <Task>0</Task>
    <Keywords>0x80000000000000</Keywords>
    <TimeCreated SystemTime="2017-06-16T00:07:28.042291800Z" />
    <EventRecordID>760</EventRecordID>
    <Channel>System</Channel>
    <Computer>DESKTOP-9KLOST5</Computer>
    <Security />
  </System>
  <EventData>
    <Data>\Device\UVMLiteController0x1</Data>
    <Data>Variable String too Large</Data>
    <Binary>0000000002003000000000000D00AAC0000000000000000000000000000000000000000000000000</Binary>
  </EventData>
</Event>

Log Name:      System
Source:        nvlddmkm
Date:          16/06/2017 07:07:28
Event ID:      13
Task Category: None
Level:         Error
Keywords:      Classic
User:          N/A
Computer:      DESKTOP-9KLOST5
Description:
The description for Event ID 13 from source nvlddmkm cannot be found. Either the component that raises this event is not installed on your local computer or the installation is corrupted. You can install or repair the component on the local computer.

If the event originated on another computer, the display information had to be saved with the event.

The following information was included with the event: 

\Device\UVMLiteController0x1
Variable String too Large

the message resource is present but the message is not found in the string/message table

Event Xml:
<Event xmlns="http://schemas.microsoft.com/win/2004/08/events/event">
  <System>
    <Provider Name="nvlddmkm" />
    <EventID Qualifiers="49322">13</EventID>
    <Level>2</Level>
    <Task>0</Task>
    <Keywords>0x80000000000000</Keywords>
    <TimeCreated SystemTime="2017-06-16T00:07:28.042291800Z" />
    <EventRecordID>758</EventRecordID>
    <Channel>System</Channel>
    <Computer>DESKTOP-9KLOST5</Computer>
    <Security />
  </System>
  <EventData>
    <Data>\Device\UVMLiteController0x1</Data>
    <Data>Variable String too Large</Data>
    <Binary>0000000002003000000000000D00AAC0000000000000000000000000000000000000000000000000</Binary>
  </EventData>
</Event>

Log Name:      System
Source:        nvlddmkm
Date:          16/06/2017 07:07:28
Event ID:      13
Task Category: None
Level:         Error
Keywords:      Classic
User:          N/A
Computer:      DESKTOP-9KLOST5
Description:
The description for Event ID 13 from source nvlddmkm cannot be found. Either the component that raises this event is not installed on your local computer or the installation is corrupted. You can install or repair the component on the local computer.

If the event originated on another computer, the display information had to be saved with the event.

The following information was included with the event: 

\Device\UVMLiteController0x1
NVRM: Graphics TEX Exception on (GPC 0, TPC 1):    TEX FORMAT

the message resource is present but the message is not found in the string/message table

Event Xml:
<Event xmlns="http://schemas.microsoft.com/win/2004/08/events/event">
  <System>
    <Provider Name="nvlddmkm" />
    <EventID Qualifiers="49322">13</EventID>
    <Level>2</Level>
    <Task>0</Task>
    <Keywords>0x80000000000000</Keywords>
    <TimeCreated SystemTime="2017-06-16T00:07:28.042291800Z" />
    <EventRecordID>759</EventRecordID>
    <Channel>System</Channel>
    <Computer>DESKTOP-9KLOST5</Computer>
    <Security />
  </System>
  <EventData>
    <Data>\Device\UVMLiteController0x1</Data>
    <Data>NVRM: Graphics TEX Exception on (GPC 0, TPC 1):    TEX FORMAT</Data>
    <Binary>0000000002003000000000000D00AAC0000000000000000000000000000000000000000000000000</Binary>
  </EventData>
</Event>

Log Name:      System
Source:        nvlddmkm
Date:          16/06/2017 07:07:28
Event ID:      13
Task Category: None
Level:         Error
Keywords:      Classic
User:          N/A
Computer:      DESKTOP-9KLOST5
Description:
The description for Event ID 13 from source nvlddmkm cannot be found. Either the component that raises this event is not installed on your local computer or the installation is corrupted. You can install or repair the component on the local computer.

If the event originated on another computer, the display information had to be saved with the event.

The following information was included with the event: 

\Device\UVMLiteController0x1
Variable String too Large

the message resource is present but the message is not found in the string/message table

Event Xml:
<Event xmlns="http://schemas.microsoft.com/win/2004/08/events/event">
  <System>
    <Provider Name="nvlddmkm" />
    <EventID Qualifiers="49322">13</EventID>
    <Level>2</Level>
    <Task>0</Task>
    <Keywords>0x80000000000000</Keywords>
    <TimeCreated SystemTime="2017-06-16T00:07:28.041141000Z" />
    <EventRecordID>740</EventRecordID>
    <Channel>System</Channel>
    <Computer>DESKTOP-9KLOST5</Computer>
    <Security />
  </System>
  <EventData>
    <Data>\Device\UVMLiteController0x1</Data>
    <Data>Variable String too Large</Data>
    <Binary>0000000002003000000000000D00AAC0000000000000000000000000000000000000000000000000</Binary>
  </EventData>
</Event>

Log Name:      System
Source:        nvlddmkm
Date:          16/06/2017 06:32:54
Event ID:      13
Task Category: None
Level:         Error
Keywords:      Classic
User:          N/A
Computer:      DESKTOP-9KLOST5
Description:
The description for Event ID 13 from source nvlddmkm cannot be found. Either the component that raises this event is not installed on your local computer or the installation is corrupted. You can install or repair the component on the local computer.

If the event originated on another computer, the display information had to be saved with the event.

The following information was included with the event: 

\Device\UVMLiteController0x1
Graphics Exception: EXTRA_MACRO_DATA

the message resource is present but the message is not found in the string/message table

Event Xml:
<Event xmlns="http://schemas.microsoft.com/win/2004/08/events/event">
  <System>
    <Provider Name="nvlddmkm" />
    <EventID Qualifiers="49322">13</EventID>
    <Level>2</Level>
    <Task>0</Task>
    <Keywords>0x80000000000000</Keywords>
    <TimeCreated SystemTime="2017-06-15T23:32:54.227983400Z" />
    <EventRecordID>714</EventRecordID>
    <Channel>System</Channel>
    <Computer>DESKTOP-9KLOST5</Computer>
    <Security />
  </System>
  <EventData>
    <Data>\Device\UVMLiteController0x1</Data>
    <Data>Graphics Exception: EXTRA_MACRO_DATA</Data>
    <Binary>0000000002003000000000000D00AAC0000000000000000000000000000000000000000000000000</Binary>
  </EventData>
</Event>

Log Name:      System
Source:        nvlddmkm
Date:          16/06/2017 06:32:54
Event ID:      13
Task Category: None
Level:         Error
Keywords:      Classic
User:          N/A
Computer:      DESKTOP-9KLOST5
Description:
The description for Event ID 13 from source nvlddmkm cannot be found. Either the component that raises this event is not installed on your local computer or the installation is corrupted. You can install or repair the component on the local computer.

If the event originated on another computer, the display information had to be saved with the event.

The following information was included with the event: 

\Device\UVMLiteController0x1
Graphics Exception: ESR 0x404490=0x80000002

the message resource is present but the message is not found in the string/message table

Event Xml:
<Event xmlns="http://schemas.microsoft.com/win/2004/08/events/event">
  <System>
    <Provider Name="nvlddmkm" />
    <EventID Qualifiers="49322">13</EventID>
    <Level>2</Level>
    <Task>0</Task>
    <Keywords>0x80000000000000</Keywords>
    <TimeCreated SystemTime="2017-06-15T23:32:54.227983400Z" />
    <EventRecordID>715</EventRecordID>
    <Channel>System</Channel>
    <Computer>DESKTOP-9KLOST5</Computer>
    <Security />
  </System>
  <EventData>
    <Data>\Device\UVMLiteController0x1</Data>
    <Data>Graphics Exception: ESR 0x404490=0x80000002</Data>
    <Binary>0000000002003000000000000D00AAC0000000000000000000000000000000000000000000000000</Binary>
  </EventData>
</Event>

Log Name:      System
Source:        nvlddmkm
Date:          16/06/2017 06:32:54
Event ID:      13
Task Category: None
Level:         Error
Keywords:      Classic
User:          N/A
Computer:      DESKTOP-9KLOST5
Description:
The description for Event ID 13 from source nvlddmkm cannot be found. Either the component that raises this event is not installed on your local computer or the installation is corrupted. You can install or repair the component on the local computer.

If the event originated on another computer, the display information had to be saved with the event.

The following information was included with the event: 

\Device\UVMLiteController0x1
Graphics Exception: EXTRA_MACRO_DATA

the message resource is present but the message is not found in the string/message table

Event Xml:
<Event xmlns="http://schemas.microsoft.com/win/2004/08/events/event">
  <System>
    <Provider Name="nvlddmkm" />
    <EventID Qualifiers="49322">13</EventID>
    <Level>2</Level>
    <Task>0</Task>
    <Keywords>0x80000000000000</Keywords>
    <TimeCreated SystemTime="2017-06-15T23:32:54.202996000Z" />
    <EventRecordID>712</EventRecordID>
    <Channel>System</Channel>
    <Computer>DESKTOP-9KLOST5</Computer>
    <Security />
  </System>
  <EventData>
    <Data>\Device\UVMLiteController0x1</Data>
    <Data>Graphics Exception: EXTRA_MACRO_DATA</Data>
    <Binary>0000000002003000000000000D00AAC0000000000000000000000000000000000000000000000000</Binary>
  </EventData>
</Event>

Log Name:      System
Source:        nvlddmkm
Date:          16/06/2017 06:32:54
Event ID:      13
Task Category: None
Level:         Error
Keywords:      Classic
User:          N/A
Computer:      DESKTOP-9KLOST5
Description:
The description for Event ID 13 from source nvlddmkm cannot be found. Either the component that raises this event is not installed on your local computer or the installation is corrupted. You can install or repair the component on the local computer.

If the event originated on another computer, the display information had to be saved with the event.

The following information was included with the event: 

\Device\UVMLiteController0x1
Graphics Exception: ESR 0x404490=0x80000002

the message resource is present but the message is not found in the string/message table

Event Xml:
<Event xmlns="http://schemas.microsoft.com/win/2004/08/events/event">
  <System>
    <Provider Name="nvlddmkm" />
    <EventID Qualifiers="49322">13</EventID>
    <Level>2</Level>
    <Task>0</Task>
    <Keywords>0x80000000000000</Keywords>
    <TimeCreated SystemTime="2017-06-15T23:32:54.202996000Z" />
    <EventRecordID>713</EventRecordID>
    <Channel>System</Channel>
    <Computer>DESKTOP-9KLOST5</Computer>
    <Security />
  </System>
  <EventData>
    <Data>\Device\UVMLiteController0x1</Data>
    <Data>Graphics Exception: ESR 0x404490=0x80000002</Data>
    <Binary>0000000002003000000000000D00AAC0000000000000000000000000000000000000000000000000</Binary>
  </EventData>
</Event>

Log Name:      System
Source:        Microsoft-Windows-DistributedCOM
Date:          16/06/2017 13:12:20
Event ID:      10016
Task Category: None
Level:         Error
Keywords:      Classic
User:          SYSTEM
Computer:      DESKTOP-9KLOST5
Description:
The application-specific permission settings do not grant Local Activation permission for the COM Server application with CLSID 
{D63B10C5-BB46-4990-A94F-E40B9D520160}
 and APPID 
{9CA88EE3-ACB7-47C8-AFC4-AB702511C276}
 to the user NT AUTHORITY\SYSTEM SID (S-1-5-18) from address LocalHost (Using LRPC) running in the application container Unavailable SID (Unavailable). This security permission can be modified using the Component Services administrative tool.
Event Xml:
<Event xmlns="http://schemas.microsoft.com/win/2004/08/events/event">
  <System>
    <Provider Name="Microsoft-Windows-DistributedCOM" Guid="{1B562E86-B7AA-4131-BADC-B6F3A001407E}" EventSourceName="DCOM" />
    <EventID Qualifiers="0">10016</EventID>
    <Version>0</Version>
    <Level>2</Level>
    <Task>0</Task>
    <Opcode>0</Opcode>
    <Keywords>0x8080000000000000</Keywords>
    <TimeCreated SystemTime="2017-06-16T06:12:20.406679800Z" />
    <EventRecordID>1100</EventRecordID>
    <Correlation />
    <Execution ProcessID="420" ThreadID="564" />
    <Channel>System</Channel>
    <Computer>DESKTOP-9KLOST5</Computer>
    <Security UserID="S-1-5-18" />
  </System>
  <EventData>
    <Data Name="param1">application-specific</Data>
    <Data Name="param2">Local</Data>
    <Data Name="param3">Activation</Data>
    <Data Name="param4">{D63B10C5-BB46-4990-A94F-E40B9D520160}</Data>
    <Data Name="param5">{9CA88EE3-ACB7-47C8-AFC4-AB702511C276}</Data>
    <Data Name="param6">NT AUTHORITY</Data>
    <Data Name="param7">SYSTEM</Data>
    <Data Name="param8">S-1-5-18</Data>
    <Data Name="param9">LocalHost (Using LRPC)</Data>
    <Data Name="param10">Unavailable</Data>
    <Data Name="param11">Unavailable</Data>
  </EventData>
</Event>

Log Name:      System
Source:        nvlddmkm
Date:          16/06/2017 06:33:02
Event ID:      13
Task Category: None
Level:         Error
Keywords:      Classic
User:          N/A
Computer:      DESKTOP-9KLOST5
Description:
The description for Event ID 13 from source nvlddmkm cannot be found. Either the component that raises this event is not installed on your local computer or the installation is corrupted. You can install or repair the component on the local computer.

If the event originated on another computer, the display information had to be saved with the event.

The following information was included with the event: 

\Device\UVMLiteController0x1
Graphics Exception: EXTRA_MACRO_DATA

the message resource is present but the message is not found in the string/message table

Event Xml:
<Event xmlns="http://schemas.microsoft.com/win/2004/08/events/event">
  <System>
    <Provider Name="nvlddmkm" />
    <EventID Qualifiers="49322">13</EventID>
    <Level>2</Level>
    <Task>0</Task>
    <Keywords>0x80000000000000</Keywords>
    <TimeCreated SystemTime="2017-06-15T23:33:02.169603800Z" />
    <EventRecordID>718</EventRecordID>
    <Channel>System</Channel>
    <Computer>DESKTOP-9KLOST5</Computer>
    <Security />
  </System>
  <EventData>
    <Data>\Device\UVMLiteController0x1</Data>
    <Data>Graphics Exception: EXTRA_MACRO_DATA</Data>
    <Binary>0000000002003000000000000D00AAC0000000000000000000000000000000000000000000000000</Binary>
  </EventData>
</Event>

Log Name:      System
Source:        nvlddmkm
Date:          16/06/2017 06:33:02
Event ID:      13
Task Category: None
Level:         Error
Keywords:      Classic
User:          N/A
Computer:      DESKTOP-9KLOST5
Description:
The description for Event ID 13 from source nvlddmkm cannot be found. Either the component that raises this event is not installed on your local computer or the installation is corrupted. You can install or repair the component on the local computer.

If the event originated on another computer, the display information had to be saved with the event.

The following information was included with the event: 

\Device\UVMLiteController0x1
Graphics Exception: ESR 0x404490=0x80000002

the message resource is present but the message is not found in the string/message table

Event Xml:
<Event xmlns="http://schemas.microsoft.com/win/2004/08/events/event">
  <System>
    <Provider Name="nvlddmkm" />
    <EventID Qualifiers="49322">13</EventID>
    <Level>2</Level>
    <Task>0</Task>
    <Keywords>0x80000000000000</Keywords>
    <TimeCreated SystemTime="2017-06-15T23:33:02.169603800Z" />
    <EventRecordID>719</EventRecordID>
    <Channel>System</Channel>
    <Computer>DESKTOP-9KLOST5</Computer>
    <Security />
  </System>
  <EventData>
    <Data>\Device\UVMLiteController0x1</Data>
    <Data>Graphics Exception: ESR 0x404490=0x80000002</Data>
    <Binary>0000000002003000000000000D00AAC0000000000000000000000000000000000000000000000000</Binary>
  </EventData>
</Event>

Log Name:      System
Source:        nvlddmkm
Date:          16/06/2017 06:32:54
Event ID:      13
Task Category: None
Level:         Error
Keywords:      Classic
User:          N/A
Computer:      DESKTOP-9KLOST5
Description:
The description for Event ID 13 from source nvlddmkm cannot be found. Either the component that raises this event is not installed on your local computer or the installation is corrupted. You can install or repair the component on the local computer.

If the event originated on another computer, the display information had to be saved with the event.

The following information was included with the event: 

\Device\UVMLiteController0x1
Graphics Exception: EXTRA_MACRO_DATA

the message resource is present but the message is not found in the string/message table

Event Xml:
<Event xmlns="http://schemas.microsoft.com/win/2004/08/events/event">
  <System>
    <Provider Name="nvlddmkm" />
    <EventID Qualifiers="49322">13</EventID>
    <Level>2</Level>
    <Task>0</Task>
    <Keywords>0x80000000000000</Keywords>
    <TimeCreated SystemTime="2017-06-15T23:32:54.253371600Z" />
    <EventRecordID>716</EventRecordID>
    <Channel>System</Channel>
    <Computer>DESKTOP-9KLOST5</Computer>
    <Security />
  </System>
  <EventData>
    <Data>\Device\UVMLiteController0x1</Data>
    <Data>Graphics Exception: EXTRA_MACRO_DATA</Data>
    <Binary>0000000002003000000000000D00AAC0000000000000000000000000000000000000000000000000</Binary>
  </EventData>
</Event>

Log Name:      System
Source:        nvlddmkm
Date:          16/06/2017 06:32:54
Event ID:      13
Task Category: None
Level:         Error
Keywords:      Classic
User:          N/A
Computer:      DESKTOP-9KLOST5
Description:
The description for Event ID 13 from source nvlddmkm cannot be found. Either the component that raises this event is not installed on your local computer or the installation is corrupted. You can install or repair the component on the local computer.

If the event originated on another computer, the display information had to be saved with the event.

The following information was included with the event: 

\Device\UVMLiteController0x1
Graphics Exception: ESR 0x404490=0x80000002

the message resource is present but the message is not found in the string/message table

Event Xml:
<Event xmlns="http://schemas.microsoft.com/win/2004/08/events/event">
  <System>
    <Provider Name="nvlddmkm" />
    <EventID Qualifiers="49322">13</EventID>
    <Level>2</Level>
    <Task>0</Task>
    <Keywords>0x80000000000000</Keywords>
    <TimeCreated SystemTime="2017-06-15T23:32:54.253371600Z" />
    <EventRecordID>717</EventRecordID>
    <Channel>System</Channel>
    <Computer>DESKTOP-9KLOST5</Computer>
    <Security />
  </System>
  <EventData>
    <Data>\Device\UVMLiteController0x1</Data>
    <Data>Graphics Exception: ESR 0x404490=0x80000002</Data>
    <Binary>0000000002003000000000000D00AAC0000000000000000000000000000000000000000000000000</Binary>
  </EventData>
</Event>

Log Name:      System
Source:        nvlddmkm
Date:          16/06/2017 06:32:53
Event ID:      13
Task Category: None
Level:         Error
Keywords:      Classic
User:          N/A
Computer:      DESKTOP-9KLOST5
Description:
The description for Event ID 13 from source nvlddmkm cannot be found. Either the component that raises this event is not installed on your local computer or the installation is corrupted. You can install or repair the component on the local computer.

If the event originated on another computer, the display information had to be saved with the event.

The following information was included with the event: 

\Device\UVMLiteController0x1
Graphics Exception: ESR 0x404490=0x80000002

the message resource is present but the message is not found in the string/message table

Event Xml:
<Event xmlns="http://schemas.microsoft.com/win/2004/08/events/event">
  <System>
    <Provider Name="nvlddmkm" />
    <EventID Qualifiers="49322">13</EventID>
    <Level>2</Level>
    <Task>0</Task>
    <Keywords>0x80000000000000</Keywords>
    <TimeCreated SystemTime="2017-06-15T23:32:53.652878700Z" />
    <EventRecordID>711</EventRecordID>
    <Channel>System</Channel>
    <Computer>DESKTOP-9KLOST5</Computer>
    <Security />
  </System>
  <EventData>
    <Data>\Device\UVMLiteController0x1</Data>
    <Data>Graphics Exception: ESR 0x404490=0x80000002</Data>
    <Binary>0000000002003000000000000D00AAC0000000000000000000000000000000000000000000000000</Binary>
  </EventData>
</Event>

Log Name:      System
Source:        Microsoft-Windows-DistributedCOM
Date:          16/06/2017 18:11:34
Event ID:      10010
Task Category: None
Level:         Error
Keywords:      Classic
User:          LOCAL SERVICE
Computer:      WIN-QK4MAFSA5GB
Description:
The server {4991D34B-80A1-4291-83B6-3328366B9097} did not register with DCOM within the required timeout.
Event Xml:
<Event xmlns="http://schemas.microsoft.com/win/2004/08/events/event">
  <System>
    <Provider Name="Microsoft-Windows-DistributedCOM" Guid="{1B562E86-B7AA-4131-BADC-B6F3A001407E}" EventSourceName="DCOM" />
    <EventID Qualifiers="0">10010</EventID>
    <Version>0</Version>
    <Level>2</Level>
    <Task>0</Task>
    <Opcode>0</Opcode>
    <Keywords>0x8080000000000000</Keywords>
    <TimeCreated SystemTime="2017-06-16T11:11:34.974674900Z" />
    <EventRecordID>155</EventRecordID>
    <Correlation />
    <Execution ProcessID="940" ThreadID="976" />
    <Channel>System</Channel>
    <Computer>WIN-QK4MAFSA5GB</Computer>
    <Security UserID="S-1-5-19" />
  </System>
  <EventData>
    <Data Name="param1">{4991D34B-80A1-4291-83B6-3328366B9097}</Data>
  </EventData>
</Event>

Log Name:      System
Source:        Service Control Manager
Date:          16/06/2017 18:11:35
Event ID:      7022
Task Category: None
Level:         Error
Keywords:      Classic
User:          N/A
Computer:      WIN-QK4MAFSA5GB
Description:
The Network Connection Broker service hung on starting.
Event Xml:
<Event xmlns="http://schemas.microsoft.com/win/2004/08/events/event">
  <System>
    <Provider Name="Service Control Manager" Guid="{555908d1-a6d7-4695-8e1e-26931d2012f4}" EventSourceName="Service Control Manager" />
    <EventID Qualifiers="49152">7022</EventID>
    <Version>0</Version>
    <Level>2</Level>
    <Task>0</Task>
    <Opcode>0</Opcode>
    <Keywords>0x8080000000000000</Keywords>
    <TimeCreated SystemTime="2017-06-16T11:11:35.224676400Z" />
    <EventRecordID>156</EventRecordID>
    <Correlation />
    <Execution ProcessID="676" ThreadID="2252" />
    <Channel>System</Channel>
    <Computer>WIN-QK4MAFSA5GB</Computer>
    <Security />
  </System>
  <EventData>
    <Data Name="param1">Network Connection Broker</Data>
    <Binary>4E006300620053006500720076006900630065000000</Binary>
  </EventData>
</Event>

Log Name:      System
Source:        Service Control Manager
Date:          16/06/2017 05:30:24
Event ID:      7000
Task Category: None
Level:         Error
Keywords:      Classic
User:          N/A
Computer:      DESKTOP-9KLOST5
Description:
The CldFlt service failed to start due to the following error: 
The request is not supported.
Event Xml:
<Event xmlns="http://schemas.microsoft.com/win/2004/08/events/event">
  <System>
    <Provider Name="Service Control Manager" Guid="{555908d1-a6d7-4695-8e1e-26931d2012f4}" EventSourceName="Service Control Manager" />
    <EventID Qualifiers="49152">7000</EventID>
    <Version>0</Version>
    <Level>2</Level>
    <Task>0</Task>
    <Opcode>0</Opcode>
    <Keywords>0x8080000000000000</Keywords>
    <TimeCreated SystemTime="2017-06-15T22:30:24.494860400Z" />
    <EventRecordID>679</EventRecordID>
    <Correlation />
    <Execution ProcessID="720" ThreadID="1208" />
    <Channel>System</Channel>
    <Computer>DESKTOP-9KLOST5</Computer>
    <Security />
  </System>
  <EventData>
    <Data Name="param1">CldFlt</Data>
    <Data Name="param2">%%50</Data>
    <Binary>43006C00640046006C0074000000</Binary>
  </EventData>
</Event>

Log Name:      System
Source:        Microsoft-Windows-WindowsUpdateClient
Date:          16/06/2017 04:53:37
Event ID:      20
Task Category: Windows Update Agent
Level:         Error
Keywords:      Failure,Installation
User:          SYSTEM
Computer:      DESKTOP-9KLOST5
Description:
Installation Failure: Windows failed to install the following update with error 0x80070103: Realtek Semiconductor Corp. - Audio Device, Other hardware - Realtek High Definition Audio.
Event Xml:
<Event xmlns="http://schemas.microsoft.com/win/2004/08/events/event">
  <System>
    <Provider Name="Microsoft-Windows-WindowsUpdateClient" Guid="{945A8954-C147-4ACD-923F-40C45405A658}" />
    <EventID>20</EventID>
    <Version>1</Version>
    <Level>2</Level>
    <Task>1</Task>
    <Opcode>13</Opcode>
    <Keywords>0x8000000000000028</Keywords>
    <TimeCreated SystemTime="2017-06-15T21:53:37.178691600Z" />
    <EventRecordID>427</EventRecordID>
    <Correlation />
    <Execution ProcessID="2176" ThreadID="1540" />
    <Channel>System</Channel>
    <Computer>DESKTOP-9KLOST5</Computer>
    <Security UserID="S-1-5-18" />
  </System>
  <EventData>
    <Data Name="errorCode">0x80070103</Data>
    <Data Name="updateTitle">Realtek Semiconductor Corp. - Audio Device, Other hardware - Realtek High Definition Audio</Data>
    <Data Name="updateGuid">{63CA06E0-60E4-43DE-AB00-3E35C67AFA3E}</Data>
    <Data Name="updateRevisionNumber">200</Data>
    <Data Name="serviceGuid">{9482F4B4-E343-43B6-B170-9A65BC822C77}</Data>
  </EventData>
</Event>

Log Name:      System
Source:        Service Control Manager
Date:          16/06/2017 18:11:35
Event ID:      7001
Task Category: None
Level:         Error
Keywords:      Classic
User:          N/A
Computer:      WIN-QK4MAFSA5GB
Description:
The Connected Devices Platform Service service depends on the Network Connection Broker service which failed to start because of the following error: 
After starting, the service hung in a start-pending state.
Event Xml:
<Event xmlns="http://schemas.microsoft.com/win/2004/08/events/event">
  <System>
    <Provider Name="Service Control Manager" Guid="{555908d1-a6d7-4695-8e1e-26931d2012f4}" EventSourceName="Service Control Manager" />
    <EventID Qualifiers="49152">7001</EventID>
    <Version>0</Version>
    <Level>2</Level>
    <Task>0</Task>
    <Opcode>0</Opcode>
    <Keywords>0x8080000000000000</Keywords>
    <TimeCreated SystemTime="2017-06-16T11:11:35.380963500Z" />
    <EventRecordID>157</EventRecordID>
    <Correlation />
    <Execution ProcessID="676" ThreadID="2252" />
    <Channel>System</Channel>
    <Computer>WIN-QK4MAFSA5GB</Computer>
    <Security />
  </System>
  <EventData>
    <Data Name="param1">Connected Devices Platform Service</Data>
    <Data Name="param2">Network Connection Broker</Data>
    <Data Name="param3">%%1070</Data>
    <Binary>4300440050005300760063000000</Binary>
  </EventData>
</Event>

Log Name:      System
Source:        Microsoft-Windows-DistributedCOM
Date:          16/06/2017 18:11:52
Event ID:      10010
Task Category: None
Level:         Error
Keywords:      Classic
User:          NETWORK SERVICE
Computer:      WIN-QK4MAFSA5GB
Description:
The server {A47979D2-C419-11D9-A5B4-001185AD2B89} did not register with DCOM within the required timeout.
Event Xml:
<Event xmlns="http://schemas.microsoft.com/win/2004/08/events/event">
  <System>
    <Provider Name="Microsoft-Windows-DistributedCOM" Guid="{1B562E86-B7AA-4131-BADC-B6F3A001407E}" EventSourceName="DCOM" />
    <EventID Qualifiers="0">10010</EventID>
    <Version>0</Version>
    <Level>2</Level>
    <Task>0</Task>
    <Opcode>0</Opcode>
    <Keywords>0x8080000000000000</Keywords>
    <TimeCreated SystemTime="2017-06-16T11:11:52.881098200Z" />
    <EventRecordID>165</EventRecordID>
    <Correlation />
    <Execution ProcessID="940" ThreadID="2488" />
    <Channel>System</Channel>
    <Computer>WIN-QK4MAFSA5GB</Computer>
    <Security UserID="S-1-5-20" />
  </System>
  <EventData>
    <Data Name="param1">{A47979D2-C419-11D9-A5B4-001185AD2B89}</Data>
  </EventData>
</Event>

Log Name:      System
Source:        nvlddmkm
Date:          16/06/2017 06:32:53
Event ID:      13
Task Category: None
Level:         Error
Keywords:      Classic
User:          N/A
Computer:      DESKTOP-9KLOST5
Description:
The description for Event ID 13 from source nvlddmkm cannot be found. Either the component that raises this event is not installed on your local computer or the installation is corrupted. You can install or repair the component on the local computer.

If the event originated on another computer, the display information had to be saved with the event.

The following information was included with the event: 

\Device\UVMLiteController0x1
Graphics Exception: EXTRA_MACRO_DATA

the message resource is present but the message is not found in the string/message table

Event Xml:
<Event xmlns="http://schemas.microsoft.com/win/2004/08/events/event">
  <System>
    <Provider Name="nvlddmkm" />
    <EventID Qualifiers="49322">13</EventID>
    <Level>2</Level>
    <Task>0</Task>
    <Keywords>0x80000000000000</Keywords>
    <TimeCreated SystemTime="2017-06-15T23:32:53.652878700Z" />
    <EventRecordID>710</EventRecordID>
    <Channel>System</Channel>
    <Computer>DESKTOP-9KLOST5</Computer>
    <Security />
  </System>
  <EventData>
    <Data>\Device\UVMLiteController0x1</Data>
    <Data>Graphics Exception: EXTRA_MACRO_DATA</Data>
    <Binary>0000000002003000000000000D00AAC0000000000000000000000000000000000000000000000000</Binary>
  </EventData>
</Event>

Log Name:      System
Source:        nvlddmkm
Date:          16/06/2017 06:32:53
Event ID:      13
Task Category: None
Level:         Error
Keywords:      Classic
User:          N/A
Computer:      DESKTOP-9KLOST5
Description:
The description for Event ID 13 from source nvlddmkm cannot be found. Either the component that raises this event is not installed on your local computer or the installation is corrupted. You can install or repair the component on the local computer.

If the event originated on another computer, the display information had to be saved with the event.

The following information was included with the event: 

\Device\UVMLiteController0x1
Graphics Exception: EXTRA_MACRO_DATA

the message resource is present but the message is not found in the string/message table

Event Xml:
<Event xmlns="http://schemas.microsoft.com/win/2004/08/events/event">
  <System>
    <Provider Name="nvlddmkm" />
    <EventID Qualifiers="49322">13</EventID>
    <Level>2</Level>
    <Task>0</Task>
    <Keywords>0x80000000000000</Keywords>
    <TimeCreated SystemTime="2017-06-15T23:32:53.102598000Z" />
    <EventRecordID>708</EventRecordID>
    <Channel>System</Channel>
    <Computer>DESKTOP-9KLOST5</Computer>
    <Security />
  </System>
  <EventData>
    <Data>\Device\UVMLiteController0x1</Data>
    <Data>Graphics Exception: EXTRA_MACRO_DATA</Data>
    <Binary>0000000002003000000000000D00AAC0000000000000000000000000000000000000000000000000</Binary>
  </EventData>
</Event>

Log Name:      System
Source:        nvlddmkm
Date:          16/06/2017 06:32:53
Event ID:      13
Task Category: None
Level:         Error
Keywords:      Classic
User:          N/A
Computer:      DESKTOP-9KLOST5
Description:
The description for Event ID 13 from source nvlddmkm cannot be found. Either the component that raises this event is not installed on your local computer or the installation is corrupted. You can install or repair the component on the local computer.

If the event originated on another computer, the display information had to be saved with the event.

The following information was included with the event: 

\Device\UVMLiteController0x1
Graphics Exception: ESR 0x404490=0x80000002

the message resource is present but the message is not found in the string/message table

Event Xml:
<Event xmlns="http://schemas.microsoft.com/win/2004/08/events/event">
  <System>
    <Provider Name="nvlddmkm" />
    <EventID Qualifiers="49322">13</EventID>
    <Level>2</Level>
    <Task>0</Task>
    <Keywords>0x80000000000000</Keywords>
    <TimeCreated SystemTime="2017-06-15T23:32:53.102598000Z" />
    <EventRecordID>709</EventRecordID>
    <Channel>System</Channel>
    <Computer>DESKTOP-9KLOST5</Computer>
    <Security />
  </System>
  <EventData>
    <Data>\Device\UVMLiteController0x1</Data>
    <Data>Graphics Exception: ESR 0x404490=0x80000002</Data>
    <Binary>0000000002003000000000000D00AAC0000000000000000000000000000000000000000000000000</Binary>
  </EventData>
</Event>

Log Name:      System
Source:        nvlddmkm
Date:          16/06/2017 06:33:09
Event ID:      13
Task Category: None
Level:         Error
Keywords:      Classic
User:          N/A
Computer:      DESKTOP-9KLOST5
Description:
The description for Event ID 13 from source nvlddmkm cannot be found. Either the component that raises this event is not installed on your local computer or the installation is corrupted. You can install or repair the component on the local computer.

If the event originated on another computer, the display information had to be saved with the event.

The following information was included with the event: 

\Device\UVMLiteController0x1
Graphics Exception: EXTRA_MACRO_DATA

the message resource is present but the message is not found in the string/message table

Event Xml:
<Event xmlns="http://schemas.microsoft.com/win/2004/08/events/event">
  <System>
    <Provider Name="nvlddmkm" />
    <EventID Qualifiers="49322">13</EventID>
    <Level>2</Level>
    <Task>0</Task>
    <Keywords>0x80000000000000</Keywords>
    <TimeCreated SystemTime="2017-06-15T23:33:09.313777800Z" />
    <EventRecordID>720</EventRecordID>
    <Channel>System</Channel>
    <Computer>DESKTOP-9KLOST5</Computer>
    <Security />
  </System>
  <EventData>
    <Data>\Device\UVMLiteController0x1</Data>
    <Data>Graphics Exception: EXTRA_MACRO_DATA</Data>
    <Binary>0000000002003000000000000D00AAC0000000000000000000000000000000000000000000000000</Binary>
  </EventData>
</Event>

Log Name:      System
Source:        nvlddmkm
Date:          16/06/2017 07:07:08
Event ID:      13
Task Category: None
Level:         Error
Keywords:      Classic
User:          N/A
Computer:      DESKTOP-9KLOST5
Description:
The description for Event ID 13 from source nvlddmkm cannot be found. Either the component that raises this event is not installed on your local computer or the installation is corrupted. You can install or repair the component on the local computer.

If the event originated on another computer, the display information had to be saved with the event.

The following information was included with the event: 

\Device\UVMLiteController0x1
Graphics Exception: EXTRA_MACRO_DATA

the message resource is present but the message is not found in the string/message table

Event Xml:
<Event xmlns="http://schemas.microsoft.com/win/2004/08/events/event">
  <System>
    <Provider Name="nvlddmkm" />
    <EventID Qualifiers="49322">13</EventID>
    <Level>2</Level>
    <Task>0</Task>
    <Keywords>0x80000000000000</Keywords>
    <TimeCreated SystemTime="2017-06-16T00:07:08.949628400Z" />
    <EventRecordID>733</EventRecordID>
    <Channel>System</Channel>
    <Computer>DESKTOP-9KLOST5</Computer>
    <Security />
  </System>
  <EventData>
    <Data>\Device\UVMLiteController0x1</Data>
    <Data>Graphics Exception: EXTRA_MACRO_DATA</Data>
    <Binary>0000000002003000000000000D00AAC0000000000000000000000000000000000000000000000000</Binary>
  </EventData>
</Event>

Log Name:      System
Source:        nvlddmkm
Date:          16/06/2017 07:07:08
Event ID:      13
Task Category: None
Level:         Error
Keywords:      Classic
User:          N/A
Computer:      DESKTOP-9KLOST5
Description:
The description for Event ID 13 from source nvlddmkm cannot be found. Either the component that raises this event is not installed on your local computer or the installation is corrupted. You can install or repair the component on the local computer.

If the event originated on another computer, the display information had to be saved with the event.

The following information was included with the event: 

\Device\UVMLiteController0x1
Graphics Exception: ESR 0x404490=0x80000002

the message resource is present but the message is not found in the string/message table

Event Xml:
<Event xmlns="http://schemas.microsoft.com/win/2004/08/events/event">
  <System>
    <Provider Name="nvlddmkm" />
    <EventID Qualifiers="49322">13</EventID>
    <Level>2</Level>
    <Task>0</Task>
    <Keywords>0x80000000000000</Keywords>
    <TimeCreated SystemTime="2017-06-16T00:07:08.949628400Z" />
    <EventRecordID>734</EventRecordID>
    <Channel>System</Channel>
    <Computer>DESKTOP-9KLOST5</Computer>
    <Security />
  </System>
  <EventData>
    <Data>\Device\UVMLiteController0x1</Data>
    <Data>Graphics Exception: ESR 0x404490=0x80000002</Data>
    <Binary>0000000002003000000000000D00AAC0000000000000000000000000000000000000000000000000</Binary>
  </EventData>
</Event>

Log Name:      System
Source:        nvlddmkm
Date:          16/06/2017 07:07:07
Event ID:      13
Task Category: None
Level:         Error
Keywords:      Classic
User:          N/A
Computer:      DESKTOP-9KLOST5
Description:
The description for Event ID 13 from source nvlddmkm cannot be found. Either the component that raises this event is not installed on your local computer or the installation is corrupted. You can install or repair the component on the local computer.

If the event originated on another computer, the display information had to be saved with the event.

The following information was included with the event: 

\Device\UVMLiteController0x1
Graphics Exception: EXTRA_MACRO_DATA

the message resource is present but the message is not found in the string/message table

Event Xml:
<Event xmlns="http://schemas.microsoft.com/win/2004/08/events/event">
  <System>
    <Provider Name="nvlddmkm" />
    <EventID Qualifiers="49322">13</EventID>
    <Level>2</Level>
    <Task>0</Task>
    <Keywords>0x80000000000000</Keywords>
    <TimeCreated SystemTime="2017-06-16T00:07:07.954022100Z" />
    <EventRecordID>731</EventRecordID>
    <Channel>System</Channel>
    <Computer>DESKTOP-9KLOST5</Computer>
    <Security />
  </System>
  <EventData>
    <Data>\Device\UVMLiteController0x1</Data>
    <Data>Graphics Exception: EXTRA_MACRO_DATA</Data>
    <Binary>0000000002003000000000000D00AAC0000000000000000000000000000000000000000000000000</Binary>
  </EventData>
</Event>

Log Name:      System
Source:        nvlddmkm
Date:          16/06/2017 07:07:07
Event ID:      13
Task Category: None
Level:         Error
Keywords:      Classic
User:          N/A
Computer:      DESKTOP-9KLOST5
Description:
The description for Event ID 13 from source nvlddmkm cannot be found. Either the component that raises this event is not installed on your local computer or the installation is corrupted. You can install or repair the component on the local computer.

If the event originated on another computer, the display information had to be saved with the event.

The following information was included with the event: 

\Device\UVMLiteController0x1
Graphics Exception: ESR 0x404490=0x80000002

the message resource is present but the message is not found in the string/message table

Event Xml:
<Event xmlns="http://schemas.microsoft.com/win/2004/08/events/event">
  <System>
    <Provider Name="nvlddmkm" />
    <EventID Qualifiers="49322">13</EventID>
    <Level>2</Level>
    <Task>0</Task>
    <Keywords>0x80000000000000</Keywords>
    <TimeCreated SystemTime="2017-06-16T00:07:07.954022100Z" />
    <EventRecordID>732</EventRecordID>
    <Channel>System</Channel>
    <Computer>DESKTOP-9KLOST5</Computer>
    <Security />
  </System>
  <EventData>
    <Data>\Device\UVMLiteController0x1</Data>
    <Data>Graphics Exception: ESR 0x404490=0x80000002</Data>
    <Binary>0000000002003000000000000D00AAC0000000000000000000000000000000000000000000000000</Binary>
  </EventData>
</Event>

Log Name:      System
Source:        nvlddmkm
Date:          16/06/2017 07:07:26
Event ID:      13
Task Category: None
Level:         Error
Keywords:      Classic
User:          N/A
Computer:      DESKTOP-9KLOST5
Description:
The description for Event ID 13 from source nvlddmkm cannot be found. Either the component that raises this event is not installed on your local computer or the installation is corrupted. You can install or repair the component on the local computer.

If the event originated on another computer, the display information had to be saved with the event.

The following information was included with the event: 

\Device\UVMLiteController0x1
Graphics Exception: EXTRA_MACRO_DATA

the message resource is present but the message is not found in the string/message table

Event Xml:
<Event xmlns="http://schemas.microsoft.com/win/2004/08/events/event">
  <System>
    <Provider Name="nvlddmkm" />
    <EventID Qualifiers="49322">13</EventID>
    <Level>2</Level>
    <Task>0</Task>
    <Keywords>0x80000000000000</Keywords>
    <TimeCreated SystemTime="2017-06-16T00:07:26.444321200Z" />
    <EventRecordID>735</EventRecordID>
    <Channel>System</Channel>
    <Computer>DESKTOP-9KLOST5</Computer>
    <Security />
  </System>
  <EventData>
    <Data>\Device\UVMLiteController0x1</Data>
    <Data>Graphics Exception: EXTRA_MACRO_DATA</Data>
    <Binary>0000000002003000000000000D00AAC0000000000000000000000000000000000000000000000000</Binary>
  </EventData>
</Event>

Log Name:      System
Source:        nvlddmkm
Date:          16/06/2017 07:07:28
Event ID:      13
Task Category: None
Level:         Error
Keywords:      Classic
User:          N/A
Computer:      DESKTOP-9KLOST5
Description:
The description for Event ID 13 from source nvlddmkm cannot be found. Either the component that raises this event is not installed on your local computer or the installation is corrupted. You can install or repair the component on the local computer.

If the event originated on another computer, the display information had to be saved with the event.

The following information was included with the event: 

\Device\UVMLiteController0x1
Graphics Exception: ESR 0x500420=0x80000100 0x500434=0xc00070 0x500438=0xc00 0x50043c=0x10019

the message resource is present but the message is not found in the string/message table

Event Xml:
<Event xmlns="http://schemas.microsoft.com/win/2004/08/events/event">
  <System>
    <Provider Name="nvlddmkm" />
    <EventID Qualifiers="49322">13</EventID>
    <Level>2</Level>
    <Task>0</Task>
    <Keywords>0x80000000000000</Keywords>
    <TimeCreated SystemTime="2017-06-16T00:07:28.040817700Z" />
    <EventRecordID>738</EventRecordID>
    <Channel>System</Channel>
    <Computer>DESKTOP-9KLOST5</Computer>
    <Security />
  </System>
  <EventData>
    <Data>\Device\UVMLiteController0x1</Data>
    <Data>Graphics Exception: ESR 0x500420=0x80000100 0x500434=0xc00070 0x500438=0xc00 0x50043c=0x10019</Data>
    <Binary>0000000002003000000000000D00AAC0000000000000000000000000000000000000000000000000</Binary>
  </EventData>
</Event>

