Event[0]:
  Log Name: System
  Source: EventLog
  Date: 2017-06-01T14:41:46.878
  Event ID: 6009
  Task: N/A
  Level: Information
  Opcode: N/A
  Keyword: Classic
  User: N/A
  User Name: N/A
  Computer: WIN-DI0LKEPQF4N
  Description: 
Microsoft (R) Windows (R) 10.00. 15063  Multiprocessor Free.

Event[1]:
  Log Name: System
  Source: EventLog
  Date: 2017-06-01T14:41:46.878
  Event ID: 6005
  Task: N/A
  Level: Information
  Opcode: N/A
  Keyword: Classic
  User: N/A
  User Name: N/A
  Computer: WIN-DI0LKEPQF4N
  Description: 
The Event log service was started.

Event[2]:
  Log Name: System
  Source: Microsoft-Windows-Kernel-General
  Date: 2017-06-01T14:41:16.562
  Event ID: 12
  Task: N/A
  Level: Information
  Opcode: Info
  Keyword: N/A
  User: S-1-5-18
  User Name: NT AUTHORITY\SYSTEM
  Computer: WIN-DI0LKEPQF4N
  Description: 
The operating system started at system time ?2017?-?06?-?01T13:41:16.494551000Z.

Event[3]:
  Log Name: System
  Source: Microsoft-Windows-Kernel-Boot
  Date: 2017-06-01T14:41:16.562
  Event ID: 153
  Task: N/A
  Level: Information
  Opcode: Info
  Keyword: N/A
  User: S-1-5-18
  User Name: NT AUTHORITY\SYSTEM
  Computer: WIN-DI0LKEPQF4N
  Description: 
Virtualization-based security (policies: 0) is disabled.

Event[4]:
  Log Name: System
  Source: Microsoft-Windows-Kernel-Boot
  Date: 2017-06-01T14:41:16.562
  Event ID: 18
  Task: N/A
  Level: Information
  Opcode: Info
  Keyword: N/A
  User: S-1-5-18
  User Name: NT AUTHORITY\SYSTEM
  Computer: WIN-DI0LKEPQF4N
  Description: 
There are 0x1 boot options on this system.

Event[5]:
  Log Name: System
  Source: Microsoft-Windows-Kernel-Boot
  Date: 2017-06-01T14:41:16.562
  Event ID: 32
  Task: N/A
  Level: Information
  Opcode: Info
  Keyword: N/A
  User: S-1-5-18
  User Name: NT AUTHORITY\SYSTEM
  Computer: WIN-DI0LKEPQF4N
  Description: 
The bootmgr spent 0 ms waiting for user input.

Event[6]:
  Log Name: System
  Source: Microsoft-Windows-Kernel-Boot
  Date: 2017-06-01T14:41:16.562
  Event ID: 27
  Task: N/A
  Level: Information
  Opcode: Info
  Keyword: N/A
  User: S-1-5-18
  User Name: NT AUTHORITY\SYSTEM
  Computer: WIN-DI0LKEPQF4N
  Description: 
The boot type was 0x0.

Event[7]:
  Log Name: System
  Source: Microsoft-Windows-Kernel-Boot
  Date: 2017-06-01T14:41:16.562
  Event ID: 25
  Task: N/A
  Level: Information
  Opcode: Info
  Keyword: N/A
  User: S-1-5-18
  User Name: NT AUTHORITY\SYSTEM
  Computer: WIN-DI0LKEPQF4N
  Description: 
The boot menu policy was 0x1.

Event[8]:
  Log Name: System
  Source: Microsoft-Windows-Kernel-Boot
  Date: 2017-06-01T14:41:16.562
  Event ID: 30
  Task: N/A
  Level: Information
  Opcode: Info
  Keyword: N/A
  User: S-1-5-18
  User Name: NT AUTHORITY\SYSTEM
  Computer: WIN-DI0LKEPQF4N
  Description: 
The firmware reported boot metrics.

Event[9]:
  Log Name: System
  Source: Microsoft-Windows-FilterManager
  Date: 2017-06-01T14:41:20.266
  Event ID: 6
  Task: N/A
  Level: Information
  Opcode: Info
  Keyword: N/A
  User: S-1-5-18
  User Name: NT AUTHORITY\SYSTEM
  Computer: WIN-DI0LKEPQF4N
  Description: 
File System Filter 'FileInfo' (10.0, ?2042?-?06?-?30T15:43:32.000000000Z) has successfully loaded and registered with Filter Manager.

Event[10]:
  Log Name: System
  Source: Microsoft-Windows-FilterManager
  Date: 2017-06-01T14:41:20.267
  Event ID: 6
  Task: N/A
  Level: Information
  Opcode: Info
  Keyword: N/A
  User: S-1-5-18
  User Name: NT AUTHORITY\SYSTEM
  Computer: WIN-DI0LKEPQF4N
  Description: 
File System Filter 'Wof' (10.0, ?1974?-?03?-?11T23:47:45.000000000Z) has successfully loaded and registered with Filter Manager.

Event[11]:
  Log Name: System
  Source: Microsoft-Windows-FilterManager
  Date: 2017-06-01T14:41:20.268
  Event ID: 6
  Task: N/A
  Level: Information
  Opcode: Info
  Keyword: N/A
  User: S-1-5-18
  User Name: NT AUTHORITY\SYSTEM
  Computer: WIN-DI0LKEPQF4N
  Description: 
File System Filter 'WdFilter' (10.0, ?2102?-?10?-?04T17:25:01.000000000Z) has successfully loaded and registered with Filter Manager.

Event[12]:
  Log Name: System
  Source: Microsoft-Windows-Ntfs
  Date: 2017-06-01T14:41:32.982
  Event ID: 98
  Task: N/A
  Level: Information
  Opcode: Info
  Keyword: N/A
  User: S-1-5-18
  User Name: NT AUTHORITY\SYSTEM
  Computer: WIN-DI0LKEPQF4N
  Description: 
Volume C: (\Device\HarddiskVolume4) is healthy.  No action is needed.

Event[13]:
  Log Name: System
  Source: Microsoft-Windows-FilterManager
  Date: 2017-06-01T14:41:33.025
  Event ID: 6
  Task: N/A
  Level: Information
  Opcode: Info
  Keyword: N/A
  User: S-1-5-18
  User Name: NT AUTHORITY\SYSTEM
  Computer: WIN-DI0LKEPQF4N
  Description: 
File System Filter 'FileCrypt' (10.0, ?2030?-?05?-?28T09:10:59.000000000Z) has successfully loaded and registered with Filter Manager.

Event[14]:
  Log Name: System
  Source: Microsoft-Windows-FilterManager
  Date: 2017-06-01T14:41:33.132
  Event ID: 6
  Task: N/A
  Level: Information
  Opcode: Info
  Keyword: N/A
  User: S-1-5-18
  User Name: NT AUTHORITY\SYSTEM
  Computer: WIN-DI0LKEPQF4N
  Description: 
File System Filter 'npsvctrig' (10.0, ?2097?-?07?-?25T11:18:05.000000000Z) has successfully loaded and registered with Filter Manager.

Event[15]:
  Log Name: System
  Source: Microsoft-Windows-Kernel-Power
  Date: 2017-06-01T14:41:33.169
  Event ID: 172
  Task: N/A
  Level: Information
  Opcode: Info
  Keyword: N/A
  User: S-1-5-18
  User Name: NT AUTHORITY\SYSTEM
  Computer: WIN-DI0LKEPQF4N
  Description: 
Connectivity state in standby: Disconnected, Reason: NIC compliance

Event[16]:
  Log Name: System
  Source: Microsoft-Windows-Kernel-Processor-Power
  Date: 2017-06-01T14:41:33.393
  Event ID: 55
  Task: N/A
  Level: Information
  Opcode: Info
  Keyword: N/A
  User: S-1-5-18
  User Name: NT AUTHORITY\SYSTEM
  Computer: WIN-DI0LKEPQF4N
  Description: 
Processor 0 in group 0 exposes the following power management capabilities:

Idle state type: ACPI Idle (C) States (2 state(s))

Performance state type: ACPI Performance (P) / Throttle (T) States
Nominal Frequency (MHz): 3501
Maximum performance percentage: 100
Minimum performance percentage: 34
Minimum throttle percentage: 4

Event[17]:
  Log Name: System
  Source: Microsoft-Windows-Kernel-Processor-Power
  Date: 2017-06-01T14:41:33.394
  Event ID: 55
  Task: N/A
  Level: Information
  Opcode: Info
  Keyword: N/A
  User: S-1-5-18
  User Name: NT AUTHORITY\SYSTEM
  Computer: WIN-DI0LKEPQF4N
  Description: 
Processor 2 in group 0 exposes the following power management capabilities:

Idle state type: ACPI Idle (C) States (2 state(s))

Performance state type: ACPI Performance (P) / Throttle (T) States
Nominal Frequency (MHz): 3501
Maximum performance percentage: 100
Minimum performance percentage: 34
Minimum throttle percentage: 4

Event[18]:
  Log Name: System
  Source: Microsoft-Windows-Kernel-Processor-Power
  Date: 2017-06-01T14:41:33.395
  Event ID: 55
  Task: N/A
  Level: Information
  Opcode: Info
  Keyword: N/A
  User: S-1-5-18
  User Name: NT AUTHORITY\SYSTEM
  Computer: WIN-DI0LKEPQF4N
  Description: 
Processor 4 in group 0 exposes the following power management capabilities:

Idle state type: ACPI Idle (C) States (2 state(s))

Performance state type: ACPI Performance (P) / Throttle (T) States
Nominal Frequency (MHz): 3501
Maximum performance percentage: 100
Minimum performance percentage: 34
Minimum throttle percentage: 4

Event[19]:
  Log Name: System
  Source: Microsoft-Windows-Kernel-Processor-Power
  Date: 2017-06-01T14:41:33.396
  Event ID: 55
  Task: N/A
  Level: Information
  Opcode: Info
  Keyword: N/A
  User: S-1-5-18
  User Name: NT AUTHORITY\SYSTEM
  Computer: WIN-DI0LKEPQF4N
  Description: 
Processor 6 in group 0 exposes the following power management capabilities:

Idle state type: ACPI Idle (C) States (2 state(s))

Performance state type: ACPI Performance (P) / Throttle (T) States
Nominal Frequency (MHz): 3501
Maximum performance percentage: 100
Minimum performance percentage: 34
Minimum throttle percentage: 4

Event[20]:
  Log Name: System
  Source: Microsoft-Windows-Kernel-Processor-Power
  Date: 2017-06-01T14:41:33.397
  Event ID: 55
  Task: N/A
  Level: Information
  Opcode: Info
  Keyword: N/A
  User: S-1-5-18
  User Name: NT AUTHORITY\SYSTEM
  Computer: WIN-DI0LKEPQF4N
  Description: 
Processor 8 in group 0 exposes the following power management capabilities:

Idle state type: ACPI Idle (C) States (2 state(s))

Performance state type: ACPI Performance (P) / Throttle (T) States
Nominal Frequency (MHz): 3501
Maximum performance percentage: 100
Minimum performance percentage: 34
Minimum throttle percentage: 4

Event[21]:
  Log Name: System
  Source: Microsoft-Windows-Kernel-Processor-Power
  Date: 2017-06-01T14:41:33.397
  Event ID: 55
  Task: N/A
  Level: Information
  Opcode: Info
  Keyword: N/A
  User: S-1-5-18
  User Name: NT AUTHORITY\SYSTEM
  Computer: WIN-DI0LKEPQF4N
  Description: 
Processor 10 in group 0 exposes the following power management capabilities:

Idle state type: ACPI Idle (C) States (2 state(s))

Performance state type: ACPI Performance (P) / Throttle (T) States
Nominal Frequency (MHz): 3501
Maximum performance percentage: 100
Minimum performance percentage: 34
Minimum throttle percentage: 4

Event[22]:
  Log Name: System
  Source: Microsoft-Windows-Kernel-Processor-Power
  Date: 2017-06-01T14:41:33.398
  Event ID: 55
  Task: N/A
  Level: Information
  Opcode: Info
  Keyword: N/A
  User: S-1-5-18
  User Name: NT AUTHORITY\SYSTEM
  Computer: WIN-DI0LKEPQF4N
  Description: 
Processor 1 in group 0 exposes the following power management capabilities:

Idle state type: ACPI Idle (C) States (2 state(s))

Performance state type: ACPI Performance (P) / Throttle (T) States
Nominal Frequency (MHz): 3501
Maximum performance percentage: 100
Minimum performance percentage: 34
Minimum throttle percentage: 4

Event[23]:
  Log Name: System
  Source: Microsoft-Windows-Kernel-Processor-Power
  Date: 2017-06-01T14:41:33.399
  Event ID: 55
  Task: N/A
  Level: Information
  Opcode: Info
  Keyword: N/A
  User: S-1-5-18
  User Name: NT AUTHORITY\SYSTEM
  Computer: WIN-DI0LKEPQF4N
  Description: 
Processor 3 in group 0 exposes the following power management capabilities:

Idle state type: ACPI Idle (C) States (2 state(s))

Performance state type: ACPI Performance (P) / Throttle (T) States
Nominal Frequency (MHz): 3501
Maximum performance percentage: 100
Minimum performance percentage: 34
Minimum throttle percentage: 4

Event[24]:
  Log Name: System
  Source: Microsoft-Windows-Kernel-Processor-Power
  Date: 2017-06-01T14:41:33.400
  Event ID: 55
  Task: N/A
  Level: Information
  Opcode: Info
  Keyword: N/A
  User: S-1-5-18
  User Name: NT AUTHORITY\SYSTEM
  Computer: WIN-DI0LKEPQF4N
  Description: 
Processor 5 in group 0 exposes the following power management capabilities:

Idle state type: ACPI Idle (C) States (2 state(s))

Performance state type: ACPI Performance (P) / Throttle (T) States
Nominal Frequency (MHz): 3501
Maximum performance percentage: 100
Minimum performance percentage: 34
Minimum throttle percentage: 4

Event[25]:
  Log Name: System
  Source: Microsoft-Windows-Kernel-Processor-Power
  Date: 2017-06-01T14:41:33.401
  Event ID: 55
  Task: N/A
  Level: Information
  Opcode: Info
  Keyword: N/A
  User: S-1-5-18
  User Name: NT AUTHORITY\SYSTEM
  Computer: WIN-DI0LKEPQF4N
  Description: 
Processor 7 in group 0 exposes the following power management capabilities:

Idle state type: ACPI Idle (C) States (2 state(s))

Performance state type: ACPI Performance (P) / Throttle (T) States
Nominal Frequency (MHz): 3501
Maximum performance percentage: 100
Minimum performance percentage: 34
Minimum throttle percentage: 4

Event[26]:
  Log Name: System
  Source: Microsoft-Windows-Kernel-Processor-Power
  Date: 2017-06-01T14:41:33.402
  Event ID: 55
  Task: N/A
  Level: Information
  Opcode: Info
  Keyword: N/A
  User: S-1-5-18
  User Name: NT AUTHORITY\SYSTEM
  Computer: WIN-DI0LKEPQF4N
  Description: 
Processor 9 in group 0 exposes the following power management capabilities:

Idle state type: ACPI Idle (C) States (2 state(s))

Performance state type: ACPI Performance (P) / Throttle (T) States
Nominal Frequency (MHz): 3501
Maximum performance percentage: 100
Minimum performance percentage: 34
Minimum throttle percentage: 4

Event[27]:
  Log Name: System
  Source: Microsoft-Windows-Kernel-Processor-Power
  Date: 2017-06-01T14:41:33.403
  Event ID: 55
  Task: N/A
  Level: Information
  Opcode: Info
  Keyword: N/A
  User: S-1-5-18
  User Name: NT AUTHORITY\SYSTEM
  Computer: WIN-DI0LKEPQF4N
  Description: 
Processor 11 in group 0 exposes the following power management capabilities:

Idle state type: ACPI Idle (C) States (2 state(s))

Performance state type: ACPI Performance (P) / Throttle (T) States
Nominal Frequency (MHz): 3501
Maximum performance percentage: 100
Minimum performance percentage: 34
Minimum throttle percentage: 4

Event[28]:
  Log Name: System
  Source: Microsoft-Windows-Ntfs
  Date: 2017-06-01T14:41:34.731
  Event ID: 98
  Task: N/A
  Level: Information
  Opcode: Info
  Keyword: N/A
  User: S-1-5-18
  User Name: NT AUTHORITY\SYSTEM
  Computer: WIN-DI0LKEPQF4N
  Description: 
Volume D: (\Device\HarddiskVolume5) is healthy.  No action is needed.

Event[29]:
  Log Name: System
  Source: Microsoft-Windows-Ntfs
  Date: 2017-06-01T14:41:35.817
  Event ID: 98
  Task: N/A
  Level: Information
  Opcode: Info
  Keyword: N/A
  User: S-1-5-18
  User Name: NT AUTHORITY\SYSTEM
  Computer: WIN-DI0LKEPQF4N
  Description: 
Volume E: (\Device\HarddiskVolume7) is healthy.  No action is needed.

Event[30]:
  Log Name: System
  Source: Microsoft-Windows-Ntfs
  Date: 2017-06-01T14:41:36.617
  Event ID: 98
  Task: N/A
  Level: Information
  Opcode: Info
  Keyword: N/A
  User: S-1-5-18
  User Name: NT AUTHORITY\SYSTEM
  Computer: WIN-DI0LKEPQF4N
  Description: 
Volume H: (\Device\HarddiskVolume10) is healthy.  No action is needed.

Event[31]:
  Log Name: System
  Source: Microsoft-Windows-Ntfs
  Date: 2017-06-01T14:41:37.534
  Event ID: 98
  Task: N/A
  Level: Information
  Opcode: Info
  Keyword: N/A
  User: S-1-5-18
  User Name: NT AUTHORITY\SYSTEM
  Computer: WIN-DI0LKEPQF4N
  Description: 
Volume F: (\Device\HarddiskVolume8) is healthy.  No action is needed.

Event[32]:
  Log Name: System
  Source: Microsoft-Windows-Ntfs
  Date: 2017-06-01T14:41:38.062
  Event ID: 98
  Task: N/A
  Level: Information
  Opcode: Info
  Keyword: N/A
  User: S-1-5-18
  User Name: NT AUTHORITY\SYSTEM
  Computer: WIN-DI0LKEPQF4N
  Description: 
Volume G: (\Device\HarddiskVolume9) is healthy.  No action is needed.

Event[33]:
  Log Name: System
  Source: Microsoft-Windows-Ntfs
  Date: 2017-06-01T14:41:38.147
  Event ID: 98
  Task: N/A
  Level: Information
  Opcode: Info
  Keyword: N/A
  User: S-1-5-18
  User Name: NT AUTHORITY\SYSTEM
  Computer: WIN-DI0LKEPQF4N
  Description: 
Volume \\?\Volume{fccc927e-093e-491a-9791-61bb14ac26ca} (\Device\HarddiskVolume1) is healthy.  No action is needed.

Event[34]:
  Log Name: System
  Source: Microsoft-Windows-Kernel-General
  Date: 2017-06-01T14:41:38.343
  Event ID: 16
  Task: N/A
  Level: Information
  Opcode: Info
  Keyword: N/A
  User: S-1-5-18
  User Name: NT AUTHORITY\SYSTEM
  Computer: WIN-DI0LKEPQF4N
  Description: 
The access history in hive \SystemRoot\System32\config\DRIVERS was cleared updating 1 keys and creating 1 modified pages.

Event[35]:
  Log Name: System
  Source: Microsoft-Windows-Kernel-General
  Date: 2017-06-01T14:41:38.393
  Event ID: 16
  Task: N/A
  Level: Information
  Opcode: Info
  Keyword: N/A
  User: S-1-5-18
  User Name: NT AUTHORITY\SYSTEM
  Computer: WIN-DI0LKEPQF4N
  Description: 
The access history in hive \Device\HarddiskVolume2\EFI\Microsoft\Boot\BCD was cleared updating 99 keys and creating 4 modified pages.

Event[36]:
  Log Name: System
  Source: Microsoft-Windows-Kernel-General
  Date: 2017-06-01T14:41:38.613
  Event ID: 16
  Task: N/A
  Level: Information
  Opcode: Info
  Keyword: N/A
  User: S-1-5-18
  User Name: NT AUTHORITY\SYSTEM
  Computer: WIN-DI0LKEPQF4N
  Description: 
The access history in hive \SystemRoot\System32\Config\SOFTWARE was cleared updating 219560 keys and creating 14282 modified pages.

Event[37]:
  Log Name: System
  Source: Microsoft-Windows-Kernel-General
  Date: 2017-06-01T14:41:38.627
  Event ID: 16
  Task: N/A
  Level: Information
  Opcode: Info
  Keyword: N/A
  User: S-1-5-18
  User Name: NT AUTHORITY\SYSTEM
  Computer: WIN-DI0LKEPQF4N
  Description: 
The access history in hive \SystemRoot\System32\Config\DEFAULT was cleared updating 70 keys and creating 6 modified pages.

Event[38]:
  Log Name: System
  Source: Microsoft-Windows-Wininit
  Date: 2017-06-01T14:41:39.915
  Event ID: 14
  Task: N/A
  Level: Information
  Opcode: Info
  Keyword: N/A
  User: S-1-5-18
  User Name: NT AUTHORITY\SYSTEM
  Computer: WIN-DI0LKEPQF4N
  Description: 
Credential Guard (LsaIso.exe) configuration: 0x0, 0

Event[39]:
  Log Name: System
  Source: Microsoft-Windows-Kernel-General
  Date: 2017-06-01T14:41:39.936
  Event ID: 16
  Task: N/A
  Level: Information
  Opcode: Info
  Keyword: N/A
  User: S-1-5-18
  User Name: NT AUTHORITY\SYSTEM
  Computer: WIN-DI0LKEPQF4N
  Description: 
The access history in hive \SystemRoot\System32\Config\SECURITY was cleared updating 1 keys and creating 1 modified pages.

Event[40]:
  Log Name: System
  Source: Microsoft-Windows-Directory-Services-SAM
  Date: 2017-06-01T14:41:40.282
  Event ID: 16962
  Task: N/A
  Level: Information
  Opcode: Info
  Keyword: N/A
  User: S-1-5-18
  User Name: NT AUTHORITY\SYSTEM
  Computer: WIN-DI0LKEPQF4N
  Description: 
Remote calls to the SAM database are being restricted using the default security descriptor: O:SYG:SYD:(A;;RC;;;BA).
For more information please see http://go.microsoft.com/fwlink/?LinkId=787651.

Event[41]:
  Log Name: System
  Source: Microsoft-Windows-Kernel-General
  Date: 2017-06-01T14:41:40.283
  Event ID: 16
  Task: N/A
  Level: Information
  Opcode: Info
  Keyword: N/A
  User: S-1-5-18
  User Name: NT AUTHORITY\SYSTEM
  Computer: WIN-DI0LKEPQF4N
  Description: 
The access history in hive \SystemRoot\System32\Config\SAM was cleared updating 1 keys and creating 1 modified pages.

Event[42]:
  Log Name: System
  Source: Microsoft-Windows-Kernel-General
  Date: 2017-06-01T14:41:40.485
  Event ID: 16
  Task: N/A
  Level: Information
  Opcode: Info
  Keyword: N/A
  User: S-1-5-18
  User Name: NT AUTHORITY\SYSTEM
  Computer: WIN-DI0LKEPQF4N
  Description: 
The access history in hive \??\C:\Windows\ServiceProfiles\NetworkService\NTUSER.DAT was cleared updating 595 keys and creating 35 modified pages.

Event[43]:
  Log Name: System
  Source: Microsoft-Windows-Kernel-General
  Date: 2017-06-01T14:41:40.765
  Event ID: 16
  Task: N/A
  Level: Information
  Opcode: Info
  Keyword: N/A
  User: S-1-5-18
  User Name: NT AUTHORITY\SYSTEM
  Computer: WIN-DI0LKEPQF4N
  Description: 
The access history in hive \??\C:\Windows\ServiceProfiles\LocalService\NTUSER.DAT was cleared updating 595 keys and creating 35 modified pages.

Event[44]:
  Log Name: System
  Source: Microsoft-Windows-Kernel-General
  Date: 2017-06-01T14:41:46.828
  Event ID: 16
  Task: N/A
  Level: Information
  Opcode: Info
  Keyword: N/A
  User: S-1-5-18
  User Name: NT AUTHORITY\SYSTEM
  Computer: WIN-DI0LKEPQF4N
  Description: 
The access history in hive \SystemRoot\System32\Config\BBI was cleared updating 1 keys and creating 1 modified pages.

Event[45]:
  Log Name: System
  Source: Microsoft-Windows-FilterManager
  Date: 2017-06-01T14:41:46.876
  Event ID: 6
  Task: N/A
  Level: Information
  Opcode: Info
  Keyword: N/A
  User: S-1-5-18
  User Name: NT AUTHORITY\SYSTEM
  Computer: WIN-DI0LKEPQF4N
  Description: 
File System Filter 'wcifs' (10.0, ?2001?-?02?-?14T04:10:20.000000000Z) has successfully loaded and registered with Filter Manager.

Event[46]:
  Log Name: System
  Source: Microsoft-Windows-FilterManager
  Date: 2017-06-01T14:41:46.887
  Event ID: 6
  Task: N/A
  Level: Information
  Opcode: Info
  Keyword: N/A
  User: S-1-5-18
  User Name: NT AUTHORITY\SYSTEM
  Computer: WIN-DI0LKEPQF4N
  Description: 
File System Filter 'luafv' (10.0, ?2037?-?06?-?08T10:55:59.000000000Z) has successfully loaded and registered with Filter Manager.

Event[47]:
  Log Name: System
  Source: Service Control Manager
  Date: 2017-06-01T14:41:46.878
  Event ID: 7000
  Task: N/A
  Level: Error
  Opcode: N/A
  Keyword: Classic
  User: N/A
  User Name: N/A
  Computer: WIN-DI0LKEPQF4N
  Description: 
The CldFlt service failed to start due to the following error: 
The request is not supported.

Event[48]:
  Log Name: System
  Source: Microsoft-Windows-FilterManager
  Date: 2017-06-01T14:41:46.890
  Event ID: 6
  Task: N/A
  Level: Information
  Opcode: Info
  Keyword: N/A
  User: S-1-5-18
  User Name: NT AUTHORITY\SYSTEM
  Computer: WIN-DI0LKEPQF4N
  Description: 
File System Filter 'storqosflt' (10.0, ?2015?-?12?-?18T04:36:27.000000000Z) has successfully loaded and registered with Filter Manager.

Event[49]:
  Log Name: System
  Source: Microsoft-Windows-Dhcp-Client
  Date: 2017-06-01T14:41:46.915
  Event ID: 50036
  Task: Service State Event
  Level: Information
  Opcode: ServiceStart
  Keyword: N/A
  User: S-1-5-19
  User Name: NT AUTHORITY\LOCAL SERVICE
  Computer: WIN-DI0LKEPQF4N
  Description: 
DHCPv4 client service is started

Event[50]:
  Log Name: System
  Source: Microsoft-Windows-Dhcp-Client
  Date: 2017-06-01T14:41:46.916
  Event ID: 50103
  Task: Service State Event
  Level: Information
  Opcode: ServiceShutdown
  Keyword: N/A
  User: S-1-5-19
  User Name: NT AUTHORITY\LOCAL SERVICE
  Computer: WIN-DI0LKEPQF4N
  Description: 
DHCPv4 client registered for shutdown notification

Event[51]:
  Log Name: System
  Source: Microsoft-Windows-DHCPv6-Client
  Date: 2017-06-01T14:41:46.922
  Event ID: 51046
  Task: Service State Event
  Level: Information
  Opcode: ServiceStart
  Keyword: N/A
  User: S-1-5-19
  User Name: NT AUTHORITY\LOCAL SERVICE
  Computer: WIN-DI0LKEPQF4N
  Description: 
DHCPv6 client service is started

Event[52]:
  Log Name: System
  Source: Service Control Manager
  Date: 2017-06-01T14:41:47.007
  Event ID: 7023
  Task: N/A
  Level: Error
  Opcode: N/A
  Keyword: Classic
  User: N/A
  User Name: N/A
  Computer: WIN-DI0LKEPQF4N
  Description: 
The Spooler service terminated with the following error: 
Ran out of memory

Event[53]:
  Log Name: System
  Source: Microsoft-Windows-Kernel-General
  Date: 2017-06-01T14:41:47.203
  Event ID: 16
  Task: N/A
  Level: Information
  Opcode: Info
  Keyword: N/A
  User: S-1-5-18
  User Name: NT AUTHORITY\SYSTEM
  Computer: WIN-DI0LKEPQF4N
  Description: 
The access history in hive \??\C:\Windows\AppCompat\Programs\Amcache.hve was cleared updating 0 keys and creating 0 modified pages.

Event[54]:
  Log Name: System
  Source: Service Control Manager
  Date: 2017-06-01T14:41:47.226
  Event ID: 7023
  Task: N/A
  Level: Error
  Opcode: N/A
  Keyword: Classic
  User: N/A
  User Name: N/A
  Computer: WIN-DI0LKEPQF4N
  Description: 
The iphlpsvc service terminated with the following error: 
The service cannot be started, either because it is disabled or because it has no enabled devices associated with it.

Event[55]:
  Log Name: System
  Source: Service Control Manager
  Date: 2017-06-01T14:41:47.445
  Event ID: 7026
  Task: N/A
  Level: Information
  Opcode: N/A
  Keyword: Classic
  User: N/A
  User Name: N/A
  Computer: WIN-DI0LKEPQF4N
  Description: 
The following boot-start or system-start driver(s) did not load: 
CSC
dam

Event[56]:
  Log Name: System
  Source: Microsoft-Windows-WPDClassInstaller
  Date: 2017-06-01T14:41:48.257
  Event ID: 24576
  Task: Driver Installation
  Level: Information
  Opcode: N/A
  Keyword: Classic
  User: N/A
  User Name: N/A
  Computer: WIN-DI0LKEPQF4N
  Description: 
Drivers were successfully installed for device WPD Device.

Event[57]:
  Log Name: System
  Source: Microsoft-Windows-WPDClassInstaller
  Date: 2017-06-01T14:41:48.304
  Event ID: 24577
  Task: Driver Post-Install Configuration
  Level: Information
  Opcode: N/A
  Keyword: Classic
  User: N/A
  User Name: N/A
  Computer: WIN-DI0LKEPQF4N
  Description: 
Media player and imaging program compatibility layers were successfully registered for device %1. Layer bits %2 were requested, layer bits %3 were registered.

Event[58]:
  Log Name: System
  Source: Microsoft-Windows-WPDClassInstaller
  Date: 2017-06-01T14:41:48.304
  Event ID: 24579
  Task: Driver Post-Install Configuration
  Level: Information
  Opcode: N/A
  Keyword: Classic
  User: N/A
  User Name: N/A
  Computer: WIN-DI0LKEPQF4N
  Description: 
Autoplay registration was skipped for device %1.

Event[59]:
  Log Name: System
  Source: Workstation
  Date: 2017-06-01T14:41:48.351
  Event ID: 3261
  Task: N/A
  Level: Information
  Opcode: Info
  Keyword: Classic
  User: N/A
  User Name: N/A
  Computer: WIN-DI0LKEPQF4N
  Description: 
This computer has been successfully joined to workgroup 'WORKGROUP'.

Event[60]:
  Log Name: System
  Source: Service Control Manager
  Date: 2017-06-01T14:41:47.820
  Event ID: 7045
  Task: N/A
  Level: Information
  Opcode: N/A
  Keyword: Classic
  User: S-1-5-18
  User Name: NT AUTHORITY\SYSTEM
  Computer: WIN-DI0LKEPQF4N
  Description: 
A service was installed in the system.

Service Name:  Microsoft 1.1 UAA Function Driver for High Definition Audio Service
Service File Name:  \SystemRoot\system32\DRIVERS\HdAudio.sys
Service Type:  kernel mode driver
Service Start Type:  demand start
Service Account:  

Event[61]:
  Log Name: System
  Source: Microsoft-Windows-UserPnp
  Date: 2017-06-01T14:41:47.823
  Event ID: 20003
  Task: N/A
  Level: Information
  Opcode: Info
  Keyword: N/A
  User: S-1-5-18
  User Name: NT AUTHORITY\SYSTEM
  Computer: WIN-DI0LKEPQF4N
  Description: 
Driver Management has concluded the process to add Service HdAudAddService for Device Instance ID HDAUDIO\FUNC_01&VEN_10DE&DEV_0070&SUBSYS_10DE1151&REV_1001\5&2CC6AD20&0&0001 with the following status: 0.

Event[62]:
  Log Name: System
  Source: Microsoft-Windows-UserPnp
  Date: 2017-06-01T14:41:47.969
  Event ID: 20001
  Task: N/A
  Level: Information
  Opcode: Info
  Keyword: N/A
  User: S-1-5-18
  User Name: NT AUTHORITY\SYSTEM
  Computer: WIN-DI0LKEPQF4N
  Description: 
Driver Management concluded the process to install driver hdaudio.inf_amd64_bafd539d04140276\hdaudio.inf for Device Instance ID HDAUDIO\FUNC_01&VEN_10DE&DEV_0070&SUBSYS_10DE1151&REV_1001\5&2CC6AD20&0&0001 with the following status: 0x0.

Event[63]:
  Log Name: System
  Source: Microsoft-Windows-DriverFrameworks-UserMode
  Date: 2017-06-01T14:41:48.011
  Event ID: 10000
  Task: Installation or update of device drivers.
  Level: Information
  Opcode: Start
  Keyword: N/A
  User: S-1-5-18
  User Name: NT AUTHORITY\SYSTEM
  Computer: WIN-DI0LKEPQF4N
  Description: 
A driver package which uses user-mode driver framework version 2.21.0 is being installed on device SWD\WPDBUSENUM\_??_USBSTOR#DISK&VEN_SANDISK&PROD_EXTREME&REV_0001#AA011024120029355045&0#{53F56307-B6BF-11D0-94F2-00A0C91EFB8B}.

Event[64]:
  Log Name: System
  Source: Microsoft-Windows-DriverFrameworks-UserMode
  Date: 2017-06-01T14:41:48.015
  Event ID: 10001
  Task: Installation or update of device drivers.
  Level: Information
  Opcode: Info
  Keyword: N/A
  User: S-1-5-18
  User Name: NT AUTHORITY\SYSTEM
  Computer: WIN-DI0LKEPQF4N
  Description: 
The UMDF service WpdFs (CLSID {112DE495-AC4C-46F8-B663-6A4266C53313}) was installed.  It requires framework version 2.21.0 or higher.

Event[65]:
  Log Name: System
  Source: Microsoft-Windows-DriverFrameworks-UserMode
  Date: 2017-06-01T14:41:48.138
  Event ID: 10100
  Task: Installation or update of device drivers.
  Level: Information
  Opcode: Stop
  Keyword: N/A
  User: S-1-5-18
  User Name: NT AUTHORITY\SYSTEM
  Computer: WIN-DI0LKEPQF4N
  Description: 
The driver package installation has succeeded.

Event[66]:
  Log Name: System
  Source: Service Control Manager
  Date: 2017-06-01T14:41:48.132
  Event ID: 7045
  Task: N/A
  Level: Information
  Opcode: N/A
  Keyword: Classic
  User: S-1-5-18
  User Name: NT AUTHORITY\SYSTEM
  Computer: WIN-DI0LKEPQF4N
  Description: 
A service was installed in the system.

Service Name:  WUDFWpdFs
Service File Name:  \SystemRoot\system32\DRIVERS\WUDFRd.sys
Service Type:  kernel mode driver
Service Start Type:  demand start
Service Account:  

Event[67]:
  Log Name: System
  Source: Microsoft-Windows-UserPnp
  Date: 2017-06-01T14:41:48.144
  Event ID: 20003
  Task: N/A
  Level: Information
  Opcode: Info
  Keyword: N/A
  User: S-1-5-18
  User Name: NT AUTHORITY\SYSTEM
  Computer: WIN-DI0LKEPQF4N
  Description: 
Driver Management has concluded the process to add Service WUDFWpdFs for Device Instance ID SWD\WPDBUSENUM\_??_USBSTOR#DISK&VEN_SANDISK&PROD_EXTREME&REV_0001#AA011024120029355045&0#{53F56307-B6BF-11D0-94F2-00A0C91EFB8B} with the following status: 0.

Event[68]:
  Log Name: System
  Source: Microsoft-Windows-UserPnp
  Date: 2017-06-01T14:41:48.321
  Event ID: 20001
  Task: N/A
  Level: Information
  Opcode: Info
  Keyword: N/A
  User: S-1-5-18
  User Name: NT AUTHORITY\SYSTEM
  Computer: WIN-DI0LKEPQF4N
  Description: 
Driver Management concluded the process to install driver wpdfs.inf_amd64_e898714e5623f0fe\wpdfs.inf for Device Instance ID SWD\WPDBUSENUM\_??_USBSTOR#DISK&VEN_SANDISK&PROD_EXTREME&REV_0001#AA011024120029355045&0#{53F56307-B6BF-11D0-94F2-00A0C91EFB8B} with the following status: 0x0.

Event[69]:
  Log Name: System
  Source: Microsoft-Windows-Kernel-General
  Date: 2017-06-01T14:41:48.421
  Event ID: 16
  Task: N/A
  Level: Information
  Opcode: Info
  Keyword: N/A
  User: S-1-5-18
  User Name: NT AUTHORITY\SYSTEM
  Computer: WIN-DI0LKEPQF4N
  Description: 
The access history in hive \??\C:\Users\Default\NTUSER.dat was cleared updating 595 keys and creating 35 modified pages.

Event[70]:
  Log Name: System
  Source: Microsoft-Windows-UserPnp
  Date: 2017-06-01T14:41:48.424
  Event ID: 20003
  Task: N/A
  Level: Information
  Opcode: Info
  Keyword: N/A
  User: S-1-5-18
  User Name: NT AUTHORITY\SYSTEM
  Computer: WIN-DI0LKEPQF4N
  Description: 
Driver Management has concluded the process to add Service HdAudAddService for Device Instance ID HDAUDIO\FUNC_01&VEN_1102&DEV_0011&SUBSYS_11020023&REV_1009\5&1DC61192&0&0101 with the following status: 0.

Event[71]:
  Log Name: System
  Source: Microsoft-Windows-UserPnp
  Date: 2017-06-01T14:41:48.493
  Event ID: 20001
  Task: N/A
  Level: Information
  Opcode: Info
  Keyword: N/A
  User: S-1-5-18
  User Name: NT AUTHORITY\SYSTEM
  Computer: WIN-DI0LKEPQF4N
  Description: 
Driver Management concluded the process to install driver hdaudio.inf_amd64_bafd539d04140276\hdaudio.inf for Device Instance ID HDAUDIO\FUNC_01&VEN_1102&DEV_0011&SUBSYS_11020023&REV_1009\5&1DC61192&0&0101 with the following status: 0x0.

Event[72]:
  Log Name: System
  Source: Service Control Manager
  Date: 2017-06-01T14:41:48.539
  Event ID: 7045
  Task: N/A
  Level: Information
  Opcode: N/A
  Keyword: Classic
  User: S-1-5-18
  User Name: NT AUTHORITY\SYSTEM
  Computer: WIN-DI0LKEPQF4N
  Description: 
A service was installed in the system.

Service Name:  Intel(R) PRO/1000 PCI Express Network Connection Driver I
Service File Name:  \SystemRoot\System32\drivers\e1i63x64.sys
Service Type:  kernel mode driver
Service Start Type:  demand start
Service Account:  

Event[73]:
  Log Name: System
  Source: Microsoft-Windows-UserPnp
  Date: 2017-06-01T14:41:48.638
  Event ID: 20001
  Task: N/A
  Level: Information
  Opcode: Info
  Keyword: N/A
  User: S-1-5-18
  User Name: NT AUTHORITY\SYSTEM
  Computer: WIN-DI0LKEPQF4N
  Description: 
Driver Management concluded the process to install driver net1ic64.inf_amd64_5d49cc27a6d05e5c\net1ic64.inf for Device Instance ID PCI\VEN_8086&DEV_15A1&SUBSYS_85C41043&REV_05\3&11583659&0&C8 with the following status: 0x0.

Event[74]:
  Log Name: System
  Source: Microsoft-Windows-UserPnp
  Date: 2017-06-01T14:41:49.022
  Event ID: 20003
  Task: N/A
  Level: Information
  Opcode: Info
  Keyword: N/A
  User: S-1-5-18
  User Name: NT AUTHORITY\SYSTEM
  Computer: WIN-DI0LKEPQF4N
  Description: 
Driver Management has concluded the process to add Service BasicDisplay for Device Instance ID PCI\VEN_10DE&DEV_17C8&SUBSYS_115110DE&REV_A1\4&31024D2F&0&0018 with the following status: 0.

Event[75]:
  Log Name: System
  Source: Microsoft-Windows-UserPnp
  Date: 2017-06-01T14:41:49.088
  Event ID: 20001
  Task: N/A
  Level: Information
  Opcode: Info
  Keyword: N/A
  User: S-1-5-18
  User Name: NT AUTHORITY\SYSTEM
  Computer: WIN-DI0LKEPQF4N
  Description: 
Driver Management concluded the process to install driver display.inf_amd64_d2be6fd24d698e35\display.inf for Device Instance ID PCI\VEN_10DE&DEV_17C8&SUBSYS_115110DE&REV_A1\4&31024D2F&0&0018 with the following status: 0x0.

Event[76]:
  Log Name: System
  Source: Service Control Manager
  Date: 2017-06-01T14:41:49.101
  Event ID: 7045
  Task: N/A
  Level: Information
  Opcode: N/A
  Keyword: Classic
  User: S-1-5-18
  User Name: NT AUTHORITY\SYSTEM
  Computer: WIN-DI0LKEPQF4N
  Description: 
A service was installed in the system.

Service Name:  Microsoft Streaming Service Proxy
Service File Name:  \SystemRoot\system32\DRIVERS\MSKSSRV.sys
Service Type:  kernel mode driver
Service Start Type:  demand start
Service Account:  

Event[77]:
  Log Name: System
  Source: Microsoft-Windows-UserPnp
  Date: 2017-06-01T14:41:49.107
  Event ID: 20003
  Task: N/A
  Level: Information
  Opcode: Info
  Keyword: N/A
  User: S-1-5-18
  User Name: NT AUTHORITY\SYSTEM
  Computer: WIN-DI0LKEPQF4N
  Description: 
Driver Management has concluded the process to add Service MSKSSRV for Device Instance ID SW\{96E080C7-143C-11D1-B40F-00A0C9223196}\{3C0D501A-140B-11D1-B40F-00A0C9223196} with the following status: 0.

Event[78]:
  Log Name: System
  Source: Microsoft-Windows-UserPnp
  Date: 2017-06-01T14:41:49.126
  Event ID: 20001
  Task: N/A
  Level: Information
  Opcode: Info
  Keyword: N/A
  User: S-1-5-18
  User Name: NT AUTHORITY\SYSTEM
  Computer: WIN-DI0LKEPQF4N
  Description: 
Driver Management concluded the process to install driver ksfilter.inf_amd64_08c08773131a73d4\ksfilter.inf for Device Instance ID SW\{96E080C7-143C-11D1-B40F-00A0C9223196}\{3C0D501A-140B-11D1-B40F-00A0C9223196} with the following status: 0x0.

Event[79]:
  Log Name: System
  Source: Service Control Manager
  Date: 2017-06-01T14:41:49.132
  Event ID: 7045
  Task: N/A
  Level: Information
  Opcode: N/A
  Keyword: Classic
  User: S-1-5-18
  User Name: NT AUTHORITY\SYSTEM
  Computer: WIN-DI0LKEPQF4N
  Description: 
A service was installed in the system.

Service Name:  Microsoft Streaming Quality Manager Proxy
Service File Name:  \SystemRoot\system32\DRIVERS\MSPQM.sys
Service Type:  kernel mode driver
Service Start Type:  demand start
Service Account:  

Event[80]:
  Log Name: System
  Source: Microsoft-Windows-UserPnp
  Date: 2017-06-01T14:41:49.145
  Event ID: 20003
  Task: N/A
  Level: Information
  Opcode: Info
  Keyword: N/A
  User: S-1-5-18
  User Name: NT AUTHORITY\SYSTEM
  Computer: WIN-DI0LKEPQF4N
  Description: 
Driver Management has concluded the process to add Service MSPQM for Device Instance ID SW\{DDF4358E-BB2C-11D0-A42F-00A0C9223196}\{97EBAACB-95BD-11D0-A3EA-00A0C9223196} with the following status: 0.

Event[81]:
  Log Name: System
  Source: Microsoft-Windows-UserPnp
  Date: 2017-06-01T14:41:49.228
  Event ID: 20001
  Task: N/A
  Level: Information
  Opcode: Info
  Keyword: N/A
  User: S-1-5-18
  User Name: NT AUTHORITY\SYSTEM
  Computer: WIN-DI0LKEPQF4N
  Description: 
Driver Management concluded the process to install driver ksfilter.inf_amd64_08c08773131a73d4\ksfilter.inf for Device Instance ID SW\{DDF4358E-BB2C-11D0-A42F-00A0C9223196}\{97EBAACB-95BD-11D0-A3EA-00A0C9223196} with the following status: 0x0.

Event[82]:
  Log Name: System
  Source: Service Control Manager
  Date: 2017-06-01T14:41:49.242
  Event ID: 7045
  Task: N/A
  Level: Information
  Opcode: N/A
  Keyword: Classic
  User: S-1-5-18
  User Name: NT AUTHORITY\SYSTEM
  Computer: WIN-DI0LKEPQF4N
  Description: 
A service was installed in the system.

Service Name:  Microsoft Trusted Audio Drivers
Service File Name:  \SystemRoot\system32\DRIVERS\drmkaud.sys
Service Type:  kernel mode driver
Service Start Type:  demand start
Service Account:  

Event[83]:
  Log Name: System
  Source: Microsoft-Windows-UserPnp
  Date: 2017-06-01T14:41:49.250
  Event ID: 20003
  Task: N/A
  Level: Information
  Opcode: Info
  Keyword: N/A
  User: S-1-5-18
  User Name: NT AUTHORITY\SYSTEM
  Computer: WIN-DI0LKEPQF4N
  Description: 
Driver Management has concluded the process to add Service drmkaud for Device Instance ID SW\{EEC12DB6-AD9C-4168-8658-B03DAEF417FE}\{ABD61E00-9350-47E2-A632-4438B90C6641} with the following status: 0.

Event[84]:
  Log Name: System
  Source: Microsoft-Windows-UserPnp
  Date: 2017-06-01T14:41:49.277
  Event ID: 20001
  Task: N/A
  Level: Information
  Opcode: Info
  Keyword: N/A
  User: S-1-5-18
  User Name: NT AUTHORITY\SYSTEM
  Computer: WIN-DI0LKEPQF4N
  Description: 
Driver Management concluded the process to install driver wdmaudio.inf_amd64_b51edb2b9055d904\wdmaudio.inf for Device Instance ID SW\{EEC12DB6-AD9C-4168-8658-B03DAEF417FE}\{ABD61E00-9350-47E2-A632-4438B90C6641} with the following status: 0x0.

Event[85]:
  Log Name: System
  Source: Service Control Manager
  Date: 2017-06-01T14:41:49.289
  Event ID: 7045
  Task: N/A
  Level: Information
  Opcode: N/A
  Keyword: Classic
  User: S-1-5-18
  User Name: NT AUTHORITY\SYSTEM
  Computer: WIN-DI0LKEPQF4N
  Description: 
A service was installed in the system.

Service Name:  Microsoft Streaming Tee/Sink-to-Sink Converter
Service File Name:  \SystemRoot\system32\DRIVERS\MSTEE.sys
Service Type:  kernel mode driver
Service Start Type:  demand start
Service Account:  

Event[86]:
  Log Name: System
  Source: Microsoft-Windows-UserPnp
  Date: 2017-06-01T14:41:49.296
  Event ID: 20003
  Task: N/A
  Level: Information
  Opcode: Info
  Keyword: N/A
  User: S-1-5-18
  User Name: NT AUTHORITY\SYSTEM
  Computer: WIN-DI0LKEPQF4N
  Description: 
Driver Management has concluded the process to add Service MSTEE for Device Instance ID SW\{CFD669F1-9BC2-11D0-8299-0000F822FE8A}\{CF1DDA2C-9743-11D0-A3EE-00A0C9223196} with the following status: 0.

Event[87]:
  Log Name: System
  Source: Microsoft-Windows-UserPnp
  Date: 2017-06-01T14:41:49.315
  Event ID: 20001
  Task: N/A
  Level: Information
  Opcode: Info
  Keyword: N/A
  User: S-1-5-18
  User Name: NT AUTHORITY\SYSTEM
  Computer: WIN-DI0LKEPQF4N
  Description: 
Driver Management concluded the process to install driver ksfilter.inf_amd64_08c08773131a73d4\ksfilter.inf for Device Instance ID SW\{CFD669F1-9BC2-11D0-8299-0000F822FE8A}\{CF1DDA2C-9743-11D0-A3EE-00A0C9223196} with the following status: 0x0.

Event[88]:
  Log Name: System
  Source: Microsoft-Windows-UserPnp
  Date: 2017-06-01T14:41:49.333
  Event ID: 20003
  Task: N/A
  Level: Information
  Opcode: Info
  Keyword: N/A
  User: S-1-5-18
  User Name: NT AUTHORITY\SYSTEM
  Computer: WIN-DI0LKEPQF4N
  Description: 
Driver Management has concluded the process to add Service MSTEE for Device Instance ID SW\{CFD669F1-9BC2-11D0-8299-0000F822FE8A}\{0A4252A0-7E70-11D0-A5D6-28DB04C10000} with the following status: 0.

Event[89]:
  Log Name: System
  Source: Microsoft-Windows-UserPnp
  Date: 2017-06-01T14:41:49.413
  Event ID: 20001
  Task: N/A
  Level: Information
  Opcode: Info
  Keyword: N/A
  User: S-1-5-18
  User Name: NT AUTHORITY\SYSTEM
  Computer: WIN-DI0LKEPQF4N
  Description: 
Driver Management concluded the process to install driver ksfilter.inf_amd64_08c08773131a73d4\ksfilter.inf for Device Instance ID SW\{CFD669F1-9BC2-11D0-8299-0000F822FE8A}\{0A4252A0-7E70-11D0-A5D6-28DB04C10000} with the following status: 0x0.

Event[90]:
  Log Name: System
  Source: Service Control Manager
  Date: 2017-06-01T14:41:49.429
  Event ID: 7045
  Task: N/A
  Level: Information
  Opcode: N/A
  Keyword: Classic
  User: S-1-5-18
  User Name: NT AUTHORITY\SYSTEM
  Computer: WIN-DI0LKEPQF4N
  Description: 
A service was installed in the system.

Service Name:  Microsoft Streaming Clock Proxy
Service File Name:  \SystemRoot\system32\DRIVERS\MSPCLOCK.sys
Service Type:  kernel mode driver
Service Start Type:  demand start
Service Account:  

Event[91]:
  Log Name: System
  Source: Microsoft-Windows-UserPnp
  Date: 2017-06-01T14:41:49.433
  Event ID: 20003
  Task: N/A
  Level: Information
  Opcode: Info
  Keyword: N/A
  User: S-1-5-18
  User Name: NT AUTHORITY\SYSTEM
  Computer: WIN-DI0LKEPQF4N
  Description: 
Driver Management has concluded the process to add Service MSPCLOCK for Device Instance ID SW\{97EBAACC-95BD-11D0-A3EA-00A0C9223196}\{53172480-4791-11D0-A5D6-28DB04C10000} with the following status: 0.

Event[92]:
  Log Name: System
  Source: Microsoft-Windows-UserPnp
  Date: 2017-06-01T14:41:49.451
  Event ID: 20001
  Task: N/A
  Level: Information
  Opcode: Info
  Keyword: N/A
  User: S-1-5-18
  User Name: NT AUTHORITY\SYSTEM
  Computer: WIN-DI0LKEPQF4N
  Description: 
Driver Management concluded the process to install driver ksfilter.inf_amd64_08c08773131a73d4\ksfilter.inf for Device Instance ID SW\{97EBAACC-95BD-11D0-A3EA-00A0C9223196}\{53172480-4791-11D0-A5D6-28DB04C10000} with the following status: 0x0.

Event[93]:
  Log Name: System
  Source: Microsoft-Windows-Kernel-General
  Date: 2017-06-01T14:41:50.079
  Event ID: 16
  Task: N/A
  Level: Information
  Opcode: Info
  Keyword: N/A
  User: S-1-5-18
  User Name: NT AUTHORITY\SYSTEM
  Computer: WIN-DI0LKEPQF4N
  Description: 
The access history in hive \??\C:\ProgramData\Microsoft\Windows\AppRepository\Packages\1527c705-839a-4832-9118-54d4Bd6a0c89_10.0.15063.0_neutral_neutral_cw5n1h2txyewy\ActivationStore.dat was cleared updating 0 keys and creating 0 modified pages.

Event[94]:
  Log Name: System
  Source: Microsoft-Windows-Kernel-General
  Date: 2017-06-01T14:41:50.195
  Event ID: 16
  Task: N/A
  Level: Information
  Opcode: Info
  Keyword: N/A
  User: S-1-5-18
  User Name: NT AUTHORITY\SYSTEM
  Computer: WIN-DI0LKEPQF4N
  Description: 
The access history in hive \??\C:\ProgramData\Microsoft\Windows\AppRepository\Packages\c5e2524a-ea46-4f67-841f-6a9465d9d515_10.0.15063.0_neutral_neutral_cw5n1h2txyewy\ActivationStore.dat was cleared updating 0 keys and creating 0 modified pages.

Event[95]:
  Log Name: System
  Source: Microsoft-Windows-Kernel-General
  Date: 2017-06-01T14:41:50.319
  Event ID: 16
  Task: N/A
  Level: Information
  Opcode: Info
  Keyword: N/A
  User: S-1-5-18
  User Name: NT AUTHORITY\SYSTEM
  Computer: WIN-DI0LKEPQF4N
  Description: 
The access history in hive \??\C:\ProgramData\Microsoft\Windows\AppRepository\Packages\CortanaListenUIApp_10.0.15063.0_neutral__cw5n1h2txyewy\ActivationStore.dat was cleared updating 0 keys and creating 0 modified pages.

Event[96]:
  Log Name: System
  Source: Microsoft-Windows-Kernel-General
  Date: 2017-06-01T14:41:50.440
  Event ID: 16
  Task: N/A
  Level: Information
  Opcode: Info
  Keyword: N/A
  User: S-1-5-18
  User Name: NT AUTHORITY\SYSTEM
  Computer: WIN-DI0LKEPQF4N
  Description: 
The access history in hive \??\C:\ProgramData\Microsoft\Windows\AppRepository\Packages\DesktopLearning_1000.15063.0.0_neutral__cw5n1h2txyewy\ActivationStore.dat was cleared updating 0 keys and creating 0 modified pages.

Event[97]:
  Log Name: System
  Source: Microsoft-Windows-Kernel-General
  Date: 2017-06-01T14:41:50.545
  Event ID: 16
  Task: N/A
  Level: Information
  Opcode: Info
  Keyword: N/A
  User: S-1-5-18
  User Name: NT AUTHORITY\SYSTEM
  Computer: WIN-DI0LKEPQF4N
  Description: 
The access history in hive \??\C:\ProgramData\Microsoft\Windows\AppRepository\Packages\DesktopView_1000.15063.0.0_neutral_neutral_cw5n1h2txyewy\ActivationStore.dat was cleared updating 0 keys and creating 0 modified pages.

Event[98]:
  Log Name: System
  Source: Microsoft-Windows-Kernel-General
  Date: 2017-06-01T14:41:50.649
  Event ID: 16
  Task: N/A
  Level: Information
  Opcode: Info
  Keyword: N/A
  User: S-1-5-18
  User Name: NT AUTHORITY\SYSTEM
  Computer: WIN-DI0LKEPQF4N
  Description: 
The access history in hive \??\C:\ProgramData\Microsoft\Windows\AppRepository\Packages\E2A4F912-2574-4A75-9BB0-0D023378592B_10.0.15063.0_neutral_neutral_cw5n1h2txyewy\ActivationStore.dat was cleared updating 0 keys and creating 0 modified pages.

Event[99]:
  Log Name: System
  Source: Microsoft-Windows-Kernel-General
  Date: 2017-06-01T14:41:50.755
  Event ID: 16
  Task: N/A
  Level: Information
  Opcode: Info
  Keyword: N/A
  User: S-1-5-18
  User Name: NT AUTHORITY\SYSTEM
  Computer: WIN-DI0LKEPQF4N
  Description: 
The access history in hive \??\C:\ProgramData\Microsoft\Windows\AppRepository\Packages\EnvironmentsApp_10.0.15063.0_neutral__cw5n1h2txyewy\ActivationStore.dat was cleared updating 0 keys and creating 0 modified pages.

Event[100]:
  Log Name: System
  Source: Microsoft-Windows-Kernel-General
  Date: 2017-06-01T14:41:50.865
  Event ID: 16
  Task: N/A
  Level: Information
  Opcode: Info
  Keyword: N/A
  User: S-1-5-18
  User Name: NT AUTHORITY\SYSTEM
  Computer: WIN-DI0LKEPQF4N
  Description: 
The access history in hive \??\C:\ProgramData\Microsoft\Windows\AppRepository\Packages\HoloCamera_1.0.0.5_neutral__cw5n1h2txyewy\ActivationStore.dat was cleared updating 0 keys and creating 0 modified pages.

Event[101]:
  Log Name: System
  Source: Microsoft-Windows-Kernel-General
  Date: 2017-06-01T14:41:50.967
  Event ID: 16
  Task: N/A
  Level: Information
  Opcode: Info
  Keyword: N/A
  User: S-1-5-18
  User Name: NT AUTHORITY\SYSTEM
  Computer: WIN-DI0LKEPQF4N
  Description: 
The access history in hive \??\C:\ProgramData\Microsoft\Windows\AppRepository\Packages\HoloItemPlayerApp_1.0.0.2_neutral__cw5n1h2txyewy\ActivationStore.dat was cleared updating 0 keys and creating 0 modified pages.

Event[102]:
  Log Name: System
  Source: Microsoft-Windows-Kernel-General
  Date: 2017-06-01T14:41:51.005
  Event ID: 16
  Task: N/A
  Level: Information
  Opcode: Info
  Keyword: N/A
  User: S-1-5-18
  User Name: NT AUTHORITY\SYSTEM
  Computer: WIN-DI0LKEPQF4N
  Description: 
The access history in hive \??\C:\Windows\system32\Config\Elam was cleared updating 1 keys and creating 1 modified pages.

Event[103]:
  Log Name: System
  Source: Microsoft-Windows-Kernel-General
  Date: 2017-06-01T14:41:51.094
  Event ID: 16
  Task: N/A
  Level: Information
  Opcode: Info
  Keyword: N/A
  User: S-1-5-18
  User Name: NT AUTHORITY\SYSTEM
  Computer: WIN-DI0LKEPQF4N
  Description: 
The access history in hive \??\C:\ProgramData\Microsoft\Windows\AppRepository\Packages\HoloShell_10.0.15063.0_neutral__cw5n1h2txyewy\ActivationStore.dat was cleared updating 0 keys and creating 0 modified pages.

Event[104]:
  Log Name: System
  Source: Microsoft-Windows-Kernel-General
  Date: 2017-06-01T14:41:51.197
  Event ID: 16
  Task: N/A
  Level: Information
  Opcode: Info
  Keyword: N/A
  User: S-1-5-18
  User Name: NT AUTHORITY\SYSTEM
  Computer: WIN-DI0LKEPQF4N
  Description: 
The access history in hive \??\C:\ProgramData\Microsoft\Windows\AppRepository\Packages\Microsoft.AAD.BrokerPlugin_1000.15063.0.0_neutral_neutral_cw5n1h2txyewy\ActivationStore.dat was cleared updating 0 keys and creating 0 modified pages.

Event[105]:
  Log Name: System
  Source: Microsoft-Windows-Kernel-General
  Date: 2017-06-01T14:41:51.300
  Event ID: 16
  Task: N/A
  Level: Information
  Opcode: Info
  Keyword: N/A
  User: S-1-5-18
  User Name: NT AUTHORITY\SYSTEM
  Computer: WIN-DI0LKEPQF4N
  Description: 
The access history in hive \??\C:\ProgramData\Microsoft\Windows\AppRepository\Packages\Microsoft.AccountsControl_10.0.15063.0_neutral__cw5n1h2txyewy\ActivationStore.dat was cleared updating 0 keys and creating 0 modified pages.

Event[106]:
  Log Name: System
  Source: Microsoft-Windows-Kernel-General
  Date: 2017-06-01T14:41:51.405
  Event ID: 16
  Task: N/A
  Level: Information
  Opcode: Info
  Keyword: N/A
  User: S-1-5-18
  User Name: NT AUTHORITY\SYSTEM
  Computer: WIN-DI0LKEPQF4N
  Description: 
The access history in hive \??\C:\ProgramData\Microsoft\Windows\AppRepository\Packages\Microsoft.BioEnrollment_10.0.15063.0_neutral__cw5n1h2txyewy\ActivationStore.dat was cleared updating 0 keys and creating 0 modified pages.

Event[107]:
  Log Name: System
  Source: Microsoft-Windows-Kernel-General
  Date: 2017-06-01T14:41:51.500
  Event ID: 16
  Task: N/A
  Level: Information
  Opcode: Info
  Keyword: N/A
  User: S-1-5-18
  User Name: NT AUTHORITY\SYSTEM
  Computer: WIN-DI0LKEPQF4N
  Description: 
The access history in hive \??\C:\ProgramData\Microsoft\Windows\AppRepository\Packages\Microsoft.CredDialogHost_10.0.15063.0_neutral__cw5n1h2txyewy\ActivationStore.dat was cleared updating 0 keys and creating 0 modified pages.

Event[108]:
  Log Name: System
  Source: Microsoft-Windows-Kernel-General
  Date: 2017-06-01T14:41:51.603
  Event ID: 16
  Task: N/A
  Level: Information
  Opcode: Info
  Keyword: N/A
  User: S-1-5-18
  User Name: NT AUTHORITY\SYSTEM
  Computer: WIN-DI0LKEPQF4N
  Description: 
The access history in hive \??\C:\ProgramData\Microsoft\Windows\AppRepository\Packages\Microsoft.LockApp_10.0.15063.0_neutral__cw5n1h2txyewy\ActivationStore.dat was cleared updating 0 keys and creating 0 modified pages.

Event[109]:
  Log Name: System
  Source: Microsoft-Windows-Kernel-General
  Date: 2017-06-01T14:41:51.758
  Event ID: 16
  Task: N/A
  Level: Information
  Opcode: Info
  Keyword: N/A
  User: S-1-5-18
  User Name: NT AUTHORITY\SYSTEM
  Computer: WIN-DI0LKEPQF4N
  Description: 
The access history in hive \??\C:\ProgramData\Microsoft\Windows\AppRepository\Packages\Microsoft.MicrosoftEdge_40.15063.0.0_neutral__8wekyb3d8bbwe\ActivationStore.dat was cleared updating 0 keys and creating 0 modified pages.

Event[110]:
