  Log Name: System
  Source: Microsoft-Windows-Kernel-Processor-Power
  Date: 2017-06-08T14:06:04.082
  Event ID: 55
  Task: N/A
  Level: Information
  Opcode: Info
  Keyword: N/A
  User: S-1-5-18
  User Name: NT AUTHORITY\SYSTEM
  Computer: DESKTOP-NGQE08I
  Description: 
Processor 11 in group 0 exposes the following power management capabilities:

Idle state type: ACPI Idle (C) States (2 state(s))

Performance state type: ACPI Performance (P) / Throttle (T) States
Nominal Frequency (MHz): 3501
Maximum performance percentage: 100
Minimum performance percentage: 34
Minimum throttle percentage: 4

Event[3277]:
  Log Name: System
  Source: MEIx64
  Date: 2017-06-08T14:06:04.141
  Event ID: 2
  Task: N/A
  Level: Information
  Opcode: N/A
  Keyword: Classic
  User: N/A
  User Name: N/A
  Computer: DESKTOP-NGQE08I
  Description: 
Intel(R) Management Engine Interface driver has started successfully.

Event[3278]:
  Log Name: System
  Source: Microsoft-Windows-Ntfs
  Date: 2017-06-08T14:06:04.547
  Event ID: 98
  Task: N/A
  Level: Information
  Opcode: Info
  Keyword: N/A
  User: S-1-5-18
  User Name: NT AUTHORITY\SYSTEM
  Computer: DESKTOP-NGQE08I
  Description: 
Volume D: (\Device\HarddiskVolume5) is healthy.  No action is needed.

Event[3279]:
  Log Name: System
  Source: Microsoft-Windows-Ntfs
  Date: 2017-06-08T14:06:05.314
  Event ID: 98
  Task: N/A
  Level: Information
  Opcode: Info
  Keyword: N/A
  User: S-1-5-18
  User Name: NT AUTHORITY\SYSTEM
  Computer: DESKTOP-NGQE08I
  Description: 
Volume H: (\Device\HarddiskVolume10) is healthy.  No action is needed.

Event[3280]:
  Log Name: System
  Source: Microsoft-Windows-Ntfs
  Date: 2017-06-08T14:06:06.284
  Event ID: 98
  Task: N/A
  Level: Information
  Opcode: Info
  Keyword: N/A
  User: S-1-5-18
  User Name: NT AUTHORITY\SYSTEM
  Computer: DESKTOP-NGQE08I
  Description: 
Volume E: (\Device\HarddiskVolume7) is healthy.  No action is needed.

Event[3281]:
  Log Name: System
  Source: Microsoft-Windows-Ntfs
  Date: 2017-06-08T14:06:07.033
  Event ID: 98
  Task: N/A
  Level: Information
  Opcode: Info
  Keyword: N/A
  User: S-1-5-18
  User Name: NT AUTHORITY\SYSTEM
  Computer: DESKTOP-NGQE08I
  Description: 
Volume F: (\Device\HarddiskVolume8) is healthy.  No action is needed.

Event[3282]:
  Log Name: System
  Source: Microsoft-Windows-Ntfs
  Date: 2017-06-08T14:06:07.530
  Event ID: 98
  Task: N/A
  Level: Information
  Opcode: Info
  Keyword: N/A
  User: S-1-5-18
  User Name: NT AUTHORITY\SYSTEM
  Computer: DESKTOP-NGQE08I
  Description: 
Volume G: (\Device\HarddiskVolume9) is healthy.  No action is needed.

Event[3283]:
  Log Name: System
  Source: e1iexpress
  Date: 2017-06-08T14:06:07.876
  Event ID: 32
  Task: N/A
  Level: Information
  Opcode: N/A
  Keyword: Classic
  User: N/A
  User Name: N/A
  Computer: DESKTOP-NGQE08I
  Description: 
Intel(R) Ethernet Connection (2) I218-V
 Network link has been established at 1Gbps full duplex.


Event[3284]:
  Log Name: System
  Source: Microsoft-Windows-Wininit
  Date: 2017-06-08T14:06:09.329
  Event ID: 14
  Task: N/A
  Level: Information
  Opcode: Info
  Keyword: N/A
  User: S-1-5-18
  User Name: NT AUTHORITY\SYSTEM
  Computer: DESKTOP-NGQE08I
  Description: 
Credential Guard (LsaIso.exe) configuration: 0x0, 0

Event[3285]:
  Log Name: System
  Source: Microsoft-Windows-Directory-Services-SAM
  Date: 2017-06-08T14:06:09.477
  Event ID: 16962
  Task: N/A
  Level: Information
  Opcode: Info
  Keyword: N/A
  User: S-1-5-18
  User Name: NT AUTHORITY\SYSTEM
  Computer: DESKTOP-NGQE08I
  Description: 
Remote calls to the SAM database are being restricted using the default security descriptor: O:SYG:SYD:(A;;RC;;;BA).
For more information please see http://go.microsoft.com/fwlink/?LinkId=787651.

Event[3286]:
  Log Name: System
  Source: Microsoft-Windows-FilterManager
  Date: 2017-06-08T14:06:09.685
  Event ID: 6
  Task: N/A
  Level: Information
  Opcode: Info
  Keyword: N/A
  User: S-1-5-18
  User Name: NT AUTHORITY\SYSTEM
  Computer: DESKTOP-NGQE08I
  Description: 
File System Filter 'wcifs' (10.0, ?2088?-?07?-?29T04:04:59.000000000Z) has successfully loaded and registered with Filter Manager.

Event[3287]:
  Log Name: System
  Source: Microsoft-Windows-FilterManager
  Date: 2017-06-08T14:06:09.699
  Event ID: 6
  Task: N/A
  Level: Information
  Opcode: Info
  Keyword: N/A
  User: S-1-5-18
  User Name: NT AUTHORITY\SYSTEM
  Computer: DESKTOP-NGQE08I
  Description: 
File System Filter 'luafv' (10.0, ?2037?-?06?-?08T10:55:59.000000000Z) has successfully loaded and registered with Filter Manager.

Event[3288]:
  Log Name: System
  Source: Service Control Manager
  Date: 2017-06-08T14:06:09.689
  Event ID: 7000
  Task: N/A
  Level: Error
  Opcode: N/A
  Keyword: Classic
  User: N/A
  User Name: N/A
  Computer: DESKTOP-NGQE08I
  Description: 
The CldFlt service failed to start due to the following error: 
The request is not supported.

Event[3289]:
  Log Name: System
  Source: Microsoft-Windows-FilterManager
  Date: 2017-06-08T14:06:09.702
  Event ID: 6
  Task: N/A
  Level: Information
  Opcode: Info
  Keyword: N/A
  User: S-1-5-18
  User Name: NT AUTHORITY\SYSTEM
  Computer: DESKTOP-NGQE08I
  Description: 
File System Filter 'storqosflt' (10.0, ?2015?-?12?-?18T04:36:27.000000000Z) has successfully loaded and registered with Filter Manager.

Event[3290]:
  Log Name: System
  Source: Microsoft-Windows-Dhcp-Client
  Date: 2017-06-08T14:06:10.106
  Event ID: 50036
  Task: Service State Event
  Level: Information
  Opcode: ServiceStart
  Keyword: N/A
  User: S-1-5-19
  User Name: NT AUTHORITY\LOCAL SERVICE
  Computer: DESKTOP-NGQE08I
  Description: 
DHCPv4 client service is started

Event[3291]:
  Log Name: System
  Source: Microsoft-Windows-Dhcp-Client
  Date: 2017-06-08T14:06:10.107
  Event ID: 50103
  Task: Service State Event
  Level: Information
  Opcode: ServiceShutdown
  Keyword: N/A
  User: S-1-5-19
  User Name: NT AUTHORITY\LOCAL SERVICE
  Computer: DESKTOP-NGQE08I
  Description: 
DHCPv4 client registered for shutdown notification

Event[3292]:
  Log Name: System
  Source: Microsoft-Windows-DHCPv6-Client
  Date: 2017-06-08T14:06:10.112
  Event ID: 51046
  Task: Service State Event
  Level: Information
  Opcode: ServiceStart
  Keyword: N/A
  User: S-1-5-19
  User Name: NT AUTHORITY\LOCAL SERVICE
  Computer: DESKTOP-NGQE08I
  Description: 
DHCPv6 client service is started

Event[3293]:
  Log Name: System
  Source: Service Control Manager
  Date: 2017-06-08T14:06:10.298
  Event ID: 7023
  Task: N/A
  Level: Error
  Opcode: N/A
  Keyword: Classic
  User: N/A
  User Name: N/A
  Computer: DESKTOP-NGQE08I
  Description: 
The SysMain service terminated with the following error: 
The request is not supported.

Event[3294]:
  Log Name: System
  Source: Service Control Manager
  Date: 2017-06-08T14:06:10.642
  Event ID: 7026
  Task: N/A
  Level: Information
  Opcode: N/A
  Keyword: Classic
  User: N/A
  User Name: N/A
  Computer: DESKTOP-NGQE08I
  Description: 
The following boot-start or system-start driver(s) did not load: 
dam
EhStorClass

Event[3295]:
  Log Name: System
  Source: Service Control Manager
  Date: 2017-06-08T14:10:13.146
  Event ID: 7040
  Task: N/A
  Level: Information
  Opcode: N/A
  Keyword: Classic
  User: S-1-5-18
  User Name: NT AUTHORITY\SYSTEM
  Computer: DESKTOP-NGQE08I
  Description: 
The start type of the Background Intelligent Transfer Service service was changed from auto start to demand start.

Event[3296]:
  Log Name: System
  Source: Lfsvc
  Date: 2017-06-08T14:16:10.586
  Event ID: 1
  Task: N/A
  Level: Information
  Opcode: Info
  Keyword: Classic
  User: N/A
  User Name: N/A
  Computer: DESKTOP-NGQE08I
  Description: 
Geolocation positioning is enabled.

Event[3297]:
  Log Name: System
  Source: Service Control Manager
  Date: 2017-06-08T14:47:16.900
  Event ID: 7040
  Task: N/A
  Level: Information
  Opcode: N/A
  Keyword: Classic
  User: S-1-5-18
  User Name: NT AUTHORITY\SYSTEM
  Computer: DESKTOP-NGQE08I
  Description: 
The start type of the Background Intelligent Transfer Service service was changed from demand start to auto start.

Event[3298]:
  Log Name: System
  Source: Microsoft-Windows-Winlogon
  Date: 2017-06-08T14:49:20.357
  Event ID: 7001
  Task: N/A
  Level: Information
  Opcode: Info
  Keyword: N/A
  User: S-1-5-18
  User Name: NT AUTHORITY\SYSTEM
  Computer: DESKTOP-NGQE08I
  Description: 
User Log-on Notification for Customer Experience Improvement Program

Event[3299]:
  Log Name: System
  Source: Microsoft-Windows-Kernel-General
  Date: 2017-06-08T14:49:20.390
  Event ID: 16
  Task: N/A
  Level: Information
  Opcode: Info
  Keyword: N/A
  User: S-1-5-18
  User Name: NT AUTHORITY\SYSTEM
  Computer: DESKTOP-NGQE08I
  Description: 
The access history in hive \??\C:\Users\organ\ntuser.dat was cleared updating 5591 keys and creating 455 modified pages.

Event[3300]:
  Log Name: System
  Source: Microsoft-Windows-GroupPolicy
  Date: 2017-06-08T14:49:20.492
  Event ID: 1500
  Task: N/A
  Level: Information
  Opcode: Start
  Keyword: N/A
  User: S-1-5-18
  User Name: NT AUTHORITY\SYSTEM
  Computer: DESKTOP-NGQE08I
  Description: 
The Group Policy settings for the computer were processed successfully. There were no changes detected since the last successful processing of Group Policy.

Event[3301]:
  Log Name: System
  Source: Service Control Manager
  Date: 2017-06-08T14:49:25.057
  Event ID: 7040
  Task: N/A
  Level: Information
  Opcode: N/A
  Keyword: Classic
  User: S-1-5-18
  User Name: NT AUTHORITY\SYSTEM
  Computer: DESKTOP-NGQE08I
  Description: 
The start type of the Background Intelligent Transfer Service service was changed from auto start to demand start.

Event[3302]:
  Log Name: System
  Source: Microsoft-Windows-Kernel-General
  Date: 2017-06-08T14:50:11.917
  Event ID: 15
  Task: N/A
  Level: Information
  Opcode: Info
  Keyword: N/A
  User: S-1-5-18
  User Name: NT AUTHORITY\SYSTEM
  Computer: DESKTOP-NGQE08I
  Description: 
Hive \SystemRoot\System32\config\DRIVERS was reorganized with a starting size of 5193728 bytes and an ending size of 5275648 bytes.

Event[3303]:
  Log Name: System
  Source: Microsoft-Windows-Kernel-General
  Date: 2017-06-08T14:51:09.695
  Event ID: 16
  Task: N/A
  Level: Information
  Opcode: Info
  Keyword: N/A
  User: S-1-5-21-1441030301-2801777419-3013317047-1001
  User Name: DESKTOP-NGQE08I\organ
  Computer: DESKTOP-NGQE08I
  Description: 
The access history in hive \??\C:\Users\organ\AppData\Local\Packages\Microsoft.Windows.ContentDeliveryManager_cw5n1h2txyewy\Settings\settings.dat was cleared updating 251 keys and creating 30 modified pages.

Event[3304]:
  Log Name: System
  Source: Microsoft-Windows-Kernel-General
  Date: 2017-06-08T14:54:45.652
  Event ID: 16
  Task: N/A
  Level: Information
  Opcode: Info
  Keyword: N/A
  User: S-1-5-21-1441030301-2801777419-3013317047-1001
  User Name: DESKTOP-NGQE08I\organ
  Computer: DESKTOP-NGQE08I
  Description: 
The access history in hive \??\C:\Users\organ\AppData\Local\Packages\microsoft.windowscommunicationsapps_8wekyb3d8bbwe\Settings\settings.dat was cleared updating 206 keys and creating 20 modified pages.

Event[3305]:
  Log Name: System
  Source: Microsoft-Windows-Kernel-General
  Date: 2017-06-08T14:54:45.862
  Event ID: 16
  Task: N/A
  Level: Information
  Opcode: Info
  Keyword: N/A
  User: S-1-5-18
  User Name: NT AUTHORITY\SYSTEM
  Computer: DESKTOP-NGQE08I
  Description: 
The access history in hive \??\C:\ProgramData\Microsoft\Provisioning\Microsoft-Desktop-Provisioning-Sequence.dat was cleared updating 0 keys and creating 0 modified pages.

Event[3306]:
  Log Name: System
  Source: Microsoft-Windows-Kernel-General
  Date: 2017-06-08T14:54:46.559
  Event ID: 16
  Task: N/A
  Level: Information
  Opcode: Info
  Keyword: N/A
  User: S-1-5-21-1441030301-2801777419-3013317047-1001
  User Name: DESKTOP-NGQE08I\organ
  Computer: DESKTOP-NGQE08I
  Description: 
The access history in hive \??\C:\Users\organ\AppData\Local\Packages\Microsoft.Windows.Photos_8wekyb3d8bbwe\Settings\settings.dat was cleared updating 19 keys and creating 3 modified pages.

Event[3307]:
  Log Name: System
  Source: Microsoft-Windows-Time-Service
  Date: 2017-06-08T14:54:46.655
  Event ID: 158
  Task: N/A
  Level: Information
  Opcode: Info
  Keyword: N/A
  User: S-1-5-19
  User Name: NT AUTHORITY\LOCAL SERVICE
  Computer: DESKTOP-NGQE08I
  Description: 
The time provider 'VMICTimeProvider' has indicated that the current hardware and operating environment is not supported and has stopped. This behavior is expected for VMICTimeProvider on non-HyperV-guest environments. This may be the expected behavior for the current provider in the current operating environment as well.

Event[3308]:
  Log Name: System
  Source: Service Control Manager
  Date: 2017-06-08T14:54:46.697
  Event ID: 7040
  Task: N/A
  Level: Information
  Opcode: N/A
  Keyword: Classic
  User: S-1-5-18
  User Name: NT AUTHORITY\SYSTEM
  Computer: DESKTOP-NGQE08I
  Description: 
The start type of the Windows Modules Installer service was changed from demand start to auto start.

Event[3309]:
  Log Name: System
  Source: Microsoft-Windows-Kernel-General
  Date: 2017-06-08T14:54:47.296
  Event ID: 15
  Task: N/A
  Level: Information
  Opcode: Info
  Keyword: N/A
  User: S-1-5-18
  User Name: NT AUTHORITY\SYSTEM
  Computer: DESKTOP-NGQE08I
  Description: 
Hive \??\C:\Windows\System32\config\COMPONENTS was reorganized with a starting size of 32575488 bytes and an ending size of 32567296 bytes.

Event[3310]:
  Log Name: System
  Source: Microsoft-Windows-Time-Service
  Date: 2017-06-08T14:54:48.225
  Event ID: 37
  Task: N/A
  Level: Information
  Opcode: Info
  Keyword: N/A
  User: S-1-5-19
  User Name: NT AUTHORITY\LOCAL SERVICE
  Computer: DESKTOP-NGQE08I
  Description: 
The time provider NtpClient is currently receiving valid time data from time.windows.com,0x9 (ntp.m|0x9|0.0.0.0:123->51.141.32.51:123).

Event[3311]:
  Log Name: System
  Source: Microsoft-Windows-UserModePowerService
  Date: 2017-06-08T14:54:48.993
  Event ID: 22
  Task: N/A
  Level: Information
  Opcode: Info
  Keyword: N/A
  User: S-1-5-18
  User Name: NT AUTHORITY\SYSTEM
  Computer: DESKTOP-NGQE08I
  Description: 
Reapply power settings upon completion of the provisioning engine's turn 5

Event[3312]:
  Log Name: System
  Source: Microsoft-Windows-Kernel-General
  Date: 2017-06-08T14:54:50.187
  Event ID: 16
  Task: N/A
  Level: Information
  Opcode: Info
  Keyword: N/A
  User: S-1-5-21-1441030301-2801777419-3013317047-1001
  User Name: DESKTOP-NGQE08I\organ
  Computer: DESKTOP-NGQE08I
  Description: 
The access history in hive \??\C:\Users\organ\AppData\Local\Packages\Microsoft.Windows.CloudExperienceHost_cw5n1h2txyewy\Settings\settings.dat was cleared updating 3 keys and creating 1 modified pages.

Event[3313]:
  Log Name: System
  Source: Microsoft-Windows-Time-Service
  Date: 2017-06-08T14:55:02.682
  Event ID: 35
  Task: N/A
  Level: Information
  Opcode: Info
  Keyword: N/A
  User: S-1-5-19
  User Name: NT AUTHORITY\LOCAL SERVICE
  Computer: DESKTOP-NGQE08I
  Description: 
The time service is now synchronizing the system time with the time source time.windows.com,0x9 (ntp.m|0x9|0.0.0.0:123->51.141.32.51:123).

Event[3314]:
  Log Name: System
  Source: Microsoft-Windows-Kernel-General
  Date: 2017-06-08T14:55:02.681
  Event ID: 1
  Task: N/A
  Level: Information
  Opcode: Info
  Keyword: Time
  User: S-1-5-19
  User Name: NT AUTHORITY\LOCAL SERVICE
  Computer: DESKTOP-NGQE08I
  Description: 
The system time has changed to ?2017?-?06?-?08T13:55:02.682000000Z from ?2017?-?06?-?08T13:55:02.683053600Z.

Change Reason: An application or system component changed the time.

Event[3315]:
  Log Name: System
  Source: Service Control Manager
  Date: 2017-06-08T14:55:10.352
  Event ID: 7045
  Task: N/A
  Level: Information
  Opcode: N/A
  Keyword: Classic
  User: S-1-5-18
  User Name: NT AUTHORITY\SYSTEM
  Computer: DESKTOP-NGQE08I
  Description: 
A service was installed in the system.

Service Name:  MpKsla6d59867
Service File Name:  C:\ProgramData\Microsoft\Windows Defender\Definition Updates\{131FF47A-0DAB-4C89-8E0A-06FE31D5993B}\MpKsla6d59867.sys
Service Type:  kernel mode driver
Service Start Type:  system start
Service Account:  

Event[3316]:
  Log Name: System
  Source: Volsnap
  Date: 2017-06-08T14:56:19.243
  Event ID: 33
  Task: N/A
  Level: Information
  Opcode: N/A
  Keyword: Classic
  User: N/A
  User Name: N/A
  Computer: DESKTOP-NGQE08I
  Description: 
The oldest shadow copy of volume C: was deleted to keep disk space usage for shadow copies of volume C: below the user defined limit.

Event[3317]:
  Log Name: System
  Source: Volsnap
  Date: 2017-06-08T14:56:23.977
  Event ID: 33
  Task: N/A
  Level: Information
  Opcode: N/A
  Keyword: Classic
  User: N/A
  User Name: N/A
  Computer: DESKTOP-NGQE08I
  Description: 
The oldest shadow copy of volume C: was deleted to keep disk space usage for shadow copies of volume C: below the user defined limit.

Event[3318]:
  Log Name: System
  Source: Volsnap
  Date: 2017-06-08T14:56:28.009
  Event ID: 33
  Task: N/A
  Level: Information
  Opcode: N/A
  Keyword: Classic
  User: N/A
  User Name: N/A
  Computer: DESKTOP-NGQE08I
  Description: 
The oldest shadow copy of volume C: was deleted to keep disk space usage for shadow copies of volume C: below the user defined limit.

Event[3319]:
  Log Name: System
  Source: Volsnap
  Date: 2017-06-08T14:56:28.055
  Event ID: 33
  Task: N/A
  Level: Information
  Opcode: N/A
  Keyword: Classic
  User: N/A
  User Name: N/A
  Computer: DESKTOP-NGQE08I
  Description: 
The oldest shadow copy of volume C: was deleted to keep disk space usage for shadow copies of volume C: below the user defined limit.

Event[3320]:
  Log Name: System
  Source: Volsnap
  Date: 2017-06-08T14:56:31.977
  Event ID: 33
  Task: N/A
  Level: Information
  Opcode: N/A
  Keyword: Classic
  User: N/A
  User Name: N/A
  Computer: DESKTOP-NGQE08I
  Description: 
The oldest shadow copy of volume C: was deleted to keep disk space usage for shadow copies of volume C: below the user defined limit.

Event[3321]:
  Log Name: System
  Source: Volsnap
  Date: 2017-06-08T14:56:36.634
  Event ID: 33
  Task: N/A
  Level: Information
  Opcode: N/A
  Keyword: Classic
  User: N/A
  User Name: N/A
  Computer: DESKTOP-NGQE08I
  Description: 
The oldest shadow copy of volume C: was deleted to keep disk space usage for shadow copies of volume C: below the user defined limit.

Event[3322]:
  Log Name: System
  Source: Volsnap
  Date: 2017-06-08T14:56:48.337
  Event ID: 33
  Task: N/A
  Level: Information
  Opcode: N/A
  Keyword: Classic
  User: N/A
  User Name: N/A
  Computer: DESKTOP-NGQE08I
  Description: 
The oldest shadow copy of volume C: was deleted to keep disk space usage for shadow copies of volume C: below the user defined limit.

Event[3323]:
  Log Name: System
  Source: Volsnap
  Date: 2017-06-08T14:56:54.180
  Event ID: 33
  Task: N/A
  Level: Information
  Opcode: N/A
  Keyword: Classic
  User: N/A
  User Name: N/A
  Computer: DESKTOP-NGQE08I
  Description: 
The oldest shadow copy of volume C: was deleted to keep disk space usage for shadow copies of volume C: below the user defined limit.

Event[3324]:
  Log Name: System
  Source: Microsoft-Windows-Kernel-General
  Date: 2017-06-08T14:56:59.685
  Event ID: 16
  Task: N/A
  Level: Information
  Opcode: Info
  Keyword: N/A
  User: S-1-5-21-1441030301-2801777419-3013317047-1001
  User Name: DESKTOP-NGQE08I\organ
  Computer: DESKTOP-NGQE08I
  Description: 
The access history in hive \??\C:\Users\organ\AppData\Local\Packages\microsoft.aad.brokerplugin_cw5n1h2txyewy\Settings\settings.dat was cleared updating 5 keys and creating 1 modified pages.

Event[3325]:
  Log Name: System
  Source: Volsnap
  Date: 2017-06-08T14:57:01.899
  Event ID: 33
  Task: N/A
  Level: Information
  Opcode: N/A
  Keyword: Classic
  User: N/A
  User Name: N/A
  Computer: DESKTOP-NGQE08I
  Description: 
The oldest shadow copy of volume C: was deleted to keep disk space usage for shadow copies of volume C: below the user defined limit.

Event[3326]:
  Log Name: System
  Source: Volsnap
  Date: 2017-06-08T14:57:05.727
  Event ID: 33
  Task: N/A
  Level: Information
  Opcode: N/A
  Keyword: Classic
  User: N/A
  User Name: N/A
  Computer: DESKTOP-NGQE08I
  Description: 
The oldest shadow copy of volume C: was deleted to keep disk space usage for shadow copies of volume C: below the user defined limit.

Event[3327]:
  Log Name: System
  Source: Volsnap
  Date: 2017-06-08T14:57:19.384
  Event ID: 33
  Task: N/A
  Level: Information
  Opcode: N/A
  Keyword: Classic
  User: N/A
  User Name: N/A
  Computer: DESKTOP-NGQE08I
  Description: 
The oldest shadow copy of volume C: was deleted to keep disk space usage for shadow copies of volume C: below the user defined limit.

Event[3328]:
  Log Name: System
  Source: Microsoft-Windows-Kernel-General
  Date: 2017-06-08T14:57:41.088
  Event ID: 16
  Task: N/A
  Level: Information
  Opcode: Info
  Keyword: N/A
  User: S-1-5-21-1441030301-2801777419-3013317047-1001
  User Name: DESKTOP-NGQE08I\organ
  Computer: DESKTOP-NGQE08I
  Description: 
The access history in hive \??\C:\Users\organ\AppData\Local\Packages\microsoft.microsoftedge_8wekyb3d8bbwe\Settings\settings.dat was cleared updating 4 keys and creating 1 modified pages.

Event[3329]:
  Log Name: System
  Source: Microsoft-Windows-Kernel-General
  Date: 2017-06-08T14:57:46.965
  Event ID: 16
  Task: N/A
  Level: Information
  Opcode: Info
  Keyword: N/A
  User: S-1-5-21-1441030301-2801777419-3013317047-1001
  User Name: DESKTOP-NGQE08I\organ
  Computer: DESKTOP-NGQE08I
  Description: 
The access history in hive \??\C:\Users\organ\AppData\Local\Packages\microsoft.windowscamera_8wekyb3d8bbwe\Settings\settings.dat was cleared updating 2 keys and creating 1 modified pages.

Event[3330]:
  Log Name: System
  Source: Microsoft-Windows-Kernel-General
  Date: 2017-06-08T14:57:47.947
  Event ID: 16
  Task: N/A
  Level: Information
  Opcode: Info
  Keyword: N/A
  User: S-1-5-21-1441030301-2801777419-3013317047-1001
  User Name: DESKTOP-NGQE08I\organ
  Computer: DESKTOP-NGQE08I
  Description: 
The access history in hive \??\C:\Users\organ\AppData\Local\Packages\microsoft.windowsstore_8wekyb3d8bbwe\Settings\settings.dat was cleared updating 18 keys and creating 2 modified pages.

Event[3331]:
  Log Name: System
  Source: Microsoft-Windows-Kernel-General
  Date: 2017-06-08T14:57:50.259
  Event ID: 16
  Task: N/A
  Level: Information
  Opcode: Info
  Keyword: N/A
  User: S-1-5-21-1441030301-2801777419-3013317047-1001
  User Name: DESKTOP-NGQE08I\organ
  Computer: DESKTOP-NGQE08I
  Description: 
The access history in hive \??\C:\Users\organ\AppData\Local\Packages\microsoft.xboxidentityprovider_8wekyb3d8bbwe\Settings\settings.dat was cleared updating 2 keys and creating 1 modified pages.

Event[3332]:
  Log Name: System
  Source: Volsnap
  Date: 2017-06-08T14:57:51.493
  Event ID: 33
  Task: N/A
  Level: Information
  Opcode: N/A
  Keyword: Classic
  User: N/A
  User Name: N/A
  Computer: DESKTOP-NGQE08I
  Description: 
The oldest shadow copy of volume C: was deleted to keep disk space usage for shadow copies of volume C: below the user defined limit.

Event[3333]:
  Log Name: System
  Source: Microsoft-Windows-Kernel-General
  Date: 2017-06-08T14:57:52.150
  Event ID: 16
  Task: N/A
  Level: Information
  Opcode: Info
  Keyword: N/A
  User: S-1-5-21-1441030301-2801777419-3013317047-1001
  User Name: DESKTOP-NGQE08I\organ
  Computer: DESKTOP-NGQE08I
  Description: 
The access history in hive \??\C:\Users\organ\AppData\Local\Packages\windows.immersivecontrolpanel_cw5n1h2txyewy\Settings\settings.dat was cleared updating 2 keys and creating 1 modified pages.

Event[3334]:
  Log Name: System
  Source: Service Control Manager
  Date: 2017-06-08T14:57:59.352
  Event ID: 7040
  Task: N/A
  Level: Information
  Opcode: N/A
  Keyword: Classic
  User: S-1-5-18
  User Name: NT AUTHORITY\SYSTEM
  Computer: DESKTOP-NGQE08I
  Description: 
The start type of the Windows Modules Installer service was changed from auto start to demand start.

Event[3335]:
  Log Name: System
  Source: Service Control Manager
  Date: 2017-06-08T14:58:03.774
  Event ID: 7040
  Task: N/A
  Level: Information
  Opcode: N/A
  Keyword: Classic
  User: S-1-5-18
  User Name: NT AUTHORITY\SYSTEM
  Computer: DESKTOP-NGQE08I
  Description: 
The start type of the Windows Modules Installer service was changed from demand start to auto start.

Event[3336]:
  Log Name: System
  Source: Service Control Manager
  Date: 2017-06-08T15:00:57.457
  Event ID: 7040
  Task: N/A
  Level: Information
  Opcode: N/A
  Keyword: Classic
  User: S-1-5-18
  User Name: NT AUTHORITY\SYSTEM
  Computer: DESKTOP-NGQE08I
  Description: 
The start type of the Background Intelligent Transfer Service service was changed from demand start to auto start.

Event[3337]:
  Log Name: System
  Source: Service Control Manager
  Date: 2017-06-08T15:02:59.967
  Event ID: 7040
  Task: N/A
  Level: Information
  Opcode: N/A
  Keyword: Classic
  User: S-1-5-18
  User Name: NT AUTHORITY\SYSTEM
  Computer: DESKTOP-NGQE08I
  Description: 
The start type of the Background Intelligent Transfer Service service was changed from auto start to demand start.

Event[3338]:
  Log Name: System
  Source: Service Control Manager
  Date: 2017-06-08T15:10:35.488
  Event ID: 7040
  Task: N/A
  Level: Information
  Opcode: N/A
  Keyword: Classic
  User: S-1-5-18
  User Name: NT AUTHORITY\SYSTEM
  Computer: DESKTOP-NGQE08I
  Description: 
The start type of the Windows Modules Installer service was changed from auto start to demand start.

Event[3339]:
  Log Name: System
  Source: Service Control Manager
  Date: 2017-06-08T15:14:05.730
  Event ID: 7040
  Task: N/A
  Level: Information
  Opcode: N/A
  Keyword: Classic
  User: S-1-5-18
  User Name: NT AUTHORITY\SYSTEM
  Computer: DESKTOP-NGQE08I
  Description: 
The start type of the Background Intelligent Transfer Service service was changed from demand start to auto start.

Event[3340]:
  Log Name: System
  Source: Virtual Disk Service
  Date: 2017-06-08T15:25:19.494
  Event ID: 3
  Task: N/A
  Level: Information
  Opcode: N/A
  Keyword: Classic
  User: N/A
  User Name: N/A
  Computer: DESKTOP-NGQE08I
  Description: 
Service started.

Event[3341]:
  Log Name: System
  Source: Service Control Manager
  Date: 2017-06-08T15:25:30.194
  Event ID: 7040
  Task: N/A
  Level: Information
  Opcode: N/A
  Keyword: Classic
  User: S-1-5-18
  User Name: NT AUTHORITY\SYSTEM
  Computer: DESKTOP-NGQE08I
  Description: 
The start type of the Background Intelligent Transfer Service service was changed from auto start to demand start.

Event[3342]:
  Log Name: System
  Source: Virtual Disk Service
  Date: 2017-06-08T15:27:25.598
  Event ID: 4
  Task: N/A
  Level: Information
  Opcode: N/A
  Keyword: Classic
  User: N/A
  User Name: N/A
  Computer: DESKTOP-NGQE08I
  Description: 
Service stopped.

Event[3343]:
  Log Name: System
  Source: Service Control Manager
  Date: 2017-06-08T16:06:19.491
  Event ID: 7009
  Task: N/A
  Level: Error
  Opcode: N/A
  Keyword: Classic
  User: N/A
  User Name: N/A
  Computer: DESKTOP-NGQE08I
  Description: 
A timeout was reached (30000 milliseconds) while waiting for the Steam Client Service service to connect.

Event[3344]:
  Log Name: System
  Source: Service Control Manager
  Date: 2017-06-08T16:06:19.491
  Event ID: 7000
  Task: N/A
  Level: Error
  Opcode: N/A
  Keyword: Classic
  User: N/A
  User Name: N/A
  Computer: DESKTOP-NGQE08I
  Description: 
The Steam Client Service service failed to start due to the following error: 
The service did not respond to the start or control request in a timely fashion.

Event[3345]:
  Log Name: System
  Source: Service Control Manager
  Date: 2017-06-08T16:14:24.919
  Event ID: 7040
  Task: N/A
  Level: Information
  Opcode: N/A
  Keyword: Classic
  User: S-1-5-18
  User Name: NT AUTHORITY\SYSTEM
  Computer: DESKTOP-NGQE08I
  Description: 
The start type of the Windows Modules Installer service was changed from demand start to auto start.

Event[3346]:
  Log Name: System
  Source: Microsoft-Windows-Kernel-General
  Date: 2017-06-08T16:14:25.274
  Event ID: 15
  Task: N/A
  Level: Information
  Opcode: Info
  Keyword: N/A
  User: S-1-5-18
  User Name: NT AUTHORITY\SYSTEM
  Computer: DESKTOP-NGQE08I
  Description: 
Hive \??\C:\Windows\System32\SMI\Store\Machine\SCHEMA.DAT was reorganized with a starting size of 12591104 bytes and an ending size of 11776000 bytes.

Event[3347]:
  Log Name: System
  Source: Service Control Manager
  Date: 2017-06-08T16:22:22.273
  Event ID: 7040
  Task: N/A
  Level: Information
  Opcode: N/A
  Keyword: Classic
  User: S-1-5-18
  User Name: NT AUTHORITY\SYSTEM
  Computer: DESKTOP-NGQE08I
  Description: 
The start type of the Windows Modules Installer service was changed from auto start to demand start.

Event[3348]:
  Log Name: System
  Source: User32
  Date: 2017-06-08T22:08:36.424
  Event ID: 1074
  Task: N/A
  Level: Information
  Opcode: N/A
  Keyword: Classic
  User: S-1-5-21-1441030301-2801777419-3013317047-1001
  User Name: DESKTOP-NGQE08I\organ
  Computer: DESKTOP-NGQE08I
  Description: 
The process C:\Windows\System32\shutdown.exe (DESKTOP-NGQE08I) has initiated the restart of computer DESKTOP-NGQE08I on behalf of user DESKTOP-NGQE08I\organ for the following reason: No title for this reason could be found
 Reason Code: 0x800000ff
 Shut-down Type: restart
 Comment: 

Event[3349]:
  Log Name: System
  Source: Microsoft-Windows-Ntfs
  Date: 2017-06-08T22:08:36.676
  Event ID: 98
  Task: N/A
  Level: Information
  Opcode: Info
  Keyword: N/A
  User: S-1-5-18
  User Name: NT AUTHORITY\SYSTEM
  Computer: DESKTOP-NGQE08I
  Description: 
Volume ?? (\Device\HarddiskVolumeShadowCopy15) is healthy.  No action is needed.

Event[3350]:
  Log Name: System
  Source: EventLog
  Date: 2017-06-08T22:08:38.284
  Event ID: 6006
  Task: N/A
  Level: Information
  Opcode: N/A
  Keyword: Classic
  User: N/A
  User Name: N/A
  Computer: DESKTOP-NGQE08I
  Description: 
The Event log service was stopped.

Event[3351]:
  Log Name: System
  Source: Microsoft-Windows-GroupPolicy
  Date: 2017-06-08T22:08:37.854
  Event ID: 1500
  Task: N/A
  Level: Information
  Opcode: Start
  Keyword: N/A
  User: S-1-5-18
  User Name: NT AUTHORITY\SYSTEM
  Computer: DESKTOP-NGQE08I
  Description: 
The Group Policy settings for the computer were processed successfully. There were no changes detected since the last successful processing of Group Policy.

Event[3352]:
  Log Name: System
  Source: Microsoft-Windows-GroupPolicy
  Date: 2017-06-08T22:08:37.854
  Event ID: 1501
  Task: N/A
  Level: Information
  Opcode: Start
  Keyword: N/A
  User: S-1-5-21-1441030301-2801777419-3013317047-1001
  User Name: DESKTOP-NGQE08I\organ
  Computer: DESKTOP-NGQE08I
  Description: 
The Group Policy settings for the user were processed successfully. There were no changes detected since the last successful processing of Group Policy.

Event[3353]:
  Log Name: System
  Source: Microsoft-Windows-Winlogon
  Date: 2017-06-08T22:08:37.882
  Event ID: 7002
  Task: N/A
  Level: Information
  Opcode: Info
  Keyword: N/A
  User: S-1-5-18
  User Name: NT AUTHORITY\SYSTEM
  Computer: DESKTOP-NGQE08I
  Description: 
User Log-off Notification for Customer Experience Improvement Program

Event[3354]:
  Log Name: System
  Source: Microsoft-Windows-Dhcp-Client
  Date: 2017-06-08T22:08:38.282
  Event ID: 50104
  Task: Service State Event
  Level: Information
  Opcode: ServiceShutdown
  Keyword: N/A
  User: S-1-5-19
  User Name: NT AUTHORITY\LOCAL SERVICE
  Computer: DESKTOP-NGQE08I
  Description: 
DHCPv4 client received shutdown notification

Event[3355]:
  Log Name: System
  Source: Microsoft-Windows-Dhcp-Client
  Date: 2017-06-08T22:08:38.283
  Event ID: 50105
  Task: Service State Event
  Level: Information
  Opcode: ServiceShutdown
  Keyword: N/A
  User: S-1-5-19
  User Name: NT AUTHORITY\LOCAL SERVICE
  Computer: DESKTOP-NGQE08I
  Description: 
DHCPv4 client ProcessDHCPRequestForever received TERMINATE_EVENT

Event[3356]:
  Log Name: System
  Source: Microsoft-Windows-DHCPv6-Client
  Date: 2017-06-08T22:08:38.284
  Event ID: 51047
  Task: Service State Event
  Level: Information
  Opcode: ServiceStop
  Keyword: N/A
  User: S-1-5-19
  User Name: NT AUTHORITY\LOCAL SERVICE
  Computer: DESKTOP-NGQE08I
  Description: 
DHCPv6 client service is stopped. ShutDown Flag value is 1

Event[3357]:
  Log Name: System
  Source: Microsoft-Windows-DHCPv6-Client
  Date: 2017-06-08T22:08:38.284
  Event ID: 51057
  Task: Service State Event
  Level: Information
  Opcode: ServiceStopWithRefCount
  Keyword: N/A
  User: S-1-5-19
  User Name: NT AUTHORITY\LOCAL SERVICE
  Computer: DESKTOP-NGQE08I
  Description: 
DHCPv6 client service stop is almost done.DHCP Context Ref count is 1

Event[3358]:
  Log Name: System
  Source: Microsoft-Windows-DHCPv6-Client
  Date: 2017-06-08T22:08:38.284
  Event ID: 51057
  Task: Service State Event
  Level: Information
  Opcode: ServiceStopWithRefCount
  Keyword: N/A
  User: S-1-5-19
  User Name: NT AUTHORITY\LOCAL SERVICE
  Computer: DESKTOP-NGQE08I
  Description: 
DHCPv6 client service stop is almost done.DHCP Context Ref count is 1

Event[3359]:
  Log Name: System
  Source: Microsoft-Windows-Dhcp-Client
  Date: 2017-06-08T22:08:38.284
  Event ID: 50106
  Task: Service State Event
  Level: Information
  Opcode: ServiceShutdown
  Keyword: N/A
  User: S-1-5-19
  User Name: NT AUTHORITY\LOCAL SERVICE
  Computer: DESKTOP-NGQE08I
  Description: 
DHCPv4 is waiting on DHCPv6 service to stop

Event[3360]:
  Log Name: System
  Source: Microsoft-Windows-Dhcp-Client
  Date: 2017-06-08T22:08:38.284
  Event ID: 50037
  Task: Service State Event
  Level: Information
  Opcode: ServiceStop
  Keyword: N/A
  User: S-1-5-19
  User Name: NT AUTHORITY\LOCAL SERVICE
  Computer: DESKTOP-NGQE08I
  Description: 
DHCPv4 client service is stopped. ShutDown Flag value is 1

Event[3361]:
  Log Name: System
  Source: EventLog
  Date: 2017-06-08T22:09:23.981
  Event ID: 6009
  Task: N/A
  Level: Information
  Opcode: N/A
  Keyword: Classic
  User: N/A
  User Name: N/A
  Computer: DESKTOP-NGQE08I
  Description: 
Microsoft (R) Windows (R) 10.00. 15063  Multiprocessor Free.

Event[3362]:
  Log Name: System
  Source: EventLog
  Date: 2017-06-08T22:09:23.981
  Event ID: 6005
  Task: N/A
  Level: Information
  Opcode: N/A
  Keyword: Classic
  User: N/A
  User Name: N/A
  Computer: DESKTOP-NGQE08I
  Description: 
The Event log service was started.

Event[3363]:
  Log Name: System
  Source: EventLog
  Date: 2017-06-08T22:09:23.981
  Event ID: 6013
  Task: N/A
  Level: Information
  Opcode: N/A
  Keyword: Classic
  User: N/A
  User Name: N/A
  Computer: DESKTOP-NGQE08I
  Description: 
The system uptime is 17 seconds.

Event[3364]:
  Log Name: System
  Source: Microsoft-Windows-Kernel-Power
  Date: 2017-06-08T22:08:43.270
  Event ID: 109
  Task: N/A
  Level: Information
  Opcode: Info
  Keyword: N/A
  User: N/A
  User Name: N/A
  Computer: DESKTOP-NGQE08I
  Description: 
The kernel power manager has initiated a shutdown transition.

Shutdown Reason: Kernel API

Event[3365]:
  Log Name: System
  Source: Microsoft-Windows-Kernel-General
  Date: 2017-06-08T22:08:44.364
  Event ID: 13
  Task: N/A
  Level: Information
  Opcode: Info
  Keyword: N/A
  User: N/A
  User Name: N/A
  Computer: DESKTOP-NGQE08I
  Description: 
The operating system is shutting down at system time ?2017?-?06?-?08T21:08:44.364463900Z.

Event[3366]:
  Log Name: System
  Source: Microsoft-Windows-Kernel-General
  Date: 2017-06-08T22:09:06.764
  Event ID: 12
  Task: N/A
  Level: Information
  Opcode: Info
  Keyword: N/A
  User: S-1-5-18
  User Name: NT AUTHORITY\SYSTEM
  Computer: DESKTOP-NGQE08I
  Description: 
The operating system started at system time ?2017?-?06?-?08T21:09:06.497407500Z.

Event[3367]:
  Log Name: System
  Source: Microsoft-Windows-Kernel-Boot
  Date: 2017-06-08T22:09:06.764
  Event ID: 153
  Task: N/A
  Level: Information
  Opcode: Info
  Keyword: N/A
  User: S-1-5-18
  User Name: NT AUTHORITY\SYSTEM
  Computer: DESKTOP-NGQE08I
  Description: 
Virtualization-based security (policies: 0) is disabled.

Event[3368]:
  Log Name: System
  Source: Microsoft-Windows-Kernel-Boot
  Date: 2017-06-08T22:09:06.764
  Event ID: 18
  Task: N/A
  Level: Information
  Opcode: Info
  Keyword: N/A
  User: S-1-5-18
  User Name: NT AUTHORITY\SYSTEM
  Computer: DESKTOP-NGQE08I
  Description: 
There are 0x1 boot options on this system.

Event[3369]:
  Log Name: System
  Source: Microsoft-Windows-Kernel-Boot
  Date: 2017-06-08T22:09:06.764
  Event ID: 32
  Task: N/A
  Level: Information
  Opcode: Info
  Keyword: N/A
  User: S-1-5-18
  User Name: NT AUTHORITY\SYSTEM
  Computer: DESKTOP-NGQE08I
  Description: 
The bootmgr spent 0 ms waiting for user input.

Event[3370]:
  Log Name: System
  Source: Microsoft-Windows-Kernel-Boot
  Date: 2017-06-08T22:09:06.764
  Event ID: 20
  Task: N/A
  Level: Information
  Opcode: Info
  Keyword: N/A
  User: S-1-5-18
  User Name: NT AUTHORITY\SYSTEM
  Computer: DESKTOP-NGQE08I
  Description: 
The last shutdown's success status was true. The last boot's success status was true.

Event[3371]:
  Log Name: System
  Source: Microsoft-Windows-Kernel-Boot
  Date: 2017-06-08T22:09:06.764
  Event ID: 27
  Task: N/A
  Level: Information
  Opcode: Info
  Keyword: N/A
  User: S-1-5-18
  User Name: NT AUTHORITY\SYSTEM
  Computer: DESKTOP-NGQE08I
  Description: 
The boot type was 0x0.

Event[3372]:
  Log Name: System
  Source: Microsoft-Windows-Kernel-Boot
  Date: 2017-06-08T22:09:06.764
  Event ID: 25
  Task: N/A
  Level: Information
  Opcode: Info
  Keyword: N/A
  User: S-1-5-18
  User Name: NT AUTHORITY\SYSTEM
  Computer: DESKTOP-NGQE08I
  Description: 
The boot menu policy was 0x1.

Event[3373]:
  Log Name: System
  Source: Microsoft-Windows-Kernel-Boot
  Date: 2017-06-08T22:09:06.764
  Event ID: 30
  Task: N/A
  Level: Information
  Opcode: Info
  Keyword: N/A
  User: S-1-5-18
  User Name: NT AUTHORITY\SYSTEM
  Computer: DESKTOP-NGQE08I
  Description: 
The firmware reported boot metrics.

Event[3374]:
  Log Name: System
  Source: Microsoft-Windows-FilterManager
  Date: 2017-06-08T22:09:10.284
  Event ID: 6
  Task: N/A
  Level: Information
  Opcode: Info
  Keyword: N/A
  User: S-1-5-18
  User Name: NT AUTHORITY\SYSTEM
  Computer: DESKTOP-NGQE08I
  Description: 
File System Filter 'FileInfo' (10.0, ?2042?-?06?-?30T15:43:32.000000000Z) has successfully loaded and registered with Filter Manager.

Event[3375]:
  Log Name: System
  Source: Microsoft-Windows-FilterManager
  Date: 2017-06-08T22:09:10.286
  Event ID: 6
  Task: N/A
  Level: Information
  Opcode: Info
  Keyword: N/A
  User: S-1-5-18
  User Name: NT AUTHORITY\SYSTEM
  Computer: DESKTOP-NGQE08I
  Description: 
File System Filter 'Wof' (10.0, ?1974?-?03?-?11T23:47:45.000000000Z) has successfully loaded and registered with Filter Manager.

Event[3376]:
  Log Name: System
  Source: Microsoft-Windows-Ntfs
  Date: 2017-06-08T22:09:17.930
  Event ID: 98
  Task: N/A
  Level: Information
  Opcode: Info
  Keyword: N/A
  User: S-1-5-18
  User Name: NT AUTHORITY\SYSTEM
  Computer: DESKTOP-NGQE08I
  Description: 
Volume \\?\Volume{fccc927e-093e-491a-9791-61bb14ac26ca} (\Device\HarddiskVolume1) is healthy.  No action is needed.

Event[3377]:
  Log Name: System
  Source: Microsoft-Windows-Ntfs
  Date: 2017-06-08T22:09:17.999
  Event ID: 98
  Task: N/A
  Level: Information
  Opcode: Info
  Keyword: N/A
  User: S-1-5-18
  User Name: NT AUTHORITY\SYSTEM
  Computer: DESKTOP-NGQE08I
  Description: 
Volume C: (\Device\HarddiskVolume4) is healthy.  No action is needed.

Event[3378]:
  Log Name: System
  Source: Microsoft-Windows-Kernel-Power
  Date: 2017-06-08T22:09:18.114
  Event ID: 172
  Task: N/A
  Level: Information
  Opcode: Info
  Keyword: N/A
  User: S-1-5-18
  User Name: NT AUTHORITY\SYSTEM
  Computer: DESKTOP-NGQE08I
  Description: 
Connectivity state in standby: Disconnected, Reason: NIC compliance

Event[3379]:
  Log Name: System
  Source: Microsoft-Windows-DriverFrameworks-UserMode
  Date: 2017-06-08T22:09:18.145
  Event ID: 10114
  Task: Startup of the UMDF reflector
  Level: Information
  Opcode: Info
  Keyword: N/A
  User: S-1-5-18
  User Name: NT AUTHORITY\SYSTEM
  Computer: DESKTOP-NGQE08I
  Description: 
WUDFPf (part of UMDF) did not load yet. After it does, Windows will start the device again.

Event[3380]:
  Log Name: System
  Source: Microsoft-Windows-Kernel-PnP
  Date: 2017-06-08T22:09:18.145
  Event ID: 219
  Task: N/A
  Level: Warning
  Opcode: Info
  Keyword: N/A
  User: S-1-5-18
  User Name: NT AUTHORITY\SYSTEM
  Computer: DESKTOP-NGQE08I
  Description: 
The driver \Driver\WUDFRd failed to load for the device ACPI\PNP0A0A\2&daba3ff&0.

Event[3381]:
  Log Name: System
  Source: MEIx64
  Date: 2017-06-08T22:09:18.298
  Event ID: 2
  Task: N/A
  Level: Information
  Opcode: N/A
  Keyword: Classic
  User: N/A
  User Name: N/A
  Computer: DESKTOP-NGQE08I
  Description: 
Intel(R) Management Engine Interface driver has started successfully.

Event[3382]:
  Log Name: System
  Source: Microsoft-Windows-Ntfs
  Date: 2017-06-08T22:09:18.703
  Event ID: 98
  Task: N/A
  Level: Information
  Opcode: Info
  Keyword: N/A
  User: S-1-5-18
  User Name: NT AUTHORITY\SYSTEM
  Computer: DESKTOP-NGQE08I
  Description: 
Volume D: (\Device\HarddiskVolume5) is healthy.  No action is needed.

Event[3383]:
  Log Name: System
  Source: Microsoft-Windows-Ntfs
  Date: 2017-06-08T22:09:19.449
  Event ID: 98
  Task: N/A
  Level: Information
  Opcode: Info
  Keyword: N/A
  User: S-1-5-18
  User Name: NT AUTHORITY\SYSTEM
  Computer: DESKTOP-NGQE08I
  Description: 
Volume H: (\Device\HarddiskVolume10) is healthy.  No action is needed.

Event[3384]:
  Log Name: System
  Source: Microsoft-Windows-Ntfs
  Date: 2017-06-08T22:09:20.524
  Event ID: 98
  Task: N/A
  Level: Information
  Opcode: Info
  Keyword: N/A
  User: S-1-5-18
  User Name: NT AUTHORITY\SYSTEM
  Computer: DESKTOP-NGQE08I
  Description: 
Volume E: (\Device\HarddiskVolume7) is healthy.  No action is needed.

Event[3385]:
  Log Name: System
  Source: Microsoft-Windows-Ntfs
  Date: 2017-06-08T22:09:21.312
  Event ID: 98
  Task: N/A
  Level: Information
  Opcode: Info
  Keyword: N/A
  User: S-1-5-18
  User Name: NT AUTHORITY\SYSTEM
  Computer: DESKTOP-NGQE08I
  Description: 
Volume F: (\Device\HarddiskVolume8) is healthy.  No action is needed.

Event[3386]:
  Log Name: System
  Source: Microsoft-Windows-Ntfs
  Date: 2017-06-08T22:09:21.818
  Event ID: 98
  Task: N/A
  Level: Information
  Opcode: Info
  Keyword: N/A
  User: S-1-5-18
  User Name: NT AUTHORITY\SYSTEM
  Computer: DESKTOP-NGQE08I
  Description: 
Volume G: (\Device\HarddiskVolume9) is healthy.  No action is needed.

Event[3387]:
  Log Name: System
  Source: Microsoft-Windows-Kernel-General
  Date: 2017-06-08T22:09:22.138
  Event ID: 16
  Task: N/A
  Level: Information
  Opcode: Info
  Keyword: N/A
  User: S-1-5-18
  User Name: NT AUTHORITY\SYSTEM
  Computer: DESKTOP-NGQE08I
  Description: 
The access history in hive \Device\HarddiskVolume2\EFI\Microsoft\Boot\BCD was cleared updating 110 keys and creating 5 modified pages.

Event[3388]:
  Log Name: System
  Source: Microsoft-Windows-Kernel-General
  Date: 2017-06-08T22:09:23.311
  Event ID: 15
  Task: N/A
  Level: Information
  Opcode: Info
  Keyword: N/A
  User: S-1-5-18
  User Name: NT AUTHORITY\SYSTEM
  Computer: DESKTOP-NGQE08I
  Description: 
Hive \SystemRoot\System32\Config\SOFTWARE was reorganized with a starting size of 66588672 bytes and an ending size of 66973696 bytes.

Event[3389]:
  Log Name: System
  Source: Microsoft-Windows-Kernel-General
  Date: 2017-06-08T22:09:23.430
  Event ID: 16
  Task: N/A
  Level: Information
  Opcode: Info
  Keyword: N/A
  User: S-1-5-18
  User Name: NT AUTHORITY\SYSTEM
  Computer: DESKTOP-NGQE08I
  Description: 
The access history in hive \SystemRoot\System32\Config\DEFAULT was cleared updating 330 keys and creating 37 modified pages.

Event[3390]:
  Log Name: System
  Source: Microsoft-Windows-Wininit
  Date: 2017-06-08T22:09:23.676
  Event ID: 14
  Task: N/A
  Level: Information
  Opcode: Info
  Keyword: N/A
  User: S-1-5-18
  User Name: NT AUTHORITY\SYSTEM
  Computer: DESKTOP-NGQE08I
  Description: 
Credential Guard (LsaIso.exe) configuration: 0x0, 0

Event[3391]:
  Log Name: System
  Source: Microsoft-Windows-Kernel-General
  Date: 2017-06-08T22:09:23.701
  Event ID: 16
  Task: N/A
  Level: Information
  Opcode: Info
  Keyword: N/A
  User: S-1-5-18
  User Name: NT AUTHORITY\SYSTEM
  Computer: DESKTOP-NGQE08I
  Description: 
The access history in hive \SystemRoot\System32\Config\SECURITY was cleared updating 103 keys and creating 5 modified pages.

Event[3392]:
  Log Name: System
  Source: Microsoft-Windows-Directory-Services-SAM
  Date: 2017-06-08T22:09:23.822
  Event ID: 16962
  Task: N/A
  Level: Information
  Opcode: Info
  Keyword: N/A
  User: S-1-5-18
  User Name: NT AUTHORITY\SYSTEM
  Computer: DESKTOP-NGQE08I
  Description: 
Remote calls to the SAM database are being restricted using the default security descriptor: O:SYG:SYD:(A;;RC;;;BA).
For more information please see http://go.microsoft.com/fwlink/?LinkId=787651.

Event[3393]:
  Log Name: System
  Source: Microsoft-Windows-Kernel-General
  Date: 2017-06-08T22:09:23.823
  Event ID: 16
  Task: N/A
  Level: Information
  Opcode: Info
  Keyword: N/A
  User: S-1-5-18
  User Name: NT AUTHORITY\SYSTEM
  Computer: DESKTOP-NGQE08I
  Description: 
The access history in hive \SystemRoot\System32\Config\SAM was cleared updating 76 keys and creating 6 modified pages.

Event[3394]:
  Log Name: System
  Source: Microsoft-Windows-Kernel-General
  Date: 2017-06-08T22:09:23.896
  Event ID: 16
  Task: N/A
  Level: Information
  Opcode: Info
  Keyword: N/A
  User: S-1-5-18
  User Name: NT AUTHORITY\SYSTEM
  Computer: DESKTOP-NGQE08I
  Description: 
The access history in hive \??\C:\Windows\ServiceProfiles\NetworkService\NTUSER.DAT was cleared updating 664 keys and creating 34 modified pages.

Event[3395]:
  Log Name: System
  Source: Microsoft-Windows-Kernel-General
  Date: 2017-06-08T22:09:23.970
  Event ID: 16
  Task: N/A
  Level: Information
  Opcode: Info
  Keyword: N/A
  User: S-1-5-18
  User Name: NT AUTHORITY\SYSTEM
  Computer: DESKTOP-NGQE08I
  Description: 
The access history in hive \SystemRoot\System32\Config\BBI was cleared updating 394 keys and creating 93 modified pages.

Event[3396]:
  Log Name: System
  Source: Microsoft-Windows-Kernel-General
  Date: 2017-06-08T22:09:23.973
  Event ID: 16
  Task: N/A
  Level: Information
  Opcode: Info
  Keyword: N/A
  User: S-1-5-18
  User Name: NT AUTHORITY\SYSTEM
  Computer: DESKTOP-NGQE08I
  Description: 
The access history in hive \??\C:\Windows\ServiceProfiles\LocalService\NTUSER.DAT was cleared updating 666 keys and creating 37 modified pages.

Event[3397]:
  Log Name: System
  Source: Service Control Manager
  Date: 2017-06-08T22:09:23.997
  Event ID: 7001
  Task: N/A
  Level: Error
  Opcode: N/A
  Keyword: Classic
  User: N/A
  User Name: N/A
  Computer: DESKTOP-NGQE08I
  Description: 
The nsi service depends on the nsiproxy service which failed to start because of the following error: 
A device attached to the system is not functioning.

Event[3398]:
  Log Name: System
  Source: Service Control Manager
  Date: 2017-06-08T22:09:23.997
  Event ID: 7001
  Task: N/A
  Level: Error
  Opcode: N/A
  Keyword: Classic
  User: N/A
  User Name: N/A
  Computer: DESKTOP-NGQE08I
  Description: 
The Dhcp service depends on the nsi service which failed to start because of the following error: 
The dependency service or group failed to start.

Event[3399]:
  Log Name: System
  Source: Service Control Manager
  Date: 2017-06-08T22:09:23.997
  Event ID: 7001
  Task: N/A
  Level: Error
  Opcode: N/A
  Keyword: Classic
  User: N/A
  User Name: N/A
  Computer: DESKTOP-NGQE08I
  Description: 
The Dnscache service depends on the nsi service which failed to start because of the following error: 
The dependency service or group failed to start.

Event[3400]:
  Log Name: System
  Source: Service Control Manager
  Date: 2017-06-08T22:09:23.997
  Event ID: 7001
  Task: N/A
  Level: Error
  Opcode: N/A
  Keyword: Classic
  User: N/A
  User Name: N/A
  Computer: DESKTOP-NGQE08I
  Description: 
The Wcmsvc service depends on the nsi service which failed to start because of the following error: 
The dependency service or group failed to start.

Event[3401]:
  Log Name: System
  Source: Service Control Manager
  Date: 2017-06-08T22:09:24.012
  Event ID: 7001
  Task: N/A
  Level: Error
  Opcode: N/A
  Keyword: Classic
  User: N/A
  User Name: N/A
  Computer: DESKTOP-NGQE08I
  Description: 
The LanmanWorkstation service depends on the nsi service which failed to start because of the following error: 
The dependency service or group failed to start.

Event[3402]:
  Log Name: System
  Source: Service Control Manager
  Date: 2017-06-08T22:09:24.012
  Event ID: 7001
  Task: N/A
  Level: Error
  Opcode: N/A
  Keyword: Classic
  User: N/A
  User Name: N/A
  Computer: DESKTOP-NGQE08I
  Description: 
The mrxsmb service depends on the rdbss service which failed to start because of the following error: 
A device attached to the system is not functioning.

Event[3403]:
  Log Name: System
  Source: Service Control Manager
  Date: 2017-06-08T22:09:24.012
  Event ID: 7001
  Task: N/A
  Level: Error
  Opcode: N/A
  Keyword: Classic
  User: N/A
  User Name: N/A
  Computer: DESKTOP-NGQE08I
  Description: 
The mrxsmb20 service depends on the mrxsmb service which failed to start because of the following error: 
The dependency service or group failed to start.

Event[3404]:
