  Log Name: System
  Source: Microsoft-Windows-DistributedCOM
  Date: 2017-06-08T22:10:52.663
  Event ID: 10005
  Task: N/A
  Level: Error
  Opcode: Info
  Keyword: Classic
  User: S-1-5-21-1441030301-2801777419-3013317047-1001
  User Name: DESKTOP-NGQE08I\organ
  Computer: DESKTOP-NGQE08I
  Description: 
DCOM got error "1084" attempting to start the service WSearch with arguments "Unavailable" in order to run the server:
{B52D54BB-4818-4EB9-AA80-F9EACD371DF8}

Event[3614]:
  Log Name: System
  Source: Microsoft-Windows-DistributedCOM
  Date: 2017-06-08T22:10:52.663
  Event ID: 10005
  Task: N/A
  Level: Error
  Opcode: Info
  Keyword: Classic
  User: S-1-5-21-1441030301-2801777419-3013317047-1001
  User Name: DESKTOP-NGQE08I\organ
  Computer: DESKTOP-NGQE08I
  Description: 
DCOM got error "1084" attempting to start the service WSearch with arguments "Unavailable" in order to run the server:
{B52D54BB-4818-4EB9-AA80-F9EACD371DF8}

Event[3615]:
  Log Name: System
  Source: Microsoft-Windows-DistributedCOM
  Date: 2017-06-08T22:10:52.663
  Event ID: 10005
  Task: N/A
  Level: Error
  Opcode: Info
  Keyword: Classic
  User: S-1-5-21-1441030301-2801777419-3013317047-1001
  User Name: DESKTOP-NGQE08I\organ
  Computer: DESKTOP-NGQE08I
  Description: 
DCOM got error "1084" attempting to start the service WSearch with arguments "Unavailable" in order to run the server:
{B52D54BB-4818-4EB9-AA80-F9EACD371DF8}

Event[3616]:
  Log Name: System
  Source: Microsoft-Windows-DistributedCOM
  Date: 2017-06-08T22:10:52.663
  Event ID: 10005
  Task: N/A
  Level: Error
  Opcode: Info
  Keyword: Classic
  User: S-1-5-21-1441030301-2801777419-3013317047-1001
  User Name: DESKTOP-NGQE08I\organ
  Computer: DESKTOP-NGQE08I
  Description: 
DCOM got error "1084" attempting to start the service WSearch with arguments "Unavailable" in order to run the server:
{B52D54BB-4818-4EB9-AA80-F9EACD371DF8}

Event[3617]:
  Log Name: System
  Source: Microsoft-Windows-DistributedCOM
  Date: 2017-06-08T22:10:52.663
  Event ID: 10005
  Task: N/A
  Level: Error
  Opcode: Info
  Keyword: Classic
  User: S-1-5-21-1441030301-2801777419-3013317047-1001
  User Name: DESKTOP-NGQE08I\organ
  Computer: DESKTOP-NGQE08I
  Description: 
DCOM got error "1084" attempting to start the service WSearch with arguments "Unavailable" in order to run the server:
{B52D54BB-4818-4EB9-AA80-F9EACD371DF8}

Event[3618]:
  Log Name: System
  Source: Microsoft-Windows-DistributedCOM
  Date: 2017-06-08T22:10:52.663
  Event ID: 10005
  Task: N/A
  Level: Error
  Opcode: Info
  Keyword: Classic
  User: S-1-5-21-1441030301-2801777419-3013317047-1001
  User Name: DESKTOP-NGQE08I\organ
  Computer: DESKTOP-NGQE08I
  Description: 
DCOM got error "1084" attempting to start the service WSearch with arguments "Unavailable" in order to run the server:
{B52D54BB-4818-4EB9-AA80-F9EACD371DF8}

Event[3619]:
  Log Name: System
  Source: Microsoft-Windows-DistributedCOM
  Date: 2017-06-08T22:10:52.663
  Event ID: 10005
  Task: N/A
  Level: Error
  Opcode: Info
  Keyword: Classic
  User: S-1-5-21-1441030301-2801777419-3013317047-1001
  User Name: DESKTOP-NGQE08I\organ
  Computer: DESKTOP-NGQE08I
  Description: 
DCOM got error "1084" attempting to start the service WSearch with arguments "Unavailable" in order to run the server:
{B52D54BB-4818-4EB9-AA80-F9EACD371DF8}

Event[3620]:
  Log Name: System
  Source: Microsoft-Windows-DistributedCOM
  Date: 2017-06-08T22:10:52.663
  Event ID: 10005
  Task: N/A
  Level: Error
  Opcode: Info
  Keyword: Classic
  User: S-1-5-21-1441030301-2801777419-3013317047-1001
  User Name: DESKTOP-NGQE08I\organ
  Computer: DESKTOP-NGQE08I
  Description: 
DCOM got error "1084" attempting to start the service WSearch with arguments "Unavailable" in order to run the server:
{B52D54BB-4818-4EB9-AA80-F9EACD371DF8}

Event[3621]:
  Log Name: System
  Source: Microsoft-Windows-DistributedCOM
  Date: 2017-06-08T22:10:52.663
  Event ID: 10005
  Task: N/A
  Level: Error
  Opcode: Info
  Keyword: Classic
  User: S-1-5-21-1441030301-2801777419-3013317047-1001
  User Name: DESKTOP-NGQE08I\organ
  Computer: DESKTOP-NGQE08I
  Description: 
DCOM got error "1084" attempting to start the service WSearch with arguments "Unavailable" in order to run the server:
{B52D54BB-4818-4EB9-AA80-F9EACD371DF8}

Event[3622]:
  Log Name: System
  Source: Microsoft-Windows-DistributedCOM
  Date: 2017-06-08T22:10:52.663
  Event ID: 10005
  Task: N/A
  Level: Error
  Opcode: Info
  Keyword: Classic
  User: S-1-5-21-1441030301-2801777419-3013317047-1001
  User Name: DESKTOP-NGQE08I\organ
  Computer: DESKTOP-NGQE08I
  Description: 
DCOM got error "1084" attempting to start the service WSearch with arguments "Unavailable" in order to run the server:
{B52D54BB-4818-4EB9-AA80-F9EACD371DF8}

Event[3623]:
  Log Name: System
  Source: Microsoft-Windows-DistributedCOM
  Date: 2017-06-08T22:10:52.679
  Event ID: 10005
  Task: N/A
  Level: Error
  Opcode: Info
  Keyword: Classic
  User: S-1-5-21-1441030301-2801777419-3013317047-1001
  User Name: DESKTOP-NGQE08I\organ
  Computer: DESKTOP-NGQE08I
  Description: 
DCOM got error "1084" attempting to start the service WSearch with arguments "Unavailable" in order to run the server:
{B52D54BB-4818-4EB9-AA80-F9EACD371DF8}

Event[3624]:
  Log Name: System
  Source: Microsoft-Windows-DistributedCOM
  Date: 2017-06-08T22:10:52.679
  Event ID: 10005
  Task: N/A
  Level: Error
  Opcode: Info
  Keyword: Classic
  User: S-1-5-21-1441030301-2801777419-3013317047-1001
  User Name: DESKTOP-NGQE08I\organ
  Computer: DESKTOP-NGQE08I
  Description: 
DCOM got error "1084" attempting to start the service WSearch with arguments "Unavailable" in order to run the server:
{B52D54BB-4818-4EB9-AA80-F9EACD371DF8}

Event[3625]:
  Log Name: System
  Source: Microsoft-Windows-DistributedCOM
  Date: 2017-06-08T22:10:52.679
  Event ID: 10005
  Task: N/A
  Level: Error
  Opcode: Info
  Keyword: Classic
  User: S-1-5-21-1441030301-2801777419-3013317047-1001
  User Name: DESKTOP-NGQE08I\organ
  Computer: DESKTOP-NGQE08I
  Description: 
DCOM got error "1084" attempting to start the service WSearch with arguments "Unavailable" in order to run the server:
{B52D54BB-4818-4EB9-AA80-F9EACD371DF8}

Event[3626]:
  Log Name: System
  Source: Microsoft-Windows-DistributedCOM
  Date: 2017-06-08T22:10:52.679
  Event ID: 10005
  Task: N/A
  Level: Error
  Opcode: Info
  Keyword: Classic
  User: S-1-5-21-1441030301-2801777419-3013317047-1001
  User Name: DESKTOP-NGQE08I\organ
  Computer: DESKTOP-NGQE08I
  Description: 
DCOM got error "1084" attempting to start the service WSearch with arguments "Unavailable" in order to run the server:
{B52D54BB-4818-4EB9-AA80-F9EACD371DF8}

Event[3627]:
  Log Name: System
  Source: Microsoft-Windows-DistributedCOM
  Date: 2017-06-08T22:10:52.679
  Event ID: 10005
  Task: N/A
  Level: Error
  Opcode: Info
  Keyword: Classic
  User: S-1-5-21-1441030301-2801777419-3013317047-1001
  User Name: DESKTOP-NGQE08I\organ
  Computer: DESKTOP-NGQE08I
  Description: 
DCOM got error "1084" attempting to start the service WSearch with arguments "Unavailable" in order to run the server:
{B52D54BB-4818-4EB9-AA80-F9EACD371DF8}

Event[3628]:
  Log Name: System
  Source: Microsoft-Windows-DistributedCOM
  Date: 2017-06-08T22:10:52.679
  Event ID: 10005
  Task: N/A
  Level: Error
  Opcode: Info
  Keyword: Classic
  User: S-1-5-21-1441030301-2801777419-3013317047-1001
  User Name: DESKTOP-NGQE08I\organ
  Computer: DESKTOP-NGQE08I
  Description: 
DCOM got error "1084" attempting to start the service WSearch with arguments "Unavailable" in order to run the server:
{B52D54BB-4818-4EB9-AA80-F9EACD371DF8}

Event[3629]:
  Log Name: System
  Source: Microsoft-Windows-DistributedCOM
  Date: 2017-06-08T22:10:52.679
  Event ID: 10005
  Task: N/A
  Level: Error
  Opcode: Info
  Keyword: Classic
  User: S-1-5-21-1441030301-2801777419-3013317047-1001
  User Name: DESKTOP-NGQE08I\organ
  Computer: DESKTOP-NGQE08I
  Description: 
DCOM got error "1084" attempting to start the service WSearch with arguments "Unavailable" in order to run the server:
{B52D54BB-4818-4EB9-AA80-F9EACD371DF8}

Event[3630]:
  Log Name: System
  Source: Microsoft-Windows-DistributedCOM
  Date: 2017-06-08T22:10:52.679
  Event ID: 10005
  Task: N/A
  Level: Error
  Opcode: Info
  Keyword: Classic
  User: S-1-5-21-1441030301-2801777419-3013317047-1001
  User Name: DESKTOP-NGQE08I\organ
  Computer: DESKTOP-NGQE08I
  Description: 
DCOM got error "1084" attempting to start the service WSearch with arguments "Unavailable" in order to run the server:
{B52D54BB-4818-4EB9-AA80-F9EACD371DF8}

Event[3631]:
  Log Name: System
  Source: Microsoft-Windows-DistributedCOM
  Date: 2017-06-08T22:10:52.679
  Event ID: 10005
  Task: N/A
  Level: Error
  Opcode: Info
  Keyword: Classic
  User: S-1-5-21-1441030301-2801777419-3013317047-1001
  User Name: DESKTOP-NGQE08I\organ
  Computer: DESKTOP-NGQE08I
  Description: 
DCOM got error "1084" attempting to start the service WSearch with arguments "Unavailable" in order to run the server:
{B52D54BB-4818-4EB9-AA80-F9EACD371DF8}

Event[3632]:
  Log Name: System
  Source: Microsoft-Windows-DistributedCOM
  Date: 2017-06-08T22:10:56.413
  Event ID: 10005
  Task: N/A
  Level: Error
  Opcode: Info
  Keyword: Classic
  User: S-1-5-21-1441030301-2801777419-3013317047-1001
  User Name: DESKTOP-NGQE08I\organ
  Computer: DESKTOP-NGQE08I
  Description: 
DCOM got error "1084" attempting to start the service ShellHWDetection with arguments "Unavailable" in order to run the server:
{DD522ACC-F821-461A-A407-50B198B896DC}

Event[3633]:
  Log Name: System
  Source: Microsoft-Windows-DistributedCOM
  Date: 2017-06-08T22:10:56.413
  Event ID: 10005
  Task: N/A
  Level: Error
  Opcode: Info
  Keyword: Classic
  User: S-1-5-21-1441030301-2801777419-3013317047-1001
  User Name: DESKTOP-NGQE08I\organ
  Computer: DESKTOP-NGQE08I
  Description: 
DCOM got error "1084" attempting to start the service TokenBroker with arguments "Unavailable" in order to run the server:
Windows.Internal.Security.Authentication.Web.TokenBrokerInternal

Event[3634]:
  Log Name: System
  Source: Microsoft-Windows-DistributedCOM
  Date: 2017-06-08T22:10:56.460
  Event ID: 10005
  Task: N/A
  Level: Error
  Opcode: Info
  Keyword: Classic
  User: S-1-5-21-1441030301-2801777419-3013317047-1001
  User Name: DESKTOP-NGQE08I\organ
  Computer: DESKTOP-NGQE08I
  Description: 
DCOM got error "1084" attempting to start the service ShellHWDetection with arguments "Unavailable" in order to run the server:
{DD522ACC-F821-461A-A407-50B198B896DC}

Event[3635]:
  Log Name: System
  Source: Microsoft-Windows-DistributedCOM
  Date: 2017-06-08T22:10:56.569
  Event ID: 10005
  Task: N/A
  Level: Error
  Opcode: Info
  Keyword: Classic
  User: S-1-5-21-1441030301-2801777419-3013317047-1001
  User Name: DESKTOP-NGQE08I\organ
  Computer: DESKTOP-NGQE08I
  Description: 
DCOM got error "1084" attempting to start the service ShellHWDetection with arguments "Unavailable" in order to run the server:
{DD522ACC-F821-461A-A407-50B198B896DC}

Event[3636]:
  Log Name: System
  Source: Microsoft-Windows-DistributedCOM
  Date: 2017-06-08T22:10:56.585
  Event ID: 10005
  Task: N/A
  Level: Error
  Opcode: Info
  Keyword: Classic
  User: S-1-5-21-1441030301-2801777419-3013317047-1001
  User Name: DESKTOP-NGQE08I\organ
  Computer: DESKTOP-NGQE08I
  Description: 
DCOM got error "1084" attempting to start the service TokenBroker with arguments "Unavailable" in order to run the server:
Windows.Internal.Security.Authentication.Web.TokenBrokerInternal

Event[3637]:
  Log Name: System
  Source: Microsoft-Windows-DistributedCOM
  Date: 2017-06-08T22:10:56.616
  Event ID: 10005
  Task: N/A
  Level: Error
  Opcode: Info
  Keyword: Classic
  User: S-1-5-21-1441030301-2801777419-3013317047-1001
  User Name: DESKTOP-NGQE08I\organ
  Computer: DESKTOP-NGQE08I
  Description: 
DCOM got error "1084" attempting to start the service ShellHWDetection with arguments "Unavailable" in order to run the server:
{DD522ACC-F821-461A-A407-50B198B896DC}

Event[3638]:
  Log Name: System
  Source: Microsoft-Windows-DistributedCOM
  Date: 2017-06-08T22:10:56.694
  Event ID: 10005
  Task: N/A
  Level: Error
  Opcode: Info
  Keyword: Classic
  User: S-1-5-21-1441030301-2801777419-3013317047-1001
  User Name: DESKTOP-NGQE08I\organ
  Computer: DESKTOP-NGQE08I
  Description: 
DCOM got error "1084" attempting to start the service WSearch with arguments "Unavailable" in order to run the server:
{B52D54BB-4818-4EB9-AA80-F9EACD371DF8}

Event[3639]:
  Log Name: System
  Source: Microsoft-Windows-DistributedCOM
  Date: 2017-06-08T22:10:56.694
  Event ID: 10005
  Task: N/A
  Level: Error
  Opcode: Info
  Keyword: Classic
  User: S-1-5-21-1441030301-2801777419-3013317047-1001
  User Name: DESKTOP-NGQE08I\organ
  Computer: DESKTOP-NGQE08I
  Description: 
DCOM got error "1084" attempting to start the service WSearch with arguments "Unavailable" in order to run the server:
{B52D54BB-4818-4EB9-AA80-F9EACD371DF8}

Event[3640]:
  Log Name: System
  Source: Microsoft-Windows-DistributedCOM
  Date: 2017-06-08T22:10:56.694
  Event ID: 10005
  Task: N/A
  Level: Error
  Opcode: Info
  Keyword: Classic
  User: S-1-5-21-1441030301-2801777419-3013317047-1001
  User Name: DESKTOP-NGQE08I\organ
  Computer: DESKTOP-NGQE08I
  Description: 
DCOM got error "1084" attempting to start the service WSearch with arguments "Unavailable" in order to run the server:
{B52D54BB-4818-4EB9-AA80-F9EACD371DF8}

Event[3641]:
  Log Name: System
  Source: Microsoft-Windows-DistributedCOM
  Date: 2017-06-08T22:10:56.694
  Event ID: 10005
  Task: N/A
  Level: Error
  Opcode: Info
  Keyword: Classic
  User: S-1-5-21-1441030301-2801777419-3013317047-1001
  User Name: DESKTOP-NGQE08I\organ
  Computer: DESKTOP-NGQE08I
  Description: 
DCOM got error "1084" attempting to start the service WSearch with arguments "Unavailable" in order to run the server:
{B52D54BB-4818-4EB9-AA80-F9EACD371DF8}

Event[3642]:
  Log Name: System
  Source: Microsoft-Windows-DistributedCOM
  Date: 2017-06-08T22:10:56.694
  Event ID: 10005
  Task: N/A
  Level: Error
  Opcode: Info
  Keyword: Classic
  User: S-1-5-21-1441030301-2801777419-3013317047-1001
  User Name: DESKTOP-NGQE08I\organ
  Computer: DESKTOP-NGQE08I
  Description: 
DCOM got error "1084" attempting to start the service WSearch with arguments "Unavailable" in order to run the server:
{B52D54BB-4818-4EB9-AA80-F9EACD371DF8}

Event[3643]:
  Log Name: System
  Source: Microsoft-Windows-DistributedCOM
  Date: 2017-06-08T22:10:56.694
  Event ID: 10005
  Task: N/A
  Level: Error
  Opcode: Info
  Keyword: Classic
  User: S-1-5-21-1441030301-2801777419-3013317047-1001
  User Name: DESKTOP-NGQE08I\organ
  Computer: DESKTOP-NGQE08I
  Description: 
DCOM got error "1084" attempting to start the service WSearch with arguments "Unavailable" in order to run the server:
{B52D54BB-4818-4EB9-AA80-F9EACD371DF8}

Event[3644]:
  Log Name: System
  Source: Microsoft-Windows-DistributedCOM
  Date: 2017-06-08T22:10:56.694
  Event ID: 10005
  Task: N/A
  Level: Error
  Opcode: Info
  Keyword: Classic
  User: S-1-5-21-1441030301-2801777419-3013317047-1001
  User Name: DESKTOP-NGQE08I\organ
  Computer: DESKTOP-NGQE08I
  Description: 
DCOM got error "1084" attempting to start the service WSearch with arguments "Unavailable" in order to run the server:
{B52D54BB-4818-4EB9-AA80-F9EACD371DF8}

Event[3645]:
  Log Name: System
  Source: Microsoft-Windows-DistributedCOM
  Date: 2017-06-08T22:10:56.694
  Event ID: 10005
  Task: N/A
  Level: Error
  Opcode: Info
  Keyword: Classic
  User: S-1-5-21-1441030301-2801777419-3013317047-1001
  User Name: DESKTOP-NGQE08I\organ
  Computer: DESKTOP-NGQE08I
  Description: 
DCOM got error "1084" attempting to start the service WSearch with arguments "Unavailable" in order to run the server:
{B52D54BB-4818-4EB9-AA80-F9EACD371DF8}

Event[3646]:
  Log Name: System
  Source: Microsoft-Windows-DistributedCOM
  Date: 2017-06-08T22:10:56.694
  Event ID: 10005
  Task: N/A
  Level: Error
  Opcode: Info
  Keyword: Classic
  User: S-1-5-21-1441030301-2801777419-3013317047-1001
  User Name: DESKTOP-NGQE08I\organ
  Computer: DESKTOP-NGQE08I
  Description: 
DCOM got error "1084" attempting to start the service WSearch with arguments "Unavailable" in order to run the server:
{B52D54BB-4818-4EB9-AA80-F9EACD371DF8}

Event[3647]:
  Log Name: System
  Source: Microsoft-Windows-DistributedCOM
  Date: 2017-06-08T22:10:56.694
  Event ID: 10005
  Task: N/A
  Level: Error
  Opcode: Info
  Keyword: Classic
  User: S-1-5-21-1441030301-2801777419-3013317047-1001
  User Name: DESKTOP-NGQE08I\organ
  Computer: DESKTOP-NGQE08I
  Description: 
DCOM got error "1084" attempting to start the service WSearch with arguments "Unavailable" in order to run the server:
{B52D54BB-4818-4EB9-AA80-F9EACD371DF8}

Event[3648]:
  Log Name: System
  Source: Microsoft-Windows-DistributedCOM
  Date: 2017-06-08T22:10:56.694
  Event ID: 10005
  Task: N/A
  Level: Error
  Opcode: Info
  Keyword: Classic
  User: S-1-5-21-1441030301-2801777419-3013317047-1001
  User Name: DESKTOP-NGQE08I\organ
  Computer: DESKTOP-NGQE08I
  Description: 
DCOM got error "1084" attempting to start the service WSearch with arguments "Unavailable" in order to run the server:
{B52D54BB-4818-4EB9-AA80-F9EACD371DF8}

Event[3649]:
  Log Name: System
  Source: Microsoft-Windows-DistributedCOM
  Date: 2017-06-08T22:10:56.694
  Event ID: 10005
  Task: N/A
  Level: Error
  Opcode: Info
  Keyword: Classic
  User: S-1-5-21-1441030301-2801777419-3013317047-1001
  User Name: DESKTOP-NGQE08I\organ
  Computer: DESKTOP-NGQE08I
  Description: 
DCOM got error "1084" attempting to start the service WSearch with arguments "Unavailable" in order to run the server:
{B52D54BB-4818-4EB9-AA80-F9EACD371DF8}

Event[3650]:
  Log Name: System
  Source: Microsoft-Windows-DistributedCOM
  Date: 2017-06-08T22:10:56.694
  Event ID: 10005
  Task: N/A
  Level: Error
  Opcode: Info
  Keyword: Classic
  User: S-1-5-21-1441030301-2801777419-3013317047-1001
  User Name: DESKTOP-NGQE08I\organ
  Computer: DESKTOP-NGQE08I
  Description: 
DCOM got error "1084" attempting to start the service WSearch with arguments "Unavailable" in order to run the server:
{B52D54BB-4818-4EB9-AA80-F9EACD371DF8}

Event[3651]:
  Log Name: System
  Source: Microsoft-Windows-DistributedCOM
  Date: 2017-06-08T22:10:56.710
  Event ID: 10005
  Task: N/A
  Level: Error
  Opcode: Info
  Keyword: Classic
  User: S-1-5-21-1441030301-2801777419-3013317047-1001
  User Name: DESKTOP-NGQE08I\organ
  Computer: DESKTOP-NGQE08I
  Description: 
DCOM got error "1084" attempting to start the service WSearch with arguments "Unavailable" in order to run the server:
{B52D54BB-4818-4EB9-AA80-F9EACD371DF8}

Event[3652]:
  Log Name: System
  Source: Microsoft-Windows-DistributedCOM
  Date: 2017-06-08T22:10:56.710
  Event ID: 10005
  Task: N/A
  Level: Error
  Opcode: Info
  Keyword: Classic
  User: S-1-5-21-1441030301-2801777419-3013317047-1001
  User Name: DESKTOP-NGQE08I\organ
  Computer: DESKTOP-NGQE08I
  Description: 
DCOM got error "1084" attempting to start the service WSearch with arguments "Unavailable" in order to run the server:
{B52D54BB-4818-4EB9-AA80-F9EACD371DF8}

Event[3653]:
  Log Name: System
  Source: Microsoft-Windows-DistributedCOM
  Date: 2017-06-08T22:10:56.710
  Event ID: 10005
  Task: N/A
  Level: Error
  Opcode: Info
  Keyword: Classic
  User: S-1-5-21-1441030301-2801777419-3013317047-1001
  User Name: DESKTOP-NGQE08I\organ
  Computer: DESKTOP-NGQE08I
  Description: 
DCOM got error "1084" attempting to start the service WSearch with arguments "Unavailable" in order to run the server:
{B52D54BB-4818-4EB9-AA80-F9EACD371DF8}

Event[3654]:
  Log Name: System
  Source: Microsoft-Windows-DistributedCOM
  Date: 2017-06-08T22:10:56.710
  Event ID: 10005
  Task: N/A
  Level: Error
  Opcode: Info
  Keyword: Classic
  User: S-1-5-21-1441030301-2801777419-3013317047-1001
  User Name: DESKTOP-NGQE08I\organ
  Computer: DESKTOP-NGQE08I
  Description: 
DCOM got error "1084" attempting to start the service WSearch with arguments "Unavailable" in order to run the server:
{B52D54BB-4818-4EB9-AA80-F9EACD371DF8}

Event[3655]:
  Log Name: System
  Source: Microsoft-Windows-DistributedCOM
  Date: 2017-06-08T22:10:56.710
  Event ID: 10005
  Task: N/A
  Level: Error
  Opcode: Info
  Keyword: Classic
  User: S-1-5-21-1441030301-2801777419-3013317047-1001
  User Name: DESKTOP-NGQE08I\organ
  Computer: DESKTOP-NGQE08I
  Description: 
DCOM got error "1084" attempting to start the service WSearch with arguments "Unavailable" in order to run the server:
{B52D54BB-4818-4EB9-AA80-F9EACD371DF8}

Event[3656]:
  Log Name: System
  Source: Microsoft-Windows-DistributedCOM
  Date: 2017-06-08T22:10:56.710
  Event ID: 10005
  Task: N/A
  Level: Error
  Opcode: Info
  Keyword: Classic
  User: S-1-5-21-1441030301-2801777419-3013317047-1001
  User Name: DESKTOP-NGQE08I\organ
  Computer: DESKTOP-NGQE08I
  Description: 
DCOM got error "1084" attempting to start the service WSearch with arguments "Unavailable" in order to run the server:
{B52D54BB-4818-4EB9-AA80-F9EACD371DF8}

Event[3657]:
  Log Name: System
  Source: Microsoft-Windows-DistributedCOM
  Date: 2017-06-08T22:10:56.710
  Event ID: 10005
  Task: N/A
  Level: Error
  Opcode: Info
  Keyword: Classic
  User: S-1-5-21-1441030301-2801777419-3013317047-1001
  User Name: DESKTOP-NGQE08I\organ
  Computer: DESKTOP-NGQE08I
  Description: 
DCOM got error "1084" attempting to start the service WSearch with arguments "Unavailable" in order to run the server:
{B52D54BB-4818-4EB9-AA80-F9EACD371DF8}

Event[3658]:
  Log Name: System
  Source: Microsoft-Windows-DistributedCOM
  Date: 2017-06-08T22:10:56.710
  Event ID: 10005
  Task: N/A
  Level: Error
  Opcode: Info
  Keyword: Classic
  User: S-1-5-21-1441030301-2801777419-3013317047-1001
  User Name: DESKTOP-NGQE08I\organ
  Computer: DESKTOP-NGQE08I
  Description: 
DCOM got error "1084" attempting to start the service WSearch with arguments "Unavailable" in order to run the server:
{B52D54BB-4818-4EB9-AA80-F9EACD371DF8}

Event[3659]:
  Log Name: System
  Source: Microsoft-Windows-DistributedCOM
  Date: 2017-06-08T22:10:56.710
  Event ID: 10005
  Task: N/A
  Level: Error
  Opcode: Info
  Keyword: Classic
  User: S-1-5-21-1441030301-2801777419-3013317047-1001
  User Name: DESKTOP-NGQE08I\organ
  Computer: DESKTOP-NGQE08I
  Description: 
DCOM got error "1084" attempting to start the service WSearch with arguments "Unavailable" in order to run the server:
{B52D54BB-4818-4EB9-AA80-F9EACD371DF8}

Event[3660]:
  Log Name: System
  Source: Microsoft-Windows-DistributedCOM
  Date: 2017-06-08T22:10:56.710
  Event ID: 10005
  Task: N/A
  Level: Error
  Opcode: Info
  Keyword: Classic
  User: S-1-5-21-1441030301-2801777419-3013317047-1001
  User Name: DESKTOP-NGQE08I\organ
  Computer: DESKTOP-NGQE08I
  Description: 
DCOM got error "1084" attempting to start the service WSearch with arguments "Unavailable" in order to run the server:
{B52D54BB-4818-4EB9-AA80-F9EACD371DF8}

Event[3661]:
  Log Name: System
  Source: Microsoft-Windows-DistributedCOM
  Date: 2017-06-08T22:10:56.710
  Event ID: 10005
  Task: N/A
  Level: Error
  Opcode: Info
  Keyword: Classic
  User: S-1-5-21-1441030301-2801777419-3013317047-1001
  User Name: DESKTOP-NGQE08I\organ
  Computer: DESKTOP-NGQE08I
  Description: 
DCOM got error "1084" attempting to start the service WSearch with arguments "Unavailable" in order to run the server:
{B52D54BB-4818-4EB9-AA80-F9EACD371DF8}

Event[3662]:
  Log Name: System
  Source: Microsoft-Windows-DistributedCOM
  Date: 2017-06-08T22:10:56.710
  Event ID: 10005
  Task: N/A
  Level: Error
  Opcode: Info
  Keyword: Classic
  User: S-1-5-21-1441030301-2801777419-3013317047-1001
  User Name: DESKTOP-NGQE08I\organ
  Computer: DESKTOP-NGQE08I
  Description: 
DCOM got error "1084" attempting to start the service WSearch with arguments "Unavailable" in order to run the server:
{B52D54BB-4818-4EB9-AA80-F9EACD371DF8}

Event[3663]:
  Log Name: System
  Source: Microsoft-Windows-DistributedCOM
  Date: 2017-06-08T22:10:56.710
  Event ID: 10005
  Task: N/A
  Level: Error
  Opcode: Info
  Keyword: Classic
  User: S-1-5-21-1441030301-2801777419-3013317047-1001
  User Name: DESKTOP-NGQE08I\organ
  Computer: DESKTOP-NGQE08I
  Description: 
DCOM got error "1084" attempting to start the service WSearch with arguments "Unavailable" in order to run the server:
{B52D54BB-4818-4EB9-AA80-F9EACD371DF8}

Event[3664]:
  Log Name: System
  Source: Microsoft-Windows-DistributedCOM
  Date: 2017-06-08T22:10:56.710
  Event ID: 10005
  Task: N/A
  Level: Error
  Opcode: Info
  Keyword: Classic
  User: S-1-5-21-1441030301-2801777419-3013317047-1001
  User Name: DESKTOP-NGQE08I\organ
  Computer: DESKTOP-NGQE08I
  Description: 
DCOM got error "1084" attempting to start the service WSearch with arguments "Unavailable" in order to run the server:
{B52D54BB-4818-4EB9-AA80-F9EACD371DF8}

Event[3665]:
  Log Name: System
  Source: Microsoft-Windows-DistributedCOM
  Date: 2017-06-08T22:10:56.710
  Event ID: 10005
  Task: N/A
  Level: Error
  Opcode: Info
  Keyword: Classic
  User: S-1-5-21-1441030301-2801777419-3013317047-1001
  User Name: DESKTOP-NGQE08I\organ
  Computer: DESKTOP-NGQE08I
  Description: 
DCOM got error "1084" attempting to start the service WSearch with arguments "Unavailable" in order to run the server:
{B52D54BB-4818-4EB9-AA80-F9EACD371DF8}

Event[3666]:
  Log Name: System
  Source: Microsoft-Windows-DistributedCOM
  Date: 2017-06-08T22:10:56.710
  Event ID: 10005
  Task: N/A
  Level: Error
  Opcode: Info
  Keyword: Classic
  User: S-1-5-21-1441030301-2801777419-3013317047-1001
  User Name: DESKTOP-NGQE08I\organ
  Computer: DESKTOP-NGQE08I
  Description: 
DCOM got error "1084" attempting to start the service WSearch with arguments "Unavailable" in order to run the server:
{B52D54BB-4818-4EB9-AA80-F9EACD371DF8}

Event[3667]:
  Log Name: System
  Source: Microsoft-Windows-DistributedCOM
  Date: 2017-06-08T22:10:56.710
  Event ID: 10005
  Task: N/A
  Level: Error
  Opcode: Info
  Keyword: Classic
  User: S-1-5-21-1441030301-2801777419-3013317047-1001
  User Name: DESKTOP-NGQE08I\organ
  Computer: DESKTOP-NGQE08I
  Description: 
DCOM got error "1084" attempting to start the service WSearch with arguments "Unavailable" in order to run the server:
{B52D54BB-4818-4EB9-AA80-F9EACD371DF8}

Event[3668]:
  Log Name: System
  Source: Microsoft-Windows-DistributedCOM
  Date: 2017-06-08T22:10:56.710
  Event ID: 10005
  Task: N/A
  Level: Error
  Opcode: Info
  Keyword: Classic
  User: S-1-5-21-1441030301-2801777419-3013317047-1001
  User Name: DESKTOP-NGQE08I\organ
  Computer: DESKTOP-NGQE08I
  Description: 
DCOM got error "1084" attempting to start the service WSearch with arguments "Unavailable" in order to run the server:
{B52D54BB-4818-4EB9-AA80-F9EACD371DF8}

Event[3669]:
  Log Name: System
  Source: Microsoft-Windows-DistributedCOM
  Date: 2017-06-08T22:10:56.710
  Event ID: 10005
  Task: N/A
  Level: Error
  Opcode: Info
  Keyword: Classic
  User: S-1-5-21-1441030301-2801777419-3013317047-1001
  User Name: DESKTOP-NGQE08I\organ
  Computer: DESKTOP-NGQE08I
  Description: 
DCOM got error "1084" attempting to start the service WSearch with arguments "Unavailable" in order to run the server:
{B52D54BB-4818-4EB9-AA80-F9EACD371DF8}

Event[3670]:
  Log Name: System
  Source: Microsoft-Windows-DistributedCOM
  Date: 2017-06-08T22:10:56.804
  Event ID: 10005
  Task: N/A
  Level: Error
  Opcode: Info
  Keyword: Classic
  User: S-1-5-21-1441030301-2801777419-3013317047-1001
  User Name: DESKTOP-NGQE08I\organ
  Computer: DESKTOP-NGQE08I
  Description: 
DCOM got error "1084" attempting to start the service TokenBroker with arguments "Unavailable" in order to run the server:
Windows.Internal.Security.Authentication.Web.TokenBrokerInternal

Event[3671]:
  Log Name: System
  Source: Microsoft-Windows-DistributedCOM
  Date: 2017-06-08T22:10:56.944
  Event ID: 10005
  Task: N/A
  Level: Error
  Opcode: Info
  Keyword: Classic
  User: S-1-5-21-1441030301-2801777419-3013317047-1001
  User Name: DESKTOP-NGQE08I\organ
  Computer: DESKTOP-NGQE08I
  Description: 
DCOM got error "1084" attempting to start the service TokenBroker with arguments "Unavailable" in order to run the server:
Windows.Internal.Security.Authentication.Web.TokenBrokerInternal

Event[3672]:
  Log Name: System
  Source: Microsoft-Windows-DistributedCOM
  Date: 2017-06-08T22:10:56.960
  Event ID: 10005
  Task: N/A
  Level: Error
  Opcode: Info
  Keyword: Classic
  User: S-1-5-21-1441030301-2801777419-3013317047-1001
  User Name: DESKTOP-NGQE08I\organ
  Computer: DESKTOP-NGQE08I
  Description: 
DCOM got error "1084" attempting to start the service EventSystem with arguments "Unavailable" in order to run the server:
{1BE1F766-5536-11D1-B726-00C04FB926AF}

Event[3673]:
  Log Name: System
  Source: Microsoft-Windows-DistributedCOM
  Date: 2017-06-08T22:10:56.976
  Event ID: 10005
  Task: N/A
  Level: Error
  Opcode: Info
  Keyword: Classic
  User: S-1-5-21-1441030301-2801777419-3013317047-1001
  User Name: DESKTOP-NGQE08I\organ
  Computer: DESKTOP-NGQE08I
  Description: 
DCOM got error "1084" attempting to start the service netprofm with arguments "Unavailable" in order to run the server:
{A47979D2-C419-11D9-A5B4-001185AD2B89}

Event[3674]:
  Log Name: System
  Source: EventLog
  Date: 2017-06-08T22:11:00.234
  Event ID: 6006
  Task: N/A
  Level: Information
  Opcode: N/A
  Keyword: Classic
  User: N/A
  User Name: N/A
  Computer: DESKTOP-NGQE08I
  Description: 
The Event log service was stopped.

Event[3675]:
  Log Name: System
  Source: Microsoft-Windows-UserPnp
  Date: 2017-06-08T22:10:59.452
  Event ID: 20003
  Task: N/A
  Level: Information
  Opcode: Info
  Keyword: N/A
  User: S-1-5-18
  User Name: NT AUTHORITY\SYSTEM
  Computer: DESKTOP-NGQE08I
  Description: 
Driver Management has concluded the process to add Service HdAudAddService for Device Instance ID HDAUDIO\FUNC_01&VEN_10DE&DEV_0070&SUBSYS_10DE1151&REV_1001\5&2CC6AD20&0&0001 with the following status: 0.

Event[3676]:
  Log Name: System
  Source: User32
  Date: 2017-06-08T22:10:59.469
  Event ID: 1074
  Task: N/A
  Level: Information
  Opcode: N/A
  Keyword: Classic
  User: S-1-5-18
  User Name: NT AUTHORITY\SYSTEM
  Computer: DESKTOP-NGQE08I
  Description: 
The process C:\Windows\System32\shutdown.exe (DESKTOP-NGQE08I) has initiated the restart of computer DESKTOP-NGQE08I on behalf of user NT AUTHORITY\SYSTEM for the following reason: No title for this reason could be found
 Reason Code: 0x800000ff
 Shut-down Type: restart
 Comment: 

Event[3677]:
  Log Name: System
  Source: Microsoft-Windows-UserPnp
  Date: 2017-06-08T22:10:59.491
  Event ID: 20001
  Task: N/A
  Level: Information
  Opcode: Info
  Keyword: N/A
  User: S-1-5-18
  User Name: NT AUTHORITY\SYSTEM
  Computer: DESKTOP-NGQE08I
  Description: 
Driver Management concluded the process to install driver hdaudio.inf_amd64_bafd539d04140276\hdaudio.inf for Device Instance ID HDAUDIO\FUNC_01&VEN_10DE&DEV_0070&SUBSYS_10DE1151&REV_1001\5&2CC6AD20&0&0001 with the following status: 0x0.

Event[3678]:
  Log Name: System
  Source: Microsoft-Windows-UserPnp
  Date: 2017-06-08T22:10:59.518
  Event ID: 20003
  Task: N/A
  Level: Information
  Opcode: Info
  Keyword: N/A
  User: S-1-5-18
  User Name: NT AUTHORITY\SYSTEM
  Computer: DESKTOP-NGQE08I
  Description: 
Driver Management has concluded the process to add Service BasicDisplay for Device Instance ID PCI\VEN_10DE&DEV_17C8&SUBSYS_115110DE&REV_A1\4&31024D2F&0&0018 with the following status: 0.

Event[3679]:
  Log Name: System
  Source: Microsoft-Windows-UserPnp
  Date: 2017-06-08T22:10:59.528
  Event ID: 20001
  Task: N/A
  Level: Information
  Opcode: Info
  Keyword: N/A
  User: S-1-5-18
  User Name: NT AUTHORITY\SYSTEM
  Computer: DESKTOP-NGQE08I
  Description: 
Driver Management concluded the process to install driver display.inf_amd64_d2be6fd24d698e35\display.inf for Device Instance ID PCI\VEN_10DE&DEV_17C8&SUBSYS_115110DE&REV_A1\4&31024D2F&0&0018 with the following status: 0x0.

Event[3680]:
  Log Name: System
  Source: Microsoft-Windows-DistributedCOM
  Date: 2017-06-08T22:10:59.547
  Event ID: 10005
  Task: N/A
  Level: Error
  Opcode: Info
  Keyword: Classic
  User: S-1-5-21-1441030301-2801777419-3013317047-1001
  User Name: DESKTOP-NGQE08I\organ
  Computer: DESKTOP-NGQE08I
  Description: 
DCOM got error "1084" attempting to start the service netprofm with arguments "Unavailable" in order to run the server:
{A47979D2-C419-11D9-A5B4-001185AD2B89}

Event[3681]:
  Log Name: System
  Source: Microsoft-Windows-DistributedCOM
  Date: 2017-06-08T22:10:59.547
  Event ID: 10005
  Task: N/A
  Level: Error
  Opcode: Info
  Keyword: Classic
  User: S-1-5-21-1441030301-2801777419-3013317047-1001
  User Name: DESKTOP-NGQE08I\organ
  Computer: DESKTOP-NGQE08I
  Description: 
DCOM got error "1084" attempting to start the service netprofm with arguments "Unavailable" in order to run the server:
{A47979D2-C419-11D9-A5B4-001185AD2B89}

Event[3682]:
  Log Name: System
  Source: Microsoft-Windows-DistributedCOM
  Date: 2017-06-08T22:10:59.547
  Event ID: 10005
  Task: N/A
  Level: Error
  Opcode: Info
  Keyword: Classic
  User: S-1-5-21-1441030301-2801777419-3013317047-1001
  User Name: DESKTOP-NGQE08I\organ
  Computer: DESKTOP-NGQE08I
  Description: 
DCOM got error "1084" attempting to start the service TokenBroker with arguments "Unavailable" in order to run the server:
Windows.Internal.Security.Authentication.Web.TokenBrokerInternal

Event[3683]:
  Log Name: System
  Source: Microsoft-Windows-DistributedCOM
  Date: 2017-06-08T22:10:59.563
  Event ID: 10005
  Task: N/A
  Level: Error
  Opcode: Info
  Keyword: Classic
  User: S-1-5-21-1441030301-2801777419-3013317047-1001
  User Name: DESKTOP-NGQE08I\organ
  Computer: DESKTOP-NGQE08I
  Description: 
DCOM got error "1084" attempting to start the service WSearch with arguments "Unavailable" in order to run the server:
{7D096C5F-AC08-4F1F-BEB7-5C22C517CE39}

Event[3684]:
  Log Name: System
  Source: Microsoft-Windows-DistributedCOM
  Date: 2017-06-08T22:10:59.563
  Event ID: 10005
  Task: N/A
  Level: Error
  Opcode: Info
  Keyword: Classic
  User: S-1-5-21-1441030301-2801777419-3013317047-1001
  User Name: DESKTOP-NGQE08I\organ
  Computer: DESKTOP-NGQE08I
  Description: 
DCOM got error "1084" attempting to start the service WSearch with arguments "Unavailable" in order to run the server:
{7D096C5F-AC08-4F1F-BEB7-5C22C517CE39}

Event[3685]:
  Log Name: System
  Source: Microsoft-Windows-DistributedCOM
  Date: 2017-06-08T22:10:59.625
  Event ID: 10005
  Task: N/A
  Level: Error
  Opcode: Info
  Keyword: Classic
  User: S-1-5-21-1441030301-2801777419-3013317047-1001
  User Name: DESKTOP-NGQE08I\organ
  Computer: DESKTOP-NGQE08I
  Description: 
DCOM got error "1084" attempting to start the service netprofm with arguments "Unavailable" in order to run the server:
{A47979D2-C419-11D9-A5B4-001185AD2B89}

Event[3686]:
  Log Name: System
  Source: Microsoft-Windows-DistributedCOM
  Date: 2017-06-08T22:10:59.625
  Event ID: 10005
  Task: N/A
  Level: Error
  Opcode: Info
  Keyword: Classic
  User: S-1-5-21-1441030301-2801777419-3013317047-1001
  User Name: DESKTOP-NGQE08I\organ
  Computer: DESKTOP-NGQE08I
  Description: 
DCOM got error "1084" attempting to start the service netprofm with arguments "Unavailable" in order to run the server:
{A47979D2-C419-11D9-A5B4-001185AD2B89}

Event[3687]:
  Log Name: System
  Source: Microsoft-Windows-DistributedCOM
  Date: 2017-06-08T22:10:59.641
  Event ID: 10005
  Task: N/A
  Level: Error
  Opcode: Info
  Keyword: Classic
  User: S-1-5-21-1441030301-2801777419-3013317047-1001
  User Name: DESKTOP-NGQE08I\organ
  Computer: DESKTOP-NGQE08I
  Description: 
DCOM got error "1084" attempting to start the service netprofm with arguments "Unavailable" in order to run the server:
{A47979D2-C419-11D9-A5B4-001185AD2B89}

Event[3688]:
  Log Name: System
  Source: Microsoft-Windows-DistributedCOM
  Date: 2017-06-08T22:10:59.641
  Event ID: 10005
  Task: N/A
  Level: Error
  Opcode: Info
  Keyword: Classic
  User: S-1-5-21-1441030301-2801777419-3013317047-1001
  User Name: DESKTOP-NGQE08I\organ
  Computer: DESKTOP-NGQE08I
  Description: 
DCOM got error "1084" attempting to start the service netprofm with arguments "Unavailable" in order to run the server:
{A47979D2-C419-11D9-A5B4-001185AD2B89}

Event[3689]:
  Log Name: System
  Source: Microsoft-Windows-Winlogon
  Date: 2017-06-08T22:11:00.169
  Event ID: 7002
  Task: N/A
  Level: Information
  Opcode: Info
  Keyword: N/A
  User: S-1-5-18
  User Name: NT AUTHORITY\SYSTEM
  Computer: DESKTOP-NGQE08I
  Description: 
User Log-off Notification for Customer Experience Improvement Program

Event[3690]:
  Log Name: System
  Source: EventLog
  Date: 2017-06-08T22:12:58.568
  Event ID: 6009
  Task: N/A
  Level: Information
  Opcode: N/A
  Keyword: Classic
  User: N/A
  User Name: N/A
  Computer: DESKTOP-NGQE08I
  Description: 
Microsoft (R) Windows (R) 10.00. 15063  Multiprocessor Free.

Event[3691]:
  Log Name: System
  Source: EventLog
  Date: 2017-06-08T22:12:58.568
  Event ID: 6005
  Task: N/A
  Level: Information
  Opcode: N/A
  Keyword: Classic
  User: N/A
  User Name: N/A
  Computer: DESKTOP-NGQE08I
  Description: 
The Event log service was started.

Event[3692]:
  Log Name: System
  Source: EventLog
  Date: 2017-06-08T22:12:58.568
  Event ID: 6013
  Task: N/A
  Level: Information
  Opcode: N/A
  Keyword: Classic
  User: N/A
  User Name: N/A
  Computer: DESKTOP-NGQE08I
  Description: 
The system uptime is 11 seconds.

Event[3693]:
  Log Name: System
  Source: Microsoft-Windows-Kernel-Power
  Date: 2017-06-08T22:11:00.784
  Event ID: 109
  Task: N/A
  Level: Information
  Opcode: Info
  Keyword: N/A
  User: N/A
  User Name: N/A
  Computer: DESKTOP-NGQE08I
  Description: 
The kernel power manager has initiated a shutdown transition.

Shutdown Reason: Kernel API

Event[3694]:
  Log Name: System
  Source: Microsoft-Windows-Kernel-General
  Date: 2017-06-08T22:11:02.190
  Event ID: 13
  Task: N/A
  Level: Information
  Opcode: Info
  Keyword: N/A
  User: N/A
  User Name: N/A
  Computer: DESKTOP-NGQE08I
  Description: 
The operating system is shutting down at system time ?2017?-?06?-?08T21:11:02.190801600Z.

Event[3695]:
  Log Name: System
  Source: Microsoft-Windows-Kernel-General
  Date: 2017-06-08T22:12:47.676
  Event ID: 12
  Task: N/A
  Level: Information
  Opcode: Info
  Keyword: N/A
  User: S-1-5-18
  User Name: NT AUTHORITY\SYSTEM
  Computer: DESKTOP-NGQE08I
  Description: 
The operating system started at system time ?2017?-?06?-?08T21:12:47.497601800Z.

Event[3696]:
  Log Name: System
  Source: Microsoft-Windows-Kernel-Boot
  Date: 2017-06-08T22:12:47.676
  Event ID: 153
  Task: N/A
  Level: Information
  Opcode: Info
  Keyword: N/A
  User: S-1-5-18
  User Name: NT AUTHORITY\SYSTEM
  Computer: DESKTOP-NGQE08I
  Description: 
Virtualization-based security (policies: 0) is disabled.

Event[3697]:
  Log Name: System
  Source: Microsoft-Windows-Kernel-Boot
  Date: 2017-06-08T22:12:47.676
  Event ID: 18
  Task: N/A
  Level: Information
  Opcode: Info
  Keyword: N/A
  User: S-1-5-18
  User Name: NT AUTHORITY\SYSTEM
  Computer: DESKTOP-NGQE08I
  Description: 
There are 0x1 boot options on this system.

Event[3698]:
  Log Name: System
  Source: Microsoft-Windows-Kernel-Boot
  Date: 2017-06-08T22:12:47.676
  Event ID: 32
  Task: N/A
  Level: Information
  Opcode: Info
  Keyword: N/A
  User: S-1-5-18
  User Name: NT AUTHORITY\SYSTEM
  Computer: DESKTOP-NGQE08I
  Description: 
The bootmgr spent 0 ms waiting for user input.

Event[3699]:
  Log Name: System
  Source: Microsoft-Windows-Kernel-Boot
  Date: 2017-06-08T22:12:47.676
  Event ID: 20
  Task: N/A
  Level: Information
  Opcode: Info
  Keyword: N/A
  User: S-1-5-18
  User Name: NT AUTHORITY\SYSTEM
  Computer: DESKTOP-NGQE08I
  Description: 
The last shutdown's success status was true. The last boot's success status was true.

Event[3700]:
  Log Name: System
  Source: Microsoft-Windows-Kernel-Boot
  Date: 2017-06-08T22:12:47.676
  Event ID: 27
  Task: N/A
  Level: Information
  Opcode: Info
  Keyword: N/A
  User: S-1-5-18
  User Name: NT AUTHORITY\SYSTEM
  Computer: DESKTOP-NGQE08I
  Description: 
The boot type was 0x0.

Event[3701]:
  Log Name: System
  Source: Microsoft-Windows-Kernel-Boot
  Date: 2017-06-08T22:12:47.676
  Event ID: 25
  Task: N/A
  Level: Information
  Opcode: Info
  Keyword: N/A
  User: S-1-5-18
  User Name: NT AUTHORITY\SYSTEM
  Computer: DESKTOP-NGQE08I
  Description: 
The boot menu policy was 0x1.

Event[3702]:
  Log Name: System
  Source: Microsoft-Windows-Kernel-Boot
  Date: 2017-06-08T22:12:47.676
  Event ID: 30
  Task: N/A
  Level: Information
  Opcode: Info
  Keyword: N/A
  User: S-1-5-18
  User Name: NT AUTHORITY\SYSTEM
  Computer: DESKTOP-NGQE08I
  Description: 
The firmware reported boot metrics.

Event[3703]:
  Log Name: System
  Source: Microsoft-Windows-FilterManager
  Date: 2017-06-08T22:12:51.106
  Event ID: 6
  Task: N/A
  Level: Information
  Opcode: Info
  Keyword: N/A
  User: S-1-5-18
  User Name: NT AUTHORITY\SYSTEM
  Computer: DESKTOP-NGQE08I
  Description: 
File System Filter 'FileInfo' (10.0, ?2042?-?06?-?30T15:43:32.000000000Z) has successfully loaded and registered with Filter Manager.

Event[3704]:
  Log Name: System
  Source: Microsoft-Windows-FilterManager
  Date: 2017-06-08T22:12:51.107
  Event ID: 6
  Task: N/A
  Level: Information
  Opcode: Info
  Keyword: N/A
  User: S-1-5-18
  User Name: NT AUTHORITY\SYSTEM
  Computer: DESKTOP-NGQE08I
  Description: 
File System Filter 'Wof' (10.0, ?1974?-?03?-?11T23:47:45.000000000Z) has successfully loaded and registered with Filter Manager.

Event[3705]:
  Log Name: System
  Source: Microsoft-Windows-FilterManager
  Date: 2017-06-08T22:12:51.108
  Event ID: 6
  Task: N/A
  Level: Information
  Opcode: Info
  Keyword: N/A
  User: S-1-5-18
  User Name: NT AUTHORITY\SYSTEM
  Computer: DESKTOP-NGQE08I
  Description: 
File System Filter 'WdFilter' (10.0, ?2102?-?10?-?04T17:25:01.000000000Z) has successfully loaded and registered with Filter Manager.

Event[3706]:
  Log Name: System
  Source: Microsoft-Windows-Ntfs
  Date: 2017-06-08T22:12:53.599
  Event ID: 98
  Task: N/A
  Level: Information
  Opcode: Info
  Keyword: N/A
  User: S-1-5-18
  User Name: NT AUTHORITY\SYSTEM
  Computer: DESKTOP-NGQE08I
  Description: 
Volume \\?\Volume{fccc927e-093e-491a-9791-61bb14ac26ca} (\Device\HarddiskVolume1) is healthy.  No action is needed.

Event[3707]:
  Log Name: System
  Source: Microsoft-Windows-Ntfs
  Date: 2017-06-08T22:12:53.664
  Event ID: 98
  Task: N/A
  Level: Information
  Opcode: Info
  Keyword: N/A
  User: S-1-5-18
  User Name: NT AUTHORITY\SYSTEM
  Computer: DESKTOP-NGQE08I
  Description: 
Volume C: (\Device\HarddiskVolume4) is healthy.  No action is needed.

Event[3708]:
  Log Name: System
  Source: Microsoft-Windows-FilterManager
  Date: 2017-06-08T22:12:53.727
  Event ID: 6
  Task: N/A
  Level: Information
  Opcode: Info
  Keyword: N/A
  User: S-1-5-18
  User Name: NT AUTHORITY\SYSTEM
  Computer: DESKTOP-NGQE08I
  Description: 
File System Filter 'FileCrypt' (10.0, ?2030?-?05?-?28T09:10:59.000000000Z) has successfully loaded and registered with Filter Manager.

Event[3709]:
  Log Name: System
  Source: Microsoft-Windows-FilterManager
  Date: 2017-06-08T22:12:53.777
  Event ID: 6
  Task: N/A
  Level: Information
  Opcode: Info
  Keyword: N/A
  User: S-1-5-18
  User Name: NT AUTHORITY\SYSTEM
  Computer: DESKTOP-NGQE08I
  Description: 
File System Filter 'npsvctrig' (10.0, ?2097?-?07?-?25T11:18:05.000000000Z) has successfully loaded and registered with Filter Manager.

Event[3710]:
  Log Name: System
  Source: Microsoft-Windows-Kernel-Power
  Date: 2017-06-08T22:12:53.793
  Event ID: 172
  Task: N/A
  Level: Information
  Opcode: Info
  Keyword: N/A
  User: S-1-5-18
  User Name: NT AUTHORITY\SYSTEM
  Computer: DESKTOP-NGQE08I
  Description: 
Connectivity state in standby: Disconnected, Reason: NIC compliance

Event[3711]:
  Log Name: System
  Source: Microsoft-Windows-DriverFrameworks-UserMode
  Date: 2017-06-08T22:12:53.837
  Event ID: 10114
  Task: Startup of the UMDF reflector
  Level: Information
  Opcode: Info
  Keyword: N/A
  User: S-1-5-18
  User Name: NT AUTHORITY\SYSTEM
  Computer: DESKTOP-NGQE08I
  Description: 
WUDFPf (part of UMDF) did not load yet. After it does, Windows will start the device again.

Event[3712]:
  Log Name: System
  Source: Microsoft-Windows-Kernel-PnP
  Date: 2017-06-08T22:12:53.837
  Event ID: 219
  Task: N/A
  Level: Warning
  Opcode: Info
  Keyword: N/A
  User: S-1-5-18
  User Name: NT AUTHORITY\SYSTEM
  Computer: DESKTOP-NGQE08I
  Description: 
The driver \Driver\WUDFRd failed to load for the device ACPI\PNP0A0A\2&daba3ff&0.

Event[3713]:
  Log Name: System
  Source: Microsoft-Windows-Kernel-Processor-Power
  Date: 2017-06-08T22:12:53.846
  Event ID: 55
  Task: N/A
  Level: Information
  Opcode: Info
  Keyword: N/A
  User: S-1-5-18
  User Name: NT AUTHORITY\SYSTEM
  Computer: DESKTOP-NGQE08I
  Description: 
Processor 0 in group 0 exposes the following power management capabilities:

Idle state type: ACPI Idle (C) States (1 state(s))

Performance state type: ACPI Performance (P) / Throttle (T) States
Nominal Frequency (MHz): 3501
Maximum performance percentage: 100
Minimum performance percentage: 34
Minimum throttle percentage: 4

Event[3714]:
  Log Name: System
  Source: Microsoft-Windows-Kernel-Processor-Power
  Date: 2017-06-08T22:12:53.847
  Event ID: 55
  Task: N/A
  Level: Information
  Opcode: Info
  Keyword: N/A
  User: S-1-5-18
  User Name: NT AUTHORITY\SYSTEM
  Computer: DESKTOP-NGQE08I
  Description: 
Processor 2 in group 0 exposes the following power management capabilities:

Idle state type: ACPI Idle (C) States (1 state(s))

Performance state type: ACPI Performance (P) / Throttle (T) States
Nominal Frequency (MHz): 3501
Maximum performance percentage: 100
Minimum performance percentage: 34
Minimum throttle percentage: 4

Event[3715]:
  Log Name: System
  Source: Microsoft-Windows-Kernel-Processor-Power
  Date: 2017-06-08T22:12:53.847
  Event ID: 55
  Task: N/A
  Level: Information
  Opcode: Info
  Keyword: N/A
  User: S-1-5-18
  User Name: NT AUTHORITY\SYSTEM
  Computer: DESKTOP-NGQE08I
  Description: 
Processor 4 in group 0 exposes the following power management capabilities:

Idle state type: ACPI Idle (C) States (1 state(s))

Performance state type: ACPI Performance (P) / Throttle (T) States
Nominal Frequency (MHz): 3501
Maximum performance percentage: 100
Minimum performance percentage: 34
Minimum throttle percentage: 4

Event[3716]:
  Log Name: System
  Source: Microsoft-Windows-Kernel-Processor-Power
  Date: 2017-06-08T22:12:53.848
  Event ID: 55
  Task: N/A
  Level: Information
  Opcode: Info
  Keyword: N/A
  User: S-1-5-18
  User Name: NT AUTHORITY\SYSTEM
  Computer: DESKTOP-NGQE08I
  Description: 
Processor 6 in group 0 exposes the following power management capabilities:

Idle state type: ACPI Idle (C) States (1 state(s))

Performance state type: ACPI Performance (P) / Throttle (T) States
Nominal Frequency (MHz): 3501
Maximum performance percentage: 100
Minimum performance percentage: 34
Minimum throttle percentage: 4

Event[3717]:
  Log Name: System
  Source: Microsoft-Windows-Kernel-Processor-Power
  Date: 2017-06-08T22:12:53.848
  Event ID: 55
  Task: N/A
  Level: Information
  Opcode: Info
  Keyword: N/A
  User: S-1-5-18
  User Name: NT AUTHORITY\SYSTEM
  Computer: DESKTOP-NGQE08I
  Description: 
Processor 8 in group 0 exposes the following power management capabilities:

Idle state type: ACPI Idle (C) States (1 state(s))

Performance state type: ACPI Performance (P) / Throttle (T) States
Nominal Frequency (MHz): 3501
Maximum performance percentage: 100
Minimum performance percentage: 34
Minimum throttle percentage: 4

Event[3718]:
  Log Name: System
  Source: Microsoft-Windows-Kernel-Processor-Power
  Date: 2017-06-08T22:12:53.849
  Event ID: 55
  Task: N/A
  Level: Information
  Opcode: Info
  Keyword: N/A
  User: S-1-5-18
  User Name: NT AUTHORITY\SYSTEM
  Computer: DESKTOP-NGQE08I
  Description: 
Processor 10 in group 0 exposes the following power management capabilities:

Idle state type: ACPI Idle (C) States (1 state(s))

Performance state type: ACPI Performance (P) / Throttle (T) States
Nominal Frequency (MHz): 3501
Maximum performance percentage: 100
Minimum performance percentage: 34
Minimum throttle percentage: 4

Event[3719]:
  Log Name: System
  Source: Microsoft-Windows-Kernel-Processor-Power
  Date: 2017-06-08T22:12:53.849
  Event ID: 55
  Task: N/A
  Level: Information
  Opcode: Info
  Keyword: N/A
  User: S-1-5-18
  User Name: NT AUTHORITY\SYSTEM
  Computer: DESKTOP-NGQE08I
  Description: 
Processor 1 in group 0 exposes the following power management capabilities:

Idle state type: ACPI Idle (C) States (1 state(s))

Performance state type: ACPI Performance (P) / Throttle (T) States
Nominal Frequency (MHz): 3501
Maximum performance percentage: 100
Minimum performance percentage: 34
Minimum throttle percentage: 4

Event[3720]:
  Log Name: System
  Source: Microsoft-Windows-Kernel-Processor-Power
  Date: 2017-06-08T22:12:53.850
  Event ID: 55
  Task: N/A
  Level: Information
  Opcode: Info
  Keyword: N/A
  User: S-1-5-18
  User Name: NT AUTHORITY\SYSTEM
  Computer: DESKTOP-NGQE08I
  Description: 
Processor 3 in group 0 exposes the following power management capabilities:

Idle state type: ACPI Idle (C) States (1 state(s))

Performance state type: ACPI Performance (P) / Throttle (T) States
Nominal Frequency (MHz): 3501
Maximum performance percentage: 100
Minimum performance percentage: 34
Minimum throttle percentage: 4

Event[3721]:
