Log Name:      System
Source:        nvlddmkm
Date:          16/06/2017 07:07:28
Event ID:      13
Task Category: None
Level:         Error
Keywords:      Classic
User:          N/A
Computer:      DESKTOP-9KLOST5
Description:
The description for Event ID 13 from source nvlddmkm cannot be found. Either the component that raises this event is not installed on your local computer or the installation is corrupted. You can install or repair the component on the local computer.

If the event originated on another computer, the display information had to be saved with the event.

The following information was included with the event: 

\Device\UVMLiteController0x1
NVRM: Graphics TEX Exception on (GPC 0, TPC 0):    TEX FORMAT

the message resource is present but the message is not found in the string/message table

Event Xml:
<Event xmlns="http://schemas.microsoft.com/win/2004/08/events/event">
  <System>
    <Provider Name="nvlddmkm" />
    <EventID Qualifiers="49322">13</EventID>
    <Level>2</Level>
    <Task>0</Task>
    <Keywords>0x80000000000000</Keywords>
    <TimeCreated SystemTime="2017-06-16T00:07:28.041141000Z" />
    <EventRecordID>739</EventRecordID>
    <Channel>System</Channel>
    <Computer>DESKTOP-9KLOST5</Computer>
    <Security />
  </System>
  <EventData>
    <Data>\Device\UVMLiteController0x1</Data>
    <Data>NVRM: Graphics TEX Exception on (GPC 0, TPC 0):    TEX FORMAT</Data>
    <Binary>0000000002003000000000000D00AAC0000000000000000000000000000000000000000000000000</Binary>
  </EventData>
</Event>

Log Name:      System
Source:        nvlddmkm
Date:          16/06/2017 07:07:26
Event ID:      13
Task Category: None
Level:         Error
Keywords:      Classic
User:          N/A
Computer:      DESKTOP-9KLOST5
Description:
The description for Event ID 13 from source nvlddmkm cannot be found. Either the component that raises this event is not installed on your local computer or the installation is corrupted. You can install or repair the component on the local computer.

If the event originated on another computer, the display information had to be saved with the event.

The following information was included with the event: 

\Device\UVMLiteController0x1
Graphics Exception: ESR 0x404490=0x80000002

the message resource is present but the message is not found in the string/message table

Event Xml:
<Event xmlns="http://schemas.microsoft.com/win/2004/08/events/event">
  <System>
    <Provider Name="nvlddmkm" />
    <EventID Qualifiers="49322">13</EventID>
    <Level>2</Level>
    <Task>0</Task>
    <Keywords>0x80000000000000</Keywords>
    <TimeCreated SystemTime="2017-06-16T00:07:26.444321200Z" />
    <EventRecordID>736</EventRecordID>
    <Channel>System</Channel>
    <Computer>DESKTOP-9KLOST5</Computer>
    <Security />
  </System>
  <EventData>
    <Data>\Device\UVMLiteController0x1</Data>
    <Data>Graphics Exception: ESR 0x404490=0x80000002</Data>
    <Binary>0000000002003000000000000D00AAC0000000000000000000000000000000000000000000000000</Binary>
  </EventData>
</Event>

Log Name:      System
Source:        nvlddmkm
Date:          16/06/2017 07:07:28
Event ID:      13
Task Category: None
Level:         Error
Keywords:      Classic
User:          N/A
Computer:      DESKTOP-9KLOST5
Description:
The description for Event ID 13 from source nvlddmkm cannot be found. Either the component that raises this event is not installed on your local computer or the installation is corrupted. You can install or repair the component on the local computer.

If the event originated on another computer, the display information had to be saved with the event.

The following information was included with the event: 

\Device\UVMLiteController0x1
Graphics Exception on GPC 0: 3D-CT KIND Violation. Coordinates: (0x70, 0xc0)

the message resource is present but the message is not found in the string/message table

Event Xml:
<Event xmlns="http://schemas.microsoft.com/win/2004/08/events/event">
  <System>
    <Provider Name="nvlddmkm" />
    <EventID Qualifiers="49322">13</EventID>
    <Level>2</Level>
    <Task>0</Task>
    <Keywords>0x80000000000000</Keywords>
    <TimeCreated SystemTime="2017-06-16T00:07:28.040817700Z" />
    <EventRecordID>737</EventRecordID>
    <Channel>System</Channel>
    <Computer>DESKTOP-9KLOST5</Computer>
    <Security />
  </System>
  <EventData>
    <Data>\Device\UVMLiteController0x1</Data>
    <Data>Graphics Exception on GPC 0: 3D-CT KIND Violation. Coordinates: (0x70, 0xc0)</Data>
    <Binary>0000000002003000000000000D00AAC0000000000000000000000000000000000000000000000000</Binary>
  </EventData>
</Event>

Log Name:      System
Source:        Microsoft-Windows-DistributedCOM
Date:          16/06/2017 18:13:34
Event ID:      10010
Task Category: None
Level:         Error
Keywords:      Classic
User:          LOCAL SERVICE
Computer:      WIN-QK4MAFSA5GB
Description:
The server {4991D34B-80A1-4291-83B6-3328366B9097} did not register with DCOM within the required timeout.
Event Xml:
<Event xmlns="http://schemas.microsoft.com/win/2004/08/events/event">
  <System>
    <Provider Name="Microsoft-Windows-DistributedCOM" Guid="{1B562E86-B7AA-4131-BADC-B6F3A001407E}" EventSourceName="DCOM" />
    <EventID Qualifiers="0">10010</EventID>
    <Version>0</Version>
    <Level>2</Level>
    <Task>0</Task>
    <Opcode>0</Opcode>
    <Keywords>0x8080000000000000</Keywords>
    <TimeCreated SystemTime="2017-06-16T11:13:34.975646500Z" />
    <EventRecordID>189</EventRecordID>
    <Correlation />
    <Execution ProcessID="940" ThreadID="976" />
    <Channel>System</Channel>
    <Computer>WIN-QK4MAFSA5GB</Computer>
    <Security UserID="S-1-5-19" />
  </System>
  <EventData>
    <Data Name="param1">{4991D34B-80A1-4291-83B6-3328366B9097}</Data>
  </EventData>
</Event>

Log Name:      System
Source:        nvlddmkm
Date:          16/06/2017 06:37:58
Event ID:      13
Task Category: None
Level:         Error
Keywords:      Classic
User:          N/A
Computer:      DESKTOP-9KLOST5
Description:
The description for Event ID 13 from source nvlddmkm cannot be found. Either the component that raises this event is not installed on your local computer or the installation is corrupted. You can install or repair the component on the local computer.

If the event originated on another computer, the display information had to be saved with the event.

The following information was included with the event: 

\Device\UVMLiteController0x1
Graphics Exception: ESR 0x404490=0x80000002

the message resource is present but the message is not found in the string/message table

Event Xml:
<Event xmlns="http://schemas.microsoft.com/win/2004/08/events/event">
  <System>
    <Provider Name="nvlddmkm" />
    <EventID Qualifiers="49322">13</EventID>
    <Level>2</Level>
    <Task>0</Task>
    <Keywords>0x80000000000000</Keywords>
    <TimeCreated SystemTime="2017-06-15T23:37:58.683868700Z" />
    <EventRecordID>724</EventRecordID>
    <Channel>System</Channel>
    <Computer>DESKTOP-9KLOST5</Computer>
    <Security />
  </System>
  <EventData>
    <Data>\Device\UVMLiteController0x1</Data>
    <Data>Graphics Exception: ESR 0x404490=0x80000002</Data>
    <Binary>0000000002003000000000000D00AAC0000000000000000000000000000000000000000000000000</Binary>
  </EventData>
</Event>

Log Name:      System
Source:        Disk
Date:          16/06/2017 09:39:20
Event ID:      7
Task Category: None
Level:         Error
Keywords:      Classic
User:          N/A
Computer:      DESKTOP-9KLOST5
Description:
The device, \Device\Harddisk0\DR0, has a bad block.
Event Xml:
<Event xmlns="http://schemas.microsoft.com/win/2004/08/events/event">
  <System>
    <Provider Name="Disk" />
    <EventID Qualifiers="49156">7</EventID>
    <Level>2</Level>
    <Task>0</Task>
    <Keywords>0x80000000000000</Keywords>
    <TimeCreated SystemTime="2017-06-16T02:39:20.124242600Z" />
    <EventRecordID>875</EventRecordID>
    <Channel>System</Channel>
    <Computer>DESKTOP-9KLOST5</Computer>
    <Security />
  </System>
  <EventData>
    <Data>\Device\Harddisk0\DR0</Data>
    <Binary>030081000100000000000000070004C0000100009C0000C000000000000000000020BBC421000000F99B0E0000000000FFFFFFFF00000000580000840205000000200AFF42072000000002001E00000000008EE003A6FFFF401B2EE403A6FFFF000000000000000010B568E403A6FFFF0000000000000000905DE21000000000280010E25D9000010000000000000000F00003000000000B0000000000000000000000000000000000</Binary>
  </EventData>
</Event>

Log Name:      System
Source:        nvlddmkm
Date:          16/06/2017 06:33:09
Event ID:      13
Task Category: None
Level:         Error
Keywords:      Classic
User:          N/A
Computer:      DESKTOP-9KLOST5
Description:
The description for Event ID 13 from source nvlddmkm cannot be found. Either the component that raises this event is not installed on your local computer or the installation is corrupted. You can install or repair the component on the local computer.

If the event originated on another computer, the display information had to be saved with the event.

The following information was included with the event: 

\Device\UVMLiteController0x1
Graphics Exception: ESR 0x404490=0x80000002

the message resource is present but the message is not found in the string/message table

Event Xml:
<Event xmlns="http://schemas.microsoft.com/win/2004/08/events/event">
  <System>
    <Provider Name="nvlddmkm" />
    <EventID Qualifiers="49322">13</EventID>
    <Level>2</Level>
    <Task>0</Task>
    <Keywords>0x80000000000000</Keywords>
    <TimeCreated SystemTime="2017-06-15T23:33:09.313777800Z" />
    <EventRecordID>721</EventRecordID>
    <Channel>System</Channel>
    <Computer>DESKTOP-9KLOST5</Computer>
    <Security />
  </System>
  <EventData>
    <Data>\Device\UVMLiteController0x1</Data>
    <Data>Graphics Exception: ESR 0x404490=0x80000002</Data>
    <Binary>0000000002003000000000000D00AAC0000000000000000000000000000000000000000000000000</Binary>
  </EventData>
</Event>

Log Name:      System
Source:        nvlddmkm
Date:          16/06/2017 06:37:58
Event ID:      13
Task Category: None
Level:         Error
Keywords:      Classic
User:          N/A
Computer:      DESKTOP-9KLOST5
Description:
The description for Event ID 13 from source nvlddmkm cannot be found. Either the component that raises this event is not installed on your local computer or the installation is corrupted. You can install or repair the component on the local computer.

If the event originated on another computer, the display information had to be saved with the event.

The following information was included with the event: 

\Device\UVMLiteController0x1
Graphics Exception: EXTRA_MACRO_DATA

the message resource is present but the message is not found in the string/message table

Event Xml:
<Event xmlns="http://schemas.microsoft.com/win/2004/08/events/event">
  <System>
    <Provider Name="nvlddmkm" />
    <EventID Qualifiers="49322">13</EventID>
    <Level>2</Level>
    <Task>0</Task>
    <Keywords>0x80000000000000</Keywords>
    <TimeCreated SystemTime="2017-06-15T23:37:58.683868700Z" />
    <EventRecordID>723</EventRecordID>
    <Channel>System</Channel>
    <Computer>DESKTOP-9KLOST5</Computer>
    <Security />
  </System>
  <EventData>
    <Data>\Device\UVMLiteController0x1</Data>
    <Data>Graphics Exception: EXTRA_MACRO_DATA</Data>
    <Binary>0000000002003000000000000D00AAC0000000000000000000000000000000000000000000000000</Binary>
  </EventData>
</Event>

Log Name:      System
Source:        nvlddmkm
Date:          16/06/2017 07:01:28
Event ID:      13
Task Category: None
Level:         Error
Keywords:      Classic
User:          N/A
Computer:      DESKTOP-9KLOST5
Description:
The description for Event ID 13 from source nvlddmkm cannot be found. Either the component that raises this event is not installed on your local computer or the installation is corrupted. You can install or repair the component on the local computer.

If the event originated on another computer, the display information had to be saved with the event.

The following information was included with the event: 

\Device\UVMLiteController0x1
Graphics Exception: ESR 0x405840=0x82000200

the message resource is present but the message is not found in the string/message table

Event Xml:
<Event xmlns="http://schemas.microsoft.com/win/2004/08/events/event">
  <System>
    <Provider Name="nvlddmkm" />
    <EventID Qualifiers="49322">13</EventID>
    <Level>2</Level>
    <Task>0</Task>
    <Keywords>0x80000000000000</Keywords>
    <TimeCreated SystemTime="2017-06-16T00:01:28.601940300Z" />
    <EventRecordID>726</EventRecordID>
    <Channel>System</Channel>
    <Computer>DESKTOP-9KLOST5</Computer>
    <Security />
  </System>
  <EventData>
    <Data>\Device\UVMLiteController0x1</Data>
    <Data>Graphics Exception: ESR 0x405840=0x82000200</Data>
    <Binary>0000000002003000000000000D00AAC0000000000000000000000000000000000000000000000000</Binary>
  </EventData>
</Event>

Log Name:      System
Source:        nvlddmkm
Date:          16/06/2017 07:06:01
Event ID:      13
Task Category: None
Level:         Error
Keywords:      Classic
User:          N/A
Computer:      DESKTOP-9KLOST5
Description:
The description for Event ID 13 from source nvlddmkm cannot be found. Either the component that raises this event is not installed on your local computer or the installation is corrupted. You can install or repair the component on the local computer.

If the event originated on another computer, the display information had to be saved with the event.

The following information was included with the event: 

\Device\UVMLiteController0x1
Graphics Exception: EXTRA_MACRO_DATA

the message resource is present but the message is not found in the string/message table

Event Xml:
<Event xmlns="http://schemas.microsoft.com/win/2004/08/events/event">
  <System>
    <Provider Name="nvlddmkm" />
    <EventID Qualifiers="49322">13</EventID>
    <Level>2</Level>
    <Task>0</Task>
    <Keywords>0x80000000000000</Keywords>
    <TimeCreated SystemTime="2017-06-16T00:06:01.647470500Z" />
    <EventRecordID>729</EventRecordID>
    <Channel>System</Channel>
    <Computer>DESKTOP-9KLOST5</Computer>
    <Security />
  </System>
  <EventData>
    <Data>\Device\UVMLiteController0x1</Data>
    <Data>Graphics Exception: EXTRA_MACRO_DATA</Data>
    <Binary>0000000002003000000000000D00AAC0000000000000000000000000000000000000000000000000</Binary>
  </EventData>
</Event>

Log Name:      System
Source:        nvlddmkm
Date:          16/06/2017 07:06:01
Event ID:      13
Task Category: None
Level:         Error
Keywords:      Classic
User:          N/A
Computer:      DESKTOP-9KLOST5
Description:
The description for Event ID 13 from source nvlddmkm cannot be found. Either the component that raises this event is not installed on your local computer or the installation is corrupted. You can install or repair the component on the local computer.

If the event originated on another computer, the display information had to be saved with the event.

The following information was included with the event: 

\Device\UVMLiteController0x1
Graphics Exception: ESR 0x404490=0x80000002

the message resource is present but the message is not found in the string/message table

Event Xml:
<Event xmlns="http://schemas.microsoft.com/win/2004/08/events/event">
  <System>
    <Provider Name="nvlddmkm" />
    <EventID Qualifiers="49322">13</EventID>
    <Level>2</Level>
    <Task>0</Task>
    <Keywords>0x80000000000000</Keywords>
    <TimeCreated SystemTime="2017-06-16T00:06:01.647470500Z" />
    <EventRecordID>730</EventRecordID>
    <Channel>System</Channel>
    <Computer>DESKTOP-9KLOST5</Computer>
    <Security />
  </System>
  <EventData>
    <Data>\Device\UVMLiteController0x1</Data>
    <Data>Graphics Exception: ESR 0x404490=0x80000002</Data>
    <Binary>0000000002003000000000000D00AAC0000000000000000000000000000000000000000000000000</Binary>
  </EventData>
</Event>

Log Name:      System
Source:        nvlddmkm
Date:          16/06/2017 07:04:55
Event ID:      13
Task Category: None
Level:         Error
Keywords:      Classic
User:          N/A
Computer:      DESKTOP-9KLOST5
Description:
The description for Event ID 13 from source nvlddmkm cannot be found. Either the component that raises this event is not installed on your local computer or the installation is corrupted. You can install or repair the component on the local computer.

If the event originated on another computer, the display information had to be saved with the event.

The following information was included with the event: 

\Device\UVMLiteController0x1
Graphics Exception: Shader Program Header 9 Error

the message resource is present but the message is not found in the string/message table

Event Xml:
<Event xmlns="http://schemas.microsoft.com/win/2004/08/events/event">
  <System>
    <Provider Name="nvlddmkm" />
    <EventID Qualifiers="49322">13</EventID>
    <Level>2</Level>
    <Task>0</Task>
    <Keywords>0x80000000000000</Keywords>
    <TimeCreated SystemTime="2017-06-16T00:04:55.164784600Z" />
    <EventRecordID>727</EventRecordID>
    <Channel>System</Channel>
    <Computer>DESKTOP-9KLOST5</Computer>
    <Security />
  </System>
  <EventData>
    <Data>\Device\UVMLiteController0x1</Data>
    <Data>Graphics Exception: Shader Program Header 9 Error</Data>
    <Binary>0000000002003000000000000D00AAC0000000000000000000000000000000000000000000000000</Binary>
  </EventData>
</Event>

Log Name:      System
Source:        nvlddmkm
Date:          16/06/2017 07:04:55
Event ID:      13
Task Category: None
Level:         Error
Keywords:      Classic
User:          N/A
Computer:      DESKTOP-9KLOST5
Description:
The description for Event ID 13 from source nvlddmkm cannot be found. Either the component that raises this event is not installed on your local computer or the installation is corrupted. You can install or repair the component on the local computer.

If the event originated on another computer, the display information had to be saved with the event.

The following information was included with the event: 

\Device\UVMLiteController0x1
Graphics Exception: ESR 0x405840=0x82000200

the message resource is present but the message is not found in the string/message table

Event Xml:
<Event xmlns="http://schemas.microsoft.com/win/2004/08/events/event">
  <System>
    <Provider Name="nvlddmkm" />
    <EventID Qualifiers="49322">13</EventID>
    <Level>2</Level>
    <Task>0</Task>
    <Keywords>0x80000000000000</Keywords>
    <TimeCreated SystemTime="2017-06-16T00:04:55.164784600Z" />
    <EventRecordID>728</EventRecordID>
    <Channel>System</Channel>
    <Computer>DESKTOP-9KLOST5</Computer>
    <Security />
  </System>
  <EventData>
    <Data>\Device\UVMLiteController0x1</Data>
    <Data>Graphics Exception: ESR 0x405840=0x82000200</Data>
    <Binary>0000000002003000000000000D00AAC0000000000000000000000000000000000000000000000000</Binary>
  </EventData>
</Event>

Log Name:      System
Source:        Disk
Date:          16/06/2017 10:59:56
Event ID:      7
Task Category: None
Level:         Error
Keywords:      Classic
User:          N/A
Computer:      DESKTOP-9KLOST5
Description:
The device, \Device\Harddisk0\DR0, has a bad block.
Event Xml:
<Event xmlns="http://schemas.microsoft.com/win/2004/08/events/event">
  <System>
    <Provider Name="Disk" />
    <EventID Qualifiers="49156">7</EventID>
    <Level>2</Level>
    <Task>0</Task>
    <Keywords>0x80000000000000</Keywords>
    <TimeCreated SystemTime="2017-06-16T03:59:56.998581300Z" />
    <EventRecordID>905</EventRecordID>
    <Channel>System</Channel>
    <Computer>DESKTOP-9KLOST5</Computer>
    <Security />
  </System>
  <EventData>
    <Data>\Device\Harddisk0\DR0</Data>
    <Binary>030081000100000000000000070004C0000100009C0000C000000000000000000020BBC4210000003155130000000000FFFFFFFF00000000580000840205000000200AFF42072000000002001E00000000008EE003A6FFFFB05647E003A6FFFF000000000000000010E056E003A6FFFF0000000000000000905DE21000000000280010E25D9000010000000000000000F00003000000000B0000000000000000000041000000000000</Binary>
  </EventData>
</Event>

Log Name:      System
Source:        Disk
Date:          16/06/2017 10:59:53
Event ID:      7
Task Category: None
Level:         Error
Keywords:      Classic
User:          N/A
Computer:      DESKTOP-9KLOST5
Description:
The device, \Device\Harddisk0\DR0, has a bad block.
Event Xml:
<Event xmlns="http://schemas.microsoft.com/win/2004/08/events/event">
  <System>
    <Provider Name="Disk" />
    <EventID Qualifiers="49156">7</EventID>
    <Level>2</Level>
    <Task>0</Task>
    <Keywords>0x80000000000000</Keywords>
    <TimeCreated SystemTime="2017-06-16T03:59:53.435189600Z" />
    <EventRecordID>904</EventRecordID>
    <Channel>System</Channel>
    <Computer>DESKTOP-9KLOST5</Computer>
    <Security />
  </System>
  <EventData>
    <Data>\Device\Harddisk0\DR0</Data>
    <Binary>030081000100000000000000070004C0000100009C0000C0000000000000000000E0B9C6210000004D54130000000000FFFFFFFF00000000580000840205000000200AFF42072000000002001E000000000082E003A6FFFFB05647E003A6FFFF000000000000000010E056E003A6FFFF0000000000000000F05CE31000000000280010E35CF000010000000000000000F00003000000000B0000000000000000000000000000000000</Binary>
  </EventData>
</Event>

Log Name:      System
Source:        Disk
Date:          16/06/2017 11:00:05
Event ID:      7
Task Category: None
Level:         Error
Keywords:      Classic
User:          N/A
Computer:      DESKTOP-9KLOST5
Description:
The device, \Device\Harddisk0\DR0, has a bad block.
Event Xml:
<Event xmlns="http://schemas.microsoft.com/win/2004/08/events/event">
  <System>
    <Provider Name="Disk" />
    <EventID Qualifiers="49156">7</EventID>
    <Level>2</Level>
    <Task>0</Task>
    <Keywords>0x80000000000000</Keywords>
    <TimeCreated SystemTime="2017-06-16T04:00:05.834877600Z" />
    <EventRecordID>907</EventRecordID>
    <Channel>System</Channel>
    <Computer>DESKTOP-9KLOST5</Computer>
    <Security />
  </System>
  <EventData>
    <Data>\Device\Harddisk0\DR0</Data>
    <Binary>030081000100000000000000070004C0000100009C0000C0000000000000000000E0B9C6210000006657130000000000FFFFFFFF00000000580000840205000000200AFF42072000000002001E000000000082E003A6FFFFB05647E003A6FFFF0000000000000000709555E103A6FFFF0000000000000000F05CE31000000000280010E35CF000010000000000000000F00003000000000B0000000000000000000041000000000000</Binary>
  </EventData>
</Event>

Log Name:      System
Source:        Disk
Date:          16/06/2017 11:00:01
Event ID:      7
Task Category: None
Level:         Error
Keywords:      Classic
User:          N/A
Computer:      DESKTOP-9KLOST5
Description:
The device, \Device\Harddisk0\DR0, has a bad block.
Event Xml:
<Event xmlns="http://schemas.microsoft.com/win/2004/08/events/event">
  <System>
    <Provider Name="Disk" />
    <EventID Qualifiers="49156">7</EventID>
    <Level>2</Level>
    <Task>0</Task>
    <Keywords>0x80000000000000</Keywords>
    <TimeCreated SystemTime="2017-06-16T04:00:01.090253800Z" />
    <EventRecordID>906</EventRecordID>
    <Channel>System</Channel>
    <Computer>DESKTOP-9KLOST5</Computer>
    <Security />
  </System>
  <EventData>
    <Data>\Device\Harddisk0\DR0</Data>
    <Binary>030081000100000000000000070004C0000100009C0000C0000000000000000000D08BC5210000003756130000000000FFFFFFFF00000000580000840205000000200AFF42072000000002001E000000000084E003A6FFFFB05647E003A6FFFF0000000000000000D0DB49E003A6FFFF0000000000000000E8C5E21000000000280010E2C5E800010000000000000000F00003000000000B0000000000000000000000000000000000</Binary>
  </EventData>
</Event>

Log Name:      System
Source:        Disk
Date:          16/06/2017 09:30:05
Event ID:      7
Task Category: None
Level:         Error
Keywords:      Classic
User:          N/A
Computer:      DESKTOP-9KLOST5
Description:
The device, \Device\Harddisk0\DR0, has a bad block.
Event Xml:
<Event xmlns="http://schemas.microsoft.com/win/2004/08/events/event">
  <System>
    <Provider Name="Disk" />
    <EventID Qualifiers="49156">7</EventID>
    <Level>2</Level>
    <Task>0</Task>
    <Keywords>0x80000000000000</Keywords>
    <TimeCreated SystemTime="2017-06-16T02:30:05.820098700Z" />
    <EventRecordID>866</EventRecordID>
    <Channel>System</Channel>
    <Computer>DESKTOP-9KLOST5</Computer>
    <Security />
  </System>
  <EventData>
    <Data>\Device\Harddisk0\DR0</Data>
    <Binary>030081000100000000000000070004C0000100009C0000C0000000000000000000E0B9C62100000065110E0000000000FFFFFFFF00000000580000840205000000200AFF42072000000002001E000000000082E003A6FFFFE0AA37E403A6FFFF000000000000000050B225E103A6FFFF0000000000000000F05CE31000000000280010E35CF000010000000000000000F00003000000000B0000000000000000000032000000000000</Binary>
  </EventData>
</Event>

Log Name:      System
Source:        Disk
Date:          16/06/2017 10:26:07
Event ID:      7
Task Category: None
Level:         Error
Keywords:      Classic
User:          N/A
Computer:      DESKTOP-9KLOST5
Description:
The device, \Device\Harddisk0\DR0, has a bad block.
Event Xml:
<Event xmlns="http://schemas.microsoft.com/win/2004/08/events/event">
  <System>
    <Provider Name="Disk" />
    <EventID Qualifiers="49156">7</EventID>
    <Level>2</Level>
    <Task>0</Task>
    <Keywords>0x80000000000000</Keywords>
    <TimeCreated SystemTime="2017-06-16T03:26:07.433747100Z" />
    <EventRecordID>900</EventRecordID>
    <Channel>System</Channel>
    <Computer>DESKTOP-9KLOST5</Computer>
    <Security />
  </System>
  <EventData>
    <Data>\Device\Harddisk0\DR0</Data>
    <Binary>030081000100000000000000070004C0000100009C0000C000000000000000000020BBC421000000CD59110000000000FFFFFFFF00000000580000840205000000200AFF42072000000002001E00000000008EE003A6FFFF104037E003A6FFFF0000000000000000608225E003A6FFFF0000000000000000905DE21000000000280010E25D9000010000000000000000F00003000000000B0000000000000000000000000000000000</Binary>
  </EventData>
</Event>

Log Name:      System
Source:        Disk
Date:          16/06/2017 10:26:03
Event ID:      7
Task Category: None
Level:         Error
Keywords:      Classic
User:          N/A
Computer:      DESKTOP-9KLOST5
Description:
The device, \Device\Harddisk0\DR0, has a bad block.
Event Xml:
<Event xmlns="http://schemas.microsoft.com/win/2004/08/events/event">
  <System>
    <Provider Name="Disk" />
    <EventID Qualifiers="49156">7</EventID>
    <Level>2</Level>
    <Task>0</Task>
    <Keywords>0x80000000000000</Keywords>
    <TimeCreated SystemTime="2017-06-16T03:26:03.871742700Z" />
    <EventRecordID>899</EventRecordID>
    <Channel>System</Channel>
    <Computer>DESKTOP-9KLOST5</Computer>
    <Security />
  </System>
  <EventData>
    <Data>\Device\Harddisk0\DR0</Data>
    <Binary>030081000100000000000000070004C0000100009C0000C0000000000000000000E0B9C621000000E958110000000000FFFFFFFF00000000580000840205000000200AFF42072000000002001E000000000082E003A6FFFF508C49E003A6FFFF000000000000000010502AE003A6FFFF0000000000000000F05CE31000000000280010E35CF000010000000000000000F00003000000000B0000000000000000000000000000000000</Binary>
  </EventData>
</Event>

Log Name:      System
Source:        Disk
Date:          16/06/2017 09:30:09
Event ID:      7
Task Category: None
Level:         Error
Keywords:      Classic
User:          N/A
Computer:      DESKTOP-9KLOST5
Description:
The device, \Device\Harddisk0\DR0, has a bad block.
Event Xml:
<Event xmlns="http://schemas.microsoft.com/win/2004/08/events/event">
  <System>
    <Provider Name="Disk" />
    <EventID Qualifiers="49156">7</EventID>
    <Level>2</Level>
    <Task>0</Task>
    <Keywords>0x80000000000000</Keywords>
    <TimeCreated SystemTime="2017-06-16T02:30:09.419647700Z" />
    <EventRecordID>867</EventRecordID>
    <Channel>System</Channel>
    <Computer>DESKTOP-9KLOST5</Computer>
    <Security />
  </System>
  <EventData>
    <Data>\Device\Harddisk0\DR0</Data>
    <Binary>030081000100000000000000070004C0000100009C0000C000000000000000000020BBC4210000004C120E0000000000FFFFFFFF00000000580000840205000000200AFF42072000000002001E00000000008EE003A6FFFFE0AA37E403A6FFFF00000000000000001090A3EA03A6FFFF0000000000000000905DE21000000000280010E25D9000010000000000000000F00003000000000B0000000000000000000051000000000000</Binary>
  </EventData>
</Event>

Log Name:      System
Source:        Disk
Date:          16/06/2017 10:26:11
Event ID:      7
Task Category: None
Level:         Error
Keywords:      Classic
User:          N/A
Computer:      DESKTOP-9KLOST5
Description:
The device, \Device\Harddisk0\DR0, has a bad block.
Event Xml:
<Event xmlns="http://schemas.microsoft.com/win/2004/08/events/event">
  <System>
    <Provider Name="Disk" />
    <EventID Qualifiers="49156">7</EventID>
    <Level>2</Level>
    <Task>0</Task>
    <Keywords>0x80000000000000</Keywords>
    <TimeCreated SystemTime="2017-06-16T03:26:11.523628200Z" />
    <EventRecordID>901</EventRecordID>
    <Channel>System</Channel>
    <Computer>DESKTOP-9KLOST5</Computer>
    <Security />
  </System>
  <EventData>
    <Data>\Device\Harddisk0\DR0</Data>
    <Binary>030081000100000000000000070004C0000100009C0000C0000000000000000000D08BC521000000D25A110000000000FFFFFFFF00000000580000840205000000200AFF42072000000002001E000000000084E003A6FFFF104037E003A6FFFF000000000000000080966DE103A6FFFF0000000000000000E8C5E21000000000280010E2C5E800010000000000000000F00003000000000B0000000000000000000000000000000000</Binary>
  </EventData>
</Event>

Log Name:      System
Source:        Disk
Date:          16/06/2017 11:00:09
Event ID:      7
Task Category: None
Level:         Error
Keywords:      Classic
User:          N/A
Computer:      DESKTOP-9KLOST5
Description:
The device, \Device\Harddisk0\DR0, has a bad block.
Event Xml:
<Event xmlns="http://schemas.microsoft.com/win/2004/08/events/event">
  <System>
    <Provider Name="Disk" />
    <EventID Qualifiers="49156">7</EventID>
    <Level>2</Level>
    <Task>0</Task>
    <Keywords>0x80000000000000</Keywords>
    <TimeCreated SystemTime="2017-06-16T04:00:09.350552400Z" />
    <EventRecordID>908</EventRecordID>
    <Channel>System</Channel>
    <Computer>DESKTOP-9KLOST5</Computer>
    <Security />
  </System>
  <EventData>
    <Data>\Device\Harddisk0\DR0</Data>
    <Binary>030081000100000000000000070004C0000100009C0000C000000000000000000020BBC4210000004758130000000000FFFFFFFF00000000580000840205000000200AFF42072000000002001E00000000008EE003A6FFFFB05647E003A6FFFF0000000000000000E0695EE003A6FFFF0000000000000000905DE21000000000280010E25D9000010000000000000000F00003000000000B0000000000000000000000000000000000</Binary>
  </EventData>
</Event>

Log Name:      System
Source:        Disk
Date:          16/06/2017 09:19:23
Event ID:      7
Task Category: None
Level:         Error
Keywords:      Classic
User:          N/A
Computer:      DESKTOP-9KLOST5
Description:
The device, \Device\Harddisk0\DR0, has a bad block.
Event Xml:
<Event xmlns="http://schemas.microsoft.com/win/2004/08/events/event">
  <System>
    <Provider Name="Disk" />
    <EventID Qualifiers="49156">7</EventID>
    <Level>2</Level>
    <Task>0</Task>
    <Keywords>0x80000000000000</Keywords>
    <TimeCreated SystemTime="2017-06-16T02:19:23.779790900Z" />
    <EventRecordID>858</EventRecordID>
    <Channel>System</Channel>
    <Computer>DESKTOP-9KLOST5</Computer>
    <Security />
  </System>
  <EventData>
    <Data>\Device\Harddisk0\DR0</Data>
    <Binary>030081000100000000000000070004C0000100009C0000C000000000000000000020BBC421000000E3700D0000000000FFFFFFFF00000000580000840205000000200AFF42072000000002001E00000000008EE003A6FFFF10C0FFE003A6FFFF000000000000000010A15BE103A6FFFF0000000000000000905DE21000000000280010E25D9000010000000000000000F00003000000000B0000000000000000000000000000000000</Binary>
  </EventData>
</Event>

Log Name:      System
Source:        Disk
Date:          16/06/2017 09:19:28
Event ID:      7
Task Category: None
Level:         Error
Keywords:      Classic
User:          N/A
Computer:      DESKTOP-9KLOST5
Description:
The device, \Device\Harddisk0\DR0, has a bad block.
Event Xml:
<Event xmlns="http://schemas.microsoft.com/win/2004/08/events/event">
  <System>
    <Provider Name="Disk" />
    <EventID Qualifiers="49156">7</EventID>
    <Level>2</Level>
    <Task>0</Task>
    <Keywords>0x80000000000000</Keywords>
    <TimeCreated SystemTime="2017-06-16T02:19:28.047383600Z" />
    <EventRecordID>859</EventRecordID>
    <Channel>System</Channel>
    <Computer>DESKTOP-9KLOST5</Computer>
    <Security />
  </System>
  <EventData>
    <Data>\Device\Harddisk0\DR0</Data>
    <Binary>030081000100000000000000070004C0000100009C0000C0000000000000000000D08BC521000000F4710D0000000000FFFFFFFF00000000580000840205000000200AFF42072000000002001E000000000084E003A6FFFF10C0FFE003A6FFFF0000000000000000C05DB5EA03A6FFFF0000000000000000E8C5E21000000000280010E2C5E800010000000000000000F00003000000000B0000000000000000000000000000000000</Binary>
  </EventData>
</Event>

Log Name:      System
Source:        Disk
Date:          16/06/2017 09:16:24
Event ID:      7
Task Category: None
Level:         Error
Keywords:      Classic
User:          N/A
Computer:      DESKTOP-9KLOST5
Description:
The device, \Device\Harddisk0\DR0, has a bad block.
Event Xml:
<Event xmlns="http://schemas.microsoft.com/win/2004/08/events/event">
  <System>
    <Provider Name="Disk" />
    <EventID Qualifiers="49156">7</EventID>
    <Level>2</Level>
    <Task>0</Task>
    <Keywords>0x80000000000000</Keywords>
    <TimeCreated SystemTime="2017-06-16T02:16:24.177946600Z" />
    <EventRecordID>856</EventRecordID>
    <Channel>System</Channel>
    <Computer>DESKTOP-9KLOST5</Computer>
    <Security />
  </System>
  <EventData>
    <Data>\Device\Harddisk0\DR0</Data>
    <Binary>030081000100000000000000070004C0000100009C0000C0000000000000000000D08BC521000000FC430D0000000000FFFFFFFF00000000580000840205000000200AFF42072000000002001E000000000084E003A6FFFFA0D110E103A6FFFF000000000000000060FA33E103A6FFFF0000000000000000E8C5E21000000000280010E2C5E800010000000000000000F00003000000000B0000000000000000000000000000000000</Binary>
  </EventData>
</Event>

Log Name:      System
Source:        Disk
Date:          16/06/2017 09:19:20
Event ID:      7
Task Category: None
Level:         Error
Keywords:      Classic
User:          N/A
Computer:      DESKTOP-9KLOST5
Description:
The device, \Device\Harddisk0\DR0, has a bad block.
Event Xml:
<Event xmlns="http://schemas.microsoft.com/win/2004/08/events/event">
  <System>
    <Provider Name="Disk" />
    <EventID Qualifiers="49156">7</EventID>
    <Level>2</Level>
    <Task>0</Task>
    <Keywords>0x80000000000000</Keywords>
    <TimeCreated SystemTime="2017-06-16T02:19:20.269548600Z" />
    <EventRecordID>857</EventRecordID>
    <Channel>System</Channel>
    <Computer>DESKTOP-9KLOST5</Computer>
    <Security />
  </System>
  <EventData>
    <Data>\Device\Harddisk0\DR0</Data>
    <Binary>030081000100000000000000070004C0000100009C0000C0000000000000000000E0B9C62100000002700D0000000000FFFFFFFF00000000580000840205000000200AFF42072000000002001E000000000082E003A6FFFF10C0FFE003A6FFFF0000000000000000C0A43FE103A6FFFF0000000000000000F05CE31000000000280010E35CF000010000000000000000F00003000000000B0000000000000000000000000000000000</Binary>
  </EventData>
</Event>

Log Name:      System
Source:        Microsoft-Windows-Kernel-General
Date:          16/06/2017 09:29:24
Event ID:      5
Task Category: None
Level:         Error
Keywords:      
User:          SYSTEM
Computer:      DESKTOP-9KLOST5
Description:
{Registry Hive Recovered} Registry hive (file): '\??\C:\Windows\System32\config\COMPONENTS' was corrupted and it has been recovered. Some data might have been lost.
Event Xml:
<Event xmlns="http://schemas.microsoft.com/win/2004/08/events/event">
  <System>
    <Provider Name="Microsoft-Windows-Kernel-General" Guid="{A68CA8B7-004F-D7B6-A698-07E2DE0F1F5D}" />
    <EventID>5</EventID>
    <Version>0</Version>
    <Level>2</Level>
    <Task>0</Task>
    <Opcode>0</Opcode>
    <Keywords>0x8000000000000000</Keywords>
    <TimeCreated SystemTime="2017-06-16T02:29:24.632078000Z" />
    <EventRecordID>862</EventRecordID>
    <Correlation />
    <Execution ProcessID="7176" ThreadID="4976" />
    <Channel>System</Channel>
    <Computer>DESKTOP-9KLOST5</Computer>
    <Security UserID="S-1-5-18" />
  </System>
  <EventData>
    <Data Name="FinalStatus">0x8000002a</Data>
    <Data Name="ExtraStringLength">41</Data>
    <Data Name="ExtraString">\??\C:\Windows\System32\config\COMPONENTS</Data>
  </EventData>
</Event>

Log Name:      System
Source:        Disk
Date:          16/06/2017 09:29:42
Event ID:      7
Task Category: None
Level:         Error
Keywords:      Classic
User:          N/A
Computer:      DESKTOP-9KLOST5
Description:
The device, \Device\Harddisk0\DR0, has a bad block.
Event Xml:
<Event xmlns="http://schemas.microsoft.com/win/2004/08/events/event">
  <System>
    <Provider Name="Disk" />
    <EventID Qualifiers="49156">7</EventID>
    <Level>2</Level>
    <Task>0</Task>
    <Keywords>0x80000000000000</Keywords>
    <TimeCreated SystemTime="2017-06-16T02:29:42.913581900Z" />
    <EventRecordID>865</EventRecordID>
    <Channel>System</Channel>
    <Computer>DESKTOP-9KLOST5</Computer>
    <Security />
  </System>
  <EventData>
    <Data>\Device\Harddisk0\DR0</Data>
    <Binary>030081000100000000000000070004C0000100009C0000C0000000000000000000D08BC521000000AB0B0E0000000000FFFFFFFF00000000580000840205000000200AFF42072000000002001E000000000084E003A6FFFFE0AA37E403A6FFFF000000000000000060335BE103A6FFFF0000000000000000E8C5E21000000000280010E2C5E800010000000000000000F00003000000000B0000000000000000000032000000000000</Binary>
  </EventData>
</Event>

Log Name:      System
Source:        Disk
Date:          16/06/2017 11:00:13
Event ID:      7
Task Category: None
Level:         Error
Keywords:      Classic
User:          N/A
Computer:      DESKTOP-9KLOST5
Description:
The device, \Device\Harddisk0\DR0, has a bad block.
Event Xml:
<Event xmlns="http://schemas.microsoft.com/win/2004/08/events/event">
  <System>
    <Provider Name="Disk" />
    <EventID Qualifiers="49156">7</EventID>
    <Level>2</Level>
    <Task>0</Task>
    <Keywords>0x80000000000000</Keywords>
    <TimeCreated SystemTime="2017-06-16T04:00:13.558458100Z" />
    <EventRecordID>909</EventRecordID>
    <Channel>System</Channel>
    <Computer>DESKTOP-9KLOST5</Computer>
    <Security />
  </System>
  <EventData>
    <Data>\Device\Harddisk0\DR0</Data>
    <Binary>030081000100000000000000070004C0000100009C0000C0000000000000000000D08BC5210000005459130000000000FFFFFFFF00000000580000840205000000200AFF42072000000002001E000000000084E003A6FFFFB05647E003A6FFFF000000000000000020453DEA03A6FFFF0000000000000000E8C5E21000000000280010E2C5E800010000000000000000F00003000000000B0000000000000000000000000000000000</Binary>
  </EventData>
</Event>

Log Name:      System
Source:        Disk
Date:          16/06/2017 09:29:35
Event ID:      7
Task Category: None
Level:         Error
Keywords:      Classic
User:          N/A
Computer:      DESKTOP-9KLOST5
Description:
The device, \Device\Harddisk0\DR0, has a bad block.
Event Xml:
<Event xmlns="http://schemas.microsoft.com/win/2004/08/events/event">
  <System>
    <Provider Name="Disk" />
    <EventID Qualifiers="49156">7</EventID>
    <Level>2</Level>
    <Task>0</Task>
    <Keywords>0x80000000000000</Keywords>
    <TimeCreated SystemTime="2017-06-16T02:29:35.202299000Z" />
    <EventRecordID>863</EventRecordID>
    <Channel>System</Channel>
    <Computer>DESKTOP-9KLOST5</Computer>
    <Security />
  </System>
  <EventData>
    <Data>\Device\Harddisk0\DR0</Data>
    <Binary>030081000100000000000000070004C0000100009C0000C0000000000000000000E0B9C621000000BE090E0000000000FFFFFFFF00000000580000840205000000200AFF42072000000002001E000000000082E003A6FFFFF0D90FE203A6FFFF0000000000000000107096EA03A6FFFF0000000000000000F05CE31000000000280010E35CF000010000000000000000F00003000000000B0000000000000000000000000000000000</Binary>
  </EventData>
</Event>

Log Name:      System
Source:        Disk
Date:          16/06/2017 09:29:38
Event ID:      7
Task Category: None
Level:         Error
Keywords:      Classic
User:          N/A
Computer:      DESKTOP-9KLOST5
Description:
The device, \Device\Harddisk0\DR0, has a bad block.
Event Xml:
<Event xmlns="http://schemas.microsoft.com/win/2004/08/events/event">
  <System>
    <Provider Name="Disk" />
    <EventID Qualifiers="49156">7</EventID>
    <Level>2</Level>
    <Task>0</Task>
    <Keywords>0x80000000000000</Keywords>
    <TimeCreated SystemTime="2017-06-16T02:29:38.757219700Z" />
    <EventRecordID>864</EventRecordID>
    <Channel>System</Channel>
    <Computer>DESKTOP-9KLOST5</Computer>
    <Security />
  </System>
  <EventData>
    <Data>\Device\Harddisk0\DR0</Data>
    <Binary>030081000100000000000000070004C0000100009C0000C000000000000000000020BBC421000000A10A0E0000000000FFFFFFFF00000000580000840205000000200AFF42072000000002001E00000000008EE003A6FFFFE0AA37E403A6FFFF000000000000000010A15BE103A6FFFF0000000000000000905DE21000000000280010E25D9000010000000000000000F00003000000000B0000000000000000000051000000000000</Binary>
  </EventData>
</Event>

Log Name:      System
Source:        Disk
Date:          16/06/2017 10:25:59
Event ID:      7
Task Category: None
Level:         Error
Keywords:      Classic
User:          N/A
Computer:      DESKTOP-9KLOST5
Description:
The device, \Device\Harddisk0\DR0, has a bad block.
Event Xml:
<Event xmlns="http://schemas.microsoft.com/win/2004/08/events/event">
  <System>
    <Provider Name="Disk" />
    <EventID Qualifiers="49156">7</EventID>
    <Level>2</Level>
    <Task>0</Task>
    <Keywords>0x80000000000000</Keywords>
    <TimeCreated SystemTime="2017-06-16T03:25:59.245237700Z" />
    <EventRecordID>898</EventRecordID>
    <Channel>System</Channel>
    <Computer>DESKTOP-9KLOST5</Computer>
    <Security />
  </System>
  <EventData>
    <Data>\Device\Harddisk0\DR0</Data>
    <Binary>030081000100000000000000070004C0000100009C0000C0000000000000000000D08BC521000000C057110000000000FFFFFFFF00000000580000840205000000200AFF42072000000002001E000000000084E003A6FFFF104037E003A6FFFF0000000000000000403A26E003A6FFFF0000000000000000E8C5E21000000000280010E2C5E800010000000000000000F00003000000000B0000000000000000000000000000000000</Binary>
  </EventData>
</Event>

Log Name:      System
Source:        Disk
Date:          16/06/2017 09:49:07
Event ID:      7
Task Category: None
Level:         Error
Keywords:      Classic
User:          N/A
Computer:      DESKTOP-9KLOST5
Description:
The device, \Device\Harddisk0\DR0, has a bad block.
Event Xml:
<Event xmlns="http://schemas.microsoft.com/win/2004/08/events/event">
  <System>
    <Provider Name="Disk" />
    <EventID Qualifiers="49156">7</EventID>
    <Level>2</Level>
    <Task>0</Task>
    <Keywords>0x80000000000000</Keywords>
    <TimeCreated SystemTime="2017-06-16T02:49:07.104319800Z" />
    <EventRecordID>883</EventRecordID>
    <Channel>System</Channel>
    <Computer>DESKTOP-9KLOST5</Computer>
    <Security />
  </System>
  <EventData>
    <Data>\Device\Harddisk0\DR0</Data>
    <Binary>030081000100000000000000070004C0000100009C0000C0000000000000000000D08BC521000000B72E0F0000000000FFFFFFFF00000000580000840205000000200AFF42072000000002001E000000000084E003A6FFFFF04737E103A6FFFF0000000000000000C0A43FE103A6FFFF0000000000000000E8C5E21000000000280010E2C5E800010000000000000000F00003000000000B0000000000000000000000000000000000</Binary>
  </EventData>
</Event>

Log Name:      System
Source:        Disk
Date:          16/06/2017 09:49:02
Event ID:      7
Task Category: None
Level:         Error
Keywords:      Classic
User:          N/A
Computer:      DESKTOP-9KLOST5
Description:
The device, \Device\Harddisk0\DR0, has a bad block.
Event Xml:
<Event xmlns="http://schemas.microsoft.com/win/2004/08/events/event">
  <System>
    <Provider Name="Disk" />
    <EventID Qualifiers="49156">7</EventID>
    <Level>2</Level>
    <Task>0</Task>
    <Keywords>0x80000000000000</Keywords>
    <TimeCreated SystemTime="2017-06-16T02:49:02.871770500Z" />
    <EventRecordID>882</EventRecordID>
    <Channel>System</Channel>
    <Computer>DESKTOP-9KLOST5</Computer>
    <Security />
  </System>
  <EventData>
    <Data>\Device\Harddisk0\DR0</Data>
    <Binary>030081000100000000000000070004C0000100009C0000C000000000000000000020BBC421000000A92D0F0000000000FFFFFFFF00000000580000840205000000200AFF42072000000002001E00000000008EE003A6FFFFF04737E103A6FFFF000000000000000010805BE003A6FFFF0000000000000000905DE21000000000280010E25D9000010000000000000000F00003000000000B0000000000000000000000000000000000</Binary>
  </EventData>
</Event>

Log Name:      System
Source:        Disk
Date:          16/06/2017 09:39:04
Event ID:      7
Task Category: None
Level:         Error
Keywords:      Classic
User:          N/A
Computer:      DESKTOP-9KLOST5
Description:
The device, \Device\Harddisk0\DR0, has a bad block.
Event Xml:
<Event xmlns="http://schemas.microsoft.com/win/2004/08/events/event">
  <System>
    <Provider Name="Disk" />
    <EventID Qualifiers="49156">7</EventID>
    <Level>2</Level>
    <Task>0</Task>
    <Keywords>0x80000000000000</Keywords>
    <TimeCreated SystemTime="2017-06-16T02:39:04.104173100Z" />
    <EventRecordID>872</EventRecordID>
    <Channel>System</Channel>
    <Computer>DESKTOP-9KLOST5</Computer>
    <Security />
  </System>
  <EventData>
    <Data>\Device\Harddisk0\DR0</Data>
    <Binary>030081000100000000000000070004C0000100009C0000C000000000000000000020BBC421000000F7970E0000000000FFFFFFFF00000000580000840205000000200AFF42072000000002001E00000000008EE003A6FFFF401B2EE403A6FFFF00000000000000006057FEEA03A6FFFF0000000000000000905DE21000000000280010E25D9000010000000000000000F00003000000000B0000000000000000000000000000000000</Binary>
  </EventData>
</Event>

Log Name:      System
Source:        Disk
Date:          16/06/2017 09:39:08
Event ID:      7
Task Category: None
Level:         Error
Keywords:      Classic
User:          N/A
Computer:      DESKTOP-9KLOST5
Description:
The device, \Device\Harddisk0\DR0, has a bad block.
Event Xml:
<Event xmlns="http://schemas.microsoft.com/win/2004/08/events/event">
  <System>
    <Provider Name="Disk" />
    <EventID Qualifiers="49156">7</EventID>
    <Level>2</Level>
    <Task>0</Task>
    <Keywords>0x80000000000000</Keywords>
    <TimeCreated SystemTime="2017-06-16T02:39:08.231942700Z" />
    <EventRecordID>873</EventRecordID>
    <Channel>System</Channel>
    <Computer>DESKTOP-9KLOST5</Computer>
    <Security />
  </System>
  <EventData>
    <Data>\Device\Harddisk0\DR0</Data>
    <Binary>030081000100000000000000070004C0000100009C0000C0000000000000000000D08BC52100000000990E0000000000FFFFFFFF00000000580000840205000000200AFF42072000000002001E000000000084E003A6FFFF401B2EE403A6FFFF000000000000000060CC18E103A6FFFF0000000000000000E8C5E21000000000280010E2C5E800010000000000000000F00003000000000B0000000000000000000041000000000000</Binary>
  </EventData>
</Event>

Log Name:      System
Source:        Disk
Date:          16/06/2017 09:48:59
Event ID:      7
Task Category: None
Level:         Error
Keywords:      Classic
User:          N/A
Computer:      DESKTOP-9KLOST5
Description:
The device, \Device\Harddisk0\DR0, has a bad block.
Event Xml:
<Event xmlns="http://schemas.microsoft.com/win/2004/08/events/event">
  <System>
    <Provider Name="Disk" />
    <EventID Qualifiers="49156">7</EventID>
    <Level>2</Level>
    <Task>0</Task>
    <Keywords>0x80000000000000</Keywords>
    <TimeCreated SystemTime="2017-06-16T02:48:59.306257600Z" />
    <EventRecordID>881</EventRecordID>
    <Channel>System</Channel>
    <Computer>DESKTOP-9KLOST5</Computer>
    <Security />
  </System>
  <EventData>
    <Data>\Device\Harddisk0\DR0</Data>
    <Binary>030081000100000000000000070004C0000100009C0000C0000000000000000000E0B9C621000000C42C0F0000000000FFFFFFFF00000000580000840205000000200AFF42072000000002001E000000000082E003A6FFFFF04737E103A6FFFF0000000000000000A04B52E003A6FFFF0000000000000000F05CE31000000000280010E35CF000010000000000000000F00003000000000B0000000000000000000000000000000000</Binary>
  </EventData>
</Event>

Log Name:      System
Source:        Disk
Date:          16/06/2017 09:48:43
Event ID:      7
Task Category: None
Level:         Error
Keywords:      Classic
User:          N/A
Computer:      DESKTOP-9KLOST5
Description:
The device, \Device\Harddisk0\DR0, has a bad block.
Event Xml:
<Event xmlns="http://schemas.microsoft.com/win/2004/08/events/event">
  <System>
    <Provider Name="Disk" />
    <EventID Qualifiers="49156">7</EventID>
    <Level>2</Level>
    <Task>0</Task>
    <Keywords>0x80000000000000</Keywords>
    <TimeCreated SystemTime="2017-06-16T02:48:43.685865100Z" />
    <EventRecordID>878</EventRecordID>
    <Channel>System</Channel>
    <Computer>DESKTOP-9KLOST5</Computer>
    <Security />
  </System>
  <EventData>
    <Data>\Device\Harddisk0\DR0</Data>
    <Binary>030081000100000000000000070004C0000100009C0000C0000000000000000000E0B9C621000000DD280F0000000000FFFFFFFF00000000580000840205000000200AFF42072000000002001E000000000082E003A6FFFFF04737E103A6FFFF0000000000000000805228E003A6FFFF0000000000000000F05CE31000000000280010E35CF000010000000000000000F00003000000000B0000000000000000000000000000000000</Binary>
  </EventData>
</Event>

