  Log Name: System
  Source: Microsoft-Windows-Kernel-Processor-Power
  Date: 2017-06-09T00:06:46.001
  Event ID: 55
  Task: N/A
  Level: Information
  Opcode: Info
  Keyword: N/A
  User: S-1-5-18
  User Name: NT AUTHORITY\SYSTEM
  Computer: DESKTOP-NGQE08I
  Description: 
Processor 6 in group 0 exposes the following power management capabilities:

Idle state type: ACPI Idle (C) States (1 state(s))

Performance state type: ACPI Performance (P) / Throttle (T) States
Nominal Frequency (MHz): 3501
Maximum performance percentage: 100
Minimum performance percentage: 34
Minimum throttle percentage: 4

Event[3843]:
  Log Name: System
  Source: Microsoft-Windows-Kernel-Processor-Power
  Date: 2017-06-09T00:06:46.002
  Event ID: 55
  Task: N/A
  Level: Information
  Opcode: Info
  Keyword: N/A
  User: S-1-5-18
  User Name: NT AUTHORITY\SYSTEM
  Computer: DESKTOP-NGQE08I
  Description: 
Processor 8 in group 0 exposes the following power management capabilities:

Idle state type: ACPI Idle (C) States (1 state(s))

Performance state type: ACPI Performance (P) / Throttle (T) States
Nominal Frequency (MHz): 3501
Maximum performance percentage: 100
Minimum performance percentage: 34
Minimum throttle percentage: 4

Event[3844]:
  Log Name: System
  Source: Microsoft-Windows-Kernel-Processor-Power
  Date: 2017-06-09T00:06:46.002
  Event ID: 55
  Task: N/A
  Level: Information
  Opcode: Info
  Keyword: N/A
  User: S-1-5-18
  User Name: NT AUTHORITY\SYSTEM
  Computer: DESKTOP-NGQE08I
  Description: 
Processor 10 in group 0 exposes the following power management capabilities:

Idle state type: ACPI Idle (C) States (1 state(s))

Performance state type: ACPI Performance (P) / Throttle (T) States
Nominal Frequency (MHz): 3501
Maximum performance percentage: 100
Minimum performance percentage: 34
Minimum throttle percentage: 4

Event[3845]:
  Log Name: System
  Source: Microsoft-Windows-Kernel-Processor-Power
  Date: 2017-06-09T00:06:46.003
  Event ID: 55
  Task: N/A
  Level: Information
  Opcode: Info
  Keyword: N/A
  User: S-1-5-18
  User Name: NT AUTHORITY\SYSTEM
  Computer: DESKTOP-NGQE08I
  Description: 
Processor 1 in group 0 exposes the following power management capabilities:

Idle state type: ACPI Idle (C) States (1 state(s))

Performance state type: ACPI Performance (P) / Throttle (T) States
Nominal Frequency (MHz): 3501
Maximum performance percentage: 100
Minimum performance percentage: 34
Minimum throttle percentage: 4

Event[3846]:
  Log Name: System
  Source: Microsoft-Windows-Kernel-Processor-Power
  Date: 2017-06-09T00:06:46.003
  Event ID: 55
  Task: N/A
  Level: Information
  Opcode: Info
  Keyword: N/A
  User: S-1-5-18
  User Name: NT AUTHORITY\SYSTEM
  Computer: DESKTOP-NGQE08I
  Description: 
Processor 3 in group 0 exposes the following power management capabilities:

Idle state type: ACPI Idle (C) States (1 state(s))

Performance state type: ACPI Performance (P) / Throttle (T) States
Nominal Frequency (MHz): 3501
Maximum performance percentage: 100
Minimum performance percentage: 34
Minimum throttle percentage: 4

Event[3847]:
  Log Name: System
  Source: Microsoft-Windows-Kernel-Processor-Power
  Date: 2017-06-09T00:06:46.004
  Event ID: 55
  Task: N/A
  Level: Information
  Opcode: Info
  Keyword: N/A
  User: S-1-5-18
  User Name: NT AUTHORITY\SYSTEM
  Computer: DESKTOP-NGQE08I
  Description: 
Processor 5 in group 0 exposes the following power management capabilities:

Idle state type: ACPI Idle (C) States (1 state(s))

Performance state type: ACPI Performance (P) / Throttle (T) States
Nominal Frequency (MHz): 3501
Maximum performance percentage: 100
Minimum performance percentage: 34
Minimum throttle percentage: 4

Event[3848]:
  Log Name: System
  Source: Microsoft-Windows-Kernel-Processor-Power
  Date: 2017-06-09T00:06:46.004
  Event ID: 55
  Task: N/A
  Level: Information
  Opcode: Info
  Keyword: N/A
  User: S-1-5-18
  User Name: NT AUTHORITY\SYSTEM
  Computer: DESKTOP-NGQE08I
  Description: 
Processor 7 in group 0 exposes the following power management capabilities:

Idle state type: ACPI Idle (C) States (1 state(s))

Performance state type: ACPI Performance (P) / Throttle (T) States
Nominal Frequency (MHz): 3501
Maximum performance percentage: 100
Minimum performance percentage: 34
Minimum throttle percentage: 4

Event[3849]:
  Log Name: System
  Source: Microsoft-Windows-Kernel-Processor-Power
  Date: 2017-06-09T00:06:46.005
  Event ID: 55
  Task: N/A
  Level: Information
  Opcode: Info
  Keyword: N/A
  User: S-1-5-18
  User Name: NT AUTHORITY\SYSTEM
  Computer: DESKTOP-NGQE08I
  Description: 
Processor 9 in group 0 exposes the following power management capabilities:

Idle state type: ACPI Idle (C) States (1 state(s))

Performance state type: ACPI Performance (P) / Throttle (T) States
Nominal Frequency (MHz): 3501
Maximum performance percentage: 100
Minimum performance percentage: 34
Minimum throttle percentage: 4

Event[3850]:
  Log Name: System
  Source: Microsoft-Windows-Kernel-Processor-Power
  Date: 2017-06-09T00:06:46.005
  Event ID: 55
  Task: N/A
  Level: Information
  Opcode: Info
  Keyword: N/A
  User: S-1-5-18
  User Name: NT AUTHORITY\SYSTEM
  Computer: DESKTOP-NGQE08I
  Description: 
Processor 11 in group 0 exposes the following power management capabilities:

Idle state type: ACPI Idle (C) States (1 state(s))

Performance state type: ACPI Performance (P) / Throttle (T) States
Nominal Frequency (MHz): 3501
Maximum performance percentage: 100
Minimum performance percentage: 34
Minimum throttle percentage: 4

Event[3851]:
  Log Name: System
  Source: MEIx64
  Date: 2017-06-09T00:06:46.064
  Event ID: 2
  Task: N/A
  Level: Information
  Opcode: N/A
  Keyword: Classic
  User: N/A
  User Name: N/A
  Computer: DESKTOP-NGQE08I
  Description: 
Intel(R) Management Engine Interface driver has started successfully.

Event[3852]:
  Log Name: System
  Source: Microsoft-Windows-Ntfs
  Date: 2017-06-09T00:06:46.495
  Event ID: 98
  Task: N/A
  Level: Information
  Opcode: Info
  Keyword: N/A
  User: S-1-5-18
  User Name: NT AUTHORITY\SYSTEM
  Computer: DESKTOP-NGQE08I
  Description: 
Volume D: (\Device\HarddiskVolume5) is healthy.  No action is needed.

Event[3853]:
  Log Name: System
  Source: Microsoft-Windows-Ntfs
  Date: 2017-06-09T00:06:47.219
  Event ID: 98
  Task: N/A
  Level: Information
  Opcode: Info
  Keyword: N/A
  User: S-1-5-18
  User Name: NT AUTHORITY\SYSTEM
  Computer: DESKTOP-NGQE08I
  Description: 
Volume H: (\Device\HarddiskVolume10) is healthy.  No action is needed.

Event[3854]:
  Log Name: System
  Source: Microsoft-Windows-Ntfs
  Date: 2017-06-09T00:06:48.313
  Event ID: 98
  Task: N/A
  Level: Information
  Opcode: Info
  Keyword: N/A
  User: S-1-5-18
  User Name: NT AUTHORITY\SYSTEM
  Computer: DESKTOP-NGQE08I
  Description: 
Volume E: (\Device\HarddiskVolume7) is healthy.  No action is needed.

Event[3855]:
  Log Name: System
  Source: Microsoft-Windows-Ntfs
  Date: 2017-06-09T00:06:49.074
  Event ID: 98
  Task: N/A
  Level: Information
  Opcode: Info
  Keyword: N/A
  User: S-1-5-18
  User Name: NT AUTHORITY\SYSTEM
  Computer: DESKTOP-NGQE08I
  Description: 
Volume F: (\Device\HarddiskVolume8) is healthy.  No action is needed.

Event[3856]:
  Log Name: System
  Source: Microsoft-Windows-Ntfs
  Date: 2017-06-09T00:06:49.609
  Event ID: 98
  Task: N/A
  Level: Information
  Opcode: Info
  Keyword: N/A
  User: S-1-5-18
  User Name: NT AUTHORITY\SYSTEM
  Computer: DESKTOP-NGQE08I
  Description: 
Volume G: (\Device\HarddiskVolume9) is healthy.  No action is needed.

Event[3857]:
  Log Name: System
  Source: e1iexpress
  Date: 2017-06-09T00:06:49.804
  Event ID: 32
  Task: N/A
  Level: Information
  Opcode: N/A
  Keyword: Classic
  User: N/A
  User Name: N/A
  Computer: DESKTOP-NGQE08I
  Description: 
Intel(R) Ethernet Connection (2) I218-V
 Network link has been established at 1Gbps full duplex.


Event[3858]:
  Log Name: System
  Source: Microsoft-Windows-Wininit
  Date: 2017-06-09T00:06:51.514
  Event ID: 14
  Task: N/A
  Level: Information
  Opcode: Info
  Keyword: N/A
  User: S-1-5-18
  User Name: NT AUTHORITY\SYSTEM
  Computer: DESKTOP-NGQE08I
  Description: 
Credential Guard (LsaIso.exe) configuration: 0x0, 0

Event[3859]:
  Log Name: System
  Source: Microsoft-Windows-Directory-Services-SAM
  Date: 2017-06-09T00:06:51.647
  Event ID: 16962
  Task: N/A
  Level: Information
  Opcode: Info
  Keyword: N/A
  User: S-1-5-18
  User Name: NT AUTHORITY\SYSTEM
  Computer: DESKTOP-NGQE08I
  Description: 
Remote calls to the SAM database are being restricted using the default security descriptor: O:SYG:SYD:(A;;RC;;;BA).
For more information please see http://go.microsoft.com/fwlink/?LinkId=787651.

Event[3860]:
  Log Name: System
  Source: Microsoft-Windows-FilterManager
  Date: 2017-06-09T00:06:51.864
  Event ID: 6
  Task: N/A
  Level: Information
  Opcode: Info
  Keyword: N/A
  User: S-1-5-18
  User Name: NT AUTHORITY\SYSTEM
  Computer: DESKTOP-NGQE08I
  Description: 
File System Filter 'wcifs' (10.0, ?2088?-?07?-?29T04:04:59.000000000Z) has successfully loaded and registered with Filter Manager.

Event[3861]:
  Log Name: System
  Source: Microsoft-Windows-FilterManager
  Date: 2017-06-09T00:06:51.883
  Event ID: 6
  Task: N/A
  Level: Information
  Opcode: Info
  Keyword: N/A
  User: S-1-5-18
  User Name: NT AUTHORITY\SYSTEM
  Computer: DESKTOP-NGQE08I
  Description: 
File System Filter 'luafv' (10.0, ?2037?-?06?-?08T10:55:59.000000000Z) has successfully loaded and registered with Filter Manager.

Event[3862]:
  Log Name: System
  Source: Service Control Manager
  Date: 2017-06-09T00:06:51.882
  Event ID: 7000
  Task: N/A
  Level: Error
  Opcode: N/A
  Keyword: Classic
  User: N/A
  User Name: N/A
  Computer: DESKTOP-NGQE08I
  Description: 
The CldFlt service failed to start due to the following error: 
The request is not supported.

Event[3863]:
  Log Name: System
  Source: Microsoft-Windows-FilterManager
  Date: 2017-06-09T00:06:51.886
  Event ID: 6
  Task: N/A
  Level: Information
  Opcode: Info
  Keyword: N/A
  User: S-1-5-18
  User Name: NT AUTHORITY\SYSTEM
  Computer: DESKTOP-NGQE08I
  Description: 
File System Filter 'storqosflt' (10.0, ?2015?-?12?-?18T04:36:27.000000000Z) has successfully loaded and registered with Filter Manager.

Event[3864]:
  Log Name: System
  Source: Microsoft-Windows-Dhcp-Client
  Date: 2017-06-09T00:06:51.946
  Event ID: 50036
  Task: Service State Event
  Level: Information
  Opcode: ServiceStart
  Keyword: N/A
  User: S-1-5-19
  User Name: NT AUTHORITY\LOCAL SERVICE
  Computer: DESKTOP-NGQE08I
  Description: 
DHCPv4 client service is started

Event[3865]:
  Log Name: System
  Source: Microsoft-Windows-Dhcp-Client
  Date: 2017-06-09T00:06:51.946
  Event ID: 50103
  Task: Service State Event
  Level: Information
  Opcode: ServiceShutdown
  Keyword: N/A
  User: S-1-5-19
  User Name: NT AUTHORITY\LOCAL SERVICE
  Computer: DESKTOP-NGQE08I
  Description: 
DHCPv4 client registered for shutdown notification

Event[3866]:
  Log Name: System
  Source: Microsoft-Windows-DHCPv6-Client
  Date: 2017-06-09T00:06:51.961
  Event ID: 51046
  Task: Service State Event
  Level: Information
  Opcode: ServiceStart
  Keyword: N/A
  User: S-1-5-19
  User Name: NT AUTHORITY\LOCAL SERVICE
  Computer: DESKTOP-NGQE08I
  Description: 
DHCPv6 client service is started

Event[3867]:
  Log Name: System
  Source: Microsoft-Windows-WER-SystemErrorReporting
  Date: 2017-06-09T00:06:53.174
  Event ID: 1001
  Task: N/A
  Level: Error
  Opcode: N/A
  Keyword: Classic
  User: N/A
  User Name: N/A
  Computer: DESKTOP-NGQE08I
  Description: 
The computer has rebooted from a bugcheck.  The bugcheck was: 0x1000007e (0xffffffffc0000005, 0xfffff8023eb05c50, 0xffffab8161f06678, 0xffffab8161f05eb0). A dump was saved in: C:\Windows\Minidump\060917-12312-01.dmp. Report Id: bb69705e-a965-4722-a3c1-cad5a2e10a5e.

Event[3868]:
  Log Name: System
  Source: Service Control Manager
  Date: 2017-06-09T00:06:52.904
  Event ID: 7026
  Task: N/A
  Level: Information
  Opcode: N/A
  Keyword: Classic
  User: N/A
  User Name: N/A
  Computer: DESKTOP-NGQE08I
  Description: 
The following boot-start or system-start driver(s) did not load: 
dam

Event[3869]:
  Log Name: System
  Source: Microsoft-Windows-Winlogon
  Date: 2017-06-09T00:07:03.143
  Event ID: 7001
  Task: N/A
  Level: Information
  Opcode: Info
  Keyword: N/A
  User: S-1-5-18
  User Name: NT AUTHORITY\SYSTEM
  Computer: DESKTOP-NGQE08I
  Description: 
User Log-on Notification for Customer Experience Improvement Program

Event[3870]:
  Log Name: System
  Source: Service Control Manager
  Date: 2017-06-09T00:13:52.269
  Event ID: 7040
  Task: N/A
  Level: Information
  Opcode: N/A
  Keyword: Classic
  User: S-1-5-18
  User Name: NT AUTHORITY\SYSTEM
  Computer: DESKTOP-NGQE08I
  Description: 
The start type of the Background Intelligent Transfer Service service was changed from demand start to auto start.

Event[3871]:
  Log Name: System
  Source: Service Control Manager
  Date: 2017-06-09T00:15:56.483
  Event ID: 7040
  Task: N/A
  Level: Information
  Opcode: N/A
  Keyword: Classic
  User: S-1-5-18
  User Name: NT AUTHORITY\SYSTEM
  Computer: DESKTOP-NGQE08I
  Description: 
The start type of the Background Intelligent Transfer Service service was changed from auto start to demand start.

Event[3872]:
  Log Name: System
  Source: Lfsvc
  Date: 2017-06-09T00:16:52.675
  Event ID: 1
  Task: N/A
  Level: Information
  Opcode: Info
  Keyword: Classic
  User: N/A
  User Name: N/A
  Computer: DESKTOP-NGQE08I
  Description: 
Geolocation positioning is enabled.

Event[3873]:
  Log Name: System
  Source: Service Control Manager
  Date: 2017-06-09T01:20:38.661
  Event ID: 7040
  Task: N/A
  Level: Information
  Opcode: N/A
  Keyword: Classic
  User: S-1-5-18
  User Name: NT AUTHORITY\SYSTEM
  Computer: DESKTOP-NGQE08I
  Description: 
The start type of the Background Intelligent Transfer Service service was changed from demand start to auto start.

Event[3874]:
  Log Name: System
  Source: User32
  Date: 2017-06-09T01:20:50.161
  Event ID: 1074
  Task: N/A
  Level: Information
  Opcode: N/A
  Keyword: Classic
  User: S-1-5-21-1441030301-2801777419-3013317047-1001
  User Name: DESKTOP-NGQE08I\organ
  Computer: DESKTOP-NGQE08I
  Description: 
The process C:\Windows\System32\RuntimeBroker.exe (DESKTOP-NGQE08I) has initiated the restart of computer DESKTOP-NGQE08I on behalf of user DESKTOP-NGQE08I\organ for the following reason: Other (Unplanned)
 Reason Code: 0x0
 Shut-down Type: restart
 Comment: 

Event[3875]:
  Log Name: System
  Source: EventLog
  Date: 2017-06-09T01:20:51.989
  Event ID: 6006
  Task: N/A
  Level: Information
  Opcode: N/A
  Keyword: Classic
  User: N/A
  User Name: N/A
  Computer: DESKTOP-NGQE08I
  Description: 
The Event log service was stopped.

Event[3876]:
  Log Name: System
  Source: Microsoft-Windows-GroupPolicy
  Date: 2017-06-09T01:20:51.417
  Event ID: 1500
  Task: N/A
  Level: Information
  Opcode: Start
  Keyword: N/A
  User: S-1-5-18
  User Name: NT AUTHORITY\SYSTEM
  Computer: DESKTOP-NGQE08I
  Description: 
The Group Policy settings for the computer were processed successfully. There were no changes detected since the last successful processing of Group Policy.

Event[3877]:
  Log Name: System
  Source: Microsoft-Windows-GroupPolicy
  Date: 2017-06-09T01:20:51.417
  Event ID: 1501
  Task: N/A
  Level: Information
  Opcode: Start
  Keyword: N/A
  User: S-1-5-21-1441030301-2801777419-3013317047-1001
  User Name: DESKTOP-NGQE08I\organ
  Computer: DESKTOP-NGQE08I
  Description: 
The Group Policy settings for the user were processed successfully. There were no changes detected since the last successful processing of Group Policy.

Event[3878]:
  Log Name: System
  Source: Microsoft-Windows-Winlogon
  Date: 2017-06-09T01:20:51.495
  Event ID: 7002
  Task: N/A
  Level: Information
  Opcode: Info
  Keyword: N/A
  User: S-1-5-18
  User Name: NT AUTHORITY\SYSTEM
  Computer: DESKTOP-NGQE08I
  Description: 
User Log-off Notification for Customer Experience Improvement Program

Event[3879]:
  Log Name: System
  Source: Microsoft-Windows-Dhcp-Client
  Date: 2017-06-09T01:20:51.984
  Event ID: 50104
  Task: Service State Event
  Level: Information
  Opcode: ServiceShutdown
  Keyword: N/A
  User: S-1-5-19
  User Name: NT AUTHORITY\LOCAL SERVICE
  Computer: DESKTOP-NGQE08I
  Description: 
DHCPv4 client received shutdown notification

Event[3880]:
  Log Name: System
  Source: Microsoft-Windows-Dhcp-Client
  Date: 2017-06-09T01:20:51.985
  Event ID: 50105
  Task: Service State Event
  Level: Information
  Opcode: ServiceShutdown
  Keyword: N/A
  User: S-1-5-19
  User Name: NT AUTHORITY\LOCAL SERVICE
  Computer: DESKTOP-NGQE08I
  Description: 
DHCPv4 client ProcessDHCPRequestForever received TERMINATE_EVENT

Event[3881]:
  Log Name: System
  Source: Microsoft-Windows-DHCPv6-Client
  Date: 2017-06-09T01:20:51.987
  Event ID: 51047
  Task: Service State Event
  Level: Information
  Opcode: ServiceStop
  Keyword: N/A
  User: S-1-5-19
  User Name: NT AUTHORITY\LOCAL SERVICE
  Computer: DESKTOP-NGQE08I
  Description: 
DHCPv6 client service is stopped. ShutDown Flag value is 1

Event[3882]:
  Log Name: System
  Source: Microsoft-Windows-DHCPv6-Client
  Date: 2017-06-09T01:20:51.987
  Event ID: 51057
  Task: Service State Event
  Level: Information
  Opcode: ServiceStopWithRefCount
  Keyword: N/A
  User: S-1-5-19
  User Name: NT AUTHORITY\LOCAL SERVICE
  Computer: DESKTOP-NGQE08I
  Description: 
DHCPv6 client service stop is almost done.DHCP Context Ref count is 1

Event[3883]:
  Log Name: System
  Source: Microsoft-Windows-DHCPv6-Client
  Date: 2017-06-09T01:20:51.987
  Event ID: 51057
  Task: Service State Event
  Level: Information
  Opcode: ServiceStopWithRefCount
  Keyword: N/A
  User: S-1-5-19
  User Name: NT AUTHORITY\LOCAL SERVICE
  Computer: DESKTOP-NGQE08I
  Description: 
DHCPv6 client service stop is almost done.DHCP Context Ref count is 1

Event[3884]:
  Log Name: System
  Source: Microsoft-Windows-Dhcp-Client
  Date: 2017-06-09T01:20:51.988
  Event ID: 50106
  Task: Service State Event
  Level: Information
  Opcode: ServiceShutdown
  Keyword: N/A
  User: S-1-5-19
  User Name: NT AUTHORITY\LOCAL SERVICE
  Computer: DESKTOP-NGQE08I
  Description: 
DHCPv4 is waiting on DHCPv6 service to stop

Event[3885]:
  Log Name: System
  Source: Microsoft-Windows-Dhcp-Client
  Date: 2017-06-09T01:20:51.989
  Event ID: 50037
  Task: Service State Event
  Level: Information
  Opcode: ServiceStop
  Keyword: N/A
  User: S-1-5-19
  User Name: NT AUTHORITY\LOCAL SERVICE
  Computer: DESKTOP-NGQE08I
  Description: 
DHCPv4 client service is stopped. ShutDown Flag value is 1

Event[3886]:
  Log Name: System
  Source: EventLog
  Date: 2017-06-09T01:21:28.064
  Event ID: 6009
  Task: N/A
  Level: Information
  Opcode: N/A
  Keyword: Classic
  User: N/A
  User Name: N/A
  Computer: DESKTOP-NGQE08I
  Description: 
Microsoft (R) Windows (R) 10.00. 15063  Multiprocessor Free.

Event[3887]:
  Log Name: System
  Source: EventLog
  Date: 2017-06-09T01:21:28.064
  Event ID: 6005
  Task: N/A
  Level: Information
  Opcode: N/A
  Keyword: Classic
  User: N/A
  User Name: N/A
  Computer: DESKTOP-NGQE08I
  Description: 
The Event log service was started.

Event[3888]:
  Log Name: System
  Source: EventLog
  Date: 2017-06-09T01:21:28.064
  Event ID: 6013
  Task: N/A
  Level: Information
  Opcode: N/A
  Keyword: Classic
  User: N/A
  User Name: N/A
  Computer: DESKTOP-NGQE08I
  Description: 
The system uptime is 13 seconds.

Event[3889]:
  Log Name: System
  Source: Microsoft-Windows-Kernel-Power
  Date: 2017-06-09T01:20:52.212
  Event ID: 109
  Task: N/A
  Level: Information
  Opcode: Info
  Keyword: N/A
  User: N/A
  User Name: N/A
  Computer: DESKTOP-NGQE08I
  Description: 
The kernel power manager has initiated a shutdown transition.

Shutdown Reason: Kernel API

Event[3890]:
  Log Name: System
  Source: Microsoft-Windows-Kernel-General
  Date: 2017-06-09T01:20:52.970
  Event ID: 13
  Task: N/A
  Level: Information
  Opcode: Info
  Keyword: N/A
  User: N/A
  User Name: N/A
  Computer: DESKTOP-NGQE08I
  Description: 
The operating system is shutting down at system time ?2017?-?06?-?09T00:20:52.970992100Z.

Event[3891]:
  Log Name: System
  Source: Microsoft-Windows-Kernel-General
  Date: 2017-06-09T01:21:14.740
  Event ID: 12
  Task: N/A
  Level: Information
  Opcode: Info
  Keyword: N/A
  User: S-1-5-18
  User Name: NT AUTHORITY\SYSTEM
  Computer: DESKTOP-NGQE08I
  Description: 
The operating system started at system time ?2017?-?06?-?09T00:21:14.498890300Z.

Event[3892]:
  Log Name: System
  Source: Microsoft-Windows-Kernel-Boot
  Date: 2017-06-09T01:21:14.740
  Event ID: 153
  Task: N/A
  Level: Information
  Opcode: Info
  Keyword: N/A
  User: S-1-5-18
  User Name: NT AUTHORITY\SYSTEM
  Computer: DESKTOP-NGQE08I
  Description: 
Virtualization-based security (policies: 0) is disabled.

Event[3893]:
  Log Name: System
  Source: Microsoft-Windows-Kernel-Boot
  Date: 2017-06-09T01:21:14.740
  Event ID: 18
  Task: N/A
  Level: Information
  Opcode: Info
  Keyword: N/A
  User: S-1-5-18
  User Name: NT AUTHORITY\SYSTEM
  Computer: DESKTOP-NGQE08I
  Description: 
There are 0x1 boot options on this system.

Event[3894]:
  Log Name: System
  Source: Microsoft-Windows-Kernel-Boot
  Date: 2017-06-09T01:21:14.740
  Event ID: 32
  Task: N/A
  Level: Information
  Opcode: Info
  Keyword: N/A
  User: S-1-5-18
  User Name: NT AUTHORITY\SYSTEM
  Computer: DESKTOP-NGQE08I
  Description: 
The bootmgr spent 0 ms waiting for user input.

Event[3895]:
  Log Name: System
  Source: Microsoft-Windows-Kernel-Boot
  Date: 2017-06-09T01:21:14.740
  Event ID: 20
  Task: N/A
  Level: Information
  Opcode: Info
  Keyword: N/A
  User: S-1-5-18
  User Name: NT AUTHORITY\SYSTEM
  Computer: DESKTOP-NGQE08I
  Description: 
The last shutdown's success status was true. The last boot's success status was true.

Event[3896]:
  Log Name: System
  Source: Microsoft-Windows-Kernel-Boot
  Date: 2017-06-09T01:21:14.740
  Event ID: 27
  Task: N/A
  Level: Information
  Opcode: Info
  Keyword: N/A
  User: S-1-5-18
  User Name: NT AUTHORITY\SYSTEM
  Computer: DESKTOP-NGQE08I
  Description: 
The boot type was 0x0.

Event[3897]:
  Log Name: System
  Source: Microsoft-Windows-Kernel-Boot
  Date: 2017-06-09T01:21:14.740
  Event ID: 25
  Task: N/A
  Level: Information
  Opcode: Info
  Keyword: N/A
  User: S-1-5-18
  User Name: NT AUTHORITY\SYSTEM
  Computer: DESKTOP-NGQE08I
  Description: 
The boot menu policy was 0x1.

Event[3898]:
  Log Name: System
  Source: Microsoft-Windows-Kernel-Boot
  Date: 2017-06-09T01:21:14.740
  Event ID: 30
  Task: N/A
  Level: Information
  Opcode: Info
  Keyword: N/A
  User: S-1-5-18
  User Name: NT AUTHORITY\SYSTEM
  Computer: DESKTOP-NGQE08I
  Description: 
The firmware reported boot metrics.

Event[3899]:
  Log Name: System
  Source: Microsoft-Windows-Kernel-XDV
  Date: 2017-06-09T01:21:14.747
  Event ID: 1
  Task: N/A
  Level: Information
  Opcode: Start
  Keyword: N/A
  User: S-1-5-18
  User Name: NT AUTHORITY\SYSTEM
  Computer: DESKTOP-NGQE08I
  Description: 
XDV driver loaded!

Event[3900]:
  Log Name: System
  Source: Microsoft-Windows-FilterManager
  Date: 2017-06-09T01:21:18.488
  Event ID: 6
  Task: N/A
  Level: Information
  Opcode: Info
  Keyword: N/A
  User: S-1-5-18
  User Name: NT AUTHORITY\SYSTEM
  Computer: DESKTOP-NGQE08I
  Description: 
File System Filter 'FileInfo' (10.0, ?2042?-?06?-?30T15:43:32.000000000Z) has successfully loaded and registered with Filter Manager.

Event[3901]:
  Log Name: System
  Source: Microsoft-Windows-FilterManager
  Date: 2017-06-09T01:21:18.490
  Event ID: 6
  Task: N/A
  Level: Information
  Opcode: Info
  Keyword: N/A
  User: S-1-5-18
  User Name: NT AUTHORITY\SYSTEM
  Computer: DESKTOP-NGQE08I
  Description: 
File System Filter 'Wof' (10.0, ?1974?-?03?-?11T23:47:45.000000000Z) has successfully loaded and registered with Filter Manager.

Event[3902]:
  Log Name: System
  Source: Microsoft-Windows-FilterManager
  Date: 2017-06-09T01:21:18.494
  Event ID: 6
  Task: N/A
  Level: Information
  Opcode: Info
  Keyword: N/A
  User: S-1-5-18
  User Name: NT AUTHORITY\SYSTEM
  Computer: DESKTOP-NGQE08I
  Description: 
File System Filter 'WdFilter' (10.0, ?2102?-?10?-?04T17:25:01.000000000Z) has successfully loaded and registered with Filter Manager.

Event[3903]:
  Log Name: System
  Source: Microsoft-Windows-Ntfs
  Date: 2017-06-09T01:21:21.053
  Event ID: 98
  Task: N/A
  Level: Information
  Opcode: Info
  Keyword: N/A
  User: S-1-5-18
  User Name: NT AUTHORITY\SYSTEM
  Computer: DESKTOP-NGQE08I
  Description: 
Volume \\?\Volume{fccc927e-093e-491a-9791-61bb14ac26ca} (\Device\HarddiskVolume1) is healthy.  No action is needed.

Event[3904]:
  Log Name: System
  Source: Microsoft-Windows-Ntfs
  Date: 2017-06-09T01:21:21.199
  Event ID: 98
  Task: N/A
  Level: Information
  Opcode: Info
  Keyword: N/A
  User: S-1-5-18
  User Name: NT AUTHORITY\SYSTEM
  Computer: DESKTOP-NGQE08I
  Description: 
Volume C: (\Device\HarddiskVolume4) is healthy.  No action is needed.

Event[3905]:
  Log Name: System
  Source: Microsoft-Windows-FilterManager
  Date: 2017-06-09T01:21:21.268
  Event ID: 6
  Task: N/A
  Level: Information
  Opcode: Info
  Keyword: N/A
  User: S-1-5-18
  User Name: NT AUTHORITY\SYSTEM
  Computer: DESKTOP-NGQE08I
  Description: 
File System Filter 'FileCrypt' (10.0, ?2030?-?05?-?28T09:10:59.000000000Z) has successfully loaded and registered with Filter Manager.

Event[3906]:
  Log Name: System
  Source: Microsoft-Windows-FilterManager
  Date: 2017-06-09T01:21:21.326
  Event ID: 6
  Task: N/A
  Level: Information
  Opcode: Info
  Keyword: N/A
  User: S-1-5-18
  User Name: NT AUTHORITY\SYSTEM
  Computer: DESKTOP-NGQE08I
  Description: 
File System Filter 'npsvctrig' (10.0, ?2097?-?07?-?25T11:18:05.000000000Z) has successfully loaded and registered with Filter Manager.

Event[3907]:
  Log Name: System
  Source: Microsoft-Windows-Kernel-Power
  Date: 2017-06-09T01:21:21.346
  Event ID: 172
  Task: N/A
  Level: Information
  Opcode: Info
  Keyword: N/A
  User: S-1-5-18
  User Name: NT AUTHORITY\SYSTEM
  Computer: DESKTOP-NGQE08I
  Description: 
Connectivity state in standby: Disconnected, Reason: NIC compliance

Event[3908]:
  Log Name: System
  Source: Microsoft-Windows-DriverFrameworks-UserMode
  Date: 2017-06-09T01:21:21.483
  Event ID: 10114
  Task: Startup of the UMDF reflector
  Level: Information
  Opcode: Info
  Keyword: N/A
  User: S-1-5-18
  User Name: NT AUTHORITY\SYSTEM
  Computer: DESKTOP-NGQE08I
  Description: 
WUDFPf (part of UMDF) did not load yet. After it does, Windows will start the device again.

Event[3909]:
  Log Name: System
  Source: Microsoft-Windows-Kernel-PnP
  Date: 2017-06-09T01:21:21.483
  Event ID: 219
  Task: N/A
  Level: Warning
  Opcode: Info
  Keyword: N/A
  User: S-1-5-18
  User Name: NT AUTHORITY\SYSTEM
  Computer: DESKTOP-NGQE08I
  Description: 
The driver \Driver\WUDFRd failed to load for the device ACPI\PNP0A0A\2&daba3ff&0.

Event[3910]:
  Log Name: System
  Source: Microsoft-Windows-Kernel-Processor-Power
  Date: 2017-06-09T01:21:21.503
  Event ID: 55
  Task: N/A
  Level: Information
  Opcode: Info
  Keyword: N/A
  User: S-1-5-18
  User Name: NT AUTHORITY\SYSTEM
  Computer: DESKTOP-NGQE08I
  Description: 
Processor 0 in group 0 exposes the following power management capabilities:

Idle state type: ACPI Idle (C) States (1 state(s))

Performance state type: ACPI Performance (P) / Throttle (T) States
Nominal Frequency (MHz): 3501
Maximum performance percentage: 100
Minimum performance percentage: 34
Minimum throttle percentage: 4

Event[3911]:
  Log Name: System
  Source: Microsoft-Windows-Kernel-Processor-Power
  Date: 2017-06-09T01:21:21.504
  Event ID: 55
  Task: N/A
  Level: Information
  Opcode: Info
  Keyword: N/A
  User: S-1-5-18
  User Name: NT AUTHORITY\SYSTEM
  Computer: DESKTOP-NGQE08I
  Description: 
Processor 2 in group 0 exposes the following power management capabilities:

Idle state type: ACPI Idle (C) States (1 state(s))

Performance state type: ACPI Performance (P) / Throttle (T) States
Nominal Frequency (MHz): 3501
Maximum performance percentage: 100
Minimum performance percentage: 34
Minimum throttle percentage: 4

Event[3912]:
  Log Name: System
  Source: Microsoft-Windows-Kernel-Processor-Power
  Date: 2017-06-09T01:21:21.505
  Event ID: 55
  Task: N/A
  Level: Information
  Opcode: Info
  Keyword: N/A
  User: S-1-5-18
  User Name: NT AUTHORITY\SYSTEM
  Computer: DESKTOP-NGQE08I
  Description: 
Processor 4 in group 0 exposes the following power management capabilities:

Idle state type: ACPI Idle (C) States (1 state(s))

Performance state type: ACPI Performance (P) / Throttle (T) States
Nominal Frequency (MHz): 3501
Maximum performance percentage: 100
Minimum performance percentage: 34
Minimum throttle percentage: 4

Event[3913]:
  Log Name: System
  Source: Microsoft-Windows-Kernel-Processor-Power
  Date: 2017-06-09T01:21:21.509
  Event ID: 55
  Task: N/A
  Level: Information
  Opcode: Info
  Keyword: N/A
  User: S-1-5-18
  User Name: NT AUTHORITY\SYSTEM
  Computer: DESKTOP-NGQE08I
  Description: 
Processor 6 in group 0 exposes the following power management capabilities:

Idle state type: ACPI Idle (C) States (1 state(s))

Performance state type: ACPI Performance (P) / Throttle (T) States
Nominal Frequency (MHz): 3501
Maximum performance percentage: 100
Minimum performance percentage: 34
Minimum throttle percentage: 4

Event[3914]:
  Log Name: System
  Source: Microsoft-Windows-Kernel-Processor-Power
  Date: 2017-06-09T01:21:21.510
  Event ID: 55
  Task: N/A
  Level: Information
  Opcode: Info
  Keyword: N/A
  User: S-1-5-18
  User Name: NT AUTHORITY\SYSTEM
  Computer: DESKTOP-NGQE08I
  Description: 
Processor 8 in group 0 exposes the following power management capabilities:

Idle state type: ACPI Idle (C) States (1 state(s))

Performance state type: ACPI Performance (P) / Throttle (T) States
Nominal Frequency (MHz): 3501
Maximum performance percentage: 100
Minimum performance percentage: 34
Minimum throttle percentage: 4

Event[3915]:
  Log Name: System
  Source: Microsoft-Windows-Kernel-Processor-Power
  Date: 2017-06-09T01:21:21.511
  Event ID: 55
  Task: N/A
  Level: Information
  Opcode: Info
  Keyword: N/A
  User: S-1-5-18
  User Name: NT AUTHORITY\SYSTEM
  Computer: DESKTOP-NGQE08I
  Description: 
Processor 10 in group 0 exposes the following power management capabilities:

Idle state type: ACPI Idle (C) States (1 state(s))

Performance state type: ACPI Performance (P) / Throttle (T) States
Nominal Frequency (MHz): 3501
Maximum performance percentage: 100
Minimum performance percentage: 34
Minimum throttle percentage: 4

Event[3916]:
  Log Name: System
  Source: Microsoft-Windows-Kernel-Processor-Power
  Date: 2017-06-09T01:21:21.512
  Event ID: 55
  Task: N/A
  Level: Information
  Opcode: Info
  Keyword: N/A
  User: S-1-5-18
  User Name: NT AUTHORITY\SYSTEM
  Computer: DESKTOP-NGQE08I
  Description: 
Processor 1 in group 0 exposes the following power management capabilities:

Idle state type: ACPI Idle (C) States (1 state(s))

Performance state type: ACPI Performance (P) / Throttle (T) States
Nominal Frequency (MHz): 3501
Maximum performance percentage: 100
Minimum performance percentage: 34
Minimum throttle percentage: 4

Event[3917]:
  Log Name: System
  Source: Microsoft-Windows-Kernel-Processor-Power
  Date: 2017-06-09T01:21:21.513
  Event ID: 55
  Task: N/A
  Level: Information
  Opcode: Info
  Keyword: N/A
  User: S-1-5-18
  User Name: NT AUTHORITY\SYSTEM
  Computer: DESKTOP-NGQE08I
  Description: 
Processor 3 in group 0 exposes the following power management capabilities:

Idle state type: ACPI Idle (C) States (1 state(s))

Performance state type: ACPI Performance (P) / Throttle (T) States
Nominal Frequency (MHz): 3501
Maximum performance percentage: 100
Minimum performance percentage: 34
Minimum throttle percentage: 4

Event[3918]:
  Log Name: System
  Source: Microsoft-Windows-Kernel-Processor-Power
  Date: 2017-06-09T01:21:21.515
  Event ID: 55
  Task: N/A
  Level: Information
  Opcode: Info
  Keyword: N/A
  User: S-1-5-18
  User Name: NT AUTHORITY\SYSTEM
  Computer: DESKTOP-NGQE08I
  Description: 
Processor 5 in group 0 exposes the following power management capabilities:

Idle state type: ACPI Idle (C) States (1 state(s))

Performance state type: ACPI Performance (P) / Throttle (T) States
Nominal Frequency (MHz): 3501
Maximum performance percentage: 100
Minimum performance percentage: 34
Minimum throttle percentage: 4

Event[3919]:
  Log Name: System
  Source: Microsoft-Windows-Kernel-Processor-Power
  Date: 2017-06-09T01:21:21.516
  Event ID: 55
  Task: N/A
  Level: Information
  Opcode: Info
  Keyword: N/A
  User: S-1-5-18
  User Name: NT AUTHORITY\SYSTEM
  Computer: DESKTOP-NGQE08I
  Description: 
Processor 7 in group 0 exposes the following power management capabilities:

Idle state type: ACPI Idle (C) States (1 state(s))

Performance state type: ACPI Performance (P) / Throttle (T) States
Nominal Frequency (MHz): 3501
Maximum performance percentage: 100
Minimum performance percentage: 34
Minimum throttle percentage: 4

Event[3920]:
  Log Name: System
  Source: Microsoft-Windows-Kernel-Processor-Power
  Date: 2017-06-09T01:21:21.517
  Event ID: 55
  Task: N/A
  Level: Information
  Opcode: Info
  Keyword: N/A
  User: S-1-5-18
  User Name: NT AUTHORITY\SYSTEM
  Computer: DESKTOP-NGQE08I
  Description: 
Processor 9 in group 0 exposes the following power management capabilities:

Idle state type: ACPI Idle (C) States (1 state(s))

Performance state type: ACPI Performance (P) / Throttle (T) States
Nominal Frequency (MHz): 3501
Maximum performance percentage: 100
Minimum performance percentage: 34
Minimum throttle percentage: 4

Event[3921]:
  Log Name: System
  Source: Microsoft-Windows-Kernel-Processor-Power
  Date: 2017-06-09T01:21:21.519
  Event ID: 55
  Task: N/A
  Level: Information
  Opcode: Info
  Keyword: N/A
  User: S-1-5-18
  User Name: NT AUTHORITY\SYSTEM
  Computer: DESKTOP-NGQE08I
  Description: 
Processor 11 in group 0 exposes the following power management capabilities:

Idle state type: ACPI Idle (C) States (1 state(s))

Performance state type: ACPI Performance (P) / Throttle (T) States
Nominal Frequency (MHz): 3501
Maximum performance percentage: 100
Minimum performance percentage: 34
Minimum throttle percentage: 4

Event[3922]:
  Log Name: System
  Source: MEIx64
  Date: 2017-06-09T01:21:21.591
  Event ID: 2
  Task: N/A
  Level: Information
  Opcode: N/A
  Keyword: Classic
  User: N/A
  User Name: N/A
  Computer: DESKTOP-NGQE08I
  Description: 
Intel(R) Management Engine Interface driver has started successfully.

Event[3923]:
  Log Name: System
  Source: Microsoft-Windows-Ntfs
  Date: 2017-06-09T01:21:21.955
  Event ID: 98
  Task: N/A
  Level: Information
  Opcode: Info
  Keyword: N/A
  User: S-1-5-18
  User Name: NT AUTHORITY\SYSTEM
  Computer: DESKTOP-NGQE08I
  Description: 
Volume D: (\Device\HarddiskVolume5) is healthy.  No action is needed.

Event[3924]:
  Log Name: System
  Source: Microsoft-Windows-Ntfs
  Date: 2017-06-09T01:21:22.708
  Event ID: 98
  Task: N/A
  Level: Information
  Opcode: Info
  Keyword: N/A
  User: S-1-5-18
  User Name: NT AUTHORITY\SYSTEM
  Computer: DESKTOP-NGQE08I
  Description: 
Volume H: (\Device\HarddiskVolume10) is healthy.  No action is needed.

Event[3925]:
  Log Name: System
  Source: Microsoft-Windows-Ntfs
  Date: 2017-06-09T01:21:23.789
  Event ID: 98
  Task: N/A
  Level: Information
  Opcode: Info
  Keyword: N/A
  User: S-1-5-18
  User Name: NT AUTHORITY\SYSTEM
  Computer: DESKTOP-NGQE08I
  Description: 
Volume E: (\Device\HarddiskVolume7) is healthy.  No action is needed.

Event[3926]:
  Log Name: System
  Source: Microsoft-Windows-Ntfs
  Date: 2017-06-09T01:21:24.544
  Event ID: 98
  Task: N/A
  Level: Information
  Opcode: Info
  Keyword: N/A
  User: S-1-5-18
  User Name: NT AUTHORITY\SYSTEM
  Computer: DESKTOP-NGQE08I
  Description: 
Volume F: (\Device\HarddiskVolume8) is healthy.  No action is needed.

Event[3927]:
  Log Name: System
  Source: Microsoft-Windows-Ntfs
  Date: 2017-06-09T01:21:25.065
  Event ID: 98
  Task: N/A
  Level: Information
  Opcode: Info
  Keyword: N/A
  User: S-1-5-18
  User Name: NT AUTHORITY\SYSTEM
  Computer: DESKTOP-NGQE08I
  Description: 
Volume G: (\Device\HarddiskVolume9) is healthy.  No action is needed.

Event[3928]:
  Log Name: System
  Source: e1iexpress
  Date: 2017-06-09T01:21:25.298
  Event ID: 32
  Task: N/A
  Level: Information
  Opcode: N/A
  Keyword: Classic
  User: N/A
  User Name: N/A
  Computer: DESKTOP-NGQE08I
  Description: 
Intel(R) Ethernet Connection (2) I218-V
 Network link has been established at 1Gbps full duplex.


Event[3929]:
  Log Name: System
  Source: Microsoft-Windows-Wininit
  Date: 2017-06-09T01:21:27.582
  Event ID: 14
  Task: N/A
  Level: Information
  Opcode: Info
  Keyword: N/A
  User: S-1-5-18
  User Name: NT AUTHORITY\SYSTEM
  Computer: DESKTOP-NGQE08I
  Description: 
Credential Guard (LsaIso.exe) configuration: 0x0, 0

Event[3930]:
  Log Name: System
  Source: Microsoft-Windows-Directory-Services-SAM
  Date: 2017-06-09T01:21:27.744
  Event ID: 16962
  Task: N/A
  Level: Information
  Opcode: Info
  Keyword: N/A
  User: S-1-5-18
  User Name: NT AUTHORITY\SYSTEM
  Computer: DESKTOP-NGQE08I
  Description: 
Remote calls to the SAM database are being restricted using the default security descriptor: O:SYG:SYD:(A;;RC;;;BA).
For more information please see http://go.microsoft.com/fwlink/?LinkId=787651.

Event[3931]:
  Log Name: System
  Source: Microsoft-Windows-FilterManager
  Date: 2017-06-09T01:21:28.016
  Event ID: 6
  Task: N/A
  Level: Information
  Opcode: Info
  Keyword: N/A
  User: S-1-5-18
  User Name: NT AUTHORITY\SYSTEM
  Computer: DESKTOP-NGQE08I
  Description: 
File System Filter 'wcifs' (10.0, ?2088?-?07?-?29T04:04:59.000000000Z) has successfully loaded and registered with Filter Manager.

Event[3932]:
  Log Name: System
  Source: Microsoft-Windows-FilterManager
  Date: 2017-06-09T01:21:28.042
  Event ID: 6
  Task: N/A
  Level: Information
  Opcode: Info
  Keyword: N/A
  User: S-1-5-18
  User Name: NT AUTHORITY\SYSTEM
  Computer: DESKTOP-NGQE08I
  Description: 
File System Filter 'luafv' (10.0, ?2037?-?06?-?08T10:55:59.000000000Z) has successfully loaded and registered with Filter Manager.

Event[3933]:
  Log Name: System
  Source: Service Control Manager
  Date: 2017-06-09T01:21:28.033
  Event ID: 7000
  Task: N/A
  Level: Error
  Opcode: N/A
  Keyword: Classic
  User: N/A
  User Name: N/A
  Computer: DESKTOP-NGQE08I
  Description: 
The CldFlt service failed to start due to the following error: 
The request is not supported.

Event[3934]:
  Log Name: System
  Source: Microsoft-Windows-FilterManager
  Date: 2017-06-09T01:21:28.047
  Event ID: 6
  Task: N/A
  Level: Information
  Opcode: Info
  Keyword: N/A
  User: S-1-5-18
  User Name: NT AUTHORITY\SYSTEM
  Computer: DESKTOP-NGQE08I
  Description: 
File System Filter 'storqosflt' (10.0, ?2015?-?12?-?18T04:36:27.000000000Z) has successfully loaded and registered with Filter Manager.

Event[3935]:
  Log Name: System
  Source: Microsoft-Windows-Dhcp-Client
  Date: 2017-06-09T01:21:28.099
  Event ID: 50036
  Task: Service State Event
  Level: Information
  Opcode: ServiceStart
  Keyword: N/A
  User: S-1-5-19
  User Name: NT AUTHORITY\LOCAL SERVICE
  Computer: DESKTOP-NGQE08I
  Description: 
DHCPv4 client service is started

Event[3936]:
  Log Name: System
  Source: Microsoft-Windows-Dhcp-Client
  Date: 2017-06-09T01:21:28.099
  Event ID: 50103
  Task: Service State Event
  Level: Information
  Opcode: ServiceShutdown
  Keyword: N/A
  User: S-1-5-19
  User Name: NT AUTHORITY\LOCAL SERVICE
  Computer: DESKTOP-NGQE08I
  Description: 
DHCPv4 client registered for shutdown notification

Event[3937]:
  Log Name: System
  Source: Microsoft-Windows-DHCPv6-Client
  Date: 2017-06-09T01:21:28.109
  Event ID: 51046
  Task: Service State Event
  Level: Information
  Opcode: ServiceStart
  Keyword: N/A
  User: S-1-5-19
  User Name: NT AUTHORITY\LOCAL SERVICE
  Computer: DESKTOP-NGQE08I
  Description: 
DHCPv6 client service is started

Event[3938]:
  Log Name: System
  Source: Service Control Manager
  Date: 2017-06-09T01:21:29.486
  Event ID: 7026
  Task: N/A
  Level: Information
  Opcode: N/A
  Keyword: Classic
  User: N/A
  User Name: N/A
  Computer: DESKTOP-NGQE08I
  Description: 
The following boot-start or system-start driver(s) did not load: 
dam

Event[3939]:
  Log Name: System
  Source: Microsoft-Windows-Winlogon
  Date: 2017-06-09T01:21:34.203
  Event ID: 7001
  Task: N/A
  Level: Information
  Opcode: Info
  Keyword: N/A
  User: S-1-5-18
  User Name: NT AUTHORITY\SYSTEM
  Computer: DESKTOP-NGQE08I
  Description: 
User Log-on Notification for Customer Experience Improvement Program

Event[3940]:
  Log Name: System
  Source: Service Control Manager
  Date: 2017-06-09T01:25:31.999
  Event ID: 7040
  Task: N/A
  Level: Information
  Opcode: N/A
  Keyword: Classic
  User: S-1-5-18
  User Name: NT AUTHORITY\SYSTEM
  Computer: DESKTOP-NGQE08I
  Description: 
The start type of the Background Intelligent Transfer Service service was changed from auto start to demand start.

Event[3941]:
  Log Name: System
  Source: Lfsvc
  Date: 2017-06-09T01:31:29.045
  Event ID: 1
  Task: N/A
  Level: Information
  Opcode: Info
  Keyword: Classic
  User: N/A
  User Name: N/A
  Computer: DESKTOP-NGQE08I
  Description: 
Geolocation positioning is enabled.

Event[3942]:
  Log Name: System
  Source: Microsoft-Windows-Kernel-General
  Date: 2017-06-09T01:31:52.503
  Event ID: 16
  Task: N/A
  Level: Information
  Opcode: Info
  Keyword: N/A
  User: S-1-5-18
  User Name: NT AUTHORITY\SYSTEM
  Computer: DESKTOP-NGQE08I
  Description: 
The access history in hive \??\C:\ProgramData\Microsoft\Provisioning\Microsoft-Desktop-Provisioning-Sequence.dat was cleared updating 0 keys and creating 0 modified pages.

Event[3943]:
  Log Name: System
  Source: Microsoft-Windows-UserModePowerService
  Date: 2017-06-09T01:31:53.226
  Event ID: 22
  Task: N/A
  Level: Information
  Opcode: Info
  Keyword: N/A
  User: S-1-5-18
  User Name: NT AUTHORITY\SYSTEM
  Computer: DESKTOP-NGQE08I
  Description: 
Reapply power settings upon completion of the provisioning engine's turn 5

Event[3944]:
  Log Name: System
  Source: Microsoft-Windows-WindowsUpdateClient
  Date: 2017-06-09T03:21:48.706
  Event ID: 44
  Task: Windows Update Agent
  Level: Information
  Opcode: Download
  Keyword: Download,Started
  User: S-1-5-18
  User Name: NT AUTHORITY\SYSTEM
  Computer: DESKTOP-NGQE08I
  Description: 
Windows Update started downloading an update.

Event[3945]:
  Log Name: System
  Source: Microsoft-Windows-WindowsUpdateClient
  Date: 2017-06-09T03:21:48.706
  Event ID: 43
  Task: Windows Update Agent
  Level: Information
  Opcode: Installation
  Keyword: Installation,Started
  User: S-1-5-18
  User Name: NT AUTHORITY\SYSTEM
  Computer: DESKTOP-NGQE08I
  Description: 
Installation Started: Windows has started installing the following update: Definition Update for Windows Defender - KB2267602 (Definition 1.245.667.0)

Event[3946]:
  Log Name: System
  Source: Service Control Manager
  Date: 2017-06-09T03:21:55.565
  Event ID: 7045
  Task: N/A
  Level: Information
  Opcode: N/A
  Keyword: Classic
  User: S-1-5-18
  User Name: NT AUTHORITY\SYSTEM
  Computer: DESKTOP-NGQE08I
  Description: 
A service was installed in the system.

Service Name:  MpKsl592b550f
Service File Name:  C:\ProgramData\Microsoft\Windows Defender\Definition Updates\{293BDF29-6857-485B-A354-8F9DE6D4BB19}\MpKsl592b550f.sys
Service Type:  kernel mode driver
Service Start Type:  system start
Service Account:  

Event[3947]:
  Log Name: System
  Source: Microsoft-Windows-WindowsUpdateClient
  Date: 2017-06-09T03:21:57.628
  Event ID: 19
  Task: Windows Update Agent
  Level: Information
  Opcode: Installation
  Keyword: Installation,Success
  User: S-1-5-18
  User Name: NT AUTHORITY\SYSTEM
  Computer: DESKTOP-NGQE08I
  Description: 
Installation Successful: Windows successfully installed the following update: Definition Update for Windows Defender - KB2267602 (Definition 1.245.667.0)

Event[3948]:
  Log Name: System
  Source: Service Control Manager
  Date: 2017-06-09T08:15:10.362
  Event ID: 7040
  Task: N/A
  Level: Information
  Opcode: N/A
  Keyword: Classic
  User: S-1-5-18
  User Name: NT AUTHORITY\SYSTEM
  Computer: DESKTOP-NGQE08I
  Description: 
The start type of the Background Intelligent Transfer Service service was changed from demand start to auto start.

Event[3949]:
  Log Name: System
  Source: Service Control Manager
  Date: 2017-06-09T08:17:13.034
  Event ID: 7040
  Task: N/A
  Level: Information
  Opcode: N/A
  Keyword: Classic
  User: S-1-5-18
  User Name: NT AUTHORITY\SYSTEM
  Computer: DESKTOP-NGQE08I
  Description: 
The start type of the Background Intelligent Transfer Service service was changed from auto start to demand start.

Event[3950]:
  Log Name: System
  Source: EventLog
  Date: 2017-06-09T12:00:00.073
  Event ID: 6013
  Task: N/A
  Level: Information
  Opcode: N/A
  Keyword: Classic
  User: N/A
  User Name: N/A
  Computer: DESKTOP-NGQE08I
  Description: 
The system uptime is 38325 seconds.

Event[3951]:
  Log Name: System
  Source: Service Control Manager
  Date: 2017-06-09T12:32:18.755
  Event ID: 7040
  Task: N/A
  Level: Information
  Opcode: N/A
  Keyword: Classic
  User: S-1-5-18
  User Name: NT AUTHORITY\SYSTEM
  Computer: DESKTOP-NGQE08I
  Description: 
The start type of the Background Intelligent Transfer Service service was changed from demand start to auto start.

Event[3952]:
  Log Name: System
  Source: Microsoft-Windows-Ntfs
  Date: 2017-06-09T12:58:05.847
  Event ID: 98
  Task: N/A
  Level: Information
  Opcode: Info
  Keyword: N/A
  User: S-1-5-18
  User Name: NT AUTHORITY\SYSTEM
  Computer: DESKTOP-NGQE08I
  Description: 
Volume D: (\Device\HarddiskVolume5) is healthy.  No action is needed.

Event[3953]:
  Log Name: System
  Source: Microsoft-Windows-Ntfs
  Date: 2017-06-09T13:00:35.959
  Event ID: 98
  Task: N/A
  Level: Information
  Opcode: Info
  Keyword: N/A
  User: S-1-5-18
  User Name: NT AUTHORITY\SYSTEM
  Computer: DESKTOP-NGQE08I
  Description: 
Volume E: (\Device\HarddiskVolume7) is healthy.  No action is needed.

Event[3954]:
  Log Name: System
  Source: Microsoft-Windows-Ntfs
  Date: 2017-06-09T13:18:09.468
  Event ID: 98
  Task: N/A
  Level: Information
  Opcode: Info
  Keyword: N/A
  User: S-1-5-18
  User Name: NT AUTHORITY\SYSTEM
  Computer: DESKTOP-NGQE08I
  Description: 
Volume F: (\Device\HarddiskVolume8) is healthy.  No action is needed.

Event[3955]:
  Log Name: System
  Source: Microsoft-Windows-Ntfs
  Date: 2017-06-09T13:19:31.933
  Event ID: 98
  Task: N/A
  Level: Information
  Opcode: Info
  Keyword: N/A
  User: S-1-5-18
  User Name: NT AUTHORITY\SYSTEM
  Computer: DESKTOP-NGQE08I
  Description: 
Volume G: (\Device\HarddiskVolume9) is healthy.  No action is needed.

Event[3956]:
  Log Name: System
  Source: Microsoft-Windows-Ntfs
  Date: 2017-06-09T13:24:51.715
  Event ID: 98
  Task: N/A
  Level: Information
  Opcode: Info
  Keyword: N/A
  User: S-1-5-18
  User Name: NT AUTHORITY\SYSTEM
  Computer: DESKTOP-NGQE08I
  Description: 
Volume H: (\Device\HarddiskVolume10) is healthy.  No action is needed.

Event[3957]:
  Log Name: System
  Source: Microsoft-Windows-Ntfs
  Date: 2017-06-09T13:30:56.001
  Event ID: 98
  Task: N/A
  Level: Information
  Opcode: Info
  Keyword: N/A
  User: S-1-5-18
  User Name: NT AUTHORITY\SYSTEM
  Computer: DESKTOP-NGQE08I
  Description: 
Volume ?? (\Device\HarddiskVolumeShadowCopy4) is healthy.  No action is needed.

Event[3958]:
  Log Name: System
  Source: User32
  Date: 2017-06-09T15:18:23.194
  Event ID: 1074
  Task: N/A
  Level: Information
  Opcode: N/A
  Keyword: Classic
  User: S-1-5-21-1441030301-2801777419-3013317047-1001
  User Name: DESKTOP-NGQE08I\organ
  Computer: DESKTOP-NGQE08I
  Description: 
The process C:\Windows\Explorer.EXE (DESKTOP-NGQE08I) has initiated the restart of computer DESKTOP-NGQE08I on behalf of user DESKTOP-NGQE08I\organ for the following reason: Other (Unplanned)
 Reason Code: 0x0
 Shut-down Type: restart
 Comment: 

Event[3959]:
  Log Name: System
  Source: EventLog
  Date: 2017-06-09T15:18:25.272
  Event ID: 6006
  Task: N/A
  Level: Information
  Opcode: N/A
  Keyword: Classic
  User: N/A
  User Name: N/A
  Computer: DESKTOP-NGQE08I
  Description: 
The Event log service was stopped.

Event[3960]:
  Log Name: System
  Source: Microsoft-Windows-GroupPolicy
  Date: 2017-06-09T15:18:24.765
  Event ID: 1500
  Task: N/A
  Level: Information
  Opcode: Start
  Keyword: N/A
  User: S-1-5-18
  User Name: NT AUTHORITY\SYSTEM
  Computer: DESKTOP-NGQE08I
  Description: 
The Group Policy settings for the computer were processed successfully. There were no changes detected since the last successful processing of Group Policy.

Event[3961]:
  Log Name: System
  Source: Microsoft-Windows-GroupPolicy
  Date: 2017-06-09T15:18:24.766
  Event ID: 1501
  Task: N/A
  Level: Information
  Opcode: Start
  Keyword: N/A
  User: S-1-5-21-1441030301-2801777419-3013317047-1001
  User Name: DESKTOP-NGQE08I\organ
  Computer: DESKTOP-NGQE08I
  Description: 
The Group Policy settings for the user were processed successfully. There were no changes detected since the last successful processing of Group Policy.

Event[3962]:
  Log Name: System
  Source: Microsoft-Windows-Winlogon
  Date: 2017-06-09T15:18:24.798
  Event ID: 7002
  Task: N/A
  Level: Information
  Opcode: Info
  Keyword: N/A
  User: S-1-5-18
  User Name: NT AUTHORITY\SYSTEM
  Computer: DESKTOP-NGQE08I
  Description: 
User Log-off Notification for Customer Experience Improvement Program

Event[3963]:
