  Log Name: System
  Source: Microsoft-Windows-Kernel-PnP
  Date: 2017-06-01T14:59:17.373
  Event ID: 225
  Task: N/A
  Level: Warning
  Opcode: Info
  Keyword: N/A
  User: S-1-5-18
  User Name: NT AUTHORITY\SYSTEM
  Computer: DESKTOP-NGQE08I
  Description: 
The application \Device\HarddiskVolume4\Windows\System32\SearchIndexer.exe with process id 1544 stopped the removal or ejection for the device PCI\VEN_8086&DEV_2F03&SUBSYS_00008086&REV_02\3&11583659&0&09.

Event[328]:
  Log Name: System
  Source: Microsoft-Windows-Kernel-PnP
  Date: 2017-06-01T14:59:17.373
  Event ID: 225
  Task: N/A
  Level: Warning
  Opcode: Info
  Keyword: N/A
  User: S-1-5-18
  User Name: NT AUTHORITY\SYSTEM
  Computer: DESKTOP-NGQE08I
  Description: 
The application \Device\HarddiskVolume4\Windows\System32\svchost.exe with process id 1592 stopped the removal or ejection for the device PCI\VEN_8086&DEV_2F03&SUBSYS_00008086&REV_02\3&11583659&0&09.

Event[329]:
  Log Name: System
  Source: Microsoft-Windows-Kernel-PnP
  Date: 2017-06-01T14:59:17.373
  Event ID: 225
  Task: N/A
  Level: Warning
  Opcode: Info
  Keyword: N/A
  User: S-1-5-18
  User Name: NT AUTHORITY\SYSTEM
  Computer: DESKTOP-NGQE08I
  Description: 
The application \Device\HarddiskVolume4\Windows\System32\sihost.exe with process id 1600 stopped the removal or ejection for the device PCI\VEN_8086&DEV_2F03&SUBSYS_00008086&REV_02\3&11583659&0&09.

Event[330]:
  Log Name: System
  Source: Microsoft-Windows-Kernel-PnP
  Date: 2017-06-01T14:59:17.373
  Event ID: 225
  Task: N/A
  Level: Warning
  Opcode: Info
  Keyword: N/A
  User: S-1-5-18
  User Name: NT AUTHORITY\SYSTEM
  Computer: DESKTOP-NGQE08I
  Description: 
The application \Device\HarddiskVolume4\Windows\System32\svchost.exe with process id 1660 stopped the removal or ejection for the device PCI\VEN_8086&DEV_2F03&SUBSYS_00008086&REV_02\3&11583659&0&09.

Event[331]:
  Log Name: System
  Source: Microsoft-Windows-Kernel-PnP
  Date: 2017-06-01T14:59:17.373
  Event ID: 225
  Task: N/A
  Level: Warning
  Opcode: Info
  Keyword: N/A
  User: S-1-5-18
  User Name: NT AUTHORITY\SYSTEM
  Computer: DESKTOP-NGQE08I
  Description: 
The application \Device\HarddiskVolume4\Windows\System32\svchost.exe with process id 1672 stopped the removal or ejection for the device PCI\VEN_8086&DEV_2F03&SUBSYS_00008086&REV_02\3&11583659&0&09.

Event[332]:
  Log Name: System
  Source: Microsoft-Windows-Kernel-PnP
  Date: 2017-06-01T14:59:17.373
  Event ID: 225
  Task: N/A
  Level: Warning
  Opcode: Info
  Keyword: N/A
  User: S-1-5-18
  User Name: NT AUTHORITY\SYSTEM
  Computer: DESKTOP-NGQE08I
  Description: 
The application \Device\HarddiskVolume4\Windows\System32\svchost.exe with process id 1692 stopped the removal or ejection for the device PCI\VEN_8086&DEV_2F03&SUBSYS_00008086&REV_02\3&11583659&0&09.

Event[333]:
  Log Name: System
  Source: Microsoft-Windows-Kernel-PnP
  Date: 2017-06-01T14:59:17.373
  Event ID: 225
  Task: N/A
  Level: Warning
  Opcode: Info
  Keyword: N/A
  User: S-1-5-18
  User Name: NT AUTHORITY\SYSTEM
  Computer: DESKTOP-NGQE08I
  Description: 
The application \Device\HarddiskVolume4\Windows\System32\svchost.exe with process id 1720 stopped the removal or ejection for the device PCI\VEN_8086&DEV_2F03&SUBSYS_00008086&REV_02\3&11583659&0&09.

Event[334]:
  Log Name: System
  Source: Microsoft-Windows-Kernel-PnP
  Date: 2017-06-01T14:59:17.373
  Event ID: 225
  Task: N/A
  Level: Warning
  Opcode: Info
  Keyword: N/A
  User: S-1-5-18
  User Name: NT AUTHORITY\SYSTEM
  Computer: DESKTOP-NGQE08I
  Description: 
The application \Device\HarddiskVolume4\Windows\System32\svchost.exe with process id 1752 stopped the removal or ejection for the device PCI\VEN_8086&DEV_2F03&SUBSYS_00008086&REV_02\3&11583659&0&09.

Event[335]:
  Log Name: System
  Source: Microsoft-Windows-Kernel-PnP
  Date: 2017-06-01T14:59:17.373
  Event ID: 225
  Task: N/A
  Level: Warning
  Opcode: Info
  Keyword: N/A
  User: S-1-5-18
  User Name: NT AUTHORITY\SYSTEM
  Computer: DESKTOP-NGQE08I
  Description: 
The application \Device\HarddiskVolume4\Windows\System32\svchost.exe with process id 1780 stopped the removal or ejection for the device PCI\VEN_8086&DEV_2F03&SUBSYS_00008086&REV_02\3&11583659&0&09.

Event[336]:
  Log Name: System
  Source: Microsoft-Windows-Kernel-PnP
  Date: 2017-06-01T14:59:17.373
  Event ID: 225
  Task: N/A
  Level: Warning
  Opcode: Info
  Keyword: N/A
  User: S-1-5-18
  User Name: NT AUTHORITY\SYSTEM
  Computer: DESKTOP-NGQE08I
  Description: 
The application \Device\HarddiskVolume4\Windows\System32\svchost.exe with process id 1796 stopped the removal or ejection for the device PCI\VEN_8086&DEV_2F03&SUBSYS_00008086&REV_02\3&11583659&0&09.

Event[337]:
  Log Name: System
  Source: Microsoft-Windows-Kernel-PnP
  Date: 2017-06-01T14:59:17.373
  Event ID: 225
  Task: N/A
  Level: Warning
  Opcode: Info
  Keyword: N/A
  User: S-1-5-18
  User Name: NT AUTHORITY\SYSTEM
  Computer: DESKTOP-NGQE08I
  Description: 
The application \Device\HarddiskVolume4\Windows\System32\svchost.exe with process id 1836 stopped the removal or ejection for the device PCI\VEN_8086&DEV_2F03&SUBSYS_00008086&REV_02\3&11583659&0&09.

Event[338]:
  Log Name: System
  Source: Microsoft-Windows-Kernel-PnP
  Date: 2017-06-01T14:59:17.373
  Event ID: 225
  Task: N/A
  Level: Warning
  Opcode: Info
  Keyword: N/A
  User: S-1-5-18
  User Name: NT AUTHORITY\SYSTEM
  Computer: DESKTOP-NGQE08I
  Description: 
The application \Device\HarddiskVolume4\Windows\System32\svchost.exe with process id 1848 stopped the removal or ejection for the device PCI\VEN_8086&DEV_2F03&SUBSYS_00008086&REV_02\3&11583659&0&09.

Event[339]:
  Log Name: System
  Source: Microsoft-Windows-Kernel-PnP
  Date: 2017-06-01T14:59:17.373
  Event ID: 225
  Task: N/A
  Level: Warning
  Opcode: Info
  Keyword: N/A
  User: S-1-5-18
  User Name: NT AUTHORITY\SYSTEM
  Computer: DESKTOP-NGQE08I
  Description: 
The application \Device\HarddiskVolume4\Windows\System32\svchost.exe with process id 1860 stopped the removal or ejection for the device PCI\VEN_8086&DEV_2F03&SUBSYS_00008086&REV_02\3&11583659&0&09.

Event[340]:
  Log Name: System
  Source: Microsoft-Windows-Kernel-PnP
  Date: 2017-06-01T14:59:17.373
  Event ID: 225
  Task: N/A
  Level: Warning
  Opcode: Info
  Keyword: N/A
  User: S-1-5-18
  User Name: NT AUTHORITY\SYSTEM
  Computer: DESKTOP-NGQE08I
  Description: 
The application \Device\HarddiskVolume4\Windows\System32\svchost.exe with process id 1876 stopped the removal or ejection for the device PCI\VEN_8086&DEV_2F03&SUBSYS_00008086&REV_02\3&11583659&0&09.

Event[341]:
  Log Name: System
  Source: Microsoft-Windows-Kernel-PnP
  Date: 2017-06-01T14:59:17.373
  Event ID: 225
  Task: N/A
  Level: Warning
  Opcode: Info
  Keyword: N/A
  User: S-1-5-18
  User Name: NT AUTHORITY\SYSTEM
  Computer: DESKTOP-NGQE08I
  Description: 
The application \Device\HarddiskVolume4\Windows\System32\svchost.exe with process id 1892 stopped the removal or ejection for the device PCI\VEN_8086&DEV_2F03&SUBSYS_00008086&REV_02\3&11583659&0&09.

Event[342]:
  Log Name: System
  Source: Microsoft-Windows-Kernel-PnP
  Date: 2017-06-01T14:59:17.373
  Event ID: 225
  Task: N/A
  Level: Warning
  Opcode: Info
  Keyword: N/A
  User: S-1-5-18
  User Name: NT AUTHORITY\SYSTEM
  Computer: DESKTOP-NGQE08I
  Description: 
The application \Device\HarddiskVolume4\Windows\System32\svchost.exe with process id 1928 stopped the removal or ejection for the device PCI\VEN_8086&DEV_2F03&SUBSYS_00008086&REV_02\3&11583659&0&09.

Event[343]:
  Log Name: System
  Source: Microsoft-Windows-Kernel-PnP
  Date: 2017-06-01T14:59:17.373
  Event ID: 225
  Task: N/A
  Level: Warning
  Opcode: Info
  Keyword: N/A
  User: S-1-5-18
  User Name: NT AUTHORITY\SYSTEM
  Computer: DESKTOP-NGQE08I
  Description: 
The application \Device\HarddiskVolume4\Windows\System32\svchost.exe with process id 1932 stopped the removal or ejection for the device PCI\VEN_8086&DEV_2F03&SUBSYS_00008086&REV_02\3&11583659&0&09.

Event[344]:
  Log Name: System
  Source: Microsoft-Windows-Kernel-PnP
  Date: 2017-06-01T14:59:17.373
  Event ID: 225
  Task: N/A
  Level: Warning
  Opcode: Info
  Keyword: N/A
  User: S-1-5-18
  User Name: NT AUTHORITY\SYSTEM
  Computer: DESKTOP-NGQE08I
  Description: 
The application \Device\HarddiskVolume4\Windows\System32\svchost.exe with process id 2016 stopped the removal or ejection for the device PCI\VEN_8086&DEV_2F03&SUBSYS_00008086&REV_02\3&11583659&0&09.

Event[345]:
  Log Name: System
  Source: Microsoft-Windows-Kernel-PnP
  Date: 2017-06-01T14:59:17.373
  Event ID: 225
  Task: N/A
  Level: Warning
  Opcode: Info
  Keyword: N/A
  User: S-1-5-18
  User Name: NT AUTHORITY\SYSTEM
  Computer: DESKTOP-NGQE08I
  Description: 
The application \Device\HarddiskVolume4\Windows\System32\svchost.exe with process id 2024 stopped the removal or ejection for the device PCI\VEN_8086&DEV_2F03&SUBSYS_00008086&REV_02\3&11583659&0&09.

Event[346]:
  Log Name: System
  Source: Microsoft-Windows-Kernel-PnP
  Date: 2017-06-01T14:59:17.373
  Event ID: 225
  Task: N/A
  Level: Warning
  Opcode: Info
  Keyword: N/A
  User: S-1-5-18
  User Name: NT AUTHORITY\SYSTEM
  Computer: DESKTOP-NGQE08I
  Description: 
The application \Device\HarddiskVolume4\Windows\System32\svchost.exe with process id 2032 stopped the removal or ejection for the device PCI\VEN_8086&DEV_2F03&SUBSYS_00008086&REV_02\3&11583659&0&09.

Event[347]:
  Log Name: System
  Source: Microsoft-Windows-Kernel-PnP
  Date: 2017-06-01T14:59:17.373
  Event ID: 225
  Task: N/A
  Level: Warning
  Opcode: Info
  Keyword: N/A
  User: S-1-5-18
  User Name: NT AUTHORITY\SYSTEM
  Computer: DESKTOP-NGQE08I
  Description: 
The application \Device\HarddiskVolume4\Windows\System32\svchost.exe with process id 2040 stopped the removal or ejection for the device PCI\VEN_8086&DEV_2F03&SUBSYS_00008086&REV_02\3&11583659&0&09.

Event[348]:
  Log Name: System
  Source: Microsoft-Windows-Kernel-PnP
  Date: 2017-06-01T14:59:17.373
  Event ID: 225
  Task: N/A
  Level: Warning
  Opcode: Info
  Keyword: N/A
  User: S-1-5-18
  User Name: NT AUTHORITY\SYSTEM
  Computer: DESKTOP-NGQE08I
  Description: 
The application \Device\HarddiskVolume4\Windows\System32\svchost.exe with process id 2124 stopped the removal or ejection for the device PCI\VEN_8086&DEV_2F03&SUBSYS_00008086&REV_02\3&11583659&0&09.

Event[349]:
  Log Name: System
  Source: Microsoft-Windows-Kernel-PnP
  Date: 2017-06-01T14:59:17.373
  Event ID: 225
  Task: N/A
  Level: Warning
  Opcode: Info
  Keyword: N/A
  User: S-1-5-18
  User Name: NT AUTHORITY\SYSTEM
  Computer: DESKTOP-NGQE08I
  Description: 
The application \Device\HarddiskVolume4\Windows\System32\svchost.exe with process id 2184 stopped the removal or ejection for the device PCI\VEN_8086&DEV_2F03&SUBSYS_00008086&REV_02\3&11583659&0&09.

Event[350]:
  Log Name: System
  Source: Microsoft-Windows-Kernel-PnP
  Date: 2017-06-01T14:59:17.373
  Event ID: 225
  Task: N/A
  Level: Warning
  Opcode: Info
  Keyword: N/A
  User: S-1-5-18
  User Name: NT AUTHORITY\SYSTEM
  Computer: DESKTOP-NGQE08I
  Description: 
The application \Device\HarddiskVolume4\Windows\System32\taskhostw.exe with process id 2220 stopped the removal or ejection for the device PCI\VEN_8086&DEV_2F03&SUBSYS_00008086&REV_02\3&11583659&0&09.

Event[351]:
  Log Name: System
  Source: Microsoft-Windows-Kernel-PnP
  Date: 2017-06-01T14:59:17.373
  Event ID: 225
  Task: N/A
  Level: Warning
  Opcode: Info
  Keyword: N/A
  User: S-1-5-18
  User Name: NT AUTHORITY\SYSTEM
  Computer: DESKTOP-NGQE08I
  Description: 
The application \Device\HarddiskVolume4\Windows\System32\svchost.exe with process id 2240 stopped the removal or ejection for the device PCI\VEN_8086&DEV_2F03&SUBSYS_00008086&REV_02\3&11583659&0&09.

Event[352]:
  Log Name: System
  Source: Microsoft-Windows-Kernel-PnP
  Date: 2017-06-01T14:59:17.373
  Event ID: 225
  Task: N/A
  Level: Warning
  Opcode: Info
  Keyword: N/A
  User: S-1-5-18
  User Name: NT AUTHORITY\SYSTEM
  Computer: DESKTOP-NGQE08I
  Description: 
The application \Device\HarddiskVolume4\Windows\System32\svchost.exe with process id 2276 stopped the removal or ejection for the device PCI\VEN_8086&DEV_2F03&SUBSYS_00008086&REV_02\3&11583659&0&09.

Event[353]:
  Log Name: System
  Source: Microsoft-Windows-Kernel-PnP
  Date: 2017-06-01T14:59:17.373
  Event ID: 225
  Task: N/A
  Level: Warning
  Opcode: Info
  Keyword: N/A
  User: S-1-5-18
  User Name: NT AUTHORITY\SYSTEM
  Computer: DESKTOP-NGQE08I
  Description: 
The application \Device\HarddiskVolume4\Windows\System32\svchost.exe with process id 2416 stopped the removal or ejection for the device PCI\VEN_8086&DEV_2F03&SUBSYS_00008086&REV_02\3&11583659&0&09.

Event[354]:
  Log Name: System
  Source: Microsoft-Windows-Kernel-PnP
  Date: 2017-06-01T14:59:17.373
  Event ID: 225
  Task: N/A
  Level: Warning
  Opcode: Info
  Keyword: N/A
  User: S-1-5-18
  User Name: NT AUTHORITY\SYSTEM
  Computer: DESKTOP-NGQE08I
  Description: 
The application \Device\HarddiskVolume4\Windows\System32\svchost.exe with process id 2560 stopped the removal or ejection for the device PCI\VEN_8086&DEV_2F03&SUBSYS_00008086&REV_02\3&11583659&0&09.

Event[355]:
  Log Name: System
  Source: Microsoft-Windows-Kernel-PnP
  Date: 2017-06-01T14:59:17.373
  Event ID: 225
  Task: N/A
  Level: Warning
  Opcode: Info
  Keyword: N/A
  User: S-1-5-18
  User Name: NT AUTHORITY\SYSTEM
  Computer: DESKTOP-NGQE08I
  Description: 
The application \Device\HarddiskVolume4\Windows\System32\svchost.exe with process id 2580 stopped the removal or ejection for the device PCI\VEN_8086&DEV_2F03&SUBSYS_00008086&REV_02\3&11583659&0&09.

Event[356]:
  Log Name: System
  Source: Microsoft-Windows-Kernel-PnP
  Date: 2017-06-01T14:59:17.373
  Event ID: 225
  Task: N/A
  Level: Warning
  Opcode: Info
  Keyword: N/A
  User: S-1-5-18
  User Name: NT AUTHORITY\SYSTEM
  Computer: DESKTOP-NGQE08I
  Description: 
The application \Device\HarddiskVolume4\Windows\System32\svchost.exe with process id 2588 stopped the removal or ejection for the device PCI\VEN_8086&DEV_2F03&SUBSYS_00008086&REV_02\3&11583659&0&09.

Event[357]:
  Log Name: System
  Source: Microsoft-Windows-Kernel-PnP
  Date: 2017-06-01T14:59:17.373
  Event ID: 225
  Task: N/A
  Level: Warning
  Opcode: Info
  Keyword: N/A
  User: S-1-5-18
  User Name: NT AUTHORITY\SYSTEM
  Computer: DESKTOP-NGQE08I
  Description: 
The application \Device\HarddiskVolume4\Windows\System32\svchost.exe with process id 2668 stopped the removal or ejection for the device PCI\VEN_8086&DEV_2F03&SUBSYS_00008086&REV_02\3&11583659&0&09.

Event[358]:
  Log Name: System
  Source: Microsoft-Windows-Kernel-PnP
  Date: 2017-06-01T14:59:17.373
  Event ID: 225
  Task: N/A
  Level: Warning
  Opcode: Info
  Keyword: N/A
  User: S-1-5-18
  User Name: NT AUTHORITY\SYSTEM
  Computer: DESKTOP-NGQE08I
  Description: 
The application \Device\HarddiskVolume4\Windows\System32\svchost.exe with process id 2676 stopped the removal or ejection for the device PCI\VEN_8086&DEV_2F03&SUBSYS_00008086&REV_02\3&11583659&0&09.

Event[359]:
  Log Name: System
  Source: Microsoft-Windows-Kernel-PnP
  Date: 2017-06-01T14:59:17.373
  Event ID: 225
  Task: N/A
  Level: Warning
  Opcode: Info
  Keyword: N/A
  User: S-1-5-18
  User Name: NT AUTHORITY\SYSTEM
  Computer: DESKTOP-NGQE08I
  Description: 
The application \Device\HarddiskVolume4\Windows\System32\svchost.exe with process id 2764 stopped the removal or ejection for the device PCI\VEN_8086&DEV_2F03&SUBSYS_00008086&REV_02\3&11583659&0&09.

Event[360]:
  Log Name: System
  Source: Microsoft-Windows-Kernel-PnP
  Date: 2017-06-01T14:59:17.373
  Event ID: 225
  Task: N/A
  Level: Warning
  Opcode: Info
  Keyword: N/A
  User: S-1-5-18
  User Name: NT AUTHORITY\SYSTEM
  Computer: DESKTOP-NGQE08I
  Description: 
The application \Device\HarddiskVolume4\Windows\System32\svchost.exe with process id 2800 stopped the removal or ejection for the device PCI\VEN_8086&DEV_2F03&SUBSYS_00008086&REV_02\3&11583659&0&09.

Event[361]:
  Log Name: System
  Source: Microsoft-Windows-Kernel-PnP
  Date: 2017-06-01T14:59:17.373
  Event ID: 225
  Task: N/A
  Level: Warning
  Opcode: Info
  Keyword: N/A
  User: S-1-5-18
  User Name: NT AUTHORITY\SYSTEM
  Computer: DESKTOP-NGQE08I
  Description: 
The application \Device\HarddiskVolume4\Windows\System32\svchost.exe with process id 2840 stopped the removal or ejection for the device PCI\VEN_8086&DEV_2F03&SUBSYS_00008086&REV_02\3&11583659&0&09.

Event[362]:
  Log Name: System
  Source: Microsoft-Windows-Kernel-PnP
  Date: 2017-06-01T14:59:17.373
  Event ID: 225
  Task: N/A
  Level: Warning
  Opcode: Info
  Keyword: N/A
  User: S-1-5-18
  User Name: NT AUTHORITY\SYSTEM
  Computer: DESKTOP-NGQE08I
  Description: 
The application \Device\HarddiskVolume4\Windows\System32\SecurityHealthService.exe with process id 2864 stopped the removal or ejection for the device PCI\VEN_8086&DEV_2F03&SUBSYS_00008086&REV_02\3&11583659&0&09.

Event[363]:
  Log Name: System
  Source: Microsoft-Windows-Kernel-PnP
  Date: 2017-06-01T14:59:17.373
  Event ID: 225
  Task: N/A
  Level: Warning
  Opcode: Info
  Keyword: N/A
  User: S-1-5-18
  User Name: NT AUTHORITY\SYSTEM
  Computer: DESKTOP-NGQE08I
  Description: 
The application \Device\HarddiskVolume4\Windows\System32\svchost.exe with process id 2868 stopped the removal or ejection for the device PCI\VEN_8086&DEV_2F03&SUBSYS_00008086&REV_02\3&11583659&0&09.

Event[364]:
  Log Name: System
  Source: Microsoft-Windows-Kernel-PnP
  Date: 2017-06-01T14:59:17.373
  Event ID: 225
  Task: N/A
  Level: Warning
  Opcode: Info
  Keyword: N/A
  User: S-1-5-18
  User Name: NT AUTHORITY\SYSTEM
  Computer: DESKTOP-NGQE08I
  Description: 
The application \Device\HarddiskVolume4\Windows\System32\svchost.exe with process id 2876 stopped the removal or ejection for the device PCI\VEN_8086&DEV_2F03&SUBSYS_00008086&REV_02\3&11583659&0&09.

Event[365]:
  Log Name: System
  Source: Microsoft-Windows-Kernel-PnP
  Date: 2017-06-01T14:59:17.373
  Event ID: 225
  Task: N/A
  Level: Warning
  Opcode: Info
  Keyword: N/A
  User: S-1-5-18
  User Name: NT AUTHORITY\SYSTEM
  Computer: DESKTOP-NGQE08I
  Description: 
The application \Device\HarddiskVolume4\Windows\System32\svchost.exe with process id 2896 stopped the removal or ejection for the device PCI\VEN_8086&DEV_2F03&SUBSYS_00008086&REV_02\3&11583659&0&09.

Event[366]:
  Log Name: System
  Source: Microsoft-Windows-Kernel-PnP
  Date: 2017-06-01T14:59:17.373
  Event ID: 225
  Task: N/A
  Level: Warning
  Opcode: Info
  Keyword: N/A
  User: S-1-5-18
  User Name: NT AUTHORITY\SYSTEM
  Computer: DESKTOP-NGQE08I
  Description: 
The application \Device\HarddiskVolume4\Program Files\Windows Defender\MsMpEng.exe with process id 2924 stopped the removal or ejection for the device PCI\VEN_8086&DEV_2F03&SUBSYS_00008086&REV_02\3&11583659&0&09.

Event[367]:
  Log Name: System
  Source: Microsoft-Windows-Kernel-PnP
  Date: 2017-06-01T14:59:17.373
  Event ID: 225
  Task: N/A
  Level: Warning
  Opcode: Info
  Keyword: N/A
  User: S-1-5-18
  User Name: NT AUTHORITY\SYSTEM
  Computer: DESKTOP-NGQE08I
  Description: 
The application \Device\HarddiskVolume4\Windows\System32\svchost.exe with process id 2944 stopped the removal or ejection for the device PCI\VEN_8086&DEV_2F03&SUBSYS_00008086&REV_02\3&11583659&0&09.

Event[368]:
  Log Name: System
  Source: Microsoft-Windows-Kernel-PnP
  Date: 2017-06-01T14:59:17.373
  Event ID: 225
  Task: N/A
  Level: Warning
  Opcode: Info
  Keyword: N/A
  User: S-1-5-18
  User Name: NT AUTHORITY\SYSTEM
  Computer: DESKTOP-NGQE08I
  Description: 
The application \Device\HarddiskVolume4\Windows\System32\spoolsv.exe with process id 3052 stopped the removal or ejection for the device PCI\VEN_8086&DEV_2F03&SUBSYS_00008086&REV_02\3&11583659&0&09.

Event[369]:
  Log Name: System
  Source: Microsoft-Windows-Kernel-PnP
  Date: 2017-06-01T14:59:17.373
  Event ID: 225
  Task: N/A
  Level: Warning
  Opcode: Info
  Keyword: N/A
  User: S-1-5-18
  User Name: NT AUTHORITY\SYSTEM
  Computer: DESKTOP-NGQE08I
  Description: 
The application \Device\HarddiskVolume4\Windows\SystemApps\Microsoft.Windows.Cortana_cw5n1h2txyewy\SearchUI.exe with process id 3128 stopped the removal or ejection for the device PCI\VEN_8086&DEV_2F03&SUBSYS_00008086&REV_02\3&11583659&0&09.

Event[370]:
  Log Name: System
  Source: Microsoft-Windows-Kernel-PnP
  Date: 2017-06-01T14:59:17.373
  Event ID: 225
  Task: N/A
  Level: Warning
  Opcode: Info
  Keyword: N/A
  User: S-1-5-18
  User Name: NT AUTHORITY\SYSTEM
  Computer: DESKTOP-NGQE08I
  Description: 
The application \Device\HarddiskVolume4\Windows\System32\svchost.exe with process id 3216 stopped the removal or ejection for the device PCI\VEN_8086&DEV_2F03&SUBSYS_00008086&REV_02\3&11583659&0&09.

Event[371]:
  Log Name: System
  Source: Microsoft-Windows-Kernel-PnP
  Date: 2017-06-01T14:59:17.373
  Event ID: 225
  Task: N/A
  Level: Warning
  Opcode: Info
  Keyword: N/A
  User: S-1-5-18
  User Name: NT AUTHORITY\SYSTEM
  Computer: DESKTOP-NGQE08I
  Description: 
The application \Device\HarddiskVolume4\Windows\System32\svchost.exe with process id 3284 stopped the removal or ejection for the device PCI\VEN_8086&DEV_2F03&SUBSYS_00008086&REV_02\3&11583659&0&09.

Event[372]:
  Log Name: System
  Source: Microsoft-Windows-Kernel-PnP
  Date: 2017-06-01T14:59:17.373
  Event ID: 225
  Task: N/A
  Level: Warning
  Opcode: Info
  Keyword: N/A
  User: S-1-5-18
  User Name: NT AUTHORITY\SYSTEM
  Computer: DESKTOP-NGQE08I
  Description: 
The application \Device\HarddiskVolume4\Windows\System32\svchost.exe with process id 3308 stopped the removal or ejection for the device PCI\VEN_8086&DEV_2F03&SUBSYS_00008086&REV_02\3&11583659&0&09.

Event[373]:
  Log Name: System
  Source: Microsoft-Windows-Kernel-PnP
  Date: 2017-06-01T14:59:17.373
  Event ID: 225
  Task: N/A
  Level: Warning
  Opcode: Info
  Keyword: N/A
  User: S-1-5-18
  User Name: NT AUTHORITY\SYSTEM
  Computer: DESKTOP-NGQE08I
  Description: 
The application \Device\HarddiskVolume4\Windows\System32\svchost.exe with process id 3388 stopped the removal or ejection for the device PCI\VEN_8086&DEV_2F03&SUBSYS_00008086&REV_02\3&11583659&0&09.

Event[374]:
  Log Name: System
  Source: Microsoft-Windows-Kernel-PnP
  Date: 2017-06-01T14:59:17.373
  Event ID: 225
  Task: N/A
  Level: Warning
  Opcode: Info
  Keyword: N/A
  User: S-1-5-18
  User Name: NT AUTHORITY\SYSTEM
  Computer: DESKTOP-NGQE08I
  Description: 
The application \Device\HarddiskVolume4\Windows\System32\svchost.exe with process id 3924 stopped the removal or ejection for the device PCI\VEN_8086&DEV_2F03&SUBSYS_00008086&REV_02\3&11583659&0&09.

Event[375]:
  Log Name: System
  Source: Microsoft-Windows-Kernel-PnP
  Date: 2017-06-01T14:59:17.373
  Event ID: 225
  Task: N/A
  Level: Warning
  Opcode: Info
  Keyword: N/A
  User: S-1-5-18
  User Name: NT AUTHORITY\SYSTEM
  Computer: DESKTOP-NGQE08I
  Description: 
The application \Device\HarddiskVolume4\Windows\System32\winlogon.exe with process id 4384 stopped the removal or ejection for the device PCI\VEN_8086&DEV_2F03&SUBSYS_00008086&REV_02\3&11583659&0&09.

Event[376]:
  Log Name: System
  Source: Microsoft-Windows-Kernel-PnP
  Date: 2017-06-01T14:59:17.373
  Event ID: 225
  Task: N/A
  Level: Warning
  Opcode: Info
  Keyword: N/A
  User: S-1-5-18
  User Name: NT AUTHORITY\SYSTEM
  Computer: DESKTOP-NGQE08I
  Description: 
The application \Device\HarddiskVolume4\Users\organ\Desktop\Asus Rampage V Extreme Win 10 Drivers\Intel_Chipset_Win7-8-81-10_Vv10128\SetupChipset.exe with process id 4428 stopped the removal or ejection for the device PCI\VEN_8086&DEV_2F03&SUBSYS_00008086&REV_02\3&11583659&0&09.

Event[377]:
  Log Name: System
  Source: Microsoft-Windows-Kernel-PnP
  Date: 2017-06-01T14:59:17.373
  Event ID: 225
  Task: N/A
  Level: Warning
  Opcode: Info
  Keyword: N/A
  User: S-1-5-18
  User Name: NT AUTHORITY\SYSTEM
  Computer: DESKTOP-NGQE08I
  Description: 
The application \Device\HarddiskVolume4\Windows\System32\rundll32.exe with process id 4512 stopped the removal or ejection for the device PCI\VEN_8086&DEV_2F03&SUBSYS_00008086&REV_02\3&11583659&0&09.

Event[378]:
  Log Name: System
  Source: Microsoft-Windows-Kernel-PnP
  Date: 2017-06-01T14:59:17.373
  Event ID: 225
  Task: N/A
  Level: Warning
  Opcode: Info
  Keyword: N/A
  User: S-1-5-18
  User Name: NT AUTHORITY\SYSTEM
  Computer: DESKTOP-NGQE08I
  Description: 
The application \Device\HarddiskVolume4\Windows\System32\svchost.exe with process id 4552 stopped the removal or ejection for the device PCI\VEN_8086&DEV_2F03&SUBSYS_00008086&REV_02\3&11583659&0&09.

Event[379]:
  Log Name: System
  Source: Microsoft-Windows-Kernel-PnP
  Date: 2017-06-01T14:59:17.373
  Event ID: 225
  Task: N/A
  Level: Warning
  Opcode: Info
  Keyword: N/A
  User: S-1-5-18
  User Name: NT AUTHORITY\SYSTEM
  Computer: DESKTOP-NGQE08I
  Description: 
The application \Device\HarddiskVolume4\Windows\System32\svchost.exe with process id 4668 stopped the removal or ejection for the device PCI\VEN_8086&DEV_2F03&SUBSYS_00008086&REV_02\3&11583659&0&09.

Event[380]:
  Log Name: System
  Source: Microsoft-Windows-Kernel-PnP
  Date: 2017-06-01T14:59:17.373
  Event ID: 225
  Task: N/A
  Level: Warning
  Opcode: Info
  Keyword: N/A
  User: S-1-5-18
  User Name: NT AUTHORITY\SYSTEM
  Computer: DESKTOP-NGQE08I
  Description: 
The application \Device\HarddiskVolume4\Windows\System32\svchost.exe with process id 4684 stopped the removal or ejection for the device PCI\VEN_8086&DEV_2F03&SUBSYS_00008086&REV_02\3&11583659&0&09.

Event[381]:
  Log Name: System
  Source: Microsoft-Windows-Kernel-PnP
  Date: 2017-06-01T14:59:17.373
  Event ID: 225
  Task: N/A
  Level: Warning
  Opcode: Info
  Keyword: N/A
  User: S-1-5-18
  User Name: NT AUTHORITY\SYSTEM
  Computer: DESKTOP-NGQE08I
  Description: 
The application \Device\HarddiskVolume4\Windows\System32\svchost.exe with process id 4980 stopped the removal or ejection for the device PCI\VEN_8086&DEV_2F03&SUBSYS_00008086&REV_02\3&11583659&0&09.

Event[382]:
  Log Name: System
  Source: Microsoft-Windows-Kernel-PnP
  Date: 2017-06-01T14:59:17.373
  Event ID: 225
  Task: N/A
  Level: Warning
  Opcode: Info
  Keyword: N/A
  User: S-1-5-18
  User Name: NT AUTHORITY\SYSTEM
  Computer: DESKTOP-NGQE08I
  Description: 
The application \Device\HarddiskVolume4\Windows\System32\svchost.exe with process id 5152 stopped the removal or ejection for the device PCI\VEN_8086&DEV_2F03&SUBSYS_00008086&REV_02\3&11583659&0&09.

Event[383]:
  Log Name: System
  Source: Microsoft-Windows-Kernel-PnP
  Date: 2017-06-01T14:59:17.373
  Event ID: 225
  Task: N/A
  Level: Warning
  Opcode: Info
  Keyword: N/A
  User: S-1-5-18
  User Name: NT AUTHORITY\SYSTEM
  Computer: DESKTOP-NGQE08I
  Description: 
The application \Device\HarddiskVolume4\Windows\System32\svchost.exe with process id 6104 stopped the removal or ejection for the device PCI\VEN_8086&DEV_2F03&SUBSYS_00008086&REV_02\3&11583659&0&09.

Event[384]:
  Log Name: System
  Source: Microsoft-Windows-Kernel-PnP
  Date: 2017-06-01T14:59:17.373
  Event ID: 225
  Task: N/A
  Level: Warning
  Opcode: Info
  Keyword: N/A
  User: S-1-5-18
  User Name: NT AUTHORITY\SYSTEM
  Computer: DESKTOP-NGQE08I
  Description: 
The application \Device\HarddiskVolume4\Windows\System32\csrss.exe with process id 6148 stopped the removal or ejection for the device PCI\VEN_8086&DEV_2F03&SUBSYS_00008086&REV_02\3&11583659&0&09.

Event[385]:
  Log Name: System
  Source: Microsoft-Windows-Kernel-PnP
  Date: 2017-06-01T14:59:17.373
  Event ID: 225
  Task: N/A
  Level: Warning
  Opcode: Info
  Keyword: N/A
  User: S-1-5-18
  User Name: NT AUTHORITY\SYSTEM
  Computer: DESKTOP-NGQE08I
  Description: 
The application \Device\HarddiskVolume4\Windows\System32\wbem\WmiPrvSE.exe with process id 6184 stopped the removal or ejection for the device PCI\VEN_8086&DEV_2F03&SUBSYS_00008086&REV_02\3&11583659&0&09.

Event[386]:
  Log Name: System
  Source: Microsoft-Windows-Kernel-PnP
  Date: 2017-06-01T14:59:17.373
  Event ID: 225
  Task: N/A
  Level: Warning
  Opcode: Info
  Keyword: N/A
  User: S-1-5-18
  User Name: NT AUTHORITY\SYSTEM
  Computer: DESKTOP-NGQE08I
  Description: 
The application \Device\HarddiskVolume4\Windows\System32\svchost.exe with process id 6276 stopped the removal or ejection for the device PCI\VEN_8086&DEV_2F03&SUBSYS_00008086&REV_02\3&11583659&0&09.

Event[387]:
  Log Name: System
  Source: Microsoft-Windows-Kernel-PnP
  Date: 2017-06-01T14:59:17.373
  Event ID: 225
  Task: N/A
  Level: Warning
  Opcode: Info
  Keyword: N/A
  User: S-1-5-18
  User Name: NT AUTHORITY\SYSTEM
  Computer: DESKTOP-NGQE08I
  Description: 
The application \Device\HarddiskVolume4\Windows\System32\svchost.exe with process id 6452 stopped the removal or ejection for the device PCI\VEN_8086&DEV_2F03&SUBSYS_00008086&REV_02\3&11583659&0&09.

Event[388]:
  Log Name: System
  Source: Microsoft-Windows-Kernel-PnP
  Date: 2017-06-01T14:59:17.373
  Event ID: 225
  Task: N/A
  Level: Warning
  Opcode: Info
  Keyword: N/A
  User: S-1-5-18
  User Name: NT AUTHORITY\SYSTEM
  Computer: DESKTOP-NGQE08I
  Description: 
The application \Device\HarddiskVolume4\Windows\SystemApps\ShellExperienceHost_cw5n1h2txyewy\ShellExperienceHost.exe with process id 6460 stopped the removal or ejection for the device PCI\VEN_8086&DEV_2F03&SUBSYS_00008086&REV_02\3&11583659&0&09.

Event[389]:
  Log Name: System
  Source: Microsoft-Windows-Kernel-PnP
  Date: 2017-06-01T14:59:17.373
  Event ID: 225
  Task: N/A
  Level: Warning
  Opcode: Info
  Keyword: N/A
  User: S-1-5-18
  User Name: NT AUTHORITY\SYSTEM
  Computer: DESKTOP-NGQE08I
  Description: 
The application \Device\HarddiskVolume4\Program Files\Windows Defender\MSASCuiL.exe with process id 6468 stopped the removal or ejection for the device PCI\VEN_8086&DEV_2F03&SUBSYS_00008086&REV_02\3&11583659&0&09.

Event[390]:
  Log Name: System
  Source: Microsoft-Windows-Kernel-PnP
  Date: 2017-06-01T14:59:17.373
  Event ID: 225
  Task: N/A
  Level: Warning
  Opcode: Info
  Keyword: N/A
  User: S-1-5-18
  User Name: NT AUTHORITY\SYSTEM
  Computer: DESKTOP-NGQE08I
  Description: 
The application \Device\HarddiskVolume4\Windows\System32\svchost.exe with process id 6500 stopped the removal or ejection for the device PCI\VEN_8086&DEV_2F03&SUBSYS_00008086&REV_02\3&11583659&0&09.

Event[391]:
  Log Name: System
  Source: Microsoft-Windows-Kernel-PnP
  Date: 2017-06-01T14:59:17.373
  Event ID: 225
  Task: N/A
  Level: Warning
  Opcode: Info
  Keyword: N/A
  User: S-1-5-18
  User Name: NT AUTHORITY\SYSTEM
  Computer: DESKTOP-NGQE08I
  Description: 
The application \Device\HarddiskVolume4\Windows\System32\fontdrvhost.exe with process id 6528 stopped the removal or ejection for the device PCI\VEN_8086&DEV_2F03&SUBSYS_00008086&REV_02\3&11583659&0&09.

Event[392]:
  Log Name: System
  Source: Microsoft-Windows-Kernel-PnP
  Date: 2017-06-01T14:59:17.373
  Event ID: 225
  Task: N/A
  Level: Warning
  Opcode: Info
  Keyword: N/A
  User: S-1-5-18
  User Name: NT AUTHORITY\SYSTEM
  Computer: DESKTOP-NGQE08I
  Description: 
The application \Device\HarddiskVolume4\Windows\System32\RuntimeBroker.exe with process id 6584 stopped the removal or ejection for the device PCI\VEN_8086&DEV_2F03&SUBSYS_00008086&REV_02\3&11583659&0&09.

Event[393]:
  Log Name: System
  Source: Microsoft-Windows-Kernel-PnP
  Date: 2017-06-01T14:59:17.373
  Event ID: 225
  Task: N/A
  Level: Warning
  Opcode: Info
  Keyword: N/A
  User: S-1-5-18
  User Name: NT AUTHORITY\SYSTEM
  Computer: DESKTOP-NGQE08I
  Description: 
The application \Device\HarddiskVolume4\Windows\System32\SystemSettingsBroker.exe with process id 6724 stopped the removal or ejection for the device PCI\VEN_8086&DEV_2F03&SUBSYS_00008086&REV_02\3&11583659&0&09.

Event[394]:
  Log Name: System
  Source: Microsoft-Windows-Kernel-PnP
  Date: 2017-06-01T14:59:17.373
  Event ID: 225
  Task: N/A
  Level: Warning
  Opcode: Info
  Keyword: N/A
  User: S-1-5-18
  User Name: NT AUTHORITY\SYSTEM
  Computer: DESKTOP-NGQE08I
  Description: 
The application \Device\HarddiskVolume4\Windows\System32\ApplicationFrameHost.exe with process id 6764 stopped the removal or ejection for the device PCI\VEN_8086&DEV_2F03&SUBSYS_00008086&REV_02\3&11583659&0&09.

Event[395]:
  Log Name: System
  Source: Microsoft-Windows-Kernel-PnP
  Date: 2017-06-01T14:59:17.373
  Event ID: 225
  Task: N/A
  Level: Warning
  Opcode: Info
  Keyword: N/A
  User: S-1-5-18
  User Name: NT AUTHORITY\SYSTEM
  Computer: DESKTOP-NGQE08I
  Description: 
The application \Device\HarddiskVolume4\Windows\System32\svchost.exe with process id 6840 stopped the removal or ejection for the device PCI\VEN_8086&DEV_2F03&SUBSYS_00008086&REV_02\3&11583659&0&09.

Event[396]:
  Log Name: System
  Source: Microsoft-Windows-Kernel-PnP
  Date: 2017-06-01T14:59:17.373
  Event ID: 225
  Task: N/A
  Level: Warning
  Opcode: Info
  Keyword: N/A
  User: S-1-5-18
  User Name: NT AUTHORITY\SYSTEM
  Computer: DESKTOP-NGQE08I
  Description: 
The application \Device\HarddiskVolume4\Windows\System32\svchost.exe with process id 7016 stopped the removal or ejection for the device PCI\VEN_8086&DEV_2F03&SUBSYS_00008086&REV_02\3&11583659&0&09.

Event[397]:
  Log Name: System
  Source: Microsoft-Windows-Kernel-PnP
  Date: 2017-06-01T14:59:17.373
  Event ID: 225
  Task: N/A
  Level: Warning
  Opcode: Info
  Keyword: N/A
  User: S-1-5-18
  User Name: NT AUTHORITY\SYSTEM
  Computer: DESKTOP-NGQE08I
  Description: 
The application \Device\HarddiskVolume4\Windows\explorer.exe with process id 7032 stopped the removal or ejection for the device PCI\VEN_8086&DEV_2F03&SUBSYS_00008086&REV_02\3&11583659&0&09.

Event[398]:
  Log Name: System
  Source: Microsoft-Windows-Kernel-PnP
  Date: 2017-06-01T14:59:17.373
  Event ID: 225
  Task: N/A
  Level: Warning
  Opcode: Info
  Keyword: N/A
  User: S-1-5-18
  User Name: NT AUTHORITY\SYSTEM
  Computer: DESKTOP-NGQE08I
  Description: 
The application \Device\HarddiskVolume4\Windows\System32\drvinst.exe with process id 7088 stopped the removal or ejection for the device PCI\VEN_8086&DEV_2F03&SUBSYS_00008086&REV_02\3&11583659&0&09.

Event[399]:
  Log Name: System
  Source: Microsoft-Windows-Kernel-PnP
  Date: 2017-06-01T14:59:17.373
  Event ID: 225
  Task: N/A
  Level: Warning
  Opcode: Info
  Keyword: N/A
  User: S-1-5-18
  User Name: NT AUTHORITY\SYSTEM
  Computer: DESKTOP-NGQE08I
  Description: 
The application \Device\HarddiskVolume4\Windows\System32\msiexec.exe with process id 7204 stopped the removal or ejection for the device PCI\VEN_8086&DEV_2F03&SUBSYS_00008086&REV_02\3&11583659&0&09.

Event[400]:
  Log Name: System
  Source: Microsoft-Windows-Kernel-PnP
  Date: 2017-06-01T14:59:17.373
  Event ID: 225
  Task: N/A
  Level: Warning
  Opcode: Info
  Keyword: N/A
  User: S-1-5-18
  User Name: NT AUTHORITY\SYSTEM
  Computer: DESKTOP-NGQE08I
  Description: 
The application \Device\HarddiskVolume4\Windows\System32\svchost.exe with process id 7480 stopped the removal or ejection for the device PCI\VEN_8086&DEV_2F03&SUBSYS_00008086&REV_02\3&11583659&0&09.

Event[401]:
  Log Name: System
  Source: Microsoft-Windows-Kernel-PnP
  Date: 2017-06-01T14:59:17.373
  Event ID: 225
  Task: N/A
  Level: Warning
  Opcode: Info
  Keyword: N/A
  User: S-1-5-18
  User Name: NT AUTHORITY\SYSTEM
  Computer: DESKTOP-NGQE08I
  Description: 
The application \Device\HarddiskVolume4\Users\organ\AppData\Local\Microsoft\OneDrive\OneDrive.exe with process id 8012 stopped the removal or ejection for the device PCI\VEN_8086&DEV_2F03&SUBSYS_00008086&REV_02\3&11583659&0&09.

Event[402]:
  Log Name: System
  Source: Microsoft-Windows-Kernel-PnP
  Date: 2017-06-01T14:59:17.373
  Event ID: 225
  Task: N/A
  Level: Warning
  Opcode: Info
  Keyword: N/A
  User: S-1-5-18
  User Name: NT AUTHORITY\SYSTEM
  Computer: DESKTOP-NGQE08I
  Description: 
The application \Device\HarddiskVolume4\Users\organ\Desktop\Asus Rampage V Extreme Win 10 Drivers\Intel_Chipset_Win7-8-81-10_Vv10128\SetupChipset.exe with process id 8100 stopped the removal or ejection for the device PCI\VEN_8086&DEV_2F03&SUBSYS_00008086&REV_02\3&11583659&0&09.

Event[403]:
  Log Name: System
  Source: Microsoft-Windows-Kernel-PnP
  Date: 2017-06-01T14:59:17.373
  Event ID: 225
  Task: N/A
  Level: Warning
  Opcode: Info
  Keyword: N/A
  User: S-1-5-18
  User Name: NT AUTHORITY\SYSTEM
  Computer: DESKTOP-NGQE08I
  Description: 
The application \Device\HarddiskVolume4\Program Files\Windows Defender\NisSrv.exe with process id 8176 stopped the removal or ejection for the device PCI\VEN_8086&DEV_2F03&SUBSYS_00008086&REV_02\3&11583659&0&09.

Event[404]:
  Log Name: System
  Source: Microsoft-Windows-UserPnp
  Date: 2017-06-01T14:59:17.382
  Event ID: 20001
  Task: N/A
  Level: Information
  Opcode: Info
  Keyword: N/A
  User: S-1-5-18
  User Name: NT AUTHORITY\SYSTEM
  Computer: DESKTOP-NGQE08I
  Description: 
Driver Management concluded the process to install driver haswellesystem.inf_amd64_8c3b192712fbc4ae\haswellesystem.inf for Device Instance ID PCI\VEN_8086&DEV_2F03&SUBSYS_00008086&REV_02\3&11583659&0&09 with the following status: 0x0.

Event[405]:
  Log Name: System
  Source: Microsoft-Windows-UserPnp
  Date: 2017-06-01T14:59:17.688
  Event ID: 20001
  Task: N/A
  Level: Information
  Opcode: Info
  Keyword: N/A
  User: S-1-5-18
  User Name: NT AUTHORITY\SYSTEM
  Computer: DESKTOP-NGQE08I
  Description: 
Driver Management concluded the process to install driver haswellesystem.inf_amd64_8c3b192712fbc4ae\haswellesystem.inf for Device Instance ID PCI\VEN_8086&DEV_2F04&SUBSYS_00008086&REV_02\3&11583659&0&10 with the following status: 0x0.

Event[406]:
  Log Name: System
  Source: Microsoft-Windows-UserPnp
  Date: 2017-06-01T14:59:18.299
  Event ID: 20001
  Task: N/A
  Level: Information
  Opcode: Info
  Keyword: N/A
  User: S-1-5-18
  User Name: NT AUTHORITY\SYSTEM
  Computer: DESKTOP-NGQE08I
  Description: 
Driver Management concluded the process to install driver haswellesystem.inf_amd64_8c3b192712fbc4ae\haswellesystem.inf for Device Instance ID PCI\VEN_8086&DEV_2F08&SUBSYS_00008086&REV_02\3&11583659&0&18 with the following status: 0x0.

Event[407]:
  Log Name: System
  Source: Microsoft-Windows-UserPnp
  Date: 2017-06-01T14:59:18.467
  Event ID: 20001
  Task: N/A
  Level: Information
  Opcode: Info
  Keyword: N/A
  User: S-1-5-18
  User Name: NT AUTHORITY\SYSTEM
  Computer: DESKTOP-NGQE08I
  Description: 
Driver Management concluded the process to install driver haswellesystem.inf_amd64_8c3b192712fbc4ae\haswellesystem.inf for Device Instance ID PCI\VEN_8086&DEV_2F1D&SUBSYS_2F1D8086&REV_02\3&103A9D54&0&80 with the following status: 0x0.

Event[408]:
  Log Name: System
  Source: Microsoft-Windows-UserPnp
  Date: 2017-06-01T14:59:18.678
  Event ID: 20001
  Task: N/A
  Level: Information
  Opcode: Info
  Keyword: N/A
  User: S-1-5-18
  User Name: NT AUTHORITY\SYSTEM
  Computer: DESKTOP-NGQE08I
  Description: 
Driver Management concluded the process to install driver haswellesystem.inf_amd64_8c3b192712fbc4ae\haswellesystem.inf for Device Instance ID PCI\VEN_8086&DEV_2F1E&SUBSYS_2F1E8086&REV_02\3&103A9D54&0&85 with the following status: 0x0.

Event[409]:
  Log Name: System
  Source: Microsoft-Windows-UserPnp
  Date: 2017-06-01T14:59:18.912
  Event ID: 20001
  Task: N/A
  Level: Information
  Opcode: Info
  Keyword: N/A
  User: S-1-5-18
  User Name: NT AUTHORITY\SYSTEM
  Computer: DESKTOP-NGQE08I
  Description: 
Driver Management concluded the process to install driver haswellesystem.inf_amd64_8c3b192712fbc4ae\haswellesystem.inf for Device Instance ID PCI\VEN_8086&DEV_2F1F&SUBSYS_2F1F8086&REV_02\3&103A9D54&0&87 with the following status: 0x0.

Event[410]:
  Log Name: System
  Source: Microsoft-Windows-UserPnp
  Date: 2017-06-01T14:59:19.129
  Event ID: 20001
  Task: N/A
  Level: Information
  Opcode: Info
  Keyword: N/A
  User: S-1-5-18
  User Name: NT AUTHORITY\SYSTEM
  Computer: DESKTOP-NGQE08I
  Description: 
Driver Management concluded the process to install driver haswellesystem.inf_amd64_8c3b192712fbc4ae\haswellesystem.inf for Device Instance ID PCI\VEN_8086&DEV_2F28&SUBSYS_00000000&REV_02\3&11583659&0&28 with the following status: 0x0.

Event[411]:
  Log Name: System
  Source: Microsoft-Windows-UserPnp
  Date: 2017-06-01T14:59:19.310
  Event ID: 20001
  Task: N/A
  Level: Information
  Opcode: Info
  Keyword: N/A
  User: S-1-5-18
  User Name: NT AUTHORITY\SYSTEM
  Computer: DESKTOP-NGQE08I
  Description: 
Driver Management concluded the process to install driver haswellesystem.inf_amd64_8c3b192712fbc4ae\haswellesystem.inf for Device Instance ID PCI\VEN_8086&DEV_2F29&SUBSYS_00000000&REV_02\3&11583659&0&29 with the following status: 0x0.

Event[412]:
  Log Name: System
  Source: Microsoft-Windows-UserPnp
  Date: 2017-06-01T14:59:19.528
  Event ID: 20001
  Task: N/A
  Level: Information
  Opcode: Info
  Keyword: N/A
  User: S-1-5-18
  User Name: NT AUTHORITY\SYSTEM
  Computer: DESKTOP-NGQE08I
  Description: 
Driver Management concluded the process to install driver haswellesystem.inf_amd64_8c3b192712fbc4ae\haswellesystem.inf for Device Instance ID PCI\VEN_8086&DEV_2F2A&SUBSYS_00000000&REV_02\3&11583659&0&2A with the following status: 0x0.

Event[413]:
  Log Name: System
  Source: Microsoft-Windows-UserPnp
  Date: 2017-06-01T14:59:19.739
  Event ID: 20001
  Task: N/A
  Level: Information
  Opcode: Info
  Keyword: N/A
  User: S-1-5-18
  User Name: NT AUTHORITY\SYSTEM
  Computer: DESKTOP-NGQE08I
  Description: 
Driver Management concluded the process to install driver haswellesystem.inf_amd64_8c3b192712fbc4ae\haswellesystem.inf for Device Instance ID PCI\VEN_8086&DEV_2F2C&SUBSYS_00008086&REV_02\3&11583659&0&2C with the following status: 0x0.

Event[414]:
  Log Name: System
  Source: Microsoft-Windows-UserPnp
  Date: 2017-06-01T14:59:19.941
  Event ID: 20001
  Task: N/A
  Level: Information
  Opcode: Info
  Keyword: N/A
  User: S-1-5-18
  User Name: NT AUTHORITY\SYSTEM
  Computer: DESKTOP-NGQE08I
  Description: 
Driver Management concluded the process to install driver haswellesystem.inf_amd64_8c3b192712fbc4ae\haswellesystem.inf for Device Instance ID PCI\VEN_8086&DEV_2F30&SUBSYS_2F308086&REV_02\3&103A9D54&0&91 with the following status: 0x0.

Event[415]:
  Log Name: System
  Source: Microsoft-Windows-UserPnp
  Date: 2017-06-01T14:59:20.175
  Event ID: 20001
  Task: N/A
  Level: Information
  Opcode: Info
  Keyword: N/A
  User: S-1-5-18
  User Name: NT AUTHORITY\SYSTEM
  Computer: DESKTOP-NGQE08I
  Description: 
Driver Management concluded the process to install driver haswellesystem.inf_amd64_8c3b192712fbc4ae\haswellesystem.inf for Device Instance ID PCI\VEN_8086&DEV_2F34&SUBSYS_2F348086&REV_02\3&103A9D54&0&81 with the following status: 0x0.

Event[416]:
  Log Name: System
  Source: Microsoft-Windows-UserPnp
  Date: 2017-06-01T14:59:20.421
  Event ID: 20001
  Task: N/A
  Level: Information
  Opcode: Info
  Keyword: N/A
  User: S-1-5-18
  User Name: NT AUTHORITY\SYSTEM
  Computer: DESKTOP-NGQE08I
  Description: 
Driver Management concluded the process to install driver haswellesystem.inf_amd64_8c3b192712fbc4ae\haswellesystem.inf for Device Instance ID PCI\VEN_8086&DEV_2F36&SUBSYS_2F368086&REV_02\3&103A9D54&0&59 with the following status: 0x0.

Event[417]:
  Log Name: System
  Source: Microsoft-Windows-UserPnp
  Date: 2017-06-01T14:59:20.617
  Event ID: 20001
  Task: N/A
  Level: Information
  Opcode: Info
  Keyword: N/A
  User: S-1-5-18
  User Name: NT AUTHORITY\SYSTEM
  Computer: DESKTOP-NGQE08I
  Description: 
Driver Management concluded the process to install driver haswellesystem.inf_amd64_8c3b192712fbc4ae\haswellesystem.inf for Device Instance ID PCI\VEN_8086&DEV_2F37&SUBSYS_2F378086&REV_02\3&103A9D54&0&5A with the following status: 0x0.

Event[418]:
  Log Name: System
  Source: Microsoft-Windows-UserPnp
  Date: 2017-06-01T14:59:20.828
  Event ID: 20001
  Task: N/A
  Level: Information
  Opcode: Info
  Keyword: N/A
  User: S-1-5-18
  User Name: NT AUTHORITY\SYSTEM
  Computer: DESKTOP-NGQE08I
  Description: 
Driver Management concluded the process to install driver haswellesystem.inf_amd64_8c3b192712fbc4ae\haswellesystem.inf for Device Instance ID PCI\VEN_8086&DEV_2F68&SUBSYS_00000000&REV_02\3&103A9D54&0&B0 with the following status: 0x0.

Event[419]:
  Log Name: System
  Source: Microsoft-Windows-UserPnp
  Date: 2017-06-01T14:59:21.017
  Event ID: 20001
  Task: N/A
  Level: Information
  Opcode: Info
  Keyword: N/A
  User: S-1-5-18
  User Name: NT AUTHORITY\SYSTEM
  Computer: DESKTOP-NGQE08I
  Description: 
Driver Management concluded the process to install driver haswellesystem.inf_amd64_8c3b192712fbc4ae\haswellesystem.inf for Device Instance ID PCI\VEN_8086&DEV_2F6E&SUBSYS_00000000&REV_02\3&103A9D54&0&B6 with the following status: 0x0.

Event[420]:
  Log Name: System
  Source: Microsoft-Windows-UserPnp
  Date: 2017-06-01T14:59:21.209
  Event ID: 20001
  Task: N/A
  Level: Information
  Opcode: Info
  Keyword: N/A
  User: S-1-5-18
  User Name: NT AUTHORITY\SYSTEM
  Computer: DESKTOP-NGQE08I
  Description: 
Driver Management concluded the process to install driver haswellesystem.inf_amd64_8c3b192712fbc4ae\haswellesystem.inf for Device Instance ID PCI\VEN_8086&DEV_2F6F&SUBSYS_00000000&REV_02\3&103A9D54&0&B7 with the following status: 0x0.

Event[421]:
  Log Name: System
  Source: Microsoft-Windows-UserPnp
  Date: 2017-06-01T14:59:21.442
  Event ID: 20001
  Task: N/A
  Level: Information
  Opcode: Info
  Keyword: N/A
  User: S-1-5-18
  User Name: NT AUTHORITY\SYSTEM
  Computer: DESKTOP-NGQE08I
  Description: 
Driver Management concluded the process to install driver haswellesystem.inf_amd64_8c3b192712fbc4ae\haswellesystem.inf for Device Instance ID PCI\VEN_8086&DEV_2F71&SUBSYS_2F718086&REV_02\3&103A9D54&0&99 with the following status: 0x0.

Event[422]:
  Log Name: System
  Source: Microsoft-Windows-UserPnp
  Date: 2017-06-01T14:59:21.660
  Event ID: 20001
  Task: N/A
  Level: Information
  Opcode: Info
  Keyword: N/A
  User: S-1-5-18
  User Name: NT AUTHORITY\SYSTEM
  Computer: DESKTOP-NGQE08I
  Description: 
Driver Management concluded the process to install driver haswellesystem.inf_amd64_8c3b192712fbc4ae\haswellesystem.inf for Device Instance ID PCI\VEN_8086&DEV_2F7D&SUBSYS_2F7D8086&REV_02\3&103A9D54&0&86 with the following status: 0x0.

Event[423]:
  Log Name: System
  Source: Microsoft-Windows-UserPnp
  Date: 2017-06-01T14:59:21.860
  Event ID: 20001
  Task: N/A
  Level: Information
  Opcode: Info
  Keyword: N/A
  User: S-1-5-18
  User Name: NT AUTHORITY\SYSTEM
  Computer: DESKTOP-NGQE08I
  Description: 
Driver Management concluded the process to install driver haswellesystem.inf_amd64_8c3b192712fbc4ae\haswellesystem.inf for Device Instance ID PCI\VEN_8086&DEV_2F81&SUBSYS_2F818086&REV_02\3&103A9D54&0&58 with the following status: 0x0.

Event[424]:
  Log Name: System
  Source: Microsoft-Windows-UserPnp
  Date: 2017-06-01T14:59:22.100
  Event ID: 20001
  Task: N/A
  Level: Information
  Opcode: Info
  Keyword: N/A
  User: S-1-5-18
  User Name: NT AUTHORITY\SYSTEM
  Computer: DESKTOP-NGQE08I
  Description: 
Driver Management concluded the process to install driver haswellesystem.inf_amd64_8c3b192712fbc4ae\haswellesystem.inf for Device Instance ID PCI\VEN_8086&DEV_2F88&SUBSYS_00000000&REV_02\3&103A9D54&0&F8 with the following status: 0x0.

Event[425]:
  Log Name: System
  Source: Microsoft-Windows-UserPnp
  Date: 2017-06-01T14:59:22.300
  Event ID: 20001
  Task: N/A
  Level: Information
  Opcode: Info
  Keyword: N/A
  User: S-1-5-18
  User Name: NT AUTHORITY\SYSTEM
  Computer: DESKTOP-NGQE08I
  Description: 
Driver Management concluded the process to install driver haswellesystem.inf_amd64_8c3b192712fbc4ae\haswellesystem.inf for Device Instance ID PCI\VEN_8086&DEV_2F8A&SUBSYS_00000000&REV_02\3&103A9D54&0&FA with the following status: 0x0.

Event[426]:
  Log Name: System
  Source: Microsoft-Windows-UserPnp
  Date: 2017-06-01T14:59:22.518
  Event ID: 20001
  Task: N/A
  Level: Information
  Opcode: Info
  Keyword: N/A
  User: S-1-5-18
  User Name: NT AUTHORITY\SYSTEM
  Computer: DESKTOP-NGQE08I
  Description: 
Driver Management concluded the process to install driver haswellesystem.inf_amd64_8c3b192712fbc4ae\haswellesystem.inf for Device Instance ID PCI\VEN_8086&DEV_2F98&SUBSYS_2F988086&REV_02\3&103A9D54&0&F0 with the following status: 0x0.

Event[427]:
  Log Name: System
  Source: Microsoft-Windows-UserPnp
  Date: 2017-06-01T14:59:22.817
  Event ID: 20001
  Task: N/A
  Level: Information
  Opcode: Info
  Keyword: N/A
  User: S-1-5-18
  User Name: NT AUTHORITY\SYSTEM
  Computer: DESKTOP-NGQE08I
  Description: 
Driver Management concluded the process to install driver haswellesystem.inf_amd64_8c3b192712fbc4ae\haswellesystem.inf for Device Instance ID PCI\VEN_8086&DEV_2F9A&SUBSYS_2F9A8086&REV_02\3&103A9D54&0&F2 with the following status: 0x0.

Event[428]:
  Log Name: System
  Source: Microsoft-Windows-UserPnp
  Date: 2017-06-01T14:59:23.024
  Event ID: 20001
  Task: N/A
  Level: Information
  Opcode: Info
  Keyword: N/A
  User: S-1-5-18
  User Name: NT AUTHORITY\SYSTEM
  Computer: DESKTOP-NGQE08I
  Description: 
Driver Management concluded the process to install driver haswellesystem.inf_amd64_8c3b192712fbc4ae\haswellesystem.inf for Device Instance ID PCI\VEN_8086&DEV_2F9C&SUBSYS_2F9C8086&REV_02\3&103A9D54&0&F4 with the following status: 0x0.

Event[429]:
  Log Name: System
  Source: Microsoft-Windows-UserPnp
  Date: 2017-06-01T14:59:23.265
  Event ID: 20001
  Task: N/A
  Level: Information
  Opcode: Info
  Keyword: N/A
  User: S-1-5-18
  User Name: NT AUTHORITY\SYSTEM
  Computer: DESKTOP-NGQE08I
  Description: 
Driver Management concluded the process to install driver haswellesystem.inf_amd64_8c3b192712fbc4ae\haswellesystem.inf for Device Instance ID PCI\VEN_8086&DEV_2FA0&SUBSYS_2FA08086&REV_02\3&103A9D54&0&90 with the following status: 0x0.

Event[430]:
