  Log Name: System
  Source: Service Control Manager
  Date: 2017-06-01T15:00:51.162
  Event ID: 7026
  Task: N/A
  Level: Information
  Opcode: N/A
  Keyword: Classic
  User: N/A
  User Name: N/A
  Computer: DESKTOP-NGQE08I
  Description: 
The following boot-start or system-start driver(s) did not load: 
dam

Event[542]:
  Log Name: System
  Source: Microsoft-Windows-Winlogon
  Date: 2017-06-01T15:00:57.830
  Event ID: 7001
  Task: N/A
  Level: Information
  Opcode: Info
  Keyword: N/A
  User: S-1-5-18
  User Name: NT AUTHORITY\SYSTEM
  Computer: DESKTOP-NGQE08I
  Description: 
User Log-on Notification for Customer Experience Improvement Program

Event[543]:
  Log Name: System
  Source: Microsoft-Windows-WindowsUpdateClient
  Date: 2017-06-01T15:01:05.754
  Event ID: 44
  Task: Windows Update Agent
  Level: Information
  Opcode: Download
  Keyword: Download,Started
  User: S-1-5-18
  User Name: NT AUTHORITY\SYSTEM
  Computer: DESKTOP-NGQE08I
  Description: 
Windows Update started downloading an update.

Event[544]:
  Log Name: System
  Source: Microsoft-Windows-WindowsUpdateClient
  Date: 2017-06-01T15:01:11.138
  Event ID: 44
  Task: Windows Update Agent
  Level: Information
  Opcode: Download
  Keyword: Download,Started
  User: S-1-5-18
  User Name: NT AUTHORITY\SYSTEM
  Computer: DESKTOP-NGQE08I
  Description: 
Windows Update started downloading an update.

Event[545]:
  Log Name: System
  Source: Microsoft-Windows-DriverFrameworks-UserMode
  Date: 2017-06-01T15:01:16.486
  Event ID: 10000
  Task: Installation or update of device drivers.
  Level: Information
  Opcode: Start
  Keyword: N/A
  User: S-1-5-18
  User Name: NT AUTHORITY\SYSTEM
  Computer: DESKTOP-NGQE08I
  Description: 
A driver package which uses user-mode driver framework version 2.21.0 is being installed on device ACPI\PNP0A0A\2&DABA3FF&0.

Event[546]:
  Log Name: System
  Source: Microsoft-Windows-DriverFrameworks-UserMode
  Date: 2017-06-01T15:01:16.488
  Event ID: 10001
  Task: Installation or update of device drivers.
  Level: Information
  Opcode: Info
  Keyword: N/A
  User: S-1-5-18
  User Name: NT AUTHORITY\SYSTEM
  Computer: DESKTOP-NGQE08I
  Description: 
The UMDF service ASMBSW (CLSID {D44F49EC-2488-4542-A772-F358EF040213}) was installed.  It requires framework version 2.21.0 or higher.

Event[547]:
  Log Name: System
  Source: Microsoft-Windows-DriverFrameworks-UserMode
  Date: 2017-06-01T15:01:16.618
  Event ID: 10100
  Task: Installation or update of device drivers.
  Level: Information
  Opcode: Stop
  Keyword: N/A
  User: S-1-5-18
  User Name: NT AUTHORITY\SYSTEM
  Computer: DESKTOP-NGQE08I
  Description: 
The driver package installation has succeeded.

Event[548]:
  Log Name: System
  Source: Service Control Manager
  Date: 2017-06-01T15:01:16.660
  Event ID: 7045
  Task: N/A
  Level: Information
  Opcode: N/A
  Keyword: Classic
  User: S-1-5-18
  User Name: NT AUTHORITY\SYSTEM
  Computer: DESKTOP-NGQE08I
  Description: 
A service was installed in the system.

Service Name:  AsIO
Service File Name:  SysWow64\drivers\AsIO.sys
Service Type:  kernel mode driver
Service Start Type:  system start
Service Account:  

Event[549]:
  Log Name: System
  Source: Service Control Manager
  Date: 2017-06-01T15:01:17.206
  Event ID: 7045
  Task: N/A
  Level: Information
  Opcode: N/A
  Keyword: Classic
  User: S-1-5-18
  User Name: NT AUTHORITY\SYSTEM
  Computer: DESKTOP-NGQE08I
  Description: 
A service was installed in the system.

Service Name:  ASUS Com Service
Service File Name:  C:\Program Files (x86)\ASUS\AXSP\1.01.02\atkexComSvc.exe
Service Type:  user mode service
Service Start Type:  auto start
Service Account:  LocalSystem

Event[550]:
  Log Name: System
  Source: Microsoft-Windows-WindowsUpdateClient
  Date: 2017-06-01T15:01:20.269
  Event ID: 43
  Task: Windows Update Agent
  Level: Information
  Opcode: Installation
  Keyword: Installation,Started
  User: S-1-5-18
  User Name: NT AUTHORITY\SYSTEM
  Computer: DESKTOP-NGQE08I
  Description: 
Installation Started: Windows has started installing the following update: ASUSTeK Computer Inc. - System - 6/27/2013 12:00:00 AM - 1.0.0.0

Event[551]:
  Log Name: System
  Source: Microsoft-Windows-UserPnp
  Date: 2017-06-01T15:01:20.855
  Event ID: 20003
  Task: N/A
  Level: Information
  Opcode: Info
  Keyword: N/A
  User: S-1-5-18
  User Name: NT AUTHORITY\SYSTEM
  Computer: DESKTOP-NGQE08I
  Description: 
Driver Management has concluded the process to add Service WUDFRd for Device Instance ID ACPI\PNP0A0A\2&DABA3FF&0 with the following status: 0.

Event[552]:
  Log Name: System
  Source: Microsoft-Windows-UserPnp
  Date: 2017-06-01T15:01:20.917
  Event ID: 20001
  Task: N/A
  Level: Information
  Opcode: Info
  Keyword: N/A
  User: S-1-5-18
  User Name: NT AUTHORITY\SYSTEM
  Computer: DESKTOP-NGQE08I
  Description: 
Driver Management concluded the process to install driver asmbsw.inf_amd64_5f6fc21717202d29\asmbsw.inf for Device Instance ID ACPI\PNP0A0A\2&DABA3FF&0 with the following status: 0x0.

Event[553]:
  Log Name: System
  Source: Microsoft-Windows-WindowsUpdateClient
  Date: 2017-06-01T15:01:25.958
  Event ID: 19
  Task: Windows Update Agent
  Level: Information
  Opcode: Installation
  Keyword: Installation,Success
  User: S-1-5-18
  User Name: NT AUTHORITY\SYSTEM
  Computer: DESKTOP-NGQE08I
  Description: 
Installation Successful: Windows successfully installed the following update: ASUSTeK Computer Inc. - System - 6/27/2013 12:00:00 AM - 1.0.0.0

Event[554]:
  Log Name: System
  Source: Microsoft-Windows-Kernel-General
  Date: 2017-06-01T15:01:29.132
  Event ID: 16
  Task: N/A
  Level: Information
  Opcode: Info
  Keyword: N/A
  User: S-1-5-21-1441030301-2801777419-3013317047-1001
  User Name: DESKTOP-NGQE08I\organ
  Computer: DESKTOP-NGQE08I
  Description: 
The access history in hive \??\C:\Users\organ\AppData\Local\Packages\Microsoft.PPIProjection_cw5n1h2txyewy\Settings\settings.dat was cleared updating 3 keys and creating 1 modified pages.

Event[555]:
  Log Name: System
  Source: Microsoft-Windows-Kernel-General
  Date: 2017-06-01T15:01:29.294
  Event ID: 16
  Task: N/A
  Level: Information
  Opcode: Info
  Keyword: N/A
  User: S-1-5-21-1441030301-2801777419-3013317047-1001
  User Name: DESKTOP-NGQE08I\organ
  Computer: DESKTOP-NGQE08I
  Description: 
The access history in hive \??\C:\Users\organ\AppData\Local\Packages\Windows.PrintDialog_cw5n1h2txyewy\Settings\settings.dat was cleared updating 3 keys and creating 1 modified pages.

Event[556]:
  Log Name: System
  Source: Microsoft-Windows-Kernel-General
  Date: 2017-06-01T15:01:29.431
  Event ID: 16
  Task: N/A
  Level: Information
  Opcode: Info
  Keyword: N/A
  User: S-1-5-21-1441030301-2801777419-3013317047-1001
  User Name: DESKTOP-NGQE08I\organ
  Computer: DESKTOP-NGQE08I
  Description: 
The access history in hive \??\C:\Users\organ\AppData\Local\Packages\DesktopLearning_cw5n1h2txyewy\Settings\settings.dat was cleared updating 3 keys and creating 1 modified pages.

Event[557]:
  Log Name: System
  Source: Microsoft-Windows-Kernel-General
  Date: 2017-06-01T15:01:29.586
  Event ID: 16
  Task: N/A
  Level: Information
  Opcode: Info
  Keyword: N/A
  User: S-1-5-21-1441030301-2801777419-3013317047-1001
  User Name: DESKTOP-NGQE08I\organ
  Computer: DESKTOP-NGQE08I
  Description: 
The access history in hive \??\C:\Users\organ\AppData\Local\Packages\Microsoft.Windows.SecHealthUI_cw5n1h2txyewy\Settings\settings.dat was cleared updating 3 keys and creating 1 modified pages.

Event[558]:
  Log Name: System
  Source: Microsoft-Windows-Kernel-General
  Date: 2017-06-01T15:01:29.742
  Event ID: 16
  Task: N/A
  Level: Information
  Opcode: Info
  Keyword: N/A
  User: S-1-5-21-1441030301-2801777419-3013317047-1001
  User Name: DESKTOP-NGQE08I\organ
  Computer: DESKTOP-NGQE08I
  Description: 
The access history in hive \??\C:\Users\organ\AppData\Local\Packages\c5e2524a-ea46-4f67-841f-6a9465d9d515_cw5n1h2txyewy\Settings\settings.dat was cleared updating 3 keys and creating 1 modified pages.

Event[559]:
  Log Name: System
  Source: Microsoft-Windows-Kernel-General
  Date: 2017-06-01T15:01:29.892
  Event ID: 16
  Task: N/A
  Level: Information
  Opcode: Info
  Keyword: N/A
  User: S-1-5-21-1441030301-2801777419-3013317047-1001
  User Name: DESKTOP-NGQE08I\organ
  Computer: DESKTOP-NGQE08I
  Description: 
The access history in hive \??\C:\Users\organ\AppData\Local\Packages\Microsoft.Windows.SecondaryTileExperience_cw5n1h2txyewy\Settings\settings.dat was cleared updating 3 keys and creating 1 modified pages.

Event[560]:
  Log Name: System
  Source: Microsoft-Windows-Kernel-General
  Date: 2017-06-01T15:01:30.036
  Event ID: 16
  Task: N/A
  Level: Information
  Opcode: Info
  Keyword: N/A
  User: S-1-5-21-1441030301-2801777419-3013317047-1001
  User Name: DESKTOP-NGQE08I\organ
  Computer: DESKTOP-NGQE08I
  Description: 
The access history in hive \??\C:\Users\organ\AppData\Local\Packages\Windows.MiracastView_cw5n1h2txyewy\Settings\settings.dat was cleared updating 3 keys and creating 1 modified pages.

Event[561]:
  Log Name: System
  Source: Microsoft-Windows-Kernel-General
  Date: 2017-06-01T15:01:30.205
  Event ID: 16
  Task: N/A
  Level: Information
  Opcode: Info
  Keyword: N/A
  User: S-1-5-21-1441030301-2801777419-3013317047-1001
  User Name: DESKTOP-NGQE08I\organ
  Computer: DESKTOP-NGQE08I
  Description: 
The access history in hive \??\C:\Users\organ\AppData\Local\Packages\Windows.ContactSupport_cw5n1h2txyewy\Settings\settings.dat was cleared updating 3 keys and creating 1 modified pages.

Event[562]:
  Log Name: System
  Source: Microsoft-Windows-Kernel-General
  Date: 2017-06-01T15:01:30.388
  Event ID: 16
  Task: N/A
  Level: Information
  Opcode: Info
  Keyword: N/A
  User: S-1-5-21-1441030301-2801777419-3013317047-1001
  User Name: DESKTOP-NGQE08I\organ
  Computer: DESKTOP-NGQE08I
  Description: 
The access history in hive \??\C:\Users\organ\AppData\Local\Packages\Microsoft.Windows.SecureAssessmentBrowser_cw5n1h2txyewy\Settings\settings.dat was cleared updating 3 keys and creating 1 modified pages.

Event[563]:
  Log Name: System
  Source: Microsoft-Windows-Kernel-General
  Date: 2017-06-01T15:01:30.544
  Event ID: 16
  Task: N/A
  Level: Information
  Opcode: Info
  Keyword: N/A
  User: S-1-5-21-1441030301-2801777419-3013317047-1001
  User Name: DESKTOP-NGQE08I\organ
  Computer: DESKTOP-NGQE08I
  Description: 
The access history in hive \??\C:\Users\organ\AppData\Local\Packages\Microsoft.Windows.ParentalControls_cw5n1h2txyewy\Settings\settings.dat was cleared updating 3 keys and creating 1 modified pages.

Event[564]:
  Log Name: System
  Source: Microsoft-Windows-Kernel-General
  Date: 2017-06-01T15:01:30.694
  Event ID: 16
  Task: N/A
  Level: Information
  Opcode: Info
  Keyword: N/A
  User: S-1-5-21-1441030301-2801777419-3013317047-1001
  User Name: DESKTOP-NGQE08I\organ
  Computer: DESKTOP-NGQE08I
  Description: 
The access history in hive \??\C:\Users\organ\AppData\Local\Packages\Microsoft.Windows.WindowPicker_cw5n1h2txyewy\Settings\settings.dat was cleared updating 3 keys and creating 1 modified pages.

Event[565]:
  Log Name: System
  Source: Microsoft-Windows-Kernel-General
  Date: 2017-06-01T15:01:30.845
  Event ID: 16
  Task: N/A
  Level: Information
  Opcode: Info
  Keyword: N/A
  User: S-1-5-21-1441030301-2801777419-3013317047-1001
  User Name: DESKTOP-NGQE08I\organ
  Computer: DESKTOP-NGQE08I
  Description: 
The access history in hive \??\C:\Users\organ\AppData\Local\Packages\Microsoft.Windows.OOBENetworkConnectionFlow_cw5n1h2txyewy\Settings\settings.dat was cleared updating 3 keys and creating 1 modified pages.

Event[566]:
  Log Name: System
  Source: Microsoft-Windows-Kernel-General
  Date: 2017-06-01T15:01:30.997
  Event ID: 16
  Task: N/A
  Level: Information
  Opcode: Info
  Keyword: N/A
  User: S-1-5-21-1441030301-2801777419-3013317047-1001
  User Name: DESKTOP-NGQE08I\organ
  Computer: DESKTOP-NGQE08I
  Description: 
The access history in hive \??\C:\Users\organ\AppData\Local\Packages\Microsoft.Windows.Apprep.ChxApp_cw5n1h2txyewy\Settings\settings.dat was cleared updating 3 keys and creating 1 modified pages.

Event[567]:
  Log Name: System
  Source: Microsoft-Windows-Kernel-General
  Date: 2017-06-01T15:01:31.149
  Event ID: 16
  Task: N/A
  Level: Information
  Opcode: Info
  Keyword: N/A
  User: S-1-5-21-1441030301-2801777419-3013317047-1001
  User Name: DESKTOP-NGQE08I\organ
  Computer: DESKTOP-NGQE08I
  Description: 
The access history in hive \??\C:\Users\organ\AppData\Local\Packages\Microsoft.Windows.HolographicFirstRun_cw5n1h2txyewy\Settings\settings.dat was cleared updating 3 keys and creating 1 modified pages.

Event[568]:
  Log Name: System
  Source: Microsoft-Windows-Kernel-General
  Date: 2017-06-01T15:01:31.316
  Event ID: 16
  Task: N/A
  Level: Information
  Opcode: Info
  Keyword: N/A
  User: S-1-5-21-1441030301-2801777419-3013317047-1001
  User Name: DESKTOP-NGQE08I\organ
  Computer: DESKTOP-NGQE08I
  Description: 
The access history in hive \??\C:\Users\organ\AppData\Local\Packages\Microsoft.Windows.OOBENetworkCaptivePortal_cw5n1h2txyewy\Settings\settings.dat was cleared updating 3 keys and creating 1 modified pages.

Event[569]:
  Log Name: System
  Source: Microsoft-Windows-Kernel-General
  Date: 2017-06-01T15:01:31.481
  Event ID: 16
  Task: N/A
  Level: Information
  Opcode: Info
  Keyword: N/A
  User: S-1-5-21-1441030301-2801777419-3013317047-1001
  User Name: DESKTOP-NGQE08I\organ
  Computer: DESKTOP-NGQE08I
  Description: 
The access history in hive \??\C:\Users\organ\AppData\Local\Packages\1527c705-839a-4832-9118-54d4Bd6a0c89_cw5n1h2txyewy\Settings\settings.dat was cleared updating 3 keys and creating 1 modified pages.

Event[570]:
  Log Name: System
  Source: Microsoft-Windows-Kernel-General
  Date: 2017-06-01T15:01:31.635
  Event ID: 16
  Task: N/A
  Level: Information
  Opcode: Info
  Keyword: N/A
  User: S-1-5-21-1441030301-2801777419-3013317047-1001
  User Name: DESKTOP-NGQE08I\organ
  Computer: DESKTOP-NGQE08I
  Description: 
The access history in hive \??\C:\Users\organ\AppData\Local\Packages\CortanaListenUIApp_cw5n1h2txyewy\Settings\settings.dat was cleared updating 3 keys and creating 1 modified pages.

Event[571]:
  Log Name: System
  Source: Microsoft-Windows-Kernel-General
  Date: 2017-06-01T15:01:31.789
  Event ID: 16
  Task: N/A
  Level: Information
  Opcode: Info
  Keyword: N/A
  User: S-1-5-21-1441030301-2801777419-3013317047-1001
  User Name: DESKTOP-NGQE08I\organ
  Computer: DESKTOP-NGQE08I
  Description: 
The access history in hive \??\C:\Users\organ\AppData\Local\Packages\DesktopView_cw5n1h2txyewy\Settings\settings.dat was cleared updating 3 keys and creating 1 modified pages.

Event[572]:
  Log Name: System
  Source: Microsoft-Windows-Kernel-General
  Date: 2017-06-01T15:01:31.952
  Event ID: 16
  Task: N/A
  Level: Information
  Opcode: Info
  Keyword: N/A
  User: S-1-5-21-1441030301-2801777419-3013317047-1001
  User Name: DESKTOP-NGQE08I\organ
  Computer: DESKTOP-NGQE08I
  Description: 
The access history in hive \??\C:\Users\organ\AppData\Local\Packages\E2A4F912-2574-4A75-9BB0-0D023378592B_cw5n1h2txyewy\Settings\settings.dat was cleared updating 3 keys and creating 1 modified pages.

Event[573]:
  Log Name: System
  Source: Microsoft-Windows-Kernel-General
  Date: 2017-06-01T15:01:32.105
  Event ID: 16
  Task: N/A
  Level: Information
  Opcode: Info
  Keyword: N/A
  User: S-1-5-21-1441030301-2801777419-3013317047-1001
  User Name: DESKTOP-NGQE08I\organ
  Computer: DESKTOP-NGQE08I
  Description: 
The access history in hive \??\C:\Users\organ\AppData\Local\Packages\EnvironmentsApp_cw5n1h2txyewy\Settings\settings.dat was cleared updating 3 keys and creating 1 modified pages.

Event[574]:
  Log Name: System
  Source: Microsoft-Windows-Kernel-General
  Date: 2017-06-01T15:01:32.259
  Event ID: 16
  Task: N/A
  Level: Information
  Opcode: Info
  Keyword: N/A
  User: S-1-5-21-1441030301-2801777419-3013317047-1001
  User Name: DESKTOP-NGQE08I\organ
  Computer: DESKTOP-NGQE08I
  Description: 
The access history in hive \??\C:\Users\organ\AppData\Local\Packages\HoloCamera_cw5n1h2txyewy\Settings\settings.dat was cleared updating 3 keys and creating 1 modified pages.

Event[575]:
  Log Name: System
  Source: Microsoft-Windows-Kernel-General
  Date: 2017-06-01T15:01:32.421
  Event ID: 16
  Task: N/A
  Level: Information
  Opcode: Info
  Keyword: N/A
  User: S-1-5-21-1441030301-2801777419-3013317047-1001
  User Name: DESKTOP-NGQE08I\organ
  Computer: DESKTOP-NGQE08I
  Description: 
The access history in hive \??\C:\Users\organ\AppData\Local\Packages\HoloItemPlayerApp_cw5n1h2txyewy\Settings\settings.dat was cleared updating 3 keys and creating 1 modified pages.

Event[576]:
  Log Name: System
  Source: Microsoft-Windows-Kernel-General
  Date: 2017-06-01T15:01:32.581
  Event ID: 16
  Task: N/A
  Level: Information
  Opcode: Info
  Keyword: N/A
  User: S-1-5-21-1441030301-2801777419-3013317047-1001
  User Name: DESKTOP-NGQE08I\organ
  Computer: DESKTOP-NGQE08I
  Description: 
The access history in hive \??\C:\Users\organ\AppData\Local\Packages\HoloShell_cw5n1h2txyewy\Settings\settings.dat was cleared updating 3 keys and creating 1 modified pages.

Event[577]:
  Log Name: System
  Source: Microsoft-Windows-Kernel-General
  Date: 2017-06-01T15:01:32.739
  Event ID: 16
  Task: N/A
  Level: Information
  Opcode: Info
  Keyword: N/A
  User: S-1-5-21-1441030301-2801777419-3013317047-1001
  User Name: DESKTOP-NGQE08I\organ
  Computer: DESKTOP-NGQE08I
  Description: 
The access history in hive \??\C:\Users\organ\AppData\Local\Packages\Microsoft.Windows.ModalSharePickerHost_cw5n1h2txyewy\Settings\settings.dat was cleared updating 3 keys and creating 1 modified pages.

Event[578]:
  Log Name: System
  Source: Microsoft-Windows-Kernel-General
  Date: 2017-06-01T15:01:32.891
  Event ID: 16
  Task: N/A
  Level: Information
  Opcode: Info
  Keyword: N/A
  User: S-1-5-21-1441030301-2801777419-3013317047-1001
  User Name: DESKTOP-NGQE08I\organ
  Computer: DESKTOP-NGQE08I
  Description: 
The access history in hive \??\C:\Users\organ\AppData\Local\Packages\Microsoft.XboxGameCallableUI_cw5n1h2txyewy\Settings\settings.dat was cleared updating 3 keys and creating 1 modified pages.

Event[579]:
  Log Name: System
  Source: Microsoft-Windows-Kernel-General
  Date: 2017-06-01T15:01:33.046
  Event ID: 16
  Task: N/A
  Level: Information
  Opcode: Info
  Keyword: N/A
  User: S-1-5-21-1441030301-2801777419-3013317047-1001
  User Name: DESKTOP-NGQE08I\organ
  Computer: DESKTOP-NGQE08I
  Description: 
The access history in hive \??\C:\Users\organ\AppData\Local\Packages\Microsoft.Windows.AssignedAccessLockApp_cw5n1h2txyewy\Settings\settings.dat was cleared updating 3 keys and creating 1 modified pages.

Event[580]:
  Log Name: System
  Source: Microsoft-Windows-Kernel-General
  Date: 2017-06-01T15:01:33.204
  Event ID: 16
  Task: N/A
  Level: Information
  Opcode: Info
  Keyword: N/A
  User: S-1-5-21-1441030301-2801777419-3013317047-1001
  User Name: DESKTOP-NGQE08I\organ
  Computer: DESKTOP-NGQE08I
  Description: 
The access history in hive \??\C:\Users\organ\AppData\Local\Packages\Microsoft.LockApp_cw5n1h2txyewy\Settings\settings.dat was cleared updating 3 keys and creating 1 modified pages.

Event[581]:
  Log Name: System
  Source: Microsoft-Windows-Kernel-General
  Date: 2017-06-01T15:01:33.354
  Event ID: 16
  Task: N/A
  Level: Information
  Opcode: Info
  Keyword: N/A
  User: S-1-5-21-1441030301-2801777419-3013317047-1001
  User Name: DESKTOP-NGQE08I\organ
  Computer: DESKTOP-NGQE08I
  Description: 
The access history in hive \??\C:\Users\organ\AppData\Local\Packages\Microsoft.CredDialogHost_cw5n1h2txyewy\Settings\settings.dat was cleared updating 3 keys and creating 1 modified pages.

Event[582]:
  Log Name: System
  Source: Microsoft-Windows-Kernel-General
  Date: 2017-06-01T15:01:33.506
  Event ID: 16
  Task: N/A
  Level: Information
  Opcode: Info
  Keyword: N/A
  User: S-1-5-21-1441030301-2801777419-3013317047-1001
  User Name: DESKTOP-NGQE08I\organ
  Computer: DESKTOP-NGQE08I
  Description: 
The access history in hive \??\C:\Users\organ\AppData\Local\Packages\Microsoft.BioEnrollment_cw5n1h2txyewy\Settings\settings.dat was cleared updating 3 keys and creating 1 modified pages.

Event[583]:
  Log Name: System
  Source: Microsoft-Windows-Kernel-General
  Date: 2017-06-01T15:01:33.665
  Event ID: 16
  Task: N/A
  Level: Information
  Opcode: Info
  Keyword: N/A
  User: S-1-5-21-1441030301-2801777419-3013317047-1001
  User Name: DESKTOP-NGQE08I\organ
  Computer: DESKTOP-NGQE08I
  Description: 
The access history in hive \??\C:\Users\organ\AppData\Local\Packages\Microsoft.AccountsControl_cw5n1h2txyewy\Settings\settings.dat was cleared updating 3 keys and creating 1 modified pages.

Event[584]:
  Log Name: System
  Source: Microsoft-Windows-Kernel-General
  Date: 2017-06-01T15:01:35.164
  Event ID: 16
  Task: N/A
  Level: Information
  Opcode: Info
  Keyword: N/A
  User: S-1-5-21-1441030301-2801777419-3013317047-1001
  User Name: DESKTOP-NGQE08I\organ
  Computer: DESKTOP-NGQE08I
  Description: 
The access history in hive \??\C:\Users\organ\AppData\Local\Packages\Microsoft.WindowsAlarms_8wekyb3d8bbwe\Settings\settings.dat was cleared updating 3 keys and creating 1 modified pages.

Event[585]:
  Log Name: System
  Source: Microsoft-Windows-Kernel-General
  Date: 2017-06-01T15:01:36.548
  Event ID: 16
  Task: N/A
  Level: Information
  Opcode: Info
  Keyword: N/A
  User: S-1-5-21-1441030301-2801777419-3013317047-1001
  User Name: DESKTOP-NGQE08I\organ
  Computer: DESKTOP-NGQE08I
  Description: 
The access history in hive \??\C:\Users\organ\AppData\Local\Packages\Microsoft.XboxApp_8wekyb3d8bbwe\Settings\settings.dat was cleared updating 3 keys and creating 1 modified pages.

Event[586]:
  Log Name: System
  Source: Microsoft-Windows-Kernel-General
  Date: 2017-06-01T15:01:54.800
  Event ID: 16
  Task: N/A
  Level: Information
  Opcode: Info
  Keyword: N/A
  User: S-1-5-21-1441030301-2801777419-3013317047-1001
  User Name: DESKTOP-NGQE08I\organ
  Computer: DESKTOP-NGQE08I
  Description: 
The access history in hive \??\C:\Users\organ\AppData\Local\Packages\microsoft.windowsmaps_8wekyb3d8bbwe\Settings\settings.dat was cleared updating 3 keys and creating 1 modified pages.

Event[587]:
  Log Name: System
  Source: Microsoft-Windows-DistributedCOM
  Date: 2017-06-01T15:01:56.991
  Event ID: 10016
  Task: N/A
  Level: Error
  Opcode: Info
  Keyword: Classic
  User: S-1-5-19
  User Name: NT AUTHORITY\LOCAL SERVICE
  Computer: DESKTOP-NGQE08I
  Description: 
The application-specific permission settings do not grant Local Activation permission for the COM Server application with CLSID 
{6B3B8D23-FA8D-40B9-8DBD-B950333E2C52}
 and APPID 
{4839DDB7-58C2-48F5-8283-E1D1807D0D7D}
 to the user NT AUTHORITY\LOCAL SERVICE SID (S-1-5-19) from address LocalHost (Using LRPC) running in the application container Unavailable SID (Unavailable). This security permission can be modified using the Component Services administrative tool.

Event[588]:
  Log Name: System
  Source: Microsoft-Windows-DistributedCOM
  Date: 2017-06-01T15:01:56.991
  Event ID: 10016
  Task: N/A
  Level: Error
  Opcode: Info
  Keyword: Classic
  User: S-1-5-19
  User Name: NT AUTHORITY\LOCAL SERVICE
  Computer: DESKTOP-NGQE08I
  Description: 
The machine-default permission settings do not grant Local Activation permission for the COM Server application with CLSID 
{C2F03A33-21F5-47FA-B4BB-156362A2F239}
 and APPID 
{316CDED5-E4AE-4B15-9113-7055D84DCC97}
 to the user NT AUTHORITY\LOCAL SERVICE SID (S-1-5-19) from address LocalHost (Using LRPC) running in the application container Unavailable SID (Unavailable). This security permission can be modified using the Component Services administrative tool.

Event[589]:
  Log Name: System
  Source: Microsoft-Windows-DistributedCOM
  Date: 2017-06-01T15:01:56.991
  Event ID: 10016
  Task: N/A
  Level: Error
  Opcode: Info
  Keyword: Classic
  User: S-1-5-19
  User Name: NT AUTHORITY\LOCAL SERVICE
  Computer: DESKTOP-NGQE08I
  Description: 
The application-specific permission settings do not grant Local Activation permission for the COM Server application with CLSID 
{6B3B8D23-FA8D-40B9-8DBD-B950333E2C52}
 and APPID 
{4839DDB7-58C2-48F5-8283-E1D1807D0D7D}
 to the user NT AUTHORITY\LOCAL SERVICE SID (S-1-5-19) from address LocalHost (Using LRPC) running in the application container Unavailable SID (Unavailable). This security permission can be modified using the Component Services administrative tool.

Event[590]:
  Log Name: System
  Source: Microsoft-Windows-DistributedCOM
  Date: 2017-06-01T15:01:56.991
  Event ID: 10016
  Task: N/A
  Level: Error
  Opcode: Info
  Keyword: Classic
  User: S-1-5-19
  User Name: NT AUTHORITY\LOCAL SERVICE
  Computer: DESKTOP-NGQE08I
  Description: 
The machine-default permission settings do not grant Local Activation permission for the COM Server application with CLSID 
{C2F03A33-21F5-47FA-B4BB-156362A2F239}
 and APPID 
{316CDED5-E4AE-4B15-9113-7055D84DCC97}
 to the user NT AUTHORITY\LOCAL SERVICE SID (S-1-5-19) from address LocalHost (Using LRPC) running in the application container Unavailable SID (Unavailable). This security permission can be modified using the Component Services administrative tool.

Event[591]:
  Log Name: System
  Source: Microsoft-Windows-Kernel-General
  Date: 2017-06-01T15:02:04.640
  Event ID: 16
  Task: N/A
  Level: Information
  Opcode: Info
  Keyword: N/A
  User: S-1-5-21-1441030301-2801777419-3013317047-1001
  User Name: DESKTOP-NGQE08I\organ
  Computer: DESKTOP-NGQE08I
  Description: 
The access history in hive \??\C:\Users\organ\AppData\Local\Packages\microsoft.microsoftstickynotes_8wekyb3d8bbwe\Settings\settings.dat was cleared updating 3 keys and creating 1 modified pages.

Event[592]:
  Log Name: System
  Source: Microsoft-Windows-Kernel-General
  Date: 2017-06-01T15:02:05.941
  Event ID: 16
  Task: N/A
  Level: Information
  Opcode: Info
  Keyword: N/A
  User: S-1-5-21-1441030301-2801777419-3013317047-1001
  User Name: DESKTOP-NGQE08I\organ
  Computer: DESKTOP-NGQE08I
  Description: 
The access history in hive \??\C:\Users\organ\AppData\Local\Packages\Microsoft.MicrosoftOfficeHub_8wekyb3d8bbwe\Settings\settings.dat was cleared updating 3 keys and creating 1 modified pages.

Event[593]:
  Log Name: System
  Source: Lfsvc
  Date: 2017-06-01T15:02:15.491
  Event ID: 1
  Task: N/A
  Level: Information
  Opcode: Info
  Keyword: Classic
  User: N/A
  User Name: N/A
  Computer: DESKTOP-NGQE08I
  Description: 
Geolocation positioning is enabled.

Event[594]:
  Log Name: System
  Source: Microsoft-Windows-Kernel-General
  Date: 2017-06-01T15:02:14.880
  Event ID: 16
  Task: N/A
  Level: Information
  Opcode: Info
  Keyword: N/A
  User: S-1-5-21-1441030301-2801777419-3013317047-1001
  User Name: DESKTOP-NGQE08I\organ
  Computer: DESKTOP-NGQE08I
  Description: 
The access history in hive \??\C:\Users\organ\AppData\Local\Packages\microsoft.bingweather_8wekyb3d8bbwe\Settings\settings.dat was cleared updating 3 keys and creating 1 modified pages.

Event[595]:
  Log Name: System
  Source: Microsoft-Windows-WindowsUpdateClient
  Date: 2017-06-01T15:02:46.429
  Event ID: 43
  Task: Windows Update Agent
  Level: Information
  Opcode: Installation
  Keyword: Installation,Started
  User: S-1-5-18
  User Name: NT AUTHORITY\SYSTEM
  Computer: DESKTOP-NGQE08I
  Description: 
Installation Started: Windows has started installing the following update: NVIDIA - Display - 5/1/2017 12:00:00 AM - 22.21.13.8205

Event[596]:
  Log Name: System
  Source: Service Control Manager
  Date: 2017-06-01T15:03:06.179
  Event ID: 7045
  Task: N/A
  Level: Information
  Opcode: N/A
  Keyword: Classic
  User: S-1-5-18
  User Name: NT AUTHORITY\SYSTEM
  Computer: DESKTOP-NGQE08I
  Description: 
A service was installed in the system.

Service Name:  nvlddmkm
Service File Name:  \SystemRoot\System32\DriverStore\FileRepository\nv_ref_pubwu.inf_amd64_f9309145156afb40\nvlddmkm.sys
Service Type:  kernel mode driver
Service Start Type:  demand start
Service Account:  

Event[597]:
  Log Name: System
  Source: Microsoft-Windows-UserPnp
  Date: 2017-06-01T15:03:06.195
  Event ID: 20003
  Task: N/A
  Level: Information
  Opcode: Info
  Keyword: N/A
  User: S-1-5-18
  User Name: NT AUTHORITY\SYSTEM
  Computer: DESKTOP-NGQE08I
  Description: 
Driver Management has concluded the process to add Service nvlddmkm for Device Instance ID PCI\VEN_10DE&DEV_17C8&SUBSYS_115110DE&REV_A1\4&31024D2F&0&0018 with the following status: 0.

Event[598]:
  Log Name: System
  Source: Microsoft-Windows-UserPnp
  Date: 2017-06-01T15:03:07.083
  Event ID: 20001
  Task: N/A
  Level: Information
  Opcode: Info
  Keyword: N/A
  User: S-1-5-18
  User Name: NT AUTHORITY\SYSTEM
  Computer: DESKTOP-NGQE08I
  Description: 
Driver Management concluded the process to install driver nv_ref_pubwu.inf_amd64_f9309145156afb40\nv_ref_pubwu.inf for Device Instance ID PCI\VEN_10DE&DEV_17C8&SUBSYS_115110DE&REV_A1\4&31024D2F&0&0018 with the following status: 0x0.

Event[599]:
  Log Name: System
  Source: Service Control Manager
  Date: 2017-06-01T15:03:07.547
  Event ID: 7045
  Task: N/A
  Level: Information
  Opcode: N/A
  Keyword: Classic
  User: S-1-5-18
  User Name: NT AUTHORITY\SYSTEM
  Computer: DESKTOP-NGQE08I
  Description: 
A service was installed in the system.

Service Name:  Service for NVIDIA High Definition Audio Driver
Service File Name:  \SystemRoot\system32\drivers\nvhda64v.sys
Service Type:  kernel mode driver
Service Start Type:  demand start
Service Account:  

Event[600]:
  Log Name: System
  Source: Microsoft-Windows-UserPnp
  Date: 2017-06-01T15:03:07.548
  Event ID: 20003
  Task: N/A
  Level: Information
  Opcode: Info
  Keyword: N/A
  User: S-1-5-18
  User Name: NT AUTHORITY\SYSTEM
  Computer: DESKTOP-NGQE08I
  Description: 
Driver Management has concluded the process to add Service NVHDA for Device Instance ID HDAUDIO\FUNC_01&VEN_10DE&DEV_0070&SUBSYS_10DE1151&REV_1001\5&2CC6AD20&0&0001 with the following status: 0.

Event[601]:
  Log Name: System
  Source: Microsoft-Windows-UserPnp
  Date: 2017-06-01T15:03:07.809
  Event ID: 20001
  Task: N/A
  Level: Information
  Opcode: Info
  Keyword: N/A
  User: S-1-5-18
  User Name: NT AUTHORITY\SYSTEM
  Computer: DESKTOP-NGQE08I
  Description: 
Driver Management concluded the process to install driver nvhda.inf_amd64_179715376f3cae4c\nvhda.inf for Device Instance ID HDAUDIO\FUNC_01&VEN_10DE&DEV_0070&SUBSYS_10DE1151&REV_1001\5&2CC6AD20&0&0001 with the following status: 0x0.

Event[602]:
  Log Name: System
  Source: Microsoft-Windows-WindowsUpdateClient
  Date: 2017-06-01T15:03:10.404
  Event ID: 44
  Task: Windows Update Agent
  Level: Information
  Opcode: Download
  Keyword: Download,Started
  User: S-1-5-18
  User Name: NT AUTHORITY\SYSTEM
  Computer: DESKTOP-NGQE08I
  Description: 
Windows Update started downloading an update.

Event[603]:
  Log Name: System
  Source: Microsoft-Windows-WindowsUpdateClient
  Date: 2017-06-01T15:03:10.404
  Event ID: 44
  Task: Windows Update Agent
  Level: Information
  Opcode: Download
  Keyword: Download,Started
  User: S-1-5-18
  User Name: NT AUTHORITY\SYSTEM
  Computer: DESKTOP-NGQE08I
  Description: 
Windows Update started downloading an update.

Event[604]:
  Log Name: System
  Source: Microsoft-Windows-WindowsUpdateClient
  Date: 2017-06-01T15:03:10.404
  Event ID: 19
  Task: Windows Update Agent
  Level: Information
  Opcode: Installation
  Keyword: Installation,Success
  User: S-1-5-18
  User Name: NT AUTHORITY\SYSTEM
  Computer: DESKTOP-NGQE08I
  Description: 
Installation Successful: Windows successfully installed the following update: NVIDIA - Display - 5/1/2017 12:00:00 AM - 22.21.13.8205

Event[605]:
  Log Name: System
  Source: Microsoft-Windows-WindowsUpdateClient
  Date: 2017-06-01T15:03:10.404
  Event ID: 43
  Task: Windows Update Agent
  Level: Information
  Opcode: Installation
  Keyword: Installation,Started
  User: S-1-5-18
  User Name: NT AUTHORITY\SYSTEM
  Computer: DESKTOP-NGQE08I
  Description: 
Installation Started: Windows has started installing the following update: NVIDIA - Display - 5/1/2017 12:00:00 AM - 22.21.13.8205

Event[606]:
  Log Name: System
  Source: Microsoft-Windows-WindowsUpdateClient
  Date: 2017-06-01T15:03:10.404
  Event ID: 44
  Task: Windows Update Agent
  Level: Information
  Opcode: Download
  Keyword: Download,Started
  User: S-1-5-18
  User Name: NT AUTHORITY\SYSTEM
  Computer: DESKTOP-NGQE08I
  Description: 
Windows Update started downloading an update.

Event[607]:
  Log Name: System
  Source: Microsoft-Windows-Kernel-General
  Date: 2017-06-01T15:03:18.396
  Event ID: 16
  Task: N/A
  Level: Information
  Opcode: Info
  Keyword: N/A
  User: S-1-5-18
  User Name: NT AUTHORITY\SYSTEM
  Computer: DESKTOP-NGQE08I
  Description: 
The access history in hive \??\C:\ProgramData\Microsoft\Windows\AppRepository\Packages\9E2F88E3.Twitter_5.7.1.0_x86__wgeqdkkx372wm\ActivationStore.dat was cleared updating 0 keys and creating 0 modified pages.

Event[608]:
  Log Name: System
  Source: Microsoft-Windows-WindowsUpdateClient
  Date: 2017-06-01T15:03:21.958
  Event ID: 20
  Task: Windows Update Agent
  Level: Error
  Opcode: Installation
  Keyword: Installation,Failure
  User: S-1-5-18
  User Name: NT AUTHORITY\SYSTEM
  Computer: DESKTOP-NGQE08I
  Description: 
Installation Failure: Windows failed to install the following update with error 0x80070103: NVIDIA - Display - 5/1/2017 12:00:00 AM - 22.21.13.8205.

Event[609]:
  Log Name: System
  Source: Microsoft-Windows-Kernel-General
  Date: 2017-06-01T15:03:22.151
  Event ID: 16
  Task: N/A
  Level: Information
  Opcode: Info
  Keyword: N/A
  User: S-1-5-18
  User Name: NT AUTHORITY\SYSTEM
  Computer: DESKTOP-NGQE08I
  Description: 
The access history in hive \??\C:\ProgramData\Microsoft\Windows\AppRepository\Packages\9E2F88E3.Twitter_5.7.1.0_x86__wgeqdkkx372wm\ActivationStore.dat was cleared updating 0 keys and creating 0 modified pages.

Event[610]:
  Log Name: System
  Source: Microsoft-Windows-Kernel-General
  Date: 2017-06-01T15:03:26.975
  Event ID: 16
  Task: N/A
  Level: Information
  Opcode: Info
  Keyword: N/A
  User: S-1-5-18
  User Name: NT AUTHORITY\SYSTEM
  Computer: DESKTOP-NGQE08I
  Description: 
The access history in hive \??\C:\ProgramData\Microsoft\Windows\AppRepository\Packages\Microsoft.BingNews_4.20.1102.0_x64__8wekyb3d8bbwe\ActivationStore.dat was cleared updating 0 keys and creating 0 modified pages.

Event[611]:
  Log Name: System
  Source: Microsoft-Windows-WindowsUpdateClient
  Date: 2017-06-01T15:03:27.146
  Event ID: 44
  Task: Windows Update Agent
  Level: Information
  Opcode: Download
  Keyword: Download,Started
  User: S-1-5-18
  User Name: NT AUTHORITY\SYSTEM
  Computer: DESKTOP-NGQE08I
  Description: 
Windows Update started downloading an update.

Event[612]:
  Log Name: System
  Source: Microsoft-Windows-Kernel-General
  Date: 2017-06-01T15:03:37.104
  Event ID: 16
  Task: N/A
  Level: Information
  Opcode: Info
  Keyword: N/A
  User: S-1-5-18
  User Name: NT AUTHORITY\SYSTEM
  Computer: DESKTOP-NGQE08I
  Description: 
The access history in hive \??\C:\ProgramData\Microsoft\Windows\AppRepository\Packages\Microsoft.BingNews_4.20.1102.0_x64__8wekyb3d8bbwe\ActivationStore.dat was cleared updating 0 keys and creating 0 modified pages.

Event[613]:
  Log Name: System
  Source: Microsoft-Windows-WindowsUpdateClient
  Date: 2017-06-01T15:03:40.271
  Event ID: 44
  Task: Windows Update Agent
  Level: Information
  Opcode: Download
  Keyword: Download,Started
  User: S-1-5-18
  User Name: NT AUTHORITY\SYSTEM
  Computer: DESKTOP-NGQE08I
  Description: 
Windows Update started downloading an update.

Event[614]:
  Log Name: System
  Source: Microsoft-Windows-Kernel-General
  Date: 2017-06-01T15:03:41.997
  Event ID: 16
  Task: N/A
  Level: Information
  Opcode: Info
  Keyword: N/A
  User: S-1-5-21-1441030301-2801777419-3013317047-1001
  User Name: DESKTOP-NGQE08I\organ
  Computer: DESKTOP-NGQE08I
  Description: 
The access history in hive \??\C:\Users\organ\AppData\Local\Packages\microsoft.bingnews_8wekyb3d8bbwe\Settings\settings.dat was cleared updating 3 keys and creating 1 modified pages.

Event[615]:
  Log Name: System
  Source: Microsoft-Windows-WindowsUpdateClient
  Date: 2017-06-01T15:03:42.342
  Event ID: 44
  Task: Windows Update Agent
  Level: Information
  Opcode: Download
  Keyword: Download,Started
  User: S-1-5-18
  User Name: NT AUTHORITY\SYSTEM
  Computer: DESKTOP-NGQE08I
  Description: 
Windows Update started downloading an update.

Event[616]:
  Log Name: System
  Source: Microsoft-Windows-WindowsUpdateClient
  Date: 2017-06-01T15:03:42.342
  Event ID: 43
  Task: Windows Update Agent
  Level: Information
  Opcode: Installation
  Keyword: Installation,Started
  User: S-1-5-18
  User Name: NT AUTHORITY\SYSTEM
  Computer: DESKTOP-NGQE08I
  Description: 
Installation Started: Windows has started installing the following update: MSN News

Event[617]:
  Log Name: System
  Source: Microsoft-Windows-WindowsUpdateClient
  Date: 2017-06-01T15:03:42.342
  Event ID: 19
  Task: Windows Update Agent
  Level: Information
  Opcode: Installation
  Keyword: Installation,Success
  User: S-1-5-18
  User Name: NT AUTHORITY\SYSTEM
  Computer: DESKTOP-NGQE08I
  Description: 
Installation Successful: Windows successfully installed the following update: MSN News

Event[618]:
  Log Name: System
  Source: Microsoft-Windows-Kernel-General
  Date: 2017-06-01T15:03:42.662
  Event ID: 16
  Task: N/A
  Level: Information
  Opcode: Info
  Keyword: N/A
  User: S-1-5-18
  User Name: NT AUTHORITY\SYSTEM
  Computer: DESKTOP-NGQE08I
  Description: 
The access history in hive \??\C:\ProgramData\Microsoft\Windows\AppRepository\Packages\Microsoft.Services.Store.Engagement_10.0.1610.0_x64__8wekyb3d8bbwe\ActivationStore.dat was cleared updating 0 keys and creating 0 modified pages.

Event[619]:
  Log Name: System
  Source: Microsoft-Windows-Kernel-General
  Date: 2017-06-01T15:03:44.084
  Event ID: 16
  Task: N/A
  Level: Information
  Opcode: Info
  Keyword: N/A
  User: S-1-5-18
  User Name: NT AUTHORITY\SYSTEM
  Computer: DESKTOP-NGQE08I
  Description: 
The access history in hive \??\C:\ProgramData\Microsoft\Windows\AppRepository\Packages\Microsoft.Services.Store.Engagement_10.0.1610.0_x86__8wekyb3d8bbwe\ActivationStore.dat was cleared updating 0 keys and creating 0 modified pages.

Event[620]:
  Log Name: System
  Source: Microsoft-Windows-Kernel-General
  Date: 2017-06-01T15:03:45.994
  Event ID: 16
  Task: N/A
  Level: Information
  Opcode: Info
  Keyword: N/A
  User: S-1-5-18
  User Name: NT AUTHORITY\SYSTEM
  Computer: DESKTOP-NGQE08I
  Description: 
The access history in hive \??\C:\ProgramData\Microsoft\Windows\AppRepository\Packages\Microsoft.Services.Store.Engagement_10.0.1610.0_x86__8wekyb3d8bbwe\ActivationStore.dat was cleared updating 0 keys and creating 0 modified pages.

Event[621]:
  Log Name: System
  Source: Microsoft-Windows-Kernel-General
  Date: 2017-06-01T15:03:46.981
  Event ID: 16
  Task: N/A
  Level: Information
  Opcode: Info
  Keyword: N/A
  User: S-1-5-18
  User Name: NT AUTHORITY\SYSTEM
  Computer: DESKTOP-NGQE08I
  Description: 
The access history in hive \??\C:\ProgramData\Microsoft\Windows\AppRepository\Packages\Microsoft.Services.Store.Engagement_10.0.1610.0_x86__8wekyb3d8bbwe\ActivationStore.dat was cleared updating 0 keys and creating 0 modified pages.

Event[622]:
  Log Name: System
  Source: Microsoft-Windows-WindowsUpdateClient
  Date: 2017-06-01T15:03:47.131
  Event ID: 44
  Task: Windows Update Agent
  Level: Information
  Opcode: Download
  Keyword: Download,Started
  User: S-1-5-18
  User Name: NT AUTHORITY\SYSTEM
  Computer: DESKTOP-NGQE08I
  Description: 
Windows Update started downloading an update.

Event[623]:
  Log Name: System
  Source: Microsoft-Windows-WindowsUpdateClient
  Date: 2017-06-01T15:03:48.269
  Event ID: 43
  Task: Windows Update Agent
  Level: Information
  Opcode: Installation
  Keyword: Installation,Started
  User: S-1-5-18
  User Name: NT AUTHORITY\SYSTEM
  Computer: DESKTOP-NGQE08I
  Description: 
Installation Started: Windows has started installing the following update: Microsoft .Net Native Framework Package 1.6

Event[624]:
  Log Name: System
  Source: Microsoft-Windows-WindowsUpdateClient
  Date: 2017-06-01T15:03:48.269
  Event ID: 19
  Task: Windows Update Agent
  Level: Information
  Opcode: Installation
  Keyword: Installation,Success
  User: S-1-5-18
  User Name: NT AUTHORITY\SYSTEM
  Computer: DESKTOP-NGQE08I
  Description: 
Installation Successful: Windows successfully installed the following update: Microsoft .Net Native Framework Package 1.6

Event[625]:
  Log Name: System
  Source: Microsoft-Windows-WindowsUpdateClient
  Date: 2017-06-01T15:03:49.365
  Event ID: 43
  Task: Windows Update Agent
  Level: Information
  Opcode: Installation
  Keyword: Installation,Started
  User: S-1-5-18
  User Name: NT AUTHORITY\SYSTEM
  Computer: DESKTOP-NGQE08I
  Description: 
Installation Started: Windows has started installing the following update: Microsoft .Net Native Runtime Package 1.6

Event[626]:
  Log Name: System
  Source: Microsoft-Windows-WindowsUpdateClient
  Date: 2017-06-01T15:03:49.365
  Event ID: 19
  Task: Windows Update Agent
  Level: Information
  Opcode: Installation
  Keyword: Installation,Success
  User: S-1-5-18
  User Name: NT AUTHORITY\SYSTEM
  Computer: DESKTOP-NGQE08I
  Description: 
Installation Successful: Windows successfully installed the following update: Microsoft .Net Native Runtime Package 1.6

Event[627]:
  Log Name: System
  Source: Microsoft-Windows-WindowsUpdateClient
  Date: 2017-06-01T15:03:49.365
  Event ID: 43
  Task: Windows Update Agent
  Level: Information
  Opcode: Installation
  Keyword: Installation,Started
  User: S-1-5-18
  User Name: NT AUTHORITY\SYSTEM
  Computer: DESKTOP-NGQE08I
  Description: 
Installation Started: Windows has started installing the following update: Microsoft Engagement Framework

Event[628]:
  Log Name: System
  Source: Microsoft-Windows-WindowsUpdateClient
  Date: 2017-06-01T15:03:49.365
  Event ID: 19
  Task: Windows Update Agent
  Level: Information
  Opcode: Installation
  Keyword: Installation,Success
  User: S-1-5-18
  User Name: NT AUTHORITY\SYSTEM
  Computer: DESKTOP-NGQE08I
  Description: 
Installation Successful: Windows successfully installed the following update: Microsoft Engagement Framework

Event[629]:
  Log Name: System
  Source: Microsoft-Windows-UserPnp
  Date: 2017-06-01T15:03:53.420
  Event ID: 20003
  Task: N/A
  Level: Information
  Opcode: Info
  Keyword: N/A
  User: S-1-5-18
  User Name: NT AUTHORITY\SYSTEM
  Computer: DESKTOP-NGQE08I
  Description: 
Driver Management has concluded the process to add Service nvlddmkm for Device Instance ID PCI\VEN_10DE&DEV_17C8&SUBSYS_115110DE&REV_A1\4&31024D2F&0&0018 with the following status: 0.

Event[630]:
  Log Name: System
  Source: Microsoft-Windows-WindowsUpdateClient
  Date: 2017-06-01T15:03:54.437
  Event ID: 43
  Task: Windows Update Agent
  Level: Information
  Opcode: Installation
  Keyword: Installation,Started
  User: S-1-5-18
  User Name: NT AUTHORITY\SYSTEM
  Computer: DESKTOP-NGQE08I
  Description: 
Installation Started: Windows has started installing the following update: Twitter

Event[631]:
  Log Name: System
  Source: Microsoft-Windows-WindowsUpdateClient
  Date: 2017-06-01T15:03:54.437
  Event ID: 19
  Task: Windows Update Agent
  Level: Information
  Opcode: Installation
  Keyword: Installation,Success
  User: S-1-5-18
  User Name: NT AUTHORITY\SYSTEM
  Computer: DESKTOP-NGQE08I
  Description: 
Installation Successful: Windows successfully installed the following update: Twitter

Event[632]:
  Log Name: System
  Source: Microsoft-Windows-UserPnp
  Date: 2017-06-01T15:03:54.513
  Event ID: 20001
  Task: N/A
  Level: Information
  Opcode: Info
  Keyword: N/A
  User: S-1-5-18
  User Name: NT AUTHORITY\SYSTEM
  Computer: DESKTOP-NGQE08I
  Description: 
Driver Management concluded the process to install driver nv_dispi.inf_amd64_a2b0acab06663645\nv_dispi.inf for Device Instance ID PCI\VEN_10DE&DEV_17C8&SUBSYS_115110DE&REV_A1\4&31024D2F&0&0018 with the following status: 0x0.

Event[633]:
  Log Name: System
  Source: Service Control Manager
  Date: 2017-06-01T15:03:57.390
  Event ID: 7045
  Task: N/A
  Level: Information
  Opcode: N/A
  Keyword: Classic
  User: S-1-5-21-1441030301-2801777419-3013317047-1001
  User Name: DESKTOP-NGQE08I\organ
  Computer: DESKTOP-NGQE08I
  Description: 
A service was installed in the system.

Service Name:  NVIDIA Display Container LS
Service File Name:  "C:\Program Files\NVIDIA Corporation\Display.NvContainer\NVDisplay.Container.exe" -s NVDisplay.ContainerLocalSystem -f "C:\ProgramData\NVIDIA\NVDisplay.ContainerLocalSystem.log" -l 3 -d "C:\Program Files\NVIDIA Corporation\Display.NvContainer\plugins\LocalSystem" -r -p 30000
Service Type:  user mode service
Service Start Type:  auto start
Service Account:  LocalSystem

Event[634]:
  Log Name: System
  Source: Service Control Manager
  Date: 2017-06-01T15:04:10.281
  Event ID: 7045
  Task: N/A
  Level: Information
  Opcode: N/A
  Keyword: Classic
  User: S-1-5-21-1441030301-2801777419-3013317047-1001
  User Name: DESKTOP-NGQE08I\organ
  Computer: DESKTOP-NGQE08I
  Description: 
A service was installed in the system.

Service Name:  NVIDIA Telemetry Container
Service File Name:  "C:\Program Files (x86)\NVIDIA Corporation\NvTelemetry\NvTelemetryContainer.exe" -s NvTelemetryContainer -f "C:\ProgramData\NVIDIA\NvTelemetryContainer.log" -l 3 -d "C:\Program Files (x86)\NVIDIA Corporation\NvTelemetry\plugin"
Service Type:  user mode service
Service Start Type:  auto start
Service Account:  NT AUTHORITY\NetworkService

Event[635]:
  Log Name: System
  Source: Microsoft-Windows-Kernel-General
  Date: 2017-06-01T15:04:11.750
  Event ID: 16
  Task: N/A
  Level: Information
  Opcode: Info
  Keyword: N/A
  User: S-1-5-18
  User Name: NT AUTHORITY\SYSTEM
  Computer: DESKTOP-NGQE08I
  Description: 
The access history in hive \??\C:\ProgramData\Microsoft\Windows\AppRepository\Packages\Facebook.Facebook_92.898.56919.0_x86__8xx8rvfyw5nnt\ActivationStore.dat was cleared updating 0 keys and creating 0 modified pages.

Event[636]:
  Log Name: System
  Source: Microsoft-Windows-WindowsUpdateClient
  Date: 2017-06-01T15:04:16.015
  Event ID: 43
  Task: Windows Update Agent
  Level: Information
  Opcode: Installation
  Keyword: Installation,Started
  User: S-1-5-18
  User Name: NT AUTHORITY\SYSTEM
  Computer: DESKTOP-NGQE08I
  Description: 
Installation Started: Windows has started installing the following update: Facebook

Event[637]:
  Log Name: System
  Source: Microsoft-Windows-WindowsUpdateClient
  Date: 2017-06-01T15:04:16.015
  Event ID: 19
  Task: Windows Update Agent
  Level: Information
  Opcode: Installation
  Keyword: Installation,Success
  User: S-1-5-18
  User Name: NT AUTHORITY\SYSTEM
  Computer: DESKTOP-NGQE08I
  Description: 
Installation Successful: Windows successfully installed the following update: Facebook

Event[638]:
  Log Name: System
  Source: Microsoft-Windows-Kernel-General
  Date: 2017-06-01T15:04:17.750
  Event ID: 16
  Task: N/A
  Level: Information
  Opcode: Info
  Keyword: N/A
  User: S-1-5-18
  User Name: NT AUTHORITY\SYSTEM
  Computer: DESKTOP-NGQE08I
  Description: 
The access history in hive \??\C:\ProgramData\Microsoft\Windows\AppRepository\Packages\ThumbmunkeysLtd.PhototasticCollage_2.0.74.0_x64__nfy108tqq3p12\ActivationStore.dat was cleared updating 0 keys and creating 0 modified pages.

Event[639]:
  Log Name: System
  Source: Microsoft-Windows-Kernel-General
  Date: 2017-06-01T15:04:20.971
  Event ID: 16
  Task: N/A
  Level: Information
  Opcode: Info
  Keyword: N/A
  User: S-1-5-18
  User Name: NT AUTHORITY\SYSTEM
  Computer: DESKTOP-NGQE08I
  Description: 
The access history in hive \??\C:\ProgramData\Microsoft\Windows\AppRepository\Packages\Microsoft.Advertising.Xaml_10.1705.4.0_x86__8wekyb3d8bbwe\ActivationStore.dat was cleared updating 0 keys and creating 0 modified pages.

Event[640]:
  Log Name: System
  Source: Microsoft-Windows-WindowsUpdateClient
  Date: 2017-06-01T15:04:22.921
  Event ID: 44
  Task: Windows Update Agent
  Level: Information
  Opcode: Download
  Keyword: Download,Started
  User: S-1-5-18
  User Name: NT AUTHORITY\SYSTEM
  Computer: DESKTOP-NGQE08I
  Description: 
Windows Update started downloading an update.

Event[641]:
  Log Name: System
  Source: Microsoft-Windows-Kernel-General
  Date: 2017-06-01T15:04:23.489
  Event ID: 16
  Task: N/A
  Level: Information
  Opcode: Info
  Keyword: N/A
  User: S-1-5-18
  User Name: NT AUTHORITY\SYSTEM
  Computer: DESKTOP-NGQE08I
  Description: 
The access history in hive \??\C:\ProgramData\Microsoft\Windows\AppRepository\Packages\Microsoft.Advertising.Xaml_10.1705.4.0_x64__8wekyb3d8bbwe\ActivationStore.dat was cleared updating 0 keys and creating 0 modified pages.

Event[642]:
  Log Name: System
  Source: Microsoft-Windows-WindowsUpdateClient
  Date: 2017-06-01T15:04:24.889
  Event ID: 43
  Task: Windows Update Agent
  Level: Information
  Opcode: Installation
  Keyword: Installation,Started
  User: S-1-5-18
  User Name: NT AUTHORITY\SYSTEM
  Computer: DESKTOP-NGQE08I
  Description: 
Installation Started: Windows has started installing the following update: Microsoft Advertising SDK for XAML

Event[643]:
  Log Name: System
  Source: Microsoft-Windows-WindowsUpdateClient
  Date: 2017-06-01T15:04:24.889
  Event ID: 19
  Task: Windows Update Agent
  Level: Information
  Opcode: Installation
  Keyword: Installation,Success
  User: S-1-5-18
  User Name: NT AUTHORITY\SYSTEM
  Computer: DESKTOP-NGQE08I
  Description: 
Installation Successful: Windows successfully installed the following update: Microsoft Advertising SDK for XAML

Event[644]:
